# Start 371435072261 Duration 20000000 Stop 371455072261
# Core 0 LOG DUMP ==================================================
0 0 1234000000000001
# DCB 0 ffffff000713aa00 fish
# DCB 0 ffffff000445aa00 pixels
# DCB 0 ffffff000445a400 serial
# DCB 0 ffffff000445a200 pci
# DCB 0 ffffff000445a000 skb
# DCB 0 ffffff0001b2c000 chips
# DCB 0 ffffff0001e06000 mem_serv
# DCB 0 ffffff0001e06200 monitor
0 8359 ffffcccc0713aa00
0 9502 ea00007775803525
0 10764 bbbb
0 19679 bfbf000700000000
0 20840 bfbf000800000000
0 21236 ffffcccc01e06200
0 24032 b000000700000000
0 25571 b000000700000000
0 31964 bbbb
0 67372 b000bbbb00000014
0 516205 aaaa
0 516640 b000000800000000
0 517507 ffffcccc0713aa00
0 520819 aaaa
0 521464 eb00007775003525
0 522577 ea0000776f803787
0 523130 ea00007771802411
0 523588 ea0000777380306c
0 524012 ea00007775803526
0 524938 ea00007777803304
0 526347 bbbb
0 535720 bfbf000700000000
0 536875 bfbf000800000000
0 537508 ffffcccc01e06200
0 546422 b000000700000000
0 547320 b000000700000000
0 549871 bbbb
0 1030381 aaaa
0 1030804 b000000800000000
0 1032203 ffffcccc0713aa00
0 1034707 aaaa
0 1035400 eb0000777300306c
0 1036359 eb00007771002411
0 1036816 eb0000776f003787
0 1038452 eb00007777003304
0 1039182 eb00007775003526
0 1039905 ea0000776f803788
0 1040739 ea00007771802412
0 1041405 ea0000777380306d
0 1042552 ea00007775803527
0 1043683 ea00007777803305
0 1044624 ea00007779801475
0 1045534 bbbb
0 1054867 bfbf000700000000
0 1055988 bfbf000800000000
0 1056397 ffffcccc01e06200
0 1059271 b000000700000000
0 1060969 b000000700000000
0 1066929 bbbb
0 1102016 b000bbbb00000014
0 1549360 aaaa
0 1549807 b000000800000000
0 1550905 ffffcccc0713aa00
0 1553582 aaaa
0 1554232 eb0000777300306d
0 1555777 eb00007771002412
0 1556524 eb0000776f003788
0 1558400 eb00007779001475
0 1559020 eb00007777003305
0 1559624 eb00007775003527
0 1560540 ea00007775803528
0 1561087 ea00007779801476
0 1561909 bbbb
0 1570626 bfbf000700000000
0 1571733 bfbf000800000000
0 1572115 ffffcccc01e06200
0 1575135 b000000700000000
0 1576795 b000000700000000
0 1582746 bbbb
0 1617508 b000bbbb00000014
0 2067634 aaaa
0 2068013 b000000800000000
0 2068598 ffffcccc0713aa00
0 2071795 aaaa
0 2072423 eb00007779001476
0 2073594 eb00007775003528
0 2074347 ea00007775803529
0 2075250 ea00007779801477
0 2076154 bbbb
0 2085125 bfbf000700000000
0 2086267 bfbf000800000000
0 2086651 ffffcccc01e06200
0 2089525 b000000700000000
0 2090806 b000000700000000
0 2097133 bbbb
0 2133149 b000bbbb00000014
0 2581942 aaaa
0 2582341 b000000800000000
0 2582958 ffffcccc0713aa00
0 2586717 aaaa
0 2587324 eb00007779001477
0 2588535 eb00007775003529
0 4089935 ea0000776f803789
0 4090471 ea0000777580352a
0 4091385 bbbb
0 4100155 bfbf000700000000
0 4101280 bfbf000800000000
0 4101664 ffffcccc01e06200
0 4104481 b000000700000000
0 4105680 b000000700000000
0 4111967 bbbb
0 4147340 b000bbbb00000014
0 4597690 aaaa
0 4598798 b000000800000000
0 4599933 ffffcccc0713aa00
0 4601898 aaaa
0 4602543 eb0000776f003789
0 4604941 eb0000777500352a
0 4605968 ea0000776f80378a
0 4606374 ea00007771802413
0 4606898 ea0000777380306e
0 4607642 ea0000777580352b
0 4608504 ea00007779801478
0 4609861 bbbb
0 4618723 bfbf000700000000
0 4619875 bfbf000800000000
0 4620259 ffffcccc01e06200
0 4628880 b000000700000000
0 4630217 b000000700000000
0 4632606 bbbb
0 4668435 b000bbbb00000014
0 5113357 aaaa
0 5113795 b000000800000000
0 5114992 ffffcccc0713aa00
0 5117765 aaaa
0 5118385 eb0000777300306e
0 5119477 eb00007771002413
0 5120086 eb0000776f00378a
0 5121999 eb00007779001478
0 5122760 eb0000777500352b
0 5123530 ea0000776f80378b
0 5124072 ea00007771802414
0 5124456 ea0000777380306f
0 5125532 ea0000777580352c
0 5126089 ea00007779801479
0 5127579 bbbb
0 5136450 bfbf000700000000
0 5137566 bfbf000800000000
0 5137958 ffffcccc01e06200
0 5141252 b000000700000000
0 5142747 b000000700000000
0 5148748 bbbb
0 5183663 b000bbbb00000014
0 5631928 aaaa
0 5632614 b000000800000000
0 5633970 ffffcccc0713aa00
0 5636255 aaaa
0 5637349 eb0000777300306f
0 5637997 eb00007771002414
0 5639046 eb0000776f00378b
0 5640995 eb00007779001479
0 5641745 eb0000777500352c
0 5642197 ea0000776f80378c
0 5643027 bbbb
0 5651631 bfbf000700000000
0 5652772 bfbf000800000000
0 5653156 ffffcccc01e06200
0 5656066 b000000700000000
0 5657632 b000000700000000
0 5663874 bbbb
0 5699324 b000bbbb00000014
0 6147983 aaaa
0 6148388 b000000800000000
0 6149280 ffffcccc0713aa00
0 6151250 aaaa
0 6151875 eb0000776f00378c
0 7653337 ea0000776f80378d
0 7653937 ea0000777580352d
0 7655823 bbbb
0 7664455 bfbf000700000000
0 7665600 bfbf000800000000
0 7666159 ffffcccc01e06200
0 7675122 b000000700000000
0 7675957 b000000700000000
0 7678614 bbbb
0 8159658 aaaa
0 8160070 b000000800000000
0 8160963 ffffcccc0713aa00
0 8164386 aaaa
0 8165016 eb0000777500352d
0 8165819 eb0000776f00378d
0 8166559 ea0000776f80378e
0 8167074 ea00007773803070
0 8167575 ea0000777580352e
0 8168177 ea00007777803306
0 8169573 bbbb
0 8178210 bfbf000700000000
0 8179366 bfbf000800000000
0 8179749 ffffcccc01e06200
0 8188526 b000000700000000
0 8189385 b000000700000000
0 8192281 bbbb
0 8228054 b000bbbb00000014
0 8673922 aaaa
0 8674418 b000000800000000
0 8675313 ffffcccc0713aa00
0 8679001 aaaa
0 8679633 eb00007777003306
0 8680271 eb0000777500352e
0 8681415 eb00007773003070
0 8682279 eb0000776f00378e
0 8683481 ea0000776f80378f
0 8684046 ea00007773803071
0 8684734 ea00007777803307
0 8685939 bbbb
0 8694754 bfbf000700000000
0 8695879 bfbf000800000000
0 8696524 ffffcccc01e06200
0 8699472 b000000700000000
0 8700661 b000000700000000
0 8706710 bbbb
0 8741994 b000bbbb00000014
0 9191029 aaaa
0 9191421 b000000800000000
0 9192297 ffffcccc0713aa00
0 9195588 aaaa
0 9196218 eb00007777003307
0 9197273 eb00007773003071
0 9198231 eb0000776f00378f
0 9199064 ea0000776f803790
0 9199625 ea00007773803072
0 9200012 ea00007777803308
0 9201233 bbbb
0 9210316 bfbf000700000000
0 9211453 bfbf000800000000
0 9211837 ffffcccc01e06200
0 9214716 b000000700000000
0 9216154 b000000700000000
0 9222501 bbbb
0 9257621 b000bbbb00000014
0 9705647 aaaa
0 9706278 b000000800000000
0 9707441 ffffcccc0713aa00
0 9710708 aaaa
0 9711373 eb00007777003308
0 9712453 eb00007773003072
0 9713297 eb0000776f003790
0 9714161 ea0000776f803791
0 9715341 ea00007771802415
0 9715763 ea00007773803073
0 9716617 ea00007777803309
0 9717913 bbbb
0 9727110 bfbf000700000000
0 9728582 bfbf000800000000
0 9728969 ffffcccc01e06200
0 9731829 b000000700000000
0 9733079 b000000700000000
0 9739603 bbbb
0 9774445 b000bbbb00000014
0 10222359 aaaa
0 10222764 b000000800000000
0 10223922 ffffcccc0713aa00
0 10227458 aaaa
0 10228195 eb00007777003309
0 10229317 eb00007773003073
0 10230772 eb00007771002415
0 10231480 eb0000776f003791
0 10232293 ea00007771802416
0 10232759 ea0000777780330a
0 10233580 bbbb
0 10242632 bfbf000700000000
0 10243769 bfbf000800000000
0 10244153 ffffcccc01e06200
0 10247301 b000000700000000
0 10248555 b000000700000000
0 10254973 bbbb
0 10289516 b000bbbb00000014
0 10739972 aaaa
0 10740345 b000000800000000
0 10741594 ffffcccc0713aa00
0 10744749 aaaa
0 10745976 eb0000777700330a
0 10747168 eb00007771002416
0 11748341 ea0000776f803792
0 11749150 ea00007771802417
0 11749579 ea00007773803074
0 11749966 ea0000777580352f
0 11751367 ea0000777780330b
0 11752482 ea0000777980147a
0 11753814 bbbb
0 11762808 bfbf000700000000
0 11763949 bfbf000800000000
0 11764335 ffffcccc01e06200
0 11767426 b000000700000000
0 11768736 b000000700000000
0 11775087 bbbb
0 11810322 b000bbbb00000014
0 12256464 aaaa
0 12256857 b000000800000000
0 12258119 ffffcccc0713aa00
0 12260639 aaaa
0 12261670 eb0000776f003792
0 12264115 eb0000777900147a
0 12265039 eb0000777700330b
0 12265328 eb0000777500352f
0 12266302 eb00007773003074
0 12266818 eb00007771002417
0 12267520 ea0000776f803793
0 12268678 ea00007771802418
0 12269100 ea00007773803075
0 12270100 ea00007775803530
0 12271270 ea0000777780330c
0 12271744 ea0000777980147b
0 12272629 bbbb
0 12281716 bfbf000700000000
0 12282845 bfbf000800000000
0 12283229 ffffcccc01e06200
0 12286324 b000000700000000
0 12287615 b000000700000000
0 12293994 bbbb
0 12329460 b000bbbb00000014
0 12776409 aaaa
0 12776949 b000000800000000
0 12778570 ffffcccc0713aa00
0 12781176 aaaa
0 12782211 eb0000776f003793
0 12784234 eb0000777900147b
0 12784825 eb0000777700330c
0 12785809 eb00007775003530
0 12786607 eb00007773003075
0 12787165 eb00007771002418
0 12787914 ea00007775803531
0 12788761 bbbb
0 12797817 bfbf000700000000
0 12798957 bfbf000800000000
0 12799339 ffffcccc01e06200
0 12802171 b000000700000000
0 12803963 b000000700000000
0 12809811 bbbb
0 12844298 b000bbbb00000014
0 13294638 aaaa
0 13295027 b000000800000000
0 13295619 ffffcccc0713aa00
0 13298766 aaaa
0 13299440 eb00007775003531
0 13300493 ea00007775803532
0 13301573 bbbb
0 13310321 bfbf000700000000
0 13311462 bfbf000800000000
0 13312102 ffffcccc01e06200
0 13320875 b000000700000000
0 13321778 b000000700000000
0 13324288 bbbb
0 13807104 aaaa
0 13807485 b000000800000000
0 13808088 ffffcccc0713aa00
0 13811587 aaaa
0 13812534 eb00007775003532
0 13813599 ea0000776f803794
0 13814149 ea00007771802419
0 13814552 ea00007773803076
0 13815121 ea00007775803533
0 13816449 bbbb
0 13825264 bfbf000700000000
0 13826403 bfbf000800000000
0 13827043 ffffcccc01e06200
0 13835828 b000000700000000
0 13836768 b000000700000000
0 13839298 bbbb
0 14319976 aaaa
0 14320499 b000000800000000
0 14321965 ffffcccc0713aa00
0 14324513 aaaa
0 14325476 eb00007773003076
0 14326129 eb00007771002419
0 14326432 eb0000776f003794
0 14328355 eb00007775003533
0 14329686 ea0000776f803795
0 14330530 ea0000777180241a
0 14330926 ea00007773803077
0 14332327 bbbb
0 14341401 bfbf000700000000
0 14342528 bfbf000800000000
0 14342910 ffffcccc01e06200
0 14345829 b000000700000000
0 14347651 b000000700000000
0 14353620 bbbb
0 14389011 b000bbbb00000014
0 14836163 aaaa
0 14837303 b000000800000000
0 14838242 ffffcccc0713aa00
0 14840406 aaaa
0 14841055 eb00007773003077
0 14841957 eb0000777100241a
0 14842262 eb0000776f003795
0 19844940 ea0000776d80012f
0 19845721 ea0000776f803796
0 19846425 ea0000777180241b
0 19847250 ea00007773803078
0 19847736 ea00007775803534
0 19848544 ea0000777780330d
0 19850638 bbbb
0 19859541 bfbf000700000000
0 19860664 bfbf000800000000
0 19861054 ffffcccc01e06200
0 19864190 b000000700000000
0 19865441 b000000700000000
0 19871687 bbbb
0 19906738 b000bbbb00000014
0 20134730 ffff0001000031a4
# Core 1 LOG DUMP ==================================================
# DCB 1 ffffff000445ac00 pixels
# DCB 1 ffffff0001b2c200 monitor
1 2506 ffffcccc01b2c200
1 1082370 ffff00010000317e
# Core 2 LOG DUMP ==================================================
# DCB 2 ffffff000445ae00 pixels
# DCB 2 ffffff0001b2c400 monitor
2 3566 ffffcccc01b2c400
2 19140543 ffff000100003156
2 19846122 aaaa
2 19846319 b000000800000000
2 19846935 ffffcccc0445ae00
2 19848991 aaaa
2 19850112 eb0000776d80012f
# Core 3 LOG DUMP ==================================================
# DCB 3 ffffff0006a5c000 pixels
# DCB 3 ffffff0001b2c600 monitor
3 3281 ffffcccc01b2c600
3 523813 aaaa
3 524722 b000000800000000
3 525321 ffffcccc06a5c000
3 527647 aaaa
3 528266 eb0000776f803787
3 1028982 ea0000776f003787
3 1029452 bbbb
3 1030222 bfbf000700000000
3 1031410 bfbf000800000000
3 1032653 ffffcccc01b2c600
3 1036930 b000000700000000
3 1038098 bbbb
3 1041088 aaaa
3 1041818 b000000800000000
3 1042957 ffffcccc06a5c000
3 1045189 aaaa
3 1046048 eb0000776f803788
3 1547172 ea0000776f003788
3 1547644 bbbb
3 1548363 bfbf000700000000
3 1549564 bfbf000800000000
3 1550457 ffffcccc01b2c600
3 1554836 b000000700000000
3 1556170 bbbb
3 4090957 aaaa
3 4091472 b000000800000000
3 4092297 ffffcccc06a5c000
3 4094024 aaaa
3 4094419 eb0000776f803789
3 4595187 ea0000776f003789
3 4595684 bbbb
3 4596417 bfbf000700000000
3 4597570 bfbf000800000000
3 4598652 ffffcccc01b2c600
3 4602425 b000000700000000
3 4603809 bbbb
3 4606720 aaaa
3 4607381 b000000800000000
3 4608033 ffffcccc06a5c000
3 4609933 aaaa
3 4610742 eb0000776f80378a
3 5111498 ea0000776f00378a
3 5112007 bbbb
3 5112735 bfbf000700000000
3 5113932 bfbf000800000000
3 5114857 ffffcccc01b2c600
3 5118486 b000000700000000
3 5120010 bbbb
3 5124386 aaaa
3 5124762 b000000800000000
3 5125659 ffffcccc06a5c000
3 5127756 aaaa
3 5128944 eb0000776f80378b
3 5629686 ea0000776f00378b
3 5630182 bbbb
3 5630900 bfbf000700000000
3 5632042 bfbf000800000000
3 5632911 ffffcccc01b2c600
3 5636414 b000000700000000
3 5637830 bbbb
3 5642946 aaaa
3 5643561 b000000800000000
3 5644204 ffffcccc06a5c000
3 5645937 aaaa
3 5646332 eb0000776f80378c
3 6147067 ea0000776f00378c
3 6147578 bbbb
3 6148302 bfbf000700000000
3 6149561 bfbf000800000000
3 6150222 ffffcccc01b2c600
3 6153808 b000000700000000
3 6155192 bbbb
3 7654587 aaaa
3 7654952 b000000800000000
3 7655559 ffffcccc06a5c000
3 7657313 aaaa
3 7657863 eb0000776f80378d
3 8158645 ea0000776f00378d
3 8159145 bbbb
3 8159899 bfbf000700000000
3 8161204 bfbf000800000000
3 8161866 ffffcccc01b2c600
3 8165431 b000000700000000
3 8166819 bbbb
3 8167624 aaaa
3 8168142 b000000800000000
3 8168797 ffffcccc06a5c000
3 8171043 aaaa
3 8171613 eb0000776f80378e
3 8672298 ea0000776f00378e
3 8672872 bbbb
3 8673599 bfbf000700000000
3 8674778 bfbf000800000000
3 8675689 ffffcccc01b2c600
3 8679704 b000000700000000
3 8681046 bbbb
3 8684348 aaaa
3 8684744 b000000800000000
3 8685673 ffffcccc06a5c000
3 8687417 aaaa
3 8687962 eb0000776f80378f
3 9188712 ea0000776f00378f
3 9189216 bbbb
3 9189933 bfbf000700000000
3 9191072 bfbf000800000000
3 9191790 ffffcccc01b2c600
3 9195683 b000000700000000
3 9197228 bbbb
3 9199955 aaaa
3 9200599 b000000800000000
3 9201249 ffffcccc06a5c000
3 9203006 aaaa
3 9203544 eb0000776f803790
3 9704263 ea0000776f003790
3 9705087 bbbb
3 9705804 bfbf000700000000
3 9706935 bfbf000800000000
3 9707708 ffffcccc01b2c600
3 9711498 b000000700000000
3 9712846 bbbb
3 9715690 aaaa
3 9716298 b000000800000000
3 9716946 ffffcccc06a5c000
3 9718899 aaaa
3 9719467 eb0000776f803791
3 10220195 ea0000776f003791
3 10220697 bbbb
3 10221414 bfbf000700000000
3 10222573 bfbf000800000000
3 10223323 ffffcccc01b2c600
3 10227278 b000000700000000
3 10228601 bbbb
3 11749731 aaaa
3 11750380 b000000800000000
3 11751027 ffffcccc06a5c000
3 11753329 aaaa
3 11753931 eb0000776f803792
3 12255720 ea0000776f003792
3 12256250 bbbb
3 12256983 bfbf000700000000
3 12258340 bfbf000800000000
3 12259167 ffffcccc01b2c600
3 12262875 b000000700000000
3 12264273 bbbb
3 12269084 aaaa
3 12269697 b000000800000000
3 12270366 ffffcccc06a5c000
3 12272269 aaaa
3 12272787 eb0000776f803793
3 12774342 ea0000776f003793
3 12774852 bbbb
3 12775569 bfbf000700000000
3 12776719 bfbf000800000000
3 12777374 ffffcccc01b2c600
3 12781001 b000000700000000
3 12782340 bbbb
3 13814462 aaaa
3 13815078 b000000800000000
3 13815750 ffffcccc06a5c000
3 13817805 aaaa
3 13818375 eb0000776f803794
3 14319065 ea0000776f003794
3 14319652 bbbb
3 14320384 bfbf000700000000
3 14321675 bfbf000800000000
3 14322560 ffffcccc01b2c600
3 14326610 b000000700000000
3 14327968 bbbb
3 14330905 aaaa
3 14331559 b000000800000000
3 14332204 ffffcccc06a5c000
3 14333958 aaaa
3 14334509 eb0000776f803795
3 14835247 ea0000776f003795
3 14835811 bbbb
3 14836537 bfbf000700000000
3 14837934 bfbf000800000000
3 14838586 ffffcccc01b2c600
3 14842215 b000000700000000
3 14843598 bbbb
3 14867410 ffff00010000312e
3 19846822 aaaa
3 19847011 b000000800000000
3 19847637 ffffcccc06a5c000
3 19849476 aaaa
3 19850096 eb0000776f803796
# Core 4 LOG DUMP ==================================================
# DCB 4 ffffff0006a5c200 pixels
# DCB 4 ffffff0001b2c800 monitor
4 4577 ffffcccc01b2c800
4 524030 aaaa
4 524887 b000000800000000
4 525477 ffffcccc06a5c200
4 528145 aaaa
4 528818 eb00007771802411
4 1029510 ea00007771002411
4 1029987 bbbb
4 1030748 bfbf000700000000
4 1032508 bfbf000800000000
4 1033492 ffffcccc01b2c800
4 1037056 b000000700000000
4 1038308 bbbb
4 1041878 aaaa
4 1042614 b000000800000000
4 1043506 ffffcccc06a5c200
4 1045679 aaaa
4 1046765 eb00007771802412
4 1547503 ea00007771002412
4 1547975 bbbb
4 1548693 bfbf000700000000
4 1549891 bfbf000800000000
4 1551379 ffffcccc01b2c800
4 1555063 b000000700000000
4 1556694 bbbb
4 4607428 aaaa
4 4608025 b000000800000000
4 4609158 ffffcccc06a5c200
4 4611335 aaaa
4 4611967 eb00007771802413
4 5112736 ea00007771002413
4 5113308 bbbb
4 5114045 bfbf000700000000
4 5115922 bfbf000800000000
4 5116585 ffffcccc01b2c800
4 5120141 b000000700000000
4 5121685 bbbb
4 5125324 aaaa
4 5125835 b000000800000000
4 5127041 ffffcccc06a5c200
4 5129185 aaaa
4 5129802 eb00007771802414
4 5630587 ea00007771002414
4 5631145 bbbb
4 5631864 bfbf000700000000
4 5633047 bfbf000800000000
4 5633860 ffffcccc01b2c800
4 5637485 b000000700000000
4 5638855 bbbb
4 9716477 aaaa
4 9716881 b000000800000000
4 9717873 ffffcccc06a5c200
4 9719632 aaaa
4 9720250 eb00007771802415
4 10221005 ea00007771002415
4 10221570 bbbb
4 10222306 bfbf000700000000
4 10223431 bfbf000800000000
4 10224271 ffffcccc01b2c800
4 10227802 b000000700000000
4 10229234 bbbb
4 10233153 aaaa
4 10233748 b000000800000000
4 10234413 ffffcccc06a5c200
4 10236424 aaaa
4 10236822 eb00007771802416
4 10737558 ea00007771002416
4 10738135 bbbb
4 10738852 bfbf000700000000
4 10740030 bfbf000800000000
4 10740723 ffffcccc01b2c800
4 10744330 b000000700000000
4 10745678 bbbb
4 10895778 ffff000100003106
4 11750166 aaaa
4 11750728 b000000800000000
4 11751602 ffffcccc06a5c200
4 11753371 aaaa
4 11754138 eb00007771802417
4 12254850 ea00007771002417
4 12255415 bbbb
4 12256178 bfbf000700000000
4 12257671 bfbf000800000000
4 12258515 ffffcccc01b2c800
4 12262871 b000000700000000
4 12264417 bbbb
4 12269623 aaaa
4 12269974 b000000800000000
4 12270631 ffffcccc06a5c200
4 12272992 aaaa
4 12274475 eb00007771802418
4 12774993 ea00007771002418
4 12775572 bbbb
4 12776292 bfbf000700000000
4 12777793 bfbf000800000000
4 12778726 ffffcccc01b2c800
4 12782401 b000000700000000
4 12783944 bbbb
4 13815178 aaaa
4 13815769 b000000800000000
4 13816404 ffffcccc06a5c200
4 13818162 aaaa
4 13818799 eb00007771802419
4 14319303 ea00007771002419
4 14319889 bbbb
4 14320622 bfbf000700000000
4 14322921 bfbf000800000000
4 14323540 ffffcccc01b2c800
4 14327104 b000000700000000
4 14328513 bbbb
4 14331426 aaaa
4 14331863 b000000800000000
4 14332527 ffffcccc06a5c200
4 14334264 aaaa
4 14334879 eb0000777180241a
4 14835368 ea0000777100241a
4 14836001 bbbb
4 14836727 bfbf000700000000
4 14838714 bfbf000800000000
4 14839362 ffffcccc01b2c800
4 14842962 b000000700000000
4 14844330 bbbb
4 19848013 aaaa
4 19848363 b000000800000000
4 19848961 ffffcccc06a5c200
4 19850995 aaaa
4 19851755 eb0000777180241b
# Core 5 LOG DUMP ==================================================
# DCB 5 ffffff0006a5c400 pixels
# DCB 5 ffffff0001b2ca00 monitor
5 4214 ffffcccc01b2ca00
5 524988 aaaa
5 526573 b000000800000000
5 527198 ffffcccc06a5c400
5 529504 aaaa
5 529879 eb0000777380306c
5 1030629 ea0000777300306c
5 1031115 bbbb
5 1031852 bfbf000700000000
5 1033692 bfbf000800000000
5 1034458 ffffcccc01b2ca00
5 1038087 b000000700000000
5 1039421 bbbb
5 1042939 aaaa
5 1044023 b000000800000000
5 1044915 ffffcccc06a5c400
5 1046875 aaaa
5 1047688 eb0000777380306d
5 1548427 ea0000777300306d
5 1548914 bbbb
5 1549614 bfbf000700000000
5 1551151 bfbf000800000000
5 1552416 ffffcccc01b2ca00
5 1555889 b000000700000000
5 1557073 bbbb
5 4608112 aaaa
5 4608786 b000000800000000
5 4609627 ffffcccc06a5c400
5 4611373 aaaa
5 4612225 eb0000777380306e
5 5112957 ea0000777300306e
5 5113564 bbbb
5 5114539 bfbf000700000000
5 5116185 bfbf000800000000
5 5116836 ffffcccc01b2ca00
5 5120455 b000000700000000
5 5121969 bbbb
5 5125918 aaaa
5 5126628 b000000800000000
5 5127744 ffffcccc06a5c400
5 5129763 aaaa
5 5130144 eb0000777380306f
5 5630891 ea0000777300306f
5 5631418 bbbb
5 5632116 bfbf000700000000
5 5633226 bfbf000800000000
5 5634085 ffffcccc01b2ca00
5 5637600 b000000700000000
5 5639055 bbbb
5 7291890 ffff0001000030df
5 8168117 aaaa
5 8168432 b000000800000000
5 8169334 ffffcccc06a5c400
5 8171076 aaaa
5 8171862 eb00007773803070
5 8672344 ea00007773003070
5 8672862 bbbb
5 8673609 bfbf000700000000
5 8675111 bfbf000800000000
5 8675968 ffffcccc01b2ca00
5 8680206 b000000700000000
5 8681665 bbbb
5 8685139 aaaa
5 8685436 b000000800000000
5 8686087 ffffcccc06a5c400
5 8688317 aaaa
5 8688924 eb00007773803071
5 9189450 ea00007773003071
5 9189964 bbbb
5 9190665 bfbf000700000000
5 9192057 bfbf000800000000
5 9192700 ffffcccc01b2ca00
5 9196320 b000000700000000
5 9197798 bbbb
5 9200538 aaaa
5 9200872 b000000800000000
5 9201555 ffffcccc06a5c400
5 9203580 aaaa
5 9204179 eb00007773803072
5 9704693 ea00007773003072
5 9705225 bbbb
5 9705924 bfbf000700000000
5 9707680 bfbf000800000000
5 9708439 ffffcccc01b2ca00
5 9712022 b000000700000000
5 9713354 bbbb
5 9717007 aaaa
5 9717736 b000000800000000
5 9718412 ffffcccc06a5c400
5 9720551 aaaa
5 9721129 eb00007773803073
5 10221601 ea00007773003073
5 10222121 bbbb
5 10222894 bfbf000700000000
5 10224599 bfbf000800000000
5 10225165 ffffcccc01b2ca00
5 10228648 b000000700000000
5 10230042 bbbb
5 11750852 aaaa
5 11751392 b000000800000000
5 11751986 ffffcccc06a5c400
5 11754038 aaaa
5 11754904 eb00007773803074
5 12255387 ea00007773003074
5 12255898 bbbb
5 12256609 bfbf000700000000
5 12258814 bfbf000800000000
5 12260148 ffffcccc01b2ca00
5 12263756 b000000700000000
5 12265185 bbbb
5 12270495 aaaa
5 12271070 b000000800000000
5 12271745 ffffcccc06a5c400
5 12273658 aaaa
5 12274706 eb00007773803075
5 12775183 ea00007773003075
5 12775692 bbbb
5 12776398 bfbf000700000000
5 12778292 bfbf000800000000
5 12778962 ffffcccc01b2ca00
5 12782500 b000000700000000
5 12784062 bbbb
5 13815517 aaaa
5 13815940 b000000800000000
5 13816539 ffffcccc06a5c400
5 13818804 aaaa
5 13819378 eb00007773803076
5 14319877 ea00007773003076
5 14320388 bbbb
5 14321536 bfbf000700000000
5 14323181 bfbf000800000000
5 14323783 ffffcccc01b2ca00
5 14327399 b000000700000000
5 14328760 bbbb
5 14332312 aaaa
5 14332603 b000000800000000
5 14333566 ffffcccc06a5c400
5 14335353 aaaa
5 14335932 eb00007773803077
5 14836401 ea00007773003077
5 14836910 bbbb
5 14837611 bfbf000700000000
5 14839026 bfbf000800000000
5 14839607 ffffcccc01b2ca00
5 14843106 b000000700000000
5 14844627 bbbb
5 19848624 aaaa
5 19849045 b000000800000000
5 19849701 ffffcccc06a5c400
5 19851435 aaaa
5 19852026 eb00007773803078
# Core 6 LOG DUMP ==================================================
# DCB 6 ffffff0006a5c600 pixels
# DCB 6 ffffff0001b2cc00 monitor
6 3836 ffffcccc01b2cc00
6 11145 aaaa
6 11756 b000000800000000
6 12342 ffffcccc06a5c600
6 14134 aaaa
6 14523 eb00007775803525
6 515225 ea00007775003525
6 515701 bbbb
6 516459 bfbf000700000000
6 517834 bfbf000800000000
6 518735 ffffcccc01b2cc00
6 522258 b000000700000000
6 523524 bbbb
6 525333 aaaa
6 526415 b000000800000000
6 527103 ffffcccc06a5c600
6 529101 aaaa
6 529481 eb00007775803526
6 1030189 ea00007775003526
6 1030683 bbbb
6 1031797 bfbf000700000000
6 1033434 bfbf000800000000
6 1034386 ffffcccc01b2cc00
6 1037979 b000000700000000
6 1039196 bbbb
6 1044192 aaaa
6 1044900 b000000800000000
6 1045949 ffffcccc06a5c600
6 1048695 aaaa
6 1049116 eb00007775803527
6 1549888 ea00007775003527
6 1550881 bbbb
6 1551598 bfbf000700000000
6 1553420 bfbf000800000000
6 1554399 ffffcccc01b2cc00
6 1557889 b000000700000000
6 1559278 bbbb
6 1561453 aaaa
6 1561963 b000000800000000
6 1563126 ffffcccc06a5c600
6 1564879 aaaa
6 1565280 eb00007775803528
6 2066052 ea00007775003528
6 2066623 bbbb
6 2067346 bfbf000700000000
6 2068529 bfbf000800000000
6 2069184 ffffcccc01b2cc00
6 2072683 b000000700000000
6 2074134 bbbb
6 2075640 aaaa
6 2076196 b000000800000000
6 2076872 ffffcccc06a5c600
6 2079048 aaaa
6 2079450 eb00007775803529
6 2580172 ea00007775003529
6 2580754 bbbb
6 2581479 bfbf000700000000
6 2582620 bfbf000800000000
6 2583302 ffffcccc01b2cc00
6 2586766 b000000700000000
6 2588265 bbbb
6 4091637 aaaa
6 4092429 b000000800000000
6 4093027 ffffcccc06a5c600
6 4094753 aaaa
6 4095153 eb0000777580352a
6 4096185 ffff0001000030b6
6 4597236 ea0000777500352a
6 4597812 bbbb
6 4598835 bfbf000700000000
6 4600516 bfbf000800000000
6 4601142 ffffcccc01b2cc00
6 4604792 b000000700000000
6 4606117 bbbb
6 4609071 aaaa
6 4609406 b000000800000000
6 4610074 ffffcccc06a5c600
6 4612069 aaaa
6 4612648 eb0000777580352b
6 5113130 ea0000777500352b
6 5113757 bbbb
6 5114773 bfbf000700000000
6 5116871 bfbf000800000000
6 5117496 ffffcccc01b2cc00
6 5120953 b000000700000000
6 5122372 bbbb
6 5126373 aaaa
6 5126996 b000000800000000
6 5127658 ffffcccc06a5c600
6 5130211 aaaa
6 5130832 eb0000777580352c
6 5631313 ea0000777500352c
6 5631892 bbbb
6 5632609 bfbf000700000000
6 5634273 bfbf000800000000
6 5634889 ffffcccc01b2cc00
6 5638393 b000000700000000
6 5639739 bbbb
6 7655079 aaaa
6 7655412 b000000800000000
6 7656012 ffffcccc06a5c600
6 7658010 aaaa
6 7658587 eb0000777580352d
6 8159076 ea0000777500352d
6 8159664 bbbb
6 8160394 bfbf000700000000
6 8161956 bfbf000800000000
6 8162584 ffffcccc01b2cc00
6 8166074 b000000700000000
6 8167401 bbbb
6 8168585 aaaa
6 8169122 b000000800000000
6 8169787 ffffcccc06a5c600
6 8171763 aaaa
6 8172343 eb0000777580352e
6 8672853 ea0000777500352e
6 8673433 bbbb
6 8674160 bfbf000700000000
6 8676065 bfbf000800000000
6 8677159 ffffcccc01b2cc00
6 8680700 b000000700000000
6 8682233 bbbb
6 11751853 aaaa
6 11752212 b000000800000000
6 11752818 ffffcccc06a5c600
6 11754819 aaaa
6 11755789 eb0000777580352f
6 12256251 ea0000777500352f
6 12256839 bbbb
6 12257732 bfbf000700000000
6 12259284 bfbf000800000000
6 12260346 ffffcccc01b2cc00
6 12263872 b000000700000000
6 12265333 bbbb
6 12271906 aaaa
6 12272277 b000000800000000
6 12272905 ffffcccc06a5c600
6 12275224 aaaa
6 12275832 eb00007775803530
6 12776330 ea00007775003530
6 12776931 bbbb
6 12778392 bfbf000700000000
6 12780268 bfbf000800000000
6 12781050 ffffcccc01b2cc00
6 12784655 b000000700000000
6 12786143 bbbb
6 12788838 aaaa
6 12789100 b000000800000000
6 12790032 ffffcccc06a5c600
6 12791823 aaaa
6 12792407 eb00007775803531
6 13292890 ea00007775003531
6 13293469 bbbb
6 13294194 bfbf000700000000
6 13295599 bfbf000800000000
6 13296229 ffffcccc01b2cc00
6 13299673 b000000700000000
6 13301091 b000000800000000
6 13302208 ffffcccc06a5c600
6 13304265 aaaa
6 13304665 eb00007775803532
6 13805181 ea00007775003532
6 13805771 bbbb
6 13806497 bfbf000700000000
6 13807672 bfbf000800000000
6 13808301 ffffcccc01b2cc00
6 13812068 b000000700000000
6 13813367 bbbb
6 13816580 aaaa
6 13816949 b000000800000000
6 13817847 ffffcccc06a5c600
6 13819633 aaaa
6 13820032 eb00007775803533
6 14320510 ea00007775003533
6 14321484 bbbb
6 14322489 bfbf000700000000
6 14323837 bfbf000800000000
6 14324258 ffffcccc01b2cc00
6 14327934 b000000700000000
6 14329270 bbbb
6 19848983 aaaa
6 19849514 b000000800000000
6 19850360 ffffcccc06a5c600
6 19852123 aaaa
6 19852729 eb00007775803534
# Core 7 LOG DUMP ==================================================
# DCB 7 ffffff0006a5c800 pixels
# DCB 7 ffffff0001b2ce00 monitor
7 3100 ffffcccc01b2ce00
7 526295 aaaa
7 527566 b000000800000000
7 528216 ffffcccc06a5c800
7 529980 aaaa
7 530355 eb00007777803304
7 1031033 ea00007777003304
7 1032010 bbbb
7 1032757 bfbf000700000000
7 1034338 bfbf000800000000
7 1034912 ffffcccc01b2ce00
7 1038802 b000000700000000
7 1039937 bbbb
7 1045094 aaaa
7 1046029 b000000800000000
7 1047839 ffffcccc06a5c800
7 1049600 aaaa
7 1049963 eb00007777803305
7 1550730 ea00007777003305
7 1551655 bbbb
7 1552802 bfbf000700000000
7 1553980 bfbf000800000000
7 1555051 ffffcccc01b2ce00
7 1558944 b000000700000000
7 1560305 bbbb
7 8169919 aaaa
7 8170366 b000000800000000
7 8170954 ffffcccc06a5c800
7 8172666 aaaa
7 8173049 eb00007777803306
7 8673840 ea00007777003306
7 8674636 bbbb
7 8675841 bfbf000700000000
7 8677467 bfbf000800000000
7 8678082 ffffcccc01b2ce00
7 8681684 b000000700000000
7 8683175 bbbb
7 8686023 aaaa
7 8686778 b000000800000000
7 8687449 ffffcccc06a5c800
7 8689183 aaaa
7 8689568 eb00007777803307
7 9190325 ea00007777003307
7 9190842 bbbb
7 9191552 bfbf000700000000
7 9193039 bfbf000800000000
7 9193657 ffffcccc01b2ce00
7 9197152 b000000700000000
7 9198850 bbbb
7 9201385 aaaa
7 9202066 b000000800000000
7 9202726 ffffcccc06a5c800
7 9204462 aaaa
7 9204855 eb00007777803308
7 9705624 ea00007777003308
7 9706149 bbbb
7 9707022 bfbf000700000000
7 9708592 bfbf000800000000
7 9709207 ffffcccc01b2ce00
7 9712739 b000000700000000
7 9714196 bbbb
7 9717890 aaaa
7 9718260 b000000800000000
7 9719150 ffffcccc06a5c800
7 9720934 aaaa
7 9721312 eb00007777803309
7 10222063 ea00007777003309
7 10222630 bbbb
7 10223745 bfbf000700000000
7 10225317 bfbf000800000000
7 10225935 ffffcccc01b2ce00
7 10229380 b000000700000000
7 10231013 bbbb
7 10233536 aaaa
7 10233903 b000000800000000
7 10234801 ffffcccc06a5c800
7 10236515 aaaa
7 10236901 eb0000777780330a
7 10737672 ea0000777700330a
7 10738203 bbbb
7 10738911 bfbf000700000000
7 10740088 bfbf000800000000
7 10741006 ffffcccc01b2ce00
7 10744673 b000000700000000
7 10746003 bbbb
7 11753238 aaaa
7 11753606 b000000800000000
7 11754234 ffffcccc06a5c800
7 11756839 aaaa
7 11757233 eb0000777780330b
7 12258006 ea0000777700330b
7 12258624 bbbb
7 12260266 bfbf000700000000
7 12261399 bfbf000800000000
7 12262011 ffffcccc01b2ce00
7 12265839 b000000700000000
7 12267136 bbbb
7 12272631 aaaa
7 12273365 b000000800000000
7 12273951 ffffcccc06a5c800
7 12275694 aaaa
7 12276078 eb0000777780330c
7 12776865 ea0000777700330c
7 12777667 bbbb
7 12778430 bfbf000700000000
7 12780246 bfbf000800000000
7 12780862 ffffcccc01b2ce00
7 12784435 b000000700000000
7 12786058 bbbb
7 19850058 aaaa
7 19850429 b000000800000000
7 19851034 ffffcccc06a5c800
7 19853017 aaaa
7 19853410 eb0000777780330d
# Core 8 LOG DUMP ==================================================
# DCB 8 ffffff0006a5ca00 pixels
# DCB 8 ffffff0001b2d000 monitor
8 2740 ffffcccc01b2d000
8 1045684 aaaa
8 1046709 b000000800000000
8 1047325 ffffcccc06a5ca00
8 1049127 aaaa
8 1049517 eb00007779801475
8 1550230 ea00007779001475
8 1551170 bbbb
8 1551922 bfbf000700000000
8 1553755 bfbf000800000000
8 1554881 ffffcccc01b2d000
8 1558710 b000000700000000
8 1559863 bbbb
8 1561918 aaaa
8 1562746 b000000800000000
8 1563421 ffffcccc06a5ca00
8 1565241 aaaa
8 1565620 eb00007779801476
8 2066376 ea00007779001476
8 2066857 bbbb
8 2067565 bfbf000700000000
8 2068769 bfbf000800000000
8 2069677 ffffcccc01b2d000
8 2073232 b000000700000000
8 2074450 bbbb
8 2076096 aaaa
8 2076718 b000000800000000
8 2077618 ffffcccc06a5ca00
8 2079379 aaaa
8 2079779 eb00007779801477
8 2580523 ea00007779001477
8 2581105 bbbb
8 2581815 bfbf000700000000
8 2582949 bfbf000800000000
8 2584023 ffffcccc01b2d000
8 2587466 b000000700000000
8 2588872 bbbb
8 4610248 aaaa
8 4611195 b000000800000000
8 4611819 ffffcccc06a5ca00
8 4613612 aaaa
8 4614034 eb00007779801478
8 5114776 ea00007779001478
8 5115663 bbbb
8 5116669 bfbf000700000000
8 5117854 bfbf000800000000
8 5118750 ffffcccc01b2d000
8 5122859 b000000700000000
8 5124223 bbbb
8 5127727 aaaa
8 5128345 b000000800000000
8 5128999 ffffcccc06a5ca00
8 5130792 aaaa
8 5131193 eb00007779801479
8 5631942 ea00007779001479
8 5632628 bbbb
8 5633785 bfbf000700000000
8 5635113 bfbf000800000000
8 5635791 ffffcccc01b2d000
8 5639287 b000000700000000
8 5640826 bbbb
8 11754177 aaaa
8 11755020 b000000800000000
8 11755675 ffffcccc06a5ca00
8 11757415 aaaa
8 11757816 eb0000777980147a
8 12258556 ea0000777900147a
8 12259533 bbbb
8 12260254 bfbf000700000000
8 12261426 bfbf000800000000
8 12262198 ffffcccc01b2d000
8 12266238 b000000700000000
8 12267690 bbbb
8 12272539 aaaa
8 12272944 b000000800000000
8 12274381 ffffcccc06a5ca00
8 12276184 aaaa
8 12276586 eb0000777980147b
8 12777323 ea0000777900147b
8 12778540 bbbb
8 12779248 bfbf000700000000
8 12780608 bfbf000800000000
8 12781257 ffffcccc01b2d000
8 12784996 b000000700000000
8 12786609 bbbb
8 18835384 ffff000100003064
# Core 9 LOG DUMP ==================================================
# DCB 9 ffffff0006a5cc00 pixels
# DCB 9 ffffff0001b2d200 monitor
9 3628 ffffcccc01b2d200
9 14125007 ffff00010000303b
# Core 10 LOG DUMP ==================================================
# DCB 10 ffffff0006a5ce00 pixels
# DCB 10 ffffff0001b2d400 monitor
10 3168 ffffcccc01b2d400
10 10408902 ffff000100003012
# Core 11 LOG DUMP ==================================================
# DCB 11 ffffff000713a000 pixels
# DCB 11 ffffff000445a600 e1000n
# DCB 11 ffffff0001b2d600 monitor
11 6283 ffffcccc0445a600
11 6962 ffffcccc01b2d600
11 9956 ffffcccc0445a600
11 7972864 ffff000100002fea
11 7973224 ffffcccc01b2d600
11 7976075 ffffcccc0445a600
# Core 12 LOG DUMP ==================================================
# DCB 12 ffffff000713a200 pixels
# DCB 12 ffffff0001b2d800 monitor
12 5127 ffffcccc01b2d800
12 5395172 ffff000100002fc1
# Core 13 LOG DUMP ==================================================
# DCB 13 ffffff000713a400 pixels
# DCB 13 ffffff0001b2da00 monitor
13 4431 ffffcccc01b2da00
13 3406113 ffff000100002f98
# Core 14 LOG DUMP ==================================================
# DCB 14 ffffff000713a600 pixels
# DCB 14 ffffff0001b2dc00 monitor
14 6258 ffffcccc01b2dc00
14 1132272 ffff000100002f6f
# Core 15 LOG DUMP ==================================================
# DCB 15 ffffff000713a800 pixels
# DCB 15 ffffff000445a800 bfscope
# DCB 15 ffffff0001b2de00 monitor
15 5087 ffffcccc0445a800
15 6361 ffffcccc01b2de00
15 8996 ffffcccc0445a800
15 16892613 ffff000100002f28
15 16892949 ffffcccc01b2de00
15 16895604 ffffcccc0445a800
