# Start 372264972683 Duration 20000000 Stop 372284972683
# Core 0 LOG DUMP ==================================================
0 0 1234000000000001
# DCB 0 ffffff000713aa00 fish
# DCB 0 ffffff000445aa00 pixels
# DCB 0 ffffff000445a400 serial
# DCB 0 ffffff000445a200 pci
# DCB 0 ffffff000445a000 skb
# DCB 0 ffffff0001b2c000 chips
# DCB 0 ffffff0001e06000 mem_serv
# DCB 0 ffffff0001e06200 monitor
0 8212 ffffcccc0713aa00
0 237505 ffff0001000031c8
0 237938 ffffcccc01e06200
0 245963 b000000800000000
0 247036 ffffcccc0713aa00
0 2510883 ea0000776d800173
0 2511518 ea0000776f803a22
0 2511946 ea0000777180263f
0 2512347 ea00007773803309
0 2513732 ea0000777580376f
0 2514456 ea0000777780359d
0 2515880 bbbb
0 2525296 bfbf000700000000
0 2526442 bfbf000800000000
0 2526835 ffffcccc01e06200
0 2535781 b000000700000000
0 2536681 b000000700000000
0 2539687 bbbb
0 3019237 aaaa
0 3019646 b000000800000000
0 3020320 ffffcccc0713aa00
0 3023059 aaaa
0 3023709 eb0000777100263f
0 3025132 eb0000776f003a22
0 3025755 eb0000776d000173
0 3027646 eb0000777700359d
0 3028190 eb0000777500376f
0 3029053 eb00007773003309
0 3030152 ea0000776d800174
0 3031106 ea0000776f803a23
0 3031573 ea00007771802640
0 3032131 ea0000777380330a
0 3033099 ea00007775803770
0 3033968 ea0000777780359e
0 3035405 bbbb
0 3044812 bfbf000700000000
0 3045934 bfbf000800000000
0 3046353 ffffcccc01e06200
0 3049227 b000000700000000
0 3050968 b000000700000000
0 3056779 bbbb
0 3092956 b000bbbb00000014
0 3537508 aaaa
0 3537938 b000000800000000
0 3538804 ffffcccc0713aa00
0 3540983 aaaa
0 3541604 eb00007771002640
0 3543231 eb0000776f003a23
0 3543879 eb0000776d000174
0 3546445 eb0000777700359e
0 3547021 eb00007775003770
0 3547575 eb0000777300330a
0 3548253 ea00007771802641
0 3548786 ea0000777780359f
0 3549711 bbbb
0 3558793 bfbf000700000000
0 3559927 bfbf000800000000
0 3560311 ffffcccc01e06200
0 3563163 b000000700000000
0 3564903 b000000700000000
0 3570829 bbbb
0 3606386 b000bbbb00000014
0 4055648 aaaa
0 4056364 b000000800000000
0 4057142 ffffcccc0713aa00
0 4059211 aaaa
0 4059808 eb00007771002641
0 4062165 eb0000777700359f
0 4062918 ea00007771802642
0 4063396 ea000077778035a0
0 4064311 bbbb
0 4073266 bfbf000700000000
0 4074394 bfbf000800000000
0 4074777 ffffcccc01e06200
0 4077631 b000000700000000
0 4078762 b000000700000000
0 4084998 bbbb
0 4119780 b000bbbb00000014
0 4569489 aaaa
0 4569899 b000000800000000
0 4570870 ffffcccc0713aa00
0 4573235 aaaa
0 4573846 eb00007771002642
0 4576073 eb000077770035a0
0 4576829 ea00007771802643
0 4578130 ea0000777380330b
0 4578532 ea00007775803771
0 4579237 ea000077778035a1
0 4580476 bbbb
0 4589194 bfbf000700000000
0 4590310 bfbf000800000000
0 4590952 ffffcccc01e06200
0 4593765 b000000700000000
0 4595404 b000000700000000
0 4601229 bbbb
0 4636485 b000bbbb00000014
0 5085780 aaaa
0 5086176 b000000800000000
0 5087322 ffffcccc0713aa00
0 5089621 aaaa
0 5090223 eb00007775003771
0 5091159 eb0000777300330b
0 5091690 eb00007771002643
0 5093754 eb000077770035a1
0 5094523 ea0000777380330c
0 5095374 ea00007775803772
0 5096246 bbbb
0 5105032 bfbf000700000000
0 5106168 bfbf000800000000
0 5106550 ffffcccc01e06200
0 5109383 b000000700000000
0 5110548 b000000700000000
0 5116800 bbbb
0 5151690 b000bbbb00000014
0 5602754 aaaa
0 5603132 b000000800000000
0 5604512 ffffcccc0713aa00
0 5606455 aaaa
0 5606781 eb00007775003772
0 5607879 eb0000777300330c
0 6609238 ea00007771802644
0 6609947 ea0000777380330d
0 6610334 ea00007775803773
0 6612465 bbbb
0 6621466 bfbf000700000000
0 6622574 bfbf000800000000
0 6622958 ffffcccc01e06200
0 6626007 b000000700000000
0 6627208 b000000700000000
0 6633635 bbbb
0 6668055 b000bbbb00000014
0 7116519 aaaa
0 7116933 b000000800000000
0 7117921 ffffcccc0713aa00
0 7120005 aaaa
0 7120624 eb00007771002644
0 7122865 eb00007775003773
0 7123459 eb0000777300330d
0 7124530 ea0000776f803a24
0 7125430 ea00007771802645
0 7125860 ea0000777380330e
0 7126258 ea00007775803774
0 7126809 ea000077778035a2
0 7128472 bbbb
0 7137580 bfbf000700000000
0 7138693 bfbf000800000000
0 7139083 ffffcccc01e06200
0 7147923 b000000700000000
0 7148880 b000000700000000
0 7151868 bbbb
0 7186324 b000bbbb00000014
0 7632807 aaaa
0 7633201 b000000800000000
0 7634719 ffffcccc0713aa00
0 7637355 aaaa
0 7637977 eb00007771002645
0 7638878 eb0000776f003a24
0 7640741 eb000077770035a2
0 7641265 eb00007775003774
0 7641770 eb0000777300330e
0 7642774 ea0000776f803a25
0 7643201 ea000077778035a3
0 7643979 bbbb
0 7652855 bfbf000700000000
0 7653982 bfbf000800000000
0 7654365 ffffcccc01e06200
0 7657242 b000000700000000
0 7658461 b000000700000000
0 7664719 bbbb
0 7699601 b000bbbb00000014
0 8149975 aaaa
0 8150413 b000000800000000
0 8151318 ffffcccc0713aa00
0 8153544 aaaa
0 8154173 eb0000776f003a25
0 8156273 eb000077770035a3
0 8156990 ea0000776f803a26
0 8157845 ea000077778035a4
0 8158807 bbbb
0 8167549 bfbf000700000000
0 8168683 bfbf000800000000
0 8169066 ffffcccc01e06200
0 8172110 b000000700000000
0 8173138 b000000700000000
0 8179366 bbbb
0 8214368 b000bbbb00000014
0 8663366 aaaa
0 8663749 b000000800000000
0 8665025 ffffcccc0713aa00
0 8667142 aaaa
0 8667772 eb0000776f003a26
0 8669947 eb000077770035a4
0 8670714 ea0000776f803a27
0 8671575 ea00007771802646
0 8672297 ea0000777380330f
0 8673618 ea00007775803775
0 8674474 ea000077778035a5
0 8675781 bbbb
0 8684754 bfbf000700000000
0 8685905 bfbf000800000000
0 8686289 ffffcccc01e06200
0 8689141 b000000700000000
0 8690791 b000000700000000
0 8696913 bbbb
0 8731919 b000bbbb00000014
0 9179348 aaaa
0 9179741 b000000800000000
0 9180933 ffffcccc0713aa00
0 9183438 aaaa
0 9184044 eb00007775003775
0 9185196 eb0000777300330f
0 9186085 eb00007771002646
0 9186577 eb0000776f003a27
0 9188634 eb000077770035a5
0 9189364 ea00007771802647
0 9189873 ea00007773803310
0 9190276 ea00007775803776
0 9191089 bbbb
0 9199687 bfbf000700000000
0 9200837 bfbf000800000000
0 9201218 ffffcccc01e06200
0 9204067 b000000700000000
0 9205651 b000000700000000
0 9211795 bbbb
0 9247196 b000bbbb00000014
0 9696331 aaaa
0 9696728 b000000800000000
0 9697683 ffffcccc0713aa00
0 9699807 aaaa
0 9700420 eb00007775003776
0 9701245 eb00007773003310
0 9701834 eb00007771002647
0 10702778 ea0000776f803a28
0 10703338 ea00007775803777
0 10705086 bbbb
0 10713871 bfbf000700000000
0 10715000 bfbf000800000000
0 10715386 ffffcccc01e06200
0 10718217 b000000700000000
0 10719469 b000000700000000
0 10725759 bbbb
0 10760745 b000bbbb00000014
0 11208693 aaaa
0 11209475 b000000800000000
0 11210331 ffffcccc0713aa00
0 11212332 aaaa
0 11213071 eb0000776f003a28
0 11215536 eb00007775003777
0 11216286 ea0000776f803a29
0 11217136 ea00007773803311
0 11217549 ea00007775803778
0 11218259 ea000077778035a6
0 11219484 bbbb
0 11228286 bfbf000700000000
0 11229403 bfbf000800000000
0 11230044 ffffcccc01e06200
0 11232875 b000000700000000
0 11234598 b000000700000000
0 11240517 bbbb
0 11275621 b000bbbb00000014
0 11723589 aaaa
0 11723979 b000000800000000
0 11725184 ffffcccc0713aa00
0 11727265 aaaa
0 11727973 eb00007773003311
0 11729140 eb0000776f003a29
0 11730712 eb000077770035a6
0 11731322 eb00007775003778
0 11732359 ea0000776f803a2a
0 11732842 ea00007773803312
0 11733224 ea000077778035a7
0 11734661 bbbb
0 11743391 bfbf000700000000
0 11744499 bfbf000800000000
0 11744881 ffffcccc01e06200
0 11748121 b000000700000000
0 11749734 b000000700000000
0 11755684 bbbb
0 11790841 b000bbbb00000014
0 12239697 aaaa
0 12240094 b000000800000000
0 12241310 ffffcccc0713aa00
0 12243387 aaaa
0 12244338 eb00007773003312
0 12245262 eb0000776f003a2a
0 12247027 eb000077770035a7
0 12247794 ea0000776f803a2b
0 12248318 ea00007773803313
0 12248724 ea000077778035a8
0 12250075 bbbb
0 12258977 bfbf000700000000
0 12260125 bfbf000800000000
0 12260507 ffffcccc01e06200
0 12263348 b000000700000000
0 12264566 b000000700000000
0 12271150 bbbb
0 12305513 b000bbbb00000014
0 12755095 aaaa
0 12755484 b000000800000000
0 12756556 ffffcccc0713aa00
0 12758860 aaaa
0 12759535 eb00007773003313
0 12760462 eb0000776f003a2b
0 12762354 eb000077770035a8
0 12763127 ea0000776f803a2c
0 12763521 ea00007771802648
0 12764048 ea00007773803314
0 12764644 ea000077778035a9
0 12765942 bbbb
0 12774683 bfbf000700000000
0 12775810 bfbf000800000000
0 12776449 ffffcccc01e06200
0 12779293 b000000700000000
0 12780930 b000000700000000
0 12786868 bbbb
0 12822259 b000bbbb00000014
0 13270797 aaaa
0 13271188 b000000800000000
0 13272541 ffffcccc0713aa00
0 13275699 aaaa
0 13276346 eb00007773003314
0 13277408 eb00007771002648
0 13278440 eb0000776f003a2c
0 13280761 eb000077770035a9
0 13281527 ea00007771802649
0 13281916 ea000077778035aa
0 13282682 bbbb
0 13291328 bfbf000700000000
0 13292438 bfbf000800000000
0 13292822 ffffcccc01e06200
0 13295782 b000000700000000
0 13297594 b000000700000000
0 13303531 bbbb
0 13338324 b000bbbb00000014
0 13787852 aaaa
0 13788291 b000000800000000
0 13789440 ffffcccc0713aa00
0 13791538 aaaa
0 13792198 eb00007771002649
0 13794574 eb000077770035aa
0 14795851 ea0000776f803a2d
0 14796405 ea00007775803779
0 14797262 bbbb
0 14805907 bfbf000700000000
0 14807047 bfbf000800000000
0 14807425 ffffcccc01e06200
0 14810339 b000000700000000
0 14812003 b000000700000000
0 14817909 bbbb
0 14852632 b000bbbb00000014
0 15302201 aaaa
0 15302642 b000000800000000
0 15303508 ffffcccc0713aa00
0 15305622 aaaa
0 15306274 eb00007775003779
0 15307463 eb0000776f003a2d
0 15307958 ea0000776f803a2e
0 15308847 ea00007773803315
0 15309416 ea0000777580377a
0 15310280 ea000077778035ab
0 15312463 bbbb
0 15321381 bfbf000700000000
0 15322491 bfbf000800000000
0 15323112 ffffcccc01e06200
0 15331776 b000000700000000
0 15332664 b000000700000000
0 15335260 bbbb
0 15370300 b000bbbb00000014
0 15814339 aaaa
0 15814712 b000000800000000
0 15815884 ffffcccc0713aa00
0 15819406 aaaa
0 15820105 eb000077770035ab
0 15820778 eb0000777500377a
0 15821527 eb00007773003315
0 15822495 eb0000776f003a2e
0 15823291 ea0000776f803a2f
0 15824179 ea00007773803316
0 15825036 ea000077778035ac
0 15825948 bbbb
0 15835051 bfbf000700000000
0 15836200 bfbf000800000000
0 15836584 ffffcccc01e06200
0 15839733 b000000700000000
0 15840991 b000000700000000
0 15847233 bbbb
0 15882072 b000bbbb00000014
0 16330767 aaaa
0 16331154 b000000800000000
0 16332368 ffffcccc0713aa00
0 16335415 aaaa
0 16336418 eb000077770035ac
0 16337615 eb00007773003316
0 16338512 eb0000776f003a2f
0 16339312 ea0000776f803a30
0 16340149 ea00007773803317
0 16340529 ea000077778035ad
0 16341835 bbbb
0 16350883 bfbf000700000000
0 16352043 bfbf000800000000
0 16352427 ffffcccc01e06200
0 16355556 b000000700000000
0 16356800 b000000700000000
0 16363139 bbbb
0 16398128 b000bbbb00000014
0 16846904 aaaa
0 16847291 b000000800000000
0 16848475 ffffcccc0713aa00
0 16851530 aaaa
0 16852216 eb000077770035ad
0 16853508 eb00007773003317
0 16854635 eb0000776f003a30
0 16855643 ea0000776f803a31
0 16856071 ea0000777180264a
0 16856466 ea00007773803318
0 16857333 ea000077778035ae
0 16858266 bbbb
0 16867442 bfbf000700000000
0 16868577 bfbf000800000000
0 16869220 ffffcccc01e06200
0 16872030 b000000700000000
0 16873312 b000000700000000
0 16879630 bbbb
0 16914886 b000bbbb00000014
0 17361726 aaaa
0 17362098 b000000800000000
0 17363533 ffffcccc0713aa00
0 17366778 aaaa
0 17367467 eb000077770035ae
0 17368350 eb00007773003318
0 17369082 eb0000777100264a
0 17370147 eb0000776f003a31
0 17371244 ea0000777180264b
0 17372299 ea000077778035af
0 17373184 bbbb
0 17382243 bfbf000700000000
0 17383379 bfbf000800000000
0 17383763 ffffcccc01e06200
0 17392318 b000000700000000
0 17393353 b000000700000000
0 17396107 bbbb
0 17431940 b000bbbb00000014
0 17878036 aaaa
0 17878406 b000000800000000
0 17879598 ffffcccc0713aa00
0 17882579 aaaa
0 17883286 eb000077770035af
0 17884506 eb0000777100264b
0 18885708 ea0000777180264c
0 18886417 ea00007773803319
0 18886820 ea0000777580377b
0 18887980 bbbb
0 18896754 bfbf000700000000
0 18897879 bfbf000800000000
0 18898261 ffffcccc01e06200
0 18901451 b000000700000000
0 18902695 b000000700000000
0 18908836 bbbb
0 18944613 b000bbbb00000014
0 19393350 aaaa
0 19393718 b000000800000000
0 19394709 ffffcccc0713aa00
0 19398063 aaaa
0 19399045 eb0000777500377b
0 19400142 eb00007773003319
0 19400933 eb0000777100264c
0 19401633 ea0000776f803a32
0 19402282 ea0000777180264d
0 19402699 ea0000777380331a
0 19403094 ea0000777580377c
0 19403986 ea000077778035b0
0 19405498 bbbb
0 19414300 bfbf000700000000
0 19415432 bfbf000800000000
0 19415814 ffffcccc01e06200
0 19418940 b000000700000000
0 19420231 b000000700000000
0 19426522 bbbb
0 19461768 b000bbbb00000014
0 19909307 aaaa
0 19909671 b000000800000000
0 19911085 ffffcccc0713aa00
0 19913212 aaaa
0 19914196 eb0000776f003a32
0 19916489 eb000077770035b0
0 19917055 eb0000777500377c
0 19918262 eb0000777300331a
0 19918841 eb0000777100264d
0 19919560 ea0000776f803a33
0 19920000 ea0000777380331b
0 19920854 ea000077778035b1
0 19921783 bbbb
0 19930745 bfbf000700000000
0 19931863 bfbf000800000000
0 19932246 ffffcccc01e06200
0 19935298 b000000700000000
0 19936938 b000000700000000
0 19942688 bbbb
0 19977914 b000bbbb00000014
# Core 1 LOG DUMP ==================================================
# DCB 1 ffffff000445ac00 pixels
# DCB 1 ffffff0001b2c200 monitor
1 2551 ffffcccc01b2c200
1 3685336 ffff0001000031a3
# Core 2 LOG DUMP ==================================================
# DCB 2 ffffff000445ae00 pixels
# DCB 2 ffffff0001b2c400 monitor
2 2682 ffffcccc01b2c400
2 2512005 aaaa
2 2512444 b000000800000000
2 2513236 ffffcccc0445ae00
2 2515406 aaaa
2 2516220 eb0000776d800173
2 3017374 ea0000776d000173
2 3017845 bbbb
2 3018600 bfbf000700000000
2 3019791 bfbf000800000000
2 3021045 ffffcccc01b2c400
2 3025417 b000000700000000
2 3026586 bbbb
2 3031475 aaaa
2 3031930 b000000800000000
2 3032829 ffffcccc0445ae00
2 3035011 aaaa
2 3035545 eb0000776d800174
2 3536255 ea0000776d000174
2 3537057 bbbb
2 3537763 bfbf000700000000
2 3539135 bfbf000800000000
2 3539871 ffffcccc01b2c400
2 3543535 b000000700000000
2 3545028 bbbb
# Core 3 LOG DUMP ==================================================
# DCB 3 ffffff0006a5c000 pixels
# DCB 3 ffffff0001b2c600 monitor
3 2755 ffffcccc01b2c600
3 2512544 aaaa
3 2513934 b000000800000000
3 2514818 ffffcccc06a5c000
3 2517079 aaaa
3 2517988 eb0000776f803a22
3 3018728 ea0000776f003a22
3 3019206 bbbb
3 3019972 bfbf000700000000
3 3021843 bfbf000800000000
3 3023215 ffffcccc01b2c600
3 3027330 b000000700000000
3 3028497 bbbb
3 3031923 aaaa
3 3032438 b000000800000000
3 3033285 ffffcccc06a5c000
3 3035470 aaaa
3 3036262 eb0000776f803a23
3 3537000 ea0000776f003a23
3 3537462 bbbb
3 3538183 bfbf000700000000
3 3539548 bfbf000800000000
3 3540434 ffffcccc01b2c600
3 3544035 b000000700000000
3 3545913 bbbb
3 7126134 aaaa
3 7127013 b000000800000000
3 7127647 ffffcccc06a5c000
3 7129851 aaaa
3 7130430 eb0000776f803a24
3 7631250 ea0000776f003a24
3 7631762 bbbb
3 7632497 bfbf000700000000
3 7633735 bfbf000800000000
3 7634768 ffffcccc01b2c600
3 7638439 b000000700000000
3 7639765 bbbb
3 7643558 aaaa
3 7644029 b000000800000000
3 7644938 ffffcccc06a5c000
3 7646699 aaaa
3 7647091 eb0000776f803a25
3 8147821 ea0000776f003a25
3 8148324 bbbb
3 8149056 bfbf000700000000
3 8150199 bfbf000800000000
3 8150851 ffffcccc01b2c600
3 8154670 b000000700000000
3 8156004 bbbb
3 8158222 aaaa
3 8158601 b000000800000000
3 8159257 ffffcccc06a5c000
3 8161296 aaaa
3 8161690 eb0000776f803a26
3 8662455 ea0000776f003a26
3 8663033 bbbb
3 8663755 bfbf000700000000
3 8665015 bfbf000800000000
3 8665678 ffffcccc01b2c600
3 8669263 b000000700000000
3 8670646 bbbb
3 8671924 aaaa
3 8672285 b000000800000000
3 8673215 ffffcccc06a5c000
3 8675149 aaaa
3 8675676 eb0000776f803a27
3 9176485 ea0000776f003a27
3 9177311 bbbb
3 9178029 bfbf000700000000
3 9179169 bfbf000800000000
3 9180088 ffffcccc01b2c600
3 9183593 b000000700000000
3 9185034 bbbb
3 10703731 aaaa
3 10704096 b000000800000000
3 10704679 ffffcccc06a5c000
3 10706450 aaaa
3 10707018 eb0000776f803a28
3 11207734 ea0000776f003a28
3 11208235 bbbb
3 11208967 bfbf000700000000
3 11210313 bfbf000800000000
3 11211078 ffffcccc01b2c600
3 11214717 b000000700000000
3 11216088 bbbb
3 11217499 aaaa
3 11218170 b000000800000000
3 11218825 ffffcccc06a5c000
3 11221110 aaaa
3 11221655 eb0000776f803a29
3 11722359 ea0000776f003a29
3 11722858 bbbb
3 11723576 bfbf000700000000
3 11724712 bfbf000800000000
3 11725516 ffffcccc01b2c600
3 11729428 b000000700000000
3 11730837 bbbb
3 11733221 aaaa
3 11733934 b000000800000000
3 11734624 ffffcccc06a5c000
3 11736357 aaaa
3 11736919 eb0000776f803a2a
3 12237689 ea0000776f003a2a
3 12238206 bbbb
3 12238925 bfbf000700000000
3 12240106 bfbf000800000000
3 12240769 ffffcccc01b2c600
3 12244504 b000000700000000
3 12245830 bbbb
3 12248678 aaaa
3 12249307 b000000800000000
3 12249996 ffffcccc06a5c000
3 12251687 aaaa
3 12252269 eb0000776f803a2b
3 12753015 ea0000776f003a2b
3 12753576 bbbb
3 12754293 bfbf000700000000
3 12755437 bfbf000800000000
3 12756099 ffffcccc01b2c600
3 12759889 b000000700000000
3 12761249 bbbb
3 12763986 aaaa
3 12764595 b000000800000000
3 12765308 ffffcccc06a5c000
3 12767485 aaaa
3 12768058 eb0000776f803a2c
3 13268840 ea0000776f003a2c
3 13269344 bbbb
3 13270063 bfbf000700000000
3 13271313 bfbf000800000000
3 13272400 ffffcccc01b2c600
3 13275986 b000000700000000
3 13277379 bbbb
3 14796976 aaaa
3 14797346 b000000800000000
3 14798160 ffffcccc06a5c000
3 14799881 aaaa
3 14800275 eb0000776f803a2d
3 15301035 ea0000776f003a2d
3 15301550 bbbb
3 15302283 bfbf000700000000
3 15303737 bfbf000800000000
3 15304408 ffffcccc01b2c600
3 15307949 b000000700000000
3 15309141 b000000800000000
3 15309905 ffffcccc06a5c000
3 15311988 aaaa
3 15312504 eb0000776f803a2e
3 15813238 ea0000776f003a2e
3 15813751 bbbb
3 15814693 bfbf000700000000
3 15816083 bfbf000800000000
3 15816839 ffffcccc01b2c600
3 15820435 b000000700000000
3 15821825 bbbb
3 15824538 aaaa
3 15824937 b000000800000000
3 15825660 ffffcccc06a5c000
3 15827703 aaaa
3 15828251 eb0000776f803a2f
3 16328725 ea0000776f003a2f
3 16329227 bbbb
3 16330201 bfbf000700000000
3 16331343 bfbf000800000000
3 16332205 ffffcccc01b2c600
3 16335712 b000000700000000
3 16337196 bbbb
3 16340506 aaaa
3 16340701 b000000800000000
3 16341625 ffffcccc06a5c000
3 16344209 aaaa
3 16344601 eb0000776f803a30
3 16845098 ea0000776f003a30
3 16845612 bbbb
3 16846556 bfbf000700000000
3 16847737 bfbf000800000000
3 16848335 ffffcccc01b2c600
3 16851985 b000000700000000
3 16853384 bbbb
3 16856419 aaaa
3 16856606 b000000800000000
3 16857540 ffffcccc06a5c000
3 16859585 aaaa
3 16860137 eb0000776f803a31
3 17360655 ea0000776f003a31
3 17361160 bbbb
3 17362094 bfbf000700000000
3 17363507 bfbf000800000000
3 17364325 ffffcccc01b2c600
3 17367845 b000000700000000
3 17369249 bbbb
3 17470300 ffff000100003153
3 19403052 aaaa
3 19403238 b000000800000000
3 19404363 ffffcccc06a5c000
3 19406322 aaaa
3 19406894 eb0000776f803a32
3 19907376 ea0000776f003a32
3 19907887 bbbb
3 19908646 bfbf000700000000
3 19909864 bfbf000800000000
3 19911172 ffffcccc01b2c600
3 19915774 b000000700000000
3 19917418 bbbb
3 19920371 aaaa
3 19920559 b000000800000000
3 19921516 ffffcccc06a5c000
3 19923447 aaaa
3 19924005 eb0000776f803a33
3 20424477 ea0000776f003a33
# Core 4 LOG DUMP ==================================================
# DCB 4 ffffff0006a5c200 pixels
# DCB 4 ffffff0001b2c800 monitor
4 3148 ffffcccc01b2c800
4 2513074 aaaa
4 2513851 b000000800000000
4 2514451 ffffcccc06a5c200
4 2516906 aaaa
4 2517754 eb0000777180263f
4 3018463 ea0000777100263f
4 3018945 bbbb
4 3019743 bfbf000700000000
4 3021093 bfbf000800000000
4 3022825 ffffcccc01b2c800
4 3026433 b000000700000000
4 3027830 bbbb
4 3032533 aaaa
4 3033346 b000000800000000
4 3034492 ffffcccc06a5c200
4 3036678 aaaa
4 3037441 eb00007771802640
4 3538140 ea00007771002640
4 3538888 bbbb
4 3539615 bfbf000700000000
4 3541176 bfbf000800000000
4 3542320 ffffcccc01b2c800
4 3546457 b000000700000000
4 3547869 bbbb
4 3549232 aaaa
4 3550138 b000000800000000
4 3551314 ffffcccc06a5c200
4 3553038 aaaa
4 3553436 eb00007771802641
4 4054216 ea00007771002641
4 4055026 bbbb
4 4055748 bfbf000700000000
4 4056880 bfbf000800000000
4 4057522 ffffcccc01b2c800
4 4061185 b000000700000000
4 4062603 bbbb
4 4063854 aaaa
4 4064411 b000000800000000
4 4065073 ffffcccc06a5c200
4 4067061 aaaa
4 4067461 eb00007771802642
4 4568191 ea00007771002642
4 4568913 bbbb
4 4569652 bfbf000700000000
4 4571062 bfbf000800000000
4 4571941 ffffcccc01b2c800
4 4575559 b000000700000000
4 4576926 bbbb
4 4578482 aaaa
4 4579015 b000000800000000
4 4579960 ffffcccc06a5c200
4 4582028 aaaa
4 4582627 eb00007771802643
4 5083386 ea00007771002643
4 5083963 bbbb
4 5084681 bfbf000700000000
4 5085813 bfbf000800000000
4 5086555 ffffcccc01b2c800
4 5090553 b000000700000000
4 5092005 bbbb
4 6610783 aaaa
4 6611387 b000000800000000
4 6612010 ffffcccc06a5c200
4 6613767 aaaa
4 6614615 eb00007771802644
4 7115367 ea00007771002644
4 7115929 bbbb
4 7116664 bfbf000700000000
4 7118120 bfbf000800000000
4 7118905 ffffcccc01b2c800
4 7122548 b000000700000000
4 7123937 bbbb
4 7126242 aaaa
4 7127086 b000000800000000
4 7127739 ffffcccc06a5c200
4 7130196 aaaa
4 7130832 eb00007771802645
4 7631646 ea00007771002645
4 7632221 bbbb
4 7632940 bfbf000700000000
4 7634587 bfbf000800000000
4 7635483 ffffcccc01b2c800
4 7639229 b000000700000000
4 7640590 bbbb
4 8672883 aaaa
4 8673277 b000000800000000
4 8673870 ffffcccc06a5c200
4 8675879 aaaa
4 8676616 eb00007771802646
4 9177358 ea00007771002646
4 9177926 bbbb
4 9178666 bfbf000700000000
4 9179869 bfbf000800000000
4 9181248 ffffcccc01b2c800
4 9184928 b000000700000000
4 9186544 bbbb
4 9190345 aaaa
4 9190870 b000000800000000
4 9191548 ffffcccc06a5c200
4 9193784 aaaa
4 9194184 eb00007771802647
4 9694914 ea00007771002647
4 9695497 bbbb
4 9696217 bfbf000700000000
4 9697349 bfbf000800000000
4 9697971 ffffcccc01b2c800
4 9701682 b000000700000000
4 9703075 bbbb
4 12764578 aaaa
4 12764959 b000000800000000
4 12766018 ffffcccc06a5c200
4 12768556 aaaa
4 12768976 eb00007771802648
4 13269771 ea00007771002648
4 13270365 bbbb
4 13271096 bfbf000700000000
4 13272435 bfbf000800000000
4 13273261 ffffcccc01b2c800
4 13276942 b000000700000000
4 13278313 bbbb
4 13282300 aaaa
4 13282850 b000000800000000
4 13283971 ffffcccc06a5c200
4 13285739 aaaa
4 13286137 eb00007771802649
4 13499118 ffff00010000312b
4 13786914 ea00007771002649
4 13787305 bbbb
4 13788067 bfbf000700000000
4 13789715 bfbf000800000000
4 13790475 ffffcccc01b2c800
4 13794055 b000000700000000
4 13795545 bbbb
4 16856908 aaaa
4 16857391 b000000800000000
4 16858580 ffffcccc06a5c200
4 16860875 aaaa
4 16861485 eb0000777180264a
4 17361987 ea0000777100264a
4 17362564 bbbb
4 17363298 bfbf000700000000
4 17364965 bfbf000800000000
4 17365605 ffffcccc01b2c800
4 17369248 b000000700000000
4 17370939 bbbb
4 17372732 aaaa
4 17373010 b000000800000000
4 17373688 ffffcccc06a5c200
4 17375834 aaaa
4 17376232 eb0000777180264b
4 17876734 ea0000777100264b
4 17877326 bbbb
4 17878045 bfbf000700000000
4 17879773 bfbf000800000000
4 17880412 ffffcccc01b2c800
4 17883911 b000000700000000
4 17885364 bbbb
4 18887078 aaaa
4 18887410 b000000800000000
4 18888034 ffffcccc06a5c200
4 18890077 aaaa
4 18890695 eb0000777180264c
4 19391157 ea0000777100264c
4 19391728 bbbb
4 19392468 bfbf000700000000
4 19393915 bfbf000800000000
4 19394554 ffffcccc01b2c800
4 19398217 b000000700000000
4 19399766 bbbb
4 19403123 aaaa
4 19403732 b000000800000000
4 19404438 ffffcccc06a5c200
4 19407098 aaaa
4 19407720 eb0000777180264d
4 19908184 ea0000777100264d
4 19908771 bbbb
4 19909496 bfbf000700000000
4 19911079 bfbf000800000000
4 19911901 ffffcccc01b2c800
4 19915448 b000000700000000
4 19916815 bbbb
# Core 5 LOG DUMP ==================================================
# DCB 5 ffffff0006a5c400 pixels
# DCB 5 ffffff0001b2ca00 monitor
5 3279 ffffcccc01b2ca00
5 2514205 aaaa
5 2515592 b000000800000000
5 2516271 ffffcccc06a5c400
5 2518692 aaaa
5 2519073 eb00007773803309
5 3019799 ea00007773003309
5 3020393 bbbb
5 3021168 bfbf000700000000
5 3023150 bfbf000800000000
5 3023725 ffffcccc01b2ca00
5 3027870 b000000700000000
5 3029154 bbbb
5 3033491 aaaa
5 3035189 b000000800000000
5 3035872 ffffcccc06a5c400
5 3038701 aaaa
5 3039067 eb0000777380330a
5 3539820 ea0000777300330a
5 3540945 bbbb
5 3541648 bfbf000700000000
5 3543822 bfbf000800000000
5 3544994 ffffcccc01b2ca00
5 3548932 b000000700000000
5 3550442 bbbb
5 4579265 aaaa
5 4580168 b000000800000000
5 4580787 ffffcccc06a5c400
5 4582855 aaaa
5 4583239 eb0000777380330b
5 5083983 ea0000777300330b
5 5084503 bbbb
5 5085214 bfbf000700000000
5 5086361 bfbf000800000000
5 5087094 ffffcccc01b2ca00
5 5090640 b000000700000000
5 5092159 bbbb
5 5095777 aaaa
5 5096455 b000000800000000
5 5097438 ffffcccc06a5c400
5 5099175 aaaa
5 5099559 eb0000777380330c
5 5600331 ea0000777300330c
5 5600851 bbbb
5 5601550 bfbf000700000000
5 5602739 bfbf000800000000
5 5603618 ffffcccc01b2ca00
5 5607211 b000000700000000
5 5608570 bbbb
5 6611063 aaaa
5 6611434 b000000800000000
5 6612039 ffffcccc06a5c400
5 6613749 aaaa
5 6614361 eb0000777380330d
5 7115133 ea0000777300330d
5 7115710 bbbb
5 7116423 bfbf000700000000
5 7117566 bfbf000800000000
5 7118194 ffffcccc01b2ca00
5 7121867 b000000700000000
5 7123249 bbbb
5 7126717 aaaa
5 7127313 b000000800000000
5 7128470 ffffcccc06a5c400
5 7130208 aaaa
5 7131066 eb0000777380330e
5 7631751 ea0000777300330e
5 7632281 bbbb
5 7632979 bfbf000700000000
5 7634363 bfbf000800000000
5 7635218 ffffcccc01b2ca00
5 7638782 b000000700000000
5 7640439 bbbb
5 8674349 aaaa
5 8674731 b000000800000000
5 8675557 ffffcccc06a5c400
5 8677292 aaaa
5 8677923 eb0000777380330f
5 9178657 ea0000777300330f
5 9179181 bbbb
5 9179897 bfbf000700000000
5 9181822 bfbf000800000000
5 9182612 ffffcccc01b2ca00
5 9186150 b000000700000000
5 9187483 bbbb
5 9190746 aaaa
5 9191130 b000000800000000
5 9192366 ffffcccc06a5c400
5 9194106 aaaa
5 9194490 eb00007773803310
5 9695272 ea00007773003310
5 9695785 bbbb
5 9696485 bfbf000700000000
5 9697896 bfbf000800000000
5 9698688 ffffcccc01b2ca00
5 9702290 b000000700000000
5 9703634 bbbb
5 9894883 ffff000100003104
5 11218213 aaaa
5 11218502 b000000800000000
5 11219654 ffffcccc06a5c400
5 11221569 aaaa
5 11222147 eb00007773803311
5 11722622 ea00007773003311
5 11723151 bbbb
5 11723887 bfbf000700000000
5 11725354 bfbf000800000000
5 11725981 ffffcccc01b2ca00
5 11729477 b000000700000000
5 11731082 bbbb
5 11733679 aaaa
5 11734238 b000000800000000
5 11734941 ffffcccc06a5c400
5 11737055 aaaa
5 11737638 eb00007773803312
5 12238139 ea00007773003312
5 12238656 bbbb
5 12239356 bfbf000700000000
5 12240801 bfbf000800000000
5 12241428 ffffcccc01b2ca00
5 12245491 b000000700000000
5 12246844 bbbb
5 12249195 aaaa
5 12249589 b000000800000000
5 12250261 ffffcccc06a5c400
5 12251976 aaaa
5 12252618 eb00007773803313
5 12753135 ea00007773003313
5 12753636 bbbb
5 12754336 bfbf000700000000
5 12755722 bfbf000800000000
5 12756466 ffffcccc01b2ca00
5 12759961 b000000700000000
5 12761413 bbbb
5 12764949 aaaa
5 12765352 b000000800000000
5 12766002 ffffcccc06a5c400
5 12768320 aaaa
5 12768896 eb00007773803314
5 13269378 ea00007773003314
5 13269895 bbbb
5 13270596 bfbf000700000000
5 13272041 bfbf000800000000
5 13272655 ffffcccc01b2ca00
5 13276926 b000000700000000
5 13278609 bbbb
5 15310009 aaaa
5 15310325 b000000800000000
5 15310984 ffffcccc06a5c400
5 15312854 aaaa
5 15313629 eb00007773803315
5 15814118 ea00007773003315
5 15814929 bbbb
5 15815642 bfbf000700000000
5 15817037 bfbf000800000000
5 15817605 ffffcccc01b2ca00
5 15821134 b000000700000000
5 15822507 bbbb
5 15825430 aaaa
5 15825727 b000000800000000
5 15826405 ffffcccc06a5c400
5 15828636 aaaa
5 15829241 eb00007773803316
5 16329733 ea00007773003316
5 16330318 bbbb
5 16331017 bfbf000700000000
5 16332478 bfbf000800000000
5 16333079 ffffcccc01b2ca00
5 16336662 b000000700000000
5 16338037 bbbb
5 16340917 aaaa
5 16341450 b000000800000000
5 16342101 ffffcccc06a5c400
5 16344453 aaaa
5 16345028 eb00007773803317
5 16845528 ea00007773003317
5 16846042 bbbb
5 16846745 bfbf000700000000
5 16848661 bfbf000800000000
5 16849432 ffffcccc01b2ca00
5 16852897 b000000700000000
5 16854547 bbbb
5 16857724 aaaa
5 16858343 b000000800000000
5 16859022 ffffcccc06a5c400
5 16861104 aaaa
5 16861683 eb00007773803318
5 17362177 ea00007773003318
5 17363310 bbbb
5 17364010 bfbf000700000000
5 17365474 bfbf000800000000
5 17365840 ffffcccc01b2ca00
5 17369419 b000000700000000
5 17371089 bbbb
5 18887544 aaaa
5 18887872 b000000800000000
5 18888474 ffffcccc06a5c400
5 18890608 aaaa
5 18891185 eb00007773803319
5 19391663 ea00007773003319
5 19392181 bbbb
5 19392892 bfbf000700000000
5 19394313 bfbf000800000000
5 19394899 ffffcccc01b2ca00
5 19398667 b000000700000000
5 19400002 bbbb
5 19403573 aaaa
5 19404195 b000000800000000
5 19405366 ffffcccc06a5c400
5 19407121 aaaa
5 19407976 eb0000777380331a
5 19908493 ea0000777300331a
5 19909014 bbbb
5 19909726 bfbf000700000000
5 19911368 bfbf000800000000
5 19912156 ffffcccc01b2ca00
5 19915692 b000000700000000
5 19917157 bbbb
5 19921255 aaaa
5 19921537 b000000800000000
5 19922216 ffffcccc06a5c400
5 19924278 aaaa
5 19924663 eb0000777380331b
# Core 6 LOG DUMP ==================================================
# DCB 6 ffffff0006a5c600 pixels
# DCB 6 ffffff0001b2cc00 monitor
6 4984 ffffcccc01b2cc00
6 2515144 aaaa
6 2516191 b000000800000000
6 2517840 ffffcccc06a5c600
6 2519635 aaaa
6 2520028 eb0000777580376f
6 3020747 ea0000777500376f
6 3021557 bbbb
6 3022323 bfbf000700000000
6 3023520 bfbf000800000000
6 3025066 ffffcccc01b2cc00
6 3028623 b000000700000000
6 3030090 bbbb
6 3034389 aaaa
6 3034980 b000000800000000
6 3035647 ffffcccc06a5c600
6 3038477 aaaa
6 3038877 eb00007775803770
6 3539631 ea00007775003770
6 3540459 bbbb
6 3541185 bfbf000700000000
6 3542665 bfbf000800000000
6 3543652 ffffcccc01b2cc00
6 3547407 b000000700000000
6 3548596 bbbb
6 4579771 aaaa
6 4580418 b000000800000000
6 4581087 ffffcccc06a5c600
6 4583183 aaaa
6 4583581 eb00007775803771
6 5084374 ea00007775003771
6 5084953 bbbb
6 5085686 bfbf000700000000
6 5086824 bfbf000800000000
6 5087767 ffffcccc01b2cc00
6 5091502 b000000700000000
6 5092930 bbbb
6 5096227 aaaa
6 5096748 b000000800000000
6 5097690 ffffcccc06a5c600
6 5099433 aaaa
6 5099834 eb00007775803772
6 5600574 ea00007775003772
6 5601150 bbbb
6 5601867 bfbf000700000000
6 5603050 bfbf000800000000
6 5603882 ffffcccc01b2cc00
6 5607600 b000000700000000
6 5608929 bbbb
6 6611803 aaaa
6 6612212 b000000800000000
6 6612809 ffffcccc06a5c600
6 6614759 aaaa
6 6615167 eb00007775803773
6 6699396 ffff0001000030db
6 7115927 ea00007775003773
6 7116336 bbbb
6 7117097 bfbf000700000000
6 7118893 bfbf000800000000
6 7119523 ffffcccc01b2cc00
6 7123106 b000000700000000
6 7124440 bbbb
6 7127229 aaaa
6 7127761 b000000800000000
6 7128430 ffffcccc06a5c600
6 7130225 aaaa
6 7131325 eb00007775803774
6 7631797 ea00007775003774
6 7632689 bbbb
6 7633407 bfbf000700000000
6 7635623 bfbf000800000000
6 7636244 ffffcccc01b2cc00
6 7639799 b000000700000000
6 7641280 bbbb
6 8675257 aaaa
6 8675870 b000000800000000
6 8676516 ffffcccc06a5c600
6 8678659 aaaa
6 8679238 eb00007775803775
6 9179703 ea00007775003775
6 9180441 bbbb
6 9181896 bfbf000700000000
6 9183454 bfbf000800000000
6 9183855 ffffcccc01b2cc00
6 9187753 b000000700000000
6 9189086 bbbb
6 9191092 aaaa
6 9191571 b000000800000000
6 9192224 ffffcccc06a5c600
6 9193971 aaaa
6 9194593 eb00007775803776
6 9695083 ea00007775003776
6 9695736 bbbb
6 9696453 bfbf000700000000
6 9698394 bfbf000800000000
6 9699025 ffffcccc01b2cc00
6 9702608 b000000700000000
6 9703914 bbbb
6 10704553 aaaa
6 10704903 b000000800000000
6 10705500 ffffcccc06a5c600
6 10707445 aaaa
6 10708022 eb00007775803777
6 11208531 ea00007775003777
6 11209113 bbbb
6 11210134 bfbf000700000000
6 11211693 bfbf000800000000
6 11212321 ffffcccc01b2cc00
6 11215812 b000000700000000
6 11217238 bbbb
6 11218601 aaaa
6 11218978 b000000800000000
6 11219637 ffffcccc06a5c600
6 11221963 aaaa
6 11222538 eb00007775803778
6 11723011 ea00007775003778
6 11723603 bbbb
6 11724323 bfbf000700000000
6 11726196 bfbf000800000000
6 11726827 ffffcccc01b2cc00
6 11730402 b000000700000000
6 11731746 bbbb
6 14797461 aaaa
6 14798082 b000000800000000
6 14798680 ffffcccc06a5c600
6 14800419 aaaa
6 14800989 eb00007775803779
6 15301476 ea00007775003779
6 15302095 bbbb
6 15302868 bfbf000700000000
6 15304495 bfbf000800000000
6 15305119 ffffcccc01b2cc00
6 15308608 b000000700000000
6 15310109 bbbb
6 15311439 aaaa
6 15311728 b000000800000000
6 15312390 ffffcccc06a5c600
6 15314181 aaaa
6 15314823 eb0000777580377a
6 15815298 ea0000777500377a
6 15815869 bbbb
6 15816588 bfbf000700000000
6 15818386 bfbf000800000000
6 15818808 ffffcccc01b2cc00
6 15822364 b000000700000000
6 15824000 bbbb
6 18888300 aaaa
6 18888808 b000000800000000
6 18889418 ffffcccc06a5c600
6 18891154 aaaa
6 18891738 eb0000777580377b
6 19392228 ea0000777500377b
6 19392811 bbbb
6 19393580 bfbf000700000000
6 19395139 bfbf000800000000
6 19395783 ffffcccc01b2cc00
6 19399297 b000000700000000
6 19400620 bbbb
6 19404397 aaaa
6 19405118 b000000800000000
6 19405789 ffffcccc06a5c600
6 19407784 aaaa
6 19408396 eb0000777580377c
6 19908931 ea0000777500377c
6 19909526 bbbb
6 19910677 bfbf000700000000
6 19912542 bfbf000800000000
6 19913162 ffffcccc01b2cc00
6 19916695 b000000700000000
6 19918051 bbbb
# Core 7 LOG DUMP ==================================================
# DCB 7 ffffff0006a5c800 pixels
# DCB 7 ffffff0001b2ce00 monitor
7 6127 ffffcccc01b2ce00
7 2427131 ffff0001000030b1
7 2516124 aaaa
7 2516582 b000000800000000
7 2517171 ffffcccc06a5c800
7 2518924 aaaa
7 2519572 eb0000777780359d
7 3020096 ea0000777700359d
7 3021104 bbbb
7 3022308 bfbf000700000000
7 3023754 bfbf000800000000
7 3024892 ffffcccc01b2ce00
7 3028424 b000000700000000
7 3029919 bbbb
7 3035379 aaaa
7 3035701 b000000800000000
7 3036888 ffffcccc06a5c800
7 3038648 aaaa
7 3039264 eb0000777780359e
7 3539731 ea0000777700359e
7 3540736 bbbb
7 3541459 bfbf000700000000
7 3543598 bfbf000800000000
7 3544601 ffffcccc01b2ce00
7 3548665 b000000700000000
7 3550145 b000000800000000
7 3551394 ffffcccc06a5c800
7 3553160 aaaa
7 3553540 eb0000777780359f
7 4054062 ea0000777700359f
7 4054582 bbbb
7 4055298 bfbf000700000000
7 4056426 bfbf000800000000
7 4056989 ffffcccc01b2ce00
7 4060694 b000000700000000
7 4062001 bbbb
7 4064233 aaaa
7 4064559 b000000800000000
7 4065502 ffffcccc06a5c800
7 4067217 aaaa
7 4067600 eb000077778035a0
7 4568114 ea000077770035a0
7 4568692 bbbb
7 4569413 bfbf000700000000
7 4570594 bfbf000800000000
7 4571204 ffffcccc01b2ce00
7 4575040 b000000700000000
7 4576441 bbbb
7 4580514 aaaa
7 4580993 b000000800000000
7 4581894 ffffcccc06a5c800
7 4583619 aaaa
7 4584002 eb000077778035a1
7 5084497 ea000077770035a1
7 5085006 bbbb
7 5085724 bfbf000700000000
7 5086833 bfbf000800000000
7 5087522 ffffcccc01b2ce00
7 5091608 b000000700000000
7 5093313 bbbb
7 7128490 aaaa
7 7129000 b000000800000000
7 7129837 ffffcccc06a5c800
7 7131561 aaaa
7 7131954 eb000077778035a2
7 7632444 ea000077770035a2
7 7632960 bbbb
7 7634412 bfbf000700000000
7 7635807 bfbf000800000000
7 7636468 ffffcccc01b2ce00
7 7640334 b000000700000000
7 7641698 bbbb
7 7644079 aaaa
7 7644775 b000000800000000
7 7645671 ffffcccc06a5c800
7 7647404 aaaa
7 7647790 eb000077778035a3
7 8148282 ea000077770035a3
7 8148801 bbbb
7 8149523 bfbf000700000000
7 8150656 bfbf000800000000
7 8151241 ffffcccc01b2ce00
7 8155210 b000000700000000
7 8156629 bbbb
7 8158677 aaaa
7 8158964 b000000800000000
7 8159967 ffffcccc06a5c800
7 8161682 aaaa
7 8162067 eb000077778035a4
7 8662566 ea000077770035a4
7 8663082 bbbb
7 8663800 bfbf000700000000
7 8665283 bfbf000800000000
7 8665849 ffffcccc01b2ce00
7 8669631 b000000700000000
7 8670938 bbbb
7 8675733 aaaa
7 8676022 b000000800000000
7 8677204 ffffcccc06a5c800
7 8678955 aaaa
7 8679339 eb000077778035a5
7 9179854 ea000077770035a5
7 9180686 bbbb
7 9181408 bfbf000700000000
7 9182745 bfbf000800000000
7 9183121 ffffcccc01b2ce00
7 9186817 b000000700000000
7 9188159 bbbb
7 11219657 aaaa
7 11220482 b000000800000000
7 11221310 ffffcccc06a5c800
7 11223099 aaaa
7 11223482 eb000077778035a6
7 11723956 ea000077770035a6
7 11724528 bbbb
7 11725700 bfbf000700000000
7 11727337 bfbf000800000000
7 11727696 ffffcccc01b2ce00
7 11731543 b000000700000000
7 11732947 bbbb
7 11734657 aaaa
7 11735159 b000000800000000
7 11736102 ffffcccc06a5c800
7 11737856 aaaa
7 11738241 eb000077778035a7
7 12238740 ea000077770035a7
7 12239284 bbbb
7 12240011 bfbf000700000000
7 12241315 bfbf000800000000
7 12242002 ffffcccc01b2ce00
7 12245728 b000000700000000
7 12247319 bbbb
7 12250036 aaaa
7 12250320 b000000800000000
7 12251266 ffffcccc06a5c800
7 12253015 aaaa
7 12253399 eb000077778035a8
7 12753870 ea000077770035a8
7 12754395 bbbb
7 12755115 bfbf000700000000
7 12756291 bfbf000800000000
7 12756910 ffffcccc01b2ce00
7 12760715 b000000700000000
7 12762013 bbbb
7 12765990 aaaa
7 12766443 b000000800000000
7 12767343 ffffcccc06a5c800
7 12769076 aaaa
7 12769461 eb000077778035a9
7 13269966 ea000077770035a9
7 13270478 bbbb
7 13271197 bfbf000700000000
7 13272648 bfbf000800000000
7 13273495 ffffcccc01b2ce00
7 13277434 b000000700000000
7 13279258 bbbb
7 13282812 aaaa
7 13283210 b000000800000000
7 13284124 ffffcccc06a5c800
7 13285839 aaaa
7 13286224 eb000077778035aa
7 13786731 ea000077770035aa
7 13787267 bbbb
7 13787994 bfbf000700000000
7 13789669 bfbf000800000000
7 13790264 ffffcccc01b2ce00
7 13794061 b000000700000000
7 13795607 bbbb
7 15311777 aaaa
7 15312064 b000000800000000
7 15312908 ffffcccc06a5c800
7 15314857 aaaa
7 15315242 eb000077778035ab
7 15815734 ea000077770035ab
7 15816283 bbbb
7 15817518 bfbf000700000000
7 15818661 bfbf000800000000
7 15819030 ffffcccc01b2ce00
7 15822815 b000000700000000
7 15824314 bbbb
7 15825867 aaaa
7 15826182 b000000800000000
7 15827143 ffffcccc06a5c800
7 15828890 aaaa
7 15829278 eb000077778035ac
7 16329789 ea000077770035ac
7 16330360 bbbb
7 16331082 bfbf000700000000
7 16332627 bfbf000800000000
7 16333348 ffffcccc01b2ce00
7 16337171 b000000700000000
7 16338595 bbbb
7 16341873 aaaa
7 16342339 b000000800000000
7 16343238 ffffcccc06a5c800
7 16344951 aaaa
7 16345336 eb000077778035ad
7 16845855 ea000077770035ad
7 16846371 bbbb
7 16847102 bfbf000700000000
7 16848462 bfbf000800000000
7 16849200 ffffcccc01b2ce00
7 16852883 b000000700000000
7 16854226 bbbb
7 16858176 aaaa
7 16858534 b000000800000000
7 16859504 ffffcccc06a5c800
7 16861217 aaaa
7 16861603 eb000077778035ae
7 17362089 ea000077770035ae
7 17362836 bbbb
7 17364034 bfbf000700000000
7 17365663 bfbf000800000000
7 17366029 ffffcccc01b2ce00
7 17369826 b000000700000000
7 17371293 bbbb
7 17373133 aaaa
7 17373415 b000000800000000
7 17374360 ffffcccc06a5c800
7 17376077 aaaa
7 17376457 eb000077778035af
7 17876928 ea000077770035af
7 17877445 bbbb
7 17878163 bfbf000700000000
7 17879544 bfbf000800000000
7 17880140 ffffcccc01b2ce00
7 17883592 b000000700000000
7 17884975 bbbb
7 19405795 aaaa
7 19406324 b000000800000000
7 19407162 ffffcccc06a5c800
7 19408873 aaaa
7 19409258 eb000077778035b0
7 19909777 ea000077770035b0
7 19910858 bbbb
7 19911595 bfbf000700000000
7 19913420 bfbf000800000000
7 19914040 ffffcccc01b2ce00
7 19918159 b000000700000000
7 19919692 bbbb
7 19921677 aaaa
7 19922017 b000000800000000
7 19922944 ffffcccc06a5c800
7 19924679 aaaa
7 19925062 eb000077778035b1
# Core 8 LOG DUMP ==================================================
# DCB 8 ffffff0006a5ca00 pixels
# DCB 8 ffffff0001b2d000 monitor
8 3825 ffffcccc01b2d000
# Core 9 LOG DUMP ==================================================
# DCB 9 ffffff0006a5cc00 pixels
# DCB 9 ffffff0001b2d200 monitor
9 5149 ffffcccc01b2d200
9 16728161 ffff000100003060
# Core 10 LOG DUMP ==================================================
# DCB 10 ffffff0006a5ce00 pixels
# DCB 10 ffffff0001b2d400 monitor
10 4332 ffffcccc01b2d400
10 13011874 ffff000100003037
# Core 11 LOG DUMP ==================================================
# DCB 11 ffffff000713a000 pixels
# DCB 11 ffffff000445a600 e1000n
# DCB 11 ffffff0001b2d600 monitor
11 4323 ffffcccc0445a600
11 4800 ffffcccc01b2d600
11 7526 ffffcccc0445a600
11 10575765 ffff00010000300f
11 10576125 ffffcccc01b2d600
11 10579028 ffffcccc0445a600
# Core 12 LOG DUMP ==================================================
# DCB 12 ffffff000713a200 pixels
# DCB 12 ffffff0001b2d800 monitor
12 3812 ffffcccc01b2d800
12 7998192 ffff000100002fe6
# Core 13 LOG DUMP ==================================================
# DCB 13 ffffff000713a400 pixels
# DCB 13 ffffff0001b2da00 monitor
13 4288 ffffcccc01b2da00
13 6009598 ffff000100002fbd
# Core 14 LOG DUMP ==================================================
# DCB 14 ffffff000713a600 pixels
# DCB 14 ffffff0001b2dc00 monitor
14 6383 ffffcccc01b2dc00
14 3735856 ffff000100002f94
# Core 15 LOG DUMP ==================================================
# DCB 15 ffffff000713a800 pixels
# DCB 15 ffffff000445a800 bfscope
# DCB 15 ffffff0001b2de00 monitor
15 5998 ffffcccc0445a800
15 6196 ffffcccc01b2de00
15 8879 ffffcccc0445a800
15 19495975 ffff000100002f4d
15 19496421 ffffcccc01b2de00
15 19499096 ffffcccc0445a800
