037211# Start 371947867965 Duration 20000000 Stop 371967867965
# Core 0 LOG DUMP ==================================================
0 0 1234000000000001
# DCB 0 ffffff000713aa00 fish
# DCB 0 ffffff000445aa00 pixels
# DCB 0 ffffff000445a400 serial
# DCB 0 ffffff000445a200 pci
# DCB 0 ffffff000445a000 skb
# DCB 0 ffffff0001b2c000 chips
# DCB 0 ffffff0001e06000 mem_serv
# DCB 0 ffffff0001e06200 monitor
0 8037 ffffcccc0713aa00
0 1009656 ea0000776f80391e
0 1010195 ea0000777180256d
0 1010853 ea000077738031f6
0 1011558 ea0000777580369c
0 1012406 ea00007777803481
0 1012969 ea000077798014c0
0 1015097 bbbb
0 1024075 bfbf000700000000
0 1025244 bfbf000800000000
0 1025664 ffffcccc01e06200
0 1028874 b000000700000000
0 1030181 b000000700000000
0 1036465 bbbb
0 1071667 b000bbbb00000014
0 1518344 aaaa
0 1518991 b000000800000000
0 1520109 ffffcccc0713aa00
0 1523657 aaaa
0 1524314 eb000077790014c0
0 1525483 eb00007777003481
0 1526184 eb0000777500369c
0 1527211 eb000077730031f6
0 1528092 eb0000777100256d
0 1529054 eb0000776f00391e
0 1529738 ea0000776f80391f
0 1530593 ea0000777180256e
0 1531022 ea000077738031f7
0 1531868 ea0000777580369d
0 1532381 ea00007777803482
0 1533393 ea000077798014c1
0 1535111 bbbb
0 1544135 bfbf000700000000
0 1545294 bfbf000800000000
0 1545687 ffffcccc01e06200
0 1548839 b000000700000000
0 1550070 b000000700000000
0 1556310 bbbb
0 1592160 b000bbbb00000014
0 2037448 aaaa
0 2037850 b000000800000000
0 2039247 ffffcccc0713aa00
0 2043222 aaaa
0 2043917 eb000077790014c1
0 2044609 eb00007777003482
0 2045331 eb0000777500369d
0 2046105 eb000077730031f7
0 2046931 eb0000777100256e
0 2048202 eb0000776f00391f
0 2048967 ea0000777580369e
0 2049777 bbbb
0 2059202 bfbf000700000000
0 2060354 bfbf000800000000
0 2060763 ffffcccc01e06200
0 2063552 b000000700000000
0 2064828 b000000700000000
0 2071067 bbbb
0 2106468 b000bbbb00000014
0 2341063 ffff0001000031ba
0 2555458 aaaa
0 2555863 b000000800000000
0 2556476 ffffcccc0713aa00
0 2559421 aaaa
0 2560067 eb0000777500369e
0 2560847 ea0000777580369f
0 2561820 bbbb
0 2570457 bfbf000700000000
0 2571606 bfbf000800000000
0 2571990 ffffcccc01e06200
0 2580726 b000000700000000
0 2581583 b000000700000000
0 2584334 bbbb
0 3068393 aaaa
0 3068814 b000000800000000
0 3069746 ffffcccc0713aa00
0 3073275 aaaa
0 3073872 eb0000777500369f
0 3074702 ea0000776f803920
0 3075516 ea0000777180256f
0 3075957 ea000077738031f8
0 3076394 ea000077758036a0
0 3077334 bbbb
0 3086620 bfbf000700000000
0 3087773 bfbf000800000000
0 3088152 ffffcccc01e06200
0 3096873 b000000700000000
0 3097773 b000000700000000
0 3100421 bbbb
0 3583166 aaaa
0 3583537 b000000800000000
0 3584413 ffffcccc0713aa00
0 3586645 aaaa
0 3587256 eb000077730031f8
0 3588118 eb0000777100256f
0 3588884 eb0000776f003920
0 3590763 eb000077750036a0
0 3591467 ea0000776f803921
0 3591891 ea00007771802570
0 3592314 ea000077738031f9
0 3593532 bbbb
0 3602320 bfbf000700000000
0 3603431 bfbf000800000000
0 3603815 ffffcccc01e06200
0 3606917 b000000700000000
0 3608523 b000000700000000
0 3614416 bbbb
0 3650068 b000bbbb00000014
0 4097923 aaaa
0 4098542 b000000800000000
0 4099719 ffffcccc0713aa00
0 4102148 aaaa
0 4102779 eb000077730031f9
0 4103389 eb00007771002570
0 4103694 eb0000776f003921
0 9106309 ea0000776d800159
0 9107407 ea0000776f803922
0 9107812 ea00007771802571
0 9108250 ea000077738031fa
0 9109143 ea000077758036a1
0 9110170 ea00007777803483
0 9112541 bbbb
0 9121591 bfbf000700000000
0 9122718 bfbf000800000000
0 9123338 ffffcccc01e06200
0 9126221 b000000700000000
0 9127449 b000000700000000
0 9133586 bbbb
0 9169896 b000bbbb00000014
0 9614052 aaaa
0 9614644 b000000800000000
0 9615875 ffffcccc0713aa00
0 9618546 aaaa
0 9619163 eb0000776d000159
0 9621405 eb00007777003483
0 9622242 eb000077750036a1
0 9623426 eb000077730031fa
0 9624519 eb00007771002571
0 9625246 eb0000776f003922
0 9626011 ea0000776d80015a
0 9626558 ea0000776f803923
0 9626997 ea00007771802572
0 9627987 ea000077738031fb
0 9628526 ea000077758036a2
0 9629621 ea00007777803484
0 9630663 bbbb
0 9640540 bfbf000700000000
0 9641681 bfbf000800000000
0 9642303 ffffcccc01e06200
0 9645161 b000000700000000
0 9646354 b000000700000000
0 9652572 bbbb
0 9687377 b000bbbb00000014
0 10134129 aaaa
0 10134671 b000000800000000
0 10136051 ffffcccc0713aa00
0 10138845 aaaa
0 10139462 eb0000776d00015a
0 10141635 eb00007777003484
0 10142444 eb000077750036a2
0 10143935 eb000077730031fb
0 10144922 eb00007771002572
0 10145611 eb0000776f003923
0 10146120 ea00007771802573
0 10146789 ea00007777803485
0 10147655 bbbb
0 10156700 bfbf000700000000
0 10157828 bfbf000800000000
0 10158402 ffffcccc01e06200
0 10161186 b000000700000000
0 10162806 b000000700000000
0 10168722 bbbb
0 10204043 b000bbbb00000014
0 10653054 aaaa
0 10653428 b000000800000000
0 10654607 ffffcccc0713aa00
0 10658124 aaaa
0 10658771 eb00007777003485
0 10659828 eb00007771002573
0 10660596 ea00007771802574
0 10661526 ea00007777803486
0 10662759 bbbb
0 10671407 bfbf000700000000
0 10672554 bfbf000800000000
0 10673173 ffffcccc01e06200
0 10675989 b000000700000000
0 10677183 b000000700000000
0 10683442 bbbb
0 10718328 b000bbbb00000014
0 11167500 aaaa
0 11167875 b000000800000000
0 11169043 ffffcccc0713aa00
0 11172900 aaaa
0 11173535 eb00007777003486
0 11174436 eb00007771002574
0 11175181 ea00007771802575
0 11176179 ea000077738031fc
0 11176730 ea000077758036a3
0 11177802 ea00007777803487
0 11179079 bbbb
0 11187916 bfbf000700000000
0 11189064 bfbf000800000000
0 11189448 ffffcccc01e06200
0 11198240 b000000700000000
0 11199200 b000000700000000
0 11201805 bbbb
0 11236518 b000bbbb00000014
0 11682214 aaaa
0 11682624 b000000800000000
0 11683990 ffffcccc0713aa00
0 11687517 aaaa
0 11688164 eb00007777003487
0 11689066 eb000077750036a3
0 11689812 eb000077730031fc
0 11690232 eb00007771002575
0 11691433 ea000077738031fd
0 11692365 ea000077758036a4
0 11693437 bbbb
0 11702185 bfbf000700000000
0 11703331 bfbf000800000000
0 11703975 ffffcccc01e06200
0 11712666 b000000700000000
0 11713568 b000000700000000
0 11716306 bbbb
0 11751456 b000bbbb00000014
0 12197970 aaaa
0 12198330 b000000800000000
0 12199293 ffffcccc0713aa00
0 12202858 aaaa
0 12203478 eb000077750036a4
0 12204123 eb000077730031fd
0 13205350 ea00007771802576
0 13206076 ea000077738031fe
0 13206492 ea000077758036a5
0 13207336 bbbb
0 13216284 bfbf000700000000
0 13217419 bfbf000800000000
0 13217803 ffffcccc01e06200
0 13226389 b000000700000000
0 13227372 b000000700000000
0 13230207 bbbb
0 13265897 b000bbbb00000014
0 13713192 aaaa
0 13713552 b000000800000000
0 13714874 ffffcccc0713aa00
0 13716991 aaaa
0 13717648 eb00007771002576
0 13719682 eb000077750036a5
0 13720326 eb000077730031fe
0 13721361 ea0000776f803924
0 13721796 ea00007771802577
0 13722183 ea000077738031ff
0 13722669 ea000077758036a6
0 13723827 ea00007777803488
0 13725012 bbbb
0 13734324 bfbf000700000000
0 13735467 bfbf000800000000
0 13735851 ffffcccc01e06200
0 13738718 b000000700000000
0 13739972 b000000700000000
0 13746600 bbbb
0 13782610 b000bbbb00000014
0 14228631 aaaa
0 14229237 b000000800000000
0 14230613 ffffcccc0713aa00
0 14233097 aaaa
0 14233759 eb00007771002577
0 14234430 eb0000776f003924
0 14236457 eb00007777003488
0 14236977 eb000077750036a6
0 14237829 eb000077730031ff
0 14238774 ea0000776f803925
0 14239620 ea00007777803489
0 14240414 bbbb
0 14249309 bfbf000700000000
0 14250468 bfbf000800000000
0 14251023 ffffcccc01e06200
0 14253912 b000000700000000
0 14255241 b000000700000000
0 14261559 bbbb
0 14297723 b000bbbb00000014
0 14745606 aaaa
0 14746014 b000000800000000
0 14747032 ffffcccc0713aa00
0 14749252 aaaa
0 14749919 eb0000776f003925
0 14751935 eb00007777003489
0 14752673 ea0000776f803926
0 14753106 ea0000777780348a
0 14754050 bbbb
0 14762841 bfbf000700000000
0 14763999 bfbf000800000000
0 14764644 ffffcccc01e06200
0 14767458 b000000700000000
0 14768621 b000000700000000
0 14774841 bbbb
0 14810589 b000bbbb00000014
0 15259502 aaaa
0 15259883 b000000800000000
0 15260470 ffffcccc0713aa00
0 15263489 aaaa
0 15264198 eb0000776f003926
0 15266142 eb0000777700348a
0 15266813 ea0000776f803927
0 15267653 ea00007771802578
0 15268056 ea00007773803200
0 15268703 ea000077758036a7
0 15269405 ea0000777780348b
0 15270870 bbbb
0 15279543 bfbf000700000000
0 15280687 bfbf000800000000
0 15281071 ffffcccc01e06200
0 15284141 b000000700000000
0 15285821 b000000700000000
0 15291792 bbbb
0 15327128 b000bbbb00000014
0 15774604 aaaa
0 15775002 b000000800000000
0 15776168 ffffcccc0713aa00
0 15778883 aaaa
0 15779820 eb000077750036a7
0 15780509 eb00007773003200
0 15781011 eb00007771002578
0 15781528 eb0000776f003927
0 15783891 eb0000777700348b
0 15784610 ea00007771802579
0 15785103 ea00007773803201
0 15785535 ea000077758036a8
0 15786367 bbbb
0 15795065 bfbf000700000000
0 15796190 bfbf000800000000
0 15796574 ffffcccc01e06200
0 15799655 b000000700000000
0 15801240 b000000700000000
0 15807243 bbbb
0 15842469 b000bbbb00000014
0 16291271 aaaa
0 16291663 b000000800000000
0 16293086 ffffcccc0713aa00
0 16295353 aaaa
0 16296298 eb000077750036a8
0 16296947 eb00007773003201
0 16297209 eb00007771002579
0 17298161 ea0000776f803928
0 17298902 ea000077758036a9
0 17300709 bbbb
0 17309485 bfbf000700000000
0 17310620 bfbf000800000000
0 17311230 ffffcccc01e06200
0 17314115 b000000700000000
0 17315485 b000000700000000
0 17321702 bbbb
0 17356938 b000bbbb00000014
0 17806106 aaaa
0 17806499 b000000800000000
0 17807439 ffffcccc0713aa00
0 17810192 aaaa
0 17810646 eb0000776f003928
0 17812719 eb000077750036a9
0 17813499 ea0000776f803929
0 17814330 ea00007773803202
0 17814720 ea000077758036aa
0 17815629 ea0000777780348c
0 17816641 bbbb
0 17825518 bfbf000700000000
0 17826648 bfbf000800000000
0 17827030 ffffcccc01e06200
0 17830245 b000000700000000
0 17831480 b000000700000000
0 17837652 bbbb
0 17872030 b000bbbb00000014
0 18321003 aaaa
0 18321456 b000000800000000
0 18322583 ffffcccc0713aa00
0 18324981 aaaa
0 18325677 eb00007773003202
0 18326948 eb0000776f003929
0 18328830 eb0000777700348c
0 18329362 eb000077750036aa
0 18329867 ea0000776f80392a
0 18330728 ea00007773803203
0 18331140 ea0000777780348d
0 18332431 bbbb
0 18341604 bfbf000700000000
0 18342741 bfbf000800000000
0 18343110 ffffcccc01e06200
0 18346186 b000000700000000
0 18347770 b000000700000000
0 18353943 bbbb
0 18388718 b000bbbb00000014
0 18837396 aaaa
0 18837785 b000000800000000
0 18838701 ffffcccc0713aa00
0 18840807 aaaa
0 18841501 eb00007773003203
0 18842468 eb0000776f00392a
0 18844365 eb0000777700348d
0 18845136 ea0000776f80392b
0 18845654 ea00007773803204
0 18846044 ea0000777780348e
0 18846884 bbbb
0 18855864 bfbf000700000000
0 18856971 bfbf000800000000
0 18857354 ffffcccc01e06200
0 18860473 b000000700000000
0 18861649 b000000700000000
0 18867998 bbbb
0 18902680 b000bbbb00000014
0 19351683 aaaa
0 19352057 b000000800000000
0 19353074 ffffcccc0713aa00
0 19355326 aaaa
0 19356245 eb00007773003204
0 19357082 eb0000776f00392b
0 19358893 eb0000777700348e
0 19359675 ea0000776f80392c
0 19360482 ea0000777180257a
0 19361054 ea00007773803205
0 19361624 ea0000777780348f
0 19362961 bbbb
0 19372769 bfbf000700000000
0 19373886 bfbf000800000000
0 19374255 ffffcccc01e06200
0 19377086 b000000700000000
0 19378846 b000000700000000
0 19384845 bbbb
0 19419785 b000bbbb00000014
0 19866537 aaaa
0 19867074 b000000800000000
0 19868630 ffffcccc0713aa00
0 19871417 aaaa
0 19872102 eb00007773003205
0 19873242 eb0000777100257a
0 19873899 eb0000776f00392c
0 19876348 eb0000777700348f
0 19877081 ea0000777180257b
0 19877721 ea00007777803490
0 19878486 bbbb
0 19887505 bfbf000700000000
0 19888620 bfbf000800000000
0 19889240 ffffcccc01e06200
0 19897799 b000000700000000
0 19899135 b000000700000000
0 19901295 bbbb
0 19936170 b000bbbb00000014
# Core 1 LOG DUMP ==================================================
# DCB 1 ffffff000445ac00 pixels
# DCB 1 ffffff0001b2c200 monitor
1 2651 ffffcccc01b2c200
1 5788821 ffff000100003195
# Core 2 LOG DUMP ==================================================
# DCB 2 ffffff000445ae00 pixels
# DCB 2 ffffff0001b2c400 monitor
2 4696 ffffcccc01b2c400
2 1346822 ffff00010000316c
2 9108464 aaaa
2 9109245 b000000800000000
2 9110022 ffffcccc0445ae00
2 9112230 aaaa
2 9113092 eb0000776d800159
2 9613811 ea0000776d000159
2 9614282 bbbb
2 9615029 bfbf000700000000
2 9616932 bfbf000800000000
2 9617612 ffffcccc01b2c400
2 9621271 b000000700000000
2 9622503 bbbb
2 9626942 aaaa
2 9627164 b000000800000000
2 9628111 ffffcccc0445ae00
2 9630225 aaaa
2 9631479 eb0000776d80015a
2 10131996 ea0000776d00015a
2 10132488 bbbb
2 10133196 bfbf000700000000
2 10134674 bfbf000800000000
2 10135423 ffffcccc01b2c400
2 10140242 b000000700000000
2 10141425 bbbb
# Core 3 LOG DUMP ==================================================
# DCB 3 ffffff0006a5c000 pixels
# DCB 3 ffffff0001b2c600 monitor
3 2701 ffffcccc01b2c600
3 1010661 aaaa
3 1011302 b000000800000000
3 1011934 ffffcccc06a5c000
3 1013968 aaaa
3 1015080 eb0000776f80391e
3 1515803 ea0000776f00391e
3 1516272 bbbb
3 1517030 bfbf000700000000
3 1518261 bfbf000800000000
3 1519008 ffffcccc01b2c600
3 1522901 b000000700000000
3 1524183 bbbb
3 1530966 aaaa
3 1531621 b000000800000000
3 1532257 ffffcccc06a5c000
3 1534184 aaaa
3 1534978 eb0000776f80391f
3 2036178 ea0000776f00391f
3 2036675 bbbb
3 2037394 bfbf000700000000
3 2038553 bfbf000800000000
3 2039459 ffffcccc01b2c600
3 2043114 b000000700000000
3 2044283 bbbb
3 3076228 aaaa
3 3076857 b000000800000000
3 3077483 ffffcccc06a5c000
3 3079249 aaaa
3 3079808 eb0000776f803920
3 3580539 ea0000776f003920
3 3581370 bbbb
3 3582102 bfbf000700000000
3 3583286 bfbf000800000000
3 3583962 ffffcccc01b2c600
3 3587762 b000000700000000
3 3589101 bbbb
3 3592249 aaaa
3 3592890 b000000800000000
3 3593576 ffffcccc06a5c000
3 3595931 aaaa
3 3596324 eb0000776f803921
3 4097105 ea0000776f003921
3 4097634 bbbb
3 4098351 bfbf000700000000
3 4099647 bfbf000800000000
3 4100634 ffffcccc01b2c600
3 4104213 b000000700000000
3 4105591 bbbb
3 9108216 aaaa
3 9108873 b000000800000000
3 9109481 ffffcccc06a5c000
3 9111553 aaaa
3 9112082 eb0000776f803922
3 9612873 ea0000776f003922
3 9613389 bbbb
3 9614122 bfbf000700000000
3 9615339 bfbf000800000000
3 9616456 ffffcccc01b2c600
3 9620532 b000000700000000
3 9621882 bbbb
3 9627350 aaaa
3 9627820 b000000800000000
3 9628460 ffffcccc06a5c000
3 9630429 aaaa
3 9631661 eb0000776f803923
3 10132451 ea0000776f003923
3 10132950 bbbb
3 10133669 bfbf000700000000
3 10134816 bfbf000800000000
3 10136138 ffffcccc01b2c600
3 10139662 b000000700000000
3 10140993 bbbb
3 13722197 aaaa
3 13722571 b000000800000000
3 13723241 ffffcccc06a5c000
3 13725500 aaaa
3 13726326 eb0000776f803924
3 14227092 ea0000776f003924
3 14227595 bbbb
3 14228400 bfbf000700000000
3 14229569 bfbf000800000000
3 14230712 ffffcccc01b2c600
3 14234343 b000000700000000
3 14235720 bbbb
3 14240009 aaaa
3 14240379 b000000800000000
3 14241022 ffffcccc06a5c000
3 14242897 aaaa
3 14243286 eb0000776f803925
3 14743990 ea0000776f003925
3 14744495 bbbb
3 14745213 bfbf000700000000
3 14746365 bfbf000800000000
3 14747036 ffffcccc01b2c600
3 14750559 b000000700000000
3 14751890 bbbb
3 14753573 aaaa
3 14753939 b000000800000000
3 14754581 ffffcccc06a5c000
3 14756560 aaaa
3 14756952 eb0000776f803926
3 15257712 ea0000776f003926
3 15258222 bbbb
3 15258941 bfbf000700000000
3 15260131 bfbf000800000000
3 15260785 ffffcccc01b2c600
3 15264495 b000000700000000
3 15265814 bbbb
3 15267999 aaaa
3 15268618 b000000800000000
3 15269270 ffffcccc06a5c000
3 15271478 aaaa
3 15272038 eb0000776f803927
3 15772813 ea0000776f003927
3 15773315 bbbb
3 15774036 bfbf000700000000
3 15775160 bfbf000800000000
3 15776460 ffffcccc01b2c600
3 15779969 b000000700000000
3 15781354 bbbb
3 17299585 aaaa
3 17299958 b000000800000000
3 17300543 ffffcccc06a5c000
3 17302264 aaaa
3 17302816 eb0000776f803928
3 17803580 ea0000776f003928
3 17804431 bbbb
3 17805164 bfbf000700000000
3 17806376 bfbf000800000000
3 17807567 ffffcccc01b2c600
3 17811511 b000000700000000
3 17812848 bbbb
3 17814695 aaaa
3 17815327 b000000800000000
3 17815965 ffffcccc06a5c000
3 17818137 aaaa
3 17818705 eb0000776f803929
3 18319483 ea0000776f003929
3 18320041 bbbb
3 18320760 bfbf000700000000
3 18321912 bfbf000800000000
3 18322665 ffffcccc01b2c600
3 18326217 b000000700000000
3 18327545 bbbb
3 18331075 aaaa
3 18331710 b000000800000000
3 18332359 ffffcccc06a5c000
3 18334103 aaaa
3 18334667 eb0000776f80392a
3 18835414 ea0000776f00392a
3 18835921 bbbb
3 18836654 bfbf000700000000
3 18837845 bfbf000800000000
3 18838590 ffffcccc01b2c600
3 18842184 b000000700000000
3 18843602 bbbb
3 18846054 aaaa
3 18846424 b000000800000000
3 18847121 ffffcccc06a5c000
3 18849263 aaaa
3 18849656 eb0000776f80392b
3 19350360 ea0000776f00392b
3 19350927 bbbb
3 19351648 bfbf000700000000
3 19352789 bfbf000800000000
3 19353783 ffffcccc01b2c600
3 19357288 b000000700000000
3 19358632 bbbb
3 19360855 aaaa
3 19361504 b000000800000000
3 19362164 ffffcccc06a5c000
3 19364490 aaaa
3 19365058 eb0000776f80392c
3 19573671 ffff000100003145
3 19865522 ea0000776f00392c
3 19865919 bbbb
3 19866686 bfbf000700000000
3 19868504 bfbf000800000000
3 19869233 ffffcccc01b2c600
3 19873024 b000000700000000
3 19874347 bbbb
# Core 4 LOG DUMP ==================================================
# DCB 4 ffffff0006a5c200 pixels
# DCB 4 ffffff0001b2c800 monitor
4 3525 ffffcccc01b2c800
4 1011437 aaaa
4 1012399 b000000800000000
4 1012991 ffffcccc06a5c200
4 1015201 aaaa
4 1016053 eb0000777180256d
4 1516775 ea0000777100256d
4 1517254 bbbb
4 1518012 bfbf000700000000
4 1519216 bfbf000800000000
4 1520478 ffffcccc01b2c800
4 1524627 b000000700000000
4 1525847 bbbb
4 1531478 aaaa
4 1532176 b000000800000000
4 1533218 ffffcccc06a5c200
4 1535411 aaaa
4 1536535 eb0000777180256e
4 2037242 ea0000777100256e
4 2037745 bbbb
4 2038840 bfbf000700000000
4 2040462 bfbf000800000000
4 2041302 ffffcccc01b2c800
4 2044933 b000000700000000
4 2046260 bbbb
4 3076758 aaaa
4 3077481 b000000800000000
4 3078119 ffffcccc06a5c200
4 3080253 aaaa
4 3080647 eb0000777180256f
4 3581406 ea0000777100256f
4 3581987 bbbb
4 3582719 bfbf000700000000
4 3583851 bfbf000800000000
4 3584630 ffffcccc01b2c800
4 3588198 b000000700000000
4 3589583 bbbb
4 3592724 aaaa
4 3593450 b000000800000000
4 3594105 ffffcccc06a5c200
4 3596256 aaaa
4 3596655 eb00007771802570
4 4097378 ea00007771002570
4 4097970 bbbb
4 4098689 bfbf000700000000
4 4100425 bfbf000800000000
4 4101087 ffffcccc01b2c800
4 4104698 b000000700000000
4 4106049 bbbb
4 9108827 aaaa
4 9109455 b000000800000000
4 9110561 ffffcccc06a5c200
4 9112615 aaaa
4 9113248 eb00007771802571
4 9614032 ea00007771002571
4 9614613 bbbb
4 9615680 bfbf000700000000
4 9617451 bfbf000800000000
4 9618319 ffffcccc01b2c800
4 9621900 b000000700000000
4 9623618 bbbb
4 9628430 aaaa
4 9629265 b000000800000000
4 9630199 ffffcccc06a5c200
4 9632586 aaaa
4 9633314 eb00007771802572
4 10134054 ea00007771002572
4 10134677 bbbb
4 10135551 bfbf000700000000
4 10137951 bfbf000800000000
4 10138750 ffffcccc01b2c800
4 10142404 b000000700000000
4 10143920 bbbb
4 10147392 aaaa
4 10147938 b000000800000000
4 10149117 ffffcccc06a5c200
4 10150841 aaaa
4 10151240 eb00007771802573
4 10651962 ea00007771002573
4 10652529 bbbb
4 10653257 bfbf000700000000
4 10654594 bfbf000800000000
4 10655217 ffffcccc01b2c800
4 10659083 b000000700000000
4 10660464 bbbb
4 10661914 aaaa
4 10662416 b000000800000000
4 10663070 ffffcccc06a5c200
4 10665222 aaaa
4 10665620 eb00007771802574
4 11166361 ea00007771002574
4 11166926 bbbb
4 11167647 bfbf000700000000
4 11169091 bfbf000800000000
4 11169713 ffffcccc01b2c800
4 11173602 b000000700000000
4 11175062 bbbb
4 11176526 aaaa
4 11177035 b000000800000000
4 11177731 ffffcccc06a5c200
4 11179663 aaaa
4 11180332 eb00007771802575
4 11681105 ea00007771002575
4 11681679 bbbb
4 11682408 bfbf000700000000
4 11683762 bfbf000800000000
4 11684391 ffffcccc01b2c800
4 11688405 b000000700000000
4 11689796 bbbb
4 13206627 aaaa
4 13206999 b000000800000000
4 13207619 ffffcccc06a5c200
4 13209747 aaaa
4 13210145 eb00007771802576
4 13710872 ea00007771002576
4 13711474 bbbb
4 13712207 bfbf000700000000
4 13713386 bfbf000800000000
4 13714001 ffffcccc01b2c800
4 13718275 b000000700000000
4 13719662 bbbb
4 13722687 aaaa
4 13723392 b000000800000000
4 13724560 ffffcccc06a5c200
4 13726719 aaaa
4 13727357 eb00007771802577
4 14228147 ea00007771002577
4 14228727 bbbb
4 14229450 bfbf000700000000
4 14231302 bfbf000800000000
4 14231945 ffffcccc01b2c800
4 14235507 b000000700000000
4 14236999 bbbb
4 15268592 aaaa
4 15268971 b000000800000000
4 15269882 ffffcccc06a5c200
4 15272142 aaaa
4 15272801 eb00007771802578
4 15602353 ffff00010000311d
4 15773589 ea00007771002578
4 15773997 bbbb
4 15774759 bfbf000700000000
4 15777146 bfbf000800000000
4 15777897 ffffcccc01b2c800
4 15781581 b000000700000000
4 15783128 bbbb
4 15785550 aaaa
4 15785813 b000000800000000
4 15786458 ffffcccc06a5c200
4 15788750 aaaa
4 15789350 eb00007771802579
4 16289838 ea00007771002579
4 16290419 bbbb
4 16291141 bfbf000700000000
4 16292792 bfbf000800000000
4 16293428 ffffcccc01b2c800
4 16297333 b000000700000000
4 16298717 bbbb
4 19361423 aaaa
4 19361816 b000000800000000
4 19362686 ffffcccc06a5c200
4 19364472 aaaa
4 19365303 eb0000777180257a
4 19865813 ea0000777100257a
4 19866425 bbbb
4 19867163 bfbf000700000000
4 19869607 bfbf000800000000
4 19870350 ffffcccc01b2c800
4 19874025 b000000700000000
4 19875843 bbbb
4 19878282 aaaa
4 19878553 b000000800000000
4 19879761 ffffcccc06a5c200
4 19881506 aaaa
4 19882081 eb0000777180257b
4 20382548 ea0000777100257b
# Core 5 LOG DUMP ==================================================
# DCB 5 ffffff0006a5c400 pixels
# DCB 5 ffffff0001b2ca00 monitor
5 2928 ffffcccc01b2ca00
5 1012482 aaaa
5 1013895 b000000800000000
5 1015041 ffffcccc06a5c400
5 1016799 aaaa
5 1017404 eb000077738031f6
5 1518141 ea000077730031f6
5 1518620 bbbb
5 1519361 bfbf000700000000
5 1521370 bfbf000800000000
5 1522136 ffffcccc01b2ca00
5 1525726 b000000700000000
5 1527111 bbbb
5 1532301 aaaa
5 1533503 b000000800000000
5 1534154 ffffcccc06a5c400
5 1536310 aaaa
5 1536926 eb000077738031f7
5 2037672 ea000077730031f7
5 2038158 bbbb
5 2038865 bfbf000700000000
5 2040639 bfbf000800000000
5 2041687 ffffcccc01b2ca00
5 2045186 b000000700000000
5 2046688 bbbb
5 3077321 aaaa
5 3078252 b000000800000000
5 3078941 ffffcccc06a5c400
5 3080651 aaaa
5 3081035 eb000077738031f8
5 3581775 ea000077730031f8
5 3582291 bbbb
5 3583006 bfbf000700000000
5 3584187 bfbf000800000000
5 3584864 ffffcccc01b2ca00
5 3588815 b000000700000000
5 3590371 bbbb
5 3593571 aaaa
5 3594366 b000000800000000
5 3595020 ffffcccc06a5c400
5 3596758 aaaa
5 3597143 eb000077738031f9
5 4097883 ea000077730031f9
5 4098417 bbbb
5 4099480 bfbf000700000000
5 4100779 bfbf000800000000
5 4101419 ffffcccc01b2ca00
5 4104924 b000000700000000
5 4106271 bbbb
5 9109605 aaaa
5 9110338 b000000800000000
5 9110933 ffffcccc06a5c400
5 9112889 aaaa
5 9113832 eb000077738031fa
5 9614561 ea000077730031fa
5 9615167 bbbb
5 9616339 bfbf000700000000
5 9617498 bfbf000800000000
5 9618145 ffffcccc01b2ca00
5 9621761 b000000700000000
5 9623341 bbbb
5 9628935 aaaa
5 9629415 b000000800000000
5 9630108 ffffcccc06a5c400
5 9632132 aaaa
5 9633090 eb000077738031fb
5 10133775 ea000077730031fb
5 10134293 bbbb
5 10134993 bfbf000700000000
5 10137201 bfbf000800000000
5 10137926 ffffcccc01b2ca00
5 10141415 b000000700000000
5 10142775 bbbb
5 11177258 aaaa
5 11177634 b000000800000000
5 11178278 ffffcccc06a5c400
5 11180135 aaaa
5 11180772 eb000077738031fc
5 11681475 ea000077730031fc
5 11681982 bbbb
5 11682693 bfbf000700000000
5 11684261 bfbf000800000000
5 11684906 ffffcccc01b2ca00
5 11688543 b000000700000000
5 11689949 bbbb
5 11692755 aaaa
5 11693123 b000000800000000
5 11693795 ffffcccc06a5c400
5 11695879 aaaa
5 11696265 eb000077738031fd
5 11998204 ffff0001000030f6
5 12197014 ea000077730031fd
5 12197415 bbbb
5 12198162 bfbf000700000000
5 12199604 bfbf000800000000
5 12200194 ffffcccc01b2ca00
5 12203719 b000000700000000
5 12205112 bbbb
5 13206948 aaaa
5 13207284 b000000800000000
5 13207894 ffffcccc06a5c400
5 13209935 aaaa
5 13210514 eb000077738031fe
5 13711039 ea000077730031fe
5 13711562 bbbb
5 13712273 bfbf000700000000
5 13713698 bfbf000800000000
5 13714458 ffffcccc01b2ca00
5 13718059 b000000700000000
5 13719430 bbbb
5 13723092 aaaa
5 13723614 b000000800000000
5 13724286 ffffcccc06a5c400
5 13726420 aaaa
5 13727053 eb000077738031ff
5 14227558 ea000077730031ff
5 14228072 bbbb
5 14228771 bfbf000700000000
5 14230591 bfbf000800000000
5 14231670 ffffcccc01b2ca00
5 14235192 b000000700000000
5 14236541 bbbb
5 15269086 aaaa
5 15269625 b000000800000000
5 15270258 ffffcccc06a5c400
5 15272387 aaaa
5 15273027 eb00007773803200
5 15773507 ea00007773003200
5 15774018 bbbb
5 15774732 bfbf000700000000
5 15776849 bfbf000800000000
5 15777422 ffffcccc01b2ca00
5 15781033 b000000700000000
5 15782533 bbbb
5 15786009 aaaa
5 15786339 b000000800000000
5 15787005 ffffcccc06a5c400
5 15789006 aaaa
5 15789587 eb00007773803201
5 16290063 ea00007773003201
5 16290569 bbbb
5 16291270 bfbf000700000000
5 16293044 bfbf000800000000
5 16293926 ffffcccc01b2ca00
5 16297479 b000000700000000
5 16298912 bbbb
5 17815425 aaaa
5 17815709 b000000800000000
5 17816657 ffffcccc06a5c400
5 17818371 aaaa
5 17818991 eb00007773803202
5 18319480 ea00007773003202
5 18320060 bbbb
5 18320774 bfbf000700000000
5 18322208 bfbf000800000000
5 18322936 ffffcccc01b2ca00
5 18326527 b000000700000000
5 18327887 bbbb
5 18331533 aaaa
5 18331992 b000000800000000
5 18332651 ffffcccc06a5c400
5 18334797 aaaa
5 18335394 eb00007773803203
5 18835882 ea00007773003203
5 18836398 bbbb
5 18837106 bfbf000700000000
5 18838499 bfbf000800000000
5 18839079 ffffcccc01b2ca00
5 18842696 b000000700000000
5 18844193 bbbb
5 18846432 aaaa
5 18846735 b000000800000000
5 18847415 ffffcccc06a5c400
5 18849518 aaaa
5 18849902 eb00007773803204
5 19350413 ea00007773003204
5 19350937 bbbb
5 19351655 bfbf000700000000
5 19353355 bfbf000800000000
5 19354051 ffffcccc01b2ca00
5 19357651 b000000700000000
5 19359101 bbbb
5 19361964 aaaa
5 19362617 b000000800000000
5 19363269 ffffcccc06a5c400
5 19365327 aaaa
5 19365957 eb00007773803205
5 19866486 ea00007773003205
5 19867292 bbbb
5 19867991 bfbf000700000000
5 19869540 bfbf000800000000
5 19870146 ffffcccc01b2ca00
5 19873644 b000000700000000
5 19874993 bbbb
# Core 6 LOG DUMP ==================================================
# DCB 6 ffffff0006a5c600 pixels
# DCB 6 ffffff0001b2cc00 monitor
6 3229 ffffcccc01b2cc00
6 1013132 aaaa
6 1014026 b000000800000000
6 1015606 ffffcccc06a5c600
6 1018071 aaaa
6 1018460 eb0000777580369c
6 1519200 ea0000777500369c
6 1519912 bbbb
6 1520670 bfbf000700000000
6 1522509 bfbf000800000000
6 1523225 ffffcccc01b2cc00
6 1526858 b000000700000000
6 1528152 bbbb
6 1532737 aaaa
6 1533726 b000000800000000
6 1534653 ffffcccc06a5c600
6 1536495 aaaa
6 1537167 eb0000777580369d
6 2037906 ea0000777500369d
6 2038598 bbbb
6 2039761 bfbf000700000000
6 2040921 bfbf000800000000
6 2042028 ffffcccc01b2cc00
6 2045482 b000000700000000
6 2046963 bbbb
6 2049922 aaaa
6 2050489 b000000800000000
6 2051367 ffffcccc06a5c600
6 2053092 aaaa
6 2053492 eb0000777580369e
6 2554230 ea0000777500369e
6 2554822 bbbb
6 2555544 bfbf000700000000
6 2556723 bfbf000800000000
6 2557386 ffffcccc01b2cc00
6 2560878 b000000700000000
6 2562180 b000000800000000
6 2563073 ffffcccc06a5c600
6 2565102 aaaa
6 2565505 eb0000777580369f
6 3065994 ea0000777500369f
6 3066573 bbbb
6 3067516 bfbf000700000000
6 3068609 bfbf000800000000
6 3069234 ffffcccc01b2cc00
6 3072791 b000000700000000
6 3074199 bbbb
6 3077225 aaaa
6 3077505 b000000800000000
6 3078173 ffffcccc06a5c600
6 3080755 aaaa
6 3081161 eb000077758036a0
6 3581655 ea000077750036a0
6 3582237 bbbb
6 3583185 bfbf000700000000
6 3584363 bfbf000800000000
6 3585302 ffffcccc01b2cc00
6 3588849 b000000700000000
6 3590601 bbbb
6 8802842 ffff0001000030cd
6 9111088 aaaa
6 9111582 b000000800000000
6 9112422 ffffcccc06a5c600
6 9114156 aaaa
6 9114778 eb000077758036a1
6 9615302 ea000077750036a1
6 9616326 bbbb
6 9617093 bfbf000700000000
6 9618685 bfbf000800000000
6 9619396 ffffcccc01b2cc00
6 9623424 b000000700000000
6 9625034 bbbb
6 9630133 aaaa
6 9630639 b000000800000000
6 9631571 ffffcccc06a5c600
6 9633849 aaaa
6 9634266 eb000077758036a2
6 10134788 ea000077750036a2
6 10136013 bbbb
6 10136730 bfbf000700000000
6 10137909 bfbf000800000000
6 10138554 ffffcccc01b2cc00
6 10142324 b000000700000000
6 10143759 bbbb
6 11178387 aaaa
6 11178807 b000000800000000
6 11179648 ffffcccc06a5c600
6 11181644 aaaa
6 11182046 eb000077758036a3
6 11682511 ea000077750036a3
6 11683269 bbbb
6 11684519 bfbf000700000000
6 11686341 bfbf000800000000
6 11686762 ffffcccc01b2cc00
6 11690558 b000000700000000
6 11691964 bbbb
6 11693249 aaaa
6 11693520 b000000800000000
6 11694708 ffffcccc06a5c600
6 11696454 aaaa
6 11696861 eb000077758036a4
6 12197322 ea000077750036a4
6 12197907 bbbb
6 12198624 bfbf000700000000
6 12200046 bfbf000800000000
6 12200661 ffffcccc01b2cc00
6 12204495 b000000700000000
6 12205809 bbbb
6 13207373 aaaa
6 13207868 b000000800000000
6 13208707 ffffcccc06a5c600
6 13210442 aaaa
6 13210848 eb000077758036a5
6 13711364 ea000077750036a5
6 13711960 bbbb
6 13712699 bfbf000700000000
6 13713833 bfbf000800000000
6 13714718 ffffcccc01b2cc00
6 13718754 b000000700000000
6 13720236 bbbb
6 13724224 aaaa
6 13724514 b000000800000000
6 13725403 ffffcccc06a5c600
6 13727690 aaaa
6 13728087 eb000077758036a6
6 14228607 ea000077750036a6
6 14229199 bbbb
6 14230415 bfbf000700000000
6 14232041 bfbf000800000000
6 14232666 ffffcccc01b2cc00
6 14236475 b000000700000000
6 14237885 bbbb
6 15269894 aaaa
6 15270343 b000000800000000
6 15271202 ffffcccc06a5c600
6 15273303 aaaa
6 15273710 eb000077758036a7
6 15774210 ea000077750036a7
6 15774810 bbbb
6 15775809 bfbf000700000000
6 15777761 bfbf000800000000
6 15778386 ffffcccc01b2cc00
6 15782163 b000000700000000
6 15783501 bbbb
6 15786415 aaaa
6 15786870 b000000800000000
6 15787766 ffffcccc06a5c600
6 15789563 aaaa
6 15789961 eb000077758036a8
6 16290434 ea000077750036a8
6 16291005 bbbb
6 16291728 bfbf000700000000
6 16293346 bfbf000800000000
6 16294374 ffffcccc01b2cc00
6 16298169 b000000700000000
6 16299583 bbbb
6 17300031 aaaa
6 17300357 b000000800000000
6 17301194 ffffcccc06a5c600
6 17303164 aaaa
6 17303562 eb000077758036a9
6 17804026 ea000077750036a9
6 17804597 bbbb
6 17805329 bfbf000700000000
6 17806472 bfbf000800000000
6 17807392 ffffcccc01b2cc00
6 17811552 b000000700000000
6 17813032 bbbb
6 17816043 aaaa
6 17816704 b000000800000000
6 17817942 ffffcccc06a5c600
6 17819686 aaaa
6 17820086 eb000077758036aa
6 18320561 ea000077750036aa
6 18321155 bbbb
6 18322353 bfbf000700000000
6 18323997 bfbf000800000000
6 18324635 ffffcccc01b2cc00
6 18328431 b000000700000000
6 18329761 bbbb
# Core 7 LOG DUMP ==================================================
# DCB 7 ffffff0006a5c800 pixels
# DCB 7 ffffff0001b2ce00 monitor
7 4884 ffffcccc01b2ce00
7 1013712 aaaa
7 1014724 b000000800000000
7 1015352 ffffcccc06a5c800
7 1017259 aaaa
7 1017637 eb00007777803481
7 1518370 ea00007777003481
7 1518851 bbbb
7 1519808 bfbf000700000000
7 1521543 bfbf000800000000
7 1522348 ffffcccc01b2ce00
7 1525872 b000000700000000
7 1527305 bbbb
7 1534085 aaaa
7 1534689 b000000800000000
7 1535284 ffffcccc06a5c800
7 1537839 aaaa
7 1538211 eb00007777803482
7 2038982 ea00007777003482
7 2039976 bbbb
7 2040701 bfbf000700000000
7 2042135 bfbf000800000000
7 2042708 ffffcccc01b2ce00
7 2046304 b000000700000000
7 2047587 bbbb
7 4530544 ffff0001000030a3
7 9112176 aaaa
7 9112502 b000000800000000
7 9113096 ffffcccc06a5c800
7 9115539 aaaa
7 9116116 eb00007777803483
7 9616646 ea00007777003483
7 9617257 bbbb
7 9618004 bfbf000700000000
7 9619443 bfbf000800000000
7 9620115 ffffcccc01b2ce00
7 9623655 b000000700000000
7 9625519 bbbb
7 9630534 aaaa
7 9631330 b000000800000000
7 9632017 ffffcccc06a5c800
7 9634272 aaaa
7 9634859 eb00007777803484
7 10135317 ea00007777003484
7 10136513 bbbb
7 10137219 bfbf000700000000
7 10138669 bfbf000800000000
7 10139022 ffffcccc01b2ce00
7 10142864 b000000700000000
7 10144589 bbbb
7 10147625 aaaa
7 10147947 b000000800000000
7 10148864 ffffcccc06a5c800
7 10150578 aaaa
7 10151154 eb00007777803485
7 10651663 ea00007777003485
7 10652175 bbbb
7 10652889 bfbf000700000000
7 10654804 bfbf000800000000
7 10655674 ffffcccc01b2ce00
7 10659098 b000000700000000
7 10660613 bbbb
7 10662791 aaaa
7 10663263 b000000800000000
7 10663925 ffffcccc06a5c800
7 10665637 aaaa
7 10666218 eb00007777803486
7 11166702 ea00007777003486
7 11167215 bbbb
7 11167928 bfbf000700000000
7 11169383 bfbf000800000000
7 11170153 ffffcccc01b2ce00
7 11173617 b000000700000000
7 11175233 bbbb
7 11179149 aaaa
7 11179584 b000000800000000
7 11180252 ffffcccc06a5c800
7 11181969 aaaa
7 11182546 eb00007777803487
7 11683065 ea00007777003487
7 11683781 bbbb
7 11684485 bfbf000700000000
7 11686124 bfbf000800000000
7 11686479 ffffcccc01b2ce00
7 11689947 b000000700000000
7 11691458 bbbb
7 13724993 aaaa
7 13725281 b000000800000000
7 13726184 ffffcccc06a5c800
7 13727935 aaaa
7 13728515 eb00007777803488
7 14229048 ea00007777003488
7 14229559 bbbb
7 14230279 bfbf000700000000
7 14231818 bfbf000800000000
7 14232371 ffffcccc01b2ce00
7 14235948 b000000700000000
7 14237323 bbbb
7 14240637 aaaa
7 14240932 b000000800000000
7 14241587 ffffcccc06a5c800
7 14243322 aaaa
7 14243904 eb00007777803489
7 14744424 ea00007777003489
7 14744936 bbbb
7 14745645 bfbf000700000000
7 14747276 bfbf000800000000
7 14747839 ffffcccc01b2ce00
7 14751285 b000000700000000
7 14752708 bbbb
7 14753963 aaaa
7 14754247 b000000800000000
7 14755203 ffffcccc06a5c800
7 14756916 aaaa
7 14757497 eb0000777780348a
7 15257991 ea0000777700348a
7 15258519 bbbb
7 15259228 bfbf000700000000
7 15260660 bfbf000800000000
7 15261441 ffffcccc01b2ce00
7 15265094 b000000700000000
7 15266435 bbbb
7 15270911 aaaa
7 15271355 b000000800000000
7 15272017 ffffcccc06a5c800
7 15273741 aaaa
7 15274342 eb0000777780348b
7 15774856 ea0000777700348b
7 15775487 bbbb
7 15777092 bfbf000700000000
7 15778503 bfbf000800000000
7 15778857 ffffcccc01b2ce00
7 15782272 b000000700000000
7 15783674 bbbb
7 17816796 aaaa
7 17817165 b000000800000000
7 17817759 ffffcccc06a5c800
7 17819506 aaaa
7 17820091 eb0000777780348c
7 18320614 ea0000777700348c
7 18321193 bbbb
7 18322192 bfbf000700000000
7 18323642 bfbf000800000000
7 18324195 ffffcccc01b2ce00
7 18327828 b000000700000000
7 18329383 bbbb
7 18332423 aaaa
7 18332938 b000000800000000
7 18333606 ffffcccc06a5c800
7 18335342 aaaa
7 18335917 eb0000777780348d
7 18836415 ea0000777700348d
7 18836946 bbbb
7 18837654 bfbf000700000000
7 18839050 bfbf000800000000
7 18839780 ffffcccc01b2ce00
7 18843247 b000000700000000
7 18844640 bbbb
7 18846918 aaaa
7 18847384 b000000800000000
7 18848043 ffffcccc06a5c800
7 18849756 aaaa
7 18850357 eb0000777780348e
7 19350875 ea0000777700348e
7 19351392 bbbb
7 19352140 bfbf000700000000
7 19353825 bfbf000800000000
7 19354394 ffffcccc01b2ce00
7 19357911 b000000700000000
7 19359270 bbbb
7 19362949 aaaa
7 19363453 b000000800000000
7 19364106 ffffcccc06a5c800
7 19366001 aaaa
7 19366570 eb0000777780348f
7 19867080 ea0000777700348f
7 19867782 bbbb
7 19868491 bfbf000700000000
7 19869909 bfbf000800000000
7 19870566 ffffcccc01b2ce00
7 19874004 b000000700000000
7 19875538 bbbb
7 19878540 aaaa
7 19879018 b000000800000000
7 19879686 ffffcccc06a5c800
7 19881423 aaaa
7 19881808 eb00007777803490
7 20382291 ea00007777003490
# Core 8 LOG DUMP ==================================================
# DCB 8 ffffff0006a5ca00 pixels
# DCB 8 ffffff0001b2d000 monitor
8 4735 ffffcccc01b2d000
8 1015194 aaaa
8 1016549 b000000800000000
8 1017311 ffffcccc06a5ca00
8 1019108 aaaa
8 1019501 eb000077798014c0
8 1041674 ffff00010000307a
8 1520242 ea000077790014c0
8 1521100 bbbb
8 1521847 bfbf000700000000
8 1523405 bfbf000800000000
8 1523844 ffffcccc01b2d000
8 1527858 b000000700000000
8 1529019 bbbb
8 1535178 aaaa
8 1535697 b000000800000000
8 1536309 ffffcccc06a5ca00
8 1538130 aaaa
8 1538799 eb000077798014c1
8 2039274 ea000077790014c1
8 2040236 bbbb
8 2041148 bfbf000700000000
8 2042580 bfbf000800000000
8 2043001 ffffcccc01b2d000
8 2046535 b000000700000000
8 2047910 bbbb
# Core 9 LOG DUMP ==================================================
# DCB 9 ffffff0006a5cc00 pixels
# DCB 9 ffffff0001b2d200 monitor
9 3266 ffffcccc01b2d200
9 18831535 ffff000100003052
# Core 10 LOG DUMP ==================================================
# DCB 10 ffffff0006a5ce00 pixels
# DCB 10 ffffff0001b2d400 monitor
10 4194 ffffcccc01b2d400
10 15115278 ffff000100003029
# Core 11 LOG DUMP ==================================================
# DCB 11 ffffff000713a000 pixels
# DCB 11 ffffff000445a600 e1000n
# DCB 11 ffffff0001b2d600 monitor
11 6382 ffffcccc0445a600
11 7038 ffffcccc01b2d600
11 9654 ffffcccc0445a600
11 12679347 ffff000100003001
11 12679697 ffffcccc01b2d600
11 12682549 ffffcccc0445a600
# Core 12 LOG DUMP ==================================================
# DCB 12 ffffff000713a200 pixels
# DCB 12 ffffff0001b2d800 monitor
12 4208 ffffcccc01b2d800
12 10101558 ffff000100002fd8
# Core 13 LOG DUMP ==================================================
# DCB 13 ffffff000713a400 pixels
# DCB 13 ffffff0001b2da00 monitor
13 6352 ffffcccc01b2da00
13 8112899 ffff000100002faf
# Core 14 LOG DUMP ==================================================
# DCB 14 ffffff000713a600 pixels
# DCB 14 ffffff0001b2dc00 monitor
14 5994 ffffcccc01b2dc00
14 5839162 ffff000100002f86
# Core 15 LOG DUMP ==================================================
# DCB 15 ffffff000713a800 pixels
# DCB 15 ffffff000445a800 bfscope
# DCB 15 ffffff0001b2de00 monitor
15 5679 ffffcccc0445a800
15 5871 ffffcccc01b2de00
15 8542 ffffcccc0445a800
