# Start 373070401617 Duration 20000000 Stop 373090401617
# Core 0 LOG DUMP ==================================================
0 0 1234000000000001
# DCB 0 ffffff000713aa00 fish
# DCB 0 ffffff000445aa00 pixels
# DCB 0 ffffff000445a400 serial
# DCB 0 ffffff000445a200 pci
# DCB 0 ffffff000445a000 skb
# DCB 0 ffffff0001b2c000 chips
# DCB 0 ffffff0001e06000 mem_serv
# DCB 0 ffffff0001e06200 monitor
0 8259 ffffcccc0713aa00
0 9475 ea0000776f803cb1
0 10103 ea000077718027d6
0 10880 ea0000777380358a
0 11562 ea00007777803800
0 13081 bbbb
0 21741 bfbf000700000000
0 22891 bfbf000800000000
0 23309 ffffcccc01e06200
0 26199 b000000700000000
0 27759 b000000700000000
0 34027 bbbb
0 68805 b000bbbb00000014
0 517673 aaaa
0 518072 b000000800000000
0 519338 ffffcccc0713aa00
0 521628 aaaa
0 522270 eb0000777300358a
0 522888 eb000077710027d6
0 523437 eb0000776f003cb1
0 525528 eb00007777003800
0 526334 ea000077718027d7
0 527137 ea00007777803801
0 528149 bbbb
0 536732 bfbf000700000000
0 537869 bfbf000800000000
0 538251 ffffcccc01e06200
0 541364 b000000700000000
0 542973 b000000700000000
0 548888 bbbb
0 584080 b000bbbb00000014
0 1034312 aaaa
0 1034705 b000000800000000
0 1035321 ffffcccc0713aa00
0 1037657 aaaa
0 1038296 eb000077710027d7
0 1040312 eb00007777003801
0 2041634 ea000077718027d8
0 2042334 ea0000777380358b
0 2042775 ea00007775803951
0 2043627 bbbb
0 2052495 bfbf000700000000
0 2053610 bfbf000800000000
0 2054275 ffffcccc01e06200
0 2057265 b000000700000000
0 2058345 b000000700000000
0 2064614 bbbb
0 2100220 b000bbbb00000014
0 2549259 aaaa
0 2549681 b000000800000000
0 2550648 ffffcccc0713aa00
0 2553394 aaaa
0 2553975 eb00007775003951
0 2554846 eb0000777300358b
0 2555463 eb000077710027d8
0 2556193 ea0000776f803cb2
0 2556680 ea000077718027d9
0 2557115 ea0000777380358c
0 2558266 ea00007775803952
0 2559122 ea00007777803802
0 2561290 bbbb
0 2570269 bfbf000700000000
0 2571396 bfbf000800000000
0 2572019 ffffcccc01e06200
0 2574870 b000000700000000
0 2576091 b000000700000000
0 2582352 bbbb
0 2618154 b000bbbb00000014
0 3062826 aaaa
0 3063228 b000000800000000
0 3064136 ffffcccc0713aa00
0 3066851 aaaa
0 3067531 eb0000776f003cb2
0 3070106 eb00007777003802
0 3070644 eb00007775003952
0 3071346 eb0000777300358c
0 3072134 eb000077710027d9
0 3072581 ea0000776f803cb3
0 3073460 ea0000777380358d
0 3074848 ea00007777803803
0 3076276 bbbb
0 3085485 bfbf000700000000
0 3086606 bfbf000800000000
0 3087238 ffffcccc01e06200
0 3095808 b000000700000000
0 3097113 b000000700000000
0 3099436 bbbb
0 3134855 b000bbbb00000014
0 3581187 aaaa
0 3581583 b000000800000000
0 3582590 ffffcccc0713aa00
0 3584685 aaaa
0 3585360 eb0000776f003cb3
0 3587334 eb00007777003803
0 3587996 eb0000777300358d
0 3588761 ea0000776f803cb4
0 3589918 ea0000777380358e
0 3590303 ea00007777803804
0 3591191 bbbb
0 3600332 bfbf000700000000
0 3601458 bfbf000800000000
0 3601847 ffffcccc01e06200
0 3604742 b000000700000000
0 3606460 b000000700000000
0 3612307 bbbb
0 3647182 b000bbbb00000014
0 4097033 aaaa
0 4097900 b000000800000000
0 4099035 ffffcccc0713aa00
0 4101179 aaaa
0 4101547 eb0000776f003cb4
0 4103723 eb00007777003804
0 4104486 eb0000777300358e
0 4105200 ea0000776f803cb5
0 4105598 ea0000777380358f
0 4106075 ea00007775803953
0 4106628 ea00007777803805
0 4107975 bbbb
0 4116927 bfbf000700000000
0 4118070 bfbf000800000000
0 4118452 ffffcccc01e06200
0 4121301 b000000700000000
0 4122524 b000000700000000
0 4129109 bbbb
0 4164018 b000bbbb00000014
0 4611615 aaaa
0 4612004 b000000800000000
0 4613838 ffffcccc0713aa00
0 4616044 aaaa
0 4616682 eb0000776f003cb5
0 4618710 eb00007777003805
0 4619316 eb00007775003953
0 4620411 eb0000777300358f
0 4621190 ea00007773803590
0 4621695 ea00007775803954
0 4622633 bbbb
0 4632246 bfbf000700000000
0 4633368 bfbf000800000000
0 4633752 ffffcccc01e06200
0 4636901 b000000700000000
0 4638528 b000000700000000
0 4644411 bbbb
0 4679926 b000bbbb00000014
0 4812106 ffff0001000031ec
0 5127935 aaaa
0 5128332 b000000800000000
0 5129370 ffffcccc0713aa00
0 5132884 aaaa
0 5133710 eb00007775003954
0 5134601 eb00007773003590
0 10637736 ea0000776f803cb6
0 10638597 ea00007775803955
0 10639426 bbbb
0 10648362 bfbf000700000000
0 10649491 bfbf000800000000
0 10650141 ffffcccc01e06200
0 10653219 b000000700000000
0 10654438 b000000700000000
0 10660637 bbbb
0 10696170 b000bbbb00000014
0 11144777 aaaa
0 11145144 b000000800000000
0 11146056 ffffcccc0713aa00
0 11148180 aaaa
0 11148827 eb0000776f003cb6
0 11150832 eb00007775003955
0 11151530 ea0000776f803cb7
0 11152438 ea000077718027da
0 11153216 ea00007773803591
0 11153754 ea00007775803956
0 11154159 ea000077798014f8
0 11155575 bbbb
0 11164296 bfbf000700000000
0 11165423 bfbf000800000000
0 11165805 ffffcccc01e06200
0 11168888 b000000700000000
0 11170500 b000000700000000
0 11176407 bbbb
0 11210732 b000bbbb00000014
0 11658248 aaaa
0 11658642 b000000800000000
0 11660100 ffffcccc0713aa00
0 11662382 aaaa
0 11662995 eb00007773003591
0 11664193 eb000077710027da
0 11664715 eb0000776f003cb7
0 11666832 eb000077790014f8
0 11668382 eb00007775003956
0 11669568 ea0000776f803cb8
0 11670408 ea000077718027db
0 11671235 ea00007773803592
0 11672088 ea00007775803957
0 11672618 ea000077798014f9
0 11673999 bbbb
0 11682908 bfbf000700000000
0 11684058 bfbf000800000000
0 11684443 ffffcccc01e06200
0 11692937 b000000700000000
0 11694290 b000000700000000
0 11696853 bbbb
0 11732073 b000bbbb00000014
0 12177618 aaaa
0 12177984 b000000800000000
0 12179388 ffffcccc0713aa00
0 12182225 aaaa
0 12182841 eb00007773003592
0 12183477 eb000077710027db
0 12184059 eb0000776f003cb8
0 12185709 eb000077790014f9
0 12186405 eb00007775003957
0 12187445 ea0000776f803cb9
0 12189030 bbbb
0 12197604 bfbf000700000000
0 12198730 bfbf000800000000
0 12199112 ffffcccc01e06200
0 12202245 b000000700000000
0 12203807 b000000700000000
0 12209677 bbbb
0 12245448 b000bbbb00000014
0 12694200 aaaa
0 12694596 b000000800000000
0 12695479 ffffcccc0713aa00
0 12697526 aaaa
0 12698178 eb0000776f003cb9
0 14199579 ea0000776f803cba
0 14200131 ea000077718027dc
0 14200521 ea00007773803593
0 14200952 ea00007775803958
0 14201733 ea00007777803806
0 14204085 bbbb
0 14212928 bfbf000700000000
0 14214081 bfbf000800000000
0 14214443 ffffcccc01e06200
0 14223153 b000000700000000
0 14223990 b000000700000000
0 14226824 bbbb
0 14706905 aaaa
0 14707473 b000000800000000
0 14708848 ffffcccc0713aa00
0 14712161 aaaa
0 14712818 eb00007777003806
0 14713476 eb00007775003958
0 14714214 eb00007773003593
0 14715590 eb000077710027dc
0 14716130 eb0000776f003cba
0 14717066 ea0000776f803cbb
0 14717534 ea000077718027dd
0 14718044 ea00007773803594
0 14718561 ea00007775803959
0 14719577 ea00007777803807
0 14720793 bbbb
0 14729643 bfbf000700000000
0 14730768 bfbf000800000000
0 14731152 ffffcccc01e06200
0 14733996 b000000700000000
0 14735265 b000000700000000
0 14741590 bbbb
0 14776350 b000bbbb00000014
0 15223963 aaaa
0 15224754 b000000800000000
0 15226323 ffffcccc0713aa00
0 15229616 aaaa
0 15230324 eb00007777003807
0 15231197 eb00007775003959
0 15231828 eb00007773003594
0 15232614 eb000077710027dd
0 15233458 eb0000776f003cbb
0 15234542 ea00007777803808
0 15236169 bbbb
0 15244512 bfbf000700000000
0 15245647 bfbf000800000000
0 15246295 ffffcccc01e06200
0 15249119 b000000700000000
0 15250376 b000000700000000
0 15256715 bbbb
0 15291561 b000bbbb00000014
0 15742526 aaaa
0 15742919 b000000800000000
0 15743873 ffffcccc0713aa00
0 15746933 aaaa
0 15747640 eb00007777003808
0 15748427 ea00007777803809
0 15749680 bbbb
0 15758725 bfbf000700000000
0 15759870 bfbf000800000000
0 15760254 ffffcccc01e06200
0 15769052 b000000700000000
0 15770103 b000000700000000
0 15772698 bbbb
0 16255689 aaaa
0 16256075 b000000800000000
0 16257054 ffffcccc0713aa00
0 16260570 aaaa
0 16261265 eb00007777003809
0 16262084 ea0000776f803cbc
0 16262610 ea000077718027de
0 16263000 ea00007773803595
0 16263392 ea0000777580395a
0 16263879 ea0000777780380a
0 16265265 bbbb
0 16274234 bfbf000700000000
0 16275375 bfbf000800000000
0 16275759 ffffcccc01e06200
0 16284704 b000000700000000
0 16285557 b000000700000000
0 16288150 bbbb
0 16769631 aaaa
0 16770096 b000000800000000
0 16771248 ffffcccc0713aa00
0 16774046 aaaa
0 16774703 eb0000777500395a
0 16775639 eb00007773003595
0 16776329 eb000077710027de
0 16777010 eb0000776f003cbc
0 16779080 eb0000777700380a
0 16779785 ea0000776f803cbd
0 16780218 ea000077718027df
0 16780630 ea00007773803596
0 16781025 ea0000777580395b
0 16782799 bbbb
0 16791399 bfbf000700000000
0 16792513 bfbf000800000000
0 16792892 ffffcccc01e06200
0 16795985 b000000700000000
0 16797595 b000000700000000
0 16803717 bbbb
0 16838615 b000bbbb00000014
0 17286693 aaaa
0 17287074 b000000800000000
0 17288267 ffffcccc0713aa00
0 17290509 aaaa
0 17291439 eb0000777500395b
0 17292315 eb00007773003596
0 17292757 eb000077710027df
0 17293219 eb0000776f003cbd
# Core 1 LOG DUMP ==================================================
# DCB 1 ffffff000445ac00 pixels
# DCB 1 ffffff0001b2c200 monitor
1 3373 ffffcccc01b2c200
1 8259546 ffff0001000031c7
# Core 2 LOG DUMP ==================================================
# DCB 2 ffffff000445ae00 pixels
# DCB 2 ffffff0001b2c400 monitor
2 3201 ffffcccc01b2c400
2 3817722 ffff00010000319e
# Core 3 LOG DUMP ==================================================
# DCB 3 ffffff0006a5c000 pixels
# DCB 3 ffffff0001b2c600 monitor
3 3568 ffffcccc01b2c600
3 10451 aaaa
3 10928 b000000800000000
3 11766 ffffcccc06a5c000
3 13790 aaaa
3 14524 eb0000776f803cb1
3 515259 ea0000776f003cb1
3 515726 bbbb
3 516485 bfbf000700000000
3 517683 bfbf000800000000
3 518757 ffffcccc01b2c600
3 522942 b000000700000000
3 524199 bbbb
3 2557033 aaaa
3 2557528 b000000800000000
3 2558355 ffffcccc06a5c000
3 2560472 aaaa
3 2561012 eb0000776f803cb2
3 3061789 ea0000776f003cb2
3 3062257 bbbb
3 3062994 bfbf000700000000
3 3064453 bfbf000800000000
3 3065867 ffffcccc01b2c600
3 3069557 b000000700000000
3 3070769 bbbb
3 3073840 aaaa
3 3074925 b000000800000000
3 3075572 ffffcccc06a5c000
3 3077526 aaaa
3 3078086 eb0000776f803cb3
3 3578829 ea0000776f003cb3
3 3579326 bbbb
3 3580044 bfbf000700000000
3 3581206 bfbf000800000000
3 3582061 ffffcccc01b2c600
3 3585786 b000000700000000
3 3587128 bbbb
3 3590313 aaaa
3 3590802 b000000800000000
3 3591456 ffffcccc06a5c000
3 3593534 aaaa
3 3593927 eb0000776f803cb4
3 4094701 ea0000776f003cb4
3 4095209 bbbb
3 4095947 bfbf000700000000
3 4097140 bfbf000800000000
3 4097817 ffffcccc01b2c600
3 4101755 b000000700000000
3 4103139 bbbb
3 4105957 aaaa
3 4106588 b000000800000000
3 4107243 ffffcccc06a5c000
3 4109267 aaaa
3 4109829 eb0000776f803cb5
3 4610616 ea0000776f003cb5
3 4611197 bbbb
3 4611928 bfbf000700000000
3 4613429 bfbf000800000000
3 4614188 ffffcccc01b2c600
3 4617859 b000000700000000
3 4619205 bbbb
3 10638974 aaaa
3 10639336 b000000800000000
3 10639974 ffffcccc06a5c000
3 10642052 aaaa
3 10642444 eb0000776f803cb6
3 11143228 ea0000776f003cb6
3 11143732 bbbb
3 11144534 bfbf000700000000
3 11145741 bfbf000800000000
3 11146391 ffffcccc01b2c600
3 11150147 b000000700000000
3 11151502 bbbb
3 11152784 aaaa
3 11153147 b000000800000000
3 11153796 ffffcccc06a5c000
3 11155687 aaaa
3 11156433 eb0000776f803cb7
3 11657214 ea0000776f003cb7
3 11657715 bbbb
3 11658474 bfbf000700000000
3 11660082 bfbf000800000000
3 11660881 ffffcccc01b2c600
3 11664515 b000000700000000
3 11665941 bbbb
3 11670757 aaaa
3 11671126 b000000800000000
3 11671797 ffffcccc06a5c000
3 11673841 aaaa
3 11674374 eb0000776f803cb8
3 12175521 ea0000776f003cb8
3 12176025 bbbb
3 12176744 bfbf000700000000
3 12177934 bfbf000800000000
3 12178804 ffffcccc01b2c600
3 12183078 b000000700000000
3 12184405 bbbb
3 12188958 aaaa
3 12189569 b000000800000000
3 12190211 ffffcccc06a5c000
3 12191944 aaaa
3 12192338 eb0000776f803cb9
3 12693069 ea0000776f003cb9
3 12693584 bbbb
3 12694301 bfbf000700000000
3 12695706 bfbf000800000000
3 12696371 ffffcccc01b2c600
3 12699875 b000000700000000
3 12701209 bbbb
3 14200788 aaaa
3 14201648 b000000800000000
3 14202246 ffffcccc06a5c000
3 14204239 aaaa
3 14204762 eb0000776f803cba
3 14705597 ea0000776f003cba
3 14706122 bbbb
3 14706860 bfbf000700000000
3 14708095 bfbf000800000000
3 14708985 ffffcccc01b2c600
3 14712684 b000000700000000
3 14714118 bbbb
3 14717886 aaaa
3 14718504 b000000800000000
3 14719144 ffffcccc06a5c000
3 14721159 aaaa
3 14722019 eb0000776f803cbb
3 15222833 ea0000776f003cbb
3 15223673 bbbb
3 15224390 bfbf000700000000
3 15225842 bfbf000800000000
3 15226659 ffffcccc01b2c600
3 15230744 b000000700000000
3 15232092 bbbb
3 16263188 aaaa
3 16263853 b000000800000000
3 16264438 ffffcccc06a5c000
3 16266991 aaaa
3 16267778 eb0000776f803cbc
3 16768500 ea0000776f003cbc
3 16769000 bbbb
3 16769743 bfbf000700000000
3 16770944 bfbf000800000000
3 16771884 ffffcccc01b2c600
3 16775584 b000000700000000
3 16777094 bbbb
3 16780673 aaaa
3 16781038 b000000800000000
3 16782208 ffffcccc06a5c000
3 16784325 aaaa
3 16784870 eb0000776f803cbd
3 17285631 ea0000776f003cbd
3 17286486 bbbb
3 17287204 bfbf000700000000
3 17288927 bfbf000800000000
3 17289661 ffffcccc01b2c600
3 17293201 b000000700000000
3 17294726 bbbb
# Core 4 LOG DUMP ==================================================
# DCB 4 ffffff0006a5c200 pixels
# DCB 4 ffffff0001b2c800 monitor
4 4985 ffffcccc01b2c800
4 11894 aaaa
4 12813 b000000800000000
4 13430 ffffcccc06a5c200
4 15656 aaaa
4 16064 eb000077718027d6
4 516775 ea000077710027d6
4 517254 bbbb
4 518019 bfbf000700000000
4 519424 bfbf000800000000
4 520405 ffffcccc01b2c800
4 524074 b000000700000000
4 525521 bbbb
4 527597 aaaa
4 528164 b000000800000000
4 528818 ffffcccc06a5c200
4 530844 aaaa
4 531223 eb000077718027d7
4 1031973 ea000077710027d7
4 1032456 bbbb
4 1033173 bfbf000700000000
4 1034328 bfbf000800000000
4 1035240 ffffcccc01b2c800
4 1038794 b000000700000000
4 1040002 bbbb
4 2042916 aaaa
4 2043512 b000000800000000
4 2044118 ffffcccc06a5c200
4 2046246 aaaa
4 2046645 eb000077718027d8
4 2547383 ea000077710027d8
4 2547968 bbbb
4 2548699 bfbf000700000000
4 2549880 bfbf000800000000
4 2550554 ffffcccc01b2c800
4 2554149 b000000700000000
4 2555610 bbbb
4 2557724 aaaa
4 2558442 b000000800000000
4 2559518 ffffcccc06a5c200
4 2561737 aaaa
4 2562566 eb000077718027d9
4 3063307 ea000077710027d9
4 3064136 bbbb
4 3064862 bfbf000700000000
4 3066820 bfbf000800000000
4 3067954 ffffcccc01b2c800
4 3072600 b000000700000000
4 3074247 bbbb
4 11153739 aaaa
4 11154255 b000000800000000
4 11155179 ffffcccc06a5c200
4 11156946 aaaa
4 11157564 eb000077718027da
4 11658311 ea000077710027da
4 11659084 bbbb
4 11659840 bfbf000700000000
4 11661242 bfbf000800000000
4 11661966 ffffcccc01b2c800
4 11665676 b000000700000000
4 11667026 bbbb
4 11671665 aaaa
4 11672221 b000000800000000
4 11673142 ffffcccc06a5c200
4 11675518 aaaa
4 11676153 eb000077718027db
4 12176890 ea000077710027db
4 12177459 bbbb
4 12178184 bfbf000700000000
4 12180067 bfbf000800000000
4 12180938 ffffcccc01b2c800
4 12184463 b000000700000000
4 12185948 bbbb
4 14201097 aaaa
4 14201520 b000000800000000
4 14202153 ffffcccc06a5c200
4 14204405 aaaa
4 14205102 eb000077718027dc
4 14705900 ea000077710027dc
4 14706459 bbbb
4 14707192 bfbf000700000000
4 14708628 bfbf000800000000
4 14709258 ffffcccc01b2c800
4 14713508 b000000700000000
4 14714934 bbbb
4 14718497 aaaa
4 14719057 b000000800000000
4 14720219 ffffcccc06a5c200
4 14722460 aaaa
4 14723063 eb000077718027dd
4 15223808 ea000077710027dd
4 15224418 bbbb
4 15225858 bfbf000700000000
4 15227241 bfbf000800000000
4 15228204 ffffcccc01b2c800
4 15231738 b000000700000000
4 15233262 bbbb
4 16263576 aaaa
4 16264196 b000000800000000
4 16265551 ffffcccc06a5c200
4 16267857 aaaa
4 16268277 eb000077718027de
4 16769043 ea000077710027de
4 16769816 bbbb
4 16771046 bfbf000700000000
4 16773000 bfbf000800000000
4 16773640 ffffcccc01b2c800
4 16777264 b000000700000000
4 16779054 bbbb
4 16781038 aaaa
4 16781744 b000000800000000
4 16782962 ffffcccc06a5c200
4 16785300 aaaa
4 16785699 eb000077718027df
4 17286160 ea000077710027df
4 17286738 bbbb
4 17287457 bfbf000700000000
4 17289184 bfbf000800000000
4 17289917 ffffcccc01b2c800
4 17293457 b000000700000000
4 17295127 bbbb
4 18074007 ffff00010000314f
# Core 5 LOG DUMP ==================================================
# DCB 5 ffffff0006a5c400 pixels
# DCB 5 ffffff0001b2ca00 monitor
5 5987 ffffcccc01b2ca00
5 12180 aaaa
5 13030 b000000800000000
5 13621 ffffcccc06a5c400
5 15762 aaaa
5 16136 eb0000777380358a
5 516856 ea0000777300358a
5 517693 bbbb
5 518431 bfbf000700000000
5 520132 bfbf000800000000
5 520905 ffffcccc01b2ca00
5 524562 b000000700000000
5 525859 bbbb
5 2043597 aaaa
5 2044821 b000000800000000
5 2045436 ffffcccc06a5c400
5 2047197 aaaa
5 2047561 eb0000777380358b
5 2548316 ea0000777300358b
5 2548797 bbbb
5 2549552 bfbf000700000000
5 2550856 bfbf000800000000
5 2551808 ffffcccc01b2ca00
5 2555530 b000000700000000
5 2557004 bbbb
5 2558690 aaaa
5 2559734 b000000800000000
5 2560388 ffffcccc06a5c400
5 2562169 aaaa
5 2562802 eb0000777380358c
5 3063599 ea0000777300358c
5 3064211 bbbb
5 3065452 bfbf000700000000
5 3067101 bfbf000800000000
5 3067758 ffffcccc01b2ca00
5 3072084 b000000700000000
5 3073424 bbbb
5 3075298 aaaa
5 3075903 b000000800000000
5 3076549 ffffcccc06a5c400
5 3078266 aaaa
5 3078875 eb0000777380358d
5 3579641 ea0000777300358d
5 3580155 bbbb
5 3580856 bfbf000700000000
5 3581980 bfbf000800000000
5 3583033 ffffcccc01b2ca00
5 3586623 b000000700000000
5 3588093 bbbb
5 3590691 aaaa
5 3591063 b000000800000000
5 3591756 ffffcccc06a5c400
5 3594014 aaaa
5 3594399 eb0000777380358e
5 4095176 ea0000777300358e
5 4095701 bbbb
5 4096401 bfbf000700000000
5 4097590 bfbf000800000000
5 4098230 ffffcccc01b2ca00
5 4101783 b000000700000000
5 4103332 bbbb
5 4106385 aaaa
5 4106874 b000000800000000
5 4107813 ffffcccc06a5c400
5 4109542 aaaa
5 4110147 eb0000777380358f
5 4610857 ea0000777300358f
5 4611365 bbbb
5 4612065 bfbf000700000000
5 4614073 bfbf000800000000
5 4614897 ffffcccc01b2ca00
5 4618377 b000000700000000
5 4619736 bbbb
5 4622121 aaaa
5 4622490 b000000800000000
5 4623141 ffffcccc06a5c400
5 4625124 aaaa
5 4625509 eb00007773803590
5 5126226 ea00007773003590
5 5126745 bbbb
5 5127455 bfbf000700000000
5 5128636 bfbf000800000000
5 5129266 ffffcccc01b2ca00
5 5132805 b000000700000000
5 5134198 bbbb
5 11154513 aaaa
5 11154930 b000000800000000
5 11155553 ffffcccc06a5c400
5 11157288 aaaa
5 11157924 eb00007773803591
5 11658681 ea00007773003591
5 11659422 bbbb
5 11660578 bfbf000700000000
5 11662304 bfbf000800000000
5 11663216 ffffcccc01b2ca00
5 11666754 b000000700000000
5 11668282 bbbb
5 11672481 aaaa
5 11672862 b000000800000000
5 11674037 ffffcccc06a5c400
5 11675829 aaaa
5 11676436 eb00007773803592
5 12177212 ea00007773003592
5 12177736 bbbb
5 12178678 bfbf000700000000
5 12181032 bfbf000800000000
5 12181669 ffffcccc01b2ca00
5 12185229 b000000700000000
5 12186636 bbbb
5 14201615 aaaa
5 14201987 b000000800000000
5 14202626 ffffcccc06a5c400
5 14204883 aaaa
5 14205488 eb00007773803593
5 14469294 ffff000100003128
5 14706257 ea00007773003593
5 14706657 bbbb
5 14707393 bfbf000700000000
5 14708895 bfbf000800000000
5 14709984 ffffcccc01b2ca00
5 14713602 b000000700000000
5 14715214 bbbb
5 14718951 aaaa
5 14719272 b000000800000000
5 14719961 ffffcccc06a5c400
5 14721864 aaaa
5 14722504 eb00007773803594
5 15223011 ea00007773003594
5 15223549 bbbb
5 15224247 bfbf000700000000
5 15226556 bfbf000800000000
5 15227766 ffffcccc01b2ca00
5 15231413 b000000700000000
5 15232763 bbbb
5 16264140 aaaa
5 16264599 b000000800000000
5 16265200 ffffcccc06a5c400
5 16266932 aaaa
5 16267567 eb00007773803595
5 16768030 ea00007773003595
5 16768538 bbbb
5 16769249 bfbf000700000000
5 16770716 bfbf000800000000
5 16771372 ffffcccc01b2ca00
5 16774971 b000000700000000
5 16776304 bbbb
5 16781421 aaaa
5 16782189 b000000800000000
5 16782833 ffffcccc06a5c400
5 16784572 aaaa
5 16785210 eb00007773803596
5 17285717 ea00007773003596
5 17286261 bbbb
5 17286963 bfbf000700000000
5 17288503 bfbf000800000000
5 17289096 ffffcccc01b2ca00
5 17292724 b000000700000000
5 17294145 bbbb
# Core 6 LOG DUMP ==================================================
6 192 bbbb
# DCB 6 ffffff0006a5c600 pixels
# DCB 6 ffffff0001b2cc00 monitor
6 2525 ffffcccc01b2cc00
6 2043857 aaaa
6 2044380 b000000800000000
6 2044966 ffffcccc06a5c600
6 2046760 aaaa
6 2047428 eb00007775803951
6 2547951 ea00007775003951
6 2548429 bbbb
6 2549193 bfbf000700000000
6 2550678 bfbf000800000000
6 2551415 ffffcccc01b2cc00
6 2555315 b000000700000000
6 2556652 bbbb
6 2559554 aaaa
6 2560243 b000000800000000
6 2560916 ffffcccc06a5c600
6 2562811 aaaa
6 2563706 eb00007775803952
6 3064234 ea00007775003952
6 3064767 bbbb
6 3065488 bfbf000700000000
6 3067621 bfbf000800000000
6 3068483 ffffcccc01b2cc00
6 3072078 b000000700000000
6 3073497 bbbb
6 4107470 aaaa
6 4107921 b000000800000000
6 4108594 ffffcccc06a5c600
6 4110579 aaaa
6 4111153 eb00007775803953
6 4611661 ea00007775003953
6 4612437 bbbb
6 4613179 bfbf000700000000
6 4614800 bfbf000800000000
6 4615413 ffffcccc01b2cc00
6 4618901 b000000700000000
6 4620219 bbbb
6 4622568 aaaa
6 4622836 b000000800000000
6 4623767 ffffcccc06a5c600
6 4625561 aaaa
6 4626138 eb00007775803954
6 5126613 ea00007775003954
6 5127183 bbbb
6 5127903 bfbf000700000000
6 5129574 bfbf000800000000
6 5130200 ffffcccc01b2cc00
6 5133728 b000000700000000
6 5135138 bbbb
6 10639870 aaaa
6 10640246 b000000800000000
6 10640858 ffffcccc06a5c600
6 10642594 aaaa
6 10643172 eb00007775803955
6 11143698 ea00007775003955
6 11144275 bbbb
6 11145012 bfbf000700000000
6 11146574 bfbf000800000000
6 11147208 ffffcccc01b2cc00
6 11150737 b000000700000000
6 11152258 bbbb
6 11154579 aaaa
6 11155157 b000000800000000
6 11155821 ffffcccc06a5c600
6 11157784 aaaa
6 11158367 eb00007775803956
6 11273931 ffff0001000030ff
6 11658839 ea00007775003956
6 11660048 bbbb
6 11661033 bfbf000700000000
6 11662629 bfbf000800000000
6 11663510 ffffcccc01b2cc00
6 11667345 b000000700000000
6 11669019 bbbb
6 11672981 aaaa
6 11673312 b000000800000000
6 11673966 ffffcccc06a5c600
6 11677037 aaaa
6 11677449 eb00007775803957
6 12177942 ea00007775003957
6 12178662 bbbb
6 12180332 bfbf000700000000
6 12181931 bfbf000800000000
6 12182352 ffffcccc01b2cc00
6 12185784 b000000700000000
6 12187462 bbbb
6 14202314 aaaa
6 14203092 b000000800000000
6 14203701 ffffcccc06a5c600
6 14205693 aaaa
6 14206310 eb00007775803958
6 14706825 ea00007775003958
6 14707417 bbbb
6 14708909 bfbf000700000000
6 14710563 bfbf000800000000
6 14710985 ffffcccc01b2cc00
6 14714579 b000000700000000
6 14715921 bbbb
6 14719958 aaaa
6 14720460 b000000800000000
6 14721109 ffffcccc06a5c600
6 14723583 aaaa
6 14724004 eb00007775803959
6 15224467 ea00007775003959
6 15225381 bbbb
6 15226324 bfbf000700000000
6 15227917 bfbf000800000000
6 15228339 ffffcccc01b2cc00
6 15231803 b000000700000000
6 15233472 bbbb
6 16264257 aaaa
6 16264875 b000000800000000
6 16265477 ffffcccc06a5c600
6 16268108 aaaa
6 16268526 eb0000777580395a
6 16769013 ea0000777500395a
6 16769595 bbbb
6 16770559 bfbf000700000000
6 16771983 bfbf000800000000
6 16772618 ffffcccc01b2cc00
6 16776240 b000000700000000
6 16778084 bbbb
6 16782802 aaaa
6 16783284 b000000800000000
6 16783946 ffffcccc06a5c600
6 16785995 aaaa
6 16786395 eb0000777580395b
6 17286900 ea0000777500395b
6 17287529 bbbb
6 17288954 bfbf000700000000
6 17290257 bfbf000800000000
6 17290678 ffffcccc01b2cc00
6 17294460 b000000700000000
6 17295846 bbbb
# Core 7 LOG DUMP ==================================================
7 183 b000000700000000
# DCB 7 ffffff0006a5c800 pixels
# DCB 7 ffffff0001b2ce00 monitor
7 2579 ffffcccc01b2ce00
7 4039 bbbb
7 13190 aaaa
7 13638 b000000800000000
7 14228 ffffcccc06a5c800
7 16222 aaaa
7 16599 eb00007777803800
7 517106 ea00007777003800
7 517679 bbbb
7 518660 bfbf000700000000
7 520383 bfbf000800000000
7 520977 ffffcccc01b2ce00
7 524578 b000000700000000
7 526223 bbbb
7 528300 aaaa
7 528695 b000000800000000
7 529375 ffffcccc06a5c800
7 531368 aaaa
7 531733 eb00007777803801
7 1032237 ea00007777003801
7 1032707 bbbb
7 1033648 bfbf000700000000
7 1034817 bfbf000800000000
7 1035527 ffffcccc01b2ce00
7 1039248 b000000700000000
7 1040676 bbbb
7 2560878 aaaa
7 2561244 b000000800000000
7 2561856 ffffcccc06a5c800
7 2563846 aaaa
7 2564223 eb00007777803802
7 3064740 ea00007777003802
7 3065667 bbbb
7 3066637 bfbf000700000000
7 3067815 bfbf000800000000
7 3069128 ffffcccc01b2ce00
7 3072720 b000000700000000
7 3074344 bbbb
7 3076261 aaaa
7 3076577 b000000800000000
7 3077516 ffffcccc06a5c800
7 3079543 aaaa
7 3079926 eb00007777803803
7 3580439 ea00007777003803
7 3580953 bbbb
7 3582020 bfbf000700000000
7 3583563 bfbf000800000000
7 3584128 ffffcccc01b2ce00
7 3587598 b000000700000000
7 3588918 bbbb
7 3591113 aaaa
7 3591393 b000000800000000
7 3592572 ffffcccc06a5c800
7 3594546 aaaa
7 3594930 eb00007777803804
7 4095434 ea00007777003804
7 4095951 bbbb
7 4096899 bfbf000700000000
7 4098085 bfbf000800000000
7 4098921 ffffcccc01b2ce00
7 4102424 b000000700000000
7 4103832 bbbb
7 4108076 aaaa
7 4108470 b000000800000000
7 4109153 ffffcccc06a5c800
7 4111151 aaaa
7 4111535 eb00007777803805
7 4612059 ea00007777003805
7 4612751 bbbb
7 4613709 bfbf000700000000
7 4615009 bfbf000800000000
7 4615662 ffffcccc01b2ce00
7 4619104 b000000700000000
7 4620665 bbbb
7 7001691 ffff0001000030d5
7 14203686 aaaa
7 14203966 b000000800000000
7 14204804 ffffcccc06a5c800
7 14206722 aaaa
7 14207107 eb00007777803806
7 14707628 ea00007777003806
7 14708635 bbbb
7 14709398 bfbf000700000000
7 14711319 bfbf000800000000
7 14711685 ffffcccc01b2ce00
7 14715519 b000000700000000
7 14716976 bbbb
7 14720930 aaaa
7 14721322 b000000800000000
7 14722233 ffffcccc06a5c800
7 14723998 aaaa
7 14724376 eb00007777803807
7 15224865 ea00007777003807
7 15226091 bbbb
7 15226850 bfbf000700000000
7 15228762 bfbf000800000000
7 15229139 ffffcccc01b2ce00
7 15232827 b000000700000000
7 15234569 bbbb
7 15236232 aaaa
7 15236535 b000000800000000
7 15237453 ffffcccc06a5c800
7 15239167 aaaa
7 15239553 eb00007777803808
7 15740072 ea00007777003808
7 15740591 bbbb
7 15741309 bfbf000700000000
7 15742482 bfbf000800000000
7 15742844 ffffcccc01b2ce00
7 15746622 b000000700000000
7 15747918 bbbb
7 15749351 aaaa
7 15749675 b000000800000000
7 15750623 ffffcccc06a5c800
7 15752544 aaaa
7 15752930 eb00007777803809
7 16253388 ea00007777003809
7 16253906 bbbb
7 16254624 bfbf000700000000
7 16255757 bfbf000800000000
7 16256481 ffffcccc01b2ce00
7 16260192 b000000700000000
7 16261497 bbbb
7 16265221 aaaa
7 16265535 b000000800000000
7 16266480 ffffcccc06a5c800
7 16268217 aaaa
7 16268603 eb0000777780380a
7 16769132 ea0000777700380a
7 16769873 bbbb
7 16770848 bfbf000700000000
7 16772451 bfbf000800000000
7 16773015 ffffcccc01b2ce00
7 16776831 b000000700000000
7 16778517 bbbb
# Core 8 LOG DUMP ==================================================
# DCB 8 ffffff0006a5ca00 pixels
# DCB 8 ffffff0001b2d000 monitor
8 3714 ffffcccc01b2d000
8 3512495 ffff0001000030ac
8 11155881 aaaa
8 11156631 b000000800000000
8 11157243 ffffcccc06a5ca00
8 11159042 aaaa
8 11159705 eb000077798014f8
8 11660195 ea000077790014f8
8 11661188 bbbb
8 11661935 bfbf000700000000
8 11663459 bfbf000800000000
8 11664277 ffffcccc01b2d000
8 11668182 b000000700000000
8 11669546 bbbb
8 11674055 aaaa
8 11674736 b000000800000000
8 11675436 ffffcccc06a5ca00
8 11677293 aaaa
8 11677965 eb000077798014f9
8 12178494 ea000077790014f9
8 12179417 bbbb
8 12180138 bfbf000700000000
8 12181759 bfbf000800000000
8 12182190 ffffcccc01b2d000
8 12185662 b000000700000000
8 12186962 bbbb
# Core 9 LOG DUMP ==================================================
# DCB 9 ffffff0006a5cc00 pixels
# DCB 9 ffffff0001b2d200 monitor
9 4232 ffffcccc01b2d200
9 21302712 ffff000100003084
# Core 10 LOG DUMP ==================================================
# DCB 10 ffffff0006a5ce00 pixels
# DCB 10 ffffff0001b2d400 monitor
10 3414 ffffcccc01b2d400
10 17586159 ffff00010000305b
# Core 11 LOG DUMP ==================================================
# DCB 11 ffffff000713a000 pixels
# DCB 11 ffffff000445a600 e1000n
# DCB 11 ffffff0001b2d600 monitor
11 6376 ffffcccc0445a600
11 6831 ffffcccc01b2d600
11 9713 ffffcccc0445a600
11 15149975 ffff000100003033
11 15150611 ffffcccc01b2d600
11 15153691 ffffcccc0445a600
# Core 12 LOG DUMP ==================================================
# DCB 12 ffffff000713a200 pixels
# DCB 12 ffffff0001b2d800 monitor
12 4383 ffffcccc01b2d800
12 12573227 ffff00010000300a
# Core 13 LOG DUMP ==================================================
# DCB 13 ffffff000713a400 pixels
# DCB 13 ffffff0001b2da00 monitor
13 4765 ffffcccc01b2da00
13 10584443 ffff000100002fe1
# Core 14 LOG DUMP ==================================================
# DCB 14 ffffff000713a600 pixels
# DCB 14 ffffff0001b2dc00 monitor
14 4676 ffffcccc01b2dc00
14 8310591 ffff000100002fb8
# Core 15 LOG DUMP ==================================================
# DCB 15 ffffff000713a800 pixels
# DCB 15 ffffff000445a800 bfscope
# DCB 15 ffffff0001b2de00 monitor
15 5940 ffffcccc0445a800
15 6203 ffffcccc01b2de00
15 9268 ffffcccc0445a800
15 1570500 ffff000100002f70
15 1570921 ffffcccc01b2de00
15 1573594 ffffcccc0445a800
