# Start 370556549838 Duration 20000000 Stop 370576549838
# Core 0 LOG DUMP ==================================================
0 0 1234000000000001
# DCB 0 ffffff000713aa00 fish
# DCB 0 ffffff000445aa00 pixels
# DCB 0 ffffff000445a400 serial
# DCB 0 ffffff000445a200 pci
# DCB 0 ffffff000445a000 skb
# DCB 0 ffffff0001b2c000 chips
# DCB 0 ffffff0001e06000 mem_serv
# DCB 0 ffffff0001e06200 monitor
0 7815 ffffcccc0713aa00
0 8994 ea0000776f8034bd
0 9601 ea0000777180224d
0 10316 ea00007773802e13
0 11025 ea00007775803256
0 11954 bbbb
0 20988 bfbf000700000000
0 22147 bfbf000800000000
0 22565 ffffcccc01e06200
0 25410 b000000700000000
0 27083 b000000700000000
0 33344 bbbb
0 68145 b000bbbb00000014
0 517111 aaaa
0 517506 b000000800000000
0 518671 ffffcccc0713aa00
0 520763 aaaa
0 521445 eb00007773002e13
0 522182 eb0000777100224d
0 522896 eb0000776f0034bd
0 524847 eb00007775003256
0 1526106 ea0000776f8034be
0 1526969 ea0000777180224e
0 1527390 ea00007773802e14
0 1527839 ea00007775803257
0 1528380 ea000077778030e3
0 1529903 bbbb
0 1539540 bfbf000700000000
0 1540675 bfbf000800000000
0 1541082 ffffcccc01e06200
0 1543930 b000000700000000
0 1545626 b000000700000000
0 1551571 bbbb
0 1585872 b000bbbb00000014
0 2034822 aaaa
0 2035242 b000000800000000
0 2036645 ffffcccc0713aa00
0 2039111 aaaa
0 2039778 eb00007773002e14
0 2040779 eb0000777100224e
0 2041475 eb0000776f0034be
0 2043792 eb000077770030e3
0 2044360 eb00007775003257
0 2045148 ea0000776f8034bf
0 2045577 ea0000777180224f
0 2046038 ea00007773802e15
0 2046902 ea00007775803258
0 2047407 ea000077778030e4
0 2049012 bbbb
0 2057715 bfbf000700000000
0 2058833 bfbf000800000000
0 2059487 ffffcccc01e06200
0 2062311 b000000700000000
0 2063485 b000000700000000
0 2069813 bbbb
0 2105057 b000bbbb00000014
0 2552978 aaaa
0 2553505 b000000800000000
0 2555126 ffffcccc0713aa00
0 2557637 aaaa
0 2558475 eb00007773002e15
0 2559344 eb0000777100224f
0 2559987 eb0000776f0034bf
0 2561968 eb000077770030e4
0 2562480 eb00007775003258
0 2563508 ea000077778030e5
0 2564394 bbbb
0 2573353 bfbf000700000000
0 2574492 bfbf000800000000
0 2574873 ffffcccc01e06200
0 2577704 b000000700000000
0 2579391 b000000700000000
0 2585241 bbbb
0 2621079 b000bbbb00000014
0 3070189 aaaa
0 3070591 b000000800000000
0 3071211 ffffcccc0713aa00
0 3074481 aaaa
0 3075137 eb000077770030e5
0 3076238 ea000077778030e6
0 3077213 bbbb
0 3085971 bfbf000700000000
0 3087098 bfbf000800000000
0 3087720 ffffcccc01e06200
0 3096443 b000000700000000
0 3097231 b000000700000000
0 3099843 bbbb
0 3582840 aaaa
0 3583238 b000000800000000
0 3583824 ffffcccc0713aa00
0 3587177 aaaa
0 3587841 eb000077770030e6
0 3588687 ea00007775803259
0 3589536 ea000077778030e7
0 3590822 bbbb
0 3600106 bfbf000700000000
0 3601245 bfbf000800000000
0 3601634 ffffcccc01e06200
0 3610342 b000000700000000
0 3611269 b000000700000000
0 3613875 bbbb
0 4097302 aaaa
0 4097690 b000000800000000
0 4098673 ffffcccc0713aa00
0 4100663 aaaa
0 4100991 eb00007775003259
0 4103290 eb000077770030e7
0 4104658 ea0000777580325a
0 4105430 bbbb
0 4113871 bfbf000700000000
0 4115007 bfbf000800000000
0 4115652 ffffcccc01e06200
0 4118617 b000000700000000
0 4120076 b000000700000000
0 4125906 bbbb
0 4161711 b000bbbb00000014
0 4612083 aaaa
0 4612508 b000000800000000
0 4613592 ffffcccc0713aa00
0 4615571 aaaa
0 4615899 eb0000777500325a
0 5617130 ea0000776f8034c0
0 5617869 ea00007771802250
0 5618331 ea00007773802e16
0 5618802 ea0000777580325b
0 5619420 ea000077778030e8
0 5621650 bbbb
0 5630579 bfbf000700000000
0 5631707 bfbf000800000000
0 5632091 ffffcccc01e06200
0 5640777 b000000700000000
0 5641791 b000000700000000
0 5644397 bbbb
0 6300318 aaaa
0 6300831 b000000800000000
0 6301886 ffffcccc0713aa00
0 6304267 aaaa
0 6304904 eb0000776f0034c0
0 6307479 eb000077770030e8
0 6308037 eb0000777500325b
0 6308711 eb00007773002e16
0 6309235 eb00007771002250
0 6310089 ea0000776f8034c1
0 6311489 ea00007771802251
0 6312200 ea00007773802e17
0 6312864 ea0000777580325c
0 6313359 ea000077778030e9
0 6315117 bbbb
0 6324450 bfbf000700000000
0 6325581 bfbf000800000000
0 6325965 ffffcccc01e06200
0 6329122 b000000700000000
0 6330754 b000000700000000
0 6336548 bbbb
0 6372219 b000bbbb00000014
0 6820458 aaaa
0 6821287 b000000800000000
0 6822896 ffffcccc0713aa00
0 6824892 aaaa
0 6825790 eb0000776f0034c1
0 6827825 eb000077770030e9
0 6828323 eb0000777500325c
0 6828623 eb00007773002e17
0 6829802 eb00007771002251
0 6830693 ea000077778030ea
0 6831538 bbbb
0 6840101 bfbf000700000000
0 6841253 bfbf000800000000
0 6841637 ffffcccc01e06200
0 6844514 b000000700000000
0 6846145 b000000700000000
0 6852229 bbbb
0 6887108 b000bbbb00000014
0 7337090 aaaa
0 7337471 b000000800000000
0 7338346 ffffcccc0713aa00
0 7341576 aaaa
0 7342216 eb000077770030ea
0 7343060 ea000077778030eb
0 7344227 bbbb
0 7352774 bfbf000700000000
0 7353891 bfbf000800000000
0 7354278 ffffcccc01e06200
0 7363346 b000000700000000
0 7364142 b000000700000000
0 7366763 bbbb
0 7849284 aaaa
0 7849684 b000000800000000
0 7850302 ffffcccc0713aa00
0 7853922 aaaa
0 7854593 eb000077770030eb
0 7855848 ea0000777580325d
0 7856379 ea000077778030ec
0 7857206 bbbb
0 7865755 bfbf000700000000
0 7866897 bfbf000800000000
0 7867279 ffffcccc01e06200
0 7875962 b000000700000000
0 7876751 b000000700000000
0 7879645 bbbb
0 8363804 aaaa
0 8364209 b000000800000000
0 8365184 ffffcccc0713aa00
0 8367180 aaaa
0 8367507 eb0000777500325d
0 8369751 eb000077770030ec
0 8370523 ea0000777580325e
0 8371323 bbbb
0 8379558 bfbf000700000000
0 8380652 bfbf000800000000
0 8381034 ffffcccc01e06200
0 8384167 b000000700000000
0 8385219 b000000700000000
0 8391463 bbbb
0 8426426 b000bbbb00000014
0 8876895 aaaa
0 8877258 b000000800000000
0 8877846 ffffcccc0713aa00
0 8879564 aaaa
0 8880198 eb0000777500325e
0 9881512 ea00007771802252
0 9882255 ea00007773802e18
0 9882714 ea0000777580325f
0 9884735 bbbb
0 9893402 bfbf000700000000
0 9894510 bfbf000800000000
0 9894893 ffffcccc01e06200
0 9903812 b000000700000000
0 9904695 b000000700000000
0 9907269 bbbb
0 10389313 aaaa
0 10389750 b000000800000000
0 10390613 ffffcccc0713aa00
0 10392744 aaaa
0 10393381 eb00007773002e18
0 10394423 eb00007771002252
0 10396504 eb0000777500325f
0 10397212 ea0000776f8034c2
0 10397702 ea00007771802253
0 10398372 ea00007773802e19
0 10399051 ea00007775803260
0 10400007 ea000077778030ed
0 10400972 bbbb
0 10410257 bfbf000700000000
0 10411373 bfbf000800000000
0 10411756 ffffcccc01e06200
0 10414692 b000000700000000
0 10416457 b000000700000000
0 10422279 bbbb
0 10457975 b000bbbb00000014
0 10904897 aaaa
0 10905514 b000000800000000
0 10907573 ffffcccc0713aa00
0 10909881 aaaa
0 10910599 eb00007773002e19
0 10911750 eb00007771002253
0 10912296 eb0000776f0034c2
0 10914090 eb000077770030ed
0 10914591 eb00007775003260
0 10915608 ea0000776f8034c3
0 10916029 ea00007773802e1a
0 10916414 ea000077778030ee
0 10917207 bbbb
0 10925793 bfbf000700000000
0 10926927 bfbf000800000000
0 10927310 ffffcccc01e06200
0 10930115 b000000700000000
0 10931868 b000000700000000
0 10937768 bbbb
0 10973131 b000bbbb00000014
0 11423399 aaaa
0 11424263 b000000800000000
0 11425642 ffffcccc0713aa00
0 11427604 aaaa
0 11428074 eb00007773002e1a
0 11429847 eb0000776f0034c3
0 11431668 eb000077770030ee
0 11432340 ea0000776f8034c4
0 11432764 ea00007773802e1b
0 11433186 ea000077778030ef
0 11434247 bbbb
0 11442979 bfbf000700000000
0 11444096 bfbf000800000000
0 11444668 ffffcccc01e06200
0 11447584 b000000700000000
0 11449171 b000000700000000
0 11455131 bbbb
0 11489735 b000bbbb00000014
0 11938921 aaaa
0 11939322 b000000800000000
0 11940487 ffffcccc0713aa00
0 11942900 aaaa
0 11943540 eb00007773002e1b
0 11944244 eb0000776f0034c4
0 11945961 eb000077770030ef
0 11947249 ea0000776f8034c5
0 11948085 ea00007773802e1c
0 11948477 ea00007775803261
0 11949411 ea000077778030f0
0 11950985 bbbb
0 11959643 bfbf000700000000
0 11960771 bfbf000800000000
0 11961135 ffffcccc01e06200
0 11964212 b000000700000000
0 11965884 b000000700000000
0 11971844 bbbb
0 12006354 b000bbbb00000014
0 12454378 aaaa
0 12455022 b000000800000000
0 12456434 ffffcccc0713aa00
0 12459053 aaaa
0 12459989 eb00007775003261
0 12460968 eb00007773002e1c
0 12461556 eb0000776f0034c5
0 12463715 eb000077770030f0
0 12464442 ea00007773802e1d
0 12465315 ea00007775803262
0 12466136 bbbb
0 12474690 bfbf000700000000
0 12475825 bfbf000800000000
0 12476207 ffffcccc01e06200
0 12484769 b000000700000000
0 12486094 b000000700000000
0 12488600 bbbb
0 12523717 b000bbbb00000014
0 12971999 aaaa
0 12972366 b000000800000000
0 12973262 ffffcccc0713aa00
0 12975225 aaaa
0 12975870 eb00007775003262
0 12976788 eb00007773002e1d
0 14478494 ea0000776f8034c6
0 14479246 ea00007779801338
0 14481173 bbbb
0 14489980 bfbf000700000000
0 14491108 bfbf000800000000
0 14491492 ffffcccc01e06200
0 14494489 b000000700000000
0 14495706 b000000700000000
0 14502161 bbbb
0 14536610 b000bbbb00000014
0 14984569 aaaa
0 14984910 b000000800000000
0 14985909 ffffcccc0713aa00
0 14988137 aaaa
0 14988816 eb0000776f0034c6
0 14991011 eb00007779001338
0 14991719 ea0000776f8034c7
0 14992107 ea00007771802254
0 14992632 ea00007773802e1e
0 14993562 ea00007775803263
0 14995194 ea000077778030f1
0 14996093 ea00007779801339
0 14997984 bbbb
0 15007039 bfbf000700000000
0 15008189 bfbf000800000000
0 15008579 ffffcccc01e06200
0 15017255 b000000700000000
0 15018536 b000000700000000
0 15020848 bbbb
0 15056001 b000bbbb00000014
0 15499709 aaaa
0 15500054 b000000800000000
0 15501227 ffffcccc0713aa00
0 15503450 aaaa
0 15504278 eb000077770030f1
0 15505508 eb00007775003263
0 15506066 eb00007773002e1e
0 15506627 eb00007771002254
0 15508046 eb0000776f0034c7
0 15509955 eb00007779001339
0 15511247 ea0000776f8034c8
0 15511748 ea00007771802255
0 15512136 ea00007773802e1f
0 15513191 ea00007775803264
0 15514595 ea000077778030f2
0 15515106 ea0000777980133a
0 15516448 bbbb
0 15524884 bfbf000700000000
0 15526026 bfbf000800000000
0 15526395 ffffcccc01e06200
0 15529386 b000000700000000
0 15530913 b000000700000000
0 15537150 bbbb
0 15571990 b000bbbb00000014
0 16019585 aaaa
0 16019936 b000000800000000
0 16020896 ffffcccc0713aa00
0 16023519 aaaa
0 16024278 eb000077770030f2
0 16025875 eb00007775003264
0 16026579 eb00007773002e1f
0 16027317 eb00007771002255
0 16028017 eb0000776f0034c8
0 16029885 eb0000777900133a
0 16030616 ea0000776f8034c9
0 16032195 bbbb
0 16040571 bfbf000700000000
0 16041704 bfbf000800000000
0 16042325 ffffcccc01e06200
0 16045230 b000000700000000
0 16046814 b000000700000000
0 16052769 bbbb
0 16087951 b000bbbb00000014
0 16537371 aaaa
0 16537736 b000000800000000
0 16538600 ffffcccc0713aa00
0 16541092 aaaa
0 16541764 eb0000776f0034c9
0 18543393 ea00007775803265
0 18545284 bbbb
0 18554292 bfbf000700000000
0 18555418 bfbf000800000000
0 18555800 ffffcccc01e06200
0 18564521 b000000700000000
0 18565529 b000000700000000
0 18568125 bbbb
0 19049985 aaaa
0 19050372 b000000800000000
0 19051247 ffffcccc0713aa00
0 19054695 aaaa
0 19055366 eb00007775003265
0 19056191 ea0000776f8034ca
0 19056926 ea00007771802256
0 19057431 ea00007773802e20
0 19058375 ea00007775803266
0 19059235 ea000077778030f3
0 19060498 bbbb
0 19069617 bfbf000700000000
0 19070765 bfbf000800000000
0 19071147 ffffcccc01e06200
0 19080072 b000000700000000
0 19080980 b000000700000000
0 19083610 bbbb
0 19563711 aaaa
0 19564130 b000000800000000
0 19565767 ffffcccc0713aa00
0 19568471 aaaa
0 19569132 eb00007773002e20
0 19570016 eb00007771002256
0 19570344 eb0000776f0034ca
0 19572137 eb000077770030f3
0 19573020 eb00007775003266
0 19573792 ea0000776f8034cb
0 19574983 ea00007771802257
0 19575366 ea00007773802e21
0 19576373 ea00007775803267
0 19577539 ea000077778030f4
0 19578060 ea0000777980133b
0 19579352 bbbb
0 19588106 bfbf000700000000
0 19589229 bfbf000800000000
0 19589613 ffffcccc01e06200
0 19592481 b000000700000000
0 19594087 b000000700000000
0 19600281 bbbb
0 19635024 b000bbbb00000014
# Core 1 LOG DUMP ==================================================
# DCB 1 ffffff000445ac00 pixels
# DCB 1 ffffff0001b2c200 monitor
1 2540 ffffcccc01b2c200
1 2101418 ffff000100003157
# Core 2 LOG DUMP ==================================================
# DCB 2 ffffff000445ae00 pixels
# DCB 2 ffffff0001b2c400 monitor
2 2720 ffffcccc01b2c400
# Core 3 LOG DUMP ==================================================
# DCB 3 ffffff0006a5c000 pixels
# DCB 3 ffffff0001b2c600 monitor
3 3103 ffffcccc01b2c600
3 10086 aaaa
3 10738 b000000800000000
3 11352 ffffcccc06a5c000
3 13294 aaaa
3 13884 eb0000776f8034bd
3 514580 ea0000776f0034bd
3 515051 bbbb
3 515818 bfbf000700000000
3 517017 bfbf000800000000
3 518094 ffffcccc01b2c600
3 522063 b000000700000000
3 523258 bbbb
3 1527399 aaaa
3 1527886 b000000800000000
3 1528756 ffffcccc06a5c000
3 1530543 aaaa
3 1531730 eb0000776f8034be
3 2032479 ea0000776f0034be
3 2032954 bbbb
3 2033687 bfbf000700000000
3 2034932 bfbf000800000000
3 2035909 ffffcccc01b2c600
3 2040146 b000000700000000
3 2041307 bbbb
3 2045944 aaaa
3 2046576 b000000800000000
3 2047230 ffffcccc06a5c000
3 2049139 aaaa
3 2049659 eb0000776f8034bf
3 2550474 ea0000776f0034bf
3 2550994 bbbb
3 2551712 bfbf000700000000
3 2552855 bfbf000800000000
3 2554070 ffffcccc01b2c600
3 2557580 b000000700000000
3 2558959 bbbb
3 5618711 aaaa
3 5619591 b000000800000000
3 5620686 ffffcccc06a5c000
3 5622463 aaaa
3 5623093 eb0000776f8034c0
3 6297651 ea0000776f0034c0
3 6298731 bbbb
3 6299574 bfbf000700000000
3 6301058 bfbf000800000000
3 6301721 ffffcccc01b2c600
3 6305412 b000000700000000
3 6306759 bbbb
3 6311942 aaaa
3 6312835 b000000800000000
3 6313529 ffffcccc06a5c000
3 6315635 aaaa
3 6316790 eb0000776f8034c1
3 6817550 ea0000776f0034c1
3 6818382 bbbb
3 6819101 bfbf000700000000
3 6820239 bfbf000800000000
3 6820956 ffffcccc01b2c600
3 6824877 b000000700000000
3 6826239 bbbb
3 10398078 aaaa
3 10398443 b000000800000000
3 10399256 ffffcccc06a5c000
3 10401283 aaaa
3 10401939 eb0000776f8034c2
3 10902769 ea0000776f0034c2
3 10903280 bbbb
3 10904014 bfbf000700000000
3 10905264 bfbf000800000000
3 10906071 ffffcccc01b2c600
3 10909686 b000000700000000
3 10911067 bbbb
3 10916558 aaaa
3 10916922 b000000800000000
3 10917578 ffffcccc06a5c000
3 10919858 aaaa
3 10920251 eb0000776f8034c3
3 11420987 ea0000776f0034c3
3 11421555 bbbb
3 11422272 bfbf000700000000
3 11423413 bfbf000800000000
3 11424564 ffffcccc01b2c600
3 11428090 b000000700000000
3 11429537 bbbb
3 11433123 aaaa
3 11433750 b000000800000000
3 11434460 ffffcccc06a5c000
3 11436550 aaaa
3 11436942 eb0000776f8034c4
3 11937639 ea0000776f0034c4
3 11938214 bbbb
3 11939007 bfbf000700000000
3 11940496 bfbf000800000000
3 11941251 ffffcccc01b2c600
3 11944824 b000000700000000
3 11946166 bbbb
3 11948470 aaaa
3 11949104 b000000800000000
3 11949801 ffffcccc06a5c000
3 11952011 aaaa
3 11952583 eb0000776f8034c5
3 12453354 ea0000776f0034c5
3 12453886 bbbb
3 12454605 bfbf000700000000
3 12455748 bfbf000800000000
3 12456408 ffffcccc01b2c600
3 12460005 b000000700000000
3 12461378 bbbb
3 14479652 aaaa
3 14480046 b000000800000000
3 14480632 ffffcccc06a5c000
3 14482356 aaaa
3 14482919 eb0000776f8034c6
3 14983696 ea0000776f0034c6
3 14984206 bbbb
3 14984944 bfbf000700000000
3 14986196 bfbf000800000000
3 14986860 ffffcccc01b2c600
3 14990520 b000000700000000
3 14991856 bbbb
3 14992922 aaaa
3 14993287 b000000800000000
3 14993925 ffffcccc06a5c000
3 14996179 aaaa
3 14996944 eb0000776f8034c7
3 15497804 ea0000776f0034c7
3 15498321 bbbb
3 15499038 bfbf000700000000
3 15500199 bfbf000800000000
3 15501134 ffffcccc01b2c600
3 15504642 b000000700000000
3 15506215 bbbb
3 15512056 aaaa
3 15512462 b000000800000000
3 15513428 ffffcccc06a5c000
3 15515589 aaaa
3 15516608 eb0000776f8034c8
3 15886427 ffff000100003107
3 16017779 ea0000776f0034c8
3 16018181 bbbb
3 16018939 bfbf000700000000
3 16020438 bfbf000800000000
3 16021304 ffffcccc01b2c600
3 16025662 b000000700000000
3 16027028 bbbb
3 16032179 aaaa
3 16032412 b000000800000000
3 16033056 ffffcccc06a5c000
3 16034802 aaaa
3 16035391 eb0000776f8034c9
3 16535915 ea0000776f0034c9
3 16536420 bbbb
3 16537138 bfbf000700000000
3 16538862 bfbf000800000000
3 16539387 ffffcccc01b2c600
3 16542875 b000000700000000
3 16544229 bbbb
3 19057481 aaaa
3 19057859 b000000800000000
3 19058766 ffffcccc06a5c000
3 19060707 aaaa
3 19061802 eb0000776f8034ca
3 19562318 ea0000776f0034ca
3 19562835 bbbb
3 19563577 bfbf000700000000
3 19565287 bfbf000800000000
3 19566540 ffffcccc01b2c600
3 19570454 b000000700000000
3 19571801 bbbb
3 19575333 aaaa
3 19575528 b000000800000000
3 19576448 ffffcccc06a5c000
3 19578520 aaaa
3 19579534 eb0000776f8034cb
3 20080427 ea0000776f0034cb
# Core 4 LOG DUMP ==================================================
# DCB 4 ffffff0006a5c200 pixels
# DCB 4 ffffff0001b2c800 monitor
4 3699 ffffcccc01b2c800
4 10800 aaaa
4 11783 b000000800000000
4 12368 ffffcccc06a5c200
4 14565 aaaa
4 14976 eb0000777180224d
4 515685 ea0000777100224d
4 516159 bbbb
4 516993 bfbf000700000000
4 518189 bfbf000800000000
4 519252 ffffcccc01b2c800
4 523044 b000000700000000
4 524385 bbbb
4 1528035 aaaa
4 1528876 b000000800000000
4 1529973 ffffcccc06a5c200
4 1532280 aaaa
4 1532916 eb0000777180224e
4 2033665 ea0000777100224e
4 2034135 bbbb
4 2034869 bfbf000700000000
4 2036068 bfbf000800000000
4 2037328 ffffcccc01b2c800
4 2041218 b000000700000000
4 2042724 bbbb
4 2046542 aaaa
4 2047148 b000000800000000
4 2048185 ffffcccc06a5c200
4 2050371 aaaa
4 2050977 eb0000777180224f
4 2551721 ea0000777100224f
4 2552291 bbbb
4 2553009 bfbf000700000000
4 2554171 bfbf000800000000
4 2555046 ffffcccc01b2c800
4 2558635 b000000700000000
4 2560064 bbbb
4 5618754 aaaa
4 5619440 b000000800000000
4 5620037 ffffcccc06a5c200
4 5622264 aaaa
4 5622903 eb00007771802250
4 6304886 ea00007771002250
4 6306237 bbbb
4 6307080 bfbf000700000000
4 6308564 bfbf000800000000
4 6309401 ffffcccc01b2c800
4 6313287 b000000700000000
4 6314707 b000000800000000
4 6315693 ffffcccc06a5c200
4 6318449 aaaa
4 6318869 eb00007771802251
4 6819372 ea00007771002251
4 6819977 bbbb
4 6820921 bfbf000700000000
4 6822028 bfbf000800000000
4 6822808 ffffcccc01b2c800
4 6826357 b000000700000000
4 6827732 bbbb
4 9883008 aaaa
4 9883341 b000000800000000
4 9883940 ffffcccc06a5c200
4 9886119 aaaa
4 9886735 eb00007771802252
4 10387208 ea00007771002252
4 10387780 bbbb
4 10388736 bfbf000700000000
4 10389906 bfbf000800000000
4 10390539 ffffcccc01b2c800
4 10394161 b000000700000000
4 10395525 bbbb
4 10398843 aaaa
4 10399119 b000000800000000
4 10400347 ffffcccc06a5c200
4 10402783 aaaa
4 10403451 eb00007771802253
4 10903959 ea00007771002253
4 10904549 bbbb
4 10905498 bfbf000700000000
4 10907369 bfbf000800000000
4 10908009 ffffcccc01b2c800
4 10912209 b000000700000000
4 10913679 bbbb
4 11914425 ffff0001000030df
4 14993184 aaaa
4 14993570 b000000800000000
4 14994743 ffffcccc06a5c200
4 14996885 aaaa
4 14997882 eb00007771802254
4 15498396 ea00007771002254
4 15499009 bbbb
4 15499771 bfbf000700000000
4 15501290 bfbf000800000000
4 15502089 ffffcccc01b2c800
4 15506098 b000000700000000
4 15507824 bbbb
4 15512705 aaaa
4 15513217 b000000800000000
4 15514152 ffffcccc06a5c200
4 15516330 aaaa
4 15517394 eb00007771802255
4 16017923 ea00007771002255
4 16018515 bbbb
4 16019243 bfbf000700000000
4 16020380 bfbf000800000000
4 16021571 ffffcccc01b2c800
4 16026138 b000000700000000
4 16027584 bbbb
4 19058101 aaaa
4 19058625 b000000800000000
4 19059674 ffffcccc06a5c200
4 19062178 aaaa
4 19062808 eb00007771802256
4 19563309 ea00007771002256
4 19563892 bbbb
4 19565308 bfbf000700000000
4 19567179 bfbf000800000000
4 19567800 ffffcccc01b2c800
4 19571725 b000000700000000
4 19573211 bbbb
4 19575947 aaaa
4 19576240 b000000800000000
4 19577158 ffffcccc06a5c200
4 19579287 aaaa
4 19580030 eb00007771802257
4 20080519 ea00007771002257
# Core 5 LOG DUMP ==================================================
# DCB 5 ffffff0006a5c400 pixels
# DCB 5 ffffff0001b2ca00 monitor
5 5946 ffffcccc01b2ca00
5 11800 aaaa
5 12714 b000000800000000
5 13299 ffffcccc06a5c400
5 15036 aaaa
5 15410 eb00007773802e13
5 516114 ea00007773002e13
5 516585 bbbb
5 517326 bfbf000700000000
5 518714 bfbf000800000000
5 519671 ffffcccc01b2ca00
5 523224 b000000700000000
5 524808 bbbb
5 1528297 aaaa
5 1529748 b000000800000000
5 1530365 ffffcccc06a5c400
5 1533051 aaaa
5 1533416 eb00007773802e14
5 2034153 ea00007773002e14
5 2034638 bbbb
5 2035349 bfbf000700000000
5 2037405 bfbf000800000000
5 2038331 ffffcccc01b2ca00
5 2041966 b000000700000000
5 2043243 bbbb
5 2047310 aaaa
5 2048821 b000000800000000
5 2049477 ffffcccc06a5c400
5 2051939 aaaa
5 2052324 eb00007773802e15
5 2553056 ea00007773002e15
5 2553758 bbbb
5 2554469 bfbf000700000000
5 2556043 bfbf000800000000
5 2556699 ffffcccc01b2ca00
5 2560191 b000000700000000
5 2561556 bbbb
5 5619612 aaaa
5 5620114 b000000800000000
5 5620719 ffffcccc06a5c400
5 5622498 aaaa
5 5623343 eb00007773802e16
5 6305811 ea00007773002e16
5 6306974 bbbb
5 6307894 bfbf000700000000
5 6309601 bfbf000800000000
5 6310292 ffffcccc01b2ca00
5 6314050 b000000700000000
5 6315459 b000000800000000
5 6316733 ffffcccc06a5c400
5 6318786 aaaa
5 6319171 eb00007773802e17
5 6819629 ea00007773002e17
5 6820295 bbbb
5 6821219 bfbf000700000000
5 6823140 bfbf000800000000
5 6823809 ffffcccc01b2ca00
5 6827256 b000000700000000
5 6828702 bbbb
5 8310377 ffff0001000030b8
5 9883362 aaaa
5 9883645 b000000800000000
5 9884489 ffffcccc06a5c400
5 9886241 aaaa
5 9886988 eb00007773802e18
5 10387503 ea00007773002e18
5 10388043 bbbb
5 10388780 bfbf000700000000
5 10390021 bfbf000800000000
5 10390803 ffffcccc01b2ca00
5 10394997 b000000700000000
5 10396338 bbbb
5 10399508 aaaa
5 10400112 b000000800000000
5 10401054 ffffcccc06a5c400
5 10402804 aaaa
5 10403682 eb00007773802e19
5 10904200 ea00007773002e19
5 10904754 bbbb
5 10905496 bfbf000700000000
5 10907805 bfbf000800000000
5 10908710 ffffcccc01b2ca00
5 10912508 b000000700000000
5 10914157 bbbb
5 10916911 aaaa
5 10917244 b000000800000000
5 10918468 ffffcccc06a5c400
5 10920184 aaaa
5 10920569 eb00007773802e1a
5 11421045 ea00007773002e1a
5 11421567 bbbb
5 11422267 bfbf000700000000
5 11423448 bfbf000800000000
5 11424150 ffffcccc01b2ca00
5 11428292 b000000700000000
5 11429989 bbbb
5 11433552 aaaa
5 11434059 b000000800000000
5 11434962 ffffcccc06a5c400
5 11436985 aaaa
5 11437371 eb00007773802e1b
5 11937857 ea00007773002e1b
5 11938382 bbbb
5 11939081 bfbf000700000000
5 11940685 bfbf000800000000
5 11941434 ffffcccc01b2ca00
5 11945148 b000000700000000
5 11946492 bbbb
5 11948868 aaaa
5 11949408 b000000800000000
5 11950369 ffffcccc06a5c400
5 11952483 aaaa
5 11953091 eb00007773802e1c
5 12453617 ea00007773002e1c
5 12454137 bbbb
5 12454833 bfbf000700000000
5 12456198 bfbf000800000000
5 12457197 ffffcccc01b2ca00
5 12461047 b000000700000000
5 12462482 bbbb
5 12465720 aaaa
5 12466050 b000000800000000
5 12466946 ffffcccc06a5c400
5 12468860 aaaa
5 12469245 eb00007773802e1d
5 12969754 ea00007773002e1d
5 12970278 bbbb
5 12970978 bfbf000700000000
5 12972108 bfbf000800000000
5 12972747 ffffcccc01b2ca00
5 12976523 b000000700000000
5 12977892 bbbb
5 14994254 aaaa
5 14994978 b000000800000000
5 14995816 ffffcccc06a5c400
5 14997684 aaaa
5 14998357 eb00007773802e1e
5 15498882 ea00007773002e1e
5 15499414 bbbb
5 15500126 bfbf000700000000
5 15501450 bfbf000800000000
5 15502563 ffffcccc01b2ca00
5 15506493 b000000700000000
5 15508225 bbbb
5 15513642 aaaa
5 15514404 b000000800000000
5 15515312 ffffcccc06a5c400
5 15517451 aaaa
5 15518312 eb00007773802e1f
5 16018828 ea00007773002e1f
5 16019349 bbbb
5 16020054 bfbf000700000000
5 16021349 bfbf000800000000
5 16022481 ffffcccc01b2ca00
5 16026309 b000000700000000
5 16027763 bbbb
5 19058824 aaaa
5 19059496 b000000800000000
5 19060430 ffffcccc06a5c400
5 19062192 aaaa
5 19063062 eb00007773802e20
5 19563528 ea00007773002e20
5 19564577 bbbb
5 19565296 bfbf000700000000
5 19566935 bfbf000800000000
5 19567545 ffffcccc01b2ca00
5 19571461 b000000700000000
5 19572833 bbbb
5 19576781 aaaa
5 19577331 b000000800000000
5 19578222 ffffcccc06a5c400
5 19580367 aaaa
5 19581221 eb00007773802e21
# Core 6 LOG DUMP ==================================================
# DCB 6 ffffff0006a5c600 pixels
# DCB 6 ffffff0001b2cc00 monitor
6 3903 ffffcccc01b2cc00
6 11928 aaaa
6 13221 b000000800000000
6 13823 ffffcccc06a5c600
6 15615 aaaa
6 16003 eb00007775803256
6 516690 ea00007775003256
6 517165 bbbb
6 517926 bfbf000700000000
6 519443 bfbf000800000000
6 520344 ffffcccc01b2cc00
6 523968 b000000700000000
6 525269 bbbb
6 1528812 aaaa
6 1529607 b000000800000000
6 1530218 ffffcccc06a5c600
6 1532606 aaaa
6 1533189 eb00007775803257
6 2033890 ea00007775003257
6 2034370 bbbb
6 2035105 bfbf000700000000
6 2036665 bfbf000800000000
6 2037942 ffffcccc01b2cc00
6 2041458 b000000700000000
6 2043028 bbbb
6 2047775 aaaa
6 2048641 b000000800000000
6 2049293 ffffcccc06a5c600
6 2051745 aaaa
6 2052144 eb00007775803258
6 2552904 ea00007775003258
6 2553485 bbbb
6 2554939 bfbf000700000000
6 2556325 bfbf000800000000
6 2556991 ffffcccc01b2cc00
6 2560554 b000000700000000
6 2561983 bbbb
6 3590292 aaaa
6 3590672 b000000800000000
6 3591290 ffffcccc06a5c600
6 3593447 aaaa
6 3593847 eb00007775803259
6 4094593 ea00007775003259
6 4095161 bbbb
6 4095893 bfbf000700000000
6 4097032 bfbf000800000000
6 4097649 ffffcccc01b2cc00
6 4101354 b000000700000000
6 4102683 bbbb
6 4105463 aaaa
6 4106033 b000000800000000
6 4106687 ffffcccc06a5c600
6 4108430 aaaa
6 4108833 eb0000777580325a
6 4609596 ea0000777500325a
6 4610165 bbbb
6 4610882 bfbf000700000000
6 4612060 bfbf000800000000
6 4613006 ffffcccc01b2cc00
6 4616785 b000000700000000
6 4618099 bbbb
6 5114472 ffff00010000308f
6 5620053 aaaa
6 5620844 b000000800000000
6 5621437 ffffcccc06a5c600
6 5623243 aaaa
6 5623875 eb0000777580325b
6 6306227 ea0000777500325b
6 6307448 bbbb
6 6308315 bfbf000700000000
6 6310241 bfbf000800000000
6 6311057 ffffcccc01b2cc00
6 6314913 b000000700000000
6 6316350 b000000800000000
6 6317694 ffffcccc06a5c600
6 6319503 aaaa
6 6319902 eb0000777580325c
6 6820407 ea0000777500325c
6 6820998 bbbb
6 6822208 bfbf000700000000
6 6823832 bfbf000800000000
6 6824455 ffffcccc01b2cc00
6 6828306 b000000700000000
6 6829614 bbbb
6 7856735 aaaa
6 7857100 b000000800000000
6 7857954 ffffcccc06a5c600
6 7859943 aaaa
6 7860342 eb0000777580325d
6 8360854 ea0000777500325d
6 8361524 bbbb
6 8362257 bfbf000700000000
6 8363403 bfbf000800000000
6 8363815 ffffcccc01b2cc00
6 8367841 b000000700000000
6 8369218 bbbb
6 8371467 aaaa
6 8371734 b000000800000000
6 8372622 ffffcccc06a5c600
6 8374417 aaaa
6 8374816 eb0000777580325e
6 8875299 ea0000777500325e
6 8875873 bbbb
6 8876594 bfbf000700000000
6 8877791 bfbf000800000000
6 8878410 ffffcccc01b2cc00
6 8882214 b000000700000000
6 8883623 bbbb
6 9884070 aaaa
6 9884409 b000000800000000
6 9885282 ffffcccc06a5c600
6 9887271 aaaa
6 9887672 eb0000777580325f
6 10388142 ea0000777500325f
6 10388724 bbbb
6 10389467 bfbf000700000000
6 10390854 bfbf000800000000
6 10391481 ffffcccc01b2cc00
6 10395264 b000000700000000
6 10396613 bbbb
6 10400433 aaaa
6 10401040 b000000800000000
6 10401938 ffffcccc06a5c600
6 10403964 aaaa
6 10404362 eb00007775803260
6 10904871 ea00007775003260
6 10905491 bbbb
6 10906713 bfbf000700000000
6 10907892 bfbf000800000000
6 10909164 ffffcccc01b2cc00
6 10912965 b000000700000000
6 10914354 bbbb
6 11950234 aaaa
6 11950616 b000000800000000
6 11951541 ffffcccc06a5c600
6 11953514 aaaa
6 11953913 eb00007775803261
6 12454389 ea00007775003261
6 12454981 bbbb
6 12456219 bfbf000700000000
6 12457503 bfbf000800000000
6 12458121 ffffcccc01b2cc00
6 12461913 b000000700000000
6 12463335 bbbb
6 12466281 aaaa
6 12466638 b000000800000000
6 12467539 ffffcccc06a5c600
6 12469285 aaaa
6 12469683 eb00007775803262
6 12970184 ea00007775003262
6 12970760 bbbb
6 12971477 bfbf000700000000
6 12972646 bfbf000800000000
6 12973472 ffffcccc01b2cc00
6 12977285 b000000700000000
6 12978612 bbbb
6 14996114 aaaa
6 14996620 b000000800000000
6 14997462 ffffcccc06a5c600
6 14999715 aaaa
6 15000364 eb00007775803263
6 15500888 ea00007775003263
6 15501495 bbbb
6 15502733 bfbf000700000000
6 15503866 bfbf000800000000
6 15504534 ffffcccc01b2cc00
6 15508761 b000000700000000
6 15510167 bbbb
6 15515020 aaaa
6 15515280 b000000800000000
6 15516710 ffffcccc06a5c600
6 15519438 aaaa
6 15519857 eb00007775803264
6 16020342 ea00007775003264
6 16020934 bbbb
6 16021656 bfbf000700000000
6 16023827 bfbf000800000000
6 16024458 ffffcccc01b2cc00
6 16028568 b000000700000000
6 16030112 bbbb
6 18544550 aaaa
6 18544916 b000000800000000
6 18545774 ffffcccc06a5c600
6 18547749 aaaa
6 18548147 eb00007775803265
6 19048608 ea00007775003265
6 19049187 bbbb
6 19049922 bfbf000700000000
6 19051043 bfbf000800000000
6 19051669 ffffcccc01b2cc00
6 19055583 b000000700000000
6 19056922 bbbb
6 19059647 aaaa
6 19060182 b000000800000000
6 19060837 ffffcccc06a5c600
6 19063224 aaaa
6 19063644 eb00007775803266
6 19564169 ea00007775003266
6 19565267 bbbb
6 19566236 bfbf000700000000
6 19567413 bfbf000800000000
6 19568302 ffffcccc01b2cc00
6 19572113 b000000700000000
6 19573819 bbbb
6 19577966 aaaa
6 19578229 b000000800000000
6 19579681 ffffcccc06a5c600
6 19582113 aaaa
6 19582533 eb00007775803267
# Core 7 LOG DUMP ==================================================
# DCB 7 ffffff0006a5c800 pixels
# DCB 7 ffffff0001b2ce00 monitor
7 4600 ffffcccc01b2ce00
7 842571 ffff000100003065
7 1530134 aaaa
7 1530465 b000000800000000
7 1531070 ffffcccc06a5c800
7 1533463 aaaa
7 1534113 eb000077778030e3
7 2034624 ea000077770030e3
7 2035107 bbbb
7 2036520 bfbf000700000000
7 2038335 bfbf000800000000
7 2038895 ffffcccc01b2ce00
7 2042384 b000000700000000
7 2043514 bbbb
7 2049274 aaaa
7 2049845 b000000800000000
7 2050455 ffffcccc06a5c800
7 2052228 aaaa
7 2052848 eb000077778030e4
7 2553352 ea000077770030e4
7 2554239 bbbb
7 2554965 bfbf000700000000
7 2556828 bfbf000800000000
7 2557386 ffffcccc01b2ce00
7 2560906 b000000700000000
7 2562181 bbbb
7 2564406 aaaa
7 2564714 b000000800000000
7 2565678 ffffcccc06a5c800
7 2567415 aaaa
7 2567994 eb000077778030e5
7 3068495 ea000077770030e5
7 3069014 bbbb
7 3069720 bfbf000700000000
7 3071113 bfbf000800000000
7 3071680 ffffcccc01b2ce00
7 3075148 b000000700000000
7 3076518 bbbb
7 3077544 aaaa
7 3077826 b000000800000000
7 3078485 ffffcccc06a5c800
7 3080215 aaaa
7 3080793 eb000077778030e6
7 3581282 ea000077770030e6
7 3581791 bbbb
7 3582502 bfbf000700000000
7 3583928 bfbf000800000000
7 3584476 ffffcccc01b2ce00
7 3587984 b000000700000000
7 3589309 bbbb
7 3590803 aaaa
7 3591303 b000000800000000
7 3592487 ffffcccc06a5c800
7 3594202 aaaa
7 3594785 eb000077778030e7
7 4095296 ea000077770030e7
7 4095819 bbbb
7 4096527 bfbf000700000000
7 4097926 bfbf000800000000
7 4098590 ffffcccc01b2ce00
7 4102020 b000000700000000
7 4103425 bbbb
7 5621301 aaaa
7 5621582 b000000800000000
7 5622193 ffffcccc06a5c800
7 5624107 aaaa
7 5624684 eb000077778030e8
7 6302427 ea000077770030e8
7 6303620 bbbb
7 6304451 bfbf000700000000
7 6306480 bfbf000800000000
7 6307227 ffffcccc01b2ce00
7 6310837 b000000700000000
7 6312184 bbbb
7 6315125 aaaa
7 6315939 b000000800000000
7 6316659 ffffcccc06a5c800
7 6318451 aaaa
7 6319033 eb000077778030e9
7 6819534 ea000077770030e9
7 6820080 bbbb
7 6820786 bfbf000700000000
7 6822879 bfbf000800000000
7 6823586 ffffcccc01b2ce00
7 6827100 b000000700000000
7 6828408 bbbb
7 6831545 aaaa
7 6831827 b000000800000000
7 6832487 ffffcccc06a5c800
7 6834200 aaaa
7 6834785 eb000077778030ea
7 7335305 ea000077770030ea
7 7335821 bbbb
7 7336529 bfbf000700000000
7 7337970 bfbf000800000000
7 7338513 ffffcccc01b2ce00
7 7342317 b000000700000000
7 7343721 b000000800000000
7 7344862 ffffcccc06a5c800
7 7346826 aaaa
7 7347212 eb000077778030eb
7 7847678 ea000077770030eb
7 7848187 bbbb
7 7848900 bfbf000700000000
7 7850016 bfbf000800000000
7 7850624 ffffcccc01b2ce00
7 7854315 b000000700000000
7 7855621 bbbb
7 7857188 aaaa
7 7857699 b000000800000000
7 7858598 ffffcccc06a5c800
7 7860324 aaaa
7 7860710 eb000077778030ec
7 8361215 ea000077770030ec
7 8361734 bbbb
7 8362445 bfbf000700000000
7 8363619 bfbf000800000000
7 8363973 ffffcccc01b2ce00
7 8368275 b000000700000000
7 8369580 bbbb
7 10400969 aaaa
7 10401581 b000000800000000
7 10402431 ffffcccc06a5c800
7 10404163 aaaa
7 10404549 eb000077778030ed
7 10905039 ea000077770030ed
7 10905743 bbbb
7 10906464 bfbf000700000000
7 10907596 bfbf000800000000
7 10908474 ffffcccc01b2ce00
7 10912262 b000000700000000
7 10913831 bbbb
7 10917297 aaaa
7 10917729 b000000800000000
7 10918630 ffffcccc06a5c800
7 10920366 aaaa
7 10920752 eb000077778030ee
7 11421243 ea000077770030ee
7 11421783 bbbb
7 11422491 bfbf000700000000
7 11423691 bfbf000800000000
7 11424808 ffffcccc01b2ce00
7 11428873 b000000700000000
7 11430407 bbbb
7 11434149 aaaa
7 11434435 b000000800000000
7 11435594 ffffcccc06a5c800
7 11437308 aaaa
7 11437688 eb000077778030ef
7 11938183 ea000077770030ef
7 11938703 bbbb
7 11939416 bfbf000700000000
7 11941182 bfbf000800000000
7 11941732 ffffcccc01b2ce00
7 11945399 b000000700000000
7 11946692 bbbb
7 11950975 aaaa
7 11951467 b000000800000000
7 11952360 ffffcccc06a5c800
7 11954104 aaaa
7 11954487 eb000077778030f0
7 12454963 ea000077770030f0
7 12455486 bbbb
7 12456235 bfbf000700000000
7 12457791 bfbf000800000000
7 12458343 ffffcccc01b2ce00
7 12462140 b000000700000000
7 12463557 bbbb
7 14996835 aaaa
7 14997264 b000000800000000
7 14998100 ffffcccc06a5c800
7 14999842 aaaa
7 15000597 eb000077778030f1
7 15501105 ea000077770030f1
7 15501625 bbbb
7 15503189 bfbf000700000000
7 15504327 bfbf000800000000
7 15504973 ffffcccc01b2ce00
7 15508793 b000000700000000
7 15510394 bbbb
7 15515407 aaaa
7 15516205 b000000800000000
7 15517122 ffffcccc06a5c800
7 15519567 aaaa
7 15519951 eb000077778030f2
7 16020441 ea000077770030f2
7 16020955 bbbb
7 16021659 bfbf000700000000
7 16024032 bfbf000800000000
7 16024671 ffffcccc01b2ce00
7 16029044 b000000700000000
7 16030508 bbbb
7 19060432 aaaa
7 19060731 b000000800000000
7 19061634 ffffcccc06a5c800
7 19063350 aaaa
7 19063735 eb000077778030f3
7 19564245 ea000077770030f3
7 19565524 bbbb
7 19566252 bfbf000700000000
7 19567386 bfbf000800000000
7 19568048 ffffcccc01b2ce00
7 19571790 b000000700000000
7 19573380 bbbb
7 19578423 aaaa
7 19579194 b000000800000000
7 19580094 ffffcccc06a5c800
7 19582430 aaaa
7 19582813 eb000077778030f4
# Core 8 LOG DUMP ==================================================
# DCB 8 ffffff0006a5ca00 pixels
# DCB 8 ffffff0001b2d000 monitor
8 3427 ffffcccc01b2d000
8 14480593 aaaa
8 14481396 b000000800000000
8 14482393 ffffcccc06a5ca00
8 14484263 aaaa
8 14484653 eb00007779801338
8 14985362 ea00007779001338
8 14985834 bbbb
8 14986578 bfbf000700000000
8 14987980 bfbf000800000000
8 14988582 ffffcccc01b2d000
8 14992426 b000000700000000
8 14993641 bbbb
8 14997890 aaaa
8 14998710 b000000800000000
8 14999630 ffffcccc06a5ca00
8 15001488 aaaa
8 15001869 eb00007779801339
8 15502581 ea00007779001339
8 15503064 bbbb
8 15503770 bfbf000700000000
8 15505118 bfbf000800000000
8 15506255 ffffcccc01b2d000
8 15510425 b000000700000000
8 15511955 bbbb
8 15516449 aaaa
8 15517288 b000000800000000
8 15517974 ffffcccc06a5ca00
8 15519776 aaaa
8 15520176 eb0000777980133a
8 16020927 ea0000777900133a
8 16022124 bbbb
8 16022832 bfbf000700000000
8 16024050 bfbf000800000000
8 16024934 ffffcccc01b2d000
8 16028868 b000000700000000
8 16030253 bbbb
8 19579710 aaaa
8 19580652 b000000800000000
8 19581239 ffffcccc06a5ca00
8 19582989 aaaa
8 19583389 eb0000777980133b
8 19854410 ffff00010000303d
# Core 9 LOG DUMP ==================================================
# DCB 9 ffffff0006a5cc00 pixels
# DCB 9 ffffff0001b2d200 monitor
9 2536 ffffcccc01b2d200
9 15143868 ffff000100003014
# Core 10 LOG DUMP ==================================================
# DCB 10 ffffff0006a5ce00 pixels
# DCB 10 ffffff0001b2d400 monitor
10 4646 ffffcccc01b2d400
10 11427834 ffff000100002feb
# Core 11 LOG DUMP ==================================================
# DCB 11 ffffff000713a000 pixels
# DCB 11 ffffff000445a600 e1000n
# DCB 11 ffffff0001b2d600 monitor
11 5967 ffffcccc0445a600
11 6463 ffffcccc01b2d600
11 9228 ffffcccc0445a600
11 8992171 ffff000100002fc3
11 8992547 ffffcccc01b2d600
11 8995517 ffffcccc0445a600
# Core 12 LOG DUMP ==================================================
# DCB 12 ffffff000713a200 pixels
# DCB 12 ffffff0001b2d800 monitor
12 6283 ffffcccc01b2d800
12 6413591 ffff000100002f9a
# Core 13 LOG DUMP ==================================================
# DCB 13 ffffff000713a400 pixels
# DCB 13 ffffff0001b2da00 monitor
13 4473 ffffcccc01b2da00
13 4424652 ffff000100002f71
# Core 14 LOG DUMP ==================================================
# DCB 14 ffffff000713a600 pixels
# DCB 14 ffffff0001b2dc00 monitor
14 4146 ffffcccc01b2dc00
14 2150798 ffff000100002f48
# Core 15 LOG DUMP ==================================================
# DCB 15 ffffff000713a800 pixels
# DCB 15 ffffff000445a800 bfscope
# DCB 15 ffffff0001b2de00 monitor
15 5900 ffffcccc0445a800
15 6095 ffffcccc01b2de00
15 8785 ffffcccc0445a800
15 17911581 ffff000100002f01
15 17912057 ffffcccc01b2de00
15 17914932 ffffcccc0445a800
