# Start 372778066035 Duration 20000000 Stop 372798066035
# Core 0 LOG DUMP ==================================================
0 0 1234000000000001
# DCB 0 ffffff000713aa00 fish
# DCB 0 ffffff000445aa00 pixels
# DCB 0 ffffff000445a400 serial
# DCB 0 ffffff000445a200 pci
# DCB 0 ffffff000445a000 skb
# DCB 0 ffffff0001b2c000 chips
# DCB 0 ffffff0001e06000 mem_serv
# DCB 0 ffffff0001e06200 monitor
0 9055 ffffcccc0713aa00
0 11167 ea0000776f803bdb
0 11698 ea000077758038b4
0 12815 bbbb
0 21503 bfbf000700000000
0 22640 bfbf000800000000
0 23058 ffffcccc01e06200
0 26229 b000000700000000
0 27523 b000000700000000
0 33687 bbbb
0 68533 b000bbbb00000014
0 518511 aaaa
0 518902 b000000800000000
0 519777 ffffcccc0713aa00
0 523099 aaaa
0 523773 eb000077750038b4
0 524730 eb0000776f003bdb
0 525490 ea0000776f803bdc
0 525997 ea000077738034be
0 526437 ea000077758038b5
0 527355 ea00007777803746
0 528546 bbbb
0 537377 bfbf000700000000
0 538522 bfbf000800000000
0 538944 ffffcccc01e06200
0 541829 b000000700000000
0 543059 b000000700000000
0 549367 bbbb
0 584091 b000bbbb00000014
0 1032594 aaaa
0 1033047 b000000800000000
0 1034162 ffffcccc0713aa00
0 1037777 aaaa
0 1038445 eb00007777003746
0 1039086 eb000077750038b5
0 1039921 eb000077730034be
0 1040915 eb0000776f003bdc
0 1042190 ea0000776f803bdd
0 1042716 ea000077738034bf
0 1043658 ea00007777803747
0 1044908 bbbb
0 1053566 bfbf000700000000
0 1054692 bfbf000800000000
0 1055357 ffffcccc01e06200
0 1058162 b000000700000000
0 1059390 b000000700000000
0 1065666 bbbb
0 1100692 b000bbbb00000014
0 1549628 aaaa
0 1550027 b000000800000000
0 1551434 ffffcccc0713aa00
0 1555164 aaaa
0 1555818 eb00007777003747
0 1556624 eb000077730034bf
0 1557711 eb0000776f003bdd
0 1558778 ea0000776f803bde
0 1559603 ea000077738034c0
0 1560034 ea00007777803748
0 1561316 bbbb
0 1570345 bfbf000700000000
0 1571457 bfbf000800000000
0 1571840 ffffcccc01e06200
0 1574700 b000000700000000
0 1576079 b000000700000000
0 1582134 bbbb
0 1617149 b000bbbb00000014
0 2065911 aaaa
0 2066325 b000000800000000
0 2067513 ffffcccc0713aa00
0 2070774 aaaa
0 2071427 eb00007777003748
0 2072568 eb000077730034c0
0 2073122 eb0000776f003bde
0 2073949 ea0000776f803bdf
0 2075155 ea00007771802752
0 2075883 ea000077738034c1
0 2076580 ea00007777803749
0 2077578 bbbb
0 2086490 bfbf000700000000
0 2087620 bfbf000800000000
0 2088002 ffffcccc01e06200
0 2096605 b000000700000000
0 2097446 b000000700000000
0 2100472 bbbb
0 2136236 b000bbbb00000014
0 2581583 aaaa
0 2582251 b000000800000000
0 2583417 ffffcccc0713aa00
0 2586978 aaaa
0 2587718 eb00007777003749
0 2588598 eb000077730034c1
0 2590142 eb00007771002752
0 2590974 eb0000776f003bdf
0 2591798 ea00007771802753
0 2592203 ea0000777780374a
0 2593040 bbbb
0 2602190 bfbf000700000000
0 2603341 bfbf000800000000
0 2603725 ffffcccc01e06200
0 2606833 b000000700000000
0 2608070 b000000700000000
0 2614195 bbbb
0 2649432 b000bbbb00000014
0 3099402 aaaa
0 3099787 b000000800000000
0 3100682 ffffcccc0713aa00
0 3103768 aaaa
0 3104444 eb0000777700374a
0 3105797 eb00007771002753
0 4106985 ea0000776f803be0
0 4107495 ea000077758038b6
0 4108325 bbbb
0 4117164 bfbf000700000000
0 4118313 bfbf000800000000
0 4118698 ffffcccc01e06200
0 4121776 b000000700000000
0 4122974 b000000700000000
0 4129163 bbbb
0 4164759 b000bbbb00000014
0 4614901 aaaa
0 4615281 b000000800000000
0 4616174 ffffcccc0713aa00
0 4618134 aaaa
0 4618802 eb0000776f003be0
0 4620897 eb000077750038b6
0 4621743 ea0000776f803be1
0 4622580 ea000077738034c2
0 4622995 ea000077758038b7
0 4623879 ea0000777780374b
0 4624943 bbbb
0 4633572 bfbf000700000000
0 4634702 bfbf000800000000
0 4635084 ffffcccc01e06200
0 4637924 b000000700000000
0 4639579 b000000700000000
0 4645611 bbbb
0 4646598 ffff0001000031df
0 4681708 b000bbbb00000014
0 5129486 aaaa
0 5130095 b000000800000000
0 5131548 ffffcccc0713aa00
0 5133680 aaaa
0 5134292 eb000077730034c2
0 5135565 eb0000776f003be1
0 5137722 eb0000777700374b
0 5138307 eb000077750038b7
0 5139439 ea0000776f803be2
0 5140078 ea000077738034c3
0 5140484 ea0000777780374c
0 5141781 bbbb
0 5150436 bfbf000700000000
0 5151584 bfbf000800000000
0 5151985 ffffcccc01e06200
0 5154829 b000000700000000
0 5156499 b000000700000000
0 5162554 bbbb
0 5197923 b000bbbb00000014
0 5646522 aaaa
0 5646888 b000000800000000
0 5647749 ffffcccc0713aa00
0 5649981 aaaa
0 5650646 eb000077730034c3
0 5651519 eb0000776f003be2
0 5653693 eb0000777700374c
0 5654468 ea0000776f803be3
0 5654973 ea000077738034c4
0 5655356 ea0000777780374d
0 5656700 bbbb
0 5665311 bfbf000700000000
0 5666436 bfbf000800000000
0 5666819 ffffcccc01e06200
0 5669900 b000000700000000
0 5671508 b000000700000000
0 5677350 bbbb
0 5712481 b000bbbb00000014
0 6160924 aaaa
0 6161344 b000000800000000
0 6162528 ffffcccc0713aa00
0 6164810 aaaa
0 6165424 eb000077730034c4
0 6166205 eb0000776f003be3
0 6167986 eb0000777700374d
0 6168853 ea0000776f803be4
0 6169722 ea00007771802754
0 6170419 ea000077738034c5
0 6171573 ea0000777780374e
0 6172439 bbbb
0 6181790 bfbf000700000000
0 6182898 bfbf000800000000
0 6183280 ffffcccc01e06200
0 6186126 b000000700000000
0 6187884 b000000700000000
0 6193743 bbbb
0 6228460 b000bbbb00000014
0 6677305 aaaa
0 6677710 b000000800000000
0 6679107 ffffcccc0713aa00
0 6681375 aaaa
0 6682014 eb000077730034c5
0 6683136 eb00007771002754
0 6684127 eb0000776f003be4
0 6686204 eb0000777700374e
0 6686989 ea00007771802755
0 6687641 ea0000777780374f
0 6688389 bbbb
0 6697086 bfbf000700000000
0 6698220 bfbf000800000000
0 6698862 ffffcccc01e06200
0 6701707 b000000700000000
0 6703340 b000000700000000
0 6709159 bbbb
0 6744029 b000bbbb00000014
0 7193980 aaaa
0 7194366 b000000800000000
0 7194954 ffffcccc0713aa00
0 7197284 aaaa
0 7197893 eb00007771002755
0 7199937 eb0000777700374f
0 8201147 ea00007771802756
0 8201892 ea000077738034c6
0 8202309 ea000077758038b8
0 8203124 bbbb
0 8211753 bfbf000700000000
0 8212906 bfbf000800000000
0 8213291 ffffcccc01e06200
0 8216159 b000000700000000
0 8217320 b000000700000000
0 8223699 bbbb
0 8258514 b000bbbb00000014
0 8708095 aaaa
0 8708464 b000000800000000
0 8709613 ffffcccc0713aa00
0 8711792 aaaa
0 8712390 eb000077750038b8
0 8713034 eb000077730034c6
0 8713554 eb00007771002756
0 8714031 ea0000776f803be5
0 8714552 ea00007771802757
0 8715123 ea000077738034c7
0 8716042 ea000077758038b9
0 8716879 ea00007777803750
0 8719107 bbbb
0 8728160 bfbf000700000000
0 8729631 bfbf000800000000
0 8730012 ffffcccc01e06200
0 8733047 b000000700000000
0 8734309 b000000700000000
0 8740539 bbbb
0 8774880 b000bbbb00000014
0 9221389 aaaa
0 9221798 b000000800000000
0 9223125 ffffcccc0713aa00
0 9225784 aaaa
0 9226518 eb0000776f003be5
0 9228551 eb00007777003750
0 9229358 eb000077750038b9
0 9230148 eb000077730034c7
0 9230789 eb00007771002757
0 9231479 ea0000776f803be6
0 9232009 ea000077738034c8
0 9232388 ea00007777803751
0 9233244 bbbb
0 9242138 bfbf000700000000
0 9243287 bfbf000800000000
0 9243669 ffffcccc01e06200
0 9252181 b000000700000000
0 9253542 b000000700000000
0 9256106 bbbb
0 9291254 b000bbbb00000014
0 9738393 aaaa
0 9738738 b000000800000000
0 9739599 ffffcccc0713aa00
0 9741855 aaaa
0 9742595 eb0000776f003be6
0 9744548 eb00007777003751
0 9745992 eb000077730034c8
0 9746747 ea0000776f803be7
0 9747567 ea000077738034c9
0 9747950 ea00007777803752
0 9748827 bbbb
0 9757970 bfbf000700000000
0 9759097 bfbf000800000000
0 9759481 ffffcccc01e06200
0 9762611 b000000700000000
0 9763814 b000000700000000
0 9770176 bbbb
0 9805087 b000bbbb00000014
0 10253915 aaaa
0 10254308 b000000800000000
0 10254926 ffffcccc0713aa00
0 10257361 aaaa
0 10258358 eb0000776f003be7
0 10260368 eb00007777003752
0 10261243 eb000077730034c9
0 10262234 ea0000776f803be8
0 10262658 ea000077738034ca
0 10263041 ea000077758038ba
0 10264011 ea00007777803753
0 10265527 bbbb
0 10274592 bfbf000700000000
0 10275740 bfbf000800000000
0 10276122 ffffcccc01e06200
0 10278953 b000000700000000
0 10280734 b000000700000000
0 10286656 bbbb
0 10322200 b000bbbb00000014
0 10769733 aaaa
0 10770207 b000000800000000
0 10771408 ffffcccc0713aa00
0 10773639 aaaa
0 10774337 eb0000776f003be8
0 10776860 eb00007777003753
0 10777714 eb000077750038ba
0 10777987 eb000077730034ca
0 10778754 ea000077738034cb
0 10779282 ea000077758038bb
0 10780151 bbbb
0 10789039 bfbf000700000000
0 10790172 bfbf000800000000
0 10790818 ffffcccc01e06200
0 10793657 b000000700000000
0 10795334 b000000700000000
0 10801187 bbbb
0 10836477 b000bbbb00000014
0 11285394 aaaa
0 11285766 b000000800000000
0 11286712 ffffcccc0713aa00
0 11290438 aaaa
0 11291113 eb000077750038bb
0 11291758 eb000077730034cb
0 16795170 ea0000776f803be9
0 16795829 ea000077758038bc
0 16796729 bbbb
0 16805544 bfbf000700000000
0 16806671 bfbf000800000000
0 16807293 ffffcccc01e06200
0 16815888 b000000700000000
0 16816853 b000000700000000
0 16819484 bbbb
0 16855359 b000bbbb00000014
0 17301789 aaaa
0 17302157 b000000800000000
0 17302770 ffffcccc0713aa00
0 17304939 aaaa
0 17305641 eb0000776f003be9
0 17307811 eb000077750038bc
0 17308501 ea0000776f803bea
0 17309375 ea00007771802758
0 17309817 ea000077738034cc
0 17310662 ea000077758038bd
0 17311557 ea000077798014e0
0 17312910 bbbb
0 17321580 bfbf000700000000
0 17322726 bfbf000800000000
0 17323111 ffffcccc01e06200
0 17332120 b000000700000000
0 17333495 b000000700000000
0 17335625 bbbb
0 17370698 b000bbbb00000014
0 17817505 aaaa
0 17817856 b000000800000000
0 17819042 ffffcccc0713aa00
0 17821706 aaaa
0 17822690 eb000077730034cc
0 17823719 eb00007771002758
0 17824329 eb0000776f003bea
0 17826390 eb000077790014e0
0 17827167 eb000077750038bd
0 17827913 ea0000776f803beb
0 17828343 ea00007771802759
0 17828892 ea000077738034cd
0 17829771 ea000077758038be
0 17830944 ea000077798014e1
0 17831926 bbbb
0 17841015 bfbf000700000000
0 17842149 bfbf000800000000
0 17842533 ffffcccc01e06200
0 17845427 b000000700000000
0 17846983 b000000700000000
0 17853233 bbbb
0 17888504 b000bbbb00000014
0 18335538 aaaa
0 18335927 b000000800000000
0 18336835 ffffcccc0713aa00
0 18339114 aaaa
0 18339774 eb000077730034cd
0 18340670 eb00007771002759
0 18341251 eb0000776f003beb
0 18342829 eb000077790014e1
0 18343580 eb000077750038be
0 18344338 ea0000776f803bec
0 18346079 bbbb
0 18354687 bfbf000700000000
0 18355798 bfbf000800000000
0 18356182 ffffcccc01e06200
0 18359301 b000000700000000
0 18361014 b000000700000000
0 18367002 bbbb
0 18402136 b000bbbb00000014
0 18851343 aaaa
0 18851724 b000000800000000
0 18852320 ffffcccc0713aa00
0 18854323 aaaa
0 18855278 eb0000776f003bec
0 20356707 ea0000776f803bed
# Core 1 LOG DUMP ==================================================
# DCB 1 ffffff000445ac00 pixels
# DCB 1 ffffff0001b2c200 monitor
1 2571 ffffcccc01b2c200
1 8093936 ffff0001000031ba
# Core 2 LOG DUMP ==================================================
# DCB 2 ffffff000445ae00 pixels
# DCB 2 ffffff0001b2c400 monitor
2 4037 ffffcccc01b2c400
2 3652201 ffff000100003191
# Core 3 LOG DUMP ==================================================
# DCB 3 ffffff0006a5c000 pixels
# DCB 3 ffffff0001b2c600 monitor
3 2401 ffffcccc01b2c600
3 12328 aaaa
3 12849 b000000800000000
3 13700 ffffcccc06a5c000
3 15454 aaaa
3 15879 eb0000776f803bdb
3 516587 ea0000776f003bdb
3 517056 bbbb
3 517814 bfbf000700000000
3 519047 bfbf000800000000
3 519930 ffffcccc01b2c600
3 523844 b000000700000000
3 525011 bbbb
3 526410 aaaa
3 527049 b000000800000000
3 527695 ffffcccc06a5c000
3 529613 aaaa
3 530200 eb0000776f803bdc
3 1030929 ea0000776f003bdc
3 1031403 bbbb
3 1032122 bfbf000700000000
3 1033316 bfbf000800000000
3 1034600 ffffcccc01b2c600
3 1038543 b000000700000000
3 1039802 bbbb
3 1043153 aaaa
3 1043636 b000000800000000
3 1044573 ffffcccc06a5c000
3 1046340 aaaa
3 1046886 eb0000776f803bdd
3 1547661 ea0000776f003bdd
3 1548169 bbbb
3 1548887 bfbf000700000000
3 1550041 bfbf000800000000
3 1550858 ffffcccc01b2c600
3 1554793 b000000700000000
3 1556128 bbbb
3 1559973 aaaa
3 1560597 b000000800000000
3 1561237 ffffcccc06a5c000
3 1562973 aaaa
3 1563522 eb0000776f803bde
3 2064301 ea0000776f003bde
3 2064813 bbbb
3 2065532 bfbf000700000000
3 2066663 bfbf000800000000
3 2067379 ffffcccc01b2c600
3 2071002 b000000700000000
3 2072360 bbbb
3 2075532 aaaa
3 2075902 b000000800000000
3 2076798 ffffcccc06a5c000
3 2078758 aaaa
3 2079330 eb0000776f803bdf
3 2580087 ea0000776f003bdf
3 2580593 bbbb
3 2581315 bfbf000700000000
3 2582462 bfbf000800000000
3 2583291 ffffcccc01b2c600
3 2586870 b000000700000000
3 2588259 bbbb
3 4108178 aaaa
3 4109091 b000000800000000
3 4109676 ffffcccc06a5c000
3 4111400 aaaa
3 4111794 eb0000776f803be0
3 4612528 ea0000776f003be0
3 4613085 bbbb
3 4613817 bfbf000700000000
3 4615001 bfbf000800000000
3 4615687 ffffcccc01b2c600
3 4619662 b000000700000000
3 4621015 bbbb
3 4622963 aaaa
3 4623582 b000000800000000
3 4624223 ffffcccc06a5c000
3 4626123 aaaa
3 4626686 eb0000776f803be1
3 5127435 ea0000776f003be1
3 5127940 bbbb
3 5128660 bfbf000700000000
3 5129802 bfbf000800000000
3 5130488 ffffcccc01b2c600
3 5134087 b000000700000000
3 5135430 bbbb
3 5140442 aaaa
3 5141082 b000000800000000
3 5141730 ffffcccc06a5c000
3 5143487 aaaa
3 5144040 eb0000776f803be2
3 5644713 ea0000776f003be2
3 5645221 bbbb
3 5645939 bfbf000700000000
3 5647076 bfbf000800000000
3 5647767 ffffcccc01b2c600
3 5651354 b000000700000000
3 5652748 bbbb
3 5655347 aaaa
3 5655995 b000000800000000
3 5656634 ffffcccc06a5c000
3 5658381 aaaa
3 5658948 eb0000776f803be3
3 6159701 ea0000776f003be3
3 6160203 bbbb
3 6160937 bfbf000700000000
3 6162057 bfbf000800000000
3 6162807 ffffcccc01b2c600
3 6166504 b000000700000000
3 6167827 bbbb
3 6170093 aaaa
3 6170479 b000000800000000
3 6171337 ffffcccc06a5c000
3 6173244 aaaa
3 6173990 eb0000776f803be4
3 6674753 ea0000776f003be4
3 6675572 bbbb
3 6676290 bfbf000700000000
3 6677469 bfbf000800000000
3 6678132 ffffcccc01b2c600
3 6681794 b000000700000000
3 6683120 bbbb
3 8715121 aaaa
3 8715789 b000000800000000
3 8716460 ffffcccc06a5c000
3 8718660 aaaa
3 8719192 eb0000776f803be5
3 9220220 ea0000776f003be5
3 9220724 bbbb
3 9221460 bfbf000700000000
3 9222897 bfbf000800000000
3 9223718 ffffcccc01b2c600
3 9227241 b000000700000000
3 9228655 bbbb
3 9232433 aaaa
3 9232801 b000000800000000
3 9233452 ffffcccc06a5c000
3 9235613 aaaa
3 9236007 eb0000776f803be6
3 9736760 ea0000776f003be6
3 9737341 bbbb
3 9738107 bfbf000700000000
3 9739301 bfbf000800000000
3 9740060 ffffcccc01b2c600
3 9743861 b000000700000000
3 9745181 bbbb
3 9747947 aaaa
3 9748332 b000000800000000
3 9748987 ffffcccc06a5c000
3 9750752 aaaa
3 9751312 eb0000776f803be7
3 10252065 ea0000776f003be7
3 10252564 bbbb
3 10253282 bfbf000700000000
3 10254411 bfbf000800000000
3 10255089 ffffcccc01b2c600
3 10258617 b000000700000000
3 10259945 bbbb
3 10262987 aaaa
3 10263635 b000000800000000
3 10264289 ffffcccc06a5c000
3 10266152 aaaa
3 10266715 eb0000776f803be8
3 10767443 ea0000776f003be8
3 10767951 bbbb
3 10768670 bfbf000700000000
3 10769860 bfbf000800000000
3 10770550 ffffcccc01b2c600
3 10774149 b000000700000000
3 10775523 bbbb
3 16796420 aaaa
3 16796782 b000000800000000
3 16797626 ffffcccc06a5c000
3 16799347 aaaa
3 16799743 eb0000776f803be9
3 17300512 ea0000776f003be9
3 17301025 bbbb
3 17301763 bfbf000700000000
3 17302907 bfbf000800000000
3 17303573 ffffcccc01b2c600
3 17307142 b000000700000000
3 17308465 bbbb
3 17309727 aaaa
3 17310381 b000000800000000
3 17311021 ffffcccc06a5c000
3 17313147 aaaa
3 17313669 eb0000776f803bea
3 17814512 ea0000776f003bea
3 17815352 bbbb
3 17816069 bfbf000700000000
3 17817253 bfbf000800000000
3 17818203 ffffcccc01b2c600
3 17821811 b000000700000000
3 17823301 bbbb
3 17828802 aaaa
3 17829413 b000000800000000
3 17830067 ffffcccc06a5c000
3 17831944 aaaa
3 17832921 eb0000776f803beb
3 18333677 ea0000776f003beb
3 18334171 bbbb
3 18334899 bfbf000700000000
3 18336063 bfbf000800000000
3 18336744 ffffcccc01b2c600
3 18340277 b000000700000000
3 18341681 bbbb
3 18345989 aaaa
3 18346620 b000000800000000
3 18347261 ffffcccc06a5c000
3 18348994 aaaa
3 18349389 eb0000776f803bec
3 18849853 ea0000776f003bec
3 18850357 bbbb
3 18851086 bfbf000700000000
3 18852275 bfbf000800000000
3 18852945 ffffcccc01b2c600
3 18856560 b000000700000000
3 18857888 bbbb
# Core 4 LOG DUMP ==================================================
# DCB 4 ffffff0006a5c200 pixels
# DCB 4 ffffff0001b2c800 monitor
4 6183 ffffcccc01b2c800
4 2076861 aaaa
4 2077691 b000000800000000
4 2078297 ffffcccc06a5c200
4 2080459 aaaa
4 2080851 eb00007771802752
4 2581599 ea00007771002752
4 2582079 bbbb
4 2583259 bfbf000700000000
4 2584862 bfbf000800000000
4 2585706 ffffcccc01b2c800
4 2589357 b000000700000000
4 2590607 bbbb
4 2592746 aaaa
4 2593340 b000000800000000
4 2594262 ffffcccc06a5c200
4 2596084 aaaa
4 2596462 eb00007771802753
4 3097188 ea00007771002753
4 3097661 bbbb
4 3098378 bfbf000700000000
4 3099533 bfbf000800000000
4 3100824 ffffcccc01b2c800
4 3104641 b000000700000000
4 3105831 bbbb
4 6171028 aaaa
4 6171687 b000000800000000
4 6172509 ffffcccc06a5c200
4 6174745 aaaa
4 6175361 eb00007771802754
4 6676122 ea00007771002754
4 6676698 bbbb
4 6677436 bfbf000700000000
4 6679115 bfbf000800000000
4 6679871 ffffcccc01b2c800
4 6683475 b000000700000000
4 6684927 bbbb
4 6688292 aaaa
4 6688848 b000000800000000
4 6689831 ffffcccc06a5c200
4 6691579 aaaa
4 6691977 eb00007771802755
4 7192727 ea00007771002755
4 7193298 bbbb
4 7194017 bfbf000700000000
4 7195150 bfbf000800000000
4 7195947 ffffcccc01b2c800
4 7199471 b000000700000000
4 7200826 bbbb
4 8202563 aaaa
4 8202960 b000000800000000
4 8203559 ffffcccc06a5c200
4 8205786 aaaa
4 8206188 eb00007771802756
4 8706969 ea00007771002756
4 8707550 bbbb
4 8708318 bfbf000700000000
4 8709678 bfbf000800000000
4 8710370 ffffcccc01b2c800
4 8714059 b000000700000000
4 8715426 b000000800000000
4 8716586 ffffcccc06a5c200
4 8719584 aaaa
4 8720363 eb00007771802757
4 9220887 ea00007771002757
4 9221450 bbbb
4 9222939 bfbf000700000000
4 9224280 bfbf000800000000
4 9224895 ffffcccc01b2c800
4 9228386 b000000700000000
4 9229805 bbbb
4 17310481 aaaa
4 17310813 b000000800000000
4 17311713 ffffcccc06a5c200
4 17314010 aaaa
4 17314685 eb00007771802758
4 17815194 ea00007771002758
4 17815761 bbbb
4 17816726 bfbf000700000000
4 17817922 bfbf000800000000
4 17819160 ffffcccc01b2c800
4 17822843 b000000700000000
4 17824412 bbbb
4 17829359 aaaa
4 17829684 b000000800000000
4 17830341 ffffcccc06a5c200
4 17833183 aaaa
4 17833898 eb00007771802759
4 17908259 ffff000100003142
4 18334406 ea00007771002759
4 18334847 bbbb
4 18335606 bfbf000700000000
4 18336786 bfbf000800000000
4 18337757 ffffcccc01b2c800
4 18341603 b000000700000000
4 18343115 bbbb
# Core 5 LOG DUMP ==================================================
# DCB 5 ffffff0006a5c400 pixels
# DCB 5 ffffff0001b2ca00 monitor
5 3507 ffffcccc01b2ca00
5 527124 aaaa
5 528100 b000000800000000
5 528687 ffffcccc06a5c400
5 530981 aaaa
5 531356 eb000077738034be
5 1032059 ea000077730034be
5 1032542 bbbb
5 1033282 bfbf000700000000
5 1034951 bfbf000800000000
5 1035865 ffffcccc01b2ca00
5 1039508 b000000700000000
5 1040852 bbbb
5 1044209 aaaa
5 1044763 b000000800000000
5 1045440 ffffcccc06a5c400
5 1047412 aaaa
5 1047772 eb000077738034bf
5 1548543 ea000077730034bf
5 1549024 bbbb
5 1549722 bfbf000700000000
5 1551410 bfbf000800000000
5 1552355 ffffcccc01b2ca00
5 1556092 b000000700000000
5 1557509 bbbb
5 1560558 aaaa
5 1561273 b000000800000000
5 1561922 ffffcccc06a5c400
5 1563803 aaaa
5 1564187 eb000077738034c0
5 2064977 ea000077730034c0
5 2065496 bbbb
5 2066196 bfbf000700000000
5 2067543 bfbf000800000000
5 2068281 ffffcccc01b2ca00
5 2071838 b000000700000000
5 2073193 bbbb
5 2077101 aaaa
5 2077569 b000000800000000
5 2078223 ffffcccc06a5c400
5 2080152 aaaa
5 2080537 eb000077738034c1
5 2581308 ea000077730034c1
5 2581824 bbbb
5 2582523 bfbf000700000000
5 2584376 bfbf000800000000
5 2585009 ffffcccc01b2ca00
5 2588507 b000000700000000
5 2590059 bbbb
5 4623517 aaaa
5 4624632 b000000800000000
5 4625261 ffffcccc06a5c400
5 4627295 aaaa
5 4627679 eb000077738034c2
5 5128455 ea000077730034c2
5 5128965 bbbb
5 5129678 bfbf000700000000
5 5130861 bfbf000800000000
5 5131493 ffffcccc01b2ca00
5 5135150 b000000700000000
5 5136497 bbbb
5 5140878 aaaa
5 5141351 b000000800000000
5 5142016 ffffcccc06a5c400
5 5144214 aaaa
5 5144598 eb000077738034c3
5 5645285 ea000077730034c3
5 5645808 bbbb
5 5646510 bfbf000700000000
5 5647643 bfbf000800000000
5 5648292 ffffcccc01b2ca00
5 5651890 b000000700000000
5 5653233 bbbb
5 5655825 aaaa
5 5656295 b000000800000000
5 5656962 ffffcccc06a5c400
5 5659076 aaaa
5 5659461 eb000077738034c4
5 6160149 ea000077730034c4
5 6160661 bbbb
5 6161362 bfbf000700000000
5 6162813 bfbf000800000000
5 6163515 ffffcccc01b2ca00
5 6167052 b000000700000000
5 6168516 bbbb
5 6171963 aaaa
5 6172347 b000000800000000
5 6173031 ffffcccc06a5c400
5 6175270 aaaa
5 6175655 eb000077738034c5
5 6676415 ea000077730034c5
5 6676947 bbbb
5 6677652 bfbf000700000000
5 6679335 bfbf000800000000
5 6680064 ffffcccc01b2ca00
5 6683580 b000000700000000
5 6685036 bbbb
5 8202758 aaaa
5 8203134 b000000800000000
5 8204292 ffffcccc06a5c400
5 8206021 aaaa
5 8206398 eb000077738034c6
5 8707121 ea000077730034c6
5 8707628 bbbb
5 8708339 bfbf000700000000
5 8709908 bfbf000800000000
5 8710557 ffffcccc01b2ca00
5 8714147 b000000700000000
5 8715798 bbbb
5 8717031 aaaa
5 8717686 b000000800000000
5 8718333 ffffcccc06a5c400
5 8720100 aaaa
5 8720747 eb000077738034c7
5 9221517 ea000077730034c7
5 9222237 bbbb
5 9222942 bfbf000700000000
5 9224784 bfbf000800000000
5 9225415 ffffcccc01b2ca00
5 9228915 b000000700000000
5 9230347 bbbb
5 9232851 aaaa
5 9233227 b000000800000000
5 9233893 ffffcccc06a5c400
5 9235832 aaaa
5 9236216 eb000077738034c8
5 9736947 ea000077730034c8
5 9737460 bbbb
5 9738160 bfbf000700000000
5 9739324 bfbf000800000000
5 9740121 ffffcccc01b2ca00
5 9743975 b000000700000000
5 9745396 bbbb
5 9748401 aaaa
5 9748771 b000000800000000
5 9749421 ffffcccc06a5c400
5 9751339 aaaa
5 9751725 eb000077738034c9
5 10252467 ea000077730034c9
5 10252979 bbbb
5 10253678 bfbf000700000000
5 10254835 bfbf000800000000
5 10255464 ffffcccc01b2ca00
5 10259066 b000000700000000
5 10260459 bbbb
5 10263574 aaaa
5 10263959 b000000800000000
5 10264676 ffffcccc06a5c400
5 10266571 aaaa
5 10267183 eb000077738034ca
5 10767936 ea000077730034ca
5 10768465 bbbb
5 10769165 bfbf000700000000
5 10770366 bfbf000800000000
5 10771524 ffffcccc01b2ca00
5 10775051 b000000700000000
5 10776527 bbbb
5 10779621 aaaa
5 10779991 b000000800000000
5 10780682 ffffcccc06a5c400
5 10782596 aaaa
5 10782981 eb000077738034cb
5 11283681 ea000077730034cb
5 11284201 bbbb
5 11284902 bfbf000700000000
5 11286036 bfbf000800000000
5 11286667 ffffcccc01b2ca00
5 11290138 b000000700000000
5 11291481 bbbb
5 14303781 ffff00010000311b
5 17311397 aaaa
5 17311696 b000000800000000
5 17312576 ffffcccc06a5c400
5 17314297 aaaa
5 17314929 eb000077738034cc
5 17815449 ea000077730034cc
5 17815975 bbbb
5 17816711 bfbf000700000000
5 17818290 bfbf000800000000
5 17819634 ffffcccc01b2ca00
5 17823587 b000000700000000
5 17825144 bbbb
5 17830161 aaaa
5 17830728 b000000800000000
5 17831390 ffffcccc06a5c400
5 17833446 aaaa
5 17834113 eb000077738034cd
5 18334575 ea000077730034cd
5 18335100 bbbb
5 18335799 bfbf000700000000
5 18337202 bfbf000800000000
5 18338407 ffffcccc01b2ca00
5 18341895 b000000700000000
5 18343400 bbbb
# Core 6 LOG DUMP ==================================================
# DCB 6 ffffff0006a5c600 pixels
# DCB 6 ffffff0001b2cc00 monitor
6 4586 ffffcccc01b2cc00
6 12954 aaaa
6 13907 b000000800000000
6 14497 ffffcccc06a5c600
6 16289 aaaa
6 16677 eb000077758038b4
6 517377 ea000077750038b4
6 517858 bbbb
6 518624 bfbf000700000000
6 520128 bfbf000800000000
6 521064 ffffcccc01b2cc00
6 524675 b000000700000000
6 525993 bbbb
6 527766 aaaa
6 528684 b000000800000000
6 530078 ffffcccc06a5c600
6 531896 aaaa
6 532274 eb000077758038b5
6 1032981 ea000077750038b5
6 1033522 bbbb
6 1034892 bfbf000700000000
6 1036247 bfbf000800000000
6 1036928 ffffcccc01b2cc00
6 1040397 b000000700000000
6 1041723 bbbb
6 4108331 aaaa
6 4109216 b000000800000000
6 4109825 ffffcccc06a5c600
6 4111560 aaaa
6 4111959 eb000077758038b6
6 4612730 ea000077750038b6
6 4613306 bbbb
6 4614038 bfbf000700000000
6 4615218 bfbf000800000000
6 4616109 ffffcccc01b2cc00
6 4619697 b000000700000000
6 4621209 bbbb
6 4624409 aaaa
6 4625183 b000000800000000
6 4626447 ffffcccc06a5c600
6 4628187 aaaa
6 4628589 eb000077758038b7
6 5129321 ea000077750038b7
6 5130053 bbbb
6 5131305 bfbf000700000000
6 5132707 bfbf000800000000
6 5133354 ffffcccc01b2cc00
6 5136813 b000000700000000
6 5138260 bbbb
6 8203167 aaaa
6 8203653 b000000800000000
6 8204249 ffffcccc06a5c600
6 8206005 aaaa
6 8206407 eb000077758038b8
6 8707140 ea000077750038b8
6 8708004 bbbb
6 8708736 bfbf000700000000
6 8710344 bfbf000800000000
6 8711052 ffffcccc01b2cc00
6 8714640 b000000700000000
6 8716272 bbbb
6 8717588 aaaa
6 8718393 b000000800000000
6 8719080 ffffcccc06a5c600
6 8720832 aaaa
6 8721461 eb000077758038b9
6 9222209 ea000077750038b9
6 9223120 bbbb
6 9223839 bfbf000700000000
6 9225221 bfbf000800000000
6 9225862 ffffcccc01b2cc00
6 9229341 b000000700000000
6 9230763 bbbb
6 10264707 aaaa
6 10265231 b000000800000000
6 10265834 ffffcccc06a5c600
6 10267940 aaaa
6 10268340 eb000077758038ba
6 10769114 ea000077750038ba
6 10769689 bbbb
6 10770422 bfbf000700000000
6 10772136 bfbf000800000000
6 10772789 ffffcccc01b2cc00
6 10776444 b000000700000000
6 10777795 bbbb
6 10780227 aaaa
6 10780913 b000000800000000
6 10781561 ffffcccc06a5c600
6 10783353 aaaa
6 10783753 eb000077758038bb
6 11108194 ffff0001000030f2
6 11284454 ea000077750038bb
6 11284856 bbbb
6 11285614 bfbf000700000000
6 11287232 bfbf000800000000
6 11287863 ffffcccc01b2cc00
6 11291407 b000000700000000
6 11293016 bbbb
6 16797017 aaaa
6 16797501 b000000800000000
6 16798109 ffffcccc06a5c600
6 16799840 aaaa
6 16800418 eb000077758038bc
6 17300934 ea000077750038bc
6 17301500 bbbb
6 17302237 bfbf000700000000
6 17303834 bfbf000800000000
6 17304473 ffffcccc01b2cc00
6 17308062 b000000700000000
6 17309367 bbbb
6 17312102 aaaa
6 17312640 b000000800000000
6 17313293 ffffcccc06a5c600
6 17315569 aaaa
6 17316146 eb000077758038bd
6 17816649 ea000077750038bd
6 17817260 bbbb
6 17817977 bfbf000700000000
6 17819997 bfbf000800000000
6 17820621 ffffcccc01b2cc00
6 17824059 b000000700000000
6 17825425 bbbb
6 17831826 aaaa
6 17832362 b000000800000000
6 17833440 ffffcccc06a5c600
6 17835217 aaaa
6 17835635 eb000077758038be
6 18336167 ea000077750038be
6 18337087 bbbb
6 18338545 bfbf000700000000
6 18339995 bfbf000800000000
6 18340596 ffffcccc01b2cc00
6 18344130 b000000700000000
6 18345578 bbbb
# Core 7 LOG DUMP ==================================================
# DCB 7 ffffff0006a5c800 pixels
# DCB 7 ffffff0001b2ce00 monitor
7 4277 ffffcccc01b2ce00
7 528650 aaaa
7 529391 b000000800000000
7 529997 ffffcccc06a5c800
7 531734 aaaa
7 532107 eb00007777803746
7 1032788 ea00007777003746
7 1033298 bbbb
7 1034055 bfbf000700000000
7 1035658 bfbf000800000000
7 1036429 ffffcccc01b2ce00
7 1040014 b000000700000000
7 1041343 bbbb
7 1044950 aaaa
7 1045718 b000000800000000
7 1046393 ffffcccc06a5c800
7 1048154 aaaa
7 1048518 eb00007777803747
7 1549281 ea00007777003747
7 1549764 bbbb
7 1550735 bfbf000700000000
7 1552147 bfbf000800000000
7 1552908 ffffcccc01b2ce00
7 1556344 b000000700000000
7 1557635 bbbb
7 1561619 aaaa
7 1562211 b000000800000000
7 1562879 ffffcccc06a5c800
7 1564594 aaaa
7 1564979 eb00007777803748
7 2065712 ea00007777003748
7 2066232 bbbb
7 2067312 bfbf000700000000
7 2068668 bfbf000800000000
7 2069296 ffffcccc01b2ce00
7 2072799 b000000700000000
7 2074101 bbbb
7 2077467 aaaa
7 2077837 b000000800000000
7 2078775 ffffcccc06a5c800
7 2080490 aaaa
7 2080874 eb00007777803749
7 2581659 ea00007777003749
7 2582485 bbbb
7 2583207 bfbf000700000000
7 2584576 bfbf000800000000
7 2585214 ffffcccc01b2ce00
7 2588670 b000000700000000
7 2590200 bbbb
7 2593022 aaaa
7 2593393 b000000800000000
7 2594492 ffffcccc06a5c800
7 2596211 aaaa
7 2596596 eb0000777780374a
7 3097386 ea0000777700374a
7 3097901 bbbb
7 3098619 bfbf000700000000
7 3099805 bfbf000800000000
7 3100611 ffffcccc01b2ce00
7 3104125 b000000700000000
7 3105500 bbbb
7 4625164 aaaa
7 4625760 b000000800000000
7 4626370 ffffcccc06a5c800
7 4628124 aaaa
7 4628510 eb0000777780374b
7 5129247 ea0000777700374b
7 5129838 bbbb
7 5131029 bfbf000700000000
7 5132469 bfbf000800000000
7 5133126 ffffcccc01b2ce00
7 5136626 b000000700000000
7 5138026 bbbb
7 5141825 aaaa
7 5142291 b000000800000000
7 5142952 ffffcccc06a5c800
7 5144689 aaaa
7 5145075 eb0000777780374c
7 5645813 ea0000777700374c
7 5646322 bbbb
7 5647044 bfbf000700000000
7 5648382 bfbf000800000000
7 5649017 ffffcccc01b2ce00
7 5652531 b000000700000000
7 5653918 bbbb
7 5656807 aaaa
7 5657199 b000000800000000
7 5657852 ffffcccc06a5c800
7 5659597 aaaa
7 5659983 eb0000777780374d
7 6160748 ea0000777700374d
7 6161561 bbbb
7 6162284 bfbf000700000000
7 6163641 bfbf000800000000
7 6164274 ffffcccc01b2ce00
7 6167689 b000000700000000
7 6169066 bbbb
7 6172418 aaaa
7 6172922 b000000800000000
7 6173593 ffffcccc06a5c800
7 6175706 aaaa
7 6176090 eb0000777780374e
7 6676850 ea0000777700374e
7 6677368 bbbb
7 6678087 bfbf000700000000
7 6679821 bfbf000800000000
7 6680454 ffffcccc01b2ce00
7 6683995 b000000700000000
7 6685524 bbbb
7 6688511 aaaa
7 6689032 b000000800000000
7 6689691 ffffcccc06a5c800
7 6691404 aaaa
7 6691785 eb0000777780374f
7 6836007 ffff0001000030c8
7 7192557 ea0000777700374f
7 7192953 bbbb
7 7193717 bfbf000700000000
7 7195147 bfbf000800000000
7 7195722 ffffcccc01b2ce00
7 7199198 b000000700000000
7 7200552 bbbb
7 8718553 aaaa
7 8718837 b000000800000000
7 8719428 ffffcccc06a5c800
7 8721358 aaaa
7 8721973 eb00007777803750
7 9222494 ea00007777003750
7 9223156 bbbb
7 9223925 bfbf000700000000
7 9225511 bfbf000800000000
7 9225888 ffffcccc01b2ce00
7 9229446 b000000700000000
7 9231039 bbbb
7 9233308 aaaa
7 9233736 b000000800000000
7 9234407 ffffcccc06a5c800
7 9236145 aaaa
7 9236734 eb00007777803751
7 9737199 ea00007777003751
7 9737715 bbbb
7 9738441 bfbf000700000000
7 9740087 bfbf000800000000
7 9741013 ffffcccc01b2ce00
7 9744487 b000000700000000
7 9745938 bbbb
7 9748738 aaaa
7 9749022 b000000800000000
7 9749988 ffffcccc06a5c800
7 9751731 aaaa
7 9752310 eb00007777803752
7 10252800 ea00007777003752
7 10253321 bbbb
7 10254041 bfbf000700000000
7 10255722 bfbf000800000000
7 10256292 ffffcccc01b2ce00
7 10259825 b000000700000000
7 10261151 bbbb
7 10265669 aaaa
7 10266046 b000000800000000
7 10266708 ffffcccc06a5c800
7 10268421 aaaa
7 10269018 eb00007777803753
7 10769540 ea00007777003753
7 10770048 bbbb
7 10771202 bfbf000700000000
7 10772607 bfbf000800000000
7 10773177 ffffcccc01b2ce00
7 10776596 b000000700000000
7 10778052 bbbb
# Core 8 LOG DUMP ==================================================
# DCB 8 ffffff0006a5ca00 pixels
# DCB 8 ffffff0001b2d000 monitor
8 5112 ffffcccc01b2d000
8 3346860 ffff00010000309f
8 17313309 aaaa
8 17314179 b000000800000000
8 17314791 ffffcccc06a5ca00
8 17316584 aaaa
8 17317251 eb000077798014e0
8 17817752 ea000077790014e0
8 17818389 bbbb
8 17820261 bfbf000700000000
8 17822085 bfbf000800000000
8 17822809 ffffcccc01b2d000
8 17826737 b000000700000000
8 17827902 bbbb
8 17831795 aaaa
8 17832138 b000000800000000
8 17832821 ffffcccc06a5ca00
8 17835183 aaaa
8 17835851 eb000077798014e1
8 18336321 ea000077790014e1
8 18337157 bbbb
8 18338321 bfbf000700000000
8 18339750 bfbf000800000000
8 18340385 ffffcccc01b2d000
8 18343874 b000000700000000
8 18345052 bbbb
# Core 9 LOG DUMP ==================================================
# DCB 9 ffffff0006a5cc00 pixels
# DCB 9 ffffff0001b2d200 monitor
9 2628 ffffcccc01b2d200
# Core 10 LOG DUMP ==================================================
# DCB 10 ffffff0006a5ce00 pixels
# DCB 10 ffffff0001b2d400 monitor
10 5129 ffffcccc01b2d400
10 17420552 ffff00010000304e
# Core 11 LOG DUMP ==================================================
# DCB 11 ffffff000713a000 pixels
# DCB 11 ffffff000445a600 e1000n
# DCB 11 ffffff0001b2d600 monitor
11 7034 ffffcccc0445a600
11 7713 ffffcccc01b2d600
11 10676 ffffcccc0445a600
11 14984431 ffff000100003026
11 14984825 ffffcccc01b2d600
11 14987675 ffffcccc0445a600
# Core 12 LOG DUMP ==================================================
# DCB 12 ffffff000713a200 pixels
# DCB 12 ffffff0001b2d800 monitor
12 3571 ffffcccc01b2d800
12 12407312 ffff000100002ffd
# Core 13 LOG DUMP ==================================================
# DCB 13 ffffff000713a400 pixels
# DCB 13 ffffff0001b2da00 monitor
13 3636 ffffcccc01b2da00
13 10418456 ffff000100002fd4
# Core 14 LOG DUMP ==================================================
# DCB 14 ffffff000713a600 pixels
# DCB 14 ffffff0001b2dc00 monitor
14 6707 ffffcccc01b2dc00
14 8144846 ffff000100002fab
# Core 15 LOG DUMP ==================================================
# DCB 15 ffffff000713a800 pixels
# DCB 15 ffffff000445a800 bfscope
# DCB 15 ffffff0001b2de00 monitor
15 5895 ffffcccc0445a800
15 6153 ffffcccc01b2de00
15 9343 ffffcccc0445a800
15 1404937 ffff000100002f63
15 1405370 ffffcccc01b2de00
15 1408050 ffffcccc0445a800
