# Start 373216408211 Duration 20000000 Stop 373236408211
# Core 0 LOG DUMP ==================================================
0 0 1234000000000001
# DCB 0 ffffff000713aa00 fish
# DCB 0 ffffff000445aa00 pixels
# DCB 0 ffffff000445a400 serial
# DCB 0 ffffff000445a200 pci
# DCB 0 ffffff000445a000 skb
# DCB 0 ffffff0001b2c000 chips
# DCB 0 ffffff0001e06000 mem_serv
# DCB 0 ffffff0001e06200 monitor
0 8265 ffffcccc0713aa00
0 9480 ea0000776f803d06
0 10292 ea000077738035df
0 10769 ea00007777803846
0 12245 bbbb
0 20820 bfbf000700000000
0 21955 bfbf000800000000
0 22633 ffffcccc01e06200
0 25575 b000000700000000
0 27271 b000000700000000
0 33235 bbbb
0 68264 b000bbbb00000014
0 516266 aaaa
0 516663 b000000800000000
0 517855 ffffcccc0713aa00
0 520090 aaaa
0 520772 eb000077730035df
0 521744 eb0000776f003d06
0 523351 eb00007777003846
0 524094 ea0000776f803d07
0 524944 ea000077738035e0
0 525928 ea00007777803847
0 526832 bbbb
0 536046 bfbf000700000000
0 537178 bfbf000800000000
0 537605 ffffcccc01e06200
0 540549 b000000700000000
0 542195 b000000700000000
0 548047 bbbb
0 583932 b000bbbb00000014
0 1030858 aaaa
0 1031279 b000000800000000
0 1032646 ffffcccc0713aa00
0 1035057 aaaa
0 1035678 eb000077730035e0
0 1036645 eb0000776f003d07
0 1038418 eb00007777003847
0 1039503 ea0000776f803d08
0 1040498 ea000077738035e1
0 1040921 ea000077758039ae
0 1041859 ea00007777803848
0 1042990 bbbb
0 1051717 bfbf000700000000
0 1052868 bfbf000800000000
0 1053249 ffffcccc01e06200
0 1061825 b000000700000000
0 1063219 b000000700000000
0 1065606 bbbb
0 1100974 b000bbbb00000014
0 1547905 aaaa
0 1548305 b000000800000000
0 1549659 ffffcccc0713aa00
0 1551711 aaaa
0 1552327 eb000077750039ae
0 1553313 eb000077730035e1
0 1554094 eb0000776f003d08
0 1556085 eb00007777003848
0 1556784 ea000077738035e2
0 1557671 ea000077758039af
0 1558536 bbbb
0 1567087 bfbf000700000000
0 1568196 bfbf000800000000
0 1568829 ffffcccc01e06200
0 1572052 b000000700000000
0 1573525 b000000700000000
0 1579407 bbbb
0 1614670 b000bbbb00000014
0 2064018 aaaa
0 2064425 b000000800000000
0 2065330 ffffcccc0713aa00
0 2067286 aaaa
0 2067903 eb000077750039af
0 2068829 eb000077730035e2
0 7571650 ea0000776f803d09
0 7572390 ea000077758039b0
0 7574277 bbbb
0 7583245 bfbf000700000000
0 7584370 bfbf000800000000
0 7584753 ffffcccc01e06200
0 7588173 b000000700000000
0 7589308 b000000700000000
0 7595566 bbbb
0 7630903 b000bbbb00000014
0 8078817 aaaa
0 8079210 b000000800000000
0 8080122 ffffcccc0713aa00
0 8082291 aaaa
0 8082952 eb0000776f003d09
0 8085101 eb000077750039b0
0 8085796 ea0000776f803d0a
0 8086363 ea00007771802815
0 8087094 ea000077738035e3
0 8087792 ea000077758039b1
0 8088758 ea00007779801513
0 8090659 bbbb
0 8099585 bfbf000700000000
0 8100730 bfbf000800000000
0 8101114 ffffcccc01e06200
0 8104131 b000000700000000
0 8105821 b000000700000000
0 8111658 bbbb
0 8146457 b000bbbb00000014
0 8593772 aaaa
0 8594184 b000000800000000
0 8595582 ffffcccc0713aa00
0 8597817 aaaa
0 8598534 eb000077730035e3
0 8599811 eb00007771002815
0 8600471 eb0000776f003d0a
0 8602144 eb00007779001513
0 8602897 eb000077750039b1
0 8603659 ea0000776f803d0b
0 8604482 ea00007771802816
0 8605197 ea000077738035e4
0 8606341 ea000077758039b2
0 8606893 ea00007779801514
0 8608418 bbbb
0 8617129 bfbf000700000000
0 8618256 bfbf000800000000
0 8618877 ffffcccc01e06200
0 8627463 b000000700000000
0 8628738 b000000700000000
0 8631025 bbbb
0 8665954 b000bbbb00000014
0 9111020 aaaa
0 9111617 b000000800000000
0 9112516 ffffcccc0713aa00
0 9114872 aaaa
0 9115485 eb000077730035e4
0 9116117 eb00007771002816
0 9116710 eb0000776f003d0b
0 9119089 eb00007779001514
0 9119833 eb000077750039b2
0 9120730 ea0000776f803d0c
0 9122011 bbbb
0 9130813 bfbf000700000000
0 9131925 bfbf000800000000
0 9132307 ffffcccc01e06200
0 9135196 b000000700000000
0 9136875 b000000700000000
0 9142810 bbbb
0 9177685 b000bbbb00000014
0 9628954 aaaa
0 9629366 b000000800000000
0 9630258 ffffcccc0713aa00
0 9632554 aaaa
0 9632915 eb0000776f003d0c
0 11134645 ea0000776f803d0d
0 11135487 ea00007771802817
0 11135881 ea000077738035e5
0 11136274 ea000077758039b3
0 11137138 ea00007777803849
0 11139249 bbbb
0 11148245 bfbf000700000000
0 11149381 bfbf000800000000
0 11150009 ffffcccc01e06200
0 11158744 b000000700000000
0 11159581 b000000700000000
0 11162204 bbbb
0 11642224 aaaa
0 11642709 b000000800000000
0 11643719 ffffcccc0713aa00
0 11647101 aaaa
0 11647771 eb00007777003849
0 11648379 eb000077750039b3
0 11649009 eb000077730035e5
0 11649577 eb00007771002817
0 11650444 eb0000776f003d0d
0 11651493 ea0000776f803d0e
0 11652339 ea00007771802818
0 11652834 ea000077738035e6
0 11653690 ea000077758039b4
0 11654844 ea0000777780384a
0 11656085 bbbb
0 11664991 bfbf000700000000
0 11666132 bfbf000800000000
0 11666516 ffffcccc01e06200
0 11669404 b000000700000000
0 11670634 b000000700000000
0 11677199 bbbb
0 11711862 b000bbbb00000014
0 12158149 aaaa
0 12158778 b000000800000000
0 12160173 ffffcccc0713aa00
0 12163993 aaaa
0 12164639 eb0000777700384a
0 12165470 eb000077750039b4
0 12166180 eb000077730035e6
0 12167224 eb00007771002818
0 12168284 eb0000776f003d0e
0 12169078 ea0000777780384b
0 12169970 bbbb
0 12178593 bfbf000700000000
0 12179735 bfbf000800000000
0 12180119 ffffcccc01e06200
0 12183291 b000000700000000
0 12184521 b000000700000000
0 12190886 bbbb
0 12225787 b000bbbb00000014
0 12676155 aaaa
0 12676543 b000000800000000
0 12677135 ffffcccc0713aa00
0 12680164 aaaa
0 12680818 eb0000777700384b
0 12682234 ea0000777780384c
0 12683825 bbbb
0 12692347 bfbf000700000000
0 12693505 bfbf000800000000
0 12693884 ffffcccc01e06200
0 12702622 b000000700000000
0 12703415 b000000700000000
0 12706252 bbbb
0 13188879 aaaa
0 13189262 b000000800000000
0 13190155 ffffcccc0713aa00
0 13193707 aaaa
0 13194359 eb0000777700384c
0 13195209 ea0000776f803d0f
0 13195753 ea00007771802819
0 13196187 ea000077738035e7
0 13196956 ea000077758039b5
0 13197644 ea0000777780384d
0 13199169 bbbb
0 13207987 bfbf000700000000
0 13209115 bfbf000800000000
0 13209497 ffffcccc01e06200
0 13218136 b000000700000000
0 13219118 b000000700000000
0 13221637 bbbb
0 13702156 aaaa
0 13702778 b000000800000000
0 13703936 ffffcccc0713aa00
0 13706514 aaaa
0 13707113 eb000077750039b5
0 13708039 eb000077730035e7
0 13708531 eb00007771002819
0 13709040 eb0000776f003d0f
0 13711049 eb0000777700384d
0 13711741 ea0000776f803d10
0 13713184 ea0000777180281a
0 13713577 ea000077738035e8
0 13714442 ea000077758039b6
0 13715362 bbbb
0 13724797 bfbf000700000000
0 13725916 bfbf000800000000
0 13726294 ffffcccc01e06200
0 13729089 b000000700000000
0 13730832 b000000700000000
0 13736786 bbbb
0 13772039 b000bbbb00000014
0 14219037 aaaa
0 14219636 b000000800000000
0 14221015 ffffcccc0713aa00
0 14223257 aaaa
0 14223902 eb000077750039b6
0 14224810 eb000077730035e8
0 14225259 eb0000777100281a
0 14225686 eb0000776f003d10
0 16306198 ffff0001000031f3
0 19728936 ea000077758039b7
0 19730173 bbbb
0 19738612 bfbf000700000000
0 19739744 bfbf000800000000
0 19740393 ffffcccc01e06200
0 19743262 b000000700000000
0 19744521 b000000700000000
0 19750857 bbbb
0 19785958 b000bbbb00000014
# Core 1 LOG DUMP ==================================================
# DCB 1 ffffff000445ac00 pixels
# DCB 1 ffffff0001b2c200 monitor
1 3108 ffffcccc01b2c200
1 19753506 ffff0001000031ce
# Core 2 LOG DUMP ==================================================
# DCB 2 ffffff000445ae00 pixels
# DCB 2 ffffff0001b2c400 monitor
2 3281 ffffcccc01b2c400
2 15311911 ffff0001000031a5
# Core 3 LOG DUMP ==================================================
# DCB 3 ffffff0006a5c000 pixels
# DCB 3 ffffff0001b2c600 monitor
3 3181 ffffcccc01b2c600
3 11031 aaaa
3 11664 b000000800000000
3 12263 ffffcccc06a5c000
3 14036 aaaa
3 14623 eb0000776f803d06
3 515359 ea0000776f003d06
3 515826 bbbb
3 516592 bfbf000700000000
3 518101 bfbf000800000000
3 518898 ffffcccc01b2c600
3 522585 b000000700000000
3 523776 bbbb
3 525319 aaaa
3 525832 b000000800000000
3 526554 ffffcccc06a5c000
3 528642 aaaa
3 529210 eb0000776f803d07
3 1029966 ea0000776f003d07
3 1030436 bbbb
3 1031157 bfbf000700000000
3 1032656 bfbf000800000000
3 1033687 ffffcccc01b2c600
3 1037301 b000000700000000
3 1038500 bbbb
3 1040862 aaaa
3 1041514 b000000800000000
3 1042227 ffffcccc06a5c000
3 1044142 aaaa
3 1044701 eb0000776f803d08
3 1545478 ea0000776f003d08
3 1546041 bbbb
3 1546758 bfbf000700000000
3 1547971 bfbf000800000000
3 1548684 ffffcccc01b2c600
3 1552311 b000000700000000
3 1553700 bbbb
3 7573121 aaaa
3 7573624 b000000800000000
3 7574210 ffffcccc06a5c000
3 7575933 aaaa
3 7576487 eb0000776f803d09
3 8077267 ea0000776f003d09
3 8077849 bbbb
3 8078586 bfbf000700000000
3 8079712 bfbf000800000000
3 8080399 ffffcccc01b2c600
3 8084124 b000000700000000
3 8085474 bbbb
3 8086625 aaaa
3 8086998 b000000800000000
3 8087643 ffffcccc06a5c000
3 8089530 aaaa
3 8090709 eb0000776f803d0a
3 8591655 ea0000776f003d0a
3 8592186 bbbb
3 8592903 bfbf000700000000
3 8594047 bfbf000800000000
3 8595007 ffffcccc01b2c600
3 8599064 b000000700000000
3 8600503 bbbb
3 8604855 aaaa
3 8605221 b000000800000000
3 8606113 ffffcccc06a5c000
3 8608035 aaaa
3 8608607 eb0000776f803d0b
3 9109508 ea0000776f003d0b
3 9110006 bbbb
3 9110725 bfbf000700000000
3 9111844 bfbf000800000000
3 9112506 ffffcccc01b2c600
3 9116083 b000000700000000
3 9117633 bbbb
3 9121958 aaaa
3 9122325 b000000800000000
3 9123150 ffffcccc06a5c000
3 9124883 aaaa
3 9125278 eb0000776f803d0c
3 9626036 ea0000776f003d0c
3 9626867 bbbb
3 9627586 bfbf000700000000
3 9628774 bfbf000800000000
3 9629729 ffffcccc01b2c600
3 9633481 b000000700000000
3 9634798 bbbb
3 11038568 ffff00010000317d
3 11136184 aaaa
3 11136371 b000000800000000
3 11137256 ffffcccc06a5c000
3 11138999 aaaa
3 11139624 eb0000776f803d0d
3 11640247 ea0000776f003d0d
3 11640753 bbbb
3 11641512 bfbf000700000000
3 11643018 bfbf000800000000
3 11644156 ffffcccc01b2c600
3 11648383 b000000700000000
3 11649749 bbbb
3 11652718 aaaa
3 11652906 b000000800000000
3 11653860 ffffcccc06a5c000
3 11655829 aaaa
3 11656421 eb0000776f803d0e
3 12157289 ea0000776f003d0e
3 12157797 bbbb
3 12158514 bfbf000700000000
3 12159913 bfbf000800000000
3 12160678 ffffcccc01b2c600
3 12164281 b000000700000000
3 12165657 bbbb
3 13196175 aaaa
3 13196436 b000000800000000
3 13197302 ffffcccc06a5c000
3 13199302 aaaa
3 13200313 eb0000776f803d0f
3 13700835 ea0000776f003d0f
3 13701351 bbbb
3 13702085 bfbf000700000000
3 13703539 bfbf000800000000
3 13704525 ffffcccc01b2c600
3 13708494 b000000700000000
3 13709825 bbbb
3 13713537 aaaa
3 13713728 b000000800000000
3 13714665 ffffcccc06a5c000
3 13716890 aaaa
3 13717482 eb0000776f803d10
3 14217955 ea0000776f003d10
3 14218458 bbbb
3 14219179 bfbf000700000000
3 14221243 bfbf000800000000
3 14221808 ffffcccc01b2c600
3 14225410 b000000700000000
3 14226756 bbbb
# Core 4 LOG DUMP ==================================================
# DCB 4 ffffff0006a5c200 pixels
# DCB 4 ffffff0001b2c800 monitor
4 4120 ffffcccc01b2c800
4 7067768 ffff000100003155
4 8087734 aaaa
4 8088133 b000000800000000
4 8089024 ffffcccc06a5c200
4 8091178 aaaa
4 8092272 eb00007771802815
4 8592768 ea00007771002815
4 8593244 bbbb
4 8594045 bfbf000700000000
4 8595914 bfbf000800000000
4 8596923 ffffcccc01b2c800
4 8600502 b000000700000000
4 8601768 bbbb
4 8605737 aaaa
4 8606133 b000000800000000
4 8606775 ffffcccc06a5c200
4 8608965 aaaa
4 8610261 eb00007771802816
4 9110773 ea00007771002816
4 9111250 bbbb
4 9111969 bfbf000700000000
4 9113814 bfbf000800000000
4 9114454 ffffcccc01b2c800
4 9118050 b000000700000000
4 9119266 bbbb
4 11136479 aaaa
4 11137171 b000000800000000
4 11137773 ffffcccc06a5c200
4 11139732 aaaa
4 11140558 eb00007771802817
4 11641038 ea00007771002817
4 11641618 bbbb
4 11642352 bfbf000700000000
4 11643738 bfbf000800000000
4 11644873 ffffcccc01b2c800
4 11648397 b000000700000000
4 11650013 bbbb
4 11653203 aaaa
4 11653657 b000000800000000
4 11654326 ffffcccc06a5c200
4 11656573 aaaa
4 11657588 eb00007771802818
4 12158134 ea00007771002818
4 12158730 bbbb
4 12159958 bfbf000700000000
4 12161535 bfbf000800000000
4 12162151 ffffcccc01b2c800
4 12165763 b000000700000000
4 12167114 bbbb
4 13196665 aaaa
4 13197202 b000000800000000
4 13198317 ffffcccc06a5c200
4 13200759 aaaa
4 13201397 eb00007771802819
4 13701895 ea00007771002819
4 13702494 bbbb
4 13703467 bfbf000700000000
4 13705378 bfbf000800000000
4 13705996 ffffcccc01b2c800
4 13709565 b000000700000000
4 13710948 bbbb
4 13714119 aaaa
4 13714466 b000000800000000
4 13715423 ffffcccc06a5c200
4 13717230 aaaa
4 13717904 eb0000777180281a
4 14218404 ea0000777100281a
4 14218990 bbbb
4 14219715 bfbf000700000000
4 14222003 bfbf000800000000
4 14222658 ffffcccc01b2c800
4 14226251 b000000700000000
4 14227703 bbbb
# Core 5 LOG DUMP ==================================================
5 408 bbbb
# DCB 5 ffffff0006a5c400 pixels
# DCB 5 ffffff0001b2ca00 monitor
5 2797 ffffcccc01b2ca00
5 11661 aaaa
5 12002 b000000800000000
5 12621 ffffcccc06a5c400
5 14754 aaaa
5 15380 eb000077738035df
5 515862 ea000077730035df
5 516344 bbbb
5 517081 bfbf000700000000
5 518850 bfbf000800000000
5 519430 ffffcccc01b2ca00
5 522964 b000000700000000
5 524158 bbbb
5 526350 aaaa
5 526666 b000000800000000
5 527359 ffffcccc06a5c400
5 529420 aaaa
5 530037 eb000077738035e0
5 1030545 ea000077730035e0
5 1031029 bbbb
5 1032409 bfbf000700000000
5 1034090 bfbf000800000000
5 1034682 ffffcccc01b2ca00
5 1038279 b000000700000000
5 1039467 bbbb
5 1041313 aaaa
5 1041855 b000000800000000
5 1042507 ffffcccc06a5c400
5 1044418 aaaa
5 1045044 eb000077738035e1
5 1545549 ea000077730035e1
5 1546062 bbbb
5 1546768 bfbf000700000000
5 1548214 bfbf000800000000
5 1548905 ffffcccc01b2ca00
5 1552878 b000000700000000
5 1554287 bbbb
5 1558079 aaaa
5 1558402 b000000800000000
5 1559109 ffffcccc06a5c400
5 1561022 aaaa
5 1561603 eb000077738035e2
5 2062087 ea000077730035e2
5 2062606 bbbb
5 2063304 bfbf000700000000
5 2064743 bfbf000800000000
5 2065312 ffffcccc01b2ca00
5 2068844 b000000700000000
5 2070197 bbbb
5 3463333 ffff00010000312e
5 8088451 aaaa
5 8088790 b000000800000000
5 8089676 ffffcccc06a5c400
5 8091962 aaaa
5 8092591 eb000077738035e3
5 8593081 ea000077730035e3
5 8593594 bbbb
5 8594575 bfbf000700000000
5 8596327 bfbf000800000000
5 8597083 ffffcccc01b2ca00
5 8600656 b000000700000000
5 8602126 bbbb
5 8606731 aaaa
5 8607031 b000000800000000
5 8607681 ffffcccc06a5c400
5 8609766 aaaa
5 8610397 eb000077738035e4
5 9110874 ea000077730035e4
5 9111396 bbbb
5 9112552 bfbf000700000000
5 9114228 bfbf000800000000
5 9114595 ffffcccc01b2ca00
5 9118204 b000000700000000
5 9119780 bbbb
5 11136887 aaaa
5 11137342 b000000800000000
5 11138274 ffffcccc06a5c400
5 11140314 aaaa
5 11140945 eb000077738035e5
5 11641465 ea000077730035e5
5 11641983 bbbb
5 11642926 bfbf000700000000
5 11644711 bfbf000800000000
5 11645575 ffffcccc01b2ca00
5 11649117 b000000700000000
5 11650595 bbbb
5 11654077 aaaa
5 11654629 b000000800000000
5 11655286 ffffcccc06a5c400
5 11657393 aaaa
5 11658005 eb000077738035e6
5 12158529 ea000077730035e6
5 12159225 bbbb
5 12160167 bfbf000700000000
5 12161785 bfbf000800000000
5 12162406 ffffcccc01b2ca00
5 12165980 b000000700000000
5 12167334 bbbb
5 13197325 aaaa
5 13198086 b000000800000000
5 13199221 ffffcccc06a5c400
5 13202017 aaaa
5 13202403 eb000077738035e7
5 13702872 ea000077730035e7
5 13703705 bbbb
5 13704651 bfbf000700000000
5 13706276 bfbf000800000000
5 13706643 ffffcccc01b2ca00
5 13710155 b000000700000000
5 13711738 bbbb
5 13714843 aaaa
5 13715430 b000000800000000
5 13716111 ffffcccc06a5c400
5 13718128 aaaa
5 13718512 eb000077738035e8
5 14219004 ea000077730035e8
5 14219833 bbbb
5 14220768 bfbf000700000000
5 14222242 bfbf000800000000
5 14222852 ffffcccc01b2ca00
5 14226447 b000000700000000
5 14227848 bbbb
# Core 6 LOG DUMP ==================================================
6 493 bbbb
# DCB 6 ffffff0006a5c600 pixels
# DCB 6 ffffff0001b2cc00 monitor
6 2608 ffffcccc01b2cc00
6 267864 ffff000100003105
6 1042847 aaaa
6 1043222 b000000800000000
6 1044315 ffffcccc06a5c600
6 1046442 aaaa
6 1046852 eb000077758039ae
6 1547361 ea000077750039ae
6 1547845 bbbb
6 1548877 bfbf000700000000
6 1550475 bfbf000800000000
6 1551118 ffffcccc01b2cc00
6 1554741 b000000700000000
6 1556244 bbbb
6 1558647 aaaa
6 1559041 b000000800000000
6 1559718 ffffcccc06a5c600
6 1561804 aaaa
6 1562179 eb000077758039af
6 2062688 ea000077750039af
6 2063164 bbbb
6 2064163 bfbf000700000000
6 2065553 bfbf000800000000
6 2066190 ffffcccc01b2cc00
6 2069657 b000000700000000
6 2071070 bbbb
6 7573267 aaaa
6 7573640 b000000800000000
6 7574238 ffffcccc06a5c600
6 7576479 aaaa
6 7576898 eb000077758039b0
6 8077372 ea000077750039b0
6 8078023 bbbb
6 8079033 bfbf000700000000
6 8080415 bfbf000800000000
6 8081080 ffffcccc01b2cc00
6 8084650 b000000700000000
6 8085976 bbbb
6 8089306 aaaa
6 8089954 b000000800000000
6 8090604 ffffcccc06a5c600
6 8092668 aaaa
6 8093282 eb000077758039b1
6 8593810 ea000077750039b1
6 8594628 bbbb
6 8595568 bfbf000700000000
6 8597212 bfbf000800000000
6 8597633 ffffcccc01b2cc00
6 8601085 b000000700000000
6 8602532 bbbb
6 8607273 aaaa
6 8607715 b000000800000000
6 8608382 ffffcccc06a5c600
6 8611185 aaaa
6 8611604 eb000077758039b2
6 9112089 ea000077750039b2
6 9113001 bbbb
6 9114524 bfbf000700000000
6 9115703 bfbf000800000000
6 9116364 ffffcccc01b2cc00
6 9120367 b000000700000000
6 9121698 bbbb
6 11138048 aaaa
6 11138371 b000000800000000
6 11138970 ffffcccc06a5c600
6 11140974 aaaa
6 11141646 eb000077758039b3
6 11642130 ea000077750039b3
6 11642694 bbbb
6 11643832 bfbf000700000000
6 11645431 bfbf000800000000
6 11645853 ffffcccc01b2cc00
6 11649349 b000000700000000
6 11650740 bbbb
6 11655253 aaaa
6 11655520 b000000800000000
6 11656178 ffffcccc06a5c600
6 11658841 aaaa
6 11659260 eb000077758039b4
6 12159730 ea000077750039b4
6 12160299 bbbb
6 12161242 bfbf000700000000
6 12162594 bfbf000800000000
6 12163015 ffffcccc01b2cc00
6 12166549 b000000700000000
6 12167964 bbbb
6 13198108 aaaa
6 13198590 b000000800000000
6 13199200 ffffcccc06a5c600
6 13201250 aaaa
6 13201666 eb000077758039b5
6 13702156 ea000077750039b5
6 13702783 bbbb
6 13703988 bfbf000700000000
6 13705801 bfbf000800000000
6 13706221 ffffcccc01b2cc00
6 13709758 b000000700000000
6 13711390 bbbb
6 13715288 aaaa
6 13715653 b000000800000000
6 13716584 ffffcccc06a5c600
6 13718601 aaaa
6 13719000 eb000077758039b6
6 14219499 ea000077750039b6
6 14220296 bbbb
6 14221484 bfbf000700000000
6 14222916 bfbf000800000000
6 14223337 ffffcccc01b2cc00
6 14226865 b000000700000000
6 14228262 bbbb
6 19730537 aaaa
6 19730906 b000000800000000
6 19731500 ffffcccc06a5c600
6 19733464 aaaa
6 19733865 eb000077758039b7
6 20234346 ea000077750039b7
# Core 7 LOG DUMP ==================================================
7 814 bbbb
# DCB 7 ffffff0006a5c800 pixels
# DCB 7 ffffff0001b2ce00 monitor
7 2614 ffffcccc01b2ce00
7 12526 aaaa
7 12838 b000000800000000
7 13425 ffffcccc06a5c800
7 15193 aaaa
7 15811 eb00007777803846
7 516319 ea00007777003846
7 516945 bbbb
7 517708 bfbf000700000000
7 519353 bfbf000800000000
7 519942 ffffcccc01b2ce00
7 523525 b000000700000000
7 524780 bbbb
7 526744 aaaa
7 527130 b000000800000000
7 528066 ffffcccc06a5c800
7 529851 aaaa
7 530458 eb00007777803847
7 1030930 ea00007777003847
7 1031554 bbbb
7 1032271 bfbf000700000000
7 1033851 bfbf000800000000
7 1034427 ffffcccc01b2ce00
7 1037951 b000000700000000
7 1039251 bbbb
7 1043072 aaaa
7 1043647 b000000800000000
7 1044306 ffffcccc06a5c800
7 1046083 aaaa
7 1046660 eb00007777803848
7 1547128 ea00007777003848
7 1547643 bbbb
7 1548364 bfbf000700000000
7 1549953 bfbf000800000000
7 1550527 ffffcccc01b2ce00
7 1554038 b000000700000000
7 1555529 bbbb
7 11138523 aaaa
7 11138836 b000000800000000
7 11139456 ffffcccc06a5c800
7 11141760 aaaa
7 11142347 eb00007777803849
7 11642837 ea00007777003849
7 11643549 bbbb
7 11644285 bfbf000700000000
7 11646136 bfbf000800000000
7 11646508 ffffcccc01b2ce00
7 11650001 b000000700000000
7 11651673 bbbb
7 11656095 aaaa
7 11656690 b000000800000000
7 11657383 ffffcccc06a5c800
7 11659136 aaaa
7 11659716 eb0000777780384a
7 12160195 ea0000777700384a
7 12161281 bbbb
7 12161998 bfbf000700000000
7 12163452 bfbf000800000000
7 12163821 ffffcccc01b2ce00
7 12167365 b000000700000000
7 12169090 bbbb
7 12170155 aaaa
7 12170502 b000000800000000
7 12171162 ffffcccc06a5c800
7 12172885 aaaa
7 12173462 eb0000777780384b
7 12673947 ea0000777700384b
7 12674463 bbbb
7 12675181 bfbf000700000000
7 12676562 bfbf000800000000
7 12677128 ffffcccc01b2ce00
7 12680542 b000000700000000
7 12681919 bbbb
7 12683496 aaaa
7 12683814 b000000800000000
7 12684472 ffffcccc06a5c800
7 12686381 aaaa
7 12686958 eb0000777780384c
7 13187484 ea0000777700384c
7 13188003 bbbb
7 13188724 bfbf000700000000
7 13190436 bfbf000800000000
7 13191009 ffffcccc01b2ce00
7 13194511 b000000700000000
7 13195909 bbbb
7 13199392 aaaa
7 13199926 b000000800000000
7 13200594 ffffcccc06a5c800
7 13202311 aaaa
7 13202888 eb0000777780384d
7 13703369 ea0000777700384d
7 13703961 bbbb
7 13704677 bfbf000700000000
7 13706497 bfbf000800000000
7 13706906 ffffcccc01b2ce00
7 13710508 b000000700000000
7 13711813 bbbb
7 18495871 ffff0001000030dc
# Core 8 LOG DUMP ==================================================
# DCB 8 ffffff0006a5ca00 pixels
# DCB 8 ffffff0001b2d000 monitor
8 4784 ffffcccc01b2d000
8 8090589 aaaa
8 8091565 b000000800000000
8 8092232 ffffcccc06a5ca00
8 8094031 aaaa
8 8094426 eb00007779801513
8 8595163 ea00007779001513
8 8595865 bbbb
8 8597041 bfbf000700000000
8 8598235 bfbf000800000000
8 8599069 ffffcccc01b2d000
8 8602849 b000000700000000
8 8604205 bbbb
8 8608460 aaaa
8 8609262 b000000800000000
8 8609939 ffffcccc06a5ca00
8 8611810 aaaa
8 8612211 eb00007779801514
8 9112947 ea00007779001514
8 9113542 bbbb
8 9114250 bfbf000700000000
8 9115450 bfbf000800000000
8 9116404 ffffcccc01b2d000
8 9120579 b000000700000000
8 9122030 bbbb
8 15006529 ffff0001000030b3
# Core 9 LOG DUMP ==================================================
# DCB 9 ffffff0006a5cc00 pixels
# DCB 9 ffffff0001b2d200 monitor
9 4506 ffffcccc01b2d200
9 10296453 ffff00010000308a
# Core 10 LOG DUMP ==================================================
# DCB 10 ffffff0006a5ce00 pixels
# DCB 10 ffffff0001b2d400 monitor
10 4569 ffffcccc01b2d400
10 6580099 ffff000100003061
# Core 11 LOG DUMP ==================================================
# DCB 11 ffffff000713a000 pixels
# DCB 11 ffffff000445a600 e1000n
# DCB 11 ffffff0001b2d600 monitor
11 6730 ffffcccc0445a600
11 7428 ffffcccc01b2d600
11 10320 ffffcccc0445a600
11 4144225 ffff000100003039
11 4144578 ffffcccc01b2d600
11 4147428 ffffcccc0445a600
# Core 12 LOG DUMP ==================================================
# DCB 12 ffffff000713a200 pixels
# DCB 12 ffffff0001b2d800 monitor
12 6501 ffffcccc01b2d800
12 1567328 ffff000100003010
# Core 13 LOG DUMP ==================================================
# DCB 13 ffffff000713a400 pixels
# DCB 13 ffffff0001b2da00 monitor
13 3383 ffffcccc01b2da00
# Core 14 LOG DUMP ==================================================
# DCB 14 ffffff000713a600 pixels
# DCB 14 ffffff0001b2dc00 monitor
14 5989 ffffcccc01b2dc00
14 19804705 ffff000100002fbf
# Core 15 LOG DUMP ==================================================
# DCB 15 ffffff000713a800 pixels
# DCB 15 ffffff000445a800 bfscope
# DCB 15 ffffff0001b2de00 monitor
15 5588 ffffcccc0445a800
15 5792 ffffcccc01b2de00
15 8881 ffffcccc0445a800
15 13064806 ffff000100002f77
15 13065238 ffffcccc01b2de00
15 13067954 ffffcccc0445a800
