# Start 370213791834 Duration 20000000 Stop 370233791834
# Core 0 LOG DUMP ==================================================
0 0 1234000000000001
# DCB 0 ffffff000713aa00 fish
# DCB 0 ffffff000445aa00 pixels
# DCB 0 ffffff000445a400 serial
# DCB 0 ffffff000445a200 pci
# DCB 0 ffffff000445a000 skb
# DCB 0 ffffff0001b2c000 chips
# DCB 0 ffffff0001e06000 mem_serv
# DCB 0 ffffff0001e06200 monitor
0 7935 ffffcccc0713aa00
0 8124 ffffcccc01e06200
0 15925 ffffcccc0713aa00
0 520209 ea0000776f8033a8
0 521190 ea00007771802184
0 521630 ea00007773802d03
0 522072 ea0000777580312f
0 523241 ea00007777802fac
0 524625 ea000077798012e1
0 525842 ea0000777b8002bb
0 527337 bbbb
0 536390 bfbf000700000000
0 537487 bfbf000800000000
0 537883 ffffcccc01e06200
0 545697 aaaa
0 547107 b000000700000000
0 547916 b000000700000000
0 550088 bbbb
0 1028883 aaaa
0 1029437 b000000800000000
0 1030990 ffffcccc0713aa00
0 1033271 aaaa
0 1033929 eb0000777500312f
0 1035563 eb00007773002d03
0 1036096 eb00007771002184
0 1037298 eb0000776f0033a8
0 1039076 eb0000777b0002bb
0 1039641 eb000077790012e1
0 1040225 eb00007777002fac
0 1041338 ea0000776f8033a9
0 1042296 ea00007771802185
0 1042762 ea00007773802d04
0 1043177 ea00007775803130
0 1044590 ea00007777802fad
0 1045652 ea000077798012e2
0 1046392 ea0000777b8002bc
0 1047575 bbbb
0 1057044 bfbf000700000000
0 1058154 bfbf000800000000
0 1058800 ffffcccc01e06200
0 1061885 b000000700000000
0 1063698 b000000700000000
0 1069558 bbbb
0 1105557 b000bbbb00000014
0 1550223 aaaa
0 1550641 b000000800000000
0 1552169 ffffcccc0713aa00
0 1554691 aaaa
0 1555360 eb00007775003130
0 1556820 eb00007773002d04
0 1557591 eb00007771002185
0 1558789 eb0000776f0033a9
0 1560536 eb0000777b0002bc
0 1561162 eb000077790012e2
0 1561728 eb00007777002fad
0 1562748 ea0000776f8033aa
0 1563453 ea00007775803131
0 1563905 ea0000777b8002bd
0 1564779 bbbb
0 1573627 bfbf000700000000
0 1574745 bfbf000800000000
0 1575152 ffffcccc01e06200
0 1578039 b000000700000000
0 1579745 b000000700000000
0 1585692 bbbb
0 1621075 b000bbbb00000014
0 2070851 aaaa
0 2071303 b000000800000000
0 2072411 ffffcccc0713aa00
0 2074431 aaaa
0 2075038 eb00007775003131
0 2076554 eb0000776f0033aa
0 2078383 eb0000777b0002bd
0 2079126 ea0000776f8033ab
0 2079547 ea00007775803132
0 2079992 ea0000777b8002be
0 2081599 bbbb
0 2090803 bfbf000700000000
0 2091930 bfbf000800000000
0 2092578 ffffcccc01e06200
0 2095557 b000000700000000
0 2096613 b000000700000000
0 2102946 bbbb
0 2137992 b000bbbb00000014
0 2586257 aaaa
0 2586602 b000000800000000
0 2587718 ffffcccc0713aa00
0 2590197 aaaa
0 2590794 eb00007775003132
0 2591759 eb0000776f0033ab
0 2593500 eb0000777b0002be
0 2594259 ea0000776f8033ac
0 2594652 ea00007771802186
0 2595180 ea00007773802d05
0 2596149 ea00007775803133
0 2597559 ea00007777802fae
0 2598036 ea000077798012e3
0 2599184 ea0000777b8002bf
0 2600311 bbbb
0 2610237 bfbf000700000000
0 2611350 bfbf000800000000
0 2611992 ffffcccc01e06200
0 2614768 b000000700000000
0 2616423 b000000700000000
0 2622378 bbbb
0 2657420 b000bbbb00000014
0 3101187 aaaa
0 3101606 b000000800000000
0 3102690 ffffcccc0713aa00
0 3105203 aaaa
0 3105943 eb00007777002fae
0 3107528 eb00007775003133
0 3108615 eb00007773002d05
0 3109359 eb00007771002186
0 3110288 eb0000776f0033ac
0 3112594 eb0000777b0002bf
0 3113136 eb000077790012e3
0 3114158 ea00007771802187
0 3114876 ea00007773802d06
0 3115491 ea00007777802faf
0 3116885 ea000077798012e4
0 3117751 bbbb
0 3126392 bfbf000700000000
0 3127533 bfbf000800000000
0 3127916 ffffcccc01e06200
0 3130781 b000000700000000
0 3132825 b000000700000000
0 3138764 bbbb
0 3173405 b000bbbb00000014
0 3623100 aaaa
0 3623503 b000000800000000
0 3625236 ffffcccc0713aa00
0 3627323 aaaa
0 3628046 eb00007777002faf
0 3629265 eb00007773002d06
0 3630517 eb00007771002187
0 3632367 eb000077790012e4
0 4295361 ffff00010000316d
0 4798743 ea00007771802188
0 4799792 bbbb
0 4808627 bfbf000700000000
0 4809759 bfbf000800000000
0 4810151 ffffcccc01e06200
0 4813242 b000000700000000
0 4814779 b000000700000000
0 4820649 bbbb
0 4855409 b000bbbb00000014
0 5306619 aaaa
0 5307000 b000000800000000
0 5307610 ffffcccc0713aa00
0 5309990 aaaa
0 5310610 eb00007771002188
0 5311433 ea0000776f8033ad
0 5311862 ea00007771802189
0 5312760 ea00007773802d07
0 5313263 ea00007777802fb0
0 5315283 bbbb
0 5324685 bfbf000700000000
0 5325811 bfbf000800000000
0 5326445 ffffcccc01e06200
0 5335105 b000000700000000
0 5335969 b000000700000000
0 5338596 bbbb
0 5818529 aaaa
0 5818910 b000000800000000
0 5820131 ffffcccc0713aa00
0 5822450 aaaa
0 5823173 eb0000776f0033ad
0 5825544 eb00007777002fb0
0 5826215 eb00007773002d07
0 5827091 eb00007771002189
0 5828699 ea0000776f8033ae
0 5829177 ea00007773802d08
0 5829676 ea00007777802fb1
0 5830694 bbbb
0 5839801 bfbf000700000000
0 5840909 bfbf000800000000
0 5841294 ffffcccc01e06200
0 5844350 b000000700000000
0 5845571 b000000700000000
0 5851680 bbbb
0 5886175 b000bbbb00000014
0 6334863 aaaa
0 6335295 b000000800000000
0 6336896 ffffcccc0713aa00
0 6338851 aaaa
0 6339525 eb0000776f0033ae
0 6341764 eb00007777002fb1
0 6342347 eb00007773002d08
0 6343391 ea0000776f8033af
0 6344366 ea00007773802d09
0 6345203 ea00007777802fb2
0 6346398 bbbb
0 6355665 bfbf000700000000
0 6356797 bfbf000800000000
0 6357362 ffffcccc01e06200
0 6365794 b000000700000000
0 6367198 b000000700000000
0 6369647 bbbb
0 6404840 b000bbbb00000014
0 6851893 aaaa
0 6852256 b000000800000000
0 6853152 ffffcccc0713aa00
0 6855572 aaaa
0 6856214 eb0000776f0033af
0 6858220 eb00007777002fb2
0 6858934 eb00007773002d09
0 6859733 ea0000776f8033b0
0 6860149 ea0000777180218a
0 6860589 ea00007773802d0a
0 6861425 ea00007775803134
0 6862092 ea00007777802fb3
0 6863778 bbbb
0 6873457 bfbf000700000000
0 6874592 bfbf000800000000
0 6875238 ffffcccc01e06200
0 6878153 b000000700000000
0 6879324 b000000700000000
0 6885519 bbbb
0 6920745 b000bbbb00000014
0 7367613 aaaa
0 7368053 b000000800000000
0 7369663 ffffcccc0713aa00
0 7372112 aaaa
0 7372712 eb0000777100218a
0 7373608 eb0000776f0033b0
0 7375844 eb00007777002fb3
0 7376412 eb00007775003134
0 7376741 eb00007773002d0a
0 7377567 ea0000776f8033b1
0 7378277 ea0000777180218b
0 7378719 ea00007773802d0b
0 7379314 ea00007775803135
0 7380702 bbbb
0 7390298 bfbf000700000000
0 7391452 bfbf000800000000
0 7391834 ffffcccc01e06200
0 7394736 b000000700000000
0 7396342 b000000700000000
0 7402414 bbbb
0 7437032 b000bbbb00000014
0 7885563 aaaa
0 7885942 b000000800000000
0 7886915 ffffcccc0713aa00
0 7889066 aaaa
0 7889703 eb0000777100218b
0 7890563 eb0000776f0033b1
0 7892537 eb00007775003135
0 7893081 eb00007773002d0b
0 8894289 ea0000776f8033b2
0 8895128 ea0000777180218c
0 8895657 ea00007773802d0c
0 8896084 ea00007775803136
0 8897451 ea00007777802fb4
0 8898619 bbbb
0 8908108 bfbf000700000000
0 8909232 bfbf000800000000
0 8909615 ffffcccc01e06200
0 8912495 b000000700000000
0 8913796 b000000700000000
0 8920075 bbbb
0 8955940 b000bbbb00000014
0 9402705 aaaa
0 9403322 b000000800000000
0 9404572 ffffcccc0713aa00
0 9407262 aaaa
0 9407900 eb0000777100218c
0 9408992 eb0000776f0033b2
0 9410987 eb00007777002fb4
0 9411485 eb00007775003136
0 9412267 eb00007773002d0c
0 9413104 ea0000776f8033b3
0 9413547 ea0000777180218d
0 9414427 ea00007773802d0d
0 9415316 ea00007775803137
0 9415826 ea00007777802fb5
0 9417248 bbbb
0 9426732 bfbf000700000000
0 9427839 bfbf000800000000
0 9428462 ffffcccc01e06200
0 9431318 b000000700000000
0 9433001 b000000700000000
0 9439056 bbbb
0 9473804 b000bbbb00000014
0 9920670 aaaa
0 9921093 b000000800000000
0 9921991 ffffcccc0713aa00
0 9924725 aaaa
0 9925364 eb0000777100218d
0 9926013 eb0000776f0033b3
0 9927650 eb00007777002fb5
0 9928471 eb00007775003137
0 9929175 eb00007773002d0d
0 9930135 ea00007777802fb6
0 9931590 bbbb
0 9941121 bfbf000700000000
0 9942278 bfbf000800000000
0 9942660 ffffcccc01e06200
0 9945726 b000000700000000
0 9947545 b000000700000000
0 9953354 bbbb
0 9987983 b000bbbb00000014
0 10438314 aaaa
0 10438717 b000000800000000
0 10439661 ffffcccc0713aa00
0 10442843 aaaa
0 10443536 eb00007777002fb6
0 10444669 ea00007777802fb7
0 10446234 bbbb
0 10454766 bfbf000700000000
0 10455900 bfbf000800000000
0 10456539 ffffcccc01e06200
0 10465230 b000000700000000
0 10466079 b000000700000000
0 10468624 bbbb
0 10951514 aaaa
0 10951882 b000000800000000
0 10952471 ffffcccc0713aa00
0 10955864 aaaa
0 10956851 eb00007777002fb7
0 10958181 ea00007775803138
0 10958696 ea00007777802fb8
0 10959504 bbbb
0 10968360 bfbf000700000000
0 10969493 bfbf000800000000
0 10969875 ffffcccc01e06200
0 10978518 b000000700000000
0 10979581 b000000700000000
0 10982097 bbbb
0 11464674 aaaa
0 11465061 b000000800000000
0 11465933 ffffcccc0713aa00
0 11468052 aaaa
0 11468699 eb00007775003138
0 11470847 eb00007777002fb8
0 11472059 ea00007775803139
0 11473637 bbbb
0 11482419 bfbf000700000000
0 11483531 bfbf000800000000
0 11484177 ffffcccc01e06200
0 11492818 b000000700000000
0 11493693 b000000700000000
0 11496254 bbbb
0 11531452 b000bbbb00000014
0 11979555 aaaa
0 11979911 b000000800000000
0 11980511 ffffcccc0713aa00
0 11982669 aaaa
0 11983317 eb00007775003139
0 12984570 ea0000776f8033b4
0 12985351 ea0000777180218e
0 12985806 ea00007773802d0e
0 12986726 ea0000777580313a
0 12987899 ea00007777802fb9
0 12989964 bbbb
0 12998990 bfbf000700000000
0 13000097 bfbf000800000000
0 13000481 ffffcccc01e06200
0 13009189 b000000700000000
0 13010318 b000000700000000
0 13012897 bbbb
0 13492356 aaaa
0 13492901 b000000800000000
0 13494009 ffffcccc0713aa00
0 13496705 aaaa
0 13497405 eb00007773002d0e
0 13498178 eb0000777100218e
0 13499412 eb0000776f0033b4
0 13501442 eb00007777002fb9
0 13501924 eb0000777500313a
0 13502444 ea0000776f8033b5
0 13502957 ea0000777180218f
0 13503341 ea00007773802d0f
0 13503809 ea0000777580313b
0 13504961 ea00007777802fba
0 13506336 bbbb
0 13515395 bfbf000700000000
0 13516508 bfbf000800000000
0 13516890 ffffcccc01e06200
0 13520073 b000000700000000
0 13521668 b000000700000000
0 13527588 bbbb
0 13562249 b000bbbb00000014
0 14009205 aaaa
0 14009574 b000000800000000
0 14011083 ffffcccc0713aa00
0 14013672 aaaa
0 14014681 eb00007773002d0f
0 14015766 eb0000777100218f
0 14016471 eb0000776f0033b5
0 14018521 eb00007777002fba
0 14019160 eb0000777500313b
0 14019959 ea00007777802fbb
0 14021251 bbbb
0 14029839 bfbf000700000000
0 14030979 bfbf000800000000
0 14031357 ffffcccc01e06200
0 14039799 b000000700000000
0 14041220 b000000700000000
0 14043876 bbbb
0 14079248 b000bbbb00000014
0 14526184 aaaa
0 14526565 b000000800000000
0 14527440 ffffcccc0713aa00
0 14530637 aaaa
0 14531343 eb00007777002fbb
0 14532188 ea00007777802fbc
0 14533056 bbbb
0 14541780 bfbf000700000000
0 14542925 bfbf000800000000
0 14543306 ffffcccc01e06200
0 14552239 b000000700000000
0 14553102 b000000700000000
0 14555670 bbbb
0 15037926 aaaa
0 15038311 b000000800000000
0 15039186 ffffcccc0713aa00
0 15042519 aaaa
0 15043224 eb00007777002fbc
0 15044337 ea0000777580313c
0 15044849 ea00007777802fbd
0 15045664 bbbb
0 15054936 bfbf000700000000
0 15056076 bfbf000800000000
0 15056458 ffffcccc01e06200
0 15065061 b000000700000000
0 15065925 b000000700000000
0 15068781 bbbb
0 15550883 aaaa
0 15551255 b000000800000000
0 15551876 ffffcccc0713aa00
0 15553877 aaaa
0 15554532 eb0000777500313c
0 15556932 eb00007777002fbd
0 15557857 ea0000777580313d
0 15559410 bbbb
0 15568371 bfbf000700000000
0 15569495 bfbf000800000000
0 15569879 ffffcccc01e06200
0 15572967 b000000700000000
0 15574530 b000000700000000
0 15580382 bbbb
0 15616943 b000bbbb00000014
0 16064711 aaaa
0 16065069 b000000800000000
0 16066149 ffffcccc0713aa00
0 16067855 aaaa
0 16068771 eb0000777500313d
0 17070046 ea00007771802190
0 17070826 ea00007773802d10
0 17071315 ea0000777580313e
0 17073303 bbbb
0 17082266 bfbf000700000000
0 17083390 bfbf000800000000
0 17083772 ffffcccc01e06200
0 17092683 b000000700000000
0 17093571 b000000700000000
0 17096159 bbbb
0 17577735 aaaa
0 17578138 b000000800000000
0 17579337 ffffcccc0713aa00
0 17581304 aaaa
0 17582002 eb00007773002d10
0 17583127 eb00007771002190
0 17585502 eb0000777500313e
0 17586237 ea0000776f8033b6
0 17586797 ea00007771802191
0 17587487 ea00007773802d11
0 17588183 ea0000777580313f
0 17588892 ea00007777802fbe
0 17590545 bbbb
0 17599665 bfbf000700000000
0 17600778 bfbf000800000000
0 17601162 ffffcccc01e06200
0 17604209 b000000700000000
0 17605959 b000000700000000
0 17611685 bbbb
0 17647589 b000bbbb00000014
0 18093801 aaaa
0 18094200 b000000800000000
0 18095759 ffffcccc0713aa00
0 18098222 aaaa
0 18099034 eb00007773002d11
0 18100174 eb00007771002191
0 18100928 eb0000776f0033b6
0 18102653 eb00007777002fbe
0 18103235 eb0000777500313f
0 18103947 ea0000776f8033b7
0 18104472 ea00007773802d12
0 18104855 ea00007777802fbf
0 18106245 bbbb
0 18115379 bfbf000700000000
0 18116513 bfbf000800000000
0 18116897 ffffcccc01e06200
0 18119843 b000000700000000
0 18121569 b000000700000000
0 18127350 bbbb
0 18162879 b000bbbb00000014
0 18610404 aaaa
0 18611228 b000000800000000
0 18612081 ffffcccc0713aa00
0 18614183 aaaa
0 18614904 eb00007773002d12
0 18616155 eb0000776f0033b7
0 18618039 eb00007777002fbf
0 18618712 ea0000776f8033b8
0 18619521 ea00007773802d13
0 18619935 ea00007777802fc0
0 18621187 bbbb
0 18630410 bfbf000700000000
0 18631505 bfbf000800000000
0 18632148 ffffcccc01e06200
0 18635044 b000000700000000
0 18636590 b000000700000000
0 18642553 bbbb
0 18678459 b000bbbb00000014
0 19125366 aaaa
0 19125798 b000000800000000
0 19127045 ffffcccc0713aa00
0 19130129 aaaa
0 19130804 eb00007773002d13
0 19131518 eb0000776f0033b8
0 19133441 eb00007777002fc0
0 19134192 ea0000776f8033b9
0 19135005 ea00007773802d14
0 19135406 ea00007775803140
0 19136119 ea00007777802fc1
0 19137449 bbbb
0 19146347 bfbf000700000000
0 19147434 bfbf000800000000
0 19147818 ffffcccc01e06200
0 19156614 b000000700000000
0 19157993 b000000700000000
0 19160087 bbbb
0 19195483 b000bbbb00000014
0 19641495 aaaa
0 19641939 b000000800000000
0 19642873 ffffcccc0713aa00
0 19645395 aaaa
0 19646330 eb00007775003140
0 19647301 eb00007773002d14
0 19648029 eb0000776f0033b9
0 19649960 eb00007777002fc1
0 19650710 ea00007773802d15
0 19651218 ea00007775803141
0 19652051 bbbb
0 19660866 bfbf000700000000
0 19661983 bfbf000800000000
0 19662367 ffffcccc01e06200
0 19665169 b000000700000000
0 19666784 b000000700000000
0 19673046 bbbb
0 19708017 b000bbbb00000014
# Core 1 LOG DUMP ==================================================
# DCB 1 ffffff000445ac00 pixels
# DCB 1 ffffff0001b2c200 monitor
1 3053 ffffcccc01b2c200
1 7358146 ffff000100003148
# Core 2 LOG DUMP ==================================================
# DCB 2 ffffff000445ae00 pixels
# DCB 2 ffffff0001b2c400 monitor
2 2631 ffffcccc01b2c400
2 2915914 ffff00010000311f
# Core 3 LOG DUMP ==================================================
# DCB 3 ffffff0006a5c000 pixels
# DCB 3 ffffff0001b2c600 monitor
3 2438 ffffcccc01b2c600
3 521727 aaaa
3 522581 b000000800000000
3 523843 ffffcccc06a5c000
3 526122 aaaa
3 526683 eb0000776f8033a8
3 1027412 ea0000776f0033a8
3 1027881 bbbb
3 1028684 bfbf000700000000
3 1029935 bfbf000800000000
3 1030814 ffffcccc01b2c600
3 1034545 b000000700000000
3 1036067 bbbb
3 1042797 aaaa
3 1043273 b000000800000000
3 1044391 ffffcccc06a5c000
3 1046560 aaaa
3 1047179 eb0000776f8033a9
3 1547997 ea0000776f0033a9
3 1548484 bbbb
3 1549240 bfbf000700000000
3 1550424 bfbf000800000000
3 1551311 ffffcccc01b2c600
3 1555248 b000000700000000
3 1557218 bbbb
3 1563945 aaaa
3 1564428 b000000800000000
3 1565067 ffffcccc06a5c000
3 1567109 aaaa
3 1567502 eb0000776f8033aa
3 2068287 ea0000776f0033aa
3 2068793 bbbb
3 2069517 bfbf000700000000
3 2070682 bfbf000800000000
3 2071635 ffffcccc01b2c600
3 2075593 b000000700000000
3 2077151 bbbb
3 2079994 aaaa
3 2080607 b000000800000000
3 2081253 ffffcccc06a5c000
3 2083012 aaaa
3 2083560 eb0000776f8033ab
3 2584321 ea0000776f0033ab
3 2584826 bbbb
3 2585546 bfbf000700000000
3 2586692 bfbf000800000000
3 2587480 ffffcccc01b2c600
3 2590998 b000000700000000
3 2592436 bbbb
3 2595155 aaaa
3 2595794 b000000800000000
3 2596435 ffffcccc06a5c000
3 2598317 aaaa
3 2599257 eb0000776f8033ac
3 3100338 ea0000776f0033ac
3 3100857 bbbb
3 3101580 bfbf000700000000
3 3102817 bfbf000800000000
3 3103520 ffffcccc01b2c600
3 3107139 b000000700000000
3 3108964 bbbb
3 5312756 aaaa
3 5313498 b000000800000000
3 5314502 ffffcccc06a5c000
3 5316268 aaaa
3 5317013 eb0000776f8033ad
3 5817809 ea0000776f0033ad
3 5818310 bbbb
3 5819046 bfbf000700000000
3 5820762 bfbf000800000000
3 5821424 ffffcccc01b2c600
3 5825292 b000000700000000
3 5826647 bbbb
3 5829534 aaaa
3 5830162 b000000800000000
3 5830834 ffffcccc06a5c000
3 5832603 aaaa
3 5833152 eb0000776f8033ae
3 6333914 ea0000776f0033ae
3 6334422 bbbb
3 6335141 bfbf000700000000
3 6336868 bfbf000800000000
3 6337581 ffffcccc01b2c600
3 6341210 b000000700000000
3 6342624 bbbb
3 6344754 aaaa
3 6345125 b000000800000000
3 6345769 ffffcccc06a5c000
3 6347777 aaaa
3 6348342 eb0000776f8033af
3 6849013 ea0000776f0033af
3 6849861 bbbb
3 6850580 bfbf000700000000
3 6851721 bfbf000800000000
3 6852591 ffffcccc01b2c600
3 6856487 b000000700000000
3 6857814 bbbb
3 6860520 aaaa
3 6861149 b000000800000000
3 6861814 ffffcccc06a5c000
3 6864107 aaaa
3 6864693 eb0000776f8033b0
3 7365401 ea0000776f0033b0
3 7365894 bbbb
3 7366614 bfbf000700000000
3 7367804 bfbf000800000000
3 7368839 ffffcccc01b2c600
3 7372832 b000000700000000
3 7374177 bbbb
3 7378623 aaaa
3 7379260 b000000800000000
3 7379952 ffffcccc06a5c000
3 7382184 aaaa
3 7382732 eb0000776f8033b1
3 7883504 ea0000776f0033b1
3 7884083 bbbb
3 7884800 bfbf000700000000
3 7885937 bfbf000800000000
3 7886613 ffffcccc01b2c600
3 7890217 b000000700000000
3 7891599 bbbb
3 8895820 aaaa
3 8896188 b000000800000000
3 8896943 ffffcccc06a5c000
3 8899148 aaaa
3 8900109 eb0000776f8033b2
3 9400927 ea0000776f0033b2
3 9401442 bbbb
3 9402174 bfbf000700000000
3 9403359 bfbf000800000000
3 9404454 ffffcccc01b2c600
3 9408180 b000000700000000
3 9409509 bbbb
3 9413990 aaaa
3 9414355 b000000800000000
3 9414995 ffffcccc06a5c000
3 9416994 aaaa
3 9417543 eb0000776f8033b3
3 9918524 ea0000776f0033b3
3 9919026 bbbb
3 9919744 bfbf000700000000
3 9920886 bfbf000800000000
3 9921536 ffffcccc01b2c600
3 9926093 b000000700000000
3 9927434 bbbb
3 12985747 aaaa
3 12986375 b000000800000000
3 12986998 ffffcccc06a5c000
3 12988883 aaaa
3 12989398 eb0000776f8033b4
3 13490157 ea0000776f0033b4
3 13490683 bbbb
3 13491416 bfbf000700000000
3 13492616 bfbf000800000000
3 13493307 ffffcccc01b2c600
3 13497528 b000000700000000
3 13498910 bbbb
3 13503369 aaaa
3 13503744 b000000800000000
3 13504390 ffffcccc06a5c000
3 13506452 aaaa
3 13507495 eb0000776f8033b5
3 14008232 ea0000776f0033b5
3 14008722 bbbb
3 14009442 bfbf000700000000
3 14010707 bfbf000800000000
3 14011551 ffffcccc01b2c600
3 14015086 b000000700000000
3 14016382 bbbb
3 17587091 aaaa
3 17587457 b000000800000000
3 17588351 ffffcccc06a5c000
3 17590084 aaaa
3 17590640 eb0000776f8033b6
3 18091556 ea0000776f0033b6
3 18092069 bbbb
3 18092802 bfbf000700000000
3 18093981 bfbf000800000000
3 18094950 ffffcccc01b2c600
3 18098580 b000000700000000
3 18100040 bbbb
3 18104830 aaaa
3 18105035 b000000800000000
3 18105947 ffffcccc06a5c000
3 18107735 aaaa
3 18108287 eb0000776f8033b7
3 18609016 ea0000776f0033b7
3 18609523 bbbb
3 18610250 bfbf000700000000
3 18611400 bfbf000800000000
3 18612058 ffffcccc01b2c600
3 18615590 b000000700000000
3 18616986 bbbb
3 18619898 aaaa
3 18620510 b000000800000000
3 18621149 ffffcccc06a5c000
3 18622883 aaaa
3 18623436 eb0000776f8033b8
3 19124214 ea0000776f0033b8
3 19124737 bbbb
3 19125462 bfbf000700000000
3 19126602 bfbf000800000000
3 19127291 ffffcccc01b2c600
3 19131077 b000000700000000
3 19132402 bbbb
3 19135393 aaaa
3 19136033 b000000800000000
3 19136720 ffffcccc06a5c000
3 19138675 aaaa
3 19139226 eb0000776f8033b9
3 19640031 ea0000776f0033b9
3 19640621 bbbb
3 19641347 bfbf000700000000
3 19642494 bfbf000800000000
3 19643186 ffffcccc01b2c600
3 19646761 b000000700000000
3 19648109 bbbb
# Core 4 LOG DUMP ==================================================
# DCB 4 ffffff0006a5c200 pixels
# DCB 4 ffffff0001b2c800 monitor
4 4597 ffffcccc01b2c800
4 522351 aaaa
4 523410 b000000800000000
4 524563 ffffcccc06a5c200
4 526853 aaaa
4 527678 eb00007771802184
4 1029078 ea00007771002184
4 1029714 bbbb
4 1030507 bfbf000700000000
4 1032088 bfbf000800000000
4 1033191 ffffcccc01b2c800
4 1036836 b000000700000000
4 1038171 bbbb
4 1043168 aaaa
4 1043928 b000000800000000
4 1045139 ffffcccc06a5c200
4 1047147 aaaa
4 1048102 eb00007771802185
4 1548805 ea00007771002185
4 1549278 bbbb
4 1550038 bfbf000700000000
4 1551244 bfbf000800000000
4 1552457 ffffcccc01b2c800
4 1555964 b000000700000000
4 1557342 bbbb
4 2595717 aaaa
4 2596866 b000000800000000
4 2597970 ffffcccc06a5c200
4 2600113 aaaa
4 2601158 eb00007771802186
4 3102344 ea00007771002186
4 3102930 bbbb
4 3104127 bfbf000700000000
4 3105305 bfbf000800000000
4 3106860 ffffcccc01b2c800
4 3111363 b000000700000000
4 3112764 bbbb
4 3115384 aaaa
4 3115912 b000000800000000
4 3116869 ffffcccc06a5c200
4 3118676 aaaa
4 3119310 eb00007771802187
4 3620150 ea00007771002187
4 3620715 bbbb
4 3621434 bfbf000700000000
4 3622569 bfbf000800000000
4 3623222 ffffcccc01b2c800
4 3627257 b000000700000000
4 3629043 bbbb
4 4800130 aaaa
4 4800720 b000000800000000
4 4801525 ffffcccc06a5c200
4 4803348 aaaa
4 4803749 eb00007771802188
4 5304505 ea00007771002188
4 5305079 bbbb
4 5305811 bfbf000700000000
4 5306992 bfbf000800000000
4 5307691 ffffcccc01b2c800
4 5311637 b000000700000000
4 5313013 b000000800000000
4 5313921 ffffcccc06a5c200
4 5316222 aaaa
4 5316855 eb00007771802189
4 5817359 ea00007771002189
4 5817924 bbbb
4 5818875 bfbf000700000000
4 5820331 bfbf000800000000
4 5821090 ffffcccc01b2c800
4 5824563 b000000700000000
4 5825969 bbbb
4 6861308 aaaa
4 6861651 b000000800000000
4 6862502 ffffcccc06a5c200
4 6864980 aaaa
4 6865654 eb0000777180218a
4 7366139 ea0000777100218a
4 7366710 bbbb
4 7367670 bfbf000700000000
4 7368852 bfbf000800000000
4 7369771 ffffcccc01b2c800
4 7373436 b000000700000000
4 7374893 bbbb
4 7379179 aaaa
4 7379558 b000000800000000
4 7380506 ffffcccc06a5c200
4 7382543 aaaa
4 7383210 eb0000777180218b
4 7883684 ea0000777100218b
4 7884252 bbbb
4 7885239 bfbf000700000000
4 7886378 bfbf000800000000
4 7887035 ffffcccc01b2c800
4 7890898 b000000700000000
4 7892358 bbbb
4 8896279 aaaa
4 8896837 b000000800000000
4 8898168 ffffcccc06a5c200
4 8901070 aaaa
4 8901490 eb0000777180218c
4 9402000 ea0000777100218c
4 9402584 bbbb
4 9403546 bfbf000700000000
4 9405584 bfbf000800000000
4 9406223 ffffcccc01b2c800
4 9409952 b000000700000000
4 9411392 bbbb
4 9414848 aaaa
4 9415115 b000000800000000
4 9415769 ffffcccc06a5c200
4 9418603 aaaa
4 9419271 eb0000777180218d
4 9919751 ea0000777100218d
4 9920328 bbbb
4 9921276 bfbf000700000000
4 9922956 bfbf000800000000
4 9923921 ffffcccc01b2c800
4 9927477 b000000700000000
4 9928932 bbbb
4 12986215 aaaa
4 12986688 b000000800000000
4 12987295 ffffcccc06a5c200
4 12989616 aaaa
4 12990210 eb0000777180218e
4 13490934 ea0000777100218e
4 13491510 bbbb
4 13492472 bfbf000700000000
4 13493648 bfbf000800000000
4 13494600 ffffcccc01b2c800
4 13498250 b000000700000000
4 13499654 bbbb
4 13503855 aaaa
4 13504287 b000000800000000
4 13505505 ffffcccc06a5c200
4 13508734 aaaa
4 13509148 eb0000777180218f
4 14009627 ea0000777100218f
4 14010484 bbbb
4 14011971 bfbf000700000000
4 14013647 bfbf000800000000
4 14014070 ffffcccc01b2c800
4 14017981 b000000700000000
4 14019362 bbbb
4 17071272 aaaa
4 17071604 b000000800000000
4 17072203 ffffcccc06a5c200
4 17074283 aaaa
4 17074912 eb00007771802190
4 17170790 ffff0001000030d0
4 17575430 ea00007771002190
4 17576080 bbbb
4 17576838 bfbf000700000000
4 17578057 bfbf000800000000
4 17578803 ffffcccc01b2c800
4 17583334 b000000700000000
4 17584875 bbbb
4 17588105 aaaa
4 17588402 b000000800000000
4 17589370 ffffcccc06a5c200
4 17591849 aaaa
4 17592509 eb00007771802191
4 18093019 ea00007771002191
4 18093605 bbbb
4 18094340 bfbf000700000000
4 18096467 bfbf000800000000
4 18097224 ffffcccc01b2c800
4 18101087 b000000700000000
4 18102615 bbbb
# Core 5 LOG DUMP ==================================================
# DCB 5 ffffff0006a5c400 pixels
# DCB 5 ffffff0001b2ca00 monitor
5 4107 ffffcccc01b2ca00
5 523119 aaaa
5 524097 b000000800000000
5 525316 ffffcccc06a5c400
5 527250 aaaa
5 528090 eb00007773802d03
5 1028837 ea00007773002d03
5 1029309 bbbb
5 1030453 bfbf000700000000
5 1031839 bfbf000800000000
5 1032618 ffffcccc01b2ca00
5 1036192 b000000700000000
5 1037760 bbbb
5 1043608 aaaa
5 1044702 b000000800000000
5 1045356 ffffcccc06a5c400
5 1047338 aaaa
5 1048344 eb00007773802d04
5 1549300 ea00007773002d04
5 1549784 bbbb
5 1550481 bfbf000700000000
5 1552129 bfbf000800000000
5 1552904 ffffcccc01b2ca00
5 1556896 b000000700000000
5 1558253 bbbb
5 2596836 aaaa
5 2597345 b000000800000000
5 2597940 ffffcccc06a5c400
5 2599823 aaaa
5 2600923 eb00007773802d05
5 3102495 ea00007773002d05
5 3103038 bbbb
5 3104387 bfbf000700000000
5 3105543 bfbf000800000000
5 3106617 ffffcccc01b2ca00
5 3110147 b000000700000000
5 3111732 bbbb
5 3115839 aaaa
5 3116477 b000000800000000
5 3117172 ffffcccc06a5c400
5 3119088 aaaa
5 3119722 eb00007773802d06
5 3620480 ea00007773002d06
5 3621008 bbbb
5 3621706 bfbf000700000000
5 3622875 bfbf000800000000
5 3623497 ffffcccc01b2ca00
5 3627608 b000000700000000
5 3629108 bbbb
5 5314187 aaaa
5 5314756 b000000800000000
5 5315550 ffffcccc06a5c400
5 5317674 aaaa
5 5318052 eb00007773802d07
5 5818810 ea00007773002d07
5 5819314 bbbb
5 5820026 bfbf000700000000
5 5821404 bfbf000800000000
5 5822033 ffffcccc01b2ca00
5 5825552 b000000700000000
5 5827056 bbbb
5 5830141 aaaa
5 5830811 b000000800000000
5 5831762 ffffcccc06a5c400
5 5833511 aaaa
5 5833896 eb00007773802d08
5 6334569 ea00007773002d08
5 6335082 bbbb
5 6336005 bfbf000700000000
5 6337401 bfbf000800000000
5 6338033 ffffcccc01b2ca00
5 6341620 b000000700000000
5 6343305 bbbb
5 6345611 aaaa
5 6345984 b000000800000000
5 6346660 ffffcccc06a5c400
5 6348802 aaaa
5 6349187 eb00007773802d09
5 6849908 ea00007773002d09
5 6850419 bbbb
5 6851187 bfbf000700000000
5 6852335 bfbf000800000000
5 6853056 ffffcccc01b2ca00
5 6856541 b000000700000000
5 6858013 bbbb
5 6861813 aaaa
5 6862687 b000000800000000
5 6863649 ffffcccc06a5c400
5 6865379 aaaa
5 6866007 eb00007773802d0a
5 7366787 ea00007773002d0a
5 7367319 bbbb
5 7368020 bfbf000700000000
5 7369974 bfbf000800000000
5 7370700 ffffcccc01b2ca00
5 7374240 b000000700000000
5 7375596 bbbb
5 7379718 aaaa
5 7380276 b000000800000000
5 7380921 ffffcccc06a5c400
5 7382644 aaaa
5 7383409 eb00007773802d0b
5 7884131 ea00007773002d0b
5 7884643 bbbb
5 7885344 bfbf000700000000
5 7886474 bfbf000800000000
5 7887249 ffffcccc01b2ca00
5 7891045 b000000700000000
5 7892674 bbbb
5 8896534 aaaa
5 8897246 b000000800000000
5 8897877 ffffcccc06a5c400
5 8899908 aaaa
5 8900539 eb00007773802d0c
5 9401289 ea00007773002d0c
5 9401810 bbbb
5 9402528 bfbf000700000000
5 9403738 bfbf000800000000
5 9404931 ffffcccc01b2ca00
5 9408537 b000000700000000
5 9409885 bbbb
5 9415743 aaaa
5 9416119 b000000800000000
5 9416776 ffffcccc06a5c400
5 9418849 aaaa
5 9419479 eb00007773802d0d
5 9920211 ea00007773002d0d
5 9920733 bbbb
5 9921443 bfbf000700000000
5 9923452 bfbf000800000000
5 9924142 ffffcccc01b2ca00
5 9927618 b000000700000000
5 9929276 bbbb
5 12987475 aaaa
5 12987915 b000000800000000
5 12988797 ffffcccc06a5c400
5 12990553 aaaa
5 12991185 eb00007773802d0e
5 13492012 ea00007773002d0e
5 13492535 bbbb
5 13493247 bfbf000700000000
5 13494750 bfbf000800000000
5 13495379 ffffcccc01b2ca00
5 13498976 b000000700000000
5 13500368 bbbb
5 13504451 aaaa
5 13505215 b000000800000000
5 13506218 ffffcccc06a5c400
5 13507955 aaaa
5 13508576 eb00007773802d0f
5 13566688 ffff0001000030a9
5 14009316 ea00007773002d0f
5 14010081 bbbb
5 14010824 bfbf000700000000
5 14012660 bfbf000800000000
5 14013248 ffffcccc01b2ca00
5 14016786 b000000700000000
5 14018139 bbbb
5 17072064 aaaa
5 17072346 b000000800000000
5 17072949 ffffcccc06a5c400
5 17074685 aaaa
5 17075319 eb00007773802d10
5 17575821 ea00007773002d10
5 17576354 bbbb
5 17577065 bfbf000700000000
5 17578508 bfbf000800000000
5 17579229 ffffcccc01b2ca00
5 17582876 b000000700000000
5 17584216 bbbb
5 17588616 aaaa
5 17589309 b000000800000000
5 17590459 ffffcccc06a5c400
5 17592201 aaaa
5 17592845 eb00007773802d11
5 18093307 ea00007773002d11
5 18093885 bbbb
5 18094919 bfbf000700000000
5 18096894 bfbf000800000000
5 18097467 ffffcccc01b2ca00
5 18100982 b000000700000000
5 18102478 bbbb
5 18105300 aaaa
5 18105765 b000000800000000
5 18106454 ffffcccc06a5c400
5 18108573 aaaa
5 18109149 eb00007773802d12
5 18609655 ea00007773002d12
5 18610160 bbbb
5 18610866 bfbf000700000000
5 18612356 bfbf000800000000
5 18612921 ffffcccc01b2ca00
5 18616488 b000000700000000
5 18617836 bbbb
5 18620418 aaaa
5 18620817 b000000800000000
5 18621498 ffffcccc06a5c400
5 18623562 aaaa
5 18624138 eb00007773802d13
5 19124617 ea00007773002d13
5 19125141 bbbb
5 19125841 bfbf000700000000
5 19127263 bfbf000800000000
5 19127997 ffffcccc01b2ca00
5 19131610 b000000700000000
5 19132944 bbbb
5 19135797 aaaa
5 19136337 b000000800000000
5 19137305 ffffcccc06a5c400
5 19139033 aaaa
5 19139621 eb00007773802d14
5 19640078 ea00007773002d14
5 19640599 bbbb
5 19641299 bfbf000700000000
5 19642785 bfbf000800000000
5 19643569 ffffcccc01b2ca00
5 19647274 b000000700000000
5 19648795 bbbb
5 19651665 aaaa
5 19652019 b000000800000000
5 19652685 ffffcccc06a5c400
5 19654603 aaaa
5 19655194 eb00007773802d15
5 20155662 ea00007773002d15
# Core 6 LOG DUMP ==================================================
# DCB 6 ffffff0006a5c600 pixels
# DCB 6 ffffff0001b2cc00 monitor
6 5285 ffffcccc01b2cc00
6 524083 aaaa
6 525282 b000000800000000
6 526419 ffffcccc06a5c600
6 528731 aaaa
6 529364 eb0000777580312f
6 1030055 ea0000777500312f
6 1030632 bbbb
6 1031425 bfbf000700000000
6 1033036 bfbf000800000000
6 1033716 ffffcccc01b2cc00
6 1037436 b000000700000000
6 1038764 bbbb
6 1045460 aaaa
6 1046199 b000000800000000
6 1047038 ffffcccc06a5c600
6 1049485 aaaa
6 1050088 eb00007775803130
6 1550828 ea00007775003130
6 1551624 bbbb
6 1552376 bfbf000700000000
6 1553585 bfbf000800000000
6 1554475 ffffcccc01b2cc00
6 1558033 b000000700000000
6 1559325 bbbb
6 1564330 aaaa
6 1564845 b000000800000000
6 1565516 ffffcccc06a5c600
6 1567662 aaaa
6 1568060 eb00007775803131
6 2068845 ea00007775003131
6 2069429 bbbb
6 2070153 bfbf000700000000
6 2071275 bfbf000800000000
6 2072140 ffffcccc01b2cc00
6 2075564 b000000700000000
6 2076880 bbbb
6 2080406 aaaa
6 2081138 b000000800000000
6 2081787 ffffcccc06a5c600
6 2083850 aaaa
6 2084270 eb00007775803132
6 2584995 ea00007775003132
6 2585571 bbbb
6 2586300 bfbf000700000000
6 2587499 bfbf000800000000
6 2588145 ffffcccc01b2cc00
6 2591802 b000000700000000
6 2593273 bbbb
6 2598046 aaaa
6 2599189 b000000800000000
6 2599853 ffffcccc06a5c600
6 2602028 aaaa
6 2602663 eb00007775803133
6 3103413 ea00007775003133
6 3104298 bbbb
6 3105018 bfbf000700000000
6 3106170 bfbf000800000000
6 3107309 ffffcccc01b2cc00
6 3110782 b000000700000000
6 3112181 bbbb
6 6862820 aaaa
6 6863712 b000000800000000
6 6864522 ffffcccc06a5c600
6 6866649 aaaa
6 6867048 eb00007775803134
6 7367812 ea00007775003134
6 7368685 bbbb
6 7369414 bfbf000700000000
6 7371101 bfbf000800000000
6 7371745 ffffcccc01b2cc00
6 7375344 b000000700000000
6 7376719 bbbb
6 7380646 aaaa
6 7381205 b000000800000000
6 7382061 ffffcccc06a5c600
6 7383828 aaaa
6 7384234 eb00007775803135
6 7884995 ea00007775003135
6 7885566 bbbb
6 7886286 bfbf000700000000
6 7887573 bfbf000800000000
6 7888217 ffffcccc01b2cc00
6 7891693 b000000700000000
6 7893157 bbbb
6 8898432 aaaa
6 8898828 b000000800000000
6 8900219 ffffcccc06a5c600
6 8902005 aaaa
6 8902403 eb00007775803136
6 9403124 ea00007775003136
6 9403729 bbbb
6 9404462 bfbf000700000000
6 9406268 bfbf000800000000
6 9406915 ffffcccc01b2cc00
6 9410540 b000000700000000
6 9411873 bbbb
6 9416231 aaaa
6 9416976 b000000800000000
6 9417641 ffffcccc06a5c600
6 9420086 aaaa
6 9420486 eb00007775803137
6 9921217 ea00007775003137
6 9922012 bbbb
6 9922731 bfbf000700000000
6 9924098 bfbf000800000000
6 9924749 ffffcccc01b2cc00
6 9928205 b000000700000000
6 9929546 bbbb
6 10371109 ffff000100003080
6 10959264 aaaa
6 10959603 b000000800000000
6 10960742 ffffcccc06a5c600
6 10962479 aaaa
6 10963058 eb00007775803138
6 11463557 ea00007775003138
6 11464334 bbbb
6 11465091 bfbf000700000000
6 11466764 bfbf000800000000
6 11467455 ffffcccc01b2cc00
6 11471025 b000000700000000
6 11472791 bbbb
6 11473846 aaaa
6 11474142 b000000800000000
6 11474806 ffffcccc06a5c600
6 11476563 aaaa
6 11477139 eb00007775803139
6 11977646 ea00007775003139
6 11978233 bbbb
6 11978953 bfbf000700000000
6 11980346 bfbf000800000000
6 11980986 ffffcccc01b2cc00
6 11984678 b000000700000000
6 11985999 bbbb
6 12988446 aaaa
6 12988779 b000000800000000
6 12989378 ffffcccc06a5c600
6 12991171 aaaa
6 12991802 eb0000777580313a
6 13492277 ea0000777500313a
6 13492847 bbbb
6 13493865 bfbf000700000000
6 13495921 bfbf000800000000
6 13496552 ffffcccc01b2cc00
6 13500153 b000000700000000
6 13501470 bbbb
6 13505368 aaaa
6 13505929 b000000800000000
6 13506596 ffffcccc06a5c600
6 13509327 aaaa
6 13509905 eb0000777580313b
6 14010419 ea0000777500313b
6 14011188 bbbb
6 14011904 bfbf000700000000
6 14013671 bfbf000800000000
6 14014068 ffffcccc01b2cc00
6 14017711 b000000700000000
6 14019177 bbbb
6 15045581 aaaa
6 15045927 b000000800000000
6 15046852 ffffcccc06a5c600
6 15048591 aaaa
6 15049200 eb0000777580313c
6 15549714 ea0000777500313c
6 15550289 bbbb
6 15551034 bfbf000700000000
6 15552861 bfbf000800000000
6 15553498 ffffcccc01b2cc00
6 15557103 b000000700000000
6 15558630 bbbb
6 15559676 aaaa
6 15559946 b000000800000000
6 15560600 ffffcccc06a5c600
6 15562345 aaaa
6 15562923 eb0000777580313d
6 16063431 ea0000777500313d
6 16063992 bbbb
6 16064712 bfbf000700000000
6 16066338 bfbf000800000000
6 16066971 ffffcccc01b2cc00
6 16070443 b000000700000000
6 16071756 bbbb
6 17072727 aaaa
6 17073105 b000000800000000
6 17073707 ffffcccc06a5c600
6 17075628 aaaa
6 17076207 eb0000777580313e
6 17576685 ea0000777500313e
6 17577263 bbbb
6 17578034 bfbf000700000000
6 17579623 bfbf000800000000
6 17580282 ffffcccc01b2cc00
6 17583867 b000000700000000
6 17585285 bbbb
6 17589204 aaaa
6 17589804 b000000800000000
6 17590503 ffffcccc06a5c600
6 17592250 aaaa
6 17593067 eb0000777580313f
6 18093542 ea0000777500313f
6 18094124 bbbb
6 18095595 bfbf000700000000
6 18097404 bfbf000800000000
6 18098030 ffffcccc01b2cc00
6 18101487 b000000700000000
6 18102806 bbbb
6 19136624 aaaa
6 19137347 b000000800000000
6 19137969 ffffcccc06a5c600
6 19139955 aaaa
6 19140533 eb00007775803140
6 19641012 ea00007775003140
6 19641595 bbbb
6 19642337 bfbf000700000000
6 19643919 bfbf000800000000
6 19644542 ffffcccc01b2cc00
6 19648167 b000000700000000
6 19649706 bbbb
6 19652083 aaaa
6 19652557 b000000800000000
6 19653214 ffffcccc06a5c600
6 19655006 aaaa
6 19655601 eb00007775803141
# Core 7 LOG DUMP ==================================================
# DCB 7 ffffff0006a5c800 pixels
# DCB 7 ffffff0001b2ce00 monitor
7 2696 ffffcccc01b2ce00
7 525633 aaaa
7 526796 b000000800000000
7 527577 ffffcccc06a5c800
7 530270 aaaa
7 530638 eb00007777802fac
7 1031389 ea00007777002fac
7 1031870 bbbb
7 1032657 bfbf000700000000
7 1034015 bfbf000800000000
7 1035068 ffffcccc01b2ce00
7 1039074 b000000700000000
7 1040397 bbbb
7 1046690 aaaa
7 1047593 b000000800000000
7 1048239 ffffcccc06a5c800
7 1050816 aaaa
7 1051180 eb00007777802fad
7 1551928 ea00007777002fad
7 1552431 bbbb
7 1553189 bfbf000700000000
7 1554705 bfbf000800000000
7 1555263 ffffcccc01b2ce00
7 1559034 b000000700000000
7 1560177 bbbb
7 2598845 aaaa
7 2599357 b000000800000000
7 2600277 ffffcccc06a5c800
7 2602055 aaaa
7 2602905 eb00007777802fae
7 3103664 ea00007777002fae
7 3104346 bbbb
7 3105069 bfbf000700000000
7 3106253 bfbf000800000000
7 3107528 ffffcccc01b2ce00
7 3111084 b000000700000000
7 3112396 bbbb
7 3117886 aaaa
7 3118566 b000000800000000
7 3119152 ffffcccc06a5c800
7 3120885 aaaa
7 3121266 eb00007777802faf
7 3622040 ea00007777002faf
7 3622557 bbbb
7 3623283 bfbf000700000000
7 3624666 bfbf000800000000
7 3625287 ffffcccc01b2ce00
7 3629040 b000000700000000
7 3630786 bbbb
7 5315020 aaaa
7 5315583 b000000800000000
7 5316875 ffffcccc06a5c800
7 5318738 aaaa
7 5319123 eb00007777802fb0
7 5819876 ea00007777002fb0
7 5820390 bbbb
7 5821113 bfbf000700000000
7 5822460 bfbf000800000000
7 5823340 ffffcccc01b2ce00
7 5827238 b000000700000000
7 5828703 bbbb
7 5830578 aaaa
7 5831558 b000000800000000
7 5832222 ffffcccc06a5c800
7 5833979 aaaa
7 5834356 eb00007777802fb1
7 6099183 ffff000100003056
7 6335100 ea00007777002fb1
7 6335793 bbbb
7 6336544 bfbf000700000000
7 6337995 bfbf000800000000
7 6338590 ffffcccc01b2ce00
7 6342160 b000000700000000
7 6343466 bbbb
7 6346449 aaaa
7 6346935 b000000800000000
7 6347590 ffffcccc06a5c800
7 6349305 aaaa
7 6349887 eb00007777802fb2
7 6850370 ea00007777002fb2
7 6850887 bbbb
7 6851595 bfbf000700000000
7 6853038 bfbf000800000000
7 6853630 ffffcccc01b2ce00
7 6857275 b000000700000000
7 6858707 bbbb
7 6863837 aaaa
7 6864279 b000000800000000
7 6864954 ffffcccc06a5c800
7 6866676 aaaa
7 6867248 eb00007777802fb3
7 7367751 ea00007777002fb3
7 7368279 bbbb
7 7368992 bfbf000700000000
7 7370825 bfbf000800000000
7 7371380 ffffcccc01b2ce00
7 7374865 b000000700000000
7 7376398 bbbb
7 8898693 aaaa
7 8899267 b000000800000000
7 8899866 ffffcccc06a5c800
7 8901600 aaaa
7 8902176 eb00007777802fb4
7 9402667 ea00007777002fb4
7 9403188 bbbb
7 9404284 bfbf000700000000
7 9406012 bfbf000800000000
7 9406561 ffffcccc01b2ce00
7 9410186 b000000700000000
7 9411534 bbbb
7 9417343 aaaa
7 9417901 b000000800000000
7 9418491 ffffcccc06a5c800
7 9420270 aaaa
7 9420853 eb00007777802fb5
7 9921368 ea00007777002fb5
7 9922282 bbbb
7 9923007 bfbf000700000000
7 9924488 bfbf000800000000
7 9924844 ffffcccc01b2ce00
7 9928308 b000000700000000
7 9930040 bbbb
7 9931580 aaaa
7 9931856 b000000800000000
7 9932829 ffffcccc06a5c800
7 9934564 aaaa
7 9935166 eb00007777802fb6
7 10435635 ea00007777002fb6
7 10436143 bbbb
7 10436849 bfbf000700000000
7 10438284 bfbf000800000000
7 10438625 ffffcccc01b2ce00
7 10442335 b000000700000000
7 10443643 bbbb
7 10446272 aaaa
7 10446558 b000000800000000
7 10447220 ffffcccc06a5c800
7 10448936 aaaa
7 10449511 eb00007777802fb7
7 10950020 ea00007777002fb7
7 10950529 bbbb
7 10951239 bfbf000700000000
7 10952646 bfbf000800000000
7 10953200 ffffcccc01b2ce00
7 10956630 b000000700000000
7 10957930 bbbb
7 10959563 aaaa
7 10960042 b000000800000000
7 10960697 ffffcccc06a5c800
7 10962409 aaaa
7 10962987 eb00007777802fb8
7 11463507 ea00007777002fb8
7 11464025 bbbb
7 11464739 bfbf000700000000
7 11466654 bfbf000800000000
7 11467222 ffffcccc01b2ce00
7 11470751 b000000700000000
7 11472141 bbbb
7 12989427 aaaa
7 12989758 b000000800000000
7 12990366 ffffcccc06a5c800
7 12992382 aaaa
7 12992983 eb00007777802fb9
7 13493510 ea00007777002fb9
7 13494264 bbbb
7 13494984 bfbf000700000000
7 13496395 bfbf000800000000
7 13496748 ffffcccc01b2ce00
7 13500323 b000000700000000
7 13501916 bbbb
7 13506347 aaaa
7 13506837 b000000800000000
7 13507511 ffffcccc06a5c800
7 13509247 aaaa
7 13509832 eb00007777802fba
7 14010291 ea00007777002fba
7 14010812 bbbb
7 14011520 bfbf000700000000
7 14013177 bfbf000800000000
7 14013542 ffffcccc01b2ce00
7 14017103 b000000700000000
7 14018432 bbbb
7 14021336 aaaa
7 14021622 b000000800000000
7 14022284 ffffcccc06a5c800
7 14023995 aaaa
7 14024577 eb00007777802fbb
7 14525079 ea00007777002fbb
7 14525592 bbbb
7 14526302 bfbf000700000000
7 14527701 bfbf000800000000
7 14528255 ffffcccc01b2ce00
7 14531668 b000000700000000
7 14533043 b000000800000000
7 14534156 ffffcccc06a5c800
7 14535924 aaaa
7 14536310 eb00007777802fbc
7 15036831 ea00007777002fbc
7 15037352 bbbb
7 15038060 bfbf000700000000
7 15039470 bfbf000800000000
7 15040034 ffffcccc01b2ce00
7 15043784 b000000700000000
7 15045087 bbbb
7 15046062 aaaa
7 15046604 b000000800000000
7 15047504 ffffcccc06a5c800
7 15049227 aaaa
7 15049611 eb00007777802fbd
7 15550090 ea00007777002fbd
7 15550611 bbbb
7 15551329 bfbf000700000000
7 15552638 bfbf000800000000
7 15553215 ffffcccc01b2ce00
7 15556668 b000000700000000
7 15557980 bbbb
7 17590641 aaaa
7 17591055 b000000800000000
7 17591879 ffffcccc06a5c800
7 17593612 aaaa
7 17593990 eb00007777802fbe
7 18094473 ea00007777002fbe
7 18095789 bbbb
7 18096513 bfbf000700000000
7 18097855 bfbf000800000000
7 18098210 ffffcccc01b2ce00
7 18102312 b000000700000000
7 18103703 bbbb
7 18106306 aaaa
7 18106753 b000000800000000
7 18107655 ffffcccc06a5c800
7 18109392 aaaa
7 18109772 eb00007777802fbf
7 18610247 ea00007777002fbf
7 18610765 bbbb
7 18611656 bfbf000700000000
7 18613059 bfbf000800000000
7 18613610 ffffcccc01b2ce00
7 18617063 b000000700000000
7 18618407 bbbb
7 18621222 aaaa
7 18621682 b000000800000000
7 18622592 ffffcccc06a5c800
7 18624334 aaaa
7 18624717 eb00007777802fc0
7 19125195 ea00007777002fc0
7 19125708 bbbb
7 19126570 bfbf000700000000
7 19127929 bfbf000800000000
7 19128684 ffffcccc01b2ce00
7 19132459 b000000700000000
7 19133844 bbbb
7 19137608 aaaa
7 19137959 b000000800000000
7 19138656 ffffcccc06a5c800
7 19140369 aaaa
7 19140809 eb00007777802fc1
7 19641321 ea00007777002fc1
7 19641839 bbbb
7 19642706 bfbf000700000000
7 19644123 bfbf000800000000
7 19644755 ffffcccc01b2ce00
7 19648436 b000000700000000
7 19650216 bbbb
# Core 8 LOG DUMP ==================================================
# DCB 8 ffffff0006a5ca00 pixels
# DCB 8 ffffff0001b2d000 monitor
8 3289 ffffcccc01b2d000
8 526702 aaaa
8 527667 b000000800000000
8 529508 ffffcccc06a5ca00
8 531306 aaaa
8 531695 eb000077798012e1
8 1032433 ea000077790012e1
8 1033099 bbbb
8 1033954 bfbf000700000000
8 1035554 bfbf000800000000
8 1036537 ffffcccc01b2d000
8 1040078 b000000700000000
8 1041294 bbbb
8 1046825 aaaa
8 1047873 b000000800000000
8 1048490 ffffcccc06a5ca00
8 1051169 aaaa
8 1051548 eb000077798012e2
8 1552253 ea000077790012e2
8 1553072 bbbb
8 1553810 bfbf000700000000
8 1555052 bfbf000800000000
8 1555990 ffffcccc01b2d000
8 1560225 b000000700000000
8 1561574 bbbb
8 2599917 aaaa
8 2600584 b000000800000000
8 2601183 ffffcccc06a5ca00
8 2603729 aaaa
8 2604128 eb000077798012e3
8 2610834 ffff00010000302d
8 3104915 ea000077790012e3
8 3105491 bbbb
8 3106815 bfbf000700000000
8 3108876 bfbf000800000000
8 3109785 ffffcccc01b2d000
8 3113628 b000000700000000
8 3115006 bbbb
8 3117785 aaaa
8 3118317 b000000800000000
8 3118990 ffffcccc06a5ca00
8 3120789 aaaa
8 3121376 eb000077798012e4
8 3621881 ea000077790012e4
8 3622478 bbbb
8 3623184 bfbf000700000000
8 3625379 bfbf000800000000
8 3626180 ffffcccc01b2d000
8 3629733 b000000700000000
8 3631264 bbbb
# Core 9 LOG DUMP ==================================================
# DCB 9 ffffff0006a5cc00 pixels
# DCB 9 ffffff0001b2d200 monitor
9 2478 ffffcccc01b2d200
9 527402 aaaa
9 528565 b000000800000000
9 529319 ffffcccc06a5cc00
9 531056 aaaa
9 531431 eb0000777b8002bb
9 1032169 ea0000777b0002bb
9 1032648 bbbb
9 1033413 bfbf000700000000
9 1034675 bfbf000800000000
9 1035765 ffffcccc01b2d200
9 1039751 b000000700000000
9 1040946 bbbb
9 1047687 aaaa
9 1049009 b000000800000000
9 1049623 ffffcccc06a5cc00
9 1051382 aaaa
9 1051747 eb0000777b8002bc
9 1552493 ea0000777b0002bc
9 1553300 bbbb
9 1554038 bfbf000700000000
9 1555258 bfbf000800000000
9 1556260 ffffcccc01b2d200
9 1560532 b000000700000000
9 1561885 bbbb
9 1564709 aaaa
9 1565671 b000000800000000
9 1566359 ffffcccc06a5cc00
9 1568099 aaaa
9 1568486 eb0000777b8002bd
9 2069250 ea0000777b0002bd
9 2069769 bbbb
9 2070476 bfbf000700000000
9 2071591 bfbf000800000000
9 2072540 ffffcccc01b2d200
9 2076363 b000000700000000
9 2077703 bbbb
9 2081490 aaaa
9 2082464 b000000800000000
9 2083137 ffffcccc06a5cc00
9 2084854 aaaa
9 2085240 eb0000777b8002be
9 2586003 ea0000777b0002be
9 2586536 bbbb
9 2587408 bfbf000700000000
9 2588758 bfbf000800000000
9 2589372 ffffcccc01b2d200
9 2592939 b000000700000000
9 2594385 bbbb
9 2600467 aaaa
9 2601481 b000000800000000
9 2602106 ffffcccc06a5cc00
9 2603816 aaaa
9 2604203 eb0000777b8002bf
9 3104927 ea0000777b0002bf
9 3105537 bbbb
9 3106560 bfbf000700000000
9 3107684 bfbf000800000000
9 3108675 ffffcccc01b2d200
9 3112617 b000000700000000
9 3114240 bbbb
# Core 10 LOG DUMP ==================================================
# DCB 10 ffffff0006a5ce00 pixels
# DCB 10 ffffff0001b2d400 monitor
10 4733 ffffcccc01b2d400
10 16684623 ffff000100002fdc
# Core 11 LOG DUMP ==================================================
# DCB 11 ffffff000713a000 pixels
# DCB 11 ffffff000445a600 e1000n
# DCB 11 ffffff0001b2d600 monitor
11 5289 ffffcccc0445a600
11 6241 ffffcccc01b2d600
11 8841 ffffcccc0445a600
11 14248911 ffff000100002fb4
11 14249283 ffffcccc01b2d600
11 14252260 ffffcccc0445a600
# Core 12 LOG DUMP ==================================================
# DCB 12 ffffff000713a200 pixels
# DCB 12 ffffff0001b2d800 monitor
12 4053 ffffcccc01b2d800
12 11670225 ffff000100002f8b
# Core 13 LOG DUMP ==================================================
# DCB 13 ffffff000713a400 pixels
# DCB 13 ffffff0001b2da00 monitor
13 3672 ffffcccc01b2da00
13 9681203 ffff000100002f62
# Core 14 LOG DUMP ==================================================
# DCB 14 ffffff000713a600 pixels
# DCB 14 ffffff0001b2dc00 monitor
14 6501 ffffcccc01b2dc00
14 7407120 ffff000100002f39
# Core 15 LOG DUMP ==================================================
# DCB 15 ffffff000713a800 pixels
# DCB 15 ffffff000445a800 bfscope
# DCB 15 ffffff0001b2de00 monitor
15 5258 ffffcccc0445a800
15 5456 ffffcccc01b2de00
15 8503 ffffcccc0445a800
15 667653 ffff000100002ef1
15 668077 ffffcccc01b2de00
15 670784 ffffcccc0445a800
