# Start 373362134680 Duration 20000000 Stop 373382134680
# Core 0 LOG DUMP ==================================================
0 0 1234000000000001
# DCB 0 ffffff000713aa00 fish
# DCB 0 ffffff000445aa00 pixels
# DCB 0 ffffff000445a400 serial
# DCB 0 ffffff000445a200 pci
# DCB 0 ffffff000445a000 skb
# DCB 0 ffffff0001b2c000 chips
# DCB 0 ffffff0001e06000 mem_serv
# DCB 0 ffffff0001e06200 monitor
0 8152 ffffcccc0713aa00
0 4511198 ea0000776f803d5c
0 4512064 ea00007775803a0e
0 4513118 bbbb
0 4521789 bfbf000700000000
0 4522930 bfbf000800000000
0 4523348 ffffcccc01e06200
0 4526530 b000000700000000
0 4527826 b000000700000000
0 4534070 bbbb
0 4568867 b000bbbb00000014
0 5018384 aaaa
0 5018764 b000000800000000
0 5019765 ffffcccc0713aa00
0 5023184 aaaa
0 5023845 eb00007775003a0e
0 5024929 eb0000776f003d5c
0 5025841 ea0000776f803d5d
0 5027012 ea00007771802856
0 5027467 ea0000777380362a
0 5028280 ea00007775803a0f
0 5029441 ea00007779801531
0 5030429 bbbb
0 5039314 bfbf000700000000
0 5040457 bfbf000800000000
0 5040877 ffffcccc01e06200
0 5043815 b000000700000000
0 5045102 b000000700000000
0 5051347 bbbb
0 5086268 b000bbbb00000014
0 5532869 aaaa
0 5533300 b000000800000000
0 5534441 ffffcccc0713aa00
0 5537612 aaaa
0 5538248 eb00007779001531
0 5539707 eb00007775003a0f
0 5540220 eb0000777300362a
0 5540537 eb00007771002856
0 5541196 eb0000776f003d5d
0 5541983 ea0000776f803d5e
0 5543188 ea00007771802857
0 5544209 ea0000777380362b
0 5544956 ea00007775803a10
0 5546113 ea00007779801532
0 5547499 bbbb
0 5556231 bfbf000700000000
0 5557367 bfbf000800000000
0 5558012 ffffcccc01e06200
0 5560881 b000000700000000
0 5562112 b000000700000000
0 5568365 bbbb
0 5580343 ffff0001000031f9
0 5605651 b000bbbb00000014
0 6049526 aaaa
0 6049914 b000000800000000
0 6050781 ffffcccc0713aa00
0 6054054 aaaa
0 6054716 eb00007779001532
0 6055654 eb00007775003a10
0 6056497 eb0000777300362b
0 6057254 eb00007771002857
0 6057960 eb0000776f003d5e
0 6058710 ea0000776f803d5f
0 6060137 bbbb
0 6068960 bfbf000700000000
0 6070086 bfbf000800000000
0 6070470 ffffcccc01e06200
0 6079299 b000000700000000
0 6080136 b000000700000000
0 6082903 bbbb
0 6118883 b000bbbb00000014
0 6565718 aaaa
0 6566147 b000000800000000
0 6566733 ffffcccc0713aa00
0 6570415 aaaa
0 6571126 eb0000776f003d5f
0 8072864 ea0000776f803d60
0 8073405 ea00007771802858
0 8073791 ea0000777380362c
0 8074707 ea00007775803a11
0 8075248 ea00007777803887
0 8076431 bbbb
0 8085529 bfbf000700000000
0 8086682 bfbf000800000000
0 8087066 ffffcccc01e06200
0 8095886 b000000700000000
0 8096725 b000000700000000
0 8099585 bbbb
0 8581052 aaaa
0 8581497 b000000800000000
0 8582912 ffffcccc0713aa00
0 8586313 aaaa
0 8587007 eb00007777003887
0 8587896 eb00007775003a11
0 8588714 eb0000777300362c
0 8589494 eb00007771002858
0 8590573 eb0000776f003d60
0 8591215 ea0000776f803d61
0 8591633 ea00007771802859
0 8592046 ea0000777380362d
0 8592435 ea00007775803a12
0 8593623 ea00007777803888
0 8595049 bbbb
0 8603914 bfbf000700000000
0 8605062 bfbf000800000000
0 8605446 ffffcccc01e06200
0 8608370 b000000700000000
0 8609590 b000000700000000
0 8615726 bbbb
0 8650736 b000bbbb00000014
0 9098179 aaaa
0 9098586 b000000800000000
0 9099834 ffffcccc0713aa00
0 9103471 aaaa
0 9104163 eb00007777003888
0 9105067 eb00007775003a12
0 9105859 eb0000777300362d
0 9106420 eb00007771002859
0 9106989 eb0000776f003d61
0 9107981 ea00007777803889
0 9109278 bbbb
0 9117940 bfbf000700000000
0 9119074 bfbf000800000000
0 9119717 ffffcccc01e06200
0 9122563 b000000700000000
0 9123793 b000000700000000
0 9130072 bbbb
0 9165049 b000bbbb00000014
0 9616578 aaaa
0 9616948 b000000800000000
0 9617896 ffffcccc0713aa00
0 9620962 aaaa
0 9621623 eb00007777003889
0 9622410 ea0000777780388a
0 9623619 bbbb
0 9632214 bfbf000700000000
0 9633352 bfbf000800000000
0 9633734 ffffcccc01e06200
0 9642494 b000000700000000
0 9643455 b000000700000000
0 9646102 bbbb
0 10128947 aaaa
0 10129342 b000000800000000
0 10130202 ffffcccc0713aa00
0 10133872 aaaa
0 10134526 eb0000777700388a
0 10135720 ea0000776f803d62
0 10136591 ea0000777180285a
0 10136987 ea0000777380362e
0 10137377 ea00007775803a13
0 10137793 ea0000777780388b
0 10139185 bbbb
0 10148111 bfbf000700000000
0 10149262 bfbf000800000000
0 10149652 ffffcccc01e06200
0 10158561 b000000700000000
0 10159388 b000000700000000
0 10161985 bbbb
0 10643279 aaaa
0 10643886 b000000800000000
0 10645291 ffffcccc0713aa00
0 10647704 aaaa
0 10648306 eb00007775003a13
0 10649215 eb0000777300362e
0 10649708 eb0000777100285a
0 10650451 eb0000776f003d62
0 10652584 eb0000777700388b
0 10653340 ea0000776f803d63
0 10653769 ea0000777180285b
0 10654159 ea0000777380362f
0 10654539 ea00007775803a14
0 10656179 bbbb
0 10664862 bfbf000700000000
0 10665973 bfbf000800000000
0 10666358 ffffcccc01e06200
0 10669436 b000000700000000
0 10670980 b000000700000000
0 10676959 bbbb
0 10711616 b000bbbb00000014
0 11159800 aaaa
0 11160197 b000000800000000
0 11161185 ffffcccc0713aa00
0 11163696 aaaa
0 11164303 eb00007775003a14
0 11165443 eb0000777300362f
0 11165705 eb0000777100285b
0 11166628 eb0000776f003d63
0 16670234 ea00007775803a15
0 16672147 bbbb
0 16681040 bfbf000700000000
0 16682165 bfbf000800000000
0 16682786 ffffcccc01e06200
0 16691253 b000000700000000
0 16692090 b000000700000000
0 16694864 bbbb
0 16731339 b000bbbb00000014
0 17177527 aaaa
0 17177902 b000000800000000
0 17178494 ffffcccc0713aa00
0 17181902 aaaa
0 17182514 eb00007775003a15
0 17183354 ea0000776f803d64
0 17184098 ea0000777180285c
0 17184975 ea00007773803630
0 17185444 ea00007775803a16
0 17186427 ea0000777780388c
0 17187466 bbbb
0 17196578 bfbf000700000000
0 17197722 bfbf000800000000
0 17198109 ffffcccc01e06200
0 17206820 b000000700000000
0 17207774 b000000700000000
0 17210374 bbbb
0 17690471 aaaa
0 17691211 b000000800000000
0 17692587 ffffcccc0713aa00
0 17695390 aaaa
0 17696013 eb00007773003630
0 17696624 eb0000777100285c
0 17697159 eb0000776f003d64
0 17699170 eb0000777700388c
0 17700172 eb00007775003a16
0 17700970 ea0000776f803d65
0 17701494 ea0000777180285d
0 17701886 ea00007773803631
0 17702793 ea00007775803a17
0 17703341 ea0000777780388d
0 17704303 ea00007779801533
0 17705669 bbbb
0 17714375 bfbf000700000000
0 17715518 bfbf000800000000
0 17716159 ffffcccc01e06200
0 17719074 b000000700000000
0 17720636 b000000700000000
0 17726575 bbbb
0 17762202 b000bbbb00000014
0 18207063 aaaa
0 18207450 b000000800000000
0 18208046 ffffcccc0713aa00
0 18211419 aaaa
0 18212076 eb00007773003631
0 18213710 eb0000777100285d
0 18214429 eb0000776f003d65
0 18216674 eb00007779001533
0 18217269 eb0000777700388d
0 18218228 eb00007775003a17
0 18219154 ea00007775803a18
0 18220039 ea00007779801534
0 18221361 bbbb
0 18229889 bfbf000700000000
0 18231011 bfbf000800000000
0 18231650 ffffcccc01e06200
0 18234499 b000000700000000
0 18236123 b000000700000000
0 18242018 bbbb
0 18277022 b000bbbb00000014
0 18726173 aaaa
0 18726568 b000000800000000
0 18727157 ffffcccc0713aa00
0 18730784 aaaa
0 18731443 eb00007779001534
0 18732113 eb00007775003a18
0 18732838 ea00007775803a19
0 18733896 ea00007779801535
0 18734743 bbbb
0 18743235 bfbf000700000000
0 18744376 bfbf000800000000
0 18745019 ffffcccc01e06200
0 18753695 b000000700000000
0 18754587 b000000700000000
0 18757132 bbbb
0 18792955 b000bbbb00000014
0 19240998 aaaa
0 19241392 b000000800000000
0 19242418 ffffcccc0713aa00
0 19246281 aaaa
0 19246992 eb00007779001535
0 19248266 eb00007775003a19
0 20249397 ea0000777180285e
# Core 1 LOG DUMP ==================================================
# DCB 1 ffffff000445ac00 pixels
# DCB 1 ffffff0001b2c200 monitor
1 2558 ffffcccc01b2c200
1 9027540 ffff0001000031d4
# Core 2 LOG DUMP ==================================================
# DCB 2 ffffff000445ae00 pixels
# DCB 2 ffffff0001b2c400 monitor
2 2617 ffffcccc01b2c400
2 4586065 ffff0001000031ab
# Core 3 LOG DUMP ==================================================
# DCB 3 ffffff0006a5c000 pixels
# DCB 3 ffffff0001b2c600 monitor
3 4144 ffffcccc01b2c600
3 312535 ffff000100003183
3 4512635 aaaa
3 4512869 b000000800000000
3 4513455 ffffcccc06a5c000
3 4515605 aaaa
3 4516288 eb0000776f803d5c
3 5016796 ea0000776f003d5c
3 5017265 bbbb
3 5018023 bfbf000700000000
3 5019512 bfbf000800000000
3 5020051 ffffcccc01b2c600
3 5023948 b000000700000000
3 5025165 bbbb
3 5027375 aaaa
3 5027615 b000000800000000
3 5028508 ffffcccc06a5c000
3 5030452 aaaa
3 5031388 eb0000776f803d5d
3 5531897 ea0000776f003d5d
3 5532376 bbbb
3 5533151 bfbf000700000000
3 5534699 bfbf000800000000
3 5535533 ffffcccc01b2c600
3 5539095 b000000700000000
3 5540287 bbbb
3 5543552 aaaa
3 5544000 b000000800000000
3 5544647 ffffcccc06a5c000
3 5546651 aaaa
3 5547490 eb0000776f803d5e
3 6047981 ea0000776f003d5e
3 6048483 bbbb
3 6049208 bfbf000700000000
3 6050675 bfbf000800000000
3 6051215 ffffcccc01b2c600
3 6054986 b000000700000000
3 6056442 bbbb
3 6060067 aaaa
3 6060266 b000000800000000
3 6061184 ffffcccc06a5c000
3 6062917 aaaa
3 6063499 eb0000776f803d5f
3 6563988 ea0000776f003d5f
3 6564487 bbbb
3 6565210 bfbf000700000000
3 6566609 bfbf000800000000
3 6567164 ffffcccc01b2c600
3 6570826 b000000700000000
3 6572250 bbbb
3 8073766 aaaa
3 8074001 b000000800000000
3 8074872 ffffcccc06a5c000
3 8076933 aaaa
3 8078021 eb0000776f803d60
3 8578529 ea0000776f003d60
3 8579035 bbbb
3 8579768 bfbf000700000000
3 8581245 bfbf000800000000
3 8581833 ffffcccc01b2c600
3 8585486 b000000700000000
3 8586821 bbbb
3 8592071 aaaa
3 8592270 b000000800000000
3 8592923 ffffcccc06a5c000
3 8595098 aaaa
3 8595700 eb0000776f803d61
3 9096219 ea0000776f003d61
3 9096721 bbbb
3 9097440 bfbf000700000000
3 9098849 bfbf000800000000
3 9099726 ffffcccc01b2c600
3 9103304 b000000700000000
3 9104651 bbbb
3 10137456 aaaa
3 10137652 b000000800000000
3 10138258 ffffcccc06a5c000
3 10140400 aaaa
3 10140986 eb0000776f803d62
3 10641491 ea0000776f003d62
3 10641983 bbbb
3 10642715 bfbf000700000000
3 10644165 bfbf000800000000
3 10645105 ffffcccc01b2c600
3 10648796 b000000700000000
3 10650197 bbbb
3 10654183 aaaa
3 10654369 b000000800000000
3 10655026 ffffcccc06a5c000
3 10657415 aaaa
3 10658029 eb0000776f803d63
3 11158501 ea0000776f003d63
3 11159009 bbbb
3 11159728 bfbf000700000000
3 11161123 bfbf000800000000
3 11161754 ffffcccc01b2c600
3 11165509 b000000700000000
3 11166839 bbbb
3 17184659 aaaa
3 17184852 b000000800000000
3 17185460 ffffcccc06a5c000
3 17187304 aaaa
3 17187887 eb0000776f803d64
3 17688528 ea0000776f003d64
3 17689032 bbbb
3 17689765 bfbf000700000000
3 17691216 bfbf000800000000
3 17692010 ffffcccc01b2c600
3 17696494 b000000700000000
3 17697842 bbbb
3 17701795 aaaa
3 17701983 b000000800000000
3 17702639 ffffcccc06a5c000
3 17704559 aaaa
3 17705150 eb0000776f803d65
3 18205621 ea0000776f003d65
3 18206125 bbbb
3 18206844 bfbf000700000000
3 18208232 bfbf000800000000
3 18209464 ffffcccc01b2c600
3 18213419 b000000700000000
3 18214801 bbbb
# Core 4 LOG DUMP ==================================================
# DCB 4 ffffff0006a5c200 pixels
# DCB 4 ffffff0001b2c800 monitor
4 2890 ffffcccc01b2c800
4 5027883 aaaa
4 5029197 b000000800000000
4 5029787 ffffcccc06a5c200
4 5032022 aaaa
4 5032654 eb00007771802856
4 5533343 ea00007771002856
4 5533829 bbbb
4 5534754 bfbf000700000000
4 5536141 bfbf000800000000
4 5536782 ffffcccc01b2c800
4 5540452 b000000700000000
4 5542002 bbbb
4 5544628 aaaa
4 5545496 b000000800000000
4 5546656 ffffcccc06a5c200
4 5548811 aaaa
4 5549428 eb00007771802857
4 6050158 ea00007771002857
4 6050642 bbbb
4 6051365 bfbf000700000000
4 6052981 bfbf000800000000
4 6053658 ffffcccc01b2c800
4 6057191 b000000700000000
4 6058652 bbbb
4 8074529 aaaa
4 8075476 b000000800000000
4 8076595 ffffcccc06a5c200
4 8078949 aaaa
4 8079369 eb00007771802858
4 8580148 ea00007771002858
4 8580733 bbbb
4 8581472 bfbf000700000000
4 8583193 bfbf000800000000
4 8583864 ffffcccc01b2c800
4 8587565 b000000700000000
4 8588909 bbbb
4 8592686 aaaa
4 8593202 b000000800000000
4 8594374 ffffcccc06a5c200
4 8596565 aaaa
4 8597189 eb00007771802859
4 9097935 ea00007771002859
4 9098548 bbbb
4 9099649 bfbf000700000000
4 9101229 bfbf000800000000
4 9101870 ffffcccc01b2c800
4 9105400 b000000700000000
4 9106846 bbbb
4 10137466 aaaa
4 10137966 b000000800000000
4 10138939 ffffcccc06a5c200
4 10140704 aaaa
4 10141294 eb0000777180285a
4 10642072 ea0000777100285a
4 10642634 bbbb
4 10643369 bfbf000700000000
4 10644545 bfbf000800000000
4 10645379 ffffcccc01b2c800
4 10649081 b000000700000000
4 10650649 bbbb
4 10654726 aaaa
4 10655315 b000000800000000
4 10656499 ffffcccc06a5c200
4 10658672 aaaa
4 10659071 eb0000777180285b
4 11159846 ea0000777100285b
4 11160636 bbbb
4 11161917 bfbf000700000000
4 11163277 bfbf000800000000
4 11163915 ffffcccc01b2c800
4 11167924 b000000700000000
4 11169340 bbbb
4 17185508 aaaa
4 17186176 b000000800000000
4 17186774 ffffcccc06a5c200
4 17188975 aaaa
4 17189590 eb0000777180285c
4 17690314 ea0000777100285c
4 17690887 bbbb
4 17692178 bfbf000700000000
4 17694233 bfbf000800000000
4 17694873 ffffcccc01b2c800
4 17698502 b000000700000000
4 17700002 bbbb
4 17702410 aaaa
4 17702928 b000000800000000
4 17703901 ffffcccc06a5c200
4 17706272 aaaa
4 17706904 eb0000777180285d
4 18207637 ea0000777100285d
4 18208233 bbbb
4 18209377 bfbf000700000000
4 18210748 bfbf000800000000
4 18211389 ffffcccc01b2c800
4 18214937 b000000700000000
4 18216342 bbbb
4 18842117 ffff00010000315c
# Core 5 LOG DUMP ==================================================
# DCB 5 ffffff0006a5c400 pixels
# DCB 5 ffffff0001b2ca00 monitor
5 4965 ffffcccc01b2ca00
5 5029148 aaaa
5 5029966 b000000800000000
5 5030594 ffffcccc06a5c400
5 5032770 aaaa
5 5033144 eb0000777380362a
5 5533863 ea0000777300362a
5 5534461 bbbb
5 5535197 bfbf000700000000
5 5536871 bfbf000800000000
5 5537463 ffffcccc01b2ca00
5 5541055 b000000700000000
5 5542541 bbbb
5 5545561 aaaa
5 5546213 b000000800000000
5 5547106 ffffcccc06a5c400
5 5548922 aaaa
5 5549680 eb0000777380362b
5 6050461 ea0000777300362b
5 6050944 bbbb
5 6051644 bfbf000700000000
5 6053164 bfbf000800000000
5 6053735 ffffcccc01b2ca00
5 6057217 b000000700000000
5 6058734 bbbb
5 8075426 aaaa
5 8076285 b000000800000000
5 8076879 ffffcccc06a5c400
5 8079284 aaaa
5 8079669 eb0000777380362c
5 8580440 ea0000777300362c
5 8581034 bbbb
5 8581748 bfbf000700000000
5 8583647 bfbf000800000000
5 8584272 ffffcccc01b2ca00
5 8587869 b000000700000000
5 8589434 bbbb
5 8593055 aaaa
5 8593983 b000000800000000
5 8595128 ffffcccc06a5c400
5 8597391 aaaa
5 8597776 eb0000777380362d
5 9098520 ea0000777300362d
5 9099105 bbbb
5 9100518 bfbf000700000000
5 9101918 bfbf000800000000
5 9102546 ffffcccc01b2ca00
5 9106064 b000000700000000
5 9107405 bbbb
5 10138261 aaaa
5 10138904 b000000800000000
5 10139496 ffffcccc06a5c400
5 10141484 aaaa
5 10141868 eb0000777380362e
5 10642650 ea0000777300362e
5 10643184 bbbb
5 10643902 bfbf000700000000
5 10645547 bfbf000800000000
5 10646250 ffffcccc01b2ca00
5 10649869 b000000700000000
5 10651235 bbbb
5 10654948 aaaa
5 10655501 b000000800000000
5 10656149 ffffcccc06a5c400
5 10657896 aaaa
5 10658521 eb0000777380362f
5 11159212 ea0000777300362f
5 11159726 bbbb
5 11160424 bfbf000700000000
5 11161871 bfbf000800000000
5 11162699 ffffcccc01b2ca00
5 11166193 b000000700000000
5 11167618 bbbb
5 15237707 ffff000100003135
5 17186237 aaaa
5 17186522 b000000800000000
5 17187466 ffffcccc06a5c400
5 17189196 aaaa
5 17189865 eb00007773803630
5 17690377 ea00007773003630
5 17691016 bbbb
5 17691944 bfbf000700000000
5 17693825 bfbf000800000000
5 17694395 ffffcccc01b2ca00
5 17698023 b000000700000000
5 17699381 bbbb
5 17703217 aaaa
5 17703609 b000000800000000
5 17704804 ffffcccc06a5c400
5 17707112 aaaa
5 17707812 eb00007773803631
5 18208276 ea00007773003631
5 18209105 bbbb
5 18209810 bfbf000700000000
5 18211650 bfbf000800000000
5 18212285 ffffcccc01b2ca00
5 18215800 b000000700000000
5 18217196 bbbb
# Core 6 LOG DUMP ==================================================
# DCB 6 ffffff0006a5c600 pixels
# DCB 6 ffffff0001b2cc00 monitor
6 3800 ffffcccc01b2cc00
6 4513156 aaaa
6 4513975 b000000800000000
6 4514560 ffffcccc06a5c600
6 4516354 aaaa
6 4516744 eb00007775803a0e
6 5017471 ea00007775003a0e
6 5017949 bbbb
6 5018716 bfbf000700000000
6 5020114 bfbf000800000000
6 5021090 ffffcccc01b2cc00
6 5024696 b000000700000000
6 5025964 bbbb
6 5029831 aaaa
6 5030782 b000000800000000
6 5032193 ffffcccc06a5c600
6 5034066 aaaa
6 5034466 eb00007775803a0f
6 5535217 ea00007775003a0f
6 5536106 bbbb
6 5536825 bfbf000700000000
6 5538016 bfbf000800000000
6 5539464 ffffcccc01b2cc00
6 5542955 b000000700000000
6 5544186 bbbb
6 5546503 aaaa
6 5547122 b000000800000000
6 5547799 ffffcccc06a5c600
6 5549968 aaaa
6 5550367 eb00007775803a10
6 6051163 ea00007775003a10
6 6051969 bbbb
6 6052688 bfbf000700000000
6 6053867 bfbf000800000000
6 6054502 ffffcccc01b2cc00
6 6058202 b000000700000000
6 6059519 bbbb
6 8076068 aaaa
6 8077406 b000000800000000
6 8078000 ffffcccc06a5c600
6 8079734 aaaa
6 8080133 eb00007775803a11
6 8580885 ea00007775003a11
6 8581470 bbbb
6 8582490 bfbf000700000000
6 8584083 bfbf000800000000
6 8584931 ffffcccc01b2cc00
6 8588437 b000000700000000
6 8589928 bbbb
6 8594062 aaaa
6 8594626 b000000800000000
6 8595317 ffffcccc06a5c600
6 8597754 aaaa
6 8598155 eb00007775803a12
6 9098909 ea00007775003a12
6 9100088 bbbb
6 9100808 bfbf000700000000
6 9102185 bfbf000800000000
6 9102863 ffffcccc01b2cc00
6 9106431 b000000700000000
6 9107937 bbbb
6 10138364 aaaa
6 10139210 b000000800000000
6 10139821 ffffcccc06a5c600
6 10142102 aaaa
6 10142501 eb00007775803a13
6 10643276 ea00007775003a13
6 10643861 bbbb
6 10644876 bfbf000700000000
6 10646620 bfbf000800000000
6 10647271 ffffcccc01b2cc00
6 10650772 b000000700000000
6 10652374 bbbb
6 10656226 aaaa
6 10656959 b000000800000000
6 10657608 ffffcccc06a5c600
6 10659418 aaaa
6 10659823 eb00007775803a14
6 11160613 ea00007775003a14
6 11161375 bbbb
6 11162133 bfbf000700000000
6 11163800 bfbf000800000000
6 11164543 ffffcccc01b2cc00
6 11168072 b000000700000000
6 11169616 bbbb
6 12042095 ffff00010000310c
6 16671472 aaaa
6 16671797 b000000800000000
6 16672435 ffffcccc06a5c600
6 16674356 aaaa
6 16674974 eb00007775803a15
6 17175467 ea00007775003a15
6 17176043 bbbb
6 17176802 bfbf000700000000
6 17178226 bfbf000800000000
6 17178875 ffffcccc01b2cc00
6 17182612 b000000700000000
6 17183931 bbbb
6 17186822 aaaa
6 17187506 b000000800000000
6 17188161 ffffcccc06a5c600
6 17190419 aaaa
6 17191007 eb00007775803a16
6 17691520 ea00007775003a16
6 17692544 bbbb
6 17693269 bfbf000700000000
6 17694931 bfbf000800000000
6 17695351 ffffcccc01b2cc00
6 17698877 b000000700000000
6 17700290 bbbb
6 17703708 aaaa
6 17704086 b000000800000000
6 17704751 ffffcccc06a5c600
6 17706946 aaaa
6 17707580 eb00007775803a17
6 18208066 ea00007775003a17
6 18208837 bbbb
6 18209561 bfbf000700000000
6 18211423 bfbf000800000000
6 18211824 ffffcccc01b2cc00
6 18215628 b000000700000000
6 18217042 bbbb
6 18220444 aaaa
6 18220713 b000000800000000
6 18221375 ffffcccc06a5c600
6 18223101 aaaa
6 18223693 eb00007775803a18
6 18724160 ea00007775003a18
6 18724734 bbbb
6 18725453 bfbf000700000000
6 18726948 bfbf000800000000
6 18727618 ffffcccc01b2cc00
6 18731356 b000000700000000
6 18732668 bbbb
6 18734302 aaaa
6 18734793 b000000800000000
6 18735777 ffffcccc06a5c600
6 18737500 aaaa
6 18738080 eb00007775803a19
6 19238539 ea00007775003a19
6 19239122 bbbb
6 19239841 bfbf000700000000
6 19241237 bfbf000800000000
6 19241879 ffffcccc01b2cc00
6 19245499 b000000700000000
6 19246847 bbbb
# Core 7 LOG DUMP ==================================================
# DCB 7 ffffff0006a5c800 pixels
# DCB 7 ffffff0001b2ce00 monitor
7 6009 ffffcccc01b2ce00
7 7770020 ffff0001000030e2
7 8076559 aaaa
7 8076966 b000000800000000
7 8077574 ffffcccc06a5c800
7 8079311 aaaa
7 8079957 eb00007777803887
7 8580457 ea00007777003887
7 8581066 bbbb
7 8581826 bfbf000700000000
7 8584115 bfbf000800000000
7 8584693 ffffcccc01b2ce00
7 8588251 b000000700000000
7 8589386 bbbb
7 8595411 aaaa
7 8596341 b000000800000000
7 8596935 ffffcccc06a5c800
7 8598697 aaaa
7 8599313 eb00007777803888
7 9099832 ea00007777003888
7 9100797 bbbb
7 9101528 bfbf000700000000
7 9102962 bfbf000800000000
7 9103352 ffffcccc01b2ce00
7 9106892 b000000700000000
7 9108654 bbbb
7 9109981 aaaa
7 9110303 b000000800000000
7 9110971 ffffcccc06a5c800
7 9112707 aaaa
7 9113287 eb00007777803889
7 9613761 ea00007777003889
7 9614275 bbbb
7 9614993 bfbf000700000000
7 9616367 bfbf000800000000
7 9616734 ffffcccc01b2ce00
7 9620511 b000000700000000
7 9621819 bbbb
7 9623284 aaaa
7 9623636 b000000800000000
7 9624602 ffffcccc06a5c800
7 9626316 aaaa
7 9626899 eb0000777780388a
7 10127357 ea0000777700388a
7 10127879 bbbb
7 10128598 bfbf000700000000
7 10130031 bfbf000800000000
7 10130650 ffffcccc01b2ce00
7 10134271 b000000700000000
7 10135576 bbbb
7 10139104 aaaa
7 10139405 b000000800000000
7 10140596 ffffcccc06a5c800
7 10142360 aaaa
7 10142937 eb0000777780388b
7 10643401 ea0000777700388b
7 10644111 bbbb
7 10644836 bfbf000700000000
7 10646389 bfbf000800000000
7 10646971 ffffcccc01b2ce00
7 10650384 b000000700000000
7 10651970 bbbb
7 17187763 aaaa
7 17188386 b000000800000000
7 17188996 ffffcccc06a5c800
7 17190733 aaaa
7 17191312 eb0000777780388c
7 17691831 ea0000777700388c
7 17692592 bbbb
7 17693368 bfbf000700000000
7 17694905 bfbf000800000000
7 17695282 ffffcccc01b2ce00
7 17698888 b000000700000000
7 17700424 bbbb
7 17705004 aaaa
7 17705717 b000000800000000
7 17706688 ffffcccc06a5c800
7 17708447 aaaa
7 17709038 eb0000777780388d
7 18209536 ea0000777700388d
7 18210275 bbbb
7 18210994 bfbf000700000000
7 18212386 bfbf000800000000
7 18213242 ffffcccc01b2ce00
7 18216712 b000000700000000
7 18218051 bbbb
# Core 8 LOG DUMP ==================================================
# DCB 8 ffffff0006a5ca00 pixels
# DCB 8 ffffff0001b2d000 monitor
8 3555 ffffcccc01b2d000
8 4280459 ffff0001000030b9
8 5030711 aaaa
8 5031520 b000000800000000
8 5032132 ffffcccc06a5ca00
8 5033929 aaaa
8 5034592 eb00007779801531
8 5535080 ea00007779001531
8 5535628 bbbb
8 5536383 bfbf000700000000
8 5537852 bfbf000800000000
8 5538555 ffffcccc01b2d000
8 5542424 b000000700000000
8 5543962 bbbb
8 5547550 aaaa
8 5548058 b000000800000000
8 5548740 ffffcccc06a5ca00
8 5550595 aaaa
8 5551265 eb00007779801532
8 6051742 ea00007779001532
8 6052522 bbbb
8 6053228 bfbf000700000000
8 6054719 bfbf000800000000
8 6055503 ffffcccc01b2d000
8 6059071 b000000700000000
8 6060442 bbbb
8 17705999 aaaa
8 17706520 b000000800000000
8 17707108 ffffcccc06a5ca00
8 17708856 aaaa
8 17709439 eb00007779801533
8 18209941 ea00007779001533
8 18211157 bbbb
8 18211878 bfbf000700000000
8 18213837 bfbf000800000000
8 18214447 ffffcccc01b2d000
8 18218303 b000000700000000
8 18219859 bbbb
8 18221402 aaaa
8 18221933 b000000800000000
8 18222623 ffffcccc06a5ca00
8 18224389 aaaa
8 18224974 eb00007779801534
8 18725498 ea00007779001534
8 18726073 bbbb
8 18726782 bfbf000700000000
8 18728379 bfbf000800000000
8 18728996 ffffcccc01b2d000
8 18732591 b000000700000000
8 18734170 bbbb
8 18735236 aaaa
8 18735562 b000000800000000
8 18736222 ffffcccc06a5ca00
8 18737982 aaaa
8 18738560 eb00007779801535
8 19239077 ea00007779001535
8 19239655 bbbb
8 19240361 bfbf000700000000
8 19241756 bfbf000800000000
8 19242619 ffffcccc01b2d000
8 19246284 b000000700000000
8 19247836 bbbb
# Core 9 LOG DUMP ==================================================
# DCB 9 ffffff0006a5cc00 pixels
# DCB 9 ffffff0001b2d200 monitor
9 2889 ffffcccc01b2d200
# Core 10 LOG DUMP ==================================================
# DCB 10 ffffff0006a5ce00 pixels
# DCB 10 ffffff0001b2d400 monitor
10 3359 ffffcccc01b2d400
10 18354173 ffff000100003068
# Core 11 LOG DUMP ==================================================
# DCB 11 ffffff000713a000 pixels
# DCB 11 ffffff000445a600 e1000n
# DCB 11 ffffff0001b2d600 monitor
11 4072 ffffcccc0445a600
11 4506 ffffcccc01b2d600
11 7127 ffffcccc0445a600
11 15918394 ffff000100003040
11 15918741 ffffcccc01b2d600
11 15921592 ffffcccc0445a600
# Core 12 LOG DUMP ==================================================
# DCB 12 ffffff000713a200 pixels
# DCB 12 ffffff0001b2d800 monitor
12 6263 ffffcccc01b2d800
12 13341592 ffff000100003017
# Core 13 LOG DUMP ==================================================
# DCB 13 ffffff000713a400 pixels
# DCB 13 ffffff0001b2da00 monitor
13 4056 ffffcccc01b2da00
13 11352484 ffff000100002fee
# Core 14 LOG DUMP ==================================================
# DCB 14 ffffff000713a600 pixels
# DCB 14 ffffff0001b2dc00 monitor
14 5047 ffffcccc01b2dc00
14 9078790 ffff000100002fc5
# Core 15 LOG DUMP ==================================================
# DCB 15 ffffff000713a800 pixels
# DCB 15 ffffff000445a800 bfscope
# DCB 15 ffffff0001b2de00 monitor
15 5855 ffffcccc0445a800
15 6090 ffffcccc01b2de00
15 9238 ffffcccc0445a800
15 2338948 ffff000100002f7d
15 2339162 ffffcccc01b2de00
15 2341826 ffffcccc0445a800
