# Start 371728183527 Duration 20000000 Stop 371748183527
# Core 0 LOG DUMP ==================================================
0 0 1234000000000001
# DCB 0 ffffff000713aa00 fish
# DCB 0 ffffff000445aa00 pixels
# DCB 0 ffffff000445a400 serial
# DCB 0 ffffff000445a200 pci
# DCB 0 ffffff000445a000 skb
# DCB 0 ffffff0001b2c000 chips
# DCB 0 ffffff0001e06000 mem_serv
# DCB 0 ffffff0001e06200 monitor
0 7506 ffffcccc0713aa00
0 1509309 ea0000776f80386a
0 1509848 ea00007775803603
0 1510950 bbbb
0 1519612 bfbf000700000000
0 1520753 bfbf000800000000
0 1521149 ffffcccc01e06200
0 1524378 b000000700000000
0 1526039 b000000700000000
0 1531943 bbbb
0 1566748 b000bbbb00000014
0 2016055 aaaa
0 2016449 b000000800000000
0 2017053 ffffcccc0713aa00
0 2019194 aaaa
0 2019845 eb00007775003603
0 2020691 eb0000776f00386a
0 2021151 ea0000776f80386b
0 2021583 ea00007773803142
0 2022004 ea00007775803604
0 2022552 ea000077778033c5
0 2024890 bbbb
0 2033789 bfbf000700000000
0 2034925 bfbf000800000000
0 2035320 ffffcccc01e06200
0 2043759 b000000700000000
0 2044596 b000000700000000
0 2047626 bbbb
0 2082900 b000bbbb00000014
0 2529002 aaaa
0 2529396 b000000800000000
0 2530575 ffffcccc0713aa00
0 2533842 aaaa
0 2534505 eb000077770033c5
0 2535137 eb00007775003604
0 2536713 eb00007773003142
0 2537724 eb0000776f00386b
0 2538524 ea0000776f80386c
0 2539349 ea00007773803143
0 2539764 ea000077778033c6
0 2541006 bbbb
0 2549823 bfbf000700000000
0 2550963 bfbf000800000000
0 2551632 ffffcccc01e06200
0 2554520 b000000700000000
0 2555706 b000000700000000
0 2562040 bbbb
0 2597538 b000bbbb00000014
0 3045774 aaaa
0 3046175 b000000800000000
0 3047148 ffffcccc0713aa00
0 3050871 aaaa
0 3051498 eb000077770033c6
0 3052409 eb00007773003143
0 3053105 eb0000776f00386c
0 3053918 ea0000776f80386d
0 3054826 ea00007773803144
0 3055361 ea000077778033c7
0 3056619 bbbb
0 3065568 bfbf000700000000
0 3066698 bfbf000800000000
0 3067082 ffffcccc01e06200
0 3070083 b000000700000000
0 3071372 b000000700000000
0 3077544 bbbb
0 3113013 b000bbbb00000014
0 3561613 aaaa
0 3562050 b000000800000000
0 3563160 ffffcccc0713aa00
0 3566249 aaaa
0 3566885 eb000077770033c7
0 3568223 eb00007773003144
0 3568878 eb0000776f00386d
0 3569650 ea0000776f80386e
0 3570467 ea000077718024d5
0 3571229 ea00007773803145
0 3571896 ea000077778033c8
0 3573269 bbbb
0 3582177 bfbf000700000000
0 3583332 bfbf000800000000
0 3583715 ffffcccc01e06200
0 3586640 b000000700000000
0 3587877 b000000700000000
0 3594467 bbbb
0 3629446 b000bbbb00000014
0 4076211 aaaa
0 4076612 b000000800000000
0 4077489 ffffcccc0713aa00
0 4080834 aaaa
0 4081474 eb000077770033c8
0 4082345 eb00007773003145
0 4083113 eb000077710024d5
0 4083640 eb0000776f00386e
0 4084943 ea000077718024d6
0 4086132 ea000077778033c9
0 4087061 bbbb
0 4096258 bfbf000700000000
0 4097385 bfbf000800000000
0 4097769 ffffcccc01e06200
0 4100902 b000000700000000
0 4102127 b000000700000000
0 4108313 bbbb
0 4143898 b000bbbb00000014
0 4592477 aaaa
0 4592831 b000000800000000
0 4593794 ffffcccc0713aa00
0 4596914 aaaa
0 4597570 eb000077770033c9
0 4598720 eb000077710024d6
0 5600244 ea0000776f80386f
0 5601054 ea000077718024d7
0 5601481 ea00007773803146
0 5602204 ea00007775803605
0 5603606 ea000077778033ca
0 5604175 ea000077798014ae
0 5605770 bbbb
0 5614678 bfbf000700000000
0 5615810 bfbf000800000000
0 5616194 ffffcccc01e06200
0 5619458 b000000700000000
0 5620707 b000000700000000
0 5627006 bbbb
0 5662038 b000bbbb00000014
0 6107608 aaaa
0 6108021 b000000800000000
0 6108994 ffffcccc0713aa00
0 6111167 aaaa
0 6111880 eb0000776f00386f
0 6114329 eb000077790014ae
0 6114913 eb000077770033ca
0 6115674 eb00007775003605
0 6116682 eb00007773003146
0 6117459 eb000077710024d7
0 6118202 ea0000776f803870
0 6119362 ea000077718024d8
0 6119821 ea00007773803147
0 6120737 ea00007775803606
0 6121313 ea000077778033cb
0 6122469 ea000077798014af
0 6123868 bbbb
0 6133307 bfbf000700000000
0 6134457 bfbf000800000000
0 6134841 ffffcccc01e06200
0 6138051 b000000700000000
0 6139682 b000000700000000
0 6145561 bbbb
0 6180740 b000bbbb00000014
0 6625542 aaaa
0 6625933 b000000800000000
0 6626905 ffffcccc0713aa00
0 6629275 aaaa
0 6629976 eb0000776f003870
0 6632380 eb000077790014af
0 6632961 eb000077770033cb
0 6633261 eb00007775003606
0 6634424 eb00007773003147
0 6635322 eb000077710024d8
0 6636384 ea00007775803607
0 6637460 bbbb
0 6646199 bfbf000700000000
0 6647347 bfbf000800000000
0 6647733 ffffcccc01e06200
0 6650580 b000000700000000
0 6652292 b000000700000000
0 6658191 bbbb
0 6693075 b000bbbb00000014
0 7143200 aaaa
0 7143620 b000000800000000
0 7144211 ffffcccc0713aa00
0 7147767 aaaa
0 7148381 eb00007775003607
0 7149459 ea00007775803608
0 7150551 bbbb
0 7159255 bfbf000700000000
0 7160391 bfbf000800000000
0 7161032 ffffcccc01e06200
0 7169784 b000000700000000
0 7170652 b000000700000000
0 7173235 bbbb
0 7656090 aaaa
0 7656479 b000000800000000
0 7657074 ffffcccc0713aa00
0 7660447 aaaa
0 7661070 eb00007775003608
0 7661909 ea0000776f803871
0 7662437 ea000077718024d9
0 7662828 ea00007773803148
0 7663262 ea00007775803609
0 7664328 bbbb
0 7673342 bfbf000700000000
0 7674489 bfbf000800000000
0 7675110 ffffcccc01e06200
0 7683895 b000000700000000
0 7684810 b000000700000000
0 7687297 bbbb
0 8169941 aaaa
0 8170328 b000000800000000
0 8171220 ffffcccc0713aa00
0 8173970 aaaa
0 8174584 eb00007773003148
0 8175241 eb000077710024d9
0 8176035 eb0000776f003871
0 8178546 eb00007775003609
0 8179247 ea0000776f803872
0 8179649 ea000077718024da
0 8180046 ea00007773803149
0 8181266 bbbb
0 8190051 bfbf000700000000
0 8191188 bfbf000800000000
0 8191564 ffffcccc01e06200
0 8194559 b000000700000000
0 8195722 b000000700000000
0 8201908 bbbb
0 8237036 b000bbbb00000014
0 8686016 aaaa
0 8686428 b000000800000000
0 8687585 ffffcccc0713aa00
0 8689770 aaaa
0 8690389 eb00007773003149
0 8691300 eb000077710024da
0 8691955 eb0000776f003872
0 13694603 ea0000776d800147
0 13695383 ea0000776f803873
0 13696070 ea000077718024db
0 13696589 ea0000777380314a
0 13697178 ea0000777580360a
0 13698136 ea000077778033cc
0 13700199 bbbb
0 13709377 bfbf000700000000
0 13710511 bfbf000800000000
0 13710895 ffffcccc01e06200
0 13714058 b000000700000000
0 13715280 b000000700000000
0 13721454 bbbb
0 13756204 b000bbbb00000014
0 14201434 aaaa
0 14201802 b000000800000000
0 14203197 ffffcccc0713aa00
0 14205803 aaaa
0 14206443 eb0000776d000147
0 14208668 eb000077770033cc
0 14209178 eb0000777500360a
0 14209763 eb0000777300314a
0 14211296 eb000077710024db
0 14212096 eb0000776f003873
0 14213168 ea0000776d800148
0 14214156 ea0000776f803874
0 14214636 ea000077718024dc
0 14215480 ea0000777380314b
0 14216328 ea0000777580360b
0 14217257 ea000077778033cd
0 14218302 bbbb
0 14227427 bfbf000700000000
0 14228567 bfbf000800000000
0 14228949 ffffcccc01e06200
0 14232047 b000000700000000
0 14233690 b000000700000000
0 14239548 bbbb
0 14275220 b000bbbb00000014
0 14721117 aaaa
0 14721498 b000000800000000
0 14722435 ffffcccc0713aa00
0 14724918 aaaa
0 14725878 eb0000776d000148
0 14728058 eb000077770033cd
0 14728888 eb0000777500360b
0 14730167 eb0000777300314b
0 14731117 eb000077710024dc
0 14731679 eb0000776f003874
0 14732453 ea000077718024dd
0 14733331 ea000077778033ce
0 14734150 bbbb
0 14743157 bfbf000700000000
0 14744262 bfbf000800000000
0 14744651 ffffcccc01e06200
0 14747748 b000000700000000
0 14749403 b000000700000000
0 14755325 bbbb
0 14790143 b000bbbb00000014
0 15239177 aaaa
0 15239558 b000000800000000
0 15240737 ffffcccc0713aa00
0 15243791 aaaa
0 15244765 eb000077770033ce
0 15245694 eb000077710024dd
0 15246473 ea000077718024de
0 15247002 ea000077778033cf
0 15247860 bbbb
0 15256334 bfbf000700000000
0 15257478 bfbf000800000000
0 15257862 ffffcccc01e06200
0 15261183 b000000700000000
0 15262407 b000000700000000
0 15268460 bbbb
0 15302935 b000bbbb00000014
0 15752881 aaaa
0 15753254 b000000800000000
0 15754498 ffffcccc0713aa00
0 15757542 aaaa
0 15758520 eb000077770033cf
0 15759543 eb000077710024de
0 15760280 ea000077718024df
0 15761529 ea0000777380314c
0 15761967 ea0000777580360c
0 15762434 ea000077778033d0
0 15764042 bbbb
0 15772813 bfbf000700000000
0 15773963 bfbf000800000000
0 15774345 ffffcccc01e06200
0 15777169 b000000700000000
0 15778460 b000000700000000
0 15784955 bbbb
0 15820205 b000bbbb00000014
0 16267553 aaaa
0 16267951 b000000800000000
0 16269598 ffffcccc0713aa00
0 16273072 aaaa
0 16273749 eb000077770033d0
0 16274439 eb0000777500360c
0 16275251 eb0000777300314c
0 16276399 eb000077710024df
0 16277202 ea0000777380314d
0 16277788 ea0000777580360d
0 16278721 bbbb
0 16287942 bfbf000700000000
0 16289091 bfbf000800000000
0 16289453 ffffcccc01e06200
0 16292491 b000000700000000
0 16293782 b000000700000000
0 16299906 bbbb
0 16334849 b000bbbb00000014
0 16783925 aaaa
0 16784312 b000000800000000
0 16784899 ffffcccc0713aa00
0 16788092 aaaa
0 16789016 eb0000777500360d
0 16789868 eb0000777300314d
0 17791021 ea000077718024e0
0 17791758 ea0000777380314e
0 17792207 ea0000777580360e
0 17793045 bbbb
0 17802102 bfbf000700000000
0 17803243 bfbf000800000000
0 17803865 ffffcccc01e06200
0 17806928 b000000700000000
0 17808098 b000000700000000
0 17814389 bbbb
0 17850157 b000bbbb00000014
0 18298954 aaaa
0 18299349 b000000800000000
0 18299966 ffffcccc0713aa00
0 18302036 aaaa
0 18302682 eb000077710024e0
0 18304901 eb0000777500360e
0 18305552 eb0000777300314e
0 18306835 ea0000776f803875
0 18307680 ea000077718024e1
0 18308093 ea0000777380314f
0 18308483 ea0000777580360f
0 18309864 ea000077778033d1
0 18311052 bbbb
0 18320135 bfbf000700000000
0 18321246 bfbf000800000000
0 18321869 ffffcccc01e06200
0 18324750 b000000700000000
0 18326423 b000000700000000
0 18332201 bbbb
0 18367688 b000bbbb00000014
0 18813954 aaaa
0 18814484 b000000800000000
0 18815884 ffffcccc0713aa00
0 18818560 aaaa
0 18819199 eb000077710024e1
0 18819871 eb0000776f003875
0 18821591 eb000077770033d1
0 18822125 eb0000777500360f
0 18822582 eb0000777300314f
0 18823610 ea0000776f803876
0 18824680 ea000077778033d2
0 18825874 bbbb
0 18834983 bfbf000700000000
0 18836119 bfbf000800000000
0 18836503 ffffcccc01e06200
0 18845298 b000000700000000
0 18846743 b000000700000000
0 18849152 bbbb
0 18885672 b000bbbb00000014
0 19332114 aaaa
0 19332480 b000000800000000
0 19333641 ffffcccc0713aa00
0 19335834 aaaa
0 19336543 eb0000776f003876
0 19338626 eb000077770033d2
0 19339333 ea0000776f803877
0 19339722 ea000077778033d3
0 19340636 bbbb
0 19349478 bfbf000700000000
0 19350600 bfbf000800000000
0 19350982 ffffcccc01e06200
0 19354100 b000000700000000
0 19355281 b000000700000000
0 19361419 bbbb
0 19397655 b000bbbb00000014
0 19524708 ffff0001000031b1
0 19845813 aaaa
0 19846206 b000000800000000
0 19846863 ffffcccc0713aa00
0 19849254 aaaa
0 19849931 eb0000776f003877
0 19851966 eb000077770033d3
0 19852656 ea0000776f803878
0 19853224 ea000077718024e2
0 19853729 ea00007773803150
0 19854552 ea00007775803610
0 19855936 ea000077778033d4
0 19857168 bbbb
0 19866108 bfbf000700000000
0 19867221 bfbf000800000000
0 19867605 ffffcccc01e06200
0 19870711 b000000700000000
0 19872443 b000000700000000
0 19878224 bbbb
0 19915353 b000bbbb00000014
# Core 1 LOG DUMP ==================================================
# DCB 1 ffffff000445ac00 pixels
# DCB 1 ffffff0001b2c200 monitor
1 3047 ffffcccc01b2c200
1 472260 ffff00010000318b
# Core 2 LOG DUMP ==================================================
# DCB 2 ffffff000445ae00 pixels
# DCB 2 ffffff0001b2c400 monitor
2 2926 ffffcccc01b2c400
2 13695939 aaaa
2 13696397 b000000800000000
2 13697099 ffffcccc0445ae00
2 13699115 aaaa
2 13699627 eb0000776d800147
2 14200340 ea0000776d000147
2 14200810 bbbb
2 14201561 bfbf000700000000
2 14202999 bfbf000800000000
2 14204142 ffffcccc01b2c400
2 14208116 b000000700000000
2 14209364 bbbb
2 14214534 aaaa
2 14215028 b000000800000000
2 14215897 ffffcccc0445ae00
2 14217820 aaaa
2 14218574 eb0000776d800148
2 14719811 ea0000776d000148
2 14720295 bbbb
2 14721003 bfbf000700000000
2 14722196 bfbf000800000000
2 14724252 ffffcccc01b2c400
2 14727940 b000000700000000
2 14729135 bbbb
2 18530447 ffff000100003163
# Core 3 LOG DUMP ==================================================
3 311 bbbb
# DCB 3 ffffff0006a5c000 pixels
# DCB 3 ffffff0001b2c600 monitor
3 2312 ffffcccc01b2c600
3 1510552 aaaa
3 1510828 b000000800000000
3 1511435 ffffcccc06a5c000
3 1513451 aaaa
3 1514142 eb0000776f80386a
3 2014623 ea0000776f00386a
3 2015101 bbbb
3 2015864 bfbf000700000000
3 2017362 bfbf000800000000
3 2017866 ffffcccc01b2c600
3 2021556 b000000700000000
3 2022654 b000000800000000
3 2024245 ffffcccc06a5c000
3 2026067 aaaa
3 2026631 eb0000776f80386b
3 2527103 ea0000776f00386b
3 2527783 bbbb
3 2528501 bfbf000700000000
3 2529640 bfbf000800000000
3 2530465 ffffcccc01b2c600
3 2534748 b000000700000000
3 2535901 bbbb
3 2539722 aaaa
3 2539954 b000000800000000
3 2540878 ffffcccc06a5c000
3 2542616 aaaa
3 2543171 eb0000776f80386c
3 3043681 ea0000776f00386c
3 3044201 bbbb
3 3044918 bfbf000700000000
3 3046061 bfbf000800000000
3 3046622 ffffcccc01b2c600
3 3050606 b000000700000000
3 3051929 bbbb
3 3055186 aaaa
3 3055419 b000000800000000
3 3056349 ffffcccc06a5c000
3 3058085 aaaa
3 3058637 eb0000776f80386d
3 3559107 ea0000776f00386d
3 3559623 bbbb
3 3560342 bfbf000700000000
3 3561482 bfbf000800000000
3 3561921 ffffcccc01b2c600
3 3565740 b000000700000000
3 3567155 bbbb
3 3570845 aaaa
3 3571028 b000000800000000
3 3571905 ffffcccc06a5c000
3 3573756 aaaa
3 3574621 eb0000776f80386e
3 4075104 ea0000776f00386e
3 4075623 bbbb
3 4076342 bfbf000700000000
3 4077714 bfbf000800000000
3 4078368 ffffcccc01b2c600
3 4082255 b000000700000000
3 4083609 bbbb
3 5601449 aaaa
3 5601687 b000000800000000
3 5602546 ffffcccc06a5c000
3 5604596 aaaa
3 5605578 eb0000776f80386f
3 6106035 ea0000776f00386f
3 6106544 bbbb
3 6107275 bfbf000700000000
3 6108406 bfbf000800000000
3 6109093 ffffcccc01b2c600
3 6113662 b000000700000000
3 6114988 bbbb
3 6119715 aaaa
3 6119918 b000000800000000
3 6120876 ffffcccc06a5c000
3 6123023 aaaa
3 6123644 eb0000776f803870
3 6624156 ea0000776f003870
3 6624666 bbbb
3 6625386 bfbf000700000000
3 6626580 bfbf000800000000
3 6627238 ffffcccc01b2c600
3 6631746 b000000700000000
3 6633126 bbbb
3 7662938 aaaa
3 7663338 b000000800000000
3 7664464 ffffcccc06a5c000
3 7666192 aaaa
3 7666750 eb0000776f803871
3 8167237 ea0000776f003871
3 8168081 bbbb
3 8168819 bfbf000700000000
3 8169959 bfbf000800000000
3 8170667 ffffcccc01b2c600
3 8174613 b000000700000000
3 8175939 bbbb
3 8179998 aaaa
3 8180186 b000000800000000
3 8181106 ffffcccc06a5c000
3 8182860 aaaa
3 8183403 eb0000776f803872
3 8683886 ea0000776f003872
3 8684397 bbbb
3 8685116 bfbf000700000000
3 8686299 bfbf000800000000
3 8687028 ffffcccc01b2c600
3 8691040 b000000700000000
3 8692381 bbbb
3 13696646 aaaa
3 13697156 b000000800000000
3 13698015 ffffcccc06a5c000
3 13700012 aaaa
3 13700556 eb0000776f803873
3 14201200 ea0000776f003873
3 14202219 bbbb
3 14202971 bfbf000700000000
3 14204320 bfbf000800000000
3 14205620 ffffcccc01b2c600
3 14209448 b000000700000000
3 14211089 bbbb
3 14214988 aaaa
3 14215187 b000000800000000
3 14216060 ffffcccc06a5c000
3 14218238 aaaa
3 14219037 eb0000776f803874
3 14257141 ffff00010000313b
3 14719559 ea0000776f003874
3 14720186 bbbb
3 14720945 bfbf000700000000
3 14722182 bfbf000800000000
3 14722920 ffffcccc01b2c600
3 14727462 b000000700000000
3 14728829 bbbb
3 18308106 aaaa
3 18308477 b000000800000000
3 18309360 ffffcccc06a5c000
3 18311542 aaaa
3 18312222 eb0000776f803875
3 18812949 ea0000776f003875
3 18813459 bbbb
3 18814194 bfbf000700000000
3 18815595 bfbf000800000000
3 18816477 ffffcccc01b2c600
3 18820017 b000000700000000
3 18821349 bbbb
3 18825105 aaaa
3 18825468 b000000800000000
3 18826118 ffffcccc06a5c000
3 18828245 aaaa
3 18828639 eb0000776f803876
3 19329377 ea0000776f003876
3 19330199 bbbb
3 19330917 bfbf000700000000
3 19332098 bfbf000800000000
3 19333065 ffffcccc01b2c600
3 19336879 b000000700000000
3 19338257 bbbb
3 19340081 aaaa
3 19340443 b000000800000000
3 19341083 ffffcccc06a5c000
3 19343216 aaaa
3 19343611 eb0000776f803877
3 19844322 ea0000776f003877
3 19844826 bbbb
3 19845549 bfbf000700000000
3 19846673 bfbf000800000000
3 19847631 ffffcccc01b2c600
3 19851155 b000000700000000
3 19852479 bbbb
3 19853600 aaaa
3 19854244 b000000800000000
3 19854918 ffffcccc06a5c000
3 19856915 aaaa
3 19857466 eb0000776f803878
3 20358396 ea0000776f003878
# Core 4 LOG DUMP ==================================================
# DCB 4 ffffff0006a5c200 pixels
# DCB 4 ffffff0001b2c800 monitor
4 3908 ffffcccc01b2c800
4 3571992 aaaa
4 3572913 b000000800000000
4 3573524 ffffcccc06a5c200
4 3576015 aaaa
4 3576427 eb000077718024d5
4 4077117 ea000077710024d5
4 4077611 bbbb
4 4078369 bfbf000700000000
4 4079903 bfbf000800000000
4 4080537 ffffcccc01b2c800
4 4084169 b000000700000000
4 4085630 bbbb
4 4086668 aaaa
4 4087253 b000000800000000
4 4087949 ffffcccc06a5c200
4 4089968 aaaa
4 4090346 eb000077718024d6
4 4591098 ea000077710024d6
4 4591575 bbbb
4 4592294 bfbf000700000000
4 4593500 bfbf000800000000
4 4594829 ffffcccc01b2c800
4 4598512 b000000700000000
4 4599874 bbbb
4 5602415 aaaa
4 5603039 b000000800000000
4 5604057 ffffcccc06a5c200
4 5606205 aaaa
4 5607406 eb000077718024d7
4 6108197 ea000077710024d7
4 6108958 bbbb
4 6109687 bfbf000700000000
4 6111387 bfbf000800000000
4 6112089 ffffcccc01b2c800
4 6116135 b000000700000000
4 6117564 bbbb
4 6120203 aaaa
4 6120893 b000000800000000
4 6122071 ffffcccc06a5c200
4 6124454 aaaa
4 6125052 eb000077718024d8
4 6625830 ea000077710024d8
4 6626429 bbbb
4 6627426 bfbf000700000000
4 6628805 bfbf000800000000
4 6629499 ffffcccc01b2c800
4 6633385 b000000700000000
4 6635096 bbbb
4 7663385 aaaa
4 7663878 b000000800000000
4 7664543 ffffcccc06a5c200
4 7666830 aaaa
4 7667253 eb000077718024d9
4 8167980 ea000077710024d9
4 8168783 bbbb
4 8169515 bfbf000700000000
4 8170652 bfbf000800000000
4 8171622 ffffcccc01b2c800
4 8175219 b000000700000000
4 8176871 bbbb
4 8180426 aaaa
4 8181216 b000000800000000
4 8181867 ffffcccc06a5c200
4 8183876 aaaa
4 8184275 eb000077718024da
4 8685017 ea000077710024da
4 8685579 bbbb
4 8686302 bfbf000700000000
4 8687640 bfbf000800000000
4 8688312 ffffcccc01b2c800
4 8691912 b000000700000000
4 8693285 bbbb
4 10285785 ffff000100003113
4 13697208 aaaa
4 13697937 b000000800000000
4 13698563 ffffcccc06a5c200
4 13700526 aaaa
4 13701312 eb000077718024db
4 14201846 ea000077710024db
4 14202709 bbbb
4 14203745 bfbf000700000000
4 14206002 bfbf000800000000
4 14206689 ffffcccc01b2c800
4 14210479 b000000700000000
4 14211970 bbbb
4 14215871 aaaa
4 14216346 b000000800000000
4 14217026 ffffcccc06a5c200
4 14219011 aaaa
4 14220039 eb000077718024dc
4 14720560 ea000077710024dc
4 14721152 bbbb
4 14721878 bfbf000700000000
4 14723483 bfbf000800000000
4 14724759 ffffcccc01b2c800
4 14728403 b000000700000000
4 14730001 bbbb
4 14733731 aaaa
4 14734035 b000000800000000
4 14734700 ffffcccc06a5c200
4 14736844 aaaa
4 14737424 eb000077718024dd
4 15237921 ea000077710024dd
4 15238503 bbbb
4 15239223 bfbf000700000000
4 15240926 bfbf000800000000
4 15241662 ffffcccc01b2c800
4 15245153 b000000700000000
4 15246565 bbbb
4 15247926 aaaa
4 15248193 b000000800000000
4 15248847 ffffcccc06a5c200
4 15250596 aaaa
4 15251176 eb000077718024de
4 15751670 ea000077710024de
4 15752240 bbbb
4 15752958 bfbf000700000000
4 15754701 bfbf000800000000
4 15755369 ffffcccc01b2c800
4 15758934 b000000700000000
4 15760402 bbbb
4 15761927 aaaa
4 15762213 b000000800000000
4 15762900 ffffcccc06a5c200
4 15765078 aaaa
4 15765705 eb000077718024df
4 16266184 ea000077710024df
4 16266770 bbbb
4 16267494 bfbf000700000000
4 16269560 bfbf000800000000
4 16270431 ffffcccc01b2c800
4 16273970 b000000700000000
4 16275333 bbbb
4 17792301 aaaa
4 17792633 b000000800000000
4 17793233 ffffcccc06a5c200
4 17795557 aaaa
4 17796164 eb000077718024e0
4 18296642 ea000077710024e0
4 18297215 bbbb
4 18297946 bfbf000700000000
4 18299409 bfbf000800000000
4 18300023 ffffcccc01b2c800
4 18303710 b000000700000000
4 18305054 bbbb
4 18308589 aaaa
4 18309202 b000000800000000
4 18310592 ffffcccc06a5c200
4 18312765 aaaa
4 18313398 eb000077718024e1
4 18813888 ea000077710024e1
4 18814485 bbbb
4 18815715 bfbf000700000000
4 18817781 bfbf000800000000
4 18818412 ffffcccc01b2c800
4 18821968 b000000700000000
4 18823466 bbbb
4 19854180 aaaa
4 19854560 b000000800000000
4 19855476 ffffcccc06a5c200
4 19857672 aaaa
4 19858655 eb000077718024e2
# Core 5 LOG DUMP ==================================================
5 676 bbbb
# DCB 5 ffffff0006a5c400 pixels
# DCB 5 ffffff0001b2ca00 monitor
5 2312 ffffcccc01b2ca00
5 2022649 aaaa
5 2023278 b000000800000000
5 2023868 ffffcccc06a5c400
5 2025632 aaaa
5 2026476 eb00007773803142
5 2527009 ea00007773003142
5 2527485 bbbb
5 2528220 bfbf000700000000
5 2529729 bfbf000800000000
5 2530698 ffffcccc01b2ca00
5 2535031 b000000700000000
5 2536413 bbbb
5 2540207 aaaa
5 2540675 b000000800000000
5 2541327 ffffcccc06a5c400
5 2543455 aaaa
5 2544075 eb00007773803143
5 3044554 ea00007773003143
5 3045031 bbbb
5 3045729 bfbf000700000000
5 3047114 bfbf000800000000
5 3047883 ffffcccc01b2ca00
5 3051497 b000000700000000
5 3052803 bbbb
5 3055617 aaaa
5 3056141 b000000800000000
5 3056821 ffffcccc06a5c400
5 3058983 aaaa
5 3059559 eb00007773803144
5 3560051 ea00007773003144
5 3560562 bbbb
5 3561262 bfbf000700000000
5 3562725 bfbf000800000000
5 3563298 ffffcccc01b2ca00
5 3567112 b000000700000000
5 3568574 bbbb
5 3572370 aaaa
5 3572804 b000000800000000
5 3573485 ffffcccc06a5c400
5 3575682 aaaa
5 3576258 eb00007773803145
5 4076778 ea00007773003145
5 4077322 bbbb
5 4078022 bfbf000700000000
5 4079619 bfbf000800000000
5 4079986 ffffcccc01b2ca00
5 4083446 b000000700000000
5 4085004 bbbb
5 5602568 aaaa
5 5603436 b000000800000000
5 5604033 ffffcccc06a5c400
5 5605911 aaaa
5 5606930 eb00007773803146
5 6107416 ea00007773003146
5 6107927 bbbb
5 6108792 bfbf000700000000
5 6110245 bfbf000800000000
5 6110811 ffffcccc01b2ca00
5 6114456 b000000700000000
5 6116085 bbbb
5 6121122 aaaa
5 6121798 b000000800000000
5 6123029 ffffcccc06a5c400
5 6125031 aaaa
5 6125783 eb00007773803147
5 6626286 ea00007773003147
5 6626791 bbbb
5 6627497 bfbf000700000000
5 6628987 bfbf000800000000
5 6629375 ffffcccc01b2ca00
5 6632888 b000000700000000
5 6634263 bbbb
5 6681859 ffff0001000030ec
5 7663804 aaaa
5 7664337 b000000800000000
5 7664930 ffffcccc06a5c400
5 7667084 aaaa
5 7667469 eb00007773803148
5 8167961 ea00007773003148
5 8168480 bbbb
5 8169454 bfbf000700000000
5 8170683 bfbf000800000000
5 8171379 ffffcccc01b2ca00
5 8174986 b000000700000000
5 8176346 bbbb
5 8181321 aaaa
5 8181781 b000000800000000
5 8182423 ffffcccc06a5c400
5 8184427 aaaa
5 8184817 eb00007773803149
5 8685333 ea00007773003149
5 8685861 bbbb
5 8686788 bfbf000700000000
5 8688275 bfbf000800000000
5 8688836 ffffcccc01b2ca00
5 8692307 b000000700000000
5 8694012 bbbb
5 13697577 aaaa
5 13698108 b000000800000000
5 13698735 ffffcccc06a5c400
5 13700762 aaaa
5 13701797 eb0000777380314a
5 14202290 ea0000777300314a
5 14202986 bbbb
5 14203941 bfbf000700000000
5 14205333 bfbf000800000000
5 14205701 ffffcccc01b2ca00
5 14209305 b000000700000000
5 14210756 bbbb
5 14216738 aaaa
5 14217046 b000000800000000
5 14217706 ffffcccc06a5c400
5 14219710 aaaa
5 14220343 eb0000777380314b
5 14720812 ea0000777300314b
5 14721332 bbbb
5 14722488 bfbf000700000000
5 14724432 bfbf000800000000
5 14724800 ffffcccc01b2ca00
5 14728295 b000000700000000
5 14729706 bbbb
5 15762573 aaaa
5 15762912 b000000800000000
5 15764015 ffffcccc06a5c400
5 15766388 aaaa
5 15766773 eb0000777380314c
5 16267284 ea0000777300314c
5 16267799 bbbb
5 16269173 bfbf000700000000
5 16270794 bfbf000800000000
5 16271402 ffffcccc01b2ca00
5 16275029 b000000700000000
5 16276654 bbbb
5 16278099 aaaa
5 16278381 b000000800000000
5 16279059 ffffcccc06a5c400
5 16281327 aaaa
5 16281712 eb0000777380314d
5 16782230 ea0000777300314d
5 16782746 bbbb
5 16783668 bfbf000700000000
5 16784798 bfbf000800000000
5 16785372 ffffcccc01b2ca00
5 16788924 b000000700000000
5 16790380 bbbb
5 17793108 aaaa
5 17793549 b000000800000000
5 17794148 ffffcccc06a5c400
5 17796112 aaaa
5 17796497 eb0000777380314e
5 18296967 ea0000777300314e
5 18297485 bbbb
5 18298422 bfbf000700000000
5 18299603 bfbf000800000000
5 18300277 ffffcccc01b2ca00
5 18304246 b000000700000000
5 18305568 bbbb
5 18308979 aaaa
5 18309654 b000000800000000
5 18310326 ffffcccc06a5c400
5 18312444 aaaa
5 18313065 eb0000777380314f
5 18813591 ea0000777300314f
5 18814109 bbbb
5 18815037 bfbf000700000000
5 18816822 bfbf000800000000
5 18817680 ffffcccc01b2ca00
5 18821202 b000000700000000
5 18822644 bbbb
5 19855427 aaaa
5 19855730 b000000800000000
5 19856336 ffffcccc06a5c400
5 19858401 aaaa
5 19859034 eb00007773803150
# Core 6 LOG DUMP ==================================================
# DCB 6 ffffff0006a5c600 pixels
# DCB 6 ffffff0001b2cc00 monitor
6 3627 ffffcccc01b2cc00
6 1510980 aaaa
6 1511814 b000000800000000
6 1512401 ffffcccc06a5c600
6 1514196 aaaa
6 1514585 eb00007775803603
6 2015291 ea00007775003603
6 2015769 bbbb
6 2016532 bfbf000700000000
6 2017919 bfbf000800000000
6 2018826 ffffcccc01b2cc00
6 2022365 b000000700000000
6 2023604 b000000800000000
6 2024512 ffffcccc06a5c600
6 2026692 aaaa
6 2027307 eb00007775803604
6 2527784 ea00007775003604
6 2528254 bbbb
6 2529282 bfbf000700000000
6 2530605 bfbf000800000000
6 2531405 ffffcccc01b2cc00
6 2535038 b000000700000000
6 2536818 bbbb
6 3486122 ffff0001000030c3
6 5604130 aaaa
6 5605017 b000000800000000
6 5605855 ffffcccc06a5c600
6 5608127 aaaa
6 5608546 eb00007775803605
6 6109031 ea00007775003605
6 6110229 bbbb
6 6110987 bfbf000700000000
6 6112184 bfbf000800000000
6 6113187 ffffcccc01b2cc00
6 6116986 b000000700000000
6 6118297 bbbb
6 6121672 aaaa
6 6122266 b000000800000000
6 6123160 ffffcccc06a5c600
6 6125601 aaaa
6 6126269 eb00007775803606
6 6626781 ea00007775003606
6 6627593 bbbb
6 6629031 bfbf000700000000
6 6630210 bfbf000800000000
6 6631077 ffffcccc01b2cc00
6 6634911 b000000700000000
6 6636381 bbbb
6 6637610 aaaa
6 6637983 b000000800000000
6 6638930 ffffcccc06a5c600
6 6640651 aaaa
6 6641056 eb00007775803607
6 7141550 ea00007775003607
6 7142123 bbbb
6 7142850 bfbf000700000000
6 7144002 bfbf000800000000
6 7144622 ffffcccc01b2cc00
6 7148384 b000000700000000
6 7149731 bbbb
6 7150777 aaaa
6 7151060 b000000800000000
6 7151957 ffffcccc06a5c600
6 7153682 aaaa
6 7154081 eb00007775803608
6 7654586 ea00007775003608
6 7655173 bbbb
6 7655898 bfbf000700000000
6 7657084 bfbf000800000000
6 7657704 ffffcccc01b2cc00
6 7661502 b000000700000000
6 7662852 bbbb
6 7664177 aaaa
6 7664563 b000000800000000
6 7665519 ffffcccc06a5c600
6 7667295 aaaa
6 7667694 eb00007775803609
6 8168213 ea00007775003609
6 8169018 bbbb
6 8169741 bfbf000700000000
6 8170884 bfbf000800000000
6 8171871 ffffcccc01b2cc00
6 8175774 b000000700000000
6 8177219 bbbb
6 13698852 aaaa
6 13699329 b000000800000000
6 13700189 ffffcccc06a5c600
6 13701962 aaaa
6 13702597 eb0000777580360a
6 14203135 ea0000777500360a
6 14204152 bbbb
6 14205826 bfbf000700000000
6 14207010 bfbf000800000000
6 14207834 ffffcccc01b2cc00
6 14211696 b000000700000000
6 14213107 bbbb
6 14217752 aaaa
6 14218256 b000000800000000
6 14219156 ffffcccc06a5c600
6 14221356 aaaa
6 14221755 eb0000777580360b
6 14722225 ea0000777500360b
6 14722809 bbbb
6 14723524 bfbf000700000000
6 14725338 bfbf000800000000
6 14725959 ffffcccc01b2cc00
6 14729927 b000000700000000
6 14731463 bbbb
6 15763206 aaaa
6 15763947 b000000800000000
6 15764804 ffffcccc06a5c600
6 15766755 aaaa
6 15767154 eb0000777580360c
6 16267637 ea0000777500360c
6 16268402 bbbb
6 16269140 bfbf000700000000
6 16270551 bfbf000800000000
6 16271174 ffffcccc01b2cc00
6 16275038 b000000700000000
6 16276451 bbbb
6 16278715 aaaa
6 16278986 b000000800000000
6 16279949 ffffcccc06a5c600
6 16281693 aaaa
6 16282092 eb0000777580360d
6 16782600 ea0000777500360d
6 16783220 bbbb
6 16783946 bfbf000700000000
6 16785081 bfbf000800000000
6 16785695 ffffcccc01b2cc00
6 16789425 b000000700000000
6 16790734 bbbb
6 17793239 aaaa
6 17794088 b000000800000000
6 17794934 ffffcccc06a5c600
6 17796671 aaaa
6 17797069 eb0000777580360e
6 18297540 ea0000777500360e
6 18298116 bbbb
6 18298852 bfbf000700000000
6 18300030 bfbf000800000000
6 18300771 ffffcccc01b2cc00
6 18304604 b000000700000000
6 18305934 bbbb
6 18310254 aaaa
6 18310560 b000000800000000
6 18311459 ffffcccc06a5c600
6 18313595 aaaa
6 18313989 eb0000777580360f
6 18814462 ea0000777500360f
6 18815194 bbbb
6 18816589 bfbf000700000000
6 18817975 bfbf000800000000
6 18818448 ffffcccc01b2cc00
6 18822133 b000000700000000
6 18823854 bbbb
6 19856382 aaaa
6 19856846 b000000800000000
6 19857688 ffffcccc06a5c600
6 19860036 aaaa
6 19860453 eb00007775803610
# Core 7 LOG DUMP ==================================================
# DCB 7 ffffff0006a5c800 pixels
# DCB 7 ffffff0001b2ce00 monitor
7 2782 ffffcccc01b2ce00
7 974 bbbb
7 2024283 aaaa
7 2024593 b000000800000000
7 2025182 ffffcccc06a5c800
7 2027071 aaaa
7 2027709 eb000077778033c5
7 2528208 ea000077770033c5
7 2528687 bbbb
7 2529438 bfbf000700000000
7 2531136 bfbf000800000000
7 2532007 ffffcccc01b2ce00
7 2535549 b000000700000000
7 2537078 bbbb
7 2541034 aaaa
7 2541542 b000000800000000
7 2542223 ffffcccc06a5c800
7 2543997 aaaa
7 2544614 eb000077778033c6
7 3045080 ea000077770033c6
7 3045562 bbbb
7 3046268 bfbf000700000000
7 3048210 bfbf000800000000
7 3048769 ffffcccc01b2ce00
7 3052310 b000000700000000
7 3053726 bbbb
7 3056760 aaaa
7 3057168 b000000800000000
7 3057838 ffffcccc06a5c800
7 3059564 aaaa
7 3060144 eb000077778033c7
7 3560654 ea000077770033c7
7 3561176 bbbb
7 3561886 bfbf000700000000
7 3563406 bfbf000800000000
7 3564127 ffffcccc01b2ce00
7 3567576 b000000700000000
7 3568907 bbbb
7 3573286 aaaa
7 3573774 b000000800000000
7 3574451 ffffcccc06a5c800
7 3576162 aaaa
7 3576740 eb000077778033c8
7 4077236 ea000077770033c8
7 4077798 bbbb
7 4079015 bfbf000700000000
7 4080459 bfbf000800000000
7 4080814 ffffcccc01b2ce00
7 4084320 b000000700000000
7 4085699 bbbb
7 4087014 aaaa
7 4087302 b000000800000000
7 4087955 ffffcccc06a5c800
7 4090122 aaaa
7 4090699 eb000077778033c9
7 4591208 ea000077770033c9
7 4591715 bbbb
7 4592421 bfbf000700000000
7 4594047 bfbf000800000000
7 4594608 ffffcccc01b2ce00
7 4598055 b000000700000000
7 4599466 bbbb
7 5604705 aaaa
7 5605229 b000000800000000
7 5605838 ffffcccc06a5c800
7 5607882 aaaa
7 5608459 eb000077778033ca
7 6108980 ea000077770033ca
7 6109783 bbbb
7 6110504 bfbf000700000000
7 6111939 bfbf000800000000
7 6112734 ffffcccc01b2ce00
7 6116335 b000000700000000
7 6117732 bbbb
7 6123490 aaaa
7 6124038 b000000800000000
7 6124645 ffffcccc06a5c800
7 6126843 aaaa
7 6127434 eb000077778033cb
7 6627913 ea000077770033cb
7 6629021 bbbb
7 6629748 bfbf000700000000
7 6631202 bfbf000800000000
7 6631784 ffffcccc01b2ce00
7 6635268 b000000700000000
7 6636926 bbbb
7 13699899 aaaa
7 13700187 b000000800000000
7 13700787 ffffcccc06a5c800
7 13703031 aaaa
7 13703613 eb000077778033cc
7 14204099 ea000077770033cc
7 14204856 bbbb
7 14205578 bfbf000700000000
7 14207040 bfbf000800000000
7 14207592 ffffcccc01b2ce00
7 14211165 b000000700000000
7 14212796 bbbb
7 14218736 aaaa
7 14219413 b000000800000000
7 14220019 ffffcccc06a5c800
7 14221753 aaaa
7 14222336 eb000077778033cd
7 14722796 ea000077770033cd
7 14723735 bbbb
7 14724455 bfbf000700000000
7 14725845 bfbf000800000000
7 14726562 ffffcccc01b2ce00
7 14730053 b000000700000000
7 14731866 bbbb
7 14734130 aaaa
7 14734413 b000000800000000
7 14735368 ffffcccc06a5c800
7 14737104 aaaa
7 14737681 eb000077778033ce
7 15238177 ea000077770033ce
7 15238700 bbbb
7 15239406 bfbf000700000000
7 15240853 bfbf000800000000
7 15241403 ffffcccc01b2ce00
7 15244935 b000000700000000
7 15246236 bbbb
7 15247915 aaaa
7 15248457 b000000800000000
7 15249113 ffffcccc06a5c800
7 15250834 aaaa
7 15251424 eb000077778033cf
7 15751927 ea000077770033cf
7 15752449 bbbb
7 15753162 bfbf000700000000
7 15754561 bfbf000800000000
7 15755109 ffffcccc01b2ce00
7 15758523 b000000700000000
7 15759923 bbbb
7 15764054 aaaa
7 15764542 b000000800000000
7 15765210 ffffcccc06a5c800
7 15766923 aaaa
7 15767497 eb000077778033d0
7 16268020 ea000077770033d0
7 16268920 bbbb
7 16269872 bfbf000700000000
7 16271493 bfbf000800000000
7 16271847 ffffcccc01b2ce00
7 16275384 b000000700000000
7 16277254 bbbb
7 18311311 aaaa
7 18311589 b000000800000000
7 18312188 ffffcccc06a5c800
7 18313937 aaaa
7 18314513 eb000077778033d1
7 18815000 ea000077770033d1
7 18815667 bbbb
7 18816388 bfbf000700000000
7 18818217 bfbf000800000000
7 18818582 ffffcccc01b2ce00
7 18822075 b000000700000000
7 18823514 bbbb
7 18825932 aaaa
7 18826380 b000000800000000
7 18827042 ffffcccc06a5c800
7 18828775 aaaa
7 18829159 eb000077778033d2
7 19329627 ea000077770033d2
7 19330139 bbbb
7 19330847 bfbf000700000000
7 19332277 bfbf000800000000
7 19332846 ffffcccc01b2ce00
7 19336385 b000000700000000
7 19337785 bbbb
7 19340606 aaaa
7 19340892 b000000800000000
7 19341838 ffffcccc06a5c800
7 19343553 aaaa
7 19344129 eb000077778033d3
7 19844634 ea000077770033d3
7 19845153 bbbb
7 19845862 bfbf000700000000
7 19847503 bfbf000800000000
7 19848067 ffffcccc01b2ce00
7 19851514 b000000700000000
7 19852821 bbbb
7 19857318 aaaa
7 19857754 b000000800000000
7 19858416 ffffcccc06a5c800
7 19860129 aaaa
7 19860705 eb000077778033d4
# Core 8 LOG DUMP ==================================================
# DCB 8 ffffff0006a5ca00 pixels
# DCB 8 ffffff0001b2d000 monitor
8 4332 ffffcccc01b2d000
8 5606123 aaaa
8 5607405 b000000800000000
8 5608155 ffffcccc06a5ca00
8 5609960 aaaa
8 5610349 eb000077798014ae
8 6111063 ea000077790014ae
8 6111546 bbbb
8 6112718 bfbf000700000000
8 6114344 bfbf000800000000
8 6115084 ffffcccc01b2d000
8 6119304 b000000700000000
8 6120497 bbbb
8 6123841 aaaa
8 6124536 b000000800000000
8 6125911 ffffcccc06a5ca00
8 6127730 aaaa
8 6128110 eb000077798014af
8 6628808 ea000077790014af
8 6629306 bbbb
8 6630012 bfbf000700000000
8 6631671 bfbf000800000000
8 6632400 ffffcccc01b2d000
8 6635904 b000000700000000
8 6637139 bbbb
8 18225456 ffff000100003071
# Core 9 LOG DUMP ==================================================
# DCB 9 ffffff0006a5cc00 pixels
# DCB 9 ffffff0001b2d200 monitor
9 3308 ffffcccc01b2d200
9 13514921 ffff000100003048
# Core 10 LOG DUMP ==================================================
# DCB 10 ffffff0006a5ce00 pixels
# DCB 10 ffffff0001b2d400 monitor
10 2927 ffffcccc01b2d400
10 9798867 ffff00010000301f
# Core 11 LOG DUMP ==================================================
# DCB 11 ffffff000713a000 pixels
# DCB 11 ffffff000445a600 e1000n
# DCB 11 ffffff0001b2d600 monitor
11 4590 ffffcccc0445a600
11 5067 ffffcccc01b2d600
11 8377 ffffcccc0445a600
11 7362894 ffff000100002ff7
11 7363245 ffffcccc01b2d600
11 7366096 ffffcccc0445a600
# Core 12 LOG DUMP ==================================================
# DCB 12 ffffff000713a200 pixels
# DCB 12 ffffff0001b2d800 monitor
12 4888 ffffcccc01b2d800
12 4785122 ffff000100002fce
# Core 13 LOG DUMP ==================================================
# DCB 13 ffffff000713a400 pixels
# DCB 13 ffffff0001b2da00 monitor
13 4290 ffffcccc01b2da00
13 2796203 ffff000100002fa5
# Core 14 LOG DUMP ==================================================
# DCB 14 ffffff000713a600 pixels
# DCB 14 ffffff0001b2dc00 monitor
14 6046 ffffcccc01b2dc00
14 522426 ffff000100002f7c
# Core 15 LOG DUMP ==================================================
# DCB 15 ffffff000713a800 pixels
# DCB 15 ffffff000445a800 bfscope
# DCB 15 ffffff0001b2de00 monitor
15 5112 ffffcccc0445a800
15 5572 ffffcccc01b2de00
15 8288 ffffcccc0445a800
15 16282742 ffff000100002f35
15 16283199 ffffcccc01b2de00
15 16285851 ffffcccc0445a800
