# Start 370409680035 Duration 20000000 Stop 370429680035
# Core 0 LOG DUMP ==================================================
0 0 1234000000000001
# DCB 0 ffffff000713aa00 fish
# DCB 0 ffffff000445aa00 pixels
# DCB 0 ffffff000445a400 serial
# DCB 0 ffffff000445a200 pci
# DCB 0 ffffff000445a000 skb
# DCB 0 ffffff0001b2c000 chips
# DCB 0 ffffff0001e06000 mem_serv
# DCB 0 ffffff0001e06200 monitor
0 8228 ffffcccc0713aa00
0 509713 ea000077718021fd
0 510760 bbbb
0 519355 bfbf000700000000
0 520511 bfbf000800000000
0 520929 ffffcccc01e06200
0 523702 b000000700000000
0 525222 b000000700000000
0 531519 bbbb
0 566316 b000bbbb00000014
0 1018185 aaaa
0 1018632 b000000800000000
0 1019493 ffffcccc0713aa00
0 1021748 aaaa
0 1022101 eb000077710021fd
0 1023224 ea0000776f80344b
0 1023753 ea000077718021fe
0 1024192 ea00007773802da4
0 1024976 ea00007777803065
0 1027755 bbbb
0 1036746 bfbf000700000000
0 1037894 bfbf000800000000
0 1038313 ffffcccc01e06200
0 1047202 b000000700000000
0 1048061 b000000700000000
0 1050677 bbbb
0 1531364 aaaa
0 1531789 b000000800000000
0 1533157 ffffcccc0713aa00
0 1535293 aaaa
0 1536003 eb0000776f00344b
0 1538445 eb00007777003065
0 1539080 eb00007773002da4
0 1540235 eb000077710021fe
0 1540933 ea0000776f80344c
0 1541747 ea00007773802da5
0 1542128 ea00007777803066
0 1543418 bbbb
0 1552339 bfbf000700000000
0 1553490 bfbf000800000000
0 1553897 ffffcccc01e06200
0 1556726 b000000700000000
0 1557896 b000000700000000
0 1564383 bbbb
0 1598842 b000bbbb00000014
0 2048090 aaaa
0 2048465 b000000800000000
0 2049849 ffffcccc0713aa00
0 2051985 aaaa
0 2052672 eb0000776f00344c
0 2054804 eb00007777003066
0 2055760 eb00007773002da5
0 2056506 ea0000776f80344d
0 2057473 ea00007773802da6
0 2057867 ea00007777803067
0 2059261 bbbb
0 2068187 bfbf000700000000
0 2069327 bfbf000800000000
0 2069712 ffffcccc01e06200
0 2072816 b000000700000000
0 2074070 b000000700000000
0 2080269 bbbb
0 2114736 b000bbbb00000014
0 2564988 aaaa
0 2565385 b000000800000000
0 2566598 ffffcccc0713aa00
0 2568783 aaaa
0 2569914 eb0000776f00344d
0 2572452 eb00007777003067
0 2573258 eb00007773002da6
0 2573737 ea0000776f80344e
0 2574389 ea000077718021ff
0 2574821 ea00007773802da7
0 2575698 ea000077758031d2
0 2577081 ea00007777803068
0 2578070 bbbb
0 2587181 bfbf000700000000
0 2588302 bfbf000800000000
0 2588686 ffffcccc01e06200
0 2592176 b000000700000000
0 2593737 b000000700000000
0 2599538 bbbb
0 2634299 b000bbbb00000014
0 3080602 aaaa
0 3080999 b000000800000000
0 3082147 ffffcccc0713aa00
0 3084404 aaaa
0 3085027 eb000077710021ff
0 3085946 eb0000776f00344e
0 3087811 eb00007777003068
0 3088456 eb000077750031d2
0 3089322 eb00007773002da7
0 3090059 ea0000776f80344f
0 3090606 ea00007771802200
0 3091014 ea00007773802da8
0 3091877 ea000077758031d3
0 3093262 bbbb
0 3102270 bfbf000700000000
0 3103398 bfbf000800000000
0 3104019 ffffcccc01e06200
0 3106826 b000000700000000
0 3108475 b000000700000000
0 3114333 bbbb
0 3149609 b000bbbb00000014
0 3597285 aaaa
0 3597651 b000000800000000
0 3598644 ffffcccc0713aa00
0 3601115 aaaa
0 3601701 eb00007771002200
0 3602804 eb0000776f00344f
0 3604511 eb000077750031d3
0 3605065 eb00007773002da8
0 4606008 ea0000776f803450
0 4606848 ea00007771802201
0 4607260 ea00007773802da9
0 4607688 ea000077758031d4
0 4609100 ea00007777803069
0 4610312 bbbb
0 4619590 bfbf000700000000
0 4620711 bfbf000800000000
0 4621095 ffffcccc01e06200
0 4629632 b000000700000000
0 4630946 b000000700000000
0 4633441 bbbb
0 4669399 b000bbbb00000014
0 5115040 aaaa
0 5115418 b000000800000000
0 5116813 ffffcccc0713aa00
0 5119146 aaaa
0 5119734 eb00007771002201
0 5121018 eb0000776f003450
0 5123468 eb00007777003069
0 5123970 eb000077750031d4
0 5124596 eb00007773002da9
0 5125123 ea0000776f803451
0 5125568 ea00007771802202
0 5125955 ea00007773802daa
0 5126943 ea000077758031d5
0 5128119 ea0000777780306a
0 5129054 bbbb
0 5138139 bfbf000700000000
0 5139262 bfbf000800000000
0 5139646 ffffcccc01e06200
0 5142697 b000000700000000
0 5144288 b000000700000000
0 5150206 bbbb
0 5184511 b000bbbb00000014
0 5631678 aaaa
0 5632047 b000000800000000
0 5633220 ffffcccc0713aa00
0 5635757 aaaa
0 5636378 eb00007771002202
0 5637464 eb0000776f003451
0 5639320 eb0000777700306a
0 5639832 eb000077750031d5
0 5640395 eb00007773002daa
0 5641386 ea0000777780306b
0 5642796 bbbb
0 5651667 bfbf000700000000
0 5652786 bfbf000800000000
0 5653172 ffffcccc01e06200
0 5656028 b000000700000000
0 5657589 b000000700000000
0 5663788 bbbb
0 5698944 b000bbbb00000014
0 6149502 aaaa
0 6149907 b000000800000000
0 6150956 ffffcccc0713aa00
0 6154396 aaaa
0 6155044 eb0000777700306b
0 6155890 ea0000777780306c
0 6157194 bbbb
0 6165429 bfbf000700000000
0 6166566 bfbf000800000000
0 6166949 ffffcccc01e06200
0 6175941 b000000700000000
0 6176727 b000000700000000
0 6179381 bbbb
0 6663177 aaaa
0 6663578 b000000800000000
0 6664613 ffffcccc0713aa00
0 6668199 aaaa
0 6668849 eb0000777700306c
0 6670000 ea000077758031d6
0 6670494 ea0000777780306d
0 6671342 bbbb
0 6679870 bfbf000700000000
0 6681020 bfbf000800000000
0 6681402 ffffcccc01e06200
0 6690160 b000000700000000
0 6690957 b000000700000000
0 6693848 bbbb
0 7176849 aaaa
0 7177221 b000000800000000
0 7177824 ffffcccc0713aa00
0 7180077 aaaa
0 7180669 eb000077750031d6
0 7183017 eb0000777700306d
0 7183771 ea000077758031d7
0 7184712 bbbb
0 7193150 bfbf000700000000
0 7194263 bfbf000800000000
0 7194645 ffffcccc01e06200
0 7197739 b000000700000000
0 7199268 b000000700000000
0 7205133 bbbb
0 7239861 b000bbbb00000014
0 7690915 aaaa
0 7691292 b000000800000000
0 7691914 ffffcccc0713aa00
0 7693916 aaaa
0 7694531 eb000077750031d7
0 8695800 ea0000776f803452
0 8696561 ea00007771802203
0 8697060 ea00007773802dab
0 8697776 ea000077758031d8
0 8699157 ea0000777780306e
0 8701390 bbbb
0 8709984 bfbf000700000000
0 8711135 bfbf000800000000
0 8711517 ffffcccc01e06200
0 8720283 b000000700000000
0 8721209 b000000700000000
0 8723990 bbbb
0 9202397 aaaa
0 9202795 b000000800000000
0 9203978 ffffcccc0713aa00
0 9206658 aaaa
0 9207303 eb00007773002dab
0 9208645 eb00007771002203
0 9209321 eb0000776f003452
0 9211758 eb0000777700306e
0 9212271 eb000077750031d8
0 9213350 ea0000776f803453
0 9214230 ea00007771802204
0 9214749 ea00007773802dac
0 9215444 ea000077758031d9
0 9216378 ea0000777780306f
0 9218232 bbbb
0 9227133 bfbf000700000000
0 9228246 bfbf000800000000
0 9228628 ffffcccc01e06200
0 9231543 b000000700000000
0 9233384 b000000700000000
0 9239247 bbbb
0 9274061 b000bbbb00000014
0 9721103 aaaa
0 9721530 b000000800000000
0 9722999 ffffcccc0713aa00
0 9725462 aaaa
0 9726157 eb00007773002dac
0 9727533 eb00007771002204
0 9728307 eb0000776f003453
0 9730297 eb0000777700306f
0 9730817 eb000077750031d9
0 9731766 ea00007777803070
0 9732635 bbbb
0 9741121 bfbf000700000000
0 9742259 bfbf000800000000
0 9742902 ffffcccc01e06200
0 9745724 b000000700000000
0 9747372 b000000700000000
0 9753339 bbbb
0 9788154 b000bbbb00000014
0 10239122 aaaa
0 10239505 b000000800000000
0 10240415 ffffcccc0713aa00
0 10243847 aaaa
0 10244552 eb00007777003070
0 10245398 ea00007777803071
0 10246727 bbbb
0 10255134 bfbf000700000000
0 10256238 bfbf000800000000
0 10256621 ffffcccc01e06200
0 10265412 b000000700000000
0 10266450 b000000700000000
0 10269010 bbbb
0 10522969 ffff000100003176
0 10753103 aaaa
0 10753513 b000000800000000
0 10754622 ffffcccc0713aa00
0 10758097 aaaa
0 10758812 eb00007777003071
0 10759959 ea000077758031da
0 10760450 ea00007777803072
0 10761287 bbbb
0 10769885 bfbf000700000000
0 10771035 bfbf000800000000
0 10771417 ffffcccc01e06200
0 10780163 b000000700000000
0 10781019 b000000700000000
0 10783856 bbbb
0 11266197 aaaa
0 11266594 b000000800000000
0 11267781 ffffcccc0713aa00
0 11270162 aaaa
0 11270819 eb000077750031da
0 11273174 eb00007777003072
0 11273929 ea000077758031db
0 11274899 bbbb
0 11283400 bfbf000700000000
0 11284533 bfbf000800000000
0 11284916 ffffcccc01e06200
0 11288067 b000000700000000
0 11289203 b000000700000000
0 11295462 bbbb
0 11329874 b000bbbb00000014
0 11781578 aaaa
0 11781918 b000000800000000
0 11782909 ffffcccc0713aa00
0 11784861 aaaa
0 11785527 eb000077750031db
0 12786854 ea00007771802205
0 12787598 ea00007773802dad
0 12788064 ea000077758031dc
0 12790332 bbbb
0 12798915 bfbf000700000000
0 12800044 bfbf000800000000
0 12800428 ffffcccc01e06200
0 12809475 b000000700000000
0 12810376 b000000700000000
0 12813010 bbbb
0 13293978 aaaa
0 13294366 b000000800000000
0 13295312 ffffcccc0713aa00
0 13297808 aaaa
0 13298500 eb00007773002dad
0 13299620 eb00007771002205
0 13301695 eb000077750031dc
0 13302440 ea0000776f803454
0 13302974 ea00007771802206
0 13303621 ea00007773802dae
0 13304285 ea000077758031dd
0 13305455 ea00007777803073
0 13306373 bbbb
0 13315260 bfbf000700000000
0 13316369 bfbf000800000000
0 13316751 ffffcccc01e06200
0 13319717 b000000700000000
0 13321521 b000000700000000
0 13327354 bbbb
0 13361739 b000bbbb00000014
0 13808253 aaaa
0 13808664 b000000800000000
0 13809801 ffffcccc0713aa00
0 13811915 aaaa
0 13812672 eb00007773002dae
0 13814098 eb00007771002206
0 13814758 eb0000776f003454
0 13816916 eb00007777003073
0 13817537 eb000077750031dd
0 13818269 ea0000776f803455
0 13818794 ea00007773802daf
0 13819814 ea00007777803074
0 13821580 bbbb
0 13830195 bfbf000700000000
0 13831310 bfbf000800000000
0 13831695 ffffcccc01e06200
0 13834545 b000000700000000
0 13836400 b000000700000000
0 13842272 bbbb
0 13876698 b000bbbb00000014
0 14324632 aaaa
0 14325505 b000000800000000
0 14326639 ffffcccc0713aa00
0 14328851 aaaa
0 14329548 eb00007773002daf
0 14330774 eb0000776f003455
0 14332606 eb00007777003074
0 14333283 ea0000776f803456
0 14334444 ea00007773802db0
0 14335275 ea00007777803075
0 14336126 bbbb
0 14345400 bfbf000700000000
0 14346524 bfbf000800000000
0 14347170 ffffcccc01e06200
0 14355858 b000000700000000
0 14357172 b000000700000000
0 14359383 bbbb
0 14394990 b000bbbb00000014
0 14840091 aaaa
0 14840744 b000000800000000
0 14841611 ffffcccc0713aa00
0 14844027 aaaa
0 14844681 eb00007773002db0
0 14845385 eb0000776f003456
0 14847174 eb00007777003075
0 14847919 ea0000776f803457
0 14848404 ea00007773802db1
0 14849324 ea000077758031de
0 14850039 ea00007777803076
0 14851898 bbbb
0 14860545 bfbf000700000000
0 14861685 bfbf000800000000
0 14862069 ffffcccc01e06200
0 14865131 b000000700000000
0 14866813 b000000700000000
0 14872754 bbbb
0 14907269 b000bbbb00000014
0 15355801 aaaa
0 15356142 b000000800000000
0 15357319 ffffcccc0713aa00
0 15359801 aaaa
0 15360722 eb000077750031de
0 15361542 eb00007773002db1
0 15362380 eb0000776f003457
0 15364737 eb00007777003076
0 15365473 ea00007773802db2
0 15365988 ea000077758031df
0 15366807 bbbb
0 15375664 bfbf000700000000
0 15376788 bfbf000800000000
0 15377171 ffffcccc01e06200
0 15380004 b000000700000000
0 15381630 b000000700000000
0 15387816 bbbb
0 15422351 b000bbbb00000014
0 15872645 aaaa
0 15873000 b000000800000000
0 15873944 ffffcccc0713aa00
0 15876036 aaaa
0 15876687 eb000077750031df
0 15877605 eb00007773002db2
0 17378980 ea0000776f803458
0 17379710 ea00007779801311
0 17381662 bbbb
0 17390653 bfbf000700000000
0 17391786 bfbf000800000000
0 17392168 ffffcccc01e06200
0 17395322 b000000700000000
0 17396522 b000000700000000
0 17402958 bbbb
0 17438451 b000bbbb00000014
0 17886430 aaaa
0 17886807 b000000800000000
0 17887723 ffffcccc0713aa00
0 17889909 aaaa
0 17890593 eb0000776f003458
0 17892478 eb00007779001311
0 17893175 ea0000776f803459
0 17894026 ea00007771802207
0 17894579 ea00007773802db3
0 17895304 ea000077758031e0
0 17896244 ea00007777803077
0 17897624 ea00007779801312
0 17899131 bbbb
0 17907606 bfbf000700000000
0 17908763 bfbf000800000000
0 17909153 ffffcccc01e06200
0 17912201 b000000700000000
0 17913269 b000000700000000
0 17919891 bbbb
0 17955962 b000bbbb00000014
0 18401058 aaaa
0 18401414 b000000800000000
0 18403076 ffffcccc0713aa00
0 18405827 aaaa
0 18406629 eb00007777003077
0 18408277 eb000077750031e0
0 18409123 eb00007773002db3
0 18409895 eb00007771002207
0 18410506 eb0000776f003459
0 18412839 eb00007779001312
0 18413547 ea0000776f80345a
0 18413939 ea00007771802208
0 18414320 ea00007773802db4
0 18415278 ea000077758031e1
0 18416458 ea00007777803078
0 18416933 ea00007779801313
0 18417699 bbbb
0 18426472 bfbf000700000000
0 18427604 bfbf000800000000
0 18427994 ffffcccc01e06200
0 18430873 b000000700000000
0 18432459 b000000700000000
0 18438667 bbbb
0 18473083 b000bbbb00000014
0 18920232 aaaa
0 18920592 b000000800000000
0 18922068 ffffcccc0713aa00
0 18925012 aaaa
0 18925781 eb00007777003078
0 18926952 eb000077750031e1
0 18927727 eb00007773002db4
0 18928447 eb00007771002208
0 18929418 eb0000776f00345a
0 18931251 eb00007779001313
0 18932099 ea0000776f80345b
0 18933309 bbbb
0 18941282 bfbf000700000000
0 18942417 bfbf000800000000
0 18943039 ffffcccc01e06200
0 18945907 b000000700000000
0 18947502 b000000700000000
0 18953435 bbbb
0 18988184 b000bbbb00000014
0 19438473 aaaa
0 19438829 b000000800000000
0 19439416 ffffcccc0713aa00
0 19441908 aaaa
0 19442613 eb0000776f00345b
# Core 1 LOG DUMP ==================================================
# DCB 1 ffffff000445ac00 pixels
# DCB 1 ffffff0001b2c200 monitor
1 2456 ffffcccc01b2c200
1 13970742 ffff000100003151
# Core 2 LOG DUMP ==================================================
# DCB 2 ffffff000445ae00 pixels
# DCB 2 ffffff0001b2c400 monitor
2 2673 ffffcccc01b2c400
2 9528442 ffff000100003128
# Core 3 LOG DUMP ==================================================
# DCB 3 ffffff0006a5c000 pixels
# DCB 3 ffffff0001b2c600 monitor
3 2994 ffffcccc01b2c600
3 1024325 aaaa
3 1025053 b000000800000000
3 1025874 ffffcccc06a5c000
3 1028080 aaaa
3 1028660 eb0000776f80344b
3 1529370 ea0000776f00344b
3 1529843 bbbb
3 1530601 bfbf000700000000
3 1531791 bfbf000800000000
3 1533027 ffffcccc01b2c600
3 1536599 b000000700000000
3 1537788 bbbb
3 1542123 aaaa
3 1542765 b000000800000000
3 1543447 ffffcccc06a5c000
3 1545811 aaaa
3 1546225 eb0000776f80344c
3 2046988 ea0000776f00344c
3 2047536 bbbb
3 2048257 bfbf000700000000
3 2049665 bfbf000800000000
3 2050664 ffffcccc01b2c600
3 2054280 b000000700000000
3 2055498 bbbb
3 2057833 aaaa
3 2058477 b000000800000000
3 2059122 ffffcccc06a5c000
3 2060855 aaaa
3 2061406 eb0000776f80344d
3 2562146 ea0000776f00344d
3 2562660 bbbb
3 2563379 bfbf000700000000
3 2564519 bfbf000800000000
3 2565197 ffffcccc01b2c600
3 2569037 b000000700000000
3 2570420 bbbb
3 2574766 aaaa
3 2575403 b000000800000000
3 2576046 ffffcccc06a5c000
3 2578061 aaaa
3 2578788 eb0000776f80344e
3 3079618 ea0000776f00344e
3 3080151 bbbb
3 3080871 bfbf000700000000
3 3082372 bfbf000800000000
3 3083211 ffffcccc01b2c600
3 3086820 b000000700000000
3 3088180 bbbb
3 3090935 aaaa
3 3091816 b000000800000000
3 3092463 ffffcccc06a5c000
3 3094664 aaaa
3 3095214 eb0000776f80344f
3 3595933 ea0000776f00344f
3 3596498 bbbb
3 3597219 bfbf000700000000
3 3598364 bfbf000800000000
3 3599273 ffffcccc01b2c600
3 3602987 b000000700000000
3 3604346 bbbb
3 4607269 aaaa
3 4607748 b000000800000000
3 4608793 ffffcccc06a5c000
3 4610804 aaaa
3 4611474 eb0000776f803450
3 5112262 ea0000776f003450
3 5113108 bbbb
3 5113845 bfbf000700000000
3 5115033 bfbf000800000000
3 5116221 ffffcccc01b2c600
3 5120746 b000000700000000
3 5122142 bbbb
3 5125910 aaaa
3 5126527 b000000800000000
3 5127177 ffffcccc06a5c000
3 5129110 aaaa
3 5129942 eb0000776f803451
3 5255474 ffff000100003100
3 5630765 ea0000776f003451
3 5631156 bbbb
3 5631922 bfbf000700000000
3 5633425 bfbf000800000000
3 5634264 ffffcccc01b2c600
3 5637934 b000000700000000
3 5639289 bbbb
3 8697283 aaaa
3 8697470 b000000800000000
3 8698052 ffffcccc06a5c000
3 8700123 aaaa
3 8700744 eb0000776f803452
3 9201251 ea0000776f003452
3 9201746 bbbb
3 9202482 bfbf000700000000
3 9203906 bfbf000800000000
3 9204481 ffffcccc01b2c600
3 9208193 b000000700000000
3 9209513 bbbb
3 9214583 aaaa
3 9214784 b000000800000000
3 9215683 ffffcccc06a5c000
3 9217659 aaaa
3 9218257 eb0000776f803453
3 9718763 ea0000776f003453
3 9719261 bbbb
3 9719979 bfbf000700000000
3 9721410 bfbf000800000000
3 9722157 ffffcccc01b2c600
3 9726299 b000000700000000
3 9727919 bbbb
3 13303346 aaaa
3 13303539 b000000800000000
3 13304129 ffffcccc06a5c000
3 13305974 aaaa
3 13306698 eb0000776f803454
3 13807407 ea0000776f003454
3 13807911 bbbb
3 13808652 bfbf000700000000
3 13810104 bfbf000800000000
3 13810946 ffffcccc01b2c600
3 13814586 b000000700000000
3 13815907 bbbb
3 13819078 aaaa
3 13819475 b000000800000000
3 13820117 ffffcccc06a5c000
3 13822203 aaaa
3 13822791 eb0000776f803455
3 14323289 ea0000776f003455
3 14323787 bbbb
3 14324511 bfbf000700000000
3 14326124 bfbf000800000000
3 14326739 ffffcccc01b2c600
3 14330690 b000000700000000
3 14332014 bbbb
3 14334803 aaaa
3 14334999 b000000800000000
3 14335653 ffffcccc06a5c000
3 14337497 aaaa
3 14338085 eb0000776f803456
3 14838551 ea0000776f003456
3 14839047 bbbb
3 14839766 bfbf000700000000
3 14841261 bfbf000800000000
3 14842000 ffffcccc01b2c600
3 14845961 b000000700000000
3 14847359 bbbb
3 14848833 aaaa
3 14849340 b000000800000000
3 14850262 ffffcccc06a5c000
3 14852414 aaaa
3 14853002 eb0000776f803457
3 15353504 ea0000776f003457
3 15354009 bbbb
3 15354728 bfbf000700000000
3 15356115 bfbf000800000000
3 15356753 ffffcccc01b2c600
3 15360645 b000000700000000
3 15362008 bbbb
3 17380204 aaaa
3 17380396 b000000800000000
3 17380981 ffffcccc06a5c000
3 17382702 aaaa
3 17383346 eb0000776f803458
3 17883866 ea0000776f003458
3 17884374 bbbb
3 17885107 bfbf000700000000
3 17886626 bfbf000800000000
3 17887168 ffffcccc01b2c600
3 17890995 b000000700000000
3 17892387 bbbb
3 17894375 aaaa
3 17894574 b000000800000000
3 17895489 ffffcccc06a5c000
3 17897285 aaaa
3 17898022 eb0000776f803459
3 18398716 ea0000776f003459
3 18399211 bbbb
3 18399930 bfbf000700000000
3 18401409 bfbf000800000000
3 18402486 ffffcccc01b2c600
3 18406195 b000000700000000
3 18407931 bbbb
3 18414291 aaaa
3 18414486 b000000800000000
3 18415430 ffffcccc06a5c000
3 18417446 aaaa
3 18418038 eb0000776f80345a
3 18918925 ea0000776f00345a
3 18919443 bbbb
3 18920161 bfbf000700000000
3 18921968 bfbf000800000000
3 18923052 ffffcccc01b2c600
3 18927080 b000000700000000
3 18928458 bbbb
3 18933335 aaaa
3 18933531 b000000800000000
3 18934169 ffffcccc06a5c000
3 18935902 aaaa
3 18936500 eb0000776f80345b
3 19437001 ea0000776f00345b
3 19437498 bbbb
3 19438224 bfbf000700000000
3 19439621 bfbf000800000000
3 19440145 ffffcccc01b2c600
3 19443660 b000000700000000
3 19444994 bbbb
# Core 4 LOG DUMP ==================================================
# DCB 4 ffffff0006a5c200 pixels
# DCB 4 ffffff0001b2c800 monitor
4 4793 ffffcccc01b2c800
4 511428 aaaa
4 512046 b000000800000000
4 512659 ffffcccc06a5c200
4 514455 aaaa
4 514845 eb000077718021fd
4 1015533 ea000077710021fd
4 1016010 bbbb
4 1016768 bfbf000700000000
4 1017954 bfbf000800000000
4 1018983 ffffcccc01b2c800
4 1022778 b000000700000000
4 1024035 bbbb
4 1025069 aaaa
4 1025933 b000000800000000
4 1027089 ffffcccc06a5c200
4 1028944 aaaa
4 1029709 eb000077718021fe
4 1283290 ffff0001000030d8
4 1530423 ea000077710021fe
4 1530838 bbbb
4 1531595 bfbf000700000000
4 1533607 bfbf000800000000
4 1534323 ffffcccc01b2c800
4 1538003 b000000700000000
4 1539232 bbbb
4 2575793 aaaa
4 2576207 b000000800000000
4 2576791 ffffcccc06a5c200
4 2578761 aaaa
4 2579526 eb000077718021ff
4 3080039 ea000077710021ff
4 3080609 bbbb
4 3081341 bfbf000700000000
4 3083103 bfbf000800000000
4 3083724 ffffcccc01b2c800
4 3087291 b000000700000000
4 3088784 bbbb
4 3091564 aaaa
4 3092137 b000000800000000
4 3093112 ffffcccc06a5c200
4 3094872 aaaa
4 3095480 eb00007771802200
4 3595973 ea00007771002200
4 3596664 bbbb
4 3597382 bfbf000700000000
4 3599395 bfbf000800000000
4 3600228 ffffcccc01b2c800
4 3603864 b000000700000000
4 3605256 bbbb
4 4607685 aaaa
4 4608191 b000000800000000
4 4608789 ffffcccc06a5c200
4 4611050 aaaa
4 4611749 eb00007771802201
4 5112272 ea00007771002201
4 5112993 bbbb
4 5113726 bfbf000700000000
4 5115133 bfbf000800000000
4 5116016 ffffcccc01b2c800
4 5119543 b000000700000000
4 5120889 bbbb
4 5126553 aaaa
4 5126829 b000000800000000
4 5127483 ffffcccc06a5c200
4 5129838 aaaa
4 5130470 eb00007771802202
4 5630934 ea00007771002202
4 5631507 bbbb
4 5632230 bfbf000700000000
4 5634210 bfbf000800000000
4 5635194 ffffcccc01b2c800
4 5638784 b000000700000000
4 5640263 bbbb
4 8697771 aaaa
4 8698284 b000000800000000
4 8698919 ffffcccc06a5c200
4 8700890 aaaa
4 8701475 eb00007771802203
4 9202165 ea00007771002203
4 9202732 bbbb
4 9203775 bfbf000700000000
4 9205328 bfbf000800000000
4 9205976 ffffcccc01b2c800
4 9209549 b000000700000000
4 9211223 bbbb
4 9215142 aaaa
4 9215505 b000000800000000
4 9216660 ffffcccc06a5c200
4 9218835 aaaa
4 9219771 eb00007771802204
4 9720239 ea00007771002204
4 9720821 bbbb
4 9721546 bfbf000700000000
4 9723506 bfbf000800000000
4 9724241 ffffcccc01b2c800
4 9727840 b000000700000000
4 9729365 bbbb
4 12788350 aaaa
4 12788676 b000000800000000
4 12789272 ffffcccc06a5c200
4 12791021 aaaa
4 12791648 eb00007771802205
4 13292161 ea00007771002205
4 13292742 bbbb
4 13293475 bfbf000700000000
4 13294882 bfbf000800000000
4 13295498 ffffcccc01b2c800
4 13299071 b000000700000000
4 13300527 bbbb
4 13304224 aaaa
4 13304562 b000000800000000
4 13305247 ffffcccc06a5c200
4 13307234 aaaa
4 13307932 eb00007771802206
4 13808428 ea00007771002206
4 13809088 bbbb
4 13810038 bfbf000700000000
4 13811841 bfbf000800000000
4 13812300 ffffcccc01b2c800
4 13816367 b000000700000000
4 13817745 bbbb
4 17895178 aaaa
4 17895530 b000000800000000
4 17896424 ffffcccc06a5c200
4 17898418 aaaa
4 17899246 eb00007771802207
4 18399924 ea00007771002207
4 18400518 bbbb
4 18401286 bfbf000700000000
4 18402852 bfbf000800000000
4 18403895 ffffcccc01b2c800
4 18407841 b000000700000000
4 18409336 bbbb
4 18414891 aaaa
4 18415188 b000000800000000
4 18415846 ffffcccc06a5c200
4 18418191 aaaa
4 18419400 eb00007771802208
4 18919916 ea00007771002208
4 18920509 bbbb
4 18921831 bfbf000700000000
4 18923915 bfbf000800000000
4 18924656 ffffcccc01b2c800
4 18928251 b000000700000000
4 18929710 bbbb
# Core 5 LOG DUMP ==================================================
# DCB 5 ffffff0006a5c400 pixels
# DCB 5 ffffff0001b2ca00 monitor
5 3663 ffffcccc01b2ca00
5 1025628 aaaa
5 1026456 b000000800000000
5 1027045 ffffcccc06a5c400
5 1028820 aaaa
5 1029447 eb00007773802da4
5 1530165 ea00007773002da4
5 1530645 bbbb
5 1531380 bfbf000700000000
5 1532619 bfbf000800000000
5 1533555 ffffcccc01b2ca00
5 1537301 b000000700000000
5 1538604 bbbb
5 1542597 aaaa
5 1543338 b000000800000000
5 1544067 ffffcccc06a5c400
5 1546056 aaaa
5 1546421 eb00007773802da5
5 2047184 ea00007773002da5
5 2047663 bbbb
5 2048364 bfbf000700000000
5 2050100 bfbf000800000000
5 2051151 ffffcccc01b2ca00
5 2054681 b000000700000000
5 2055990 bbbb
5 2058258 aaaa
5 2059156 b000000800000000
5 2059814 ffffcccc06a5c400
5 2061730 aaaa
5 2062115 eb00007773802da6
5 2562867 ea00007773002da6
5 2563387 bbbb
5 2564085 bfbf000700000000
5 2565287 bfbf000800000000
5 2566051 ffffcccc01b2ca00
5 2569727 b000000700000000
5 2571075 bbbb
5 2576103 aaaa
5 2576853 b000000800000000
5 2577507 ffffcccc06a5c400
5 2579412 aaaa
5 2580054 eb00007773802da7
5 3080793 ea00007773002da7
5 3081331 bbbb
5 3082037 bfbf000700000000
5 3083337 bfbf000800000000
5 3084090 ffffcccc01b2ca00
5 3087548 b000000700000000
5 3088985 bbbb
5 3092276 aaaa
5 3092805 b000000800000000
5 3093500 ffffcccc06a5c400
5 3095661 aaaa
5 3096046 eb00007773802da8
5 3596781 ea00007773002da8
5 3597299 bbbb
5 3597999 bfbf000700000000
5 3599648 bfbf000800000000
5 3600425 ffffcccc01b2ca00
5 3603999 b000000700000000
5 3605417 bbbb
5 4608369 aaaa
5 4609191 b000000800000000
5 4609805 ffffcccc06a5c400
5 4611724 aaaa
5 4612334 eb00007773802da9
5 5113060 ea00007773002da9
5 5113584 bbbb
5 5114303 bfbf000700000000
5 5115438 bfbf000800000000
5 5116700 ffffcccc01b2ca00
5 5120207 b000000700000000
5 5121549 bbbb
5 5127337 aaaa
5 5127903 b000000800000000
5 5128554 ffffcccc06a5c400
5 5130716 aaaa
5 5131337 eb00007773802daa
5 5632057 ea00007773002daa
5 5632655 bbbb
5 5633703 bfbf000700000000
5 5635369 bfbf000800000000
5 5635998 ffffcccc01b2ca00
5 5639815 b000000700000000
5 5641358 bbbb
5 8698688 aaaa
5 8699056 b000000800000000
5 8699681 ffffcccc06a5c400
5 8701586 aaaa
5 8702553 eb00007773802dab
5 9203328 ea00007773002dab
5 9203853 bbbb
5 9204564 bfbf000700000000
5 9205941 bfbf000800000000
5 9206569 ffffcccc01b2ca00
5 9210086 b000000700000000
5 9211644 bbbb
5 9215843 aaaa
5 9216432 b000000800000000
5 9217397 ffffcccc06a5c400
5 9219501 aaaa
5 9220155 eb00007773802dac
5 9720934 ea00007773002dac
5 9721446 bbbb
5 9722312 bfbf000700000000
5 9724166 bfbf000800000000
5 9724803 ffffcccc01b2ca00
5 9728370 b000000700000000
5 9729774 bbbb
5 12788691 aaaa
5 12789064 b000000800000000
5 12789651 ffffcccc06a5c400
5 12791384 aaaa
5 12792018 eb00007773802dad
5 13292801 ea00007773002dad
5 13293315 bbbb
5 13294026 bfbf000700000000
5 13295212 bfbf000800000000
5 13295999 ffffcccc01b2ca00
5 13299699 b000000700000000
5 13301162 bbbb
5 13304871 aaaa
5 13305245 b000000800000000
5 13306016 ffffcccc06a5c400
5 13308066 aaaa
5 13308723 eb00007773802dae
5 13809508 ea00007773002dae
5 13810025 bbbb
5 13810888 bfbf000700000000
5 13812073 bfbf000800000000
5 13812757 ffffcccc01b2ca00
5 13816362 b000000700000000
5 13817927 bbbb
5 13820202 aaaa
5 13821000 b000000800000000
5 13821654 ffffcccc06a5c400
5 13823892 aaaa
5 13824272 eb00007773802daf
5 14325047 ea00007773002daf
5 14325732 bbbb
5 14326434 bfbf000700000000
5 14327801 bfbf000800000000
5 14328432 ffffcccc01b2ca00
5 14331895 b000000700000000
5 14333258 bbbb
5 14335665 aaaa
5 14336145 b000000800000000
5 14336798 ffffcccc06a5c400
5 14338706 aaaa
5 14339089 eb00007773802db0
5 14839871 ea00007773002db0
5 14840376 bbbb
5 14841075 bfbf000700000000
5 14842644 bfbf000800000000
5 14843282 ffffcccc01b2ca00
5 14846834 b000000700000000
5 14848262 bbbb
5 14849694 aaaa
5 14850069 b000000800000000
5 14851067 ffffcccc06a5c400
5 14853096 aaaa
5 14853718 eb00007773802db1
5 15354419 ea00007773002db1
5 15354917 bbbb
5 15355618 bfbf000700000000
5 15356760 bfbf000800000000
5 15357638 ffffcccc01b2ca00
5 15361111 b000000700000000
5 15362476 bbbb
5 15366324 aaaa
5 15366693 b000000800000000
5 15367372 ffffcccc06a5c400
5 15369263 aaaa
5 15369647 eb00007773802db2
5 15870380 ea00007773002db2
5 15870888 bbbb
5 15871588 bfbf000700000000
5 15872760 bfbf000800000000
5 15873420 ffffcccc01b2ca00
5 15877079 b000000700000000
5 15878419 bbbb
5 17895960 aaaa
5 17896330 b000000800000000
5 17897403 ffffcccc06a5c400
5 17899325 aaaa
5 17900568 eb00007773802db3
5 18401328 ea00007773002db3
5 18401936 bbbb
5 18402649 bfbf000700000000
5 18404226 bfbf000800000000
5 18405273 ffffcccc01b2ca00
5 18408835 b000000700000000
5 18410237 bbbb
5 18415673 aaaa
5 18416241 b000000800000000
5 18416957 ffffcccc06a5c400
5 18418890 aaaa
5 18419623 eb00007773802db4
5 18920376 ea00007773002db4
5 18920885 bbbb
5 18921591 bfbf000700000000
5 18922932 bfbf000800000000
5 18923978 ffffcccc01b2ca00
5 18927561 b000000700000000
5 18929139 bbbb
5 20179562 ffff0001000030b2
# Core 6 LOG DUMP ==================================================
# DCB 6 ffffff0006a5c600 pixels
# DCB 6 ffffff0001b2cc00 monitor
6 3283 ffffcccc01b2cc00
6 2577531 aaaa
6 2578905 b000000800000000
6 2579509 ffffcccc06a5c600
6 2581305 aaaa
6 2581695 eb000077758031d2
6 3082408 ea000077750031d2
6 3082908 bbbb
6 3083667 bfbf000700000000
6 3084895 bfbf000800000000
6 3085824 ffffcccc01b2cc00
6 3089462 b000000700000000
6 3090653 bbbb
6 3093342 aaaa
6 3094027 b000000800000000
6 3094675 ffffcccc06a5c600
6 3096518 aaaa
6 3096896 eb000077758031d3
6 3597642 ea000077750031d3
6 3598129 bbbb
6 3599431 bfbf000700000000
6 3600765 bfbf000800000000
6 3601404 ffffcccc01b2cc00
6 3605048 b000000700000000
6 3606237 bbbb
6 4609773 aaaa
6 4611062 b000000800000000
6 4611663 ffffcccc06a5c600
6 4613400 aaaa
6 4613793 eb000077758031d4
6 5114561 ea000077750031d4
6 5115173 bbbb
6 5116127 bfbf000700000000
6 5118002 bfbf000800000000
6 5118675 ffffcccc01b2cc00
6 5122267 b000000700000000
6 5123795 bbbb
6 5128516 aaaa
6 5129051 b000000800000000
6 5129717 ffffcccc06a5c600
6 5131782 aaaa
6 5132181 eb000077758031d5
6 5632958 ea000077750031d5
6 5633650 bbbb
6 5635304 bfbf000700000000
6 5636436 bfbf000800000000
6 5637314 ffffcccc01b2cc00
6 5640782 b000000700000000
6 5642232 bbbb
6 6670996 aaaa
6 6671401 b000000800000000
6 6672536 ffffcccc06a5c600
6 6674272 aaaa
6 6674672 eb000077758031d6
6 7175396 ea000077750031d6
6 7176171 bbbb
6 7176905 bfbf000700000000
6 7178090 bfbf000800000000
6 7178806 ffffcccc01b2cc00
6 7182399 b000000700000000
6 7183751 bbbb
6 7185035 aaaa
6 7185552 b000000800000000
6 7186200 ffffcccc06a5c600
6 7187992 aaaa
6 7188390 eb000077758031d7
6 7689164 ea000077750031d7
6 7689727 bbbb
6 7690447 bfbf000700000000
6 7691580 bfbf000800000000
6 7692238 ffffcccc01b2cc00
6 7695917 b000000700000000
6 7697327 bbbb
6 8699696 aaaa
6 8700179 b000000800000000
6 8700819 ffffcccc06a5c600
6 8702586 aaaa
6 8703219 eb000077758031d8
6 9203957 ea000077750031d8
6 9204820 bbbb
6 9205928 bfbf000700000000
6 9207106 bfbf000800000000
6 9207725 ffffcccc01b2cc00
6 9211739 b000000700000000
6 9213175 bbbb
6 9216912 aaaa
6 9217823 b000000800000000
6 9218498 ffffcccc06a5c600
6 9220721 aaaa
6 9221139 eb000077758031d9
6 9721863 ea000077750031d9
6 9722935 bbbb
6 9723660 bfbf000700000000
6 9725292 bfbf000800000000
6 9725907 ffffcccc01b2cc00
6 9729541 b000000700000000
6 9730891 bbbb
6 10760859 aaaa
6 10761251 b000000800000000
6 10761846 ffffcccc06a5c600
6 10763816 aaaa
6 10764215 eb000077758031da
6 11264977 ea000077750031da
6 11265560 bbbb
6 11266299 bfbf000700000000
6 11267773 bfbf000800000000
6 11268401 ffffcccc01b2cc00
6 11272404 b000000700000000
6 11274092 bbbb
6 11275259 aaaa
6 11275783 b000000800000000
6 11276447 ffffcccc06a5c600
6 11278197 aaaa
6 11278596 eb000077758031db
6 11779344 ea000077750031db
6 11779921 bbbb
6 11780641 bfbf000700000000
6 11781776 bfbf000800000000
6 11782397 ffffcccc01b2cc00
6 11786040 b000000700000000
6 11787348 bbbb
6 12789663 aaaa
6 12790033 b000000800000000
6 12790655 ffffcccc06a5c600
6 12792591 aaaa
6 12792990 eb000077758031dc
6 13293710 ea000077750031dc
6 13294285 bbbb
6 13295168 bfbf000700000000
6 13296578 bfbf000800000000
6 13297221 ffffcccc01b2cc00
6 13300803 b000000700000000
6 13302126 bbbb
6 13305845 aaaa
6 13306375 b000000800000000
6 13307027 ffffcccc06a5c600
6 13309302 aaaa
6 13309723 eb000077758031dd
6 13810482 ea000077750031dd
6 13811280 bbbb
6 13811997 bfbf000700000000
6 13813128 bfbf000800000000
6 13813767 ffffcccc01b2cc00
6 13817207 b000000700000000
6 13818623 bbbb
6 14850663 aaaa
6 14851289 b000000800000000
6 14851899 ffffcccc06a5c600
6 14853636 aaaa
6 14854277 eb000077758031de
6 15355000 ea000077750031de
6 15355577 bbbb
6 15356311 bfbf000700000000
6 15358047 bfbf000800000000
6 15358690 ffffcccc01b2cc00
6 15362283 b000000700000000
6 15363612 bbbb
6 15366786 aaaa
6 15367320 b000000800000000
6 15368414 ffffcccc06a5c600
6 15370170 aaaa
6 15370563 eb000077758031df
6 15871283 ea000077750031df
6 15871861 bbbb
6 15872581 bfbf000700000000
6 15873721 bfbf000800000000
6 15874344 ffffcccc01b2cc00
6 15877963 b000000700000000
6 15879284 bbbb
6 16983757 ffff000100003089
6 17896770 aaaa
6 17897456 b000000800000000
6 17898060 ffffcccc06a5c600
6 17900294 aaaa
6 17900929 eb000077758031e0
6 18401445 ea000077750031e0
6 18402336 bbbb
6 18403560 bfbf000700000000
6 18405681 bfbf000800000000
6 18406112 ffffcccc01b2cc00
6 18409932 b000000700000000
6 18411419 bbbb
6 18417006 aaaa
6 18417456 b000000800000000
6 18418156 ffffcccc06a5c600
6 18420534 aaaa
6 18421137 eb000077758031e1
6 18921657 ea000077750031e1
6 18922402 bbbb
6 18923124 bfbf000700000000
6 18925275 bfbf000800000000
6 18926121 ffffcccc01b2cc00
6 18930023 b000000700000000
6 18931393 bbbb
# Core 7 LOG DUMP ==================================================
# DCB 7 ffffff0006a5c800 pixels
# DCB 7 ffffff0001b2ce00 monitor
7 4465 ffffcccc01b2ce00
7 1027042 aaaa
7 1027654 b000000800000000
7 1028252 ffffcccc06a5c800
7 1030371 aaaa
7 1030750 eb00007777803065
7 1531443 ea00007777003065
7 1532063 bbbb
7 1532809 bfbf000700000000
7 1534424 bfbf000800000000
7 1535175 ffffcccc01b2ce00
7 1538704 b000000700000000
7 1540198 bbbb
7 1543448 aaaa
7 1544239 b000000800000000
7 1544914 ffffcccc06a5c800
7 1546675 aaaa
7 1547038 eb00007777803066
7 2047823 ea00007777003066
7 2048312 bbbb
7 2049468 bfbf000700000000
7 2050819 bfbf000800000000
7 2051570 ffffcccc01b2ce00
7 2055096 b000000700000000
7 2056388 bbbb
7 2059334 aaaa
7 2060067 b000000800000000
7 2060737 ffffcccc06a5c800
7 2062466 aaaa
7 2062851 eb00007777803067
7 2563603 ea00007777003067
7 2564116 bbbb
7 2564822 bfbf000700000000
7 2565965 bfbf000800000000
7 2566725 ffffcccc01b2ce00
7 2570450 b000000700000000
7 2571825 bbbb
7 2578391 aaaa
7 2579486 b000000800000000
7 2580109 ffffcccc06a5c800
7 2581819 aaaa
7 2582204 eb00007777803068
7 3082940 ea00007777003068
7 3083463 bbbb
7 3084184 bfbf000700000000
7 3085367 bfbf000800000000
7 3085982 ffffcccc01b2ce00
7 3089565 b000000700000000
7 3091032 bbbb
7 4610324 aaaa
7 4610826 b000000800000000
7 4611413 ffffcccc06a5c800
7 4613231 aaaa
7 4613625 eb00007777803069
7 5114367 ea00007777003069
7 5114885 bbbb
7 5115605 bfbf000700000000
7 5117730 bfbf000800000000
7 5118352 ffffcccc01b2ce00
7 5121874 b000000700000000
7 5123331 bbbb
7 5129056 aaaa
7 5129543 b000000800000000
7 5130145 ffffcccc06a5c800
7 5131878 aaaa
7 5132262 eb0000777780306a
7 5633036 ea0000777700306a
7 5633730 bbbb
7 5635119 bfbf000700000000
7 5636306 bfbf000800000000
7 5637086 ffffcccc01b2ce00
7 5640649 b000000700000000
7 5642135 bbbb
7 5643179 aaaa
7 5643548 b000000800000000
7 5644206 ffffcccc06a5c800
7 5645943 aaaa
7 5646329 eb0000777780306b
7 6147091 ea0000777700306b
7 6147601 bbbb
7 6148307 bfbf000700000000
7 6149435 bfbf000800000000
7 6150335 ffffcccc01b2ce00
7 6153948 b000000700000000
7 6155244 bbbb
7 6157168 aaaa
7 6157542 b000000800000000
7 6158197 ffffcccc06a5c800
7 6159909 aaaa
7 6160294 eb0000777780306c
7 6661065 ea0000777700306c
7 6661590 bbbb
7 6662296 bfbf000700000000
7 6663495 bfbf000800000000
7 6664107 ffffcccc01b2ce00
7 6667748 b000000700000000
7 6669138 bbbb
7 6671386 aaaa
7 6671844 b000000800000000
7 6672512 ffffcccc06a5c800
7 6674227 aaaa
7 6674613 eb0000777780306d
7 7175354 ea0000777700306d
7 7175872 bbbb
7 7176582 bfbf000700000000
7 7177721 bfbf000800000000
7 7178330 ffffcccc01b2ce00
7 7182132 b000000700000000
7 7183497 bbbb
7 8700624 aaaa
7 8700994 b000000800000000
7 8701599 ffffcccc06a5c800
7 8703746 aaaa
7 8704131 eb0000777780306e
7 9204865 ea0000777700306e
7 9205646 bbbb
7 9206367 bfbf000700000000
7 9207548 bfbf000800000000
7 9208175 ffffcccc01b2ce00
7 9211758 b000000700000000
7 9213379 bbbb
7 9218180 aaaa
7 9218574 b000000800000000
7 9219881 ffffcccc06a5c800
7 9221617 aaaa
7 9221997 eb0000777780306f
7 9722726 ea0000777700306f
7 9723452 bbbb
7 9724375 bfbf000700000000
7 9725493 bfbf000800000000
7 9726632 ffffcccc01b2ce00
7 9730447 b000000700000000
7 9731820 bbbb
7 9732924 aaaa
7 9733294 b000000800000000
7 9733964 ffffcccc06a5c800
7 9735681 aaaa
7 9736065 eb00007777803070
7 10236801 ea00007777003070
7 10237311 bbbb
7 10238019 bfbf000700000000
7 10239197 bfbf000800000000
7 10239900 ffffcccc01b2ce00
7 10243558 b000000700000000
7 10244861 bbbb
7 10246887 aaaa
7 10247255 b000000800000000
7 10247914 ffffcccc06a5c800
7 10249631 aaaa
7 10250015 eb00007777803071
7 10750761 ea00007777003071
7 10751270 bbbb
7 10751976 bfbf000700000000
7 10753111 bfbf000800000000
7 10754010 ffffcccc01b2ce00
7 10757567 b000000700000000
7 10758972 bbbb
7 10761342 aaaa
7 10761779 b000000800000000
7 10762437 ffffcccc06a5c800
7 10764150 aaaa
7 10764533 eb00007777803072
7 11265217 ea00007777003072
7 11265735 bbbb
7 11266445 bfbf000700000000
7 11268055 bfbf000800000000
7 11268847 ffffcccc01b2ce00
7 11272356 b000000700000000
7 11273765 bbbb
7 12711825 ffff00010000305f
7 13306730 aaaa
7 13307292 b000000800000000
7 13307902 ffffcccc06a5c800
7 13309614 aaaa
7 13310195 eb00007777803073
7 13810714 ea00007777003073
7 13811333 bbbb
7 13812080 bfbf000700000000
7 13814045 bfbf000800000000
7 13814802 ffffcccc01b2ce00
7 13818378 b000000700000000
7 13819793 bbbb
7 13821615 aaaa
7 13822098 b000000800000000
7 13822757 ffffcccc06a5c800
7 13824493 aaaa
7 13825071 eb00007777803074
7 14325569 ea00007777003074
7 14326389 bbbb
7 14327102 bfbf000700000000
7 14328551 bfbf000800000000
7 14328906 ffffcccc01b2ce00
7 14332447 b000000700000000
7 14334049 bbbb
7 14336102 aaaa
7 14336388 b000000800000000
7 14337303 ffffcccc06a5c800
7 14339015 aaaa
7 14339604 eb00007777803075
7 14840105 ea00007777003075
7 14840937 bbbb
7 14841914 bfbf000700000000
7 14843316 bfbf000800000000
7 14843673 ffffcccc01b2ce00
7 14847102 b000000700000000
7 14848707 bbbb
7 14851931 aaaa
7 14852403 b000000800000000
7 14853085 ffffcccc06a5c800
7 14854836 aaaa
7 14855417 eb00007777803076
7 15355933 ea00007777003076
7 15356435 bbbb
7 15357143 bfbf000700000000
7 15358748 bfbf000800000000
7 15359315 ffffcccc01b2ce00
7 15362829 b000000700000000
7 15364278 bbbb
7 17898321 aaaa
7 17898840 b000000800000000
7 17899450 ffffcccc06a5c800
7 17901837 aaaa
7 17902419 eb00007777803077
7 18402940 ea00007777003077
7 18403545 bbbb
7 18404265 bfbf000700000000
7 18405862 bfbf000800000000
7 18406253 ffffcccc01b2ce00
7 18410060 b000000700000000
7 18411575 bbbb
7 18417726 aaaa
7 18418282 b000000800000000
7 18418888 ffffcccc06a5c800
7 18420647 aaaa
7 18421227 eb00007777803078
7 18921744 ea00007777003078
7 18922449 bbbb
7 18923167 bfbf000700000000
7 18925314 bfbf000800000000
7 18925866 ffffcccc01b2ce00
7 18929435 b000000700000000
7 18930903 bbbb
# Core 8 LOG DUMP ==================================================
# DCB 8 ffffff0006a5ca00 pixels
# DCB 8 ffffff0001b2d000 monitor
8 3528 ffffcccc01b2d000
8 9223477 ffff000100003036
8 17381034 aaaa
8 17381385 b000000800000000
8 17381970 ffffcccc06a5ca00
8 17383924 aaaa
8 17384592 eb00007779801311
8 17885129 ea00007779001311
8 17885602 bbbb
8 17886354 bfbf000700000000
8 17887833 bfbf000800000000
8 17888492 ffffcccc01b2d000
8 17892042 b000000700000000
8 17893276 bbbb
8 17899372 aaaa
8 17899974 b000000800000000
8 17900591 ffffcccc06a5ca00
8 17902411 aaaa
8 17903079 eb00007779801312
8 18403587 ea00007779001312
8 18404259 bbbb
8 18404980 bfbf000700000000
8 18406440 bfbf000800000000
8 18407374 ffffcccc01b2d000
8 18411087 b000000700000000
8 18412370 bbbb
8 18418170 aaaa
8 18419065 b000000800000000
8 18419670 ffffcccc06a5ca00
8 18421428 aaaa
8 18422010 eb00007779801313
8 18922521 ea00007779001313
8 18923589 bbbb
8 18924317 bfbf000700000000
8 18925713 bfbf000800000000
8 18926567 ffffcccc01b2d000
8 18930078 b000000700000000
8 18931599 bbbb
# Core 9 LOG DUMP ==================================================
# DCB 9 ffffff0006a5cc00 pixels
# DCB 9 ffffff0001b2d200 monitor
9 2458 ffffcccc01b2d200
9 4512841 ffff00010000300d
# Core 10 LOG DUMP ==================================================
# DCB 10 ffffff0006a5ce00 pixels
# DCB 10 ffffff0001b2d400 monitor
10 4210 ffffcccc01b2d400
10 796961 ffff000100002fe4
# Core 11 LOG DUMP ==================================================
# DCB 11 ffffff000713a000 pixels
# DCB 11 ffffff000445a600 e1000n
# DCB 11 ffffff0001b2d600 monitor
11 6716 ffffcccc0445a600
11 7371 ffffcccc01b2d600
11 10275 ffffcccc0445a600
# Core 12 LOG DUMP ==================================================
# DCB 12 ffffff000713a200 pixels
# DCB 12 ffffff0001b2d800 monitor
12 6426 ffffcccc01b2d800
12 18282728 ffff000100002f94
# Core 13 LOG DUMP ==================================================
# DCB 13 ffffff000713a400 pixels
# DCB 13 ffffff0001b2da00 monitor
13 4161 ffffcccc01b2da00
13 16293826 ffff000100002f6b
# Core 14 LOG DUMP ==================================================
# DCB 14 ffffff000713a600 pixels
# DCB 14 ffffff0001b2dc00 monitor
14 5923 ffffcccc01b2dc00
14 14019851 ffff000100002f42
# Core 15 LOG DUMP ==================================================
# DCB 15 ffffff000713a800 pixels
# DCB 15 ffffff000445a800 bfscope
# DCB 15 ffffff0001b2de00 monitor
15 5502 ffffcccc0445a800
15 5736 ffffcccc01b2de00
15 8933 ffffcccc0445a800
15 7280353 ffff000100002efa
15 7280795 ffffcccc01b2de00
15 7283446 ffffcccc0445a800
