# Start 372924208553 Duration 20000000 Stop 372944208553
# Core 0 LOG DUMP ==================================================
0 0 1234000000000001
# DCB 0 ffffff000713aa00 fish
# DCB 0 ffffff000445aa00 pixels
# DCB 0 ffffff000445a400 serial
# DCB 0 ffffff000445a200 pci
# DCB 0 ffffff000445a000 skb
# DCB 0 ffffff0001b2c000 chips
# DCB 0 ffffff0001e06000 mem_serv
# DCB 0 ffffff0001e06200 monitor
0 8845 ffffcccc0713aa00
0 1011303 ea0000776f803c50
0 1012149 ea00007775803905
0 1013268 bbbb
0 1022190 bfbf000700000000
0 1023328 bfbf000800000000
0 1023746 ffffcccc01e06200
0 1032504 b000000700000000
0 1033384 b000000700000000
0 1036122 bbbb
0 1071382 b000bbbb00000014
0 1518617 aaaa
0 1519029 b000000800000000
0 1520187 ffffcccc0713aa00
0 1523180 aaaa
0 1523830 eb00007775003905
0 1524794 eb0000776f003c50
0 1525252 ea0000776f803c51
0 1526104 ea0000777380352c
0 1526942 ea00007775803906
0 1527440 ea000077778037ae
0 1528651 bbbb
0 1537453 bfbf000700000000
0 1538623 bfbf000800000000
0 1539023 ffffcccc01e06200
0 1541803 b000000700000000
0 1543033 b000000700000000
0 1549577 bbbb
0 1584571 b000bbbb00000014
0 2033017 aaaa
0 2033518 b000000800000000
0 2034698 ffffcccc0713aa00
0 2038044 aaaa
0 2038701 eb000077770037ae
0 2039335 eb00007775003906
0 2040177 eb0000777300352c
0 2041240 eb0000776f003c51
0 2042096 ea0000776f803c52
0 2042601 ea0000777380352d
0 2043032 ea000077778037af
0 2044249 bbbb
0 2052988 bfbf000700000000
0 2054129 bfbf000800000000
0 2054768 ffffcccc01e06200
0 2057632 b000000700000000
0 2058855 b000000700000000
0 2064962 bbbb
0 2100451 b000bbbb00000014
0 2549572 aaaa
0 2549954 b000000800000000
0 2551141 ffffcccc0713aa00
0 2554902 aaaa
0 2555563 eb000077770037af
0 2556801 eb0000777300352d
0 2557472 eb0000776f003c52
0 2558288 ea0000776f803c53
0 2558701 ea0000777380352e
0 2559081 ea000077778037b0
0 2560306 bbbb
0 2568825 bfbf000700000000
0 2569963 bfbf000800000000
0 2570350 ffffcccc01e06200
0 2573169 b000000700000000
0 2574446 b000000700000000
0 2580683 bbbb
0 2615865 b000bbbb00000014
0 3064782 aaaa
0 3065244 b000000800000000
0 3066426 ffffcccc0713aa00
0 3069639 aaaa
0 3070315 eb000077770037b0
0 3071516 eb0000777300352e
0 3072127 eb0000776f003c53
0 3072911 ea0000776f803c54
0 3073484 ea00007771802799
0 3074253 ea0000777380352f
0 3074901 ea000077778037b1
0 3076161 bbbb
0 3084952 bfbf000700000000
0 3086104 bfbf000800000000
0 3086488 ffffcccc01e06200
0 3089293 b000000700000000
0 3090523 b000000700000000
0 3096901 bbbb
0 3132354 b000bbbb00000014
0 3580890 aaaa
0 3581283 b000000800000000
0 3582717 ffffcccc0713aa00
0 3586102 aaaa
0 3586753 eb000077770037b1
0 3587855 eb0000777300352f
0 3589195 eb00007771002799
0 3589759 eb0000776f003c54
0 3590298 ea0000777180279a
0 3590681 ea000077778037b2
0 3591568 bbbb
0 3600660 bfbf000700000000
0 3601795 bfbf000800000000
0 3602179 ffffcccc01e06200
0 3605259 b000000700000000
0 3606487 b000000700000000
0 3612790 bbbb
0 3648893 b000bbbb00000014
0 4096534 aaaa
0 4096881 b000000800000000
0 4097880 ffffcccc0713aa00
0 4101012 aaaa
0 4101675 eb000077770037b2
0 4102567 eb0000777100279a
0 5103497 ea0000777180279b
0 5104216 ea00007773803530
0 5104657 ea00007775803907
0 5105642 bbbb
0 5114769 bfbf000700000000
0 5115895 bfbf000800000000
0 5116540 ffffcccc01e06200
0 5125259 b000000700000000
0 5126132 b000000700000000
0 5128788 bbbb
0 5164242 b000bbbb00000014
0 5611342 aaaa
0 5611683 b000000800000000
0 5612278 ffffcccc0713aa00
0 5615881 aaaa
0 5616495 eb00007775003907
0 5617164 eb00007773003530
0 5617847 eb0000777100279b
0 5619135 ea0000776f803c55
0 5619964 ea0000777180279c
0 5620396 ea00007773803531
0 5620819 ea00007775803908
0 5621737 ea000077778037b3
0 5622820 bbbb
0 5631948 bfbf000700000000
0 5633091 bfbf000800000000
0 5633712 ffffcccc01e06200
0 5636745 b000000700000000
0 5637915 b000000700000000
0 5644228 bbbb
0 5680669 b000bbbb00000014
0 6127884 aaaa
0 6128282 b000000800000000
0 6129675 ffffcccc0713aa00
0 6132093 aaaa
0 6132766 eb0000776f003c55
0 6135052 eb000077770037b3
0 6135774 eb00007775003908
0 6136390 eb00007773003531
0 6137139 eb0000777100279c
0 6137608 ea0000776f803c56
0 6137995 ea00007773803532
0 6138411 ea000077778037b4
0 6139641 bbbb
0 6148561 bfbf000700000000
0 6149698 bfbf000800000000
0 6150344 ffffcccc01e06200
0 6153185 b000000700000000
0 6154355 b000000700000000
0 6160585 bbbb
0 6195606 b000bbbb00000014
0 6643625 aaaa
0 6644013 b000000800000000
0 6645222 ffffcccc0713aa00
0 6647206 aaaa
0 6647872 eb0000776f003c56
0 6649864 eb000077770037b4
0 6650737 eb00007773003532
0 6651603 ea0000776f803c57
0 6652445 ea00007773803533
0 6653290 ea000077778037b5
0 6654629 bbbb
0 6664044 bfbf000700000000
0 6665191 bfbf000800000000
0 6665575 ffffcccc01e06200
0 6674131 b000000700000000
0 6675589 b000000700000000
0 6677742 bbbb
0 6713166 b000bbbb00000014
0 7159846 aaaa
0 7160438 b000000800000000
0 7161869 ffffcccc0713aa00
0 7163871 aaaa
0 7164532 eb0000776f003c57
0 7166729 eb000077770037b5
0 7167495 eb00007773003533
0 7168114 ea0000776f803c58
0 7168938 ea00007773803534
0 7169358 ea00007775803909
0 7170294 ea000077778037b6
0 7171880 bbbb
0 7180834 bfbf000700000000
0 7181977 bfbf000800000000
0 7182360 ffffcccc01e06200
0 7185276 b000000700000000
0 7186574 b000000700000000
0 7193163 bbbb
0 7228138 b000bbbb00000014
0 7676167 aaaa
0 7676551 b000000800000000
0 7677717 ffffcccc0713aa00
0 7680210 aaaa
0 7680847 eb0000776f003c58
0 7682832 eb000077770037b6
0 7683466 eb00007775003909
0 7683963 eb00007773003534
0 7684661 ea00007773803535
0 7685164 ea0000777580390a
0 7686461 bbbb
0 7695558 bfbf000700000000
0 7696695 bfbf000800000000
0 7697077 ffffcccc01e06200
0 7700167 b000000700000000
0 7701772 b000000700000000
0 7707737 bbbb
0 7743210 b000bbbb00000014
0 8191289 aaaa
0 8191685 b000000800000000
0 8192287 ffffcccc0713aa00
0 8196145 aaaa
0 8196774 eb0000777500390a
0 8197668 eb00007773003535
0 13700610 ea0000776f803c59
0 13701388 ea0000777580390b
0 13702254 bbbb
0 13711191 bfbf000700000000
0 13712340 bfbf000800000000
0 13712725 ffffcccc01e06200
0 13721671 b000000700000000
0 13722581 b000000700000000
0 13725154 bbbb
0 13760130 b000bbbb00000014
0 14206628 aaaa
0 14207053 b000000800000000
0 14208319 ffffcccc0713aa00
0 14210500 aaaa
0 14211164 eb0000776f003c59
0 14213254 eb0000777500390b
0 14213931 ea0000776f803c5a
0 14214450 ea0000777180279d
0 14214990 ea00007773803536
0 14216106 ea0000777580390c
0 14216962 ea000077798014ec
0 14218138 bbbb
0 14227102 bfbf000700000000
0 14228232 bfbf000800000000
0 14228618 ffffcccc01e06200
0 14237283 b000000700000000
0 14238875 b000000700000000
0 14241060 bbbb
0 14276216 b000bbbb00000014
0 14721145 aaaa
0 14721619 b000000800000000
0 14722834 ffffcccc0713aa00
0 14725365 aaaa
0 14726065 eb00007773003536
0 14727637 eb0000777100279d
0 14728731 eb0000776f003c5a
0 14730597 eb000077790014ec
0 14731311 eb0000777500390c
0 14731998 ea0000776f803c5b
0 14732543 ea0000777180279e
0 14733424 ea00007773803537
0 14733920 ea0000777580390d
0 14734962 ea000077798014ed
0 14736288 bbbb
0 14744934 bfbf000700000000
0 14746042 bfbf000800000000
0 14746669 ffffcccc01e06200
0 14749548 b000000700000000
0 14751169 b000000700000000
0 14757069 bbbb
0 14792344 b000bbbb00000014
0 15238778 aaaa
0 15239263 b000000800000000
0 15240420 ffffcccc0713aa00
0 15243036 aaaa
0 15243861 eb00007773003537
0 15245311 eb0000777100279e
0 15245860 eb0000776f003c5b
0 15247776 eb000077790014ed
0 15248470 eb0000777500390d
0 15249300 ea0000776f803c5c
0 15250585 bbbb
0 15259141 bfbf000700000000
0 15260244 bfbf000800000000
0 15260628 ffffcccc01e06200
0 15263659 b000000700000000
0 15265449 b000000700000000
0 15271318 bbbb
0 15306508 b000bbbb00000014
0 15756053 aaaa
0 15756437 b000000800000000
0 15757023 ffffcccc0713aa00
0 15759013 aaaa
0 15759697 eb0000776f003c5c
0 16004632 ffff0001000031e6
0 17261352 ea0000776f803c5d
0 17261779 ea0000777180279f
0 17262175 ea00007773803538
0 17262590 ea0000777580390e
0 17263602 ea000077778037b7
0 17264880 bbbb
0 17273803 bfbf000700000000
0 17274954 bfbf000800000000
0 17275345 ffffcccc01e06200
0 17284006 b000000700000000
0 17284914 b000000700000000
0 17287673 bbbb
0 17768889 aaaa
0 17769322 b000000800000000
0 17770961 ffffcccc0713aa00
0 17774563 aaaa
0 17775381 eb000077770037b7
0 17776019 eb0000777500390e
0 17777044 eb00007773003538
0 17778064 eb0000777100279f
0 17778751 eb0000776f003c5d
0 17779413 ea0000776f803c5e
0 17779810 ea000077718027a0
0 17780231 ea00007773803539
0 17781121 ea0000777580390f
0 17782524 ea000077778037b8
0 17783449 bbbb
0 17792323 bfbf000700000000
0 17793448 bfbf000800000000
0 17793831 ffffcccc01e06200
0 17796714 b000000700000000
0 17797973 b000000700000000
0 17804251 bbbb
0 17839734 b000bbbb00000014
0 18285483 aaaa
0 18286006 b000000800000000
0 18287197 ffffcccc0713aa00
0 18290443 aaaa
0 18291241 eb000077770037b8
0 18292161 eb0000777500390f
0 18292918 eb00007773003539
0 18293778 eb000077710027a0
0 18294521 eb0000776f003c5e
0 18296085 ea000077778037b9
0 18297372 bbbb
0 18305957 bfbf000700000000
0 18307083 bfbf000800000000
0 18307705 ffffcccc01e06200
0 18316265 b000000700000000
0 18317178 b000000700000000
0 18319762 bbbb
0 18356529 b000bbbb00000014
0 18803301 aaaa
0 18803664 b000000800000000
0 18804285 ffffcccc0713aa00
0 18807688 aaaa
0 18808375 eb000077770037b9
0 18809164 ea000077778037ba
0 18810403 bbbb
0 18818968 bfbf000700000000
0 18820114 bfbf000800000000
0 18820498 ffffcccc01e06200
0 18829138 b000000700000000
0 18830188 b000000700000000
0 18832779 bbbb
0 19316622 aaaa
0 19317015 b000000800000000
0 19318115 ffffcccc0713aa00
0 19321385 aaaa
0 19322089 eb000077770037ba
0 19322907 ea0000776f803c5f
0 19323758 ea000077718027a1
0 19324175 ea0000777380353a
0 19324570 ea00007775803910
0 19325137 ea000077778037bb
0 19326580 bbbb
0 19335279 bfbf000700000000
0 19336431 bfbf000800000000
0 19336813 ffffcccc01e06200
0 19345767 b000000700000000
0 19346610 b000000700000000
0 19349124 bbbb
0 19830760 aaaa
0 19831683 b000000800000000
0 19832847 ffffcccc0713aa00
0 19835038 aaaa
0 19835678 eb00007775003910
0 19836632 eb0000777300353a
0 19837138 eb000077710027a1
0 19837580 eb0000776f003c5f
0 19839999 eb000077770037bb
0 19840698 ea0000776f803c60
0 19841086 ea000077718027a2
0 19841476 ea0000777380353b
0 19841869 ea00007775803911
0 19843443 bbbb
0 19852286 bfbf000700000000
0 19853394 bfbf000800000000
0 19853778 ffffcccc01e06200
0 19856899 b000000700000000
0 19858541 b000000700000000
0 19864489 bbbb
0 19899985 b000bbbb00000014
# Core 1 LOG DUMP ==================================================
# DCB 1 ffffff000445ac00 pixels
# DCB 1 ffffff0001b2c200 monitor
1 4303 ffffcccc01b2c200
1 19452127 ffff0001000031c1
# Core 2 LOG DUMP ==================================================
# DCB 2 ffffff000445ae00 pixels
# DCB 2 ffffff0001b2c400 monitor
2 3928 ffffcccc01b2c400
2 15010332 ffff000100003198
# Core 3 LOG DUMP ==================================================
# DCB 3 ffffff0006a5c000 pixels
# DCB 3 ffffff0001b2c600 monitor
3 2892 ffffcccc01b2c600
3 1012852 aaaa
3 1013378 b000000800000000
3 1014455 ffffcccc06a5c000
3 1016218 aaaa
3 1016644 eb0000776f803c50
3 1517405 ea0000776f003c50
3 1517952 bbbb
3 1518718 bfbf000700000000
3 1520217 bfbf000800000000
3 1521068 ffffcccc01b2c600
3 1524685 b000000700000000
3 1525957 bbbb
3 1526791 aaaa
3 1527225 b000000800000000
3 1527993 ffffcccc06a5c000
3 1530213 aaaa
3 1530771 eb0000776f803c51
3 2031512 ea0000776f003c51
3 2031994 bbbb
3 2032713 bfbf000700000000
3 2033867 bfbf000800000000
3 2035134 ffffcccc01b2c600
3 2038783 b000000700000000
3 2040044 bbbb
3 2042923 aaaa
3 2043561 b000000800000000
3 2044211 ffffcccc06a5c000
3 2045959 aaaa
3 2046513 eb0000776f803c52
3 2547243 ea0000776f003c52
3 2547741 bbbb
3 2548459 bfbf000700000000
3 2549650 bfbf000800000000
3 2550360 ffffcccc01b2c600
3 2554534 b000000700000000
3 2555874 bbbb
3 2559058 aaaa
3 2559684 b000000800000000
3 2560322 ffffcccc06a5c000
3 2562089 aaaa
3 2562657 eb0000776f803c53
3 3063397 ea0000776f003c53
3 3063900 bbbb
3 3064627 bfbf000700000000
3 3065767 bfbf000800000000
3 3066428 ffffcccc01b2c600
3 3069931 b000000700000000
3 3071296 bbbb
3 3073740 aaaa
3 3074105 b000000800000000
3 3074754 ffffcccc06a5c000
3 3076615 aaaa
3 3077645 eb0000776f803c54
3 3578429 ea0000776f003c54
3 3578937 bbbb
3 3579655 bfbf000700000000
3 3580840 bfbf000800000000
3 3582127 ffffcccc01b2c600
3 3586208 b000000700000000
3 3587781 bbbb
3 5620667 aaaa
3 5621540 b000000800000000
3 5622125 ffffcccc06a5c000
3 5624203 aaaa
3 5624762 eb0000776f803c55
3 6125560 ea0000776f003c55
3 6126141 bbbb
3 6126872 bfbf000700000000
3 6128025 bfbf000800000000
3 6128850 ffffcccc01b2c600
3 6132391 b000000700000000
3 6133705 bbbb
3 6138365 aaaa
3 6138970 b000000800000000
3 6139613 ffffcccc06a5c000
3 6141370 aaaa
3 6141935 eb0000776f803c56
3 6642707 ea0000776f003c56
3 6643211 bbbb
3 6643930 bfbf000700000000
3 6645418 bfbf000800000000
3 6646080 ffffcccc01b2c600
3 6649682 b000000700000000
3 6651054 bbbb
3 6652804 aaaa
3 6653171 b000000800000000
3 6653887 ffffcccc06a5c000
3 6655871 aaaa
3 6656440 eb0000776f803c57
3 7157101 ea0000776f003c57
3 7157947 bbbb
3 7158666 bfbf000700000000
3 7159806 bfbf000800000000
3 7160791 ffffcccc01b2c600
3 7164291 b000000700000000
3 7165707 bbbb
3 7169315 aaaa
3 7169954 b000000800000000
3 7170615 ffffcccc06a5c000
3 7172467 aaaa
3 7173025 eb0000776f803c58
3 7673814 ea0000776f003c58
3 7674395 bbbb
3 7675116 bfbf000700000000
3 7676310 bfbf000800000000
3 7676984 ffffcccc01b2c600
3 7681378 b000000700000000
3 7682772 bbbb
3 10737064 ffff000100003170
3 13702005 aaaa
3 13702226 b000000800000000
3 13702831 ffffcccc06a5c000
3 13704698 aaaa
3 13705286 eb0000776f803c59
3 14205768 ea0000776f003c59
3 14206277 bbbb
3 14207041 bfbf000700000000
3 14208548 bfbf000800000000
3 14209114 ffffcccc01b2c600
3 14212716 b000000700000000
3 14214073 bbbb
3 14215055 aaaa
3 14215404 b000000800000000
3 14216604 ffffcccc06a5c000
3 14218695 aaaa
3 14219553 eb0000776f803c5a
3 14720009 ea0000776f003c5a
3 14720544 bbbb
3 14721261 bfbf000700000000
3 14723040 bfbf000800000000
3 14723886 ffffcccc01b2c600
3 14727496 b000000700000000
3 14728900 bbbb
3 14732877 aaaa
3 14733163 b000000800000000
3 14733802 ffffcccc06a5c000
3 14735734 aaaa
3 14736481 eb0000776f803c5b
3 15237420 ea0000776f003c5b
3 15237921 bbbb
3 15238643 bfbf000700000000
3 15240085 bfbf000800000000
3 15240623 ffffcccc01b2c600
3 15244160 b000000700000000
3 15245623 bbbb
3 15250513 aaaa
3 15250722 b000000800000000
3 15251625 ffffcccc06a5c000
3 15253358 aaaa
3 15253950 eb0000776f803c5c
3 15754428 ea0000776f003c5c
3 15754932 bbbb
3 15755656 bfbf000700000000
3 15757097 bfbf000800000000
3 15757610 ffffcccc01b2c600
3 15761197 b000000700000000
3 15762519 bbbb
3 17262526 aaaa
3 17262730 b000000800000000
3 17263833 ffffcccc06a5c000
3 17265831 aaaa
3 17266468 eb0000776f803c5d
3 17766938 ea0000776f003c5d
3 17767446 bbbb
3 17768179 bfbf000700000000
3 17769579 bfbf000800000000
3 17770824 ffffcccc01b2c600
3 17774462 b000000700000000
3 17775885 bbbb
3 17780226 aaaa
3 17780413 b000000800000000
3 17781332 ffffcccc06a5c000
3 17783512 aaaa
3 17784127 eb0000776f803c5e
3 18284636 ea0000776f003c5e
3 18285134 bbbb
3 18285855 bfbf000700000000
3 18287257 bfbf000800000000
3 18287930 ffffcccc01b2c600
3 18291592 b000000700000000
3 18293045 bbbb
3 19324455 aaaa
3 19324641 b000000800000000
3 19325759 ffffcccc06a5c000
3 19327969 aaaa
3 19328564 eb0000776f803c5f
3 19829070 ea0000776f003c5f
3 19829588 bbbb
3 19830332 bfbf000700000000
3 19831741 bfbf000800000000
3 19832731 ffffcccc01b2c600
3 19836304 b000000700000000
3 19837633 bbbb
3 19841494 aaaa
3 19841682 b000000800000000
3 19842338 ffffcccc06a5c000
3 19844761 aaaa
3 19845354 eb0000776f803c60
3 20345862 ea0000776f003c60
# Core 4 LOG DUMP ==================================================
# DCB 4 ffffff0006a5c200 pixels
# DCB 4 ffffff0001b2c800 monitor
4 5009 ffffcccc01b2c800
4 3074945 aaaa
4 3075773 b000000800000000
4 3076381 ffffcccc06a5c200
4 3078694 aaaa
4 3079084 eb00007771802799
4 3579805 ea00007771002799
4 3580281 bbbb
4 3581039 bfbf000700000000
4 3582457 bfbf000800000000
4 3583347 ffffcccc01b2c800
4 3587157 b000000700000000
4 3588698 bbbb
4 3591096 aaaa
4 3591733 b000000800000000
4 3592697 ffffcccc06a5c200
4 3594517 aaaa
4 3594897 eb0000777180279a
4 4095619 ea0000777100279a
4 4096117 bbbb
4 4096836 bfbf000700000000
4 4098168 bfbf000800000000
4 4099059 ffffcccc01b2c800
4 4102679 b000000700000000
4 4103896 bbbb
4 5105128 aaaa
4 5105802 b000000800000000
4 5106879 ffffcccc06a5c200
4 5108612 aaaa
4 5109012 eb0000777180279b
4 5609758 ea0000777100279b
4 5610334 bbbb
4 5611073 bfbf000700000000
4 5612205 bfbf000800000000
4 5613135 ffffcccc01b2c800
4 5616655 b000000700000000
4 5618262 bbbb
4 5620806 aaaa
4 5621638 b000000800000000
4 5622311 ffffcccc06a5c200
4 5625338 aaaa
4 5625759 eb0000777180279c
4 6126540 ea0000777100279c
4 6127119 bbbb
4 6127836 bfbf000700000000
4 6128991 bfbf000800000000
4 6130273 ffffcccc01b2c800
4 6134016 b000000700000000
4 6135557 bbbb
4 6766309 ffff000100003148
4 14215396 aaaa
4 14215927 b000000800000000
4 14216559 ffffcccc06a5c200
4 14218502 aaaa
4 14219277 eb0000777180279d
4 14719768 ea0000777100279d
4 14720335 bbbb
4 14721103 bfbf000700000000
4 14722552 bfbf000800000000
4 14723188 ffffcccc01b2c800
4 14726749 b000000700000000
4 14728192 bbbb
4 14733832 aaaa
4 14734280 b000000800000000
4 14735498 ffffcccc06a5c200
4 14737803 aaaa
4 14738437 eb0000777180279e
4 15238959 ea0000777100279e
4 15239707 bbbb
4 15240648 bfbf000700000000
4 15242832 bfbf000800000000
4 15243262 ffffcccc01b2c800
4 15247189 b000000700000000
4 15248620 bbbb
4 17262658 aaaa
4 17263283 b000000800000000
4 17263893 ffffcccc06a5c200
4 17266359 aaaa
4 17266986 eb0000777180279f
4 17767501 ea0000777100279f
4 17768075 bbbb
4 17768810 bfbf000700000000
4 17770698 bfbf000800000000
4 17771565 ffffcccc01b2c800
4 17775474 b000000700000000
4 17776963 bbbb
4 17780682 aaaa
4 17781126 b000000800000000
4 17782106 ffffcccc06a5c200
4 17784262 aaaa
4 17784891 eb000077718027a0
4 18285403 ea000077710027a0
4 18285995 bbbb
4 18286987 bfbf000700000000
4 18288343 bfbf000800000000
4 18288964 ffffcccc01b2c800
4 18292600 b000000700000000
4 18293990 bbbb
4 19324589 aaaa
4 19325200 b000000800000000
4 19325799 ffffcccc06a5c200
4 19328290 aaaa
4 19329084 eb000077718027a1
4 19829598 ea000077710027a1
4 19830334 bbbb
4 19831074 bfbf000700000000
4 19832818 bfbf000800000000
4 19833634 ffffcccc01b2c800
4 19837170 b000000700000000
4 19838524 bbbb
4 19842035 aaaa
4 19842369 b000000800000000
4 19843823 ffffcccc06a5c200
4 19845952 aaaa
4 19846528 eb000077718027a2
# Core 5 LOG DUMP ==================================================
# DCB 5 ffffff0006a5c400 pixels
# DCB 5 ffffff0001b2ca00 monitor
5 5348 ffffcccc01b2ca00
5 1527676 aaaa
5 1528324 b000000800000000
5 1528934 ffffcccc06a5c400
5 1531092 aaaa
5 1531467 eb0000777380352c
5 2032206 ea0000777300352c
5 2032692 bbbb
5 2033428 bfbf000700000000
5 2035050 bfbf000800000000
5 2035978 ffffcccc01b2ca00
5 2039656 b000000700000000
5 2040869 bbbb
5 2043469 aaaa
5 2044109 b000000800000000
5 2044774 ffffcccc06a5c400
5 2046737 aaaa
5 2047102 eb0000777380352d
5 2547864 ea0000777300352d
5 2548346 bbbb
5 2549046 bfbf000700000000
5 2550198 bfbf000800000000
5 2551198 ffffcccc01b2ca00
5 2554984 b000000700000000
5 2556394 bbbb
5 2559690 aaaa
5 2560280 b000000800000000
5 2560941 ffffcccc06a5c400
5 2562867 aaaa
5 2563251 eb0000777380352e
5 3063980 ea0000777300352e
5 3064502 bbbb
5 3065208 bfbf000700000000
5 3066688 bfbf000800000000
5 3067331 ffffcccc01b2ca00
5 3070896 b000000700000000
5 3072258 bbbb
5 3075337 aaaa
5 3075714 b000000800000000
5 3076371 ffffcccc06a5c400
5 3078915 aaaa
5 3079296 eb0000777380352f
5 3161803 ffff000100003121
5 3580069 ea0000777300352f
5 3580471 bbbb
5 3581213 bfbf000700000000
5 3582756 bfbf000800000000
5 3583591 ffffcccc01b2ca00
5 3587125 b000000700000000
5 3588519 bbbb
5 5105184 aaaa
5 5105748 b000000800000000
5 5106624 ffffcccc06a5c400
5 5108335 aaaa
5 5108909 eb00007773803530
5 5609370 ea00007773003530
5 5609875 bbbb
5 5610586 bfbf000700000000
5 5612082 bfbf000800000000
5 5612684 ffffcccc01b2ca00
5 5616624 b000000700000000
5 5618041 bbbb
5 5621203 aaaa
5 5621843 b000000800000000
5 5622789 ffffcccc06a5c400
5 5624557 aaaa
5 5625174 eb00007773803531
5 6125682 ea00007773003531
5 6126188 bbbb
5 6126888 bfbf000700000000
5 6128280 bfbf000800000000
5 6129131 ffffcccc01b2ca00
5 6133216 b000000700000000
5 6134589 bbbb
5 6138829 aaaa
5 6139273 b000000800000000
5 6139931 ffffcccc06a5c400
5 6142041 aaaa
5 6142640 eb00007773803532
5 6643117 ea00007773003532
5 6643633 bbbb
5 6644334 bfbf000700000000
5 6645942 bfbf000800000000
5 6646506 ffffcccc01b2ca00
5 6650088 b000000700000000
5 6651454 bbbb
5 6653695 aaaa
5 6653974 b000000800000000
5 6654629 ffffcccc06a5c400
5 6656349 aaaa
5 6656981 eb00007773803533
5 7157482 ea00007773003533
5 7157991 bbbb
5 7158690 bfbf000700000000
5 7160087 bfbf000800000000
5 7161036 ffffcccc01b2ca00
5 7164493 b000000700000000
5 7166161 bbbb
5 7169833 aaaa
5 7170232 b000000800000000
5 7170979 ffffcccc06a5c400
5 7172926 aaaa
5 7173560 eb00007773803534
5 7674019 ea00007773003534
5 7674547 bbbb
5 7675247 bfbf000700000000
5 7676713 bfbf000800000000
5 7677598 ffffcccc01b2ca00
5 7681144 b000000700000000
5 7682520 bbbb
5 7685591 aaaa
5 7685866 b000000800000000
5 7686519 ffffcccc06a5c400
5 7688236 aaaa
5 7688857 eb00007773803535
5 8189337 ea00007773003535
5 8189852 bbbb
5 8190552 bfbf000700000000
5 8191993 bfbf000800000000
5 8192797 ffffcccc01b2ca00
5 8196384 b000000700000000
5 8197735 bbbb
5 14216701 aaaa
5 14217259 b000000800000000
5 14218132 ffffcccc06a5c400
5 14219872 aaaa
5 14220497 eb00007773803536
5 14721001 ea00007773003536
5 14721523 bbbb
5 14722396 bfbf000700000000
5 14723809 bfbf000800000000
5 14724600 ffffcccc01b2ca00
5 14728224 b000000700000000
5 14729737 bbbb
5 14734234 aaaa
5 14734747 b000000800000000
5 14735426 ffffcccc06a5c400
5 14737548 aaaa
5 14738171 eb00007773803537
5 15238676 ea00007773003537
5 15239192 bbbb
5 15240232 bfbf000700000000
5 15241892 bfbf000800000000
5 15242470 ffffcccc01b2ca00
5 15245965 b000000700000000
5 15247360 bbbb
5 17263155 aaaa
5 17263705 b000000800000000
5 17264814 ffffcccc06a5c400
5 17266547 aaaa
5 17267232 eb00007773803538
5 17767722 ea00007773003538
5 17768236 bbbb
5 17768971 bfbf000700000000
5 17771188 bfbf000800000000
5 17772023 ffffcccc01b2ca00
5 17775633 b000000700000000
5 17777054 bbbb
5 17781511 aaaa
5 17782310 b000000800000000
5 17782968 ffffcccc06a5c400
5 17785150 aaaa
5 17785777 eb00007773803539
5 18286254 ea00007773003539
5 18286956 bbbb
5 18287654 bfbf000700000000
5 18289246 bfbf000800000000
5 18289614 ffffcccc01b2ca00
5 18293153 b000000700000000
5 18294747 bbbb
5 19325381 aaaa
5 19325872 b000000800000000
5 19326502 ffffcccc06a5c400
5 19328213 aaaa
5 19328846 eb0000777380353a
5 19829344 ea0000777300353a
5 19829884 bbbb
5 19830595 bfbf000700000000
5 19832100 bfbf000800000000
5 19833190 ffffcccc01b2ca00
5 19837174 b000000700000000
5 19838752 bbbb
5 19842259 aaaa
5 19842832 b000000800000000
5 19843480 ffffcccc06a5c400
5 19845236 aaaa
5 19845871 eb0000777380353b
# Core 6 LOG DUMP ==================================================
# DCB 6 ffffff0006a5c600 pixels
# DCB 6 ffffff0001b2cc00 monitor
6 3209 ffffcccc01b2cc00
6 1013284 aaaa
6 1014125 b000000800000000
6 1014714 ffffcccc06a5c600
6 1016505 aaaa
6 1016894 eb00007775803905
6 1517595 ea00007775003905
6 1518077 bbbb
6 1518836 bfbf000700000000
6 1520497 bfbf000800000000
6 1521408 ffffcccc01b2cc00
6 1524902 b000000700000000
6 1526087 bbbb
6 1527867 aaaa
6 1528539 b000000800000000
6 1529205 ffffcccc06a5c600
6 1531407 aaaa
6 1531785 eb00007775803906
6 2032502 ea00007775003906
6 2032977 bbbb
6 2033703 bfbf000700000000
6 2035459 bfbf000800000000
6 2036344 ffffcccc01b2cc00
6 2039918 b000000700000000
6 2041394 bbbb
6 5105891 aaaa
6 5106985 b000000800000000
6 5107594 ffffcccc06a5c600
6 5109331 aaaa
6 5109730 eb00007775803907
6 5610483 ea00007775003907
6 5611044 bbbb
6 5611781 bfbf000700000000
6 5613122 bfbf000800000000
6 5613791 ffffcccc01b2cc00
6 5617292 b000000700000000
6 5618682 bbbb
6 5622167 aaaa
6 5623079 b000000800000000
6 5624460 ffffcccc06a5c600
6 5626283 aaaa
6 5626684 eb00007775803908
6 6127441 ea00007775003908
6 6128074 bbbb
6 6129032 bfbf000700000000
6 6130657 bfbf000800000000
6 6131299 ffffcccc01b2cc00
6 6134877 b000000700000000
6 6136194 bbbb
6 7171066 aaaa
6 7171590 b000000800000000
6 7172205 ffffcccc06a5c600
6 7174359 aaaa
6 7174760 eb00007775803909
6 7675510 ea00007775003909
6 7676080 bbbb
6 7676818 bfbf000700000000
6 7678633 bfbf000800000000
6 7679315 ffffcccc01b2cc00
6 7682879 b000000700000000
6 7684355 bbbb
6 7686443 aaaa
6 7686960 b000000800000000
6 7687832 ffffcccc06a5c600
6 7689596 aaaa
6 7689996 eb0000777580390a
6 8190749 ea0000777500390a
6 8191312 bbbb
6 8192034 bfbf000700000000
6 8193385 bfbf000800000000
6 8194027 ffffcccc01b2cc00
6 8197576 b000000700000000
6 8198886 bbbb
6 13702555 aaaa
6 13702925 b000000800000000
6 13703523 ffffcccc06a5c600
6 13705270 aaaa
6 13705670 eb0000777580390b
6 14206448 ea0000777500390b
6 14207028 bbbb
6 14208123 bfbf000700000000
6 14209427 bfbf000800000000
6 14210074 ffffcccc01b2cc00
6 14213579 b000000700000000
6 14214897 bbbb
6 14217394 aaaa
6 14218176 b000000800000000
6 14219172 ffffcccc06a5c600
6 14221022 aaaa
6 14221442 eb0000777580390c
6 14722187 ea0000777500390c
6 14722807 bbbb
6 14723564 bfbf000700000000
6 14725228 bfbf000800000000
6 14726183 ffffcccc01b2cc00
6 14730166 b000000700000000
6 14731651 bbbb
6 14735355 aaaa
6 14735882 b000000800000000
6 14736567 ffffcccc06a5c600
6 14739019 aaaa
6 14739419 eb0000777580390d
6 15240157 ea0000777500390d
6 15241007 bbbb
6 15242162 bfbf000700000000
6 15243295 bfbf000800000000
6 15244191 ffffcccc01b2cc00
6 15248185 b000000700000000
6 15249562 bbbb
6 17264422 aaaa
6 17264911 b000000800000000
6 17265803 ffffcccc06a5c600
6 17267539 aaaa
6 17267938 eb0000777580390e
6 17768711 ea0000777500390e
6 17769291 bbbb
6 17770556 bfbf000700000000
6 17772142 bfbf000800000000
6 17772787 ffffcccc01b2cc00
6 17776406 b000000700000000
6 17778034 bbbb
6 17782923 aaaa
6 17783442 b000000800000000
6 17784090 ffffcccc06a5c600
6 17786208 aaaa
6 17786602 eb0000777580390f
6 18287327 ea0000777500390f
6 18288276 bbbb
6 18288994 bfbf000700000000
6 18290128 bfbf000800000000
6 18290781 ffffcccc01b2cc00
6 18294422 b000000700000000
6 18296037 bbbb
6 19325558 aaaa
6 19326146 b000000800000000
6 19326763 ffffcccc06a5c600
6 19329080 aaaa
6 19329486 eb00007775803910
6 19830269 ea00007775003910
6 19830975 bbbb
6 19831705 bfbf000700000000
6 19833123 bfbf000800000000
6 19834128 ffffcccc01b2cc00
6 19837749 b000000700000000
6 19839436 bbbb
6 19843575 aaaa
6 19844215 b000000800000000
6 19844867 ffffcccc06a5c600
6 19846615 aaaa
6 19847013 eb00007775803911
# Core 7 LOG DUMP ==================================================
# DCB 7 ffffff0006a5c800 pixels
# DCB 7 ffffff0001b2ce00 monitor
7 4169 ffffcccc01b2ce00
7 1528863 aaaa
7 1529493 b000000800000000
7 1530101 ffffcccc06a5c800
7 1531838 aaaa
7 1532217 eb000077778037ae
7 2032933 ea000077770037ae
7 2033412 bbbb
7 2034325 bfbf000700000000
7 2035949 bfbf000800000000
7 2036731 ffffcccc01b2ce00
7 2040352 b000000700000000
7 2041770 bbbb
7 2044310 aaaa
7 2045050 b000000800000000
7 2045737 ffffcccc06a5c800
7 2047496 aaaa
7 2047856 eb000077778037af
7 2548606 ea000077770037af
7 2549092 bbbb
7 2549826 bfbf000700000000
7 2551363 bfbf000800000000
7 2552279 ffffcccc01b2ce00
7 2555847 b000000700000000
7 2557049 bbbb
7 2560338 aaaa
7 2561143 b000000800000000
7 2561799 ffffcccc06a5c800
7 2563547 aaaa
7 2563932 eb000077778037b0
7 3064649 ea000077770037b0
7 3065463 bbbb
7 3066184 bfbf000700000000
7 3067564 bfbf000800000000
7 3068193 ffffcccc01b2ce00
7 3071716 b000000700000000
7 3073101 bbbb
7 3076188 aaaa
7 3076656 b000000800000000
7 3077337 ffffcccc06a5c800
7 3079095 aaaa
7 3079480 eb000077778037b1
7 3580251 ea000077770037b1
7 3580772 bbbb
7 3581497 bfbf000700000000
7 3583409 bfbf000800000000
7 3584045 ffffcccc01b2ce00
7 3587497 b000000700000000
7 3588934 bbbb
7 3591471 aaaa
7 3591839 b000000800000000
7 3593008 ffffcccc06a5c800
7 3594721 aaaa
7 3595106 eb000077778037b2
7 4095878 ea000077770037b2
7 4096390 bbbb
7 4097119 bfbf000700000000
7 4098684 bfbf000800000000
7 4099315 ffffcccc01b2ce00
7 4102860 b000000700000000
7 4104245 bbbb
7 5622849 aaaa
7 5623781 b000000800000000
7 5624370 ffffcccc06a5c800
7 5626093 aaaa
7 5626478 eb000077778037b3
7 6127269 ea000077770037b3
7 6127852 bbbb
7 6128582 bfbf000700000000
7 6130383 bfbf000800000000
7 6131035 ffffcccc01b2ce00
7 6134547 b000000700000000
7 6135957 bbbb
7 6139663 aaaa
7 6140146 b000000800000000
7 6140815 ffffcccc06a5c800
7 6142551 aaaa
7 6142936 eb000077778037b4
7 6643714 ea000077770037b4
7 6644265 bbbb
7 6644983 bfbf000700000000
7 6646336 bfbf000800000000
7 6646970 ffffcccc01b2ce00
7 6650523 b000000700000000
7 6651833 bbbb
7 6654654 aaaa
7 6655126 b000000800000000
7 6656071 ffffcccc06a5c800
7 6657790 aaaa
7 6658175 eb000077778037b5
7 7158906 ea000077770037b5
7 7159415 bbbb
7 7160134 bfbf000700000000
7 7162048 bfbf000800000000
7 7162690 ffffcccc01b2ce00
7 7166120 b000000700000000
7 7167426 bbbb
7 7171916 aaaa
7 7172383 b000000800000000
7 7173039 ffffcccc06a5c800
7 7174766 aaaa
7 7175149 eb000077778037b6
7 7675891 ea000077770037b6
7 7676406 bbbb
7 7677524 bfbf000700000000
7 7679147 bfbf000800000000
7 7679777 ffffcccc01b2ce00
7 7683302 b000000700000000
7 7684900 bbbb
7 17265271 aaaa
7 17265694 b000000800000000
7 17266303 ffffcccc06a5c800
7 17268032 aaaa
7 17268417 eb000077778037b7
7 17769159 ea000077770037b7
7 17769665 bbbb
7 17770403 bfbf000700000000
7 17771878 bfbf000800000000
7 17772509 ffffcccc01b2ce00
7 17776020 b000000700000000
7 17777775 bbbb
7 17783858 aaaa
7 17784273 b000000800000000
7 17784867 ffffcccc06a5c800
7 17786604 aaaa
7 17786989 eb000077778037b8
7 18194117 ffff0001000030cf
7 18287705 ea000077770037b8
7 18288597 bbbb
7 18289354 bfbf000700000000
7 18290836 bfbf000800000000
7 18291578 ffffcccc01b2ce00
7 18295375 b000000700000000
7 18296795 bbbb
7 18297874 aaaa
7 18298168 b000000800000000
7 18298830 ffffcccc06a5c800
7 18300564 aaaa
7 18301143 eb000077778037b9
7 18801652 ea000077770037b9
7 18802163 bbbb
7 18802885 bfbf000700000000
7 18804279 bfbf000800000000
7 18804899 ffffcccc01b2ce00
7 18808491 b000000700000000
7 18809929 b000000800000000
7 18811089 ffffcccc06a5c800
7 18813054 aaaa
7 18813439 eb000077778037ba
7 19313908 ea000077770037ba
7 19314432 bbbb
7 19315149 bfbf000700000000
7 19316298 bfbf000800000000
7 19316665 ffffcccc01b2ce00
7 19320689 b000000700000000
7 19322010 bbbb
7 19326569 aaaa
7 19327072 b000000800000000
7 19327973 ffffcccc06a5c800
7 19329721 aaaa
7 19330106 eb000077778037bb
7 19830593 ea000077770037bb
7 19831142 bbbb
7 19831865 bfbf000700000000
7 19833741 bfbf000800000000
7 19834312 ffffcccc01b2ce00
7 19838011 b000000700000000
7 19839638 bbbb
# Core 8 LOG DUMP ==================================================
# DCB 8 ffffff0006a5ca00 pixels
# DCB 8 ffffff0001b2d000 monitor
8 5171 ffffcccc01b2d000
8 14218293 aaaa
8 14219231 b000000800000000
8 14219848 ffffcccc06a5ca00
8 14221644 aaaa
8 14222035 eb000077798014ec
8 14705005 ffff0001000030a6
8 14722746 ea000077790014ec
8 14723401 bbbb
8 14724569 bfbf000700000000
8 14726115 bfbf000800000000
8 14726803 ffffcccc01b2d000
8 14731258 b000000700000000
8 14732431 bbbb
8 14736360 aaaa
8 14736847 b000000800000000
8 14737525 ffffcccc06a5ca00
8 14739364 aaaa
8 14740034 eb000077798014ed
8 15240562 ea000077790014ed
8 15241457 bbbb
8 15242169 bfbf000700000000
8 15243594 bfbf000800000000
8 15244398 ffffcccc01b2d000
8 15248556 b000000700000000
8 15250099 bbbb
# Core 9 LOG DUMP ==================================================
# DCB 9 ffffff0006a5cc00 pixels
# DCB 9 ffffff0001b2d200 monitor
9 3496 ffffcccc01b2d200
9 9995058 ffff00010000307d
# Core 10 LOG DUMP ==================================================
# DCB 10 ffffff0006a5ce00 pixels
# DCB 10 ffffff0001b2d400 monitor
10 2786 ffffcccc01b2d400
10 6278451 ffff000100003054
# Core 11 LOG DUMP ==================================================
# DCB 11 ffffff000713a000 pixels
# DCB 11 ffffff000445a600 e1000n
# DCB 11 ffffff0001b2d600 monitor
11 6283 ffffcccc0445a600
11 7400 ffffcccc01b2d600
11 10338 ffffcccc0445a600
11 3842611 ffff00010000302c
11 3842969 ffffcccc01b2d600
11 3845821 ffffcccc0445a600
# Core 12 LOG DUMP ==================================================
# DCB 12 ffffff000713a200 pixels
# DCB 12 ffffff0001b2d800 monitor
12 3702 ffffcccc01b2d800
12 1265479 ffff000100003003
# Core 13 LOG DUMP ==================================================
# DCB 13 ffffff000713a400 pixels
# DCB 13 ffffff0001b2da00 monitor
13 4249 ffffcccc01b2da00
# Core 14 LOG DUMP ==================================================
# DCB 14 ffffff000713a600 pixels
# DCB 14 ffffff0001b2dc00 monitor
14 6842 ffffcccc01b2dc00
14 19503114 ffff000100002fb2
# Core 15 LOG DUMP ==================================================
# DCB 15 ffffff000713a800 pixels
# DCB 15 ffffff000445a800 bfscope
# DCB 15 ffffff0001b2de00 monitor
15 6231 ffffcccc0445a800
15 6439 ffffcccc01b2de00
15 10089 ffffcccc0445a800
15 12763012 ffff000100002f6a
15 12763715 ffffcccc01b2de00
15 12766645 ffffcccc0445a800
