# Start 370703102011 Duration 20000000 Stop 370723102011
# Core 0 LOG DUMP ==================================================
0 0 1234000000000001
# DCB 0 ffffff000713aa00 fish
# DCB 0 ffffff000445aa00 pixels
# DCB 0 ffffff000445a400 serial
# DCB 0 ffffff000445a200 pci
# DCB 0 ffffff000445a000 skb
# DCB 0 ffffff0001b2c000 chips
# DCB 0 ffffff0001e06000 mem_serv
# DCB 0 ffffff0001e06200 monitor
0 7993 ffffcccc0713aa00
0 9256 ea0000777780314d
0 10843 bbbb
0 19827 bfbf000700000000
0 20984 bfbf000800000000
0 21380 ffffcccc01e06200
0 29909 b000000700000000
0 30954 b000000700000000
0 33757 bbbb
0 69062 b000bbbb00000014
0 516706 aaaa
0 517115 b000000800000000
0 517708 ffffcccc0713aa00
0 520616 aaaa
0 521290 eb0000777700314d
0 522434 ea000077758032db
0 523195 ea0000777780314e
0 524270 bbbb
0 532934 bfbf000700000000
0 534098 bfbf000800000000
0 534492 ffffcccc01e06200
0 543106 b000000700000000
0 543900 b000000700000000
0 546705 bbbb
0 1030699 aaaa
0 1031107 b000000800000000
0 1032003 ffffcccc0713aa00
0 1034201 aaaa
0 1034566 eb000077750032db
0 1036651 eb0000777700314e
0 1037493 ea000077758032dc
0 1038313 bbbb
0 1046520 bfbf000700000000
0 1047638 bfbf000800000000
0 1048018 ffffcccc01e06200
0 1051264 b000000700000000
0 1052293 b000000700000000
0 1058481 bbbb
0 1093462 b000bbbb00000014
0 1543162 aaaa
0 1543579 b000000800000000
0 1544175 ffffcccc0713aa00
0 1546137 aaaa
0 1546756 eb000077750032dc
0 2548028 ea0000776f80352a
0 2548778 ea00007771802293
0 2549246 ea00007773802e72
0 2549975 ea000077758032dd
0 2550585 ea0000777780314f
0 2552972 bbbb
0 2561566 bfbf000700000000
0 2562700 bfbf000800000000
0 2563084 ffffcccc01e06200
0 2571790 b000000700000000
0 2572670 b000000700000000
0 2575431 bbbb
0 3056747 aaaa
0 3057139 b000000800000000
0 3058547 ffffcccc0713aa00
0 3060633 aaaa
0 3061289 eb00007773002e72
0 3062645 eb00007771002293
0 3063701 eb0000776f00352a
0 3066790 eb0000777700314f
0 3067360 eb000077750032dd
0 3067895 ea0000776f80352b
0 3068330 ea00007771802294
0 3069092 ea00007773802e73
0 3069786 ea000077758032de
0 3070924 ea00007777803150
0 3072305 bbbb
0 3081041 bfbf000700000000
0 3082152 bfbf000800000000
0 3082536 ffffcccc01e06200
0 3085432 b000000700000000
0 3087110 b000000700000000
0 3092942 bbbb
0 3127646 b000bbbb00000014
0 3575969 aaaa
0 3576391 b000000800000000
0 3577768 ffffcccc0713aa00
0 3579912 aaaa
0 3580564 eb00007773002e73
0 3582065 eb00007771002294
0 3582759 eb0000776f00352b
0 3585244 eb00007777003150
0 3585762 eb000077750032de
0 3586624 ea00007777803151
0 3587920 bbbb
0 3596238 bfbf000700000000
0 3597376 bfbf000800000000
0 3598022 ffffcccc01e06200
0 3600903 b000000700000000
0 3602455 b000000700000000
0 3608279 bbbb
0 3643618 b000bbbb00000014
0 4094148 aaaa
0 4094494 b000000800000000
0 4095083 ffffcccc0713aa00
0 4098530 aaaa
0 4098940 eb00007777003151
0 4100041 ea00007777803152
0 4101249 bbbb
0 4110073 bfbf000700000000
0 4111196 bfbf000800000000
0 4111585 ffffcccc01e06200
0 4120253 b000000700000000
0 4121204 b000000700000000
0 4123793 bbbb
0 4607063 aaaa
0 4607435 b000000800000000
0 4608300 ffffcccc0713aa00
0 4611908 aaaa
0 4612619 eb00007777003152
0 4613723 ea000077758032df
0 4614622 ea00007777803153
0 4615402 bbbb
0 4623770 bfbf000700000000
0 4624905 bfbf000800000000
0 4625560 ffffcccc01e06200
0 4634197 b000000700000000
0 4634982 b000000700000000
0 4637520 bbbb
0 5120297 aaaa
0 5120677 b000000800000000
0 5121269 ffffcccc0713aa00
0 5123289 aaaa
0 5123906 eb000077750032df
0 5126188 eb00007777003153
0 5126717 ea000077758032e0
0 5127592 bbbb
0 5136100 bfbf000700000000
0 5137229 bfbf000800000000
0 5137612 ffffcccc01e06200
0 5140542 b000000700000000
0 5142295 b000000700000000
0 5148110 bbbb
0 5184127 b000bbbb00000014
0 5633347 aaaa
0 5633752 b000000800000000
0 5634343 ffffcccc0713aa00
0 5636281 aaaa
0 5636865 eb000077750032e0
0 6638432 ea00007771802295
0 6639187 ea00007773802e74
0 6639640 ea000077758032e1
0 6641573 bbbb
0 6650145 bfbf000700000000
0 6651281 bfbf000800000000
0 6651664 ffffcccc01e06200
0 6660341 b000000700000000
0 6661341 b000000700000000
0 6663908 bbbb
0 7144628 aaaa
0 7145021 b000000800000000
0 7146427 ffffcccc0713aa00
0 7148503 aaaa
0 7149149 eb00007773002e74
0 7150112 eb00007771002295
0 7152308 eb000077750032e1
0 7153033 ea0000776f80352c
0 7154005 ea00007771802296
0 7154489 ea00007773802e75
0 7155230 ea000077758032e2
0 7156262 ea00007777803154
0 7157339 bbbb
0 7166169 bfbf000700000000
0 7167316 bfbf000800000000
0 7167700 ffffcccc01e06200
0 7176272 b000000700000000
0 7177579 b000000700000000
0 7180042 bbbb
0 7214493 b000bbbb00000014
0 7661423 aaaa
0 7661955 b000000800000000
0 7663564 ffffcccc0713aa00
0 7666148 aaaa
0 7666799 eb00007773002e75
0 7667545 eb00007771002296
0 7668342 eb0000776f00352c
0 7670626 eb00007777003154
0 7671152 eb000077750032e2
0 7671623 ea0000776f80352d
0 7672310 ea00007773802e76
0 7672697 ea00007777803155
0 7673524 bbbb
0 7682103 bfbf000700000000
0 7683237 bfbf000800000000
0 7683627 ffffcccc01e06200
0 7686503 b000000700000000
0 7688065 b000000700000000
0 7694180 bbbb
0 7728984 b000bbbb00000014
0 8178550 aaaa
0 8178932 b000000800000000
0 8180287 ffffcccc0713aa00
0 8182262 aaaa
0 8182909 eb00007773002e76
0 8183882 eb0000776f00352d
0 8185715 eb00007777003155
0 8186407 ea0000776f80352e
0 8187050 ea00007773802e77
0 8187438 ea00007777803156
0 8188778 bbbb
0 8197423 bfbf000700000000
0 8198572 bfbf000800000000
0 8198956 ffffcccc01e06200
0 8202126 b000000700000000
0 8203733 b000000700000000
0 8209579 bbbb
0 8244176 b000bbbb00000014
0 8692712 aaaa
0 8693130 b000000800000000
0 8694292 ffffcccc0713aa00
0 8696700 aaaa
0 8697331 eb00007773002e77
0 8698034 eb0000776f00352e
0 8699792 eb00007777003156
0 8700473 ea0000776f80352f
0 8701066 ea00007773802e78
0 8701570 ea000077758032e3
0 8702108 ea00007777803157
0 8703689 bbbb
0 8712467 bfbf000700000000
0 8713604 bfbf000800000000
0 8713987 ffffcccc01e06200
0 8716777 b000000700000000
0 8718524 b000000700000000
0 8724385 bbbb
0 8759078 b000bbbb00000014
0 9207899 aaaa
0 9208318 b000000800000000
0 9209479 ffffcccc0713aa00
0 9211691 aaaa
0 9212285 eb000077750032e3
0 9213427 eb00007773002e78
0 9214171 eb0000776f00352f
0 9216200 eb00007777003157
0 9216908 ea00007773802e79
0 9217918 ea000077758032e4
0 9218761 bbbb
0 9227919 bfbf000700000000
0 9229043 bfbf000800000000
0 9229709 ffffcccc01e06200
0 9232587 b000000700000000
0 9234196 b000000700000000
0 9240102 bbbb
0 9275743 b000bbbb00000014
0 9602181 ffff000100003183
0 9723199 aaaa
0 9723586 b000000800000000
0 9724743 ffffcccc0713aa00
0 9726874 aaaa
0 9727534 eb000077750032e4
0 9728325 eb00007773002e79
0 11229707 ea0000776f803530
0 11230472 ea00007779801368
0 11232296 bbbb
0 11241502 bfbf000700000000
0 11242611 bfbf000800000000
0 11242993 ffffcccc01e06200
0 11245946 b000000700000000
0 11247273 b000000700000000
0 11253662 bbbb
0 11288863 b000bbbb00000014
0 11737126 aaaa
0 11737477 b000000800000000
0 11738716 ffffcccc0713aa00
0 11740914 aaaa
0 11741611 eb0000776f003530
0 11743504 eb00007779001368
0 11744589 ea0000776f803531
0 11745030 ea00007771802297
0 11746172 ea00007773802e7a
0 11746866 ea000077758032e5
0 11747753 ea00007777803158
0 11749122 ea00007779801369
0 11750609 bbbb
0 11758973 bfbf000700000000
0 11760136 bfbf000800000000
0 11760518 ffffcccc01e06200
0 11763484 b000000700000000
0 11764694 b000000700000000
0 11771175 bbbb
0 11805658 b000bbbb00000014
0 12251225 aaaa
0 12251619 b000000800000000
0 12252761 ffffcccc0713aa00
0 12255136 aaaa
0 12255946 eb000077750032e5
0 12257218 eb00007773002e7a
0 12258602 eb00007771002297
0 12259395 eb0000776f003531
0 12261499 eb00007779001369
0 12262054 eb00007777003158
0 12263261 ea0000776f803532
0 12264422 ea00007771802298
0 12264924 ea00007773802e7b
0 12265940 ea000077758032e6
0 12267305 ea00007777803159
0 12267792 ea0000777980136a
0 12269314 bbbb
0 12278253 bfbf000700000000
0 12279389 bfbf000800000000
0 12279778 ffffcccc01e06200
0 12282649 b000000700000000
0 12284288 b000000700000000
0 12290418 bbbb
0 12325457 b000bbbb00000014
0 12771740 aaaa
0 12772269 b000000800000000
0 12773730 ffffcccc0713aa00
0 12776203 aaaa
0 12776843 eb000077750032e6
0 12778002 eb00007773002e7b
0 12778786 eb00007771002298
0 12779713 eb0000776f003532
0 12781623 eb0000777900136a
0 12782532 eb00007777003159
0 12783256 ea0000776f803533
0 12784512 bbbb
0 12793243 bfbf000700000000
0 12794366 bfbf000800000000
0 12794989 ffffcccc01e06200
0 12797820 b000000700000000
0 12799453 b000000700000000
0 12805418 bbbb
0 12840131 b000bbbb00000014
0 13291148 aaaa
0 13291871 b000000800000000
0 13292459 ffffcccc0713aa00
0 13294872 aaaa
0 13295288 eb0000776f003533
0 15297128 ea000077758032e7
0 15299039 bbbb
0 15307743 bfbf000700000000
0 15308875 bfbf000800000000
0 15309257 ffffcccc01e06200
0 15318135 b000000700000000
0 15319170 b000000700000000
0 15321746 bbbb
0 15804571 aaaa
0 15804992 b000000800000000
0 15805990 ffffcccc0713aa00
0 15809210 aaaa
0 15809687 eb000077750032e7
0 15810734 ea0000776f803534
0 15811544 ea00007771802299
0 15812012 ea00007773802e7c
0 15812400 ea000077758032e8
0 15813560 ea0000777780315a
0 15814846 bbbb
0 15823535 bfbf000700000000
0 15824667 bfbf000800000000
0 15825060 ffffcccc01e06200
0 15834044 b000000700000000
0 15834945 b000000700000000
0 15837530 bbbb
0 16318481 aaaa
0 16319538 b000000800000000
0 16320899 ffffcccc0713aa00
0 16323643 aaaa
0 16324289 eb00007773002e7c
0 16325210 eb00007771002299
0 16325877 eb0000776f003534
0 16327893 eb0000777700315a
0 16328406 eb000077750032e8
0 16329436 ea0000776f803535
0 16330277 ea0000777180229a
0 16330673 ea00007773802e7d
0 16331551 ea000077758032e9
0 16332960 ea0000777780315b
0 16333823 ea0000777980136b
0 16334786 bbbb
0 16343797 bfbf000700000000
0 16344923 bfbf000800000000
0 16345307 ffffcccc01e06200
0 16348277 b000000700000000
0 16349875 b000000700000000
0 16355977 bbbb
0 16390503 b000bbbb00000014
0 16836633 aaaa
0 16837031 b000000800000000
0 16838199 ffffcccc0713aa00
0 16840768 aaaa
0 16841423 eb00007773002e7d
0 16842077 eb0000777100229a
0 16842681 eb0000776f003535
0 16844642 eb0000777900136b
0 16845242 eb0000777700315b
0 16846055 eb000077750032e9
0 16847089 ea000077758032ea
0 16847597 ea0000777980136c
0 16848500 bbbb
0 16857039 bfbf000700000000
0 16858173 bfbf000800000000
0 16858556 ffffcccc01e06200
0 16861390 b000000700000000
0 16863074 b000000700000000
0 16869271 bbbb
0 16903899 b000bbbb00000014
0 17353504 aaaa
0 17353880 b000000800000000
0 17354855 ffffcccc0713aa00
0 17358392 aaaa
0 17359045 eb0000777900136c
0 17359745 eb000077750032ea
0 17360492 ea000077758032eb
0 17361004 ea0000777980136d
0 17362352 bbbb
0 17371163 bfbf000700000000
0 17372314 bfbf000800000000
0 17372696 ffffcccc01e06200
0 17381317 b000000700000000
0 17382233 b000000700000000
0 17385170 bbbb
0 17419940 b000bbbb00000014
0 17867911 aaaa
0 17868274 b000000800000000
0 17869257 ffffcccc0713aa00
0 17872610 aaaa
0 17873283 eb0000777900136d
0 17874596 eb000077750032eb
0 19376321 ea0000776f803536
0 19377173 ea000077758032ec
0 19378016 bbbb
0 19386533 bfbf000700000000
0 19387688 bfbf000800000000
0 19388072 ffffcccc01e06200
0 19390909 b000000700000000
0 19392177 b000000700000000
0 19398655 bbbb
0 19432751 b000bbbb00000014
0 19882721 aaaa
0 19883081 b000000800000000
0 19884056 ffffcccc0713aa00
0 19886265 aaaa
0 19886954 eb0000776f003536
0 19889139 eb000077750032ec
0 19889877 ea0000776f803537
0 19890629 ea0000777180229b
0 19891218 ea00007773802e7e
0 19891881 ea000077758032ed
0 19892937 ea0000777980136e
0 19893971 bbbb
0 19902679 bfbf000700000000
0 19903825 bfbf000800000000
0 19904447 ffffcccc01e06200
0 19912958 b000000700000000
0 19914341 b000000700000000
0 19916701 bbbb
0 19951748 b000bbbb00000014
# Core 1 LOG DUMP ==================================================
# DCB 1 ffffff000445ac00 pixels
# DCB 1 ffffff0001b2c200 monitor
1 3887 ffffcccc01b2c200
1 13049940 ffff00010000315e
# Core 2 LOG DUMP ==================================================
# DCB 2 ffffff000445ae00 pixels
# DCB 2 ffffff0001b2c400 monitor
2 4348 ffffcccc01b2c400
2 8607682 ffff000100003135
# Core 3 LOG DUMP ==================================================
# DCB 3 ffffff0006a5c000 pixels
# DCB 3 ffffff0001b2c600 monitor
3 2865 ffffcccc01b2c600
3 2549279 aaaa
3 2549773 b000000800000000
3 2550358 ffffcccc06a5c000
3 2552471 aaaa
3 2553050 eb0000776f80352a
3 3053765 ea0000776f00352a
3 3054573 bbbb
3 3055331 bfbf000700000000
3 3056571 bfbf000800000000
3 3057500 ffffcccc01b2c600
3 3061136 b000000700000000
3 3062304 bbbb
3 3068733 aaaa
3 3069508 b000000800000000
3 3070199 ffffcccc06a5c000
3 3072472 aaaa
3 3073044 eb0000776f80352b
3 3573833 ea0000776f00352b
3 3574321 bbbb
3 3575038 bfbf000700000000
3 3576203 bfbf000800000000
3 3577868 ffffcccc01b2c600
3 3581419 b000000700000000
3 3582661 bbbb
3 4334656 ffff00010000310d
3 7154548 aaaa
3 7155045 b000000800000000
3 7155651 ffffcccc06a5c000
3 7157752 aaaa
3 7158631 eb0000776f80352c
3 7659101 ea0000776f00352c
3 7659610 bbbb
3 7660377 bfbf000700000000
3 7661891 bfbf000800000000
3 7662988 ffffcccc01b2c600
3 7667039 b000000700000000
3 7668382 bbbb
3 7672706 aaaa
3 7672955 b000000800000000
3 7673596 ffffcccc06a5c000
3 7675875 aaaa
3 7676461 eb0000776f80352d
3 8176939 ea0000776f00352d
3 8177436 bbbb
3 8178155 bfbf000700000000
3 8179565 bfbf000800000000
3 8180143 ffffcccc01b2c600
3 8183657 b000000700000000
3 8185037 bbbb
3 8187331 aaaa
3 8187516 b000000800000000
3 8188480 ffffcccc06a5c000
3 8190242 aaaa
3 8190830 eb0000776f80352e
3 8691298 ea0000776f00352e
3 8691798 bbbb
3 8692522 bfbf000700000000
3 8694524 bfbf000800000000
3 8695073 ffffcccc01b2c600
3 8698698 b000000700000000
3 8700100 bbbb
3 8701442 aaaa
3 8701649 b000000800000000
3 8702820 ffffcccc06a5c000
3 8705170 aaaa
3 8705756 eb0000776f80352f
3 9206213 ea0000776f00352f
3 9206712 bbbb
3 9207437 bfbf000700000000
3 9208847 bfbf000800000000
3 9209576 ffffcccc01b2c600
3 9213089 b000000700000000
3 9214408 bbbb
3 11231152 aaaa
3 11231365 b000000800000000
3 11231949 ffffcccc06a5c000
3 11233672 aaaa
3 11234257 eb0000776f803530
3 11734745 ea0000776f003530
3 11735248 bbbb
3 11735981 bfbf000700000000
3 11737468 bfbf000800000000
3 11738133 ffffcccc01b2c600
3 11741945 b000000700000000
3 11743299 bbbb
3 11745394 aaaa
3 11745922 b000000800000000
3 11746579 ffffcccc06a5c000
3 11748479 aaaa
3 11749106 eb0000776f803531
3 12249614 ea0000776f003531
3 12250119 bbbb
3 12250845 bfbf000700000000
3 12252230 bfbf000800000000
3 12253030 ffffcccc01b2c600
3 12256796 b000000700000000
3 12258182 bbbb
3 12264884 aaaa
3 12265075 b000000800000000
3 12266048 ffffcccc06a5c000
3 12268074 aaaa
3 12269051 eb0000776f803532
3 12769535 ea0000776f003532
3 12770038 bbbb
3 12770756 bfbf000700000000
3 12772218 bfbf000800000000
3 12773124 ffffcccc01b2c600
3 12777373 b000000700000000
3 12778789 bbbb
3 12784483 aaaa
3 12784672 b000000800000000
3 12785580 ffffcccc06a5c000
3 12787337 aaaa
3 12787929 eb0000776f803533
3 13288431 ea0000776f003533
3 13288927 bbbb
3 13289645 bfbf000700000000
3 13291043 bfbf000800000000
3 13291465 ffffcccc01b2c600
3 13294972 b000000700000000
3 13296283 bbbb
3 15812099 aaaa
3 15812290 b000000800000000
3 15812894 ffffcccc06a5c000
3 15815023 aaaa
3 15815999 eb0000776f803534
3 16316481 ea0000776f003534
3 16316985 bbbb
3 16317718 bfbf000700000000
3 16319156 bfbf000800000000
3 16320313 ffffcccc01b2c600
3 16324389 b000000700000000
3 16325765 bbbb
3 16330655 aaaa
3 16330842 b000000800000000
3 16331788 ffffcccc06a5c000
3 16333982 aaaa
3 16334604 eb0000776f803535
3 16835128 ea0000776f003535
3 16835628 bbbb
3 16836349 bfbf000700000000
3 16837729 bfbf000800000000
3 16838284 ffffcccc01b2c600
3 16841828 b000000700000000
3 16843159 bbbb
3 19377597 aaaa
3 19377792 b000000800000000
3 19378382 ffffcccc06a5c000
3 19380409 aaaa
3 19380994 eb0000776f803536
3 19881488 ea0000776f003536
3 19881981 bbbb
3 19882714 bfbf000700000000
3 19884338 bfbf000800000000
3 19884863 ffffcccc01b2c600
3 19888496 b000000700000000
3 19889866 bbbb
3 19891119 aaaa
3 19891341 b000000800000000
3 19892289 ffffcccc06a5c000
3 19894273 aaaa
3 19895336 eb0000776f803537
3 20395839 ea0000776f003537
# Core 4 LOG DUMP ==================================================
# DCB 4 ffffff0006a5c200 pixels
# DCB 4 ffffff0001b2c800 monitor
4 4618 ffffcccc01b2c800
4 362664 ffff0001000030e5
4 2549750 aaaa
4 2550098 b000000800000000
4 2551021 ffffcccc06a5c200
4 2553168 aaaa
4 2554394 eb00007771802293
4 3054919 ea00007771002293
4 3055388 bbbb
4 3056147 bfbf000700000000
4 3057620 bfbf000800000000
4 3058508 ffffcccc01b2c800
4 3062106 b000000700000000
4 3063368 bbbb
4 3069496 aaaa
4 3069818 b000000800000000
4 3070760 ffffcccc06a5c200
4 3072874 aaaa
4 3074059 eb00007771802294
4 3574567 ea00007771002294
4 3575059 bbbb
4 3575783 bfbf000700000000
4 3577264 bfbf000800000000
4 3578155 ffffcccc01b2c800
4 3582310 b000000700000000
4 3583541 bbbb
4 6639776 aaaa
4 6640118 b000000800000000
4 6640712 ffffcccc06a5c200
4 6642457 aaaa
4 6643080 eb00007771802295
4 7143556 ea00007771002295
4 7144129 bbbb
4 7144867 bfbf000700000000
4 7146476 bfbf000800000000
4 7147129 ffffcccc01b2c800
4 7150702 b000000700000000
4 7152193 bbbb
4 7154886 aaaa
4 7155445 b000000800000000
4 7156358 ffffcccc06a5c200
4 7158649 aaaa
4 7159298 eb00007771802296
4 7659824 ea00007771002296
4 7660393 bbbb
4 7661111 bfbf000700000000
4 7662565 bfbf000800000000
4 7663450 ffffcccc01b2c800
4 7667153 b000000700000000
4 7668603 bbbb
4 11746601 aaaa
4 11747065 b000000800000000
4 11747962 ffffcccc06a5c200
4 11750159 aaaa
4 11750799 eb00007771802297
4 12251497 ea00007771002297
4 12252079 bbbb
4 12253003 bfbf000700000000
4 12254785 bfbf000800000000
4 12255217 ffffcccc01b2c800
4 12258831 b000000700000000
4 12260351 bbbb
4 12265293 aaaa
4 12265931 b000000800000000
4 12267098 ffffcccc06a5c200
4 12269070 aaaa
4 12269664 eb00007771802298
4 12770591 ea00007771002298
4 12771164 bbbb
4 12771883 bfbf000700000000
4 12773738 bfbf000800000000
4 12774744 ffffcccc01b2c800
4 12778345 b000000700000000
4 12779776 bbbb
4 15812562 aaaa
4 15812909 b000000800000000
4 15814074 ffffcccc06a5c200
4 15816217 aaaa
4 15816841 eb00007771802299
4 16317338 ea00007771002299
4 16317938 bbbb
4 16318706 bfbf000700000000
4 16320269 bfbf000800000000
4 16321469 ffffcccc01b2c800
4 16325344 b000000700000000
4 16326814 bbbb
4 16331241 aaaa
4 16331591 b000000800000000
4 16332577 ffffcccc06a5c200
4 16334717 aaaa
4 16335740 eb0000777180229a
4 16836247 ea0000777100229a
4 16836823 bbbb
4 16838015 bfbf000700000000
4 16839864 bfbf000800000000
4 16840481 ffffcccc01b2c800
4 16844089 b000000700000000
4 16845453 bbbb
4 19891611 aaaa
4 19892123 b000000800000000
4 19893217 ffffcccc06a5c200
4 19895483 aaaa
4 19896095 eb0000777180229b
# Core 5 LOG DUMP ==================================================
5 656 bbbb
# DCB 5 ffffff0006a5c400 pixels
# DCB 5 ffffff0001b2ca00 monitor
5 2576 ffffcccc01b2ca00
5 2550663 aaaa
5 2551284 b000000800000000
5 2551871 ffffcccc06a5c400
5 2553628 aaaa
5 2554581 eb00007773802e72
5 3055115 ea00007773002e72
5 3055589 bbbb
5 3056324 bfbf000700000000
5 3057830 bfbf000800000000
5 3058668 ffffcccc01b2ca00
5 3062317 b000000700000000
5 3063737 bbbb
5 3070604 aaaa
5 3070982 b000000800000000
5 3071576 ffffcccc06a5c400
5 3073549 aaaa
5 3074431 eb00007773802e73
5 3574955 ea00007773002e73
5 3575429 bbbb
5 3576140 bfbf000700000000
5 3577741 bfbf000800000000
5 3578818 ffffcccc01b2ca00
5 3582453 b000000700000000
5 3583831 bbbb
5 6640095 aaaa
5 6640380 b000000800000000
5 6641005 ffffcccc06a5c400
5 6642747 aaaa
5 6643384 eb00007773802e74
5 7143850 ea00007773002e74
5 7144355 bbbb
5 7145068 bfbf000700000000
5 7146710 bfbf000800000000
5 7147597 ffffcccc01b2ca00
5 7151215 b000000700000000
5 7152591 bbbb
5 7155658 aaaa
5 7156352 b000000800000000
5 7157350 ffffcccc06a5c400
5 7159089 aaaa
5 7159736 eb00007773802e75
5 7660228 ea00007773002e75
5 7660746 bbbb
5 7661446 bfbf000700000000
5 7663295 bfbf000800000000
5 7664432 ffffcccc01b2ca00
5 7668057 b000000700000000
5 7669453 bbbb
5 7673106 aaaa
5 7673419 b000000800000000
5 7674071 ffffcccc06a5c400
5 7676288 aaaa
5 7676867 eb00007773802e76
5 8177373 ea00007773002e76
5 8177885 bbbb
5 8178590 bfbf000700000000
5 8180265 bfbf000800000000
5 8181029 ffffcccc01b2ca00
5 8184566 b000000700000000
5 8186054 bbbb
5 8187950 aaaa
5 8188244 b000000800000000
5 8188922 ffffcccc06a5c400
5 8191120 aaaa
5 8191722 eb00007773802e77
5 8692223 ea00007773002e77
5 8692742 bbbb
5 8693442 bfbf000700000000
5 8694968 bfbf000800000000
5 8695559 ffffcccc01b2ca00
5 8699053 b000000700000000
5 8700463 bbbb
5 8701931 aaaa
5 8702615 b000000800000000
5 8703571 ffffcccc06a5c400
5 8705287 aaaa
5 8706000 eb00007773802e78
5 9206516 ea00007773002e78
5 9207036 bbbb
5 9207737 bfbf000700000000
5 9209502 bfbf000800000000
5 9210321 ffffcccc01b2ca00
5 9213906 b000000700000000
5 9215273 bbbb
5 9218308 aaaa
5 9218637 b000000800000000
5 9219303 ffffcccc06a5c400
5 9221179 aaaa
5 9221759 eb00007773802e79
5 9722257 ea00007773002e79
5 9722768 bbbb
5 9723469 bfbf000700000000
5 9724987 bfbf000800000000
5 9725714 ffffcccc01b2ca00
5 9729170 b000000700000000
5 9730631 bbbb
5 11747387 aaaa
5 11747744 b000000800000000
5 11748682 ffffcccc06a5c400
5 11750745 aaaa
5 11751752 eb00007773802e7a
5 12252258 ea00007773002e7a
5 12252782 bbbb
5 12253501 bfbf000700000000
5 12255047 bfbf000800000000
5 12255413 ffffcccc01b2ca00
5 12259037 b000000700000000
5 12260552 bbbb
5 12266335 aaaa
5 12267092 b000000800000000
5 12267784 ffffcccc06a5c400
5 12269890 aaaa
5 12271141 eb00007773802e7b
5 12771666 ea00007773002e7b
5 12772182 bbbb
5 12773089 bfbf000700000000
5 12775088 bfbf000800000000
5 12775683 ffffcccc01b2ca00
5 12779168 b000000700000000
5 12780630 bbbb
5 15813082 aaaa
5 15813821 b000000800000000
5 15814712 ffffcccc06a5c400
5 15816437 aaaa
5 15817098 eb00007773802e7c
5 16317559 ea00007773002e7c
5 16318087 bbbb
5 16318799 bfbf000700000000
5 16320296 bfbf000800000000
5 16321260 ffffcccc01b2ca00
5 16324848 b000000700000000
5 16326286 bbbb
5 16331942 aaaa
5 16332750 b000000800000000
5 16333415 ffffcccc06a5c400
5 16335553 aaaa
5 16336255 eb00007773802e7d
5 16836775 ea00007773002e7d
5 16837288 bbbb
5 16837987 bfbf000700000000
5 16839399 bfbf000800000000
5 16840057 ffffcccc01b2ca00
5 16843615 b000000700000000
5 16845051 bbbb
5 19258823 ffff0001000030bf
5 19892493 aaaa
5 19893053 b000000800000000
5 19893933 ffffcccc06a5c400
5 19896598 aaaa
5 19896983 eb00007773802e7e
# Core 6 LOG DUMP ==================================================
6 353 b000000700000000
# DCB 6 ffffff0006a5c600 pixels
# DCB 6 ffffff0001b2cc00 monitor
6 2523 ffffcccc01b2cc00
6 4696 bbbb
6 524155 aaaa
6 524519 b000000800000000
6 525586 ffffcccc06a5c600
6 527603 aaaa
6 527995 eb000077758032db
6 1028513 ea000077750032db
6 1028995 bbbb
6 1030015 bfbf000700000000
6 1031212 bfbf000800000000
6 1031998 ffffcccc01b2cc00
6 1035512 b000000700000000
6 1037091 bbbb
6 1038356 aaaa
6 1038634 b000000800000000
6 1039279 ffffcccc06a5c600
6 1041362 aaaa
6 1041735 eb000077758032dc
6 1542238 ea000077750032dc
6 1542725 bbbb
6 1543705 bfbf000700000000
6 1545059 bfbf000800000000
6 1545700 ffffcccc01b2cc00
6 1549265 b000000700000000
6 1550691 bbbb
6 2551294 aaaa
6 2551781 b000000800000000
6 2552391 ffffcccc06a5c600
6 2554381 aaaa
6 2555012 eb000077758032dd
6 3055507 ea000077750032dd
6 3056081 bbbb
6 3057068 bfbf000700000000
6 3058807 bfbf000800000000
6 3059427 ffffcccc01b2cc00
6 3062953 b000000700000000
6 3064339 bbbb
6 3071666 aaaa
6 3072113 b000000800000000
6 3072707 ffffcccc06a5c600
6 3075309 aaaa
6 3075728 eb000077758032de
6 3576217 ea000077750032de
6 3576823 bbbb
6 3577784 bfbf000700000000
6 3579403 bfbf000800000000
6 3579824 ffffcccc01b2cc00
6 3583405 b000000700000000
6 3584754 bbbb
6 4615325 aaaa
6 4615698 b000000800000000
6 4616290 ffffcccc06a5c600
6 4618291 aaaa
6 4618694 eb000077758032df
6 5119163 ea000077750032df
6 5119745 bbbb
6 5120748 bfbf000700000000
6 5122047 bfbf000800000000
6 5122663 ffffcccc01b2cc00
6 5126165 b000000700000000
6 5127589 b000000800000000
6 5128481 ffffcccc06a5c600
6 5130306 aaaa
6 5130704 eb000077758032e0
6 5631460 ea000077750032e0
6 5632039 bbbb
6 5632761 bfbf000700000000
6 5633917 bfbf000800000000
6 5634592 ffffcccc01b2cc00
6 5638366 b000000700000000
6 5639672 bbbb
6 6640819 aaaa
6 6641193 b000000800000000
6 6641797 ffffcccc06a5c600
6 6643781 aaaa
6 6644179 eb000077758032e1
6 7144911 ea000077750032e1
6 7145720 bbbb
6 7146677 bfbf000700000000
6 7148163 bfbf000800000000
6 7148813 ffffcccc01b2cc00
6 7152528 b000000700000000
6 7154264 bbbb
6 7156678 aaaa
6 7157566 b000000800000000
6 7158729 ffffcccc06a5c600
6 7160545 aaaa
6 7160935 eb000077758032e2
6 7661630 ea000077750032e2
6 7662378 bbbb
6 7663095 bfbf000700000000
6 7664769 bfbf000800000000
6 7665412 ffffcccc01b2cc00
6 7668952 b000000700000000
6 7670460 bbbb
6 8702717 aaaa
6 8703326 b000000800000000
6 8703952 ffffcccc06a5c600
6 8706155 aaaa
6 8706555 eb000077758032e3
6 9207322 ea000077750032e3
6 9207894 bbbb
6 9208628 bfbf000700000000
6 9210179 bfbf000800000000
6 9210944 ffffcccc01b2cc00
6 9214517 b000000700000000
6 9216020 bbbb
6 9218738 aaaa
6 9219256 b000000800000000
6 9220309 ffffcccc06a5c600
6 9222053 aaaa
6 9222452 eb000077758032e4
6 9723233 ea000077750032e4
6 9724026 bbbb
6 9724981 bfbf000700000000
6 9726322 bfbf000800000000
6 9726969 ffffcccc01b2cc00
6 9730512 b000000700000000
6 9731830 bbbb
6 11748661 aaaa
6 11749427 b000000800000000
6 11750312 ffffcccc06a5c600
6 11752086 aaaa
6 11752717 eb000077758032e5
6 12253455 ea000077750032e5
6 12254060 bbbb
6 12254800 bfbf000700000000
6 12255934 bfbf000800000000
6 12256780 ffffcccc01b2cc00
6 12260294 b000000700000000
6 12261920 bbbb
6 12267723 aaaa
6 12268256 b000000800000000
6 12269651 ffffcccc06a5c600
6 12271742 aaaa
6 12272132 eb000077758032e6
6 12772864 ea000077750032e6
6 12773674 bbbb
6 12774395 bfbf000700000000
6 12776035 bfbf000800000000
6 12776655 ffffcccc01b2cc00
6 12780621 b000000700000000
6 12782155 bbbb
6 15298007 aaaa
6 15298376 b000000800000000
6 15298973 ffffcccc06a5c600
6 15300706 aaaa
6 15301333 eb000077758032e7
6 15802121 ea000077750032e7
6 15802691 bbbb
6 15803424 bfbf000700000000
6 15804557 bfbf000800000000
6 15805475 ffffcccc01b2cc00
6 15809212 b000000700000000
6 15810529 bbbb
6 15814087 aaaa
6 15815029 b000000800000000
6 15816100 ffffcccc06a5c600
6 15817914 aaaa
6 15818312 eb000077758032e8
6 16063092 ffff000100003096
6 16319033 ea000077750032e8
6 16320194 bbbb
6 16321249 bfbf000700000000
6 16323213 bfbf000800000000
6 16323654 ffffcccc01b2cc00
6 16327306 b000000700000000
6 16328759 bbbb
6 16333391 aaaa
6 16333658 b000000800000000
6 16334321 ffffcccc06a5c600
6 16336375 aaaa
6 16337003 eb000077758032e9
6 16837507 ea000077750032e9
6 16838147 bbbb
6 16838869 bfbf000700000000
6 16840420 bfbf000800000000
6 16840840 ffffcccc01b2cc00
6 16844275 b000000700000000
6 16845627 bbbb
6 16847905 aaaa
6 16848418 b000000800000000
6 16849087 ffffcccc06a5c600
6 16851090 aaaa
6 16851672 eb000077758032ea
6 17352146 ea000077750032ea
6 17352719 bbbb
6 17353442 bfbf000700000000
6 17355103 bfbf000800000000
6 17355731 ffffcccc01b2cc00
6 17359249 b000000700000000
6 17360571 bbbb
6 17361885 aaaa
6 17362251 b000000800000000
6 17362899 ffffcccc06a5c600
6 17365026 aaaa
6 17365606 eb000077758032eb
6 17866132 ea000077750032eb
6 17866715 bbbb
6 17867438 bfbf000700000000
6 17868830 bfbf000800000000
6 17869459 ffffcccc01b2cc00
6 17873084 b000000700000000
6 17874502 bbbb
6 19378083 aaaa
6 19378547 b000000800000000
6 19379156 ffffcccc06a5c600
6 19380891 aaaa
6 19381291 eb000077758032ec
6 19881803 ea000077750032ec
6 19882370 bbbb
6 19883142 bfbf000700000000
6 19885097 bfbf000800000000
6 19885721 ffffcccc01b2cc00
6 19889360 b000000700000000
6 19890668 bbbb
6 19893380 aaaa
6 19894050 b000000800000000
6 19895250 ffffcccc06a5c600
6 19897022 aaaa
6 19897419 eb000077758032ed
# Core 7 LOG DUMP ==================================================
7 525 b000000700000000
# DCB 7 ffffff0006a5c800 pixels
# DCB 7 ffffff0001b2ce00 monitor
7 2700 ffffcccc01b2ce00
7 4840 bbbb
7 10943 aaaa
7 11254 b000000800000000
7 12109 ffffcccc06a5c800
7 14114 aaaa
7 14491 eb0000777780314d
7 515009 ea0000777700314d
7 515486 bbbb
7 516506 bfbf000700000000
7 517707 bfbf000800000000
7 518259 ffffcccc01b2ce00
7 521794 b000000700000000
7 523249 bbbb
7 524305 aaaa
7 524421 b000000800000000
7 525396 ffffcccc06a5c800
7 527394 aaaa
7 527760 eb0000777780314e
7 1028225 ea0000777700314e
7 1028708 bbbb
7 1029680 bfbf000700000000
7 1030871 bfbf000800000000
7 1031479 ffffcccc01b2ce00
7 1035431 b000000700000000
7 1036831 bbbb
7 2551996 aaaa
7 2552309 b000000800000000
7 2552925 ffffcccc06a5c800
7 2555254 aaaa
7 2555633 eb0000777780314f
7 3056110 ea0000777700314f
7 3056628 bbbb
7 3058140 bfbf000700000000
7 3059707 bfbf000800000000
7 3060265 ffffcccc01b2ce00
7 3063785 b000000700000000
7 3065309 bbbb
7 3072667 aaaa
7 3073167 b000000800000000
7 3073756 ffffcccc06a5c800
7 3075795 aaaa
7 3076172 eb00007777803150
7 3576641 ea00007777003150
7 3577536 bbbb
7 3578599 bfbf000700000000
7 3580103 bfbf000800000000
7 3580739 ffffcccc01b2ce00
7 3584505 b000000700000000
7 3585929 bbbb
7 3588055 aaaa
7 3588399 b000000800000000
7 3589067 ffffcccc06a5c800
7 3591057 aaaa
7 3591443 eb00007777803151
7 4091906 ea00007777003151
7 4092418 bbbb
7 4093385 bfbf000700000000
7 4094514 bfbf000800000000
7 4095064 ffffcccc01b2ce00
7 4098539 b000000700000000
7 4099856 bbbb
7 4101298 aaaa
7 4101587 b000000800000000
7 4102519 ffffcccc06a5c800
7 4104493 aaaa
7 4104876 eb00007777803152
7 4605343 ea00007777003152
7 4605861 bbbb
7 4606832 bfbf000700000000
7 4608019 bfbf000800000000
7 4608604 ffffcccc01b2ce00
7 4612250 b000000700000000
7 4613539 bbbb
7 4615528 aaaa
7 4615866 b000000800000000
7 4616521 ffffcccc06a5c800
7 4618490 aaaa
7 4618874 eb00007777803153
7 5119337 ea00007777003153
7 5119847 bbbb
7 5120820 bfbf000700000000
7 5122274 bfbf000800000000
7 5122885 ffffcccc01b2ce00
7 5126304 b000000700000000
7 5127761 bbbb
7 7157243 aaaa
7 7157540 b000000800000000
7 7158463 ffffcccc06a5c800
7 7160446 aaaa
7 7160830 eb00007777803154
7 7661344 ea00007777003154
7 7661867 bbbb
7 7663156 bfbf000700000000
7 7665020 bfbf000800000000
7 7665600 ffffcccc01b2ce00
7 7669186 b000000700000000
7 7670568 bbbb
7 7673584 aaaa
7 7674012 b000000800000000
7 7674671 ffffcccc06a5c800
7 7676661 aaaa
7 7677046 eb00007777803155
7 8177560 ea00007777003155
7 8178065 bbbb
7 8179049 bfbf000700000000
7 8180478 bfbf000800000000
7 8181210 ffffcccc01b2ce00
7 8184658 b000000700000000
7 8186111 bbbb
7 8188831 aaaa
7 8189273 b000000800000000
7 8189933 ffffcccc06a5c800
7 8191919 aaaa
7 8192304 eb00007777803156
7 8692768 ea00007777003156
7 8693383 bbbb
7 8694779 bfbf000700000000
7 8696122 bfbf000800000000
7 8696477 ffffcccc01b2ce00
7 8699988 b000000700000000
7 8701564 bbbb
7 8703703 aaaa
7 8704217 b000000800000000
7 8704886 ffffcccc06a5c800
7 8706864 aaaa
7 8707250 eb00007777803157
7 9207712 ea00007777003157
7 9208775 bbbb
7 9210208 bfbf000700000000
7 9211503 bfbf000800000000
7 9211858 ffffcccc01b2ce00
7 9215599 b000000700000000
7 9216912 bbbb
7 11749625 aaaa
7 11750103 b000000800000000
7 11750700 ffffcccc06a5c800
7 11753490 aaaa
7 11753876 eb00007777803158
7 11791186 ffff00010000306c
7 12254387 ea00007777003158
7 12254965 bbbb
7 12255709 bfbf000700000000
7 12257243 bfbf000800000000
7 12257937 ffffcccc01b2ce00
7 12261870 b000000700000000
7 12263359 bbbb
7 12268156 aaaa
7 12268694 b000000800000000
7 12269588 ffffcccc06a5c800
7 12272159 aaaa
7 12272545 eb00007777803159
7 12773020 ea00007777003159
7 12773704 bbbb
7 12774413 bfbf000700000000
7 12776233 bfbf000800000000
7 12776618 ffffcccc01b2ce00
7 12780380 b000000700000000
7 12781872 bbbb
7 15814868 aaaa
7 15815349 b000000800000000
7 15816230 ffffcccc06a5c800
7 15817966 aaaa
7 15818350 eb0000777780315a
7 16318846 ea0000777700315a
7 16319771 bbbb
7 16320497 bfbf000700000000
7 16322538 bfbf000800000000
7 16323112 ffffcccc01b2ce00
7 16326986 b000000700000000
7 16328318 bbbb
7 16334591 aaaa
7 16334888 b000000800000000
7 16335727 ffffcccc06a5c800
7 16338014 aaaa
7 16338398 eb0000777780315b
7 16838924 ea0000777700315b
7 16839500 bbbb
7 16840222 bfbf000700000000
7 16841344 bfbf000800000000
7 16841896 ffffcccc01b2ce00
7 16845665 b000000700000000
7 16847174 bbbb
# Core 8 LOG DUMP ==================================================
# DCB 8 ffffff0006a5ca00 pixels
# DCB 8 ffffff0001b2d000 monitor
8 3931 ffffcccc01b2d000
8 8302603 ffff000100003043
8 11231935 aaaa
8 11232290 b000000800000000
8 11232964 ffffcccc06a5ca00
8 11234945 aaaa
8 11235611 eb00007779801368
8 11736139 ea00007779001368
8 11736642 bbbb
8 11737389 bfbf000700000000
8 11739081 bfbf000800000000
8 11739719 ffffcccc01b2d000
8 11743337 b000000700000000
8 11744581 bbbb
8 11750880 aaaa
8 11751471 b000000800000000
8 11752102 ffffcccc06a5ca00
8 11753949 aaaa
8 11754623 eb00007779801369
8 12255112 ea00007779001369
8 12255589 bbbb
8 12256490 bfbf000700000000
8 12258137 bfbf000800000000
8 12258900 ffffcccc01b2d000
8 12262598 b000000700000000
8 12263764 bbbb
8 12269869 aaaa
8 12270802 b000000800000000
8 12271396 ffffcccc06a5ca00
8 12273152 aaaa
8 12273736 eb0000777980136a
8 12774256 ea0000777900136a
8 12775035 bbbb
8 12775756 bfbf000700000000
8 12777194 bfbf000800000000
8 12777806 ffffcccc01b2d000
8 12781395 b000000700000000
8 12782803 bbbb
8 16334730 aaaa
8 16335164 b000000800000000
8 16336290 ffffcccc06a5ca00
8 16338062 aaaa
8 16338464 eb0000777980136b
8 16838946 ea0000777900136b
8 16839907 bbbb
8 16840628 bfbf000700000000
8 16842029 bfbf000800000000
8 16842838 ffffcccc01b2d000
8 16846362 b000000700000000
8 16847822 bbbb
8 16848872 aaaa
8 16849165 b000000800000000
8 16849847 ffffcccc06a5ca00
8 16851629 aaaa
8 16852214 eb0000777980136c
8 17352704 ea0000777900136c
8 17353297 bbbb
8 17354009 bfbf000700000000
8 17355881 bfbf000800000000
8 17356508 ffffcccc01b2d000
8 17360096 b000000700000000
8 17361659 bbbb
8 17362738 aaaa
8 17363078 b000000800000000
8 17363746 ffffcccc06a5ca00
8 17365505 aaaa
8 17366095 eb0000777980136d
8 17866564 ea0000777900136d
8 17867149 bbbb
8 17867863 bfbf000700000000
8 17869499 bfbf000800000000
8 17870204 ffffcccc01b2d000
8 17873678 b000000700000000
8 17875073 bbbb
8 19893947 aaaa
8 19894520 b000000800000000
8 19895123 ffffcccc06a5ca00
8 19896911 aaaa
8 19897499 eb0000777980136e
# Core 9 LOG DUMP ==================================================
# DCB 9 ffffff0006a5cc00 pixels
# DCB 9 ffffff0001b2d200 monitor
9 3268 ffffcccc01b2d200
9 3592271 ffff00010000301a
# Core 10 LOG DUMP ==================================================
# DCB 10 ffffff0006a5ce00 pixels
# DCB 10 ffffff0001b2d400 monitor
10 3448 ffffcccc01b2d400
# Core 11 LOG DUMP ==================================================
# DCB 11 ffffff000713a000 pixels
# DCB 11 ffffff000445a600 e1000n
# DCB 11 ffffff0001b2d600 monitor
11 6236 ffffcccc0445a600
11 6692 ffffcccc01b2d600
11 9548 ffffcccc0445a600
11 19940106 ffff000100002fca
11 19940476 ffffcccc01b2d600
11 19943337 ffffcccc0445a600
# Core 12 LOG DUMP ==================================================
# DCB 12 ffffff000713a200 pixels
# DCB 12 ffffff0001b2d800 monitor
12 3434 ffffcccc01b2d800
12 17362004 ffff000100002fa1
# Core 13 LOG DUMP ==================================================
# DCB 13 ffffff000713a400 pixels
# DCB 13 ffffff0001b2da00 monitor
13 4724 ffffcccc01b2da00
13 15373127 ffff000100002f78
# Core 14 LOG DUMP ==================================================
# DCB 14 ffffff000713a600 pixels
# DCB 14 ffffff0001b2dc00 monitor
14 4881 ffffcccc01b2dc00
14 13099352 ffff000100002f4f
# Core 15 LOG DUMP ==================================================
# DCB 15 ffffff000713a800 pixels
# DCB 15 ffffff000445a800 bfscope
# DCB 15 ffffff0001b2de00 monitor
15 5132 ffffcccc0445a800
15 5848 ffffcccc01b2de00
15 8978 ffffcccc0445a800
15 6359683 ffff000100002f07
15 6360105 ffffcccc01b2de00
15 6362761 ffffcccc0445a800
