034110# Start 371581470799 Duration 20000000 Stop 371601470799
# Core 0 LOG DUMP ==================================================
0 0 1234000000000001
# DCB 0 ffffff000713aa00 fish
# DCB 0 ffffff000445aa00 pixels
# DCB 0 ffffff000445a400 serial
# DCB 0 ffffff000445a200 pci
# DCB 0 ffffff000445a000 skb
# DCB 0 ffffff0001b2c000 chips
# DCB 0 ffffff0001e06000 mem_serv
# DCB 0 ffffff0001e06200 monitor
0 7930 ffffcccc0713aa00
0 1010479 ea0000776f8037f4
0 1011362 ea00007775803596
0 1012436 bbbb
0 1021219 bfbf000700000000
0 1022363 bfbf000800000000
0 1022780 ffffcccc01e06200
0 1031614 b000000700000000
0 1032557 b000000700000000
0 1035319 bbbb
0 1070729 b000bbbb00000014
0 1518845 aaaa
0 1519227 b000000800000000
0 1520147 ffffcccc0713aa00
0 1522198 aaaa
0 1522931 eb0000776f0037f4
0 1524980 eb00007775003596
0 1525723 ea0000776f8037f5
0 1526267 ea00007771802472
0 1526998 ea000077738030d3
0 1527690 ea00007775803597
0 1529090 ea00007779801499
0 1530046 bbbb
0 1539371 bfbf000700000000
0 1540477 bfbf000800000000
0 1540870 ffffcccc01e06200
0 1544014 b000000700000000
0 1545160 b000000700000000
0 1551477 bbbb
0 1586323 b000bbbb00000014
0 2034930 aaaa
0 2035354 b000000800000000
0 2036729 ffffcccc0713aa00
0 2039113 aaaa
0 2039781 eb000077730030d3
0 2040860 eb00007771002472
0 2041821 eb0000776f0037f5
0 2043679 eb00007779001499
0 2044438 eb00007775003597
0 2045163 ea0000776f8037f6
0 2045604 ea00007771802473
0 2046062 ea000077738030d4
0 2046896 ea00007775803598
0 2048291 ea0000777980149a
0 2049280 bbbb
0 2058251 bfbf000700000000
0 2059345 bfbf000800000000
0 2059965 ffffcccc01e06200
0 2062880 b000000700000000
0 2064450 b000000700000000
0 2070400 bbbb
0 2105559 b000bbbb00000014
0 2553412 aaaa
0 2553851 b000000800000000
0 2555215 ffffcccc0713aa00
0 2558279 aaaa
0 2558924 eb000077730030d4
0 2559656 eb00007771002473
0 2560433 eb0000776f0037f6
0 2562336 eb0000777900149a
0 2563097 eb00007775003598
0 2563565 ea0000776f8037f7
0 2564841 bbbb
0 2573627 bfbf000700000000
0 2574749 bfbf000800000000
0 2575130 ffffcccc01e06200
0 2578006 b000000700000000
0 2579702 b000000700000000
0 2585649 bbbb
0 2620514 b000bbbb00000014
0 3069863 aaaa
0 3070249 b000000800000000
0 3071131 ffffcccc0713aa00
0 3073186 aaaa
0 3073813 eb0000776f0037f7
0 4575533 ea0000776f8037f8
0 4576075 ea00007775803599
0 4577863 bbbb
0 4586654 bfbf000700000000
0 4587814 bfbf000800000000
0 4588199 ffffcccc01e06200
0 4596898 b000000700000000
0 4597715 b000000700000000
0 4600484 bbbb
0 5082235 aaaa
0 5082643 b000000800000000
0 5083239 ffffcccc0713aa00
0 5086910 aaaa
0 5087524 eb00007775003599
0 5088418 eb0000776f0037f8
0 5089207 ea0000776f8037f9
0 5090038 ea000077738030d5
0 5090916 ea0000777580359a
0 5091403 ea0000777780335f
0 5092537 bbbb
0 5101531 bfbf000700000000
0 5102657 bfbf000800000000
0 5103047 ffffcccc01e06200
0 5105865 b000000700000000
0 5107154 b000000700000000
0 5113467 bbbb
0 5148526 b000bbbb00000014
0 5596288 aaaa
0 5596814 b000000800000000
0 5598212 ffffcccc0713aa00
0 5601890 aaaa
0 5602520 eb0000777700335f
0 5603411 eb0000777500359a
0 5604205 eb000077730030d5
0 5604950 eb0000776f0037f9
0 5605870 ea0000776f8037fa
0 5606723 ea000077738030d6
0 5607102 ea00007777803360
0 5608316 bbbb
0 5617202 bfbf000700000000
0 5618356 bfbf000800000000
0 5618738 ffffcccc01e06200
0 5627240 b000000700000000
0 5628080 b000000700000000
0 5630947 bbbb
0 5666168 b000bbbb00000014
0 6112778 aaaa
0 6113322 b000000800000000
0 6114478 ffffcccc0713aa00
0 6117682 aaaa
0 6118310 eb00007777003360
0 6119510 eb000077730030d6
0 6120665 eb0000776f0037fa
0 6121465 ea0000776f8037fb
0 6122345 ea000077738030d7
0 6122738 ea00007777803361
0 6124075 bbbb
0 6133229 bfbf000700000000
0 6134351 bfbf000800000000
0 6134735 ffffcccc01e06200
0 6137877 b000000700000000
0 6139107 b000000700000000
0 6145148 bbbb
0 6180608 b000bbbb00000014
0 6627551 aaaa
0 6627971 b000000800000000
0 6629165 ffffcccc0713aa00
0 6632603 aaaa
0 6633265 eb00007777003361
0 6634209 eb000077730030d7
0 6634768 eb0000776f0037fb
0 6635593 ea0000776f8037fc
0 6636432 ea00007771802474
0 6637819 ea000077738030d8
0 6638966 ea00007777803362
0 6640160 bbbb
0 6649697 bfbf000700000000
0 6650823 bfbf000800000000
0 6651215 ffffcccc01e06200
0 6659783 b000000700000000
0 6660768 b000000700000000
0 6663388 bbbb
0 6698062 b000bbbb00000014
0 7143303 aaaa
0 7143754 b000000800000000
0 7145114 ffffcccc0713aa00
0 7148438 aaaa
0 7149079 eb00007777003362
0 7150540 eb000077730030d8
0 7151303 eb00007771002474
0 7152222 eb0000776f0037fc
0 7152968 ea00007771802475
0 7153976 ea00007777803363
0 7154805 bbbb
0 7163849 bfbf000700000000
0 7164995 bfbf000800000000
0 7165559 ffffcccc01e06200
0 7168419 b000000700000000
0 7169645 b000000700000000
0 7175845 bbbb
0 7211611 b000bbbb00000014
0 7660388 aaaa
0 7660766 b000000800000000
0 7661368 ffffcccc0713aa00
0 7664819 aaaa
0 7665454 eb00007777003363
0 7666669 eb00007771002475
0 8667893 ea0000776f8037fd
0 8668436 ea00007771802476
0 8668822 ea000077738030d9
0 8669219 ea0000777580359b
0 8670368 ea00007777803364
0 8671162 ea0000777980149b
0 8672610 bbbb
0 8681938 bfbf000700000000
0 8683079 bfbf000800000000
0 8683707 ffffcccc01e06200
0 8686726 b000000700000000
0 8687900 b000000700000000
0 8694243 bbbb
0 8729545 b000bbbb00000014
0 8736835 ffff0001000031aa
0 9175934 aaaa
0 9176328 b000000800000000
0 9177726 ffffcccc0713aa00
0 9180092 aaaa
0 9180775 eb0000776f0037fd
0 9183046 eb0000777900149b
0 9183719 eb00007777003364
0 9184734 eb0000777500359b
0 9185308 eb000077730030d9
0 9186642 eb00007771002476
0 9187387 ea0000776f8037fe
0 9188206 ea00007771802477
0 9188593 ea000077738030da
0 9189502 ea0000777580359c
0 9190918 ea00007777803365
0 9191439 ea0000777980149c
0 9192704 bbbb
0 9201910 bfbf000700000000
0 9203043 bfbf000800000000
0 9203427 ffffcccc01e06200
0 9206311 b000000700000000
0 9207475 b000000700000000
0 9214083 bbbb
0 9249329 b000bbbb00000014
0 9694837 aaaa
0 9695199 b000000800000000
0 9696630 ffffcccc0713aa00
0 9698372 aaaa
0 9699053 eb0000776f0037fe
0 9701377 eb0000777900149c
0 9702494 eb00007777003365
0 9703072 eb0000777500359c
0 9703898 eb000077730030da
0 9704744 eb00007771002477
0 9705475 ea0000777580359d
0 9706670 bbbb
0 9715370 bfbf000700000000
0 9716513 bfbf000800000000
0 9717152 ffffcccc01e06200
0 9720026 b000000700000000
0 9721657 b000000700000000
0 9727481 bbbb
0 9763209 b000bbbb00000014
0 10214005 aaaa
0 10214397 b000000800000000
0 10215274 ffffcccc0713aa00
0 10218755 aaaa
0 10219421 eb0000777500359d
0 10220202 ea0000777580359e
0 10221231 bbbb
0 10230147 bfbf000700000000
0 10231279 bfbf000800000000
0 10231661 ffffcccc01e06200
0 10240301 b000000700000000
0 10241375 b000000700000000
0 10243940 bbbb
0 10726547 aaaa
0 10726927 b000000800000000
0 10727838 ffffcccc0713aa00
0 10731110 aaaa
0 10731774 eb0000777500359e
0 10732591 ea0000776f8037ff
0 10733476 ea00007771802478
0 10733895 ea000077738030db
0 10734428 ea0000777580359f
0 10735763 bbbb
0 10744833 bfbf000700000000
0 10745974 bfbf000800000000
0 10746362 ffffcccc01e06200
0 10755081 b000000700000000
0 10756192 b000000700000000
0 10758791 bbbb
0 11240631 aaaa
0 11241002 b000000800000000
0 11242197 ffffcccc0713aa00
0 11244594 aaaa
0 11245274 eb000077730030db
0 11246049 eb00007771002478
0 11247224 eb0000776f0037ff
0 11249717 eb0000777500359f
0 11250426 ea0000776f803800
0 11250817 ea00007771802479
0 11251244 ea000077738030dc
0 11252452 bbbb
0 11261243 bfbf000700000000
0 11262352 bfbf000800000000
0 11262992 ffffcccc01e06200
0 11265901 b000000700000000
0 11267518 b000000700000000
0 11273474 bbbb
0 11310274 b000bbbb00000014
0 11756232 aaaa
0 11756645 b000000800000000
0 11758005 ffffcccc0713aa00
0 11760578 aaaa
0 11761266 eb000077730030dc
0 11761903 eb00007771002479
0 11762207 eb0000776f003800
0 17041582 ea0000776d80013b
0 17042961 ea0000776f803801
0 17043464 ea0000777180247a
0 17043942 ea000077738030dd
0 17044734 ea000077758035a0
0 17045714 ea00007777803366
0 17048277 bbbb
0 17057504 bfbf000700000000
0 17058650 bfbf000800000000
0 17059034 ffffcccc01e06200
0 17061919 b000000700000000
0 17063175 b000000700000000
0 17069583 bbbb
0 17105771 b000bbbb00000014
0 17549750 aaaa
0 17550156 b000000800000000
0 17551569 ffffcccc0713aa00
0 17553940 aaaa
0 17554601 eb0000776d00013b
0 17557459 eb00007777003366
0 17558004 eb000077750035a0
0 17558869 eb000077730030dd
0 17559418 eb0000777100247a
0 17559758 eb0000776f003801
0 17561384 ea0000776d80013c
0 17562574 ea0000776f803802
0 17563250 ea0000777180247b
0 17563725 ea000077738030de
0 17564661 ea000077758035a1
0 17565746 ea00007777803367
0 17566718 bbbb
0 17576287 bfbf000700000000
0 17577450 bfbf000800000000
0 17577832 ffffcccc01e06200
0 17580656 b000000700000000
0 17582301 b000000700000000
0 17588459 bbbb
0 17623834 b000bbbb00000014
0 18069770 aaaa
0 18070225 b000000800000000
0 18071668 ffffcccc0713aa00
0 18074237 aaaa
0 18074959 eb0000776d00013c
0 18077312 eb00007777003367
0 18077935 eb000077750035a1
0 18079373 eb000077730030de
0 18079912 eb0000777100247b
0 18080922 eb0000776f003802
0 18081677 ea0000777180247c
0 18082069 ea00007777803368
0 18082916 bbbb
0 18091722 bfbf000700000000
0 18092864 bfbf000800000000
0 18093247 ffffcccc01e06200
0 18096071 b000000700000000
0 18097712 b000000700000000
0 18103690 bbbb
0 18139730 b000bbbb00000014
0 18587476 aaaa
0 18587863 b000000800000000
0 18589162 ffffcccc0713aa00
0 18592065 aaaa
0 18592744 eb00007777003368
0 18593761 eb0000777100247c
0 18594844 ea0000777180247d
0 18595231 ea00007777803369
0 18596438 bbbb
0 18605134 bfbf000700000000
0 18606292 bfbf000800000000
0 18606676 ffffcccc01e06200
0 18609524 b000000700000000
0 18610753 b000000700000000
0 18617304 bbbb
0 18652010 b000bbbb00000014
0 19102520 aaaa
0 19102916 b000000800000000
0 19103851 ffffcccc0713aa00
0 19107093 aaaa
0 19107533 eb00007777003369
0 19109093 eb0000777100247d
0 19109892 ea0000777180247e
0 19110288 ea000077738030df
0 19110704 ea000077758035a2
0 19111132 ea0000777780336a
0 19112681 bbbb
0 19121500 bfbf000700000000
0 19122634 bfbf000800000000
0 19123016 ffffcccc01e06200
0 19126159 b000000700000000
0 19127451 b000000700000000
0 19133883 bbbb
0 19168814 b000bbbb00000014
0 19616746 aaaa
0 19617247 b000000800000000
0 19618217 ffffcccc0713aa00
0 19622082 aaaa
0 19623098 eb0000777700336a
0 19624034 eb000077750035a2
0 19625402 eb000077730030df
0 19626022 eb0000777100247e
0 19626816 ea000077738030e0
0 19627669 ea000077758035a3
0 19628591 bbbb
0 19637980 bfbf000700000000
0 19639136 bfbf000800000000
0 19639517 ffffcccc01e06200
0 19642652 b000000700000000
0 19643864 b000000700000000
0 19650455 bbbb
0 19685873 b000bbbb00000014
# Core 1 LOG DUMP ==================================================
# DCB 1 ffffff000445ac00 pixels
# DCB 1 ffffff0001b2c200 monitor
1 2495 ffffcccc01b2c200
1 12184534 ffff000100003185
# Core 2 LOG DUMP ==================================================
# DCB 2 ffffff000445ae00 pixels
# DCB 2 ffffff0001b2c400 monitor
2 2457 ffffcccc01b2c400
2 7742502 ffff00010000315c
2 17043663 aaaa
2 17044113 b000000800000000
2 17045120 ffffcccc0445ae00
2 17047215 aaaa
2 17047989 eb0000776d80013b
2 17548499 ea0000776d00013b
2 17549037 bbbb
2 17549785 bfbf000700000000
2 17551291 bfbf000800000000
2 17551928 ffffcccc01b2c400
2 17556120 b000000700000000
2 17557345 bbbb
2 17562949 aaaa
2 17563167 b000000800000000
2 17564085 ffffcccc0445ae00
2 17566178 aaaa
2 17567410 eb0000776d80013c
2 18068053 ea0000776d00013c
2 18068524 bbbb
2 18069230 bfbf000700000000
2 18070702 bfbf000800000000
2 18071506 ffffcccc01b2c400
2 18075182 b000000700000000
2 18076471 bbbb
# Core 3 LOG DUMP ==================================================
# DCB 3 ffffff0006a5c000 pixels
# DCB 3 ffffff0001b2c600 monitor
3 3295 ffffcccc01b2c600
3 1012071 aaaa
3 1012597 b000000800000000
3 1013645 ffffcccc06a5c000
3 1015402 aaaa
3 1015825 eb0000776f8037f4
3 1516538 ea0000776f0037f4
3 1517077 bbbb
3 1517835 bfbf000700000000
3 1519079 bfbf000800000000
3 1520292 ffffcccc01b2c600
3 1524243 b000000700000000
3 1525423 bbbb
3 1526716 aaaa
3 1527419 b000000800000000
3 1528082 ffffcccc06a5c000
3 1530155 aaaa
3 1531065 eb0000776f8037f5
3 2031858 ea0000776f0037f5
3 2032671 bbbb
3 2033390 bfbf000700000000
3 2034549 bfbf000800000000
3 2035285 ffffcccc01b2c600
3 2039194 b000000700000000
3 2040632 bbbb
3 2045954 aaaa
3 2046631 b000000800000000
3 2047283 ffffcccc06a5c000
3 2049268 aaaa
3 2050025 eb0000776f8037f6
3 2550791 ea0000776f0037f6
3 2551609 bbbb
3 2552327 bfbf000700000000
3 2553517 bfbf000800000000
3 2554222 ffffcccc01b2c600
3 2557915 b000000700000000
3 2559261 bbbb
3 2564750 aaaa
3 2565399 b000000800000000
3 2566037 ffffcccc06a5c000
3 2567771 aaaa
3 2568166 eb0000776f8037f7
3 3068932 ea0000776f0037f7
3 3069446 bbbb
3 3070168 bfbf000700000000
3 3071358 bfbf000800000000
3 3072019 ffffcccc01b2c600
3 3075518 b000000700000000
3 3076864 bbbb
3 3469375 ffff000100003134
3 4576460 aaaa
3 4576700 b000000800000000
3 4577288 ffffcccc06a5c000
3 4579033 aaaa
3 4579621 eb0000776f8037f8
3 5080142 ea0000776f0037f8
3 5080651 bbbb
3 5081409 bfbf000700000000
3 5082938 bfbf000800000000
3 5083699 ffffcccc01b2c600
3 5087515 b000000700000000
3 5088927 bbbb
3 5090413 aaaa
3 5090608 b000000800000000
3 5091254 ffffcccc06a5c000
3 5093143 aaaa
3 5093904 eb0000776f8037f9
3 5594420 ea0000776f0037f9
3 5594929 bbbb
3 5595646 bfbf000700000000
3 5597044 bfbf000800000000
3 5598086 ffffcccc01b2c600
3 5601630 b000000700000000
3 5602961 bbbb
3 5607074 aaaa
3 5607261 b000000800000000
3 5608182 ffffcccc06a5c000
3 5609927 aaaa
3 5610511 eb0000776f8037fa
3 6110971 ea0000776f0037fa
3 6111487 bbbb
3 6112210 bfbf000700000000
3 6113650 bfbf000800000000
3 6114308 ffffcccc01b2c600
3 6117933 b000000700000000
3 6119279 bbbb
3 6122703 aaaa
3 6122899 b000000800000000
3 6123833 ffffcccc06a5c000
3 6125566 aaaa
3 6126193 eb0000776f8037fb
3 6626662 ea0000776f0037fb
3 6627185 bbbb
3 6627906 bfbf000700000000
3 6629369 bfbf000800000000
3 6630079 ffffcccc01b2c600
3 6633612 b000000700000000
3 6635012 bbbb
3 6636781 aaaa
3 6637117 b000000800000000
3 6638034 ffffcccc06a5c000
3 6639942 aaaa
3 6640534 eb0000776f8037fc
3 7141025 ea0000776f0037fc
3 7141528 bbbb
3 7142246 bfbf000700000000
3 7143682 bfbf000800000000
3 7144284 ffffcccc01b2c600
3 7147855 b000000700000000
3 7149182 bbbb
3 8668834 aaaa
3 8669041 b000000800000000
3 8669626 ffffcccc06a5c000
3 8671824 aaaa
3 8672813 eb0000776f8037fd
3 9173486 ea0000776f0037fd
3 9173992 bbbb
3 9174725 bfbf000700000000
3 9176223 bfbf000800000000
3 9176963 ffffcccc01b2c600
3 9181551 b000000700000000
3 9182878 bbbb
3 9188589 aaaa
3 9188775 b000000800000000
3 9189751 ffffcccc06a5c000
3 9191903 aaaa
3 9193064 eb0000776f8037fe
3 9694004 ea0000776f0037fe
3 9694506 bbbb
3 9695288 bfbf000700000000
3 9696794 bfbf000800000000
3 9698042 ffffcccc01b2c600
3 9701653 b000000700000000
3 9703358 bbbb
3 10734164 aaaa
3 10734391 b000000800000000
3 10734997 ffffcccc06a5c000
3 10737260 aaaa
3 10737845 eb0000776f8037ff
3 11238361 ea0000776f0037ff
3 11238861 bbbb
3 11239594 bfbf000700000000
3 11240986 bfbf000800000000
3 11241595 ffffcccc01b2c600
3 11245522 b000000700000000
3 11246843 bbbb
3 11251222 aaaa
3 11251408 b000000800000000
3 11252312 ffffcccc06a5c000
3 11254057 aaaa
3 11254647 eb0000776f803800
3 11755121 ea0000776f003800
3 11755624 bbbb
3 11756348 bfbf000700000000
3 11758252 bfbf000800000000
3 11759040 ffffcccc01b2c600
3 11762667 b000000700000000
3 11764011 bbbb
3 17044250 aaaa
3 17044797 b000000800000000
3 17045590 ffffcccc06a5c000
3 17047541 aaaa
3 17048206 eb0000776f803801
3 17548735 ea0000776f003801
3 17549233 bbbb
3 17549972 bfbf000700000000
3 17551523 bfbf000800000000
3 17552550 ffffcccc01b2c600
3 17556156 b000000700000000
3 17557769 bbbb
3 17563759 aaaa
3 17563944 b000000800000000
3 17565097 ffffcccc06a5c000
3 17567269 aaaa
3 17568304 eb0000776f803802
3 18068764 ea0000776f003802
3 18069262 bbbb
3 18069991 bfbf000700000000
3 18071441 bfbf000800000000
3 18072184 ffffcccc01b2c600
3 18076428 b000000700000000
3 18077781 bbbb
# Core 4 LOG DUMP ==================================================
# DCB 4 ffffff0006a5c200 pixels
# DCB 4 ffffff0001b2c800 monitor
4 2599 ffffcccc01b2c800
4 948 b000000700000000
4 5183 bbbb
4 1527662 aaaa
4 1528222 b000000800000000
4 1528812 ffffcccc06a5c200
4 1531357 aaaa
4 1532024 eb00007771802472
4 2032516 ea00007771002472
4 2032985 bbbb
4 2034038 bfbf000700000000
4 2035278 bfbf000800000000
4 2036186 ffffcccc01b2c800
4 2040650 b000000700000000
4 2042224 bbbb
4 2046509 aaaa
4 2046941 b000000800000000
4 2047941 ffffcccc06a5c200
4 2050610 aaaa
4 2051256 eb00007771802473
4 2551792 ea00007771002473
4 2552264 bbbb
4 2553256 bfbf000700000000
4 2554415 bfbf000800000000
4 2555405 ffffcccc01b2c800
4 2559584 b000000700000000
4 2561156 bbbb
4 6638423 aaaa
4 6638807 b000000800000000
4 6639412 ffffcccc06a5c200
4 6641809 aaaa
4 6642426 eb00007771802474
4 7142915 ea00007771002474
4 7143514 bbbb
4 7144739 bfbf000700000000
4 7146336 bfbf000800000000
4 7146958 ffffcccc01b2c800
4 7150599 b000000700000000
4 7151974 bbbb
4 7154381 aaaa
4 7154684 b000000800000000
4 7155336 ffffcccc06a5c200
4 7157582 aaaa
4 7157981 eb00007771802475
4 7658471 ea00007771002475
4 7659038 bbbb
4 7659984 bfbf000700000000
4 7661116 bfbf000800000000
4 7661752 ffffcccc01b2c800
4 7665730 b000000700000000
4 7667242 bbbb
4 8669353 aaaa
4 8669729 b000000800000000
4 8671097 ffffcccc06a5c200
4 8674050 aaaa
4 8674716 eb00007771802476
4 9175217 ea00007771002476
4 9175819 bbbb
4 9176810 bfbf000700000000
4 9178687 bfbf000800000000
4 9179807 ffffcccc01b2c800
4 9183484 b000000700000000
4 9184924 bbbb
4 9189057 aaaa
4 9189526 b000000800000000
4 9190470 ffffcccc06a5c200
4 9193120 aaaa
4 9194582 eb00007771802477
4 9695102 ea00007771002477
4 9695674 bbbb
4 9696622 bfbf000700000000
4 9697925 bfbf000800000000
4 9698359 ffffcccc01b2c800
4 9701868 b000000700000000
4 9703504 bbbb
4 10734329 aaaa
4 10734704 b000000800000000
4 10735769 ffffcccc06a5c200
4 10738351 aaaa
4 10738769 eb00007771802478
4 11239240 ea00007771002478
4 11239823 bbbb
4 11240810 bfbf000700000000
4 11242235 bfbf000800000000
4 11243253 ffffcccc01b2c800
4 11246866 b000000700000000
4 11248361 bbbb
4 11251713 aaaa
4 11252133 b000000800000000
4 11252809 ffffcccc06a5c200
4 11255184 aaaa
4 11255582 eb00007771802479
4 11756044 ea00007771002479
4 11756619 bbbb
4 11757856 bfbf000700000000
4 11759167 bfbf000800000000
4 11759819 ffffcccc01b2c800
4 11763379 b000000700000000
4 11764767 bbbb
4 17044483 aaaa
4 17045102 b000000800000000
4 17046304 ffffcccc06a5c200
4 17048828 aaaa
4 17049495 eb0000777180247a
4 17550007 ea0000777100247a
4 17551060 bbbb
4 17552307 bfbf000700000000
4 17554356 bfbf000800000000
4 17555331 ffffcccc01b2c800
4 17559371 b000000700000000
4 17560739 bbbb
4 17564149 aaaa
4 17564904 b000000800000000
4 17565860 ffffcccc06a5c200
4 17568478 aaaa
4 17569145 eb0000777180247b
4 18069617 ea0000777100247b
4 18070201 bbbb
4 18071686 bfbf000700000000
4 18073676 bfbf000800000000
4 18074097 ffffcccc01b2c800
4 18077627 b000000700000000
4 18079414 bbbb
4 18082485 aaaa
4 18082795 b000000800000000
4 18083492 ffffcccc06a5c200
4 18085483 aaaa
4 18085881 eb0000777180247c
4 18586346 ea0000777100247c
4 18586900 bbbb
4 18587845 bfbf000700000000
4 18589187 bfbf000800000000
4 18589802 ffffcccc01b2c800
4 18593390 b000000700000000
4 18594768 bbbb
4 18595766 aaaa
4 18596036 b000000800000000
4 18596722 ffffcccc06a5c200
4 18599103 aaaa
4 18599501 eb0000777180247d
4 19099999 ea0000777100247d
4 19100579 bbbb
4 19101522 bfbf000700000000
4 19102654 bfbf000800000000
4 19103304 ffffcccc01b2c800
4 19107135 b000000700000000
4 19108495 bbbb
4 19110694 aaaa
4 19110962 b000000800000000
4 19111657 ffffcccc06a5c200
4 19114038 aaaa
4 19114704 eb0000777180247e
4 19615223 ea0000777100247e
4 19615800 bbbb
4 19616744 bfbf000700000000
4 19617914 bfbf000800000000
4 19618535 ffffcccc01b2c800
4 19622104 b000000700000000
4 19623809 bbbb
# Core 5 LOG DUMP ==================================================
5 722 b000000700000000
# DCB 5 ffffff0006a5c400 pixels
# DCB 5 ffffff0001b2ca00 monitor
5 2290 ffffcccc01b2ca00
5 4457 bbbb
5 1528362 aaaa
5 1528902 b000000800000000
5 1529496 ffffcccc06a5c400
5 1531922 aaaa
5 1532547 eb000077738030d3
5 2033030 ea000077730030d3
5 2033509 bbbb
5 2034482 bfbf000700000000
5 2035681 bfbf000800000000
5 2036629 ffffcccc01b2ca00
5 2040131 b000000700000000
5 2041769 bbbb
5 2047378 aaaa
5 2048121 b000000800000000
5 2048765 ffffcccc06a5c400
5 2051327 aaaa
5 2051931 eb000077738030d4
5 2552420 ea000077730030d4
5 2552903 bbbb
5 2553829 bfbf000700000000
5 2555247 bfbf000800000000
5 2556175 ffffcccc01b2ca00
5 2560348 b000000700000000
5 2562058 bbbb
5 5091636 aaaa
5 5091974 b000000800000000
5 5092596 ffffcccc06a5c400
5 5095101 aaaa
5 5095486 eb000077738030d5
5 5595989 ea000077730030d5
5 5596571 bbbb
5 5597515 bfbf000700000000
5 5599175 bfbf000800000000
5 5599740 ffffcccc01b2ca00
5 5603276 b000000700000000
5 5604853 bbbb
5 5607619 aaaa
5 5608025 b000000800000000
5 5608677 ffffcccc06a5c400
5 5610757 aaaa
5 5611142 eb000077738030d6
5 6111640 ea000077730030d6
5 6112154 bbbb
5 6113083 bfbf000700000000
5 6114509 bfbf000800000000
5 6115211 ffffcccc01b2ca00
5 6118787 b000000700000000
5 6120172 bbbb
5 6123145 aaaa
5 6123658 b000000800000000
5 6124336 ffffcccc06a5c400
5 6126471 aaaa
5 6126856 eb000077738030d7
5 6627369 ea000077730030d7
5 6628187 bbbb
5 6629111 bfbf000700000000
5 6630393 bfbf000800000000
5 6630957 ffffcccc01b2ca00
5 6634438 b000000700000000
5 6635879 bbbb
5 6639357 aaaa
5 6639644 b000000800000000
5 6640324 ffffcccc06a5c400
5 6642908 aaaa
5 6643286 eb000077738030d8
5 7143806 ea000077730030d8
5 7144445 bbbb
5 7145831 bfbf000700000000
5 7147206 bfbf000800000000
5 7147575 ffffcccc01b2ca00
5 7151132 b000000700000000
5 7152925 bbbb
5 8669759 aaaa
5 8670384 b000000800000000
5 8670982 ffffcccc06a5c400
5 8673049 aaaa
5 8674292 eb000077738030d9
5 9174847 ea000077730030d9
5 9175379 bbbb
5 9176340 bfbf000700000000
5 9177979 bfbf000800000000
5 9179120 ffffcccc01b2ca00
5 9182621 b000000700000000
5 9184010 bbbb
5 9190034 aaaa
5 9190709 b000000800000000
5 9191365 ffffcccc06a5c400
5 9193410 aaaa
5 9194762 eb000077738030da
5 9695233 ea000077730030da
5 9695774 bbbb
5 9696698 bfbf000700000000
5 9698198 bfbf000800000000
5 9698565 ffffcccc01b2ca00
5 9702634 b000000700000000
5 9704081 bbbb
5 10734784 aaaa
5 10735118 b000000800000000
5 10735740 ffffcccc06a5c400
5 10737752 aaaa
5 10738385 eb000077738030db
5 11238876 ea000077730030db
5 11239397 bbbb
5 11240347 bfbf000700000000
5 11241476 bfbf000800000000
5 11242516 ffffcccc01b2ca00
5 11246048 b000000700000000
5 11247467 bbbb
5 11252510 aaaa
5 11252952 b000000800000000
5 11253604 ffffcccc06a5c400
5 11255602 aaaa
5 11255987 eb000077738030dc
5 11756504 ea000077730030dc
5 11757015 bbbb
5 11757941 bfbf000700000000
5 11759447 bfbf000800000000
5 11760024 ffffcccc01b2ca00
5 11763578 b000000700000000
5 11764960 bbbb
5 17045521 aaaa
5 17046194 b000000800000000
5 17047232 ffffcccc06a5c400
5 17049333 aaaa
5 17049962 eb000077738030dd
5 17550471 ea000077730030dd
5 17551349 bbbb
5 17552297 bfbf000700000000
5 17554071 bfbf000800000000
5 17554433 ffffcccc01b2ca00
5 17558320 b000000700000000
5 17559760 bbbb
5 17565058 aaaa
5 17565812 b000000800000000
5 17566832 ffffcccc06a5c400
5 17568869 aaaa
5 17569506 eb000077738030de
5 18070013 ea000077730030de
5 18070706 bbbb
5 18071644 bfbf000700000000
5 18073315 bfbf000800000000
5 18073876 ffffcccc01b2ca00
5 18077492 b000000700000000
5 18078868 bbbb
5 18394111 ffff0001000030e6
5 19111325 aaaa
5 19111608 b000000800000000
5 19112726 ffffcccc06a5c400
5 19114438 aaaa
5 19115069 eb000077738030df
5 19615601 ea000077730030df
5 19616123 bbbb
5 19616870 bfbf000700000000
5 19618047 bfbf000800000000
5 19619018 ffffcccc01b2ca00
5 19622771 b000000700000000
5 19624133 bbbb
5 19628080 aaaa
5 19628401 b000000800000000
5 19629403 ffffcccc06a5c400
5 19631340 aaaa
5 19631723 eb000077738030e0
5 20132233 ea000077730030e0
# Core 6 LOG DUMP ==================================================
# DCB 6 ffffff0006a5c600 pixels
# DCB 6 ffffff0001b2cc00 monitor
6 2810 ffffcccc01b2cc00
6 1105 b000000700000000
6 5173 bbbb
6 1012557 aaaa
6 1013024 b000000800000000
6 1013612 ffffcccc06a5c600
6 1015648 aaaa
6 1016036 eb00007775803596
6 1516534 ea00007775003596
6 1517121 bbbb
6 1518148 bfbf000700000000
6 1519373 bfbf000800000000
6 1520143 ffffcccc01b2cc00
6 1523762 b000000700000000
6 1525150 bbbb
6 1529685 aaaa
6 1530272 b000000800000000
6 1530918 ffffcccc06a5c600
6 1533438 aaaa
6 1533837 eb00007775803597
6 2034342 ea00007775003597
6 2034824 bbbb
6 2035801 bfbf000700000000
6 2037674 bfbf000800000000
6 2038313 ffffcccc01b2cc00
6 2041778 b000000700000000
6 2043381 bbbb
6 2048702 aaaa
6 2049255 b000000800000000
6 2049926 ffffcccc06a5c600
6 2052344 aaaa
6 2052743 eb00007775803598
6 2553266 ea00007775003598
6 2553856 bbbb
6 2555314 bfbf000700000000
6 2556775 bfbf000800000000
6 2557391 ffffcccc01b2cc00
6 2560935 b000000700000000
6 2562262 bbbb
6 4577284 aaaa
6 4577642 b000000800000000
6 4578235 ffffcccc06a5c600
6 4580436 aaaa
6 4580839 eb00007775803599
6 5081360 ea00007775003599
6 5081969 bbbb
6 5082968 bfbf000700000000
6 5084293 bfbf000800000000
6 5084914 ffffcccc01b2cc00
6 5088416 b000000700000000
6 5089858 bbbb
6 5091879 aaaa
6 5092177 b000000800000000
6 5092831 ffffcccc06a5c600
6 5095232 aaaa
6 5095654 eb0000777580359a
6 5596148 ea0000777500359a
6 5596820 bbbb
6 5598083 bfbf000700000000
6 5599784 bfbf000800000000
6 5600430 ffffcccc01b2cc00
6 5603972 b000000700000000
6 5605396 bbbb
6 8671121 aaaa
6 8671981 b000000800000000
6 8672625 ffffcccc06a5c600
6 8675315 aaaa
6 8675733 eb0000777580359b
6 9176231 ea0000777500359b
6 9176801 bbbb
6 9177761 bfbf000700000000
6 9179588 bfbf000800000000
6 9180019 ffffcccc01b2cc00
6 9183532 b000000700000000
6 9185085 bbbb
6 9191683 aaaa
6 9192243 b000000800000000
6 9192841 ffffcccc06a5c600
6 9195806 aaaa
6 9196226 eb0000777580359c
6 9696701 ea0000777500359c
6 9697673 bbbb
6 9698636 bfbf000700000000
6 9700066 bfbf000800000000
6 9700700 ffffcccc01b2cc00
6 9704269 b000000700000000
6 9705737 bbbb
6 9706972 aaaa
6 9707454 b000000800000000
6 9708102 ffffcccc06a5c600
6 9710154 aaaa
6 9710552 eb0000777580359d
6 10211047 ea0000777500359d
6 10211636 bbbb
6 10212579 bfbf000700000000
6 10213723 bfbf000800000000
6 10214144 ffffcccc01b2cc00
6 10217879 b000000700000000
6 10219361 bbbb
6 10221154 aaaa
6 10221434 b000000800000000
6 10222397 ffffcccc06a5c600
6 10224383 aaaa
6 10224783 eb0000777580359e
6 10725301 ea0000777500359e
6 10725870 bbbb
6 10726816 bfbf000700000000
6 10728162 bfbf000800000000
6 10728794 ffffcccc01b2cc00
6 10732315 b000000700000000
6 10733636 bbbb
6 10735762 aaaa
6 10736041 b000000800000000
6 10737012 ffffcccc06a5c600
6 10739000 aaaa
6 10739395 eb0000777580359f
6 11239877 ea0000777500359f
6 11240465 bbbb
6 11241412 bfbf000700000000
6 11242867 bfbf000800000000
6 11243506 ffffcccc01b2cc00
6 11246926 b000000700000000
6 11248459 bbbb
6 15550662 ffff0001000030bd
6 17046758 aaaa
6 17047304 b000000800000000
6 17048358 ffffcccc06a5c600
6 17050501 aaaa
6 17050912 eb000077758035a0
6 17551456 ea000077750035a0
6 17552217 bbbb
6 17553456 bfbf000700000000
6 17554683 bfbf000800000000
6 17555786 ffffcccc01b2cc00
6 17559686 b000000700000000
6 17561488 bbbb
6 17566148 aaaa
6 17566586 b000000800000000
6 17567516 ffffcccc06a5c600
6 17570156 aaaa
6 17570559 eb000077758035a1
6 18071076 ea000077750035a1
6 18071819 bbbb
6 18072542 bfbf000700000000
6 18074126 bfbf000800000000
6 18074558 ffffcccc01b2cc00
6 18078379 b000000700000000
6 18079762 bbbb
6 19112033 aaaa
6 19112645 b000000800000000
6 19113484 ffffcccc06a5c600
6 19115479 aaaa
6 19115876 eb000077758035a2
6 19616339 ea000077750035a2
6 19616920 bbbb
6 19617656 bfbf000700000000
6 19619011 bfbf000800000000
6 19619735 ffffcccc01b2cc00
6 19623611 b000000700000000
6 19624969 bbbb
6 19628518 aaaa
6 19628788 b000000800000000
6 19629733 ffffcccc06a5c600
6 19631524 aaaa
6 19631921 eb000077758035a3
6 20132419 ea000077750035a3
# Core 7 LOG DUMP ==================================================
# DCB 7 ffffff0006a5c800 pixels
# DCB 7 ffffff0001b2ce00 monitor
7 5270 ffffcccc01b2ce00
7 5092679 aaaa
7 5093382 b000000800000000
7 5093998 ffffcccc06a5c800
7 5095748 aaaa
7 5096126 eb0000777780335f
7 5596849 ea0000777700335f
7 5597570 bbbb
7 5598977 bfbf000700000000
7 5600329 bfbf000800000000
7 5600898 ffffcccc01b2ce00
7 5604404 b000000700000000
7 5605562 bbbb
7 5608467 aaaa
7 5609159 b000000800000000
7 5609834 ffffcccc06a5c800
7 5611609 aaaa
7 5611972 eb00007777803360
7 6112722 ea00007777003360
7 6113197 bbbb
7 6114266 bfbf000700000000
7 6115642 bfbf000800000000
7 6116386 ffffcccc01b2ce00
7 6119919 b000000700000000
7 6121294 bbbb
7 6124093 aaaa
7 6124907 b000000800000000
7 6125578 ffffcccc06a5c800
7 6127319 aaaa
7 6127704 eb00007777803361
7 6628444 ea00007777003361
7 6628949 bbbb
7 6629654 bfbf000700000000
7 6631162 bfbf000800000000
7 6631772 ffffcccc01b2ce00
7 6635222 b000000700000000
7 6636541 bbbb
7 6640194 aaaa
7 6640571 b000000800000000
7 6641544 ffffcccc06a5c800
7 6643280 aaaa
7 6643665 eb00007777803362
7 7144411 ea00007777003362
7 7144931 bbbb
7 7145642 bfbf000700000000
7 7146979 bfbf000800000000
7 7147594 ffffcccc01b2ce00
7 7151105 b000000700000000
7 7152417 bbbb
7 7154789 aaaa
7 7155288 b000000800000000
7 7155947 ffffcccc06a5c800
7 7157674 aaaa
7 7158058 eb00007777803363
7 7658803 ea00007777003363
7 7659320 bbbb
7 7660027 bfbf000700000000
7 7661182 bfbf000800000000
7 7661995 ffffcccc01b2ce00
7 7665890 b000000700000000
7 7667387 bbbb
7 8671636 aaaa
7 8672495 b000000800000000
7 8673132 ffffcccc06a5c800
7 8675540 aaaa
7 8675923 eb00007777803364
7 9176661 ea00007777003364
7 9177502 bbbb
7 9178266 bfbf000700000000
7 9180458 bfbf000800000000
7 9181088 ffffcccc01b2ce00
7 9184841 b000000700000000
7 9186384 bbbb
7 9191813 aaaa
7 9192449 b000000800000000
7 9193040 ffffcccc06a5c800
7 9195598 aaaa
7 9195984 eb00007777803365
7 9696712 ea00007777003365
7 9697719 bbbb
7 9698440 bfbf000700000000
7 9699586 bfbf000800000000
7 9700203 ffffcccc01b2ce00
7 9703692 b000000700000000
7 9705022 bbbb
7 10926115 ffff000100003093
7 17047568 aaaa
7 17048269 b000000800000000
7 17049070 ffffcccc06a5c800
7 17051276 aaaa
7 17051852 eb00007777803366
7 17552362 ea00007777003366
7 17553614 bbbb
7 17554361 bfbf000700000000
7 17555879 bfbf000800000000
7 17556452 ffffcccc01b2ce00
7 17560064 b000000700000000
7 17561965 bbbb
7 17566613 aaaa
7 17567239 b000000800000000
7 17568448 ffffcccc06a5c800
7 17570183 aaaa
7 17570766 eb00007777803367
7 18071267 ea00007777003367
7 18071845 bbbb
7 18072558 bfbf000700000000
7 18074362 bfbf000800000000
7 18074719 ffffcccc01b2ce00
7 18078435 b000000700000000
7 18079996 bbbb
7 18082955 aaaa
7 18083405 b000000800000000
7 18084074 ffffcccc06a5c800
7 18085789 aaaa
7 18086174 eb00007777803368
7 18586667 ea00007777003368
7 18587216 bbbb
7 18587928 bfbf000700000000
7 18589442 bfbf000800000000
7 18590016 ffffcccc01b2ce00
7 18593503 b000000700000000
7 18594913 bbbb
7 18596460 aaaa
7 18596929 b000000800000000
7 18597584 ffffcccc06a5c800
7 18599296 aaaa
7 18599897 eb00007777803369
7 19100399 ea00007777003369
7 19100910 bbbb
7 19101618 bfbf000700000000
7 19103022 bfbf000800000000
7 19103741 ffffcccc01b2ce00
7 19107155 b000000700000000
7 19108721 bbbb
7 19112776 aaaa
7 19113185 b000000800000000
7 19113860 ffffcccc06a5c800
7 19115582 aaaa
7 19116156 eb0000777780336a
7 19616654 ea0000777700336a
7 19617188 bbbb
7 19618054 bfbf000700000000
7 19619633 bfbf000800000000
7 19620192 ffffcccc01b2ce00
7 19623706 b000000700000000
7 19625562 bbbb
# Core 8 LOG DUMP ==================================================
# DCB 8 ffffff0006a5ca00 pixels
# DCB 8 ffffff0001b2d000 monitor
8 3155 ffffcccc01b2d000
8 1530074 aaaa
8 1531129 b000000800000000
8 1531753 ffffcccc06a5ca00
8 1533572 aaaa
8 1533962 eb00007779801499
8 2034655 ea00007779001499
8 2035144 bbbb
8 2036137 bfbf000700000000
8 2037962 bfbf000800000000
8 2038802 ffffcccc01b2d000
8 2042362 b000000700000000
8 2043586 bbbb
8 2049582 aaaa
8 2050489 b000000800000000
8 2051094 ffffcccc06a5ca00
8 2052913 aaaa
8 2053294 eb0000777980149a
8 2554002 ea0000777900149a
8 2555047 bbbb
8 2555766 bfbf000700000000
8 2557721 bfbf000800000000
8 2558386 ffffcccc01b2d000
8 2561978 b000000700000000
8 2563216 bbbb
8 7437599 ffff00010000306a
8 8672902 aaaa
8 8673469 b000000800000000
8 8674103 ffffcccc06a5ca00
8 8675866 aaaa
8 8676442 eb0000777980149b
8 9176940 ea0000777900149b
8 9178145 bbbb
8 9179783 bfbf000700000000
8 9181235 bfbf000800000000
8 9181858 ffffcccc01b2d000
8 9185423 b000000700000000
8 9187120 bbbb
8 9192684 aaaa
8 9193465 b000000800000000
8 9194072 ffffcccc06a5ca00
8 9195830 aaaa
8 9196419 eb0000777980149c
8 9696899 ea0000777900149c
8 9698383 bbbb
8 9699106 bfbf000700000000
8 9701014 bfbf000800000000
8 9701426 ffffcccc01b2d000
8 9705293 b000000700000000
8 9706673 bbbb
# Core 9 LOG DUMP ==================================================
# DCB 9 ffffff0006a5cc00 pixels
# DCB 9 ffffff0001b2d200 monitor
9 4147 ffffcccc01b2d200
9 2726986 ffff000100003041
# Core 10 LOG DUMP ==================================================
# DCB 10 ffffff0006a5ce00 pixels
# DCB 10 ffffff0001b2d400 monitor
10 2954 ffffcccc01b2d400
# Core 11 LOG DUMP ==================================================
# DCB 11 ffffff000713a000 pixels
# DCB 11 ffffff000445a600 e1000n
# DCB 11 ffffff0001b2d600 monitor
11 5668 ffffcccc0445a600
11 6565 ffffcccc01b2d600
11 9478 ffffcccc0445a600
11 19075351 ffff000100002ff1
11 19075745 ffffcccc01b2d600
11 19078717 ffffcccc0445a600
# Core 12 LOG DUMP ==================================================
# DCB 12 ffffff000713a200 pixels
# DCB 12 ffffff0001b2d800 monitor
12 4477 ffffcccc01b2d800
12 16497365 ffff000100002fc8
# Core 13 LOG DUMP ==================================================
# DCB 13 ffffff000713a400 pixels
# DCB 13 ffffff0001b2da00 monitor
13 3203 ffffcccc01b2da00
13 14508374 ffff000100002f9f
# Core 14 LOG DUMP ==================================================
# DCB 14 ffffff000713a600 pixels
# DCB 14 ffffff0001b2dc00 monitor
14 3934 ffffcccc01b2dc00
14 12234508 ffff000100002f76
# Core 15 LOG DUMP ==================================================
# DCB 15 ffffff000713a800 pixels
# DCB 15 ffffff000445a800 bfscope
# DCB 15 ffffff0001b2de00 monitor
15 5221 ffffcccc0445a800
15 5412 ffffcccc01b2de00
15 8100 ffffcccc0445a800
15 5494662 ffff000100002f2e
15 5494999 ffffcccc01b2de00
15 5497654 ffffcccc0445a800
