# Start 372485012709 Duration 20000000 Stop 372505012709
# Core 0 LOG DUMP ==================================================
0 0 1234000000000001
# DCB 0 ffffff000713aa00 fish
# DCB 0 ffffff000445aa00 pixels
# DCB 0 ffffff000445a400 serial
# DCB 0 ffffff000445a200 pci
# DCB 0 ffffff000445a000 skb
# DCB 0 ffffff0001b2c000 chips
# DCB 0 ffffff0001e06000 mem_serv
# DCB 0 ffffff0001e06200 monitor
0 9081 ffffcccc0713aa00
0 10914 ea000077718026c1
0 11648 ea000077738033cb
0 12318 ea000077758037fd
0 12748 ea00007777803666
0 14611 bbbb
0 23262 bfbf000700000000
0 24414 bfbf000800000000
0 24834 ffffcccc01e06200
0 27686 b000000700000000
0 29334 b000000700000000
0 35477 bbbb
0 71134 b000bbbb00000014
0 519389 aaaa
0 519790 b000000800000000
0 520692 ffffcccc0713aa00
0 522889 aaaa
0 523518 eb000077730033cb
0 524245 eb000077710026c1
0 526566 eb00007777003666
0 527279 eb000077750037fd
0 527796 ea000077738033cc
0 528351 ea000077758037fe
0 529240 bbbb
0 538018 bfbf000700000000
0 539165 bfbf000800000000
0 539584 ffffcccc01e06200
0 542736 b000000700000000
0 544340 b000000700000000
0 550203 bbbb
0 585795 b000bbbb00000014
0 1034379 aaaa
0 1034777 b000000800000000
0 1035669 ffffcccc0713aa00
0 1037862 aaaa
0 1038566 eb000077730033cc
0 1040692 eb000077750037fe
0 2042017 ea000077718026c2
0 2042729 ea000077738033cd
0 2043142 ea000077758037ff
0 2044037 bbbb
0 2052635 bfbf000700000000
0 2053735 bfbf000800000000
0 2054408 ffffcccc01e06200
0 2057258 b000000700000000
0 2058450 b000000700000000
0 2064762 bbbb
0 2100559 b000bbbb00000014
0 2548782 aaaa
0 2549159 b000000800000000
0 2550357 ffffcccc0713aa00
0 2552969 aaaa
0 2553612 eb000077730033cd
0 2554365 eb000077710026c2
0 2556177 eb000077750037ff
0 2557498 ea0000776f803ad4
0 2558351 ea000077718026c3
0 2558797 ea000077738033ce
0 2559191 ea00007775803800
0 2560623 ea00007777803667
0 2561768 bbbb
0 2570883 bfbf000700000000
0 2571989 bfbf000800000000
0 2572613 ffffcccc01e06200
0 2581330 b000000700000000
0 2582628 b000000700000000
0 2584830 bbbb
0 2620350 b000bbbb00000014
0 3066106 aaaa
0 3066450 b000000800000000
0 3067620 ffffcccc0713aa00
0 3070047 aaaa
0 3070696 eb000077730033ce
0 3071570 eb000077710026c3
0 3071900 eb0000776f003ad4
0 3073964 eb00007777003667
0 3074466 eb00007775003800
0 3075132 ea0000776f803ad5
0 3075988 ea00007777803668
0 3076825 bbbb
0 3085295 bfbf000700000000
0 3086406 bfbf000800000000
0 3086781 ffffcccc01e06200
0 3089914 b000000700000000
0 3091516 b000000700000000
0 3097507 bbbb
0 3132609 b000bbbb00000014
0 3582356 aaaa
0 3582753 b000000800000000
0 3583626 ffffcccc0713aa00
0 3585954 aaaa
0 3586614 eb0000776f003ad5
0 3588556 eb00007777003668
0 3589269 ea0000776f803ad6
0 3590157 ea00007777803669
0 3591422 bbbb
0 3600224 bfbf000700000000
0 3601355 bfbf000800000000
0 3601736 ffffcccc01e06200
0 3605091 b000000700000000
0 3606120 b000000700000000
0 3612287 bbbb
0 3646880 b000bbbb00000014
0 4095601 aaaa
0 4095979 b000000800000000
0 4097144 ffffcccc0713aa00
0 4099622 aaaa
0 4100288 eb0000776f003ad6
0 4102368 eb00007777003669
0 4103022 ea0000776f803ad7
0 4103865 ea000077718026c4
0 4104319 ea000077738033cf
0 4105206 ea00007775803801
0 4106610 ea0000777780366a
0 4107769 bbbb
0 4116725 bfbf000700000000
0 4117878 bfbf000800000000
0 4118262 ffffcccc01e06200
0 4121086 b000000700000000
0 4122779 b000000700000000
0 4128665 bbbb
0 4163364 b000bbbb00000014
0 4610999 aaaa
0 4611379 b000000800000000
0 4612333 ffffcccc0713aa00
0 4614871 aaaa
0 4615532 eb00007775003801
0 4617384 eb000077730033cf
0 4618118 eb000077710026c4
0 4618757 eb0000776f003ad7
0 4620715 eb0000777700366a
0 4621441 ea000077718026c5
0 4622367 ea000077738033d0
0 4622780 ea00007775803802
0 4623615 bbbb
0 4632756 bfbf000700000000
0 4633878 bfbf000800000000
0 4634257 ffffcccc01e06200
0 4637065 b000000700000000
0 4638801 b000000700000000
0 4644711 bbbb
0 4680155 b000bbbb00000014
0 5128353 aaaa
0 5128776 b000000800000000
0 5129953 ffffcccc0713aa00
0 5132047 aaaa
0 5132652 eb00007775003802
0 5133570 eb000077730033d0
0 5134014 eb000077710026c5
0 5198600 ffff0001000031d2
0 6134956 ea0000776f803ad8
0 6135500 ea00007775803803
0 6136319 bbbb
0 6145211 bfbf000700000000
0 6146324 bfbf000800000000
0 6146980 ffffcccc01e06200
0 6155805 b000000700000000
0 6156677 b000000700000000
0 6159327 bbbb
0 6194668 b000bbbb00000014
0 6643003 aaaa
0 6643355 b000000800000000
0 6644582 ffffcccc0713aa00
0 6646533 aaaa
0 6646938 eb0000776f003ad8
0 6648989 eb00007775003803
0 6649746 ea0000776f803ad9
0 6650193 ea000077738033d1
0 6650602 ea00007775803804
0 6651474 ea0000777780366b
0 6652640 bbbb
0 6661339 bfbf000700000000
0 6662474 bfbf000800000000
0 6662857 ffffcccc01e06200
0 6665901 b000000700000000
0 6667098 b000000700000000
0 6673286 bbbb
0 6708184 b000bbbb00000014
0 7157507 aaaa
0 7157913 b000000800000000
0 7159088 ffffcccc0713aa00
0 7161423 aaaa
0 7162088 eb000077730033d1
0 7163358 eb0000776f003ad9
0 7165168 eb0000777700366b
0 7165857 eb00007775003804
0 7166910 ea0000776f803ada
0 7167400 ea000077738033d2
0 7167807 ea0000777780366c
0 7169003 bbbb
0 7177543 bfbf000700000000
0 7178673 bfbf000800000000
0 7179051 ffffcccc01e06200
0 7181941 b000000700000000
0 7183517 b000000700000000
0 7189636 bbbb
0 7224561 b000bbbb00000014
0 7673796 aaaa
0 7674200 b000000800000000
0 7675407 ffffcccc0713aa00
0 7677383 aaaa
0 7678028 eb000077730033d2
0 7678973 eb0000776f003ada
0 7681137 eb0000777700366c
0 7681896 ea0000776f803adb
0 7682766 ea000077738033d3
0 7683177 ea0000777780366d
0 7684418 bbbb
0 7693035 bfbf000700000000
0 7694156 bfbf000800000000
0 7694539 ffffcccc01e06200
0 7697642 b000000700000000
0 7699225 b000000700000000
0 7705149 bbbb
0 7740026 b000bbbb00000014
0 8189354 aaaa
0 8189730 b000000800000000
0 8190942 ffffcccc0713aa00
0 8193155 aaaa
0 8193792 eb000077730033d3
0 8194560 eb0000776f003adb
0 8196405 eb0000777700366d
0 8197176 ea0000776f803adc
0 8197710 ea000077718026c6
0 8198240 ea000077738033d4
0 8198795 ea0000777780366e
0 8200021 bbbb
0 8208789 bfbf000700000000
0 8209922 bfbf000800000000
0 8210304 ffffcccc01e06200
0 8213146 b000000700000000
0 8214405 b000000700000000
0 8220656 bbbb
0 8255417 b000bbbb00000014
0 8704368 aaaa
0 8705121 b000000800000000
0 8706404 ffffcccc0713aa00
0 8708865 aaaa
0 8709482 eb000077730033d4
0 8710380 eb000077710026c6
0 8710924 eb0000776f003adc
0 8712565 eb0000777700366e
0 8713337 ea000077718026c7
0 8714220 ea0000777780366f
0 8715093 bbbb
0 8723669 bfbf000700000000
0 8724795 bfbf000800000000
0 8725436 ffffcccc01e06200
0 8728250 b000000700000000
0 8729844 b000000700000000
0 8735776 bbbb
0 8770809 b000bbbb00000014
0 9221262 aaaa
0 9221639 b000000800000000
0 9222254 ffffcccc0713aa00
0 9225025 aaaa
0 9225404 eb000077710026c7
0 9227463 eb0000777700366f
0 10228638 ea0000776f803add
0 10229519 ea00007775803805
0 10230332 bbbb
0 10238969 bfbf000700000000
0 10240090 bfbf000800000000
0 10240730 ffffcccc01e06200
0 10243562 b000000700000000
0 10245174 b000000700000000
0 10251045 bbbb
0 10285784 b000bbbb00000014
0 10735510 aaaa
0 10735908 b000000800000000
0 10736882 ffffcccc0713aa00
0 10739531 aaaa
0 10740174 eb00007775003805
0 10741025 eb0000776f003add
0 10741518 ea0000776f803ade
0 10742261 ea000077738033d5
0 10742741 ea00007775803806
0 10743620 ea00007777803670
0 10745835 bbbb
0 10754460 bfbf000700000000
0 10755569 bfbf000800000000
0 10755951 ffffcccc01e06200
0 10759035 b000000700000000
0 10760496 b000000700000000
0 10766446 bbbb
0 10800792 b000bbbb00000014
0 11248926 aaaa
0 11249349 b000000800000000
0 11250218 ffffcccc0713aa00
0 11253636 aaaa
0 11254364 eb00007777003670
0 11255278 eb00007775003806
0 11255919 eb000077730033d5
0 11256764 eb0000776f003ade
0 11257619 ea0000776f803adf
0 11258499 ea000077738033d6
0 11259310 ea00007777803671
0 11260550 bbbb
0 11269227 bfbf000700000000
0 11270381 bfbf000800000000
0 11270763 ffffcccc01e06200
0 11273584 b000000700000000
0 11274835 b000000700000000
0 11281359 bbbb
0 11316118 b000bbbb00000014
0 11764271 aaaa
0 11764651 b000000800000000
0 11765860 ffffcccc0713aa00
0 11769104 aaaa
0 11769810 eb00007777003671
0 11770717 eb000077730033d6
0 11771348 eb0000776f003adf
0 11772564 ea0000776f803ae0
0 11773443 ea000077738033d7
0 11773944 ea00007777803672
0 11775125 bbbb
0 11784064 bfbf000700000000
0 11785219 bfbf000800000000
0 11785603 ffffcccc01e06200
0 11794337 b000000700000000
0 11795244 b000000700000000
0 11798003 bbbb
0 11833834 b000bbbb00000014
0 12280634 aaaa
0 12280999 b000000800000000
0 12281618 ffffcccc0713aa00
0 12284833 aaaa
0 12285870 eb00007777003672
0 12287172 eb000077730033d7
0 12287748 eb0000776f003ae0
0 12288697 ea0000776f803ae1
0 12289362 ea000077718026c8
0 12289875 ea000077738033d8
0 12290406 ea00007777803673
0 12291971 bbbb
0 12301008 bfbf000700000000
0 12302138 bfbf000800000000
0 12302520 ffffcccc01e06200
0 12305288 b000000700000000
0 12306623 b000000700000000
0 12312922 bbbb
0 12347917 b000bbbb00000014
0 12795099 aaaa
0 12795498 b000000800000000
0 12796652 ffffcccc0713aa00
0 12799948 aaaa
0 12800643 eb00007777003673
0 12801770 eb000077730033d8
0 12802576 eb000077710026c8
0 12803241 eb0000776f003ae1
0 12804371 ea000077718026c9
0 12804938 ea00007777803674
0 12806215 bbbb
0 12815185 bfbf000700000000
0 12816317 bfbf000800000000
0 12816957 ffffcccc01e06200
0 12819776 b000000700000000
0 12821027 b000000700000000
0 12827267 bbbb
0 12862759 b000bbbb00000014
0 13311186 aaaa
0 13311612 b000000800000000
0 13312784 ffffcccc0713aa00
0 13316332 aaaa
0 13317015 eb00007777003674
0 13318044 eb000077710026c9
0 14319220 ea000077718026ca
0 14319948 ea000077738033d9
0 14320359 ea00007775803807
0 14321263 bbbb
0 14330158 bfbf000700000000
0 14331317 bfbf000800000000
0 14331708 ffffcccc01e06200
0 14340471 b000000700000000
0 14341374 b000000700000000
0 14344239 bbbb
0 14379678 b000bbbb00000014
0 14826282 aaaa
0 14826651 b000000800000000
0 14827823 ffffcccc0713aa00
0 14831305 aaaa
0 14831975 eb00007775003807
0 14832660 eb000077730033d9
0 14833410 eb000077710026ca
0 14834145 ea0000776f803ae2
0 14834708 ea000077718026cb
0 14835283 ea000077738033da
0 14835792 ea00007775803808
0 14836910 ea00007777803675
0 14837829 bbbb
0 14847035 bfbf000700000000
0 14848176 bfbf000800000000
0 14848558 ffffcccc01e06200
0 14851590 b000000700000000
0 14852826 b000000700000000
0 14859230 bbbb
0 14894835 b000bbbb00000014
0 15341145 aaaa
0 15341539 b000000800000000
0 15342437 ffffcccc0713aa00
0 15345153 aaaa
0 15345996 eb0000776f003ae2
0 15348587 eb00007777003675
0 15349127 eb00007775003808
0 15349425 eb000077730033da
0 15350648 eb000077710026cb
0 15351570 ea0000776f803ae3
0 15352484 ea000077738033db
0 15352989 ea00007777803676
0 15354229 bbbb
0 15363139 bfbf000700000000
0 15364280 bfbf000800000000
0 15364662 ffffcccc01e06200
0 15367538 b000000700000000
0 15369194 b000000700000000
0 15375317 bbbb
0 15411264 b000bbbb00000014
0 15859635 aaaa
0 15860022 b000000800000000
0 15861008 ffffcccc0713aa00
0 15863138 aaaa
0 15863872 eb0000776f003ae3
0 15865785 eb00007777003676
0 15866815 eb000077730033db
0 15867561 ea0000776f803ae4
0 15867977 ea000077738033dc
0 15868364 ea00007777803677
0 15869760 bbbb
0 15878673 bfbf000700000000
0 15879829 bfbf000800000000
0 15880203 ffffcccc01e06200
0 15883413 b000000700000000
0 15884619 b000000700000000
0 15891006 bbbb
0 15926676 b000bbbb00000014
0 16375155 aaaa
0 16375524 b000000800000000
0 16376495 ffffcccc0713aa00
0 16378771 aaaa
0 16379728 eb0000776f003ae4
0 16381699 eb00007777003677
0 16382582 eb000077730033dc
0 16383642 ea0000776f803ae5
0 16384282 ea000077738033dd
0 16384682 ea00007775803809
0 16385096 ea00007777803678
0 16386000 bbbb
0 16395281 bfbf000700000000
0 16396423 bfbf000800000000
0 16396807 ffffcccc01e06200
0 16399689 b000000700000000
0 16401477 b000000700000000
0 16407429 bbbb
0 16443212 b000bbbb00000014
0 16891440 aaaa
0 16891837 b000000800000000
0 16893128 ffffcccc0713aa00
0 16895308 aaaa
0 16895997 eb0000776f003ae5
0 16898217 eb00007777003678
0 16898762 eb00007775003809
0 16899331 eb000077730033dd
0 16900026 ea000077738033de
0 16900537 ea0000777580380a
0 16901358 bbbb
0 16910219 bfbf000700000000
0 16911367 bfbf000800000000
0 16911990 ffffcccc01e06200
0 16914815 b000000700000000
0 16916105 b000000700000000
0 16922571 bbbb
0 16958455 b000bbbb00000014
0 17406609 aaaa
0 17406987 b000000800000000
0 17407613 ffffcccc0713aa00
0 17411091 aaaa
0 17411757 eb0000777500380a
0 17412494 eb000077730033de
# Core 1 LOG DUMP ==================================================
# DCB 1 ffffff000445ac00 pixels
# DCB 1 ffffff0001b2c200 monitor
1 2936 ffffcccc01b2c200
1 8646188 ffff0001000031ad
# Core 2 LOG DUMP ==================================================
# DCB 2 ffffff000445ae00 pixels
# DCB 2 ffffff0001b2c400 monitor
2 3368 ffffcccc01b2c400
2 4204188 ffff000100003184
# Core 3 LOG DUMP ==================================================
# DCB 3 ffffff0006a5c000 pixels
# DCB 3 ffffff0001b2c600 monitor
3 4250 ffffcccc01b2c600
3 2558931 aaaa
3 2559848 b000000800000000
3 2560988 ffffcccc06a5c000
3 2563018 aaaa
3 2563599 eb0000776f803ad4
3 3064338 ea0000776f003ad4
3 3064881 bbbb
3 3065651 bfbf000700000000
3 3066891 bfbf000800000000
3 3068052 ffffcccc01b2c600
3 3072287 b000000700000000
3 3073682 bbbb
3 3076370 aaaa
3 3076837 b000000800000000
3 3077995 ffffcccc06a5c000
3 3079770 aaaa
3 3080184 eb0000776f803ad5
3 3580944 ea0000776f003ad5
3 3581417 bbbb
3 3582134 bfbf000700000000
3 3583302 bfbf000800000000
3 3584335 ffffcccc01b2c600
3 3587893 b000000700000000
3 3589184 bbbb
3 3590514 aaaa
3 3590997 b000000800000000
3 3591637 ffffcccc06a5c000
3 3593378 aaaa
3 3593941 eb0000776f803ad6
3 4094658 ea0000776f003ad6
3 4095150 bbbb
3 4095869 bfbf000700000000
3 4097327 bfbf000800000000
3 4097990 ffffcccc01b2c600
3 4101588 b000000700000000
3 4102953 bbbb
3 4104200 aaaa
3 4104837 b000000800000000
3 4105493 ffffcccc06a5c000
3 4107572 aaaa
3 4108102 eb0000776f803ad7
3 4609025 ea0000776f003ad7
3 4609546 bbbb
3 4610265 bfbf000700000000
3 4611426 bfbf000800000000
3 4612260 ffffcccc01b2c600
3 4615899 b000000700000000
3 4617761 bbbb
3 6136105 aaaa
3 6137023 b000000800000000
3 6137607 ffffcccc06a5c000
3 6139328 aaaa
3 6139722 eb0000776f803ad8
3 6640479 ea0000776f003ad8
3 6640985 bbbb
3 6641717 bfbf000700000000
3 6642909 bfbf000800000000
3 6643759 ffffcccc01b2c600
3 6647393 b000000700000000
3 6648788 bbbb
3 6650567 aaaa
3 6651188 b000000800000000
3 6651869 ffffcccc06a5c000
3 6653988 aaaa
3 6654557 eb0000776f803ad9
3 7155329 ea0000776f003ad9
3 7155894 bbbb
3 7156611 bfbf000700000000
3 7157803 bfbf000800000000
3 7158490 ffffcccc01b2c600
3 7162890 b000000700000000
3 7164434 bbbb
3 7167662 aaaa
3 7168309 b000000800000000
3 7168994 ffffcccc06a5c000
3 7170729 aaaa
3 7171295 eb0000776f803ada
3 7672023 ea0000776f003ada
3 7672543 bbbb
3 7673262 bfbf000700000000
3 7674394 bfbf000800000000
3 7675250 ffffcccc01b2c600
3 7678820 b000000700000000
3 7680251 bbbb
3 7683126 aaaa
3 7683757 b000000800000000
3 7684403 ffffcccc06a5c000
3 7686134 aaaa
3 7686684 eb0000776f803adb
3 8187358 ea0000776f003adb
3 8187860 bbbb
3 8188578 bfbf000700000000
3 8189701 bfbf000800000000
3 8190384 ffffcccc01b2c600
3 8194041 b000000700000000
3 8195373 bbbb
3 8198049 aaaa
3 8198697 b000000800000000
3 8199350 ffffcccc06a5c000
3 8201390 aaaa
3 8201927 eb0000776f803adc
3 8702658 ea0000776f003adc
3 8703170 bbbb
3 8703891 bfbf000700000000
3 8705075 bfbf000800000000
3 8705822 ffffcccc01b2c600
3 8709802 b000000700000000
3 8711228 bbbb
3 10230082 aaaa
3 10230761 b000000800000000
3 10231361 ffffcccc06a5c000
3 10233083 aaaa
3 10233476 eb0000776f803add
3 10734210 ea0000776f003add
3 10734709 bbbb
3 10735449 bfbf000700000000
3 10736598 bfbf000800000000
3 10737597 ffffcccc01b2c600
3 10741399 b000000700000000
3 10742629 b000000800000000
3 10743505 ffffcccc06a5c000
3 10745597 aaaa
3 10746114 eb0000776f803ade
3 11246841 ea0000776f003ade
3 11247343 bbbb
3 11248280 bfbf000700000000
3 11249474 bfbf000800000000
3 11250357 ffffcccc01b2c600
3 11254335 b000000700000000
3 11255737 bbbb
3 11258865 aaaa
3 11259042 b000000800000000
3 11259680 ffffcccc06a5c000
3 11261709 aaaa
3 11262263 eb0000776f803adf
3 11762726 ea0000776f003adf
3 11763227 bbbb
3 11764177 bfbf000700000000
3 11765318 bfbf000800000000
3 11765960 ffffcccc01b2c600
3 11769884 b000000700000000
3 11771305 bbbb
3 11773800 aaaa
3 11773991 b000000800000000
3 11774928 ffffcccc06a5c000
3 11777508 aaaa
3 11777903 eb0000776f803ae0
3 12278381 ea0000776f003ae0
3 12278878 bbbb
3 12279824 bfbf000700000000
3 12281015 bfbf000800000000
3 12281526 ffffcccc01b2c600
3 12285103 b000000700000000
3 12286550 bbbb
3 12289715 aaaa
3 12289902 b000000800000000
3 12290818 ffffcccc06a5c000
3 12293012 aaaa
3 12293556 eb0000776f803ae1
3 12794074 ea0000776f003ae1
3 12794576 bbbb
3 12795550 bfbf000700000000
3 12796818 bfbf000800000000
3 12797448 ffffcccc01b2c600
3 12801049 b000000700000000
3 12802464 bbbb
3 14834987 aaaa
3 14835200 b000000800000000
3 14835858 ffffcccc06a5c000
3 14837877 aaaa
3 14838639 eb0000776f803ae2
3 15339137 ea0000776f003ae2
3 15339636 bbbb
3 15340594 bfbf000700000000
3 15341730 bfbf000800000000
3 15342354 ffffcccc01b2c600
3 15346015 b000000700000000
3 15347659 bbbb
3 15352843 aaaa
3 15353033 b000000800000000
3 15353959 ffffcccc06a5c000
3 15355941 aaaa
3 15356501 eb0000776f803ae3
3 15856967 ea0000776f003ae3
3 15857793 bbbb
3 15858731 bfbf000700000000
3 15859907 bfbf000800000000
3 15860444 ffffcccc01b2c600
3 15864394 b000000700000000
3 15865841 bbbb
3 15868453 aaaa
3 15868640 b000000800000000
3 15869597 ffffcccc06a5c000
3 15871911 aaaa
3 15872305 eb0000776f803ae4
3 16372778 ea0000776f003ae4
3 16373279 bbbb
3 16374217 bfbf000700000000
3 16375427 bfbf000800000000
3 16375945 ffffcccc01b2c600
3 16379962 b000000700000000
3 16381350 bbbb
3 16384737 aaaa
3 16384922 b000000800000000
3 16385578 ffffcccc06a5c000
3 16387608 aaaa
3 16388170 eb0000776f803ae5
3 16888661 ea0000776f003ae5
3 16889826 bbbb
3 16890545 bfbf000700000000
3 16891740 bfbf000800000000
3 16892268 ffffcccc01b2c600
3 16896456 b000000700000000
3 16897872 bbbb
# Core 4 LOG DUMP ==================================================
# DCB 4 ffffff0006a5c200 pixels
# DCB 4 ffffff0001b2c800 monitor
4 3393 ffffcccc01b2c800
4 12389 aaaa
4 13470 b000000800000000
4 14144 ffffcccc06a5c200
4 16198 aaaa
4 16833 eb000077718026c1
4 517578 ea000077710026c1
4 518048 bbbb
4 518811 bfbf000700000000
4 520016 bfbf000800000000
4 521130 ffffcccc01b2c800
4 525135 b000000700000000
4 526475 bbbb
4 2043173 aaaa
4 2043778 b000000800000000
4 2044393 ffffcccc06a5c200
4 2046758 aaaa
4 2047131 eb000077718026c2
4 2547859 ea000077710026c2
4 2548400 bbbb
4 2549133 bfbf000700000000
4 2550632 bfbf000800000000
4 2551901 ffffcccc01b2c800
4 2555561 b000000700000000
4 2556936 bbbb
4 2559212 aaaa
4 2559936 b000000800000000
4 2561351 ffffcccc06a5c200
4 2563728 aaaa
4 2564360 eb000077718026c3
4 3065154 ea000077710026c3
4 3065717 bbbb
4 3066434 bfbf000700000000
4 3067872 bfbf000800000000
4 3068678 ffffcccc01b2c800
4 3072188 b000000700000000
4 3073545 bbbb
4 4104936 aaaa
4 4105309 b000000800000000
4 4106153 ffffcccc06a5c200
4 4108326 aaaa
4 4109328 eb000077718026c4
4 4610114 ea000077710026c4
4 4610835 bbbb
4 4611573 bfbf000700000000
4 4613364 bfbf000800000000
4 4614117 ffffcccc01b2c800
4 4617755 b000000700000000
4 4619256 bbbb
4 4622781 aaaa
4 4623315 b000000800000000
4 4624000 ffffcccc06a5c200
4 4626081 aaaa
4 4626483 eb000077718026c5
4 5127215 ea000077710026c5
4 5127795 bbbb
4 5128513 bfbf000700000000
4 5130132 bfbf000800000000
4 5130915 ffffcccc01b2c800
4 5134452 b000000700000000
4 5135813 bbbb
4 8198949 aaaa
4 8199362 b000000800000000
4 8199965 ffffcccc06a5c200
4 8201709 aaaa
4 8202338 eb000077718026c6
4 8703101 ea000077710026c6
4 8703754 bbbb
4 8704493 bfbf000700000000
4 8705673 bfbf000800000000
4 8706785 ffffcccc01b2c800
4 8710827 b000000700000000
4 8712389 bbbb
4 8714624 aaaa
4 8715189 b000000800000000
4 8716346 ffffcccc06a5c200
4 8718126 aaaa
4 8718525 eb000077718026c7
4 9219305 ea000077710026c7
4 9219877 bbbb
4 9220596 bfbf000700000000
4 9221733 bfbf000800000000
4 9222461 ffffcccc01b2c800
4 9226167 b000000700000000
4 9227626 bbbb
4 12290357 aaaa
4 12290928 b000000800000000
4 12292329 ffffcccc06a5c200
4 12294529 aaaa
4 12294949 eb000077718026c8
4 12795648 ea000077710026c8
4 12796620 bbbb
4 12797350 bfbf000700000000
4 12798718 bfbf000800000000
4 12799370 ffffcccc01b2c800
4 12803024 b000000700000000
4 12804492 bbbb
4 12805616 aaaa
4 12806149 b000000800000000
4 12806805 ffffcccc06a5c200
4 12808928 aaaa
4 12809327 eb000077718026c9
4 13310073 ea000077710026c9
4 13310648 bbbb
4 13311366 bfbf000700000000
4 13312779 bfbf000800000000
4 13313427 ffffcccc01b2c800
4 13317270 b000000700000000
4 13318614 bbbb
4 14320643 aaaa
4 14321018 b000000800000000
4 14321613 ffffcccc06a5c200
4 14323773 aaaa
4 14324191 eb000077718026ca
4 14824977 ea000077710026ca
4 14825689 bbbb
4 14826422 bfbf000700000000
4 14827874 bfbf000800000000
4 14828559 ffffcccc01b2c800
4 14832214 b000000700000000
4 14833647 bbbb
4 14835711 aaaa
4 14836218 b000000800000000
4 14837424 ffffcccc06a5c200
4 14839784 aaaa
4 14840429 eb000077718026cb
4 15341216 ea000077710026cb
4 15341984 bbbb
4 15343234 bfbf000700000000
4 15344832 bfbf000800000000
4 15345483 ffffcccc01b2c800
4 15349262 b000000700000000
4 15350638 bbbb
4 18460357 ffff000100003135
# Core 5 LOG DUMP ==================================================
5 493 bbbb
# DCB 5 ffffff0006a5c400 pixels
# DCB 5 ffffff0001b2ca00 monitor
5 2493 ffffcccc01b2ca00
5 12958 aaaa
5 13297 b000000800000000
5 13896 ffffcccc06a5c400
5 15873 aaaa
5 16737 eb000077738033cb
5 517223 ea000077730033cb
5 517704 bbbb
5 518441 bfbf000700000000
5 519906 bfbf000800000000
5 520635 ffffcccc01b2ca00
5 524136 b000000700000000
5 525410 bbbb
5 528739 aaaa
5 529087 b000000800000000
5 529774 ffffcccc06a5c400
5 531845 aaaa
5 532469 eb000077738033cc
5 1032945 ea000077730033cc
5 1033430 bbbb
5 1034130 bfbf000700000000
5 1035556 bfbf000800000000
5 1036165 ffffcccc01b2ca00
5 1039887 b000000700000000
5 1041239 bbbb
5 2043708 aaaa
5 2044056 b000000800000000
5 2044938 ffffcccc06a5c400
5 2046651 aaaa
5 2047233 eb000077738033cd
5 2547744 ea000077730033cd
5 2548266 bbbb
5 2548977 bfbf000700000000
5 2550398 bfbf000800000000
5 2551095 ffffcccc01b2ca00
5 2554972 b000000700000000
5 2556312 bbbb
5 2559701 aaaa
5 2560406 b000000800000000
5 2561075 ffffcccc06a5c400
5 2563233 aaaa
5 2563864 eb000077738033ce
5 3064387 ea000077730033ce
5 3064914 bbbb
5 3065616 bfbf000700000000
5 3067052 bfbf000800000000
5 3067969 ffffcccc01b2ca00
5 3071498 b000000700000000
5 3072935 bbbb
5 4105958 aaaa
5 4106400 b000000800000000
5 4107022 ffffcccc06a5c400
5 4108909 aaaa
5 4109561 eb000077738033cf
5 4610031 ea000077730033cf
5 4610607 bbbb
5 4611325 bfbf000700000000
5 4612741 bfbf000800000000
5 4613413 ffffcccc01b2ca00
5 4616930 b000000700000000
5 4618281 bbbb
5 4623198 aaaa
5 4623520 b000000800000000
5 4624198 ffffcccc06a5c400
5 4626255 aaaa
5 4626853 eb000077738033d0
5 5127360 ea000077730033d0
5 5127898 bbbb
5 5128600 bfbf000700000000
5 5130044 bfbf000800000000
5 5130661 ffffcccc01b2ca00
5 5134218 b000000700000000
5 5135550 bbbb
5 6651312 aaaa
5 6651629 b000000800000000
5 6652533 ffffcccc06a5c400
5 6654233 aaaa
5 6654842 eb000077738033d1
5 7155366 ea000077730033d1
5 7155906 bbbb
5 7156617 bfbf000700000000
5 7158064 bfbf000800000000
5 7159217 ffffcccc01b2ca00
5 7162809 b000000700000000
5 7164213 bbbb
5 7168217 aaaa
5 7168611 b000000800000000
5 7169296 ffffcccc06a5c400
5 7171362 aaaa
5 7171942 eb000077738033d2
5 7672459 ea000077730033d2
5 7672986 bbbb
5 7673687 bfbf000700000000
5 7675383 bfbf000800000000
5 7676152 ffffcccc01b2ca00
5 7679722 b000000700000000
5 7681068 bbbb
5 7683606 aaaa
5 7684026 b000000800000000
5 7684680 ffffcccc06a5c400
5 7686789 aaaa
5 7687365 eb000077738033d3
5 8187839 ea000077730033d3
5 8188359 bbbb
5 8189061 bfbf000700000000
5 8190474 bfbf000800000000
5 8191056 ffffcccc01b2ca00
5 8195003 b000000700000000
5 8196367 bbbb
5 8199096 aaaa
5 8199525 b000000800000000
5 8200185 ffffcccc06a5c400
5 8202400 aaaa
5 8202978 eb000077738033d4
5 8703454 ea000077730033d4
5 8704035 bbbb
5 8704750 bfbf000700000000
5 8706425 bfbf000800000000
5 8707225 ffffcccc01b2ca00
5 8710778 b000000700000000
5 8712254 bbbb
5 10743620 aaaa
5 10744404 b000000800000000
5 10745040 ffffcccc06a5c400
5 10746792 aaaa
5 10747424 eb000077738033d5
5 11247927 ea000077730033d5
5 11248460 bbbb
5 11249211 bfbf000700000000
5 11250623 bfbf000800000000
5 11251313 ffffcccc01b2ca00
5 11254847 b000000700000000
5 11256207 bbbb
5 11259718 aaaa
5 11260110 b000000800000000
5 11260775 ffffcccc06a5c400
5 11262958 aaaa
5 11263536 eb000077738033d6
5 11764030 ea000077730033d6
5 11764547 bbbb
5 11765639 bfbf000700000000
5 11767102 bfbf000800000000
5 11767675 ffffcccc01b2ca00
5 11771232 b000000700000000
5 11772688 bbbb
5 11774257 aaaa
5 11774733 b000000800000000
5 11775386 ffffcccc06a5c400
5 11777756 aaaa
5 11778335 eb000077738033d7
5 12278832 ea000077730033d7
5 12279354 bbbb
5 12280054 bfbf000700000000
5 12281440 bfbf000800000000
5 12282039 ffffcccc01b2ca00
5 12285882 b000000700000000
5 12287444 bbbb
5 12290745 aaaa
5 12291576 b000000800000000
5 12292263 ffffcccc06a5c400
5 12293987 aaaa
5 12294619 eb000077738033d8
5 12795115 ea000077730033d8
5 12795734 bbbb
5 12796432 bfbf000700000000
5 12797807 bfbf000800000000
5 12798385 ffffcccc01b2ca00
5 12801958 b000000700000000
5 12803330 bbbb
5 14320886 aaaa
5 14321222 b000000800000000
5 14321879 ffffcccc06a5c400
5 14323851 aaaa
5 14324426 eb000077738033d9
5 14824896 ea000077730033d9
5 14825464 bbbb
5 14826182 bfbf000700000000
5 14828029 bfbf000800000000
5 14828809 ffffcccc01b2ca00
5 14832366 b000000700000000
5 14833766 bbbb
5 14836197 aaaa
5 14836679 b000000800000000
5 14837335 ffffcccc06a5c400
5 14839512 aaaa
5 14840129 eb000077738033da
5 14855859 ffff00010000310e
5 15340594 ea000077730033da
5 15341159 bbbb
5 15342120 bfbf000700000000
5 15343972 bfbf000800000000
5 15344546 ffffcccc01b2ca00
5 15348150 b000000700000000
5 15349608 bbbb
5 15353322 aaaa
5 15353770 b000000800000000
5 15354458 ffffcccc06a5c400
5 15356610 aaaa
5 15356995 eb000077738033db
5 15857501 ea000077730033db
5 15858015 bbbb
5 15858939 bfbf000700000000
5 15860077 bfbf000800000000
5 15860913 ffffcccc01b2ca00
5 15864416 b000000700000000
5 15865999 bbbb
5 15868753 aaaa
5 15869356 b000000800000000
5 15870026 ffffcccc06a5c400
5 15872377 aaaa
5 15872762 eb000077738033dc
5 16373268 ea000077730033dc
5 16373788 bbbb
5 16374712 bfbf000700000000
5 16375889 bfbf000800000000
5 16376877 ffffcccc01b2ca00
5 16380582 b000000700000000
5 16381965 bbbb
5 16385181 aaaa
5 16385595 b000000800000000
5 16386240 ffffcccc06a5c400
5 16388599 aaaa
5 16388984 eb000077738033dd
5 16889476 ea000077730033dd
5 16889984 bbbb
5 16890923 bfbf000700000000
5 16892052 bfbf000800000000
5 16892987 ffffcccc01b2ca00
5 16896463 b000000700000000
5 16898138 bbbb
5 16900917 aaaa
5 16901205 b000000800000000
5 16901889 ffffcccc06a5c400
5 16903856 aaaa
5 16904240 eb000077738033de
5 17404708 ea000077730033de
5 17405224 bbbb
5 17406143 bfbf000700000000
5 17407320 bfbf000800000000
5 17407908 ffffcccc01b2ca00
5 17411839 b000000700000000
5 17413180 bbbb
# Core 6 LOG DUMP ==================================================
6 831 bbbb
# DCB 6 ffffff0006a5c600 pixels
# DCB 6 ffffff0001b2cc00 monitor
6 2459 ffffcccc01b2cc00
6 13427 aaaa
6 14028 b000000800000000
6 14622 ffffcccc06a5c600
6 16730 aaaa
6 17412 eb000077758037fd
6 517936 ea000077750037fd
6 518413 bbbb
6 519176 bfbf000700000000
6 520646 bfbf000800000000
6 521624 ffffcccc01b2cc00
6 525150 b000000700000000
6 526558 bbbb
6 529204 aaaa
6 529475 b000000800000000
6 530442 ffffcccc06a5c600
6 532260 aaaa
6 532928 eb000077758037fe
6 1033458 ea000077750037fe
6 1033945 bbbb
6 1034666 bfbf000700000000
6 1036304 bfbf000800000000
6 1036949 ffffcccc01b2cc00
6 1040486 b000000700000000
6 1041757 bbbb
6 2044229 aaaa
6 2044822 b000000800000000
6 2045432 ffffcccc06a5c600
6 2047164 aaaa
6 2047738 eb000077758037ff
6 2548251 ea000077750037ff
6 2548823 bbbb
6 2549560 bfbf000700000000
6 2551314 bfbf000800000000
6 2552019 ffffcccc01b2cc00
6 2555493 b000000700000000
6 2556871 bbbb
6 2561100 aaaa
6 2561819 b000000800000000
6 2562473 ffffcccc06a5c600
6 2564457 aaaa
6 2565035 eb00007775803800
6 3065514 ea00007775003800
6 3066090 bbbb
6 3066811 bfbf000700000000
6 3068598 bfbf000800000000
6 3069214 ffffcccc01b2cc00
6 3072804 b000000700000000
6 3074124 bbbb
6 4107275 aaaa
6 4107603 b000000800000000
6 4108205 ffffcccc06a5c600
6 4110615 aaaa
6 4111200 eb00007775803801
6 4611723 ea00007775003801
6 4612815 bbbb
6 4614259 bfbf000700000000
6 4615657 bfbf000800000000
6 4616260 ffffcccc01b2cc00
6 4619783 b000000700000000
6 4621376 bbbb
6 4623746 aaaa
6 4624149 b000000800000000
6 4624811 ffffcccc06a5c600
6 4626555 aaaa
6 4627136 eb00007775803802
6 5127640 ea00007775003802
6 5128251 bbbb
6 5128968 bfbf000700000000
6 5130906 bfbf000800000000
6 5131527 ffffcccc01b2cc00
6 5135072 b000000700000000
6 5136380 bbbb
6 6136323 aaaa
6 6136847 b000000800000000
6 6137445 ffffcccc06a5c600
6 6139181 aaaa
6 6139759 eb00007775803803
6 6640260 ea00007775003803
6 6640836 bbbb
6 6641568 bfbf000700000000
6 6642963 bfbf000800000000
6 6643361 ffffcccc01b2cc00
6 6647200 b000000700000000
6 6648515 bbbb
6 6651884 aaaa
6 6652593 b000000800000000
6 6653261 ffffcccc06a5c600
6 6655396 aaaa
6 6656016 eb00007775803804
6 7156539 ea00007775003804
6 7157309 bbbb
6 7158029 bfbf000700000000
6 7160061 bfbf000800000000
6 7160685 ffffcccc01b2cc00
6 7164224 b000000700000000
6 7165777 bbbb
6 10230456 aaaa
6 10231126 b000000800000000
6 10231736 ffffcccc06a5c600
6 10233472 aaaa
6 10234051 eb00007775803805
6 10734530 ea00007775003805
6 10735112 bbbb
6 10735845 bfbf000700000000
6 10737409 bfbf000800000000
6 10738304 ffffcccc01b2cc00
6 10741821 b000000700000000
6 10743403 bbbb
6 10744486 aaaa
6 10744747 b000000800000000
6 10745400 ffffcccc06a5c600
6 10747229 aaaa
6 10747856 eb00007775803806
6 11248378 ea00007775003806
6 11248954 bbbb
6 11249676 bfbf000700000000
6 11251713 bfbf000800000000
6 11252330 ffffcccc01b2cc00
6 11255897 b000000700000000
6 11257362 bbbb
6 11660331 ffff0001000030e5
6 14321434 aaaa
6 14321797 b000000800000000
6 14322393 ffffcccc06a5c600
6 14324361 aaaa
6 14324768 eb00007775803807
6 14825283 ea00007775003807
6 14825930 bbbb
6 14826919 bfbf000700000000
6 14828568 bfbf000800000000
6 14829183 ffffcccc01b2cc00
6 14832682 b000000700000000
6 14834459 bbbb
6 14837324 aaaa
6 14837592 b000000800000000
6 14838282 ffffcccc06a5c600
6 14840952 aaaa
6 14841353 eb00007775803808
6 15341873 ea00007775003808
6 15342716 bbbb
6 15343659 bfbf000700000000
6 15345114 bfbf000800000000
6 15345545 ffffcccc01b2cc00
6 15349439 b000000700000000
6 15351071 bbbb
6 16385685 aaaa
6 16386168 b000000800000000
6 16386768 ffffcccc06a5c600
6 16389197 aaaa
6 16389597 eb00007775803809
6 16890131 ea00007775003809
6 16890881 bbbb
6 16891856 bfbf000700000000
6 16893344 bfbf000800000000
6 16893956 ffffcccc01b2cc00
6 16897461 b000000700000000
6 16898939 bbbb
6 16901467 aaaa
6 16901870 b000000800000000
6 16902522 ffffcccc06a5c600
6 16904563 aaaa
6 16904963 eb0000777580380a
6 17405480 ea0000777500380a
6 17406063 bbbb
6 17407022 bfbf000700000000
6 17408358 bfbf000800000000
6 17408976 ffffcccc01b2cc00
6 17412502 b000000700000000
6 17413990 bbbb
# Core 7 LOG DUMP ==================================================
# DCB 7 ffffff0006a5c800 pixels
# DCB 7 ffffff0001b2ce00 monitor
7 4108 ffffcccc01b2ce00
7 15108 aaaa
7 15719 b000000800000000
7 16305 ffffcccc06a5c800
7 18051 aaaa
7 18419 eb00007777803666
7 519108 ea00007777003666
7 519590 bbbb
7 520613 bfbf000700000000
7 522020 bfbf000800000000
7 522762 ffffcccc01b2ce00
7 526365 b000000700000000
7 527573 bbbb
7 2561985 aaaa
7 2562801 b000000800000000
7 2563424 ffffcccc06a5c800
7 2565238 aaaa
7 2565602 eb00007777803667
7 3066347 ea00007777003667
7 3066827 bbbb
7 3067559 bfbf000700000000
7 3069027 bfbf000800000000
7 3069807 ffffcccc01b2ce00
7 3073315 b000000700000000
7 3074560 bbbb
7 3076843 aaaa
7 3077654 b000000800000000
7 3078313 ffffcccc06a5c800
7 3080057 aaaa
7 3080443 eb00007777803668
7 3581196 ea00007777003668
7 3581726 bbbb
7 3582447 bfbf000700000000
7 3583924 bfbf000800000000
7 3584601 ffffcccc01b2ce00
7 3588117 b000000700000000
7 3589463 bbbb
7 3591385 aaaa
7 3592187 b000000800000000
7 3592842 ffffcccc06a5c800
7 3594554 aaaa
7 3594939 eb00007777803669
7 4095687 ea00007777003669
7 4096237 bbbb
7 4096995 bfbf000700000000
7 4098292 bfbf000800000000
7 4098919 ffffcccc01b2ce00
7 4102368 b000000700000000
7 4103818 bbbb
7 4107870 aaaa
7 4108432 b000000800000000
7 4109124 ffffcccc06a5c800
7 4110837 aaaa
7 4111232 eb0000777780366a
7 4611984 ea0000777700366a
7 4612863 bbbb
7 4614036 bfbf000700000000
7 4615242 bfbf000800000000
7 4615864 ffffcccc01b2ce00
7 4619697 b000000700000000
7 4621067 bbbb
7 6652493 aaaa
7 6652863 b000000800000000
7 6653663 ffffcccc06a5c800
7 6655376 aaaa
7 6655760 eb0000777780366b
7 7156484 ea0000777700366b
7 7156997 bbbb
7 7157769 bfbf000700000000
7 7159084 bfbf000800000000
7 7160121 ffffcccc01b2ce00
7 7163649 b000000700000000
7 7164966 bbbb
7 7169038 aaaa
7 7169502 b000000800000000
7 7170159 ffffcccc06a5c800
7 7171913 aaaa
7 7172297 eb0000777780366c
7 7388004 ffff0001000030bb
7 7673046 ea0000777700366c
7 7673463 bbbb
7 7674217 bfbf000700000000
7 7675718 bfbf000800000000
7 7676397 ffffcccc01b2ce00
7 7680121 b000000700000000
7 7681695 bbbb
7 7684491 aaaa
7 7684924 b000000800000000
7 7685592 ffffcccc06a5c800
7 7687307 aaaa
7 7687887 eb0000777780366d
7 8188370 ea0000777700366d
7 8188902 bbbb
7 8189622 bfbf000700000000
7 8191032 bfbf000800000000
7 8191655 ffffcccc01b2ce00
7 8195141 b000000700000000
7 8196573 bbbb
7 8200092 aaaa
7 8200542 b000000800000000
7 8201200 ffffcccc06a5c800
7 8202915 aaaa
7 8203498 eb0000777780366e
7 8703977 ea0000777700366e
7 8704509 bbbb
7 8705232 bfbf000700000000
7 8707133 bfbf000800000000
7 8707695 ffffcccc01b2ce00
7 8711197 b000000700000000
7 8712776 bbbb
7 8715166 aaaa
7 8715594 b000000800000000
7 8716254 ffffcccc06a5c800
7 8717966 aaaa
7 8718537 eb0000777780366f
7 9219028 ea0000777700366f
7 9219534 bbbb
7 9220253 bfbf000700000000
7 9221646 bfbf000800000000
7 9222216 ffffcccc01b2ce00
7 9225624 b000000700000000
7 9227025 bbbb
7 10745471 aaaa
7 10745783 b000000800000000
7 10746405 ffffcccc06a5c800
7 10748344 aaaa
7 10748954 eb00007777803670
7 11249464 ea00007777003670
7 11250053 bbbb
7 11250786 bfbf000700000000
7 11252353 bfbf000800000000
7 11252720 ffffcccc01b2ce00
7 11256286 b000000700000000
7 11257833 bbbb
7 11260695 aaaa
7 11261050 b000000800000000
7 11261709 ffffcccc06a5c800
7 11263445 aaaa
7 11264024 eb00007777803671
7 11764544 ea00007777003671
7 11765113 bbbb
7 11766080 bfbf000700000000
7 11767684 bfbf000800000000
7 11768043 ffffcccc01b2ce00
7 11771519 b000000700000000
7 11773116 bbbb
7 11775185 aaaa
7 11775635 b000000800000000
7 11776289 ffffcccc06a5c800
7 11778000 aaaa
7 11778576 eb00007777803672
7 12279080 ea00007777003672
7 12279587 bbbb
7 12280314 bfbf000700000000
7 12281760 bfbf000800000000
7 12282487 ffffcccc01b2ce00
7 12285999 b000000700000000
7 12287657 bbbb
7 12291956 aaaa
7 12292248 b000000800000000
7 12293184 ffffcccc06a5c800
7 12294906 aaaa
7 12295512 eb00007777803673
7 12795980 ea00007777003673
7 12796673 bbbb
7 12797395 bfbf000700000000
7 12798873 bfbf000800000000
7 12799240 ffffcccc01b2ce00
7 12802695 b000000700000000
7 12804077 bbbb
7 12806202 aaaa
7 12806490 b000000800000000
7 12807438 ffffcccc06a5c800
7 12809164 aaaa
7 12809740 eb00007777803674
7 13310198 ea00007777003674
7 13310715 bbbb
7 13311432 bfbf000700000000
7 13313087 bfbf000800000000
7 13313857 ffffcccc01b2ce00
7 13317302 b000000700000000
7 13318773 bbbb
7 14838050 aaaa
7 14838747 b000000800000000
7 14839340 ffffcccc06a5c800
7 14841054 aaaa
7 14841642 eb00007777803675
7 15342127 ea00007777003675
7 15343222 bbbb
7 15344184 bfbf000700000000
7 15345579 bfbf000800000000
7 15346478 ffffcccc01b2ce00
7 15350380 b000000700000000
7 15351741 bbbb
7 15354278 aaaa
7 15354726 b000000800000000
7 15355395 ffffcccc06a5c800
7 15357131 aaaa
7 15357710 eb00007777803676
7 15858175 ea00007777003676
7 15858690 bbbb
7 15859413 bfbf000700000000
7 15860852 bfbf000800000000
7 15861471 ffffcccc01b2ce00
7 15865180 b000000700000000
7 15866500 bbbb
7 15869851 aaaa
7 15870543 b000000800000000
7 15871201 ffffcccc06a5c800
7 15872916 aaaa
7 15873501 eb00007777803677
7 16373999 ea00007777003677
7 16374516 bbbb
7 16375238 bfbf000700000000
7 16377186 bfbf000800000000
7 16377775 ffffcccc01b2ce00
7 16381184 b000000700000000
7 16382543 bbbb
7 16385928 aaaa
7 16386313 b000000800000000
7 16387275 ffffcccc06a5c800
7 16388987 aaaa
7 16389565 eb00007777803678
7 16890077 ea00007777003678
7 16890586 bbbb
7 16891313 bfbf000700000000
7 16892734 bfbf000800000000
7 16893507 ffffcccc01b2ce00
7 16897342 b000000700000000
7 16898764 bbbb
# Core 8 LOG DUMP ==================================================
# DCB 8 ffffff0006a5ca00 pixels
# DCB 8 ffffff0001b2d000 monitor
8 6318 ffffcccc01b2d000
8 1581 b000000700000000
8 9373 bbbb
8 3899192 ffff000100003092
# Core 9 LOG DUMP ==================================================
# DCB 9 ffffff0006a5cc00 pixels
# DCB 9 ffffff0001b2d200 monitor
9 3454 ffffcccc01b2d200
9 21688934 ffff00010000306a
# Core 10 LOG DUMP ==================================================
# DCB 10 ffffff0006a5ce00 pixels
# DCB 10 ffffff0001b2d400 monitor
10 4896 ffffcccc01b2d400
10 17972576 ffff000100003041
# Core 11 LOG DUMP ==================================================
# DCB 11 ffffff000713a000 pixels
# DCB 11 ffffff000445a600 e1000n
# DCB 11 ffffff0001b2d600 monitor
11 6251 ffffcccc0445a600
11 6725 ffffcccc01b2d600
11 9663 ffffcccc0445a600
11 15536744 ffff000100003019
11 15537116 ffffcccc01b2d600
11 15539961 ffffcccc0445a600
# Core 12 LOG DUMP ==================================================
# DCB 12 ffffff000713a200 pixels
# DCB 12 ffffff0001b2d800 monitor
12 5989 ffffcccc01b2d800
12 12959220 ffff000100002ff0
# Core 13 LOG DUMP ==================================================
# DCB 13 ffffff000713a400 pixels
# DCB 13 ffffff0001b2da00 monitor
13 3209 ffffcccc01b2da00
13 10970595 ffff000100002fc7
# Core 14 LOG DUMP ==================================================
# DCB 14 ffffff000713a600 pixels
# DCB 14 ffffff0001b2dc00 monitor
14 6613 ffffcccc01b2dc00
14 8696897 ffff000100002f9e
# Core 15 LOG DUMP ==================================================
# DCB 15 ffffff000713a800 pixels
# DCB 15 ffffff000445a800 bfscope
# DCB 15 ffffff0001b2de00 monitor
15 5721 ffffcccc0445a800
15 5915 ffffcccc01b2de00
15 9016 ffffcccc0445a800
15 1956971 ffff000100002f56
15 1957301 ffffcccc01b2de00
15 1959981 ffffcccc0445a800
