# Start 370898186778 Duration 20000000 Stop 370918186778
# Core 0 LOG DUMP ==================================================
0 0 1234000000000001
# DCB 0 ffffff000713aa00 fish
# DCB 0 ffffff000445aa00 pixels
# DCB 0 ffffff000445a400 serial
# DCB 0 ffffff000445a200 pci
# DCB 0 ffffff000445a000 skb
# DCB 0 ffffff0001b2c000 chips
# DCB 0 ffffff0001e06000 mem_serv
# DCB 0 ffffff0001e06200 monitor
0 8316 ffffcccc0713aa00
0 9533 ea000077778031da
0 10449 bbbb
0 19251 bfbf000700000000
0 20390 bfbf000800000000
0 20808 ffffcccc01e06200
0 23646 b000000700000000
0 25191 b000000700000000
0 31560 bbbb
0 67334 b000bbbb00000014
0 517150 aaaa
0 517581 b000000800000000
0 518460 ffffcccc0713aa00
0 521676 aaaa
0 522124 eb000077770031da
0 523341 ea00007775803380
0 524127 ea000077778031db
0 525204 bbbb
0 533748 bfbf000700000000
0 534924 bfbf000800000000
0 535345 ffffcccc01e06200
0 544058 b000000700000000
0 544852 b000000700000000
0 547641 bbbb
0 1030024 aaaa
0 1030419 b000000800000000
0 1031298 ffffcccc0713aa00
0 1033343 aaaa
0 1033958 eb00007775003380
0 1036321 eb000077770031db
0 1036904 ea00007775803381
0 1037801 bbbb
0 1046086 bfbf000700000000
0 1047195 bfbf000800000000
0 1047602 ffffcccc01e06200
0 1056666 b000000700000000
0 1057919 b000000700000000
0 1060110 bbbb
0 1095204 b000bbbb00000014
0 1543947 aaaa
0 1544367 b000000800000000
0 1545240 ffffcccc0713aa00
0 1547202 aaaa
0 1547804 eb00007775003381
0 2549055 ea000077718022ee
0 2549829 ea00007773802eff
0 2550285 ea00007775803382
0 2552218 bbbb
0 2560807 bfbf000700000000
0 2561915 bfbf000800000000
0 2562299 ffffcccc01e06200
0 2571238 b000000700000000
0 2572153 b000000700000000
0 2574712 bbbb
0 3056542 aaaa
0 3057449 b000000800000000
0 3058462 ffffcccc0713aa00
0 3060563 aaaa
0 3061206 eb00007773002eff
0 3062231 eb000077710022ee
0 3064553 eb00007775003382
0 3065306 ea0000776f8035cf
0 3065741 ea000077718022ef
0 3066201 ea00007773802f00
0 3067053 ea00007775803383
0 3067565 ea000077778031dc
0 3069074 bbbb
0 3078018 bfbf000700000000
0 3079139 bfbf000800000000
0 3079521 ffffcccc01e06200
0 3082383 b000000700000000
0 3083542 b000000700000000
0 3089809 bbbb
0 3125457 b000bbbb00000014
0 3572702 aaaa
0 3573144 b000000800000000
0 3574493 ffffcccc0713aa00
0 3577214 aaaa
0 3577874 eb00007773002f00
0 3578903 eb000077710022ef
0 3579550 eb0000776f0035cf
0 3581726 eb000077770031dc
0 3582252 eb00007775003383
0 3583247 ea0000776f8035d0
0 3583743 ea00007773802f01
0 3584207 ea000077778031dd
0 3585761 bbbb
0 3594484 bfbf000700000000
0 3595613 bfbf000800000000
0 3595995 ffffcccc01e06200
0 3598883 b000000700000000
0 3600627 b000000700000000
0 3606321 bbbb
0 3640709 b000bbbb00000014
0 4090830 aaaa
0 4091230 b000000800000000
0 4091830 ffffcccc0713aa00
0 4093811 aaaa
0 4094463 eb00007773002f01
0 4095689 eb0000776f0035d0
0 4097271 eb000077770031dd
0 4097946 ea0000776f8035d1
0 4098844 ea00007773802f02
0 4099343 ea000077778031de
0 4100520 bbbb
0 4109121 bfbf000700000000
0 4110255 bfbf000800000000
0 4110897 ffffcccc01e06200
0 4113816 b000000700000000
0 4115320 b000000700000000
0 4121202 bbbb
0 4157219 b000bbbb00000014
0 4606272 aaaa
0 4606617 b000000800000000
0 4607522 ffffcccc0713aa00
0 4609848 aaaa
0 4610456 eb00007773002f02
0 4611309 eb0000776f0035d1
0 4613373 eb000077770031de
0 4614101 ea0000776f8035d2
0 4614490 ea00007773802f03
0 4614911 ea00007775803384
0 4615560 ea000077778031df
0 4616843 bbbb
0 4625569 bfbf000700000000
0 4626689 bfbf000800000000
0 4627071 ffffcccc01e06200
0 4630260 b000000700000000
0 4631336 b000000700000000
0 4637487 bbbb
0 4673634 b000bbbb00000014
0 5121011 aaaa
0 5121554 b000000800000000
0 5122797 ffffcccc0713aa00
0 5125022 aaaa
0 5125652 eb00007775003384
0 5126588 eb00007773002f03
0 5127584 eb0000776f0035d2
0 5129489 eb000077770031df
0 5130242 ea00007773802f04
0 5130758 ea00007775803385
0 5131540 bbbb
0 5140131 bfbf000700000000
0 5141291 bfbf000800000000
0 5141682 ffffcccc01e06200
0 5144594 b000000700000000
0 5146200 b000000700000000
0 5152211 bbbb
0 5187925 b000bbbb00000014
0 5636860 aaaa
0 5637254 b000000800000000
0 5638113 ffffcccc0713aa00
0 5640330 aaaa
0 5640940 eb00007775003385
0 5641883 eb00007773002f04
0 7143814 ea0000776f8035d3
0 7144587 ea000077798013ab
0 7146372 bbbb
0 7154916 bfbf000700000000
0 7156051 bfbf000800000000
0 7156437 ffffcccc01e06200
0 7159578 b000000700000000
0 7160715 b000000700000000
0 7167203 bbbb
0 7202537 b000bbbb00000014
0 7650928 aaaa
0 7651269 b000000800000000
0 7652139 ffffcccc0713aa00
0 7654239 aaaa
0 7654895 eb0000776f0035d3
0 7656854 eb000077790013ab
0 7657626 ea0000776f8035d4
0 7658713 ea000077718022f0
0 7659600 ea00007773802f05
0 7660323 ea00007775803386
0 7660856 ea000077778031e0
0 7661392 ea000077798013ac
0 7663294 bbbb
0 7672120 bfbf000700000000
0 7673264 bfbf000800000000
0 7673649 ffffcccc01e06200
0 7682257 b000000700000000
0 7683497 b000000700000000
0 7686005 bbbb
0 7721300 b000bbbb00000014
0 8165925 aaaa
0 8166278 b000000800000000
0 8168166 ffffcccc0713aa00
0 8171150 aaaa
0 8171876 eb000077770031e0
0 8173240 eb00007775003386
0 8173807 eb00007773002f05
0 8174459 eb000077710022f0
0 8175051 eb0000776f0035d4
0 8177367 eb000077790013ac
0 8178112 ea0000776f8035d5
0 8178984 ea000077718022f1
0 8179425 ea00007773802f06
0 8180312 ea00007775803387
0 8181169 ea000077778031e1
0 8181934 ea000077798013ad
0 8182828 bbbb
0 8191389 bfbf000700000000
0 8192520 bfbf000800000000
0 8192903 ffffcccc01e06200
0 8195720 b000000700000000
0 8197318 b000000700000000
0 8203338 bbbb
0 8238488 b000bbbb00000014
0 8687075 aaaa
0 8687669 b000000800000000
0 8689514 ffffcccc0713aa00
0 8691777 aaaa
0 8692607 eb000077770031e1
0 8693753 eb00007775003387
0 8694646 eb00007773002f06
0 8695968 eb000077710022f1
0 8696643 eb0000776f0035d5
0 8698440 eb000077790013ad
0 8699167 ea0000776f8035d6
0 8699942 bbbb
0 8708203 bfbf000700000000
0 8709357 bfbf000800000000
0 8710001 ffffcccc01e06200
0 8712882 b000000700000000
0 8714418 b000000700000000
0 8720322 bbbb
0 8755523 b000bbbb00000014
0 9370206 aaaa
0 9370711 b000000800000000
0 9371755 ffffcccc0713aa00
0 9374316 aaaa
0 9374684 eb0000776f0035d6
0 11376549 ea00007775803388
0 11378420 bbbb
0 11387093 bfbf000700000000
0 11388207 bfbf000800000000
0 11388591 ffffcccc01e06200
0 11397335 b000000700000000
0 11398392 b000000700000000
0 11400974 bbbb
0 11884800 aaaa
0 11885176 b000000800000000
0 11886510 ffffcccc0713aa00
0 11889622 aaaa
0 11890281 eb00007775003388
0 11891144 ea0000776f8035d7
0 11891892 ea000077718022f2
0 11892362 ea00007773802f07
0 11892745 ea00007775803389
0 11893336 ea000077778031e2
0 11894802 bbbb
0 11903513 bfbf000700000000
0 11904631 bfbf000800000000
0 11905021 ffffcccc01e06200
0 11913958 b000000700000000
0 11914892 b000000700000000
0 11917473 bbbb
0 12398109 aaaa
0 12398725 b000000800000000
0 12400112 ffffcccc0713aa00
0 12402779 aaaa
0 12403503 eb00007773002f07
0 12404453 eb000077710022f2
0 12404754 eb0000776f0035d7
0 12406516 eb000077770031e2
0 12407054 eb00007775003389
0 12407949 ea0000776f8035d8
0 12408812 ea000077718022f3
0 12409272 ea00007773802f08
0 12410229 ea0000777580338a
0 12411146 ea000077778031e3
0 12412061 ea000077798013ae
0 12413087 bbbb
0 12421744 bfbf000700000000
0 12422850 bfbf000800000000
0 12423233 ffffcccc01e06200
0 12426102 b000000700000000
0 12427754 b000000700000000
0 12433874 bbbb
0 12468852 b000bbbb00000014
0 12915871 aaaa
0 12916256 b000000800000000
0 12917890 ffffcccc0713aa00
0 12920462 aaaa
0 12921143 eb00007773002f08
0 12922134 eb000077710022f3
0 12922857 eb0000776f0035d8
0 12925158 eb000077790013ae
0 12925692 eb000077770031e3
0 12925953 eb0000777500338a
0 12927216 ea0000777580338b
0 12928301 ea000077798013af
0 12929141 bbbb
0 12937932 bfbf000700000000
0 12939073 bfbf000800000000
0 12939455 ffffcccc01e06200
0 12942306 b000000700000000
0 12943935 b000000700000000
0 12950114 bbbb
0 12984765 b000bbbb00000014
0 13435165 aaaa
0 13435578 b000000800000000
0 13436528 ffffcccc0713aa00
0 13439925 aaaa
0 13440791 eb000077790013af
0 13442009 eb0000777500338b
0 13442799 ea0000777580338c
0 13443213 ea000077798013b0
0 13444097 bbbb
0 13452827 bfbf000700000000
0 13453980 bfbf000800000000
0 13454362 ffffcccc01e06200
0 13457441 b000000700000000
0 13458624 b000000700000000
0 13465050 bbbb
0 13499987 b000bbbb00000014
0 13950190 aaaa
0 13950582 b000000800000000
0 13951515 ffffcccc0713aa00
0 13954944 aaaa
0 13955607 eb000077790013b0
0 13956534 eb0000777500338c
0 15457967 ea0000776f8035d9
0 15458520 ea0000777580338d
0 15459447 bbbb
0 15468066 bfbf000700000000
0 15469219 bfbf000800000000
0 15469603 ffffcccc01e06200
0 15472458 b000000700000000
0 15473651 b000000700000000
0 15480185 bbbb
0 15515281 b000bbbb00000014
0 15964320 aaaa
0 15964696 b000000800000000
0 15965619 ffffcccc0713aa00
0 15968095 aaaa
0 15968777 eb0000776f0035d9
0 15970962 eb0000777500338d
0 15971750 ea0000776f8035da
0 15972582 ea000077718022f4
0 15972981 ea00007773802f09
0 15973986 ea0000777580338e
0 15975357 ea000077798013b1
0 15976827 bbbb
0 15985501 bfbf000700000000
0 15986637 bfbf000800000000
0 15987279 ffffcccc01e06200
0 15995948 b000000700000000
0 15997286 b000000700000000
0 15999366 bbbb
0 16034022 b000bbbb00000014
0 16478906 aaaa
0 16479441 b000000800000000
0 16480355 ffffcccc0713aa00
0 16482916 aaaa
0 16483663 eb00007773002f09
0 16484787 eb000077710022f4
0 16485319 eb0000776f0035da
0 16487139 eb000077790013b1
0 16487937 eb0000777500338e
0 16488676 ea0000776f8035db
0 16489197 ea000077718022f5
0 16489620 ea00007773802f0a
0 16490597 ea0000777580338f
0 16491555 ea000077798013b2
0 16492922 bbbb
0 16501730 bfbf000700000000
0 16502849 bfbf000800000000
0 16503210 ffffcccc01e06200
0 16506122 b000000700000000
0 16507848 b000000700000000
0 16513776 bbbb
0 16548363 b000bbbb00000014
0 16996806 aaaa
0 16998150 b000000800000000
0 16999359 ffffcccc0713aa00
0 17001659 aaaa
0 17002366 eb00007773002f0a
0 17003742 eb000077710022f5
0 17004278 eb0000776f0035db
0 17006474 eb000077790013b2
0 17007045 eb0000777500338f
0 17007731 ea0000776f8035dc
0 17008925 bbbb
0 17018127 ffff00010000318c
0 17017426 bfbf000700000000
0 17019762 bfbf000800000000
0 17020162 ffffcccc01e06200
0 17028835 b000000700000000
0 17030235 b000000700000000
0 17032696 bbbb
0 17068262 b000bbbb00000014
0 17514447 aaaa
0 17514788 b000000800000000
0 17515646 ffffcccc0713aa00
0 17517833 aaaa
0 17518242 eb0000776f0035dc
0 19019693 ea0000776f8035dd
0 19020243 ea00007775803390
0 19022129 bbbb
0 19030787 bfbf000700000000
0 19031927 bfbf000800000000
0 19032548 ffffcccc01e06200
0 19041210 b000000700000000
0 19042065 b000000700000000
0 19044637 bbbb
0 19525971 aaaa
0 19526339 b000000800000000
0 19527297 ffffcccc0713aa00
0 19530729 aaaa
0 19531684 eb00007775003390
0 19532538 eb0000776f0035dd
0 19533306 ea0000776f8035de
0 19533834 ea00007773802f0b
0 19534479 ea00007775803391
0 19535029 ea000077778031e4
0 19536590 bbbb
0 19545372 bfbf000700000000
0 19546530 bfbf000800000000
0 19546912 ffffcccc01e06200
0 19549761 b000000700000000
0 19551048 b000000700000000
0 19557342 bbbb
0 19591093 b000bbbb00000014
# Core 1 LOG DUMP ==================================================
# DCB 1 ffffff000445ac00 pixels
# DCB 1 ffffff0001b2c200 monitor
1 2513 ffffcccc01b2c200
# Core 2 LOG DUMP ==================================================
# DCB 2 ffffff000445ae00 pixels
# DCB 2 ffffff0001b2c400 monitor
2 2933 ffffcccc01b2c400
2 16023827 ffff00010000313e
# Core 3 LOG DUMP ==================================================
# DCB 3 ffffff0006a5c000 pixels
# DCB 3 ffffff0001b2c600 monitor
3 2419 ffffcccc01b2c600
3 3066148 aaaa
3 3066779 b000000800000000
3 3067376 ffffcccc06a5c000
3 3069333 aaaa
3 3070296 eb0000776f8035cf
3 3571004 ea0000776f0035cf
3 3571478 bbbb
3 3572235 bfbf000700000000
3 3573462 bfbf000800000000
3 3574706 ffffcccc01b2c600
3 3578365 b000000700000000
3 3579525 bbbb
3 3584017 aaaa
3 3584656 b000000800000000
3 3585827 ffffcccc06a5c000
3 3588180 aaaa
3 3588593 eb0000776f8035d0
3 4089364 ea0000776f0035d0
3 4089909 bbbb
3 4090633 bfbf000700000000
3 4091841 bfbf000800000000
3 4092869 ffffcccc01b2c600
3 4096567 b000000700000000
3 4097836 bbbb
3 4099203 aaaa
3 4099861 b000000800000000
3 4100551 ffffcccc06a5c000
3 4102887 aaaa
3 4103280 eb0000776f8035d1
3 4604039 ea0000776f0035d1
3 4604543 bbbb
3 4605261 bfbf000700000000
3 4606401 bfbf000800000000
3 4607053 ffffcccc01b2c600
3 4610924 b000000700000000
3 4612348 bbbb
3 4614851 aaaa
3 4615482 b000000800000000
3 4616137 ffffcccc06a5c000
3 4618359 aaaa
3 4618908 eb0000776f8035d2
3 5119643 ea0000776f0035d2
3 5120217 bbbb
3 5120936 bfbf000700000000
3 5122125 bfbf000800000000
3 5122790 ffffcccc01b2c600
3 5126428 b000000700000000
3 5127765 bbbb
3 7145090 aaaa
3 7145560 b000000800000000
3 7146149 ffffcccc06a5c000
3 7147936 aaaa
3 7148502 eb0000776f8035d3
3 7649237 ea0000776f0035d3
3 7649746 bbbb
3 7650480 bfbf000700000000
3 7651618 bfbf000800000000
3 7652285 ffffcccc01b2c600
3 7656195 b000000700000000
3 7657635 bbbb
3 7659066 aaaa
3 7659442 b000000800000000
3 7660171 ffffcccc06a5c000
3 7662057 aaaa
3 7663476 eb0000776f8035d4
3 8164581 ea0000776f0035d4
3 8165086 bbbb
3 8165811 bfbf000700000000
3 8166942 bfbf000800000000
3 8168041 ffffcccc01b2c600
3 8171682 b000000700000000
3 8173054 bbbb
3 8179354 aaaa
3 8179991 b000000800000000
3 8180652 ffffcccc06a5c000
3 8182494 aaaa
3 8183124 eb0000776f8035d5
3 8684087 ea0000776f0035d5
3 8684926 bbbb
3 8685644 bfbf000700000000
3 8686782 bfbf000800000000
3 8687531 ffffcccc01b2c600
3 8691705 b000000700000000
3 8693039 bbbb
3 8700117 aaaa
3 8700478 b000000800000000
3 8701120 ffffcccc06a5c000
3 8702853 aaaa
3 8703245 eb0000776f8035d6
3 9366345 ea0000776f0035d6
3 9367450 bbbb
3 9368278 bfbf000700000000
3 9369747 bfbf000800000000
3 9370436 ffffcccc01b2c600
3 9374330 b000000700000000
3 9375711 bbbb
3 11750794 ffff000100003116
3 11892669 aaaa
3 11892862 b000000800000000
3 11893800 ffffcccc06a5c000
3 11896152 aaaa
3 11896739 eb0000776f8035d7
3 12397251 ea0000776f0035d7
3 12397757 bbbb
3 12398554 bfbf000700000000
3 12400129 bfbf000800000000
3 12401169 ffffcccc01b2c600
3 12404712 b000000700000000
3 12406034 bbbb
3 12409179 aaaa
3 12409549 b000000800000000
3 12410444 ffffcccc06a5c000
3 12412476 aaaa
3 12413061 eb0000776f8035d8
3 12913540 ea0000776f0035d8
3 12914042 bbbb
3 12914759 bfbf000700000000
3 12916267 bfbf000800000000
3 12917341 ffffcccc01b2c600
3 12921334 b000000700000000
3 12922669 bbbb
3 15459041 aaaa
3 15459261 b000000800000000
3 15459856 ffffcccc06a5c000
3 15461672 aaaa
3 15462261 eb0000776f8035d9
3 15962751 ea0000776f0035d9
3 15963254 bbbb
3 15963986 bfbf000700000000
3 15965366 bfbf000800000000
3 15965876 ffffcccc01b2c600
3 15969431 b000000700000000
3 15970826 bbbb
3 15972960 aaaa
3 15973278 b000000800000000
3 15974208 ffffcccc06a5c000
3 15976146 aaaa
3 15976744 eb0000776f8035da
3 16477232 ea0000776f0035da
3 16477740 bbbb
3 16478461 bfbf000700000000
3 16479955 bfbf000800000000
3 16480550 ffffcccc01b2c600
3 16484219 b000000700000000
3 16485636 bbbb
3 16489575 aaaa
3 16489919 b000000800000000
3 16491041 ffffcccc06a5c000
3 16493002 aaaa
3 16493789 eb0000776f8035db
3 16994311 ea0000776f0035db
3 16994816 bbbb
3 16995534 bfbf000700000000
3 16996983 bfbf000800000000
3 16997529 ffffcccc01b2c600
3 17001030 b000000700000000
3 17002377 bbbb
3 17008911 aaaa
3 17009151 b000000800000000
3 17009793 ffffcccc06a5c000
3 17011522 aaaa
3 17011925 eb0000776f8035dc
3 17512445 ea0000776f0035dc
3 17512952 bbbb
3 17513669 bfbf000700000000
3 17515100 bfbf000800000000
3 17515628 ffffcccc01b2c600
3 17519198 b000000700000000
3 17520576 bbbb
3 19020969 aaaa
3 19021175 b000000800000000
3 19021782 ffffcccc06a5c000
3 19023504 aaaa
3 19024050 eb0000776f8035dd
3 19524524 ea0000776f0035dd
3 19525030 bbbb
3 19525764 bfbf000700000000
3 19527450 bfbf000800000000
3 19528011 ffffcccc01b2c600
3 19531563 b000000700000000
3 19532903 bbbb
3 19534224 aaaa
3 19534542 b000000800000000
3 19535463 ffffcccc06a5c000
3 19537677 aaaa
3 19538268 eb0000776f8035de
3 20038732 ea0000776f0035de
# Core 4 LOG DUMP ==================================================
# DCB 4 ffffff0006a5c200 pixels
# DCB 4 ffffff0001b2c800 monitor
4 5942 ffffcccc01b2c800
4 2550495 aaaa
4 2551105 b000000800000000
4 2551719 ffffcccc06a5c200
4 2553546 aaaa
4 2554155 eb000077718022ee
4 3054848 ea000077710022ee
4 3055326 bbbb
4 3056085 bfbf000700000000
4 3057326 bfbf000800000000
4 3058142 ffffcccc01b2c800
4 3062023 b000000700000000
4 3063228 bbbb
4 3066687 aaaa
4 3067335 b000000800000000
4 3068281 ffffcccc06a5c200
4 3070442 aaaa
4 3071049 eb000077718022ef
4 3571757 ea000077710022ef
4 3572243 bbbb
4 3572969 bfbf000700000000
4 3574298 bfbf000800000000
4 3575545 ffffcccc01b2c800
4 3579478 b000000700000000
4 3581159 bbbb
4 7660410 aaaa
4 7661548 b000000800000000
4 7662212 ffffcccc06a5c200
4 7664823 aaaa
4 7665570 eb000077718022f0
4 7778721 ffff0001000030ee
4 8166348 ea000077710022f0
4 8167665 bbbb
4 8169418 bfbf000700000000
4 8171279 bfbf000800000000
4 8172023 ffffcccc01b2c800
4 8176005 b000000700000000
4 8177706 bbbb
4 8179838 aaaa
4 8180271 b000000800000000
4 8180957 ffffcccc06a5c200
4 8183115 aaaa
4 8184077 eb000077718022f1
4 8684549 ea000077710022f1
4 8685118 bbbb
4 8685837 bfbf000700000000
4 8687238 bfbf000800000000
4 8687628 ffffcccc01b2c800
4 8691957 b000000700000000
4 8693474 bbbb
4 11892891 aaaa
4 11893696 b000000800000000
4 11895460 ffffcccc06a5c200
4 11897774 aaaa
4 11898351 eb000077718022f2
4 12398857 ea000077710022f2
4 12400074 bbbb
4 12400806 bfbf000700000000
4 12402558 bfbf000800000000
4 12402974 ffffcccc01b2c800
4 12406917 b000000700000000
4 12408722 bbbb
4 12410026 aaaa
4 12410298 b000000800000000
4 12411528 ffffcccc06a5c200
4 12413669 aaaa
4 12414277 eb000077718022f3
4 12914810 ea000077710022f3
4 12915399 bbbb
4 12916132 bfbf000700000000
4 12917941 bfbf000800000000
4 12919161 ffffcccc01b2c800
4 12922727 b000000700000000
4 12924577 bbbb
4 15973561 aaaa
4 15974052 b000000800000000
4 15975160 ffffcccc06a5c200
4 15977089 aaaa
4 15978018 eb000077718022f4
4 16478513 ea000077710022f4
4 16479084 bbbb
4 16479820 bfbf000700000000
4 16481411 bfbf000800000000
4 16482044 ffffcccc01b2c800
4 16485683 b000000700000000
4 16487048 bbbb
4 16489991 aaaa
4 16490931 b000000800000000
4 16492020 ffffcccc06a5c200
4 16494461 aaaa
4 16495090 eb000077718022f5
4 16995569 ea000077710022f5
4 16996158 bbbb
4 16996877 bfbf000700000000
4 16999569 bfbf000800000000
4 17000199 ffffcccc01b2c800
4 17003817 b000000700000000
4 17005292 bbbb
# Core 5 LOG DUMP ==================================================
# DCB 5 ffffff0006a5c400 pixels
# DCB 5 ffffff0001b2ca00 monitor
5 3435 ffffcccc01b2ca00
5 2551003 aaaa
5 2551561 b000000800000000
5 2552150 ffffcccc06a5c400
5 2553890 aaaa
5 2554516 eb00007773802eff
5 3055223 ea00007773002eff
5 3055700 bbbb
5 3056445 bfbf000700000000
5 3057635 bfbf000800000000
5 3058612 ffffcccc01b2ca00
5 3062181 b000000700000000
5 3063677 bbbb
5 3067453 aaaa
5 3068907 b000000800000000
5 3069554 ffffcccc06a5c400
5 3072075 aaaa
5 3072439 eb00007773802f00
5 3573185 ea00007773002f00
5 3573847 bbbb
5 3575259 bfbf000700000000
5 3576846 bfbf000800000000
5 3577422 ffffcccc01b2ca00
5 3581282 b000000700000000
5 3582592 bbbb
5 3584547 aaaa
5 3585512 b000000800000000
5 3586190 ffffcccc06a5c400
5 3588401 aaaa
5 3588786 eb00007773802f01
5 4089522 ea00007773002f01
5 4090030 bbbb
5 4090732 bfbf000700000000
5 4091864 bfbf000800000000
5 4092750 ffffcccc01b2ca00
5 4096221 b000000700000000
5 4097577 bbbb
5 4099743 aaaa
5 4100166 b000000800000000
5 4100821 ffffcccc06a5c400
5 4103091 aaaa
5 4103476 eb00007773802f02
5 4174812 ffff0001000030c7
5 4604246 ea00007773002f02
5 4604643 bbbb
5 4605384 bfbf000700000000
5 4606869 bfbf000800000000
5 4607489 ffffcccc01b2ca00
5 4611068 b000000700000000
5 4612469 bbbb
5 4615308 aaaa
5 4615767 b000000800000000
5 4616687 ffffcccc06a5c400
5 4618412 aaaa
5 4619172 eb00007773802f03
5 5119670 ea00007773002f03
5 5120206 bbbb
5 5120904 bfbf000700000000
5 5122341 bfbf000800000000
5 5122935 ffffcccc01b2ca00
5 5126677 b000000700000000
5 5128299 bbbb
5 5131134 aaaa
5 5131451 b000000800000000
5 5132144 ffffcccc06a5c400
5 5134021 aaaa
5 5134631 eb00007773802f04
5 5635100 ea00007773002f04
5 5635612 bbbb
5 5636314 bfbf000700000000
5 5637769 bfbf000800000000
5 5638356 ffffcccc01b2ca00
5 5641910 b000000700000000
5 5643253 bbbb
5 7661059 aaaa
5 7661396 b000000800000000
5 7661991 ffffcccc06a5c400
5 7664469 aaaa
5 7665110 eb00007773802f05
5 8165631 ea00007773002f05
5 8166147 bbbb
5 8167254 bfbf000700000000
5 8169528 bfbf000800000000
5 8170368 ffffcccc01b2ca00
5 8173961 b000000700000000
5 8175350 bbbb
5 8180704 aaaa
5 8181065 b000000800000000
5 8181725 ffffcccc06a5c400
5 8183648 aaaa
5 8184816 eb00007773802f06
5 8685349 ea00007773002f06
5 8685862 bbbb
5 8686560 bfbf000700000000
5 8687997 bfbf000800000000
5 8689401 ffffcccc01b2ca00
5 8692982 b000000700000000
5 8694572 bbbb
5 11893356 aaaa
5 11894130 b000000800000000
5 11894958 ffffcccc06a5c400
5 11897031 aaaa
5 11897611 eb00007773802f07
5 12398090 ea00007773002f07
5 12398603 bbbb
5 12399926 bfbf000700000000
5 12401505 bfbf000800000000
5 12402123 ffffcccc01b2ca00
5 12405666 b000000700000000
5 12407131 bbbb
5 12410715 aaaa
5 12411243 b000000800000000
5 12412175 ffffcccc06a5c400
5 12413926 aaaa
5 12414574 eb00007773802f08
5 12915070 ea00007773002f08
5 12915585 bbbb
5 12916286 bfbf000700000000
5 12917918 bfbf000800000000
5 12918940 ffffcccc01b2ca00
5 12922515 b000000700000000
5 12924084 bbbb
5 15974583 aaaa
5 15975151 b000000800000000
5 15975752 ffffcccc06a5c400
5 15977666 aaaa
5 15978305 eb00007773802f09
5 16478834 ea00007773002f09
5 16479359 bbbb
5 16480233 bfbf000700000000
5 16481646 bfbf000800000000
5 16482276 ffffcccc01b2ca00
5 16485813 b000000700000000
5 16487424 bbbb
5 16491102 aaaa
5 16491789 b000000800000000
5 16492784 ffffcccc06a5c400
5 16494549 aaaa
5 16495338 eb00007773802f0a
5 16995805 ea00007773002f0a
5 16996331 bbbb
5 16997031 bfbf000700000000
5 16998625 bfbf000800000000
5 16999486 ffffcccc01b2ca00
5 17003068 b000000700000000
5 17004441 bbbb
5 19535226 aaaa
5 19535523 b000000800000000
5 19536933 ffffcccc06a5c400
5 19539045 aaaa
5 19539431 eb00007773802f0b
# Core 6 LOG DUMP ==================================================
# DCB 6 ffffff0006a5c600 pixels
# DCB 6 ffffff0001b2cc00 monitor
6 4794 ffffcccc01b2cc00
6 524725 aaaa
6 525385 b000000800000000
6 526200 ffffcccc06a5c600
6 527993 aaaa
6 528383 eb00007775803380
6 979052 ffff00010000309e
6 1029105 ea00007775003380
6 1029522 bbbb
6 1030281 bfbf000700000000
6 1031967 bfbf000800000000
6 1032625 ffffcccc01b2cc00
6 1036365 b000000700000000
6 1037772 b000000800000000
6 1038853 ffffcccc06a5c600
6 1040731 aaaa
6 1041109 eb00007775803381
6 1541604 ea00007775003381
6 1542267 bbbb
6 1542986 bfbf000700000000
6 1544104 bfbf000800000000
6 1544766 ffffcccc01b2cc00
6 1548543 b000000700000000
6 1549805 bbbb
6 2551412 aaaa
6 2551806 b000000800000000
6 2552645 ffffcccc06a5c600
6 2554565 aaaa
6 2554963 eb00007775803382
6 3055448 ea00007775003382
6 3056022 bbbb
6 3056756 bfbf000700000000
6 3058188 bfbf000800000000
6 3058868 ffffcccc01b2cc00
6 3062845 b000000700000000
6 3064166 bbbb
6 3067995 aaaa
6 3068476 b000000800000000
6 3069406 ffffcccc06a5c600
6 3071408 aaaa
6 3071807 eb00007775803383
6 3572332 ea00007775003383
6 3572960 bbbb
6 3574104 bfbf000700000000
6 3575886 bfbf000800000000
6 3576503 ffffcccc01b2cc00
6 3580215 b000000700000000
6 3581548 bbbb
6 4615938 aaaa
6 4616498 b000000800000000
6 4617376 ffffcccc06a5c600
6 4619347 aaaa
6 4619747 eb00007775803384
6 5120229 ea00007775003384
6 5120795 bbbb
6 5121529 bfbf000700000000
6 5123010 bfbf000800000000
6 5123817 ffffcccc01b2cc00
6 5127674 b000000700000000
6 5129341 bbbb
6 5131578 aaaa
6 5132031 b000000800000000
6 5132930 ffffcccc06a5c600
6 5134676 aaaa
6 5135074 eb00007775803385
6 5635542 ea00007775003385
6 5636117 bbbb
6 5636836 bfbf000700000000
6 5637971 bfbf000800000000
6 5638617 ffffcccc01b2cc00
6 5642532 b000000700000000
6 5643835 bbbb
6 7661286 aaaa
6 7661961 b000000800000000
6 7663067 ffffcccc06a5c600
6 7664832 aaaa
6 7665806 eb00007775803386
6 8166293 ea00007775003386
6 8167185 bbbb
6 8167915 bfbf000700000000
6 8170043 bfbf000800000000
6 8170674 ffffcccc01b2cc00
6 8174491 b000000700000000
6 8175924 bbbb
6 8182233 aaaa
6 8182566 b000000800000000
6 8183411 ffffcccc06a5c600
6 8185951 aaaa
6 8186373 eb00007775803387
6 8686835 ea00007775003387
6 8687438 bbbb
6 8688647 bfbf000700000000
6 8689788 bfbf000800000000
6 8690655 ffffcccc01b2cc00
6 8694456 b000000700000000
6 8695967 bbbb
6 11377638 aaaa
6 11378180 b000000800000000
6 11379230 ffffcccc06a5c600
6 11381369 aaaa
6 11381768 eb00007775803388
6 11882267 ea00007775003388
6 11882837 bbbb
6 11883571 bfbf000700000000
6 11884754 bfbf000800000000
6 11885151 ffffcccc01b2cc00
6 11889009 b000000700000000
6 11890317 bbbb
6 11893679 aaaa
6 11894283 b000000800000000
6 11895179 ffffcccc06a5c600
6 11897382 aaaa
6 11897802 eb00007775803389
6 12398322 ea00007775003389
6 12399149 bbbb
6 12399909 bfbf000700000000
6 12401268 bfbf000800000000
6 12401876 ffffcccc01b2cc00
6 12405574 b000000700000000
6 12406908 bbbb
6 12411573 aaaa
6 12412177 b000000800000000
6 12413097 ffffcccc06a5c600
6 12414823 aaaa
6 12415460 eb0000777580338a
6 12915984 ea0000777500338a
6 12916721 bbbb
6 12917438 bfbf000700000000
6 12919089 bfbf000800000000
6 12919905 ffffcccc01b2cc00
6 12923677 b000000700000000
6 12925094 bbbb
6 12928691 aaaa
6 12928965 b000000800000000
6 12929870 ffffcccc06a5c600
6 12931819 aaaa
6 12932217 eb0000777580338b
6 13432736 ea0000777500338b
6 13433308 bbbb
6 13434041 bfbf000700000000
6 13435174 bfbf000800000000
6 13435938 ffffcccc01b2cc00
6 13439852 b000000700000000
6 13441218 bbbb
6 13443603 aaaa
6 13443873 b000000800000000
6 13444756 ffffcccc06a5c600
6 13446723 aaaa
6 13447123 eb0000777580338c
6 13947626 ea0000777500338c
6 13948214 bbbb
6 13948931 bfbf000700000000
6 13950115 bfbf000800000000
6 13950514 ffffcccc01b2cc00
6 13954638 b000000700000000
6 13956008 bbbb
6 15459807 aaaa
6 15460337 b000000800000000
6 15461177 ffffcccc06a5c600
6 15462914 aaaa
6 15463313 eb0000777580338d
6 15963827 ea0000777500338d
6 15964471 bbbb
6 15965420 bfbf000700000000
6 15966961 bfbf000800000000
6 15967587 ffffcccc01b2cc00
6 15971329 b000000700000000
6 15972755 bbbb
6 15975781 aaaa
6 15976226 b000000800000000
6 15977141 ffffcccc06a5c600
6 15979384 aaaa
6 15979804 eb0000777580338e
6 16480304 ea0000777500338e
6 16481097 bbbb
6 16482094 bfbf000700000000
6 16483293 bfbf000800000000
6 16483932 ffffcccc01b2cc00
6 16487967 b000000700000000
6 16489402 bbbb
6 16491979 aaaa
6 16492507 b000000800000000
6 16493400 ffffcccc06a5c600
6 16495634 aaaa
6 16496037 eb0000777580338f
6 16996530 ea0000777500338f
6 16997128 bbbb
6 16998401 bfbf000700000000
6 17000046 bfbf000800000000
6 17000811 ffffcccc01b2cc00
6 17004508 b000000700000000
6 17005888 bbbb
6 19021335 aaaa
6 19021662 b000000800000000
6 19022498 ffffcccc06a5c600
6 19024427 aaaa
6 19024826 eb00007775803390
6 19525316 ea00007775003390
6 19525887 bbbb
6 19526616 bfbf000700000000
6 19528035 bfbf000800000000
6 19528655 ffffcccc01b2cc00
6 19532476 b000000700000000
6 19534050 bbbb
6 19535358 aaaa
6 19536207 b000000800000000
6 19537111 ffffcccc06a5c600
6 19539383 aaaa
6 19539781 eb00007775803391
# Core 7 LOG DUMP ==================================================
# DCB 7 ffffff0006a5c800 pixels
# DCB 7 ffffff0001b2ce00 monitor
7 3965 ffffcccc01b2ce00
7 10819 aaaa
7 11375 b000000800000000
7 11960 ffffcccc06a5c800
7 13698 aaaa
7 14074 eb000077778031da
7 514805 ea000077770031da
7 515294 bbbb
7 516041 bfbf000700000000
7 517289 bfbf000800000000
7 518112 ffffcccc01b2ce00
7 521844 b000000700000000
7 523062 bbbb
7 524996 aaaa
7 526012 b000000800000000
7 526699 ffffcccc06a5c800
7 528460 aaaa
7 528824 eb000077778031db
7 1029552 ea000077770031db
7 1030032 bbbb
7 1030744 bfbf000700000000
7 1032046 bfbf000800000000
7 1032968 ffffcccc01b2ce00
7 1036478 b000000700000000
7 1037756 bbbb
7 3069397 aaaa
7 3070254 b000000800000000
7 3070868 ffffcccc06a5c800
7 3072578 aaaa
7 3072965 eb000077778031dc
7 3573707 ea000077770031dc
7 3574512 bbbb
7 3575240 bfbf000700000000
7 3576600 bfbf000800000000
7 3577221 ffffcccc01b2ce00
7 3580791 b000000700000000
7 3582129 bbbb
7 3585842 aaaa
7 3586587 b000000800000000
7 3587244 ffffcccc06a5c800
7 3588982 aaaa
7 3589367 eb000077778031dd
7 4090120 ea000077770031dd
7 4090646 bbbb
7 4091361 bfbf000700000000
7 4092656 bfbf000800000000
7 4093272 ffffcccc01b2ce00
7 4096720 b000000700000000
7 4098132 bbbb
7 4100573 aaaa
7 4101030 b000000800000000
7 4101702 ffffcccc06a5c800
7 4103413 aaaa
7 4103798 eb000077778031de
7 4604574 ea000077770031de
7 4605095 bbbb
7 4605807 bfbf000700000000
7 4606984 bfbf000800000000
7 4607909 ffffcccc01b2ce00
7 4611576 b000000700000000
7 4612905 bbbb
7 4616890 aaaa
7 4617354 b000000800000000
7 4618051 ffffcccc06a5c800
7 4619790 aaaa
7 4620170 eb000077778031df
7 5120937 ea000077770031df
7 5121773 bbbb
7 5122479 bfbf000700000000
7 5123960 bfbf000800000000
7 5124582 ffffcccc01b2ce00
7 5127998 b000000700000000
7 5129466 bbbb
7 7661970 aaaa
7 7662382 b000000800000000
7 7662977 ffffcccc06a5c800
7 7664713 aaaa
7 7665350 eb000077778031e0
7 8166123 ea000077770031e0
7 8166646 bbbb
7 8167367 bfbf000700000000
7 8169117 bfbf000800000000
7 8169933 ffffcccc01b2ce00
7 8173547 b000000700000000
7 8174931 bbbb
7 8182301 aaaa
7 8182815 b000000800000000
7 8183435 ffffcccc06a5c800
7 8186060 aaaa
7 8186445 eb000077778031e1
7 8687222 ea000077770031e1
7 8687889 bbbb
7 8688610 bfbf000700000000
7 8689759 bfbf000800000000
7 8690402 ffffcccc01b2ce00
7 8693949 b000000700000000
7 8695286 bbbb
7 11895095 aaaa
7 11895923 b000000800000000
7 11896719 ffffcccc06a5c800
7 11898579 aaaa
7 11898963 eb000077778031e2
7 12399714 ea000077770031e2
7 12400223 bbbb
7 12400946 bfbf000700000000
7 12402505 bfbf000800000000
7 12403162 ffffcccc01b2ce00
7 12407113 b000000700000000
7 12409012 bbbb
7 12412592 aaaa
7 12413142 b000000800000000
7 12414096 ffffcccc06a5c800
7 12415866 aaaa
7 12416249 eb000077778031e3
7 12917032 ea000077770031e3
7 12917673 bbbb
7 12918389 bfbf000700000000
7 12920220 bfbf000800000000
7 12920856 ffffcccc01b2ce00
7 12924433 b000000700000000
7 12925854 bbbb
7 19207346 ffff000100003075
7 19536866 aaaa
7 19537166 b000000800000000
7 19537778 ffffcccc06a5c800
7 19539495 aaaa
7 19540098 eb000077778031e4
# Core 8 LOG DUMP ==================================================
8 565 bbbb
# DCB 8 ffffff0006a5ca00 pixels
# DCB 8 ffffff0001b2d000 monitor
8 2053 ffffcccc01b2d000
8 7146009 aaaa
8 7146384 b000000800000000
8 7147294 ffffcccc06a5ca00
8 7149092 aaaa
8 7149758 eb000077798013ab
8 7650272 ea000077790013ab
8 7650746 bbbb
8 7651532 bfbf000700000000
8 7653210 bfbf000800000000
8 7653851 ffffcccc01b2d000
8 7657400 b000000700000000
8 7658618 bbbb
8 7663166 aaaa
8 7663628 b000000800000000
8 7664576 ffffcccc06a5ca00
8 7666415 aaaa
8 7667087 eb000077798013ac
8 8167606 ea000077790013ac
8 8168451 bbbb
8 8169159 bfbf000700000000
8 8170841 bfbf000800000000
8 8171264 ffffcccc01b2d000
8 8174820 b000000700000000
8 8175987 bbbb
8 8182953 aaaa
8 8183521 b000000800000000
8 8184155 ffffcccc06a5ca00
8 8185951 aaaa
8 8186556 eb000077798013ad
8 8687034 ea000077790013ad
8 8687660 bbbb
8 8689421 bfbf000700000000
8 8690987 bfbf000800000000
8 8691629 ffffcccc01b2d000
8 8695178 b000000700000000
8 8696829 bbbb
8 12413413 aaaa
8 12414021 b000000800000000
8 12414828 ffffcccc06a5ca00
8 12416754 aaaa
8 12417336 eb000077798013ae
8 12917806 ea000077790013ae
8 12918557 bbbb
8 12920056 bfbf000700000000
8 12921498 bfbf000800000000
8 12922143 ffffcccc01b2d000
8 12925746 b000000700000000
8 12927321 bbbb
8 12929108 aaaa
8 12929465 b000000800000000
8 12930351 ffffcccc06a5ca00
8 12932137 aaaa
8 12932721 eb000077798013af
8 13433246 ea000077790013af
8 13433828 bbbb
8 13434534 bfbf000700000000
8 13435941 bfbf000800000000
8 13436646 ffffcccc01b2d000
8 13440391 b000000700000000
8 13441755 bbbb
8 13444029 aaaa
8 13444373 b000000800000000
8 13445297 ffffcccc06a5ca00
8 13447056 aaaa
8 13447639 eb000077798013b0
8 13948130 ea000077790013b0
8 13948714 bbbb
8 13949422 bfbf000700000000
8 13950864 bfbf000800000000
8 13951682 ffffcccc01b2d000
8 13955504 b000000700000000
8 13956944 bbbb
8 15718897 ffff00010000304c
8 15976999 aaaa
8 15977376 b000000800000000
8 15977990 ffffcccc06a5ca00
8 15979982 aaaa
8 15980380 eb000077798013b1
8 16480875 ea000077790013b1
8 16481564 bbbb
8 16482654 bfbf000700000000
8 16483836 bfbf000800000000
8 16484651 ffffcccc01b2d000
8 16488179 b000000700000000
8 16489649 bbbb
8 16492985 aaaa
8 16493481 b000000800000000
8 16494163 ffffcccc06a5ca00
8 16496245 aaaa
8 16496645 eb000077798013b2
8 16997153 ea000077790013b2
8 16998578 bbbb
8 17000091 bfbf000700000000
8 17001459 bfbf000800000000
8 17001866 ffffcccc01b2d000
8 17005733 b000000700000000
8 17007121 bbbb
# Core 9 LOG DUMP ==================================================
# DCB 9 ffffff0006a5cc00 pixels
# DCB 9 ffffff0001b2d200 monitor
9 3812 ffffcccc01b2d200
9 11008524 ffff000100003023
# Core 10 LOG DUMP ==================================================
# DCB 10 ffffff0006a5ce00 pixels
# DCB 10 ffffff0001b2d400 monitor
10 6126 ffffcccc01b2d400
10 7292198 ffff000100002ffa
# Core 11 LOG DUMP ==================================================
# DCB 11 ffffff000713a000 pixels
# DCB 11 ffffff000445a600 e1000n
# DCB 11 ffffff0001b2d600 monitor
11 6462 ffffcccc0445a600
11 6914 ffffcccc01b2d600
11 9855 ffffcccc0445a600
11 4856279 ffff000100002fd2
11 4856635 ffffcccc01b2d600
11 4859486 ffffcccc0445a600
# Core 12 LOG DUMP ==================================================
# DCB 12 ffffff000713a200 pixels
# DCB 12 ffffff0001b2d800 monitor
12 4004 ffffcccc01b2d800
12 2278092 ffff000100002fa9
# Core 13 LOG DUMP ==================================================
# DCB 13 ffffff000713a400 pixels
# DCB 13 ffffff0001b2da00 monitor
13 4087 ffffcccc01b2da00
13 289164 ffff000100002f80
# Core 14 LOG DUMP ==================================================
# DCB 14 ffffff000713a600 pixels
# DCB 14 ffffff0001b2dc00 monitor
14 3493 ffffcccc01b2dc00
# Core 15 LOG DUMP ==================================================
# DCB 15 ffffff000713a800 pixels
# DCB 15 ffffff000445a800 bfscope
# DCB 15 ffffff0001b2de00 monitor
15 5774 ffffcccc0445a800
15 6072 ffffcccc01b2de00
15 9149 ffffcccc0445a800
15 13775979 ffff000100002f10
15 13776437 ffffcccc01b2de00
15 13779169 ffffcccc0445a800
