# Start 372631728727 Duration 20000000 Stop 372651728727
# Core 0 LOG DUMP ==================================================
0 0 1234000000000001
# DCB 0 ffffff000713aa00 fish
# DCB 0 ffffff000445aa00 pixels
# DCB 0 ffffff000445a400 serial
# DCB 0 ffffff000445a200 pci
# DCB 0 ffffff000445a000 skb
# DCB 0 ffffff0001b2c000 chips
# DCB 0 ffffff0001e06000 mem_serv
# DCB 0 ffffff0001e06200 monitor
0 11096 ffffcccc0713aa00
0 12733 ea0000776f803b58
0 13131 ea000077778036d4
0 14165 bbbb
0 22705 bfbf000700000000
0 23845 bfbf000800000000
0 24263 ffffcccc01e06200
0 27379 b000000700000000
0 28984 b000000700000000
0 34935 bbbb
0 69948 b000bbbb00000014
0 520210 aaaa
0 520622 b000000800000000
0 521534 ffffcccc0713aa00
0 523772 aaaa
0 524461 eb0000776f003b58
0 526462 eb000077770036d4
0 527192 ea0000776f803b59
0 528020 ea000077778036d5
0 528844 bbbb
0 537405 bfbf000700000000
0 538562 bfbf000800000000
0 538982 ffffcccc01e06200
0 542288 b000000700000000
0 543319 b000000700000000
0 549508 bbbb
0 584920 b000bbbb00000014
0 1033744 aaaa
0 1034149 b000000800000000
0 1035016 ffffcccc0713aa00
0 1037354 aaaa
0 1038031 eb0000776f003b59
0 1040096 eb000077770036d5
0 1041130 ea0000776f803b5a
0 1041966 ea0000777180270a
0 1042729 ea00007773803446
0 1043440 ea0000777580385a
0 1044618 ea000077778036d6
0 1046002 bbbb
0 1054975 bfbf000700000000
0 1056112 bfbf000800000000
0 1056492 ffffcccc01e06200
0 1059341 b000000700000000
0 1061125 b000000700000000
0 1066984 bbbb
0 1102409 b000bbbb00000014
0 1548639 aaaa
0 1549115 b000000800000000
0 1550474 ffffcccc0713aa00
0 1553247 aaaa
0 1553840 eb0000777500385a
0 1555039 eb00007773003446
0 1555740 eb0000777100270a
0 1556081 eb0000776f003b5a
0 1558088 eb000077770036d6
0 1558925 ea0000777180270b
0 1559871 ea00007773803447
0 1560736 ea0000777580385b
0 1561824 bbbb
0 1570427 bfbf000700000000
0 1571561 bfbf000800000000
0 1571944 ffffcccc01e06200
0 1574789 b000000700000000
0 1576478 b000000700000000
0 1582290 bbbb
0 1616839 b000bbbb00000014
0 2068089 aaaa
0 2068495 b000000800000000
0 2069671 ffffcccc0713aa00
0 2071654 aaaa
0 2071985 eb0000777500385b
0 2073066 eb00007773003447
0 2073635 eb0000777100270b
0 3075157 ea0000776f803b5b
0 3076447 ea0000777580385c
0 3078565 bbbb
0 3087419 bfbf000700000000
0 3088538 bfbf000800000000
0 3088923 ffffcccc01e06200
0 3092004 b000000700000000
0 3093225 b000000700000000
0 3099545 bbbb
0 3134952 b000bbbb00000014
0 3582168 aaaa
0 3582514 b000000800000000
0 3583651 ffffcccc0713aa00
0 3585714 aaaa
0 3586398 eb0000776f003b5b
0 3588576 eb0000777500385c
0 3589325 ea0000776f803b5c
0 3589889 ea00007773803448
0 3590398 ea0000777580385d
0 3590820 ea000077778036d7
0 3591763 bbbb
0 3600465 bfbf000700000000
0 3601621 bfbf000800000000
0 3602005 ffffcccc01e06200
0 3610662 b000000700000000
0 3611995 b000000700000000
0 3614476 bbbb
0 3649686 b000bbbb00000014
0 4098032 aaaa
0 4098402 b000000800000000
0 4099597 ffffcccc0713aa00
0 4101655 aaaa
0 4102037 eb00007773003448
0 4102918 eb0000776f003b5c
0 4104895 eb000077770036d7
0 4105415 eb0000777500385d
0 4105926 ea0000776f803b5d
0 4106353 ea00007773803449
0 4106803 ea000077778036d8
0 4108112 bbbb
0 4116690 bfbf000700000000
0 4117810 bfbf000800000000
0 4118470 ffffcccc01e06200
0 4121298 b000000700000000
0 4122947 b000000700000000
0 4128905 bbbb
0 4164702 b000bbbb00000014
0 4612939 aaaa
0 4613337 b000000800000000
0 4613923 ffffcccc0713aa00
0 4616656 aaaa
0 4617296 eb00007773003449
0 4618170 eb0000776f003b5d
0 4619796 eb000077770036d8
0 4620671 ea0000776f803b5e
0 4621218 ea0000777380344a
0 4621715 ea000077778036d9
0 4623359 bbbb
0 4632133 bfbf000700000000
0 4633254 bfbf000800000000
0 4633638 ffffcccc01e06200
0 4636492 b000000700000000
0 4638178 b000000700000000
0 4644071 bbbb
0 4679543 b000bbbb00000014
0 5128216 aaaa
0 5129075 b000000800000000
0 5130434 ffffcccc0713aa00
0 5132625 aaaa
0 5133268 eb0000777300344a
0 5134328 eb0000776f003b5e
0 5136570 eb000077770036d9
0 5137309 ea0000776f803b5f
0 5137747 ea0000777180270c
0 5138468 ea0000777380344b
0 5139592 ea000077778036da
0 5140447 bbbb
0 5149096 bfbf000700000000
0 5150249 bfbf000800000000
0 5150645 ffffcccc01e06200
0 5153485 b000000700000000
0 5155103 b000000700000000
0 5161372 bbbb
0 5196779 b000bbbb00000014
0 5645257 aaaa
0 5645644 b000000800000000
0 5646547 ffffcccc0713aa00
0 5649154 aaaa
0 5649758 eb0000777300344b
0 5650610 eb0000777100270c
0 5651189 eb0000776f003b5f
0 5653162 eb000077770036da
0 5653936 ea0000777180270d
0 5654326 ea000077778036db
0 5655136 bbbb
0 5663875 bfbf000700000000
0 5665006 bfbf000800000000
0 5665390 ffffcccc01e06200
0 5668476 b000000700000000
0 5670071 b000000700000000
0 5676061 bbbb
0 5711561 b000bbbb00000014
0 6161001 aaaa
0 6161390 b000000800000000
0 6162016 ffffcccc0713aa00
0 6164523 aaaa
0 6165154 eb0000777100270d
0 6167202 eb000077770036db
0 7168351 ea0000776f803b60
0 7168853 ea0000777580385e
0 7169884 bbbb
0 7178616 bfbf000700000000
0 7179742 bfbf000800000000
0 7180127 ffffcccc01e06200
0 7183232 b000000700000000
0 7184362 b000000700000000
0 7190618 bbbb
0 7225973 b000bbbb00000014
0 7674823 aaaa
0 7675171 b000000800000000
0 7675780 ffffcccc0713aa00
0 7678208 aaaa
0 7678840 eb0000777500385e
0 7679663 eb0000776f003b60
0 7680156 ea0000776f803b61
0 7680581 ea0000777380344c
0 7681079 ea0000777580385f
0 7681492 ea000077778036dc
0 7683565 bbbb
0 7692353 bfbf000700000000
0 7693490 bfbf000800000000
0 7693874 ffffcccc01e06200
0 7702693 b000000700000000
0 7703530 b000000700000000
0 7706401 bbbb
0 7740917 b000bbbb00000014
0 8187898 aaaa
0 8188264 b000000800000000
0 8189465 ffffcccc0713aa00
0 8192607 aaaa
0 8193265 eb000077770036dc
0 8194216 eb0000777500385f
0 8195317 eb0000777300344c
0 8196149 eb0000776f003b61
0 8197236 ea0000776f803b62
0 8198061 ea0000777380344d
0 8198483 ea000077778036dd
0 8199735 bbbb
0 8208392 bfbf000700000000
0 8209521 bfbf000800000000
0 8210165 ffffcccc01e06200
0 8212996 b000000700000000
0 8214214 b000000700000000
0 8220388 bbbb
0 8257799 b000bbbb00000014
0 8705710 aaaa
0 8706085 b000000800000000
0 8707261 ffffcccc0713aa00
0 8710487 aaaa
0 8711128 eb000077770036dd
0 8712411 eb0000777300344d
0 8713312 eb0000776f003b62
0 8714045 ea0000776f803b63
0 8714462 ea0000777380344e
0 8714849 ea000077778036de
0 8716092 bbbb
0 8724815 bfbf000700000000
0 8725940 bfbf000800000000
0 8726323 ffffcccc01e06200
0 8729153 b000000700000000
0 8730589 b000000700000000
0 8736946 bbbb
0 8772859 b000bbbb00000014
0 9221249 aaaa
0 9221658 b000000800000000
0 9222274 ffffcccc0713aa00
0 9225631 aaaa
0 9226385 eb000077770036de
0 9227485 eb0000777300344e
0 9228211 eb0000776f003b63
0 9229018 ea0000776f803b64
0 9230024 ea0000777180270e
0 9230597 ea0000777380344f
0 9231768 ea000077778036df
0 9232694 bbbb
0 9241384 bfbf000700000000
0 9242539 bfbf000800000000
0 9242924 ffffcccc01e06200
0 9245744 b000000700000000
0 9247004 b000000700000000
0 9253418 bbbb
0 9289259 b000bbbb00000014
0 9735482 aaaa
0 9736043 b000000800000000
0 9737208 ffffcccc0713aa00
0 9740477 aaaa
0 9741173 eb000077770036df
0 9742042 eb0000777300344f
0 9742849 eb0000777100270e
0 9743200 eb0000776f003b64
0 9744359 ea0000777180270f
0 9745334 ea000077778036e0
0 9746610 bbbb
0 9755630 bfbf000700000000
0 9756763 bfbf000800000000
0 9757151 ffffcccc01e06200
0 9760247 b000000700000000
0 9761496 b000000700000000
0 9767672 bbbb
0 9803714 b000bbbb00000014
0 10251162 aaaa
0 10251555 b000000800000000
0 10252469 ffffcccc0713aa00
0 10255688 aaaa
0 10256684 eb000077770036e0
0 10257557 eb0000777100270f
0 11258722 ea00007771802710
0 11259443 ea00007773803450
0 11259907 ea00007775803860
0 11260811 bbbb
0 11270074 bfbf000700000000
0 11271202 bfbf000800000000
0 11271844 ffffcccc01e06200
0 11274795 b000000700000000
0 11276041 b000000700000000
0 11282216 bbbb
0 11319217 b000bbbb00000014
0 11765717 aaaa
0 11766121 b000000800000000
0 11767641 ffffcccc0713aa00
0 11771138 aaaa
0 11771786 eb00007775003860
0 11772431 eb00007773003450
0 11773430 eb00007771002710
0 11774749 ea0000776f803b65
0 11775278 ea00007771802711
0 11775699 ea00007773803451
0 11776129 ea00007775803861
0 11776711 ea000077778036e1
0 11778067 bbbb
0 11787296 bfbf000700000000
0 11788432 bfbf000800000000
0 11789050 ffffcccc01e06200
0 11792139 b000000700000000
0 11793388 b000000700000000
0 11799631 bbbb
0 11835722 b000bbbb00000014
0 12283046 aaaa
0 12283433 b000000800000000
0 12284316 ffffcccc0713aa00
0 12286718 aaaa
0 12287434 eb0000776f003b65
0 12289454 eb000077770036e1
0 12290037 eb00007775003861
0 12291052 eb00007773003451
0 12292001 eb00007771002711
0 12292461 ea0000776f803b66
0 12292882 ea00007773803452
0 12293531 ea000077778036e2
0 12295064 bbbb
0 12303932 bfbf000700000000
0 12305070 bfbf000800000000
0 12305691 ffffcccc01e06200
0 12308607 b000000700000000
0 12309865 b000000700000000
0 12316229 bbbb
0 12351510 b000bbbb00000014
0 12799526 aaaa
0 12799918 b000000800000000
0 12801097 ffffcccc0713aa00
0 12803158 aaaa
0 12803887 eb0000776f003b66
0 12805883 eb000077770036e2
0 12806675 eb00007773003452
0 12807446 ea0000776f803b67
0 12808607 ea00007773803453
0 12809009 ea000077778036e3
0 12810221 bbbb
0 12819134 bfbf000700000000
0 12820247 bfbf000800000000
0 12820630 ffffcccc01e06200
0 12823612 b000000700000000
0 12825509 b000000700000000
0 12831342 bbbb
0 12866669 b000bbbb00000014
0 13315256 aaaa
0 13316100 b000000800000000
0 13317520 ffffcccc0713aa00
0 13319664 aaaa
0 13320406 eb0000776f003b67
0 13322592 eb000077770036e3
0 13323430 eb00007773003453
0 13324158 ea0000776f803b68
0 13324544 ea00007773803454
0 13324961 ea00007775803862
0 13325364 ea000077778036e4
0 13326945 bbbb
0 13335900 bfbf000700000000
0 13337027 bfbf000800000000
0 13337411 ffffcccc01e06200
0 13340332 b000000700000000
0 13341514 b000000700000000
0 13348097 bbbb
0 13383136 b000bbbb00000014
0 13830604 aaaa
0 13831232 b000000800000000
0 13832374 ffffcccc0713aa00
0 13834516 aaaa
0 13835195 eb0000776f003b68
0 13837199 eb000077770036e4
0 13838057 eb00007775003862
0 13838903 eb00007773003454
0 13839956 ea00007773803455
0 13840922 ea00007775803863
0 13841828 bbbb
0 13850691 bfbf000700000000
0 13851818 bfbf000800000000
0 13852201 ffffcccc01e06200
0 13855275 b000000700000000
0 13856971 b000000700000000
0 13862911 bbbb
0 13898302 b000bbbb00000014
0 14346594 aaaa
0 14346979 b000000800000000
0 14347567 ffffcccc0713aa00
0 14351315 aaaa
0 14352274 eb00007775003863
0 14352936 eb00007773003455
0 15983203 ffff0001000031d9
0 19856319 ea0000776f803b69
0 19857530 ea00007775803864
0 19858329 bbbb
0 19867327 bfbf000700000000
0 19868426 bfbf000800000000
0 19869058 ffffcccc01e06200
0 19877638 b000000700000000
0 19878624 b000000700000000
0 19881324 bbbb
0 19916353 b000bbbb00000014
# Core 1 LOG DUMP ==================================================
# DCB 1 ffffff000445ac00 pixels
# DCB 1 ffffff0001b2c200 monitor
1 3368 ffffcccc01b2c200
1 19430756 ffff0001000031b4
# Core 2 LOG DUMP ==================================================
# DCB 2 ffffff000445ae00 pixels
# DCB 2 ffffff0001b2c400 monitor
2 3925 ffffcccc01b2c400
2 14989057 ffff00010000318b
# Core 3 LOG DUMP ==================================================
# DCB 3 ffffff0006a5c000 pixels
# DCB 3 ffffff0001b2c600 monitor
3 3080 ffffcccc01b2c600
3 13715 aaaa
3 14193 b000000800000000
3 15050 ffffcccc06a5c000
3 16820 aaaa
3 17244 eb0000776f803b58
3 517921 ea0000776f003b58
3 518407 bbbb
3 519164 bfbf000700000000
3 520396 bfbf000800000000
3 521420 ffffcccc01b2c600
3 525164 b000000700000000
3 526415 bbbb
3 528415 aaaa
3 528905 b000000800000000
3 529793 ffffcccc06a5c000
3 531569 aaaa
3 531985 eb0000776f803b59
3 1032722 ea0000776f003b59
3 1033198 bbbb
3 1033918 bfbf000700000000
3 1035311 bfbf000800000000
3 1036058 ffffcccc01b2c600
3 1039614 b000000700000000
3 1040812 bbbb
3 1042578 aaaa
3 1043212 b000000800000000
3 1043851 ffffcccc06a5c000
3 1046057 aaaa
3 1046845 eb0000776f803b5a
3 1547608 ea0000776f003b5a
3 1548144 bbbb
3 1548865 bfbf000700000000
3 1550272 bfbf000800000000
3 1550959 ffffcccc01b2c600
3 1554606 b000000700000000
3 1555952 bbbb
3 3076874 aaaa
3 3077345 b000000800000000
3 3077933 ffffcccc06a5c000
3 3079655 aaaa
3 3080209 eb0000776f803b5b
3 3580987 ea0000776f003b5b
3 3581491 bbbb
3 3582222 bfbf000700000000
3 3583629 bfbf000800000000
3 3584443 ffffcccc01b2c600
3 3588021 b000000700000000
3 3589417 bbbb
3 3590486 aaaa
3 3590881 b000000800000000
3 3592106 ffffcccc06a5c000
3 3594197 aaaa
3 3594591 eb0000776f803b5c
3 4095352 ea0000776f003b5c
3 4096231 bbbb
3 4096953 bfbf000700000000
3 4098140 bfbf000800000000
3 4098817 ffffcccc01b2c600
3 4103244 b000000700000000
3 4104690 bbbb
3 4106798 aaaa
3 4107448 b000000800000000
3 4108144 ffffcccc06a5c000
3 4110449 aaaa
3 4110842 eb0000776f803b5d
3 4611607 ea0000776f003b5d
3 4612193 bbbb
3 4612921 bfbf000700000000
3 4614047 bfbf000800000000
3 4614865 ffffcccc01b2c600
3 4618519 b000000700000000
3 4619876 bbbb
3 4621572 aaaa
3 4622216 b000000800000000
3 4622864 ffffcccc06a5c000
3 4624615 aaaa
3 4625189 eb0000776f803b5e
3 5125942 ea0000776f003b5e
3 5126455 bbbb
3 5127173 bfbf000700000000
3 5128360 bfbf000800000000
3 5129012 ffffcccc01b2c600
3 5132933 b000000700000000
3 5134313 bbbb
3 5138096 aaaa
3 5138473 b000000800000000
3 5139397 ffffcccc06a5c000
3 5141274 aaaa
3 5141940 eb0000776f803b5f
3 5642608 ea0000776f003b5f
3 5643433 bbbb
3 5644151 bfbf000700000000
3 5645297 bfbf000800000000
3 5646037 ffffcccc01b2c600
3 5649948 b000000700000000
3 5651259 bbbb
3 7169191 aaaa
3 7169564 b000000800000000
3 7170172 ffffcccc06a5c000
3 7171999 aaaa
3 7172392 eb0000776f803b60
3 7673158 ea0000776f003b60
3 7673659 bbbb
3 7674394 bfbf000700000000
3 7675582 bfbf000800000000
3 7676289 ffffcccc01b2c600
3 7680101 b000000700000000
3 7681283 b000000800000000
3 7682181 ffffcccc06a5c000
3 7684267 aaaa
3 7684825 eb0000776f803b61
3 8185347 ea0000776f003b61
3 8185852 bbbb
3 8186787 bfbf000700000000
3 8187955 bfbf000800000000
3 8188633 ffffcccc01b2c600
3 8192122 b000000700000000
3 8193569 bbbb
3 8198433 aaaa
3 8198622 b000000800000000
3 8199576 ffffcccc06a5c000
3 8202103 aaaa
3 8202497 eb0000776f803b62
3 8702999 ea0000776f003b62
3 8703833 bbbb
3 8704775 bfbf000700000000
3 8705963 bfbf000800000000
3 8706706 ffffcccc01b2c600
3 8710676 b000000700000000
3 8712313 bbbb
3 8714819 aaaa
3 8715015 b000000800000000
3 8715913 ffffcccc06a5c000
3 8718237 aaaa
3 8718632 eb0000776f803b63
3 9219131 ea0000776f003b63
3 9219633 bbbb
3 9220588 bfbf000700000000
3 9221717 bfbf000800000000
3 9222228 ffffcccc01b2c600
3 9225746 b000000700000000
3 9227236 bbbb
3 9230372 aaaa
3 9230584 b000000800000000
3 9231486 ffffcccc06a5c000
3 9233487 aaaa
3 9234042 eb0000776f803b64
3 9734507 ea0000776f003b64
3 9735014 bbbb
3 9735956 bfbf000700000000
3 9737169 bfbf000800000000
3 9738013 ffffcccc01b2c600
3 9741625 b000000700000000
3 9743081 bbbb
3 10715751 ffff000100003163
3 11776023 aaaa
3 11776226 b000000800000000
3 11777419 ffffcccc06a5c000
3 11779731 aaaa
3 11780279 eb0000776f803b65
3 12280751 ea0000776f003b65
3 12281270 bbbb
3 12282028 bfbf000700000000
3 12283197 bfbf000800000000
3 12283784 ffffcccc01b2c600
3 12287816 b000000700000000
3 12289172 bbbb
3 12293291 aaaa
3 12293483 b000000800000000
3 12294433 ffffcccc06a5c000
3 12296368 aaaa
3 12296887 eb0000776f803b66
3 12797349 ea0000776f003b66
3 12797865 bbbb
3 12798584 bfbf000700000000
3 12799797 bfbf000800000000
3 12800512 ffffcccc01b2c600
3 12804410 b000000700000000
3 12805744 bbbb
3 12808964 aaaa
3 12809166 b000000800000000
3 12810086 ffffcccc06a5c000
3 12811820 aaaa
3 12812390 eb0000776f803b67
3 13312879 ea0000776f003b67
3 13313384 bbbb
3 13314103 bfbf000700000000
3 13315247 bfbf000800000000
3 13315985 ffffcccc01b2c600
3 13319880 b000000700000000
3 13321328 bbbb
3 13325093 aaaa
3 13325291 b000000800000000
3 13326169 ffffcccc06a5c000
3 13328242 aaaa
3 13328795 eb0000776f803b68
3 13829264 ea0000776f003b68
3 13829785 bbbb
3 13830502 bfbf000700000000
3 13831690 bfbf000800000000
3 13832225 ffffcccc01b2c600
3 13836841 b000000700000000
3 13838269 bbbb
3 19858245 aaaa
3 19858468 b000000800000000
3 19859318 ffffcccc06a5c000
3 19861044 aaaa
3 19861438 eb0000776f803b69
3 20361941 ea0000776f003b69
# Core 4 LOG DUMP ==================================================
4 467 bfbf000800000000
4 1736 ffffcccc01b2c800
# DCB 4 ffffff0006a5c200 pixels
# DCB 4 ffffff0001b2c800 monitor
4 3247 ffffcccc01b2c800
4 7251 b000000700000000
4 9621 bbbb
4 1043615 aaaa
4 1044832 b000000800000000
4 1045742 ffffcccc06a5c200
4 1047616 aaaa
4 1048230 eb0000777180270a
4 1548985 ea0000777100270a
4 1549606 bbbb
4 1550369 bfbf000700000000
4 1552011 bfbf000800000000
4 1552950 ffffcccc01b2c800
4 1556667 b000000700000000
4 1557905 bbbb
4 1560436 aaaa
4 1561022 b000000800000000
4 1561891 ffffcccc06a5c200
4 1564218 aaaa
4 1564619 eb0000777180270b
4 2065318 ea0000777100270b
4 2065794 bbbb
4 2066512 bfbf000700000000
4 2067669 bfbf000800000000
4 2068325 ffffcccc01b2c800
4 2072276 b000000700000000
4 2073624 bbbb
4 5138899 aaaa
4 5139720 b000000800000000
4 5140547 ffffcccc06a5c200
4 5142777 aaaa
4 5143195 eb0000777180270c
4 5643925 ea0000777100270c
4 5644504 bbbb
4 5645249 bfbf000700000000
4 5646428 bfbf000800000000
4 5647196 ffffcccc01b2c800
4 5651054 b000000700000000
4 5652528 bbbb
4 5654734 aaaa
4 5655284 b000000800000000
4 5656409 ffffcccc06a5c200
4 5658155 aaaa
4 5658557 eb0000777180270d
4 6159309 ea0000777100270d
4 6159924 bbbb
4 6160643 bfbf000700000000
4 6161801 bfbf000800000000
4 6162504 ffffcccc01b2c800
4 6166451 b000000700000000
4 6167803 bbbb
4 6744898 ffff00010000313b
4 9230903 aaaa
4 9231596 b000000800000000
4 9232199 ffffcccc06a5c200
4 9234236 aaaa
4 9234893 eb0000777180270e
4 9735416 ea0000777100270e
4 9736024 bbbb
4 9737062 bfbf000700000000
4 9738726 bfbf000800000000
4 9739349 ffffcccc01b2c800
4 9742976 b000000700000000
4 9744472 bbbb
4 9745720 aaaa
4 9745988 b000000800000000
4 9746641 ffffcccc06a5c200
4 9748980 aaaa
4 9749574 eb0000777180270f
4 10250060 ea0000777100270f
4 10250622 bbbb
4 10251341 bfbf000700000000
4 10252968 bfbf000800000000
4 10253600 ffffcccc01b2c800
4 10257111 b000000700000000
4 10258550 bbbb
4 11260037 aaaa
4 11260376 b000000800000000
4 11261004 ffffcccc06a5c200
4 11263268 aaaa
4 11263844 eb00007771802710
4 11764337 ea00007771002710
4 11764916 bbbb
4 11765648 bfbf000700000000
4 11767802 bfbf000800000000
4 11768582 ffffcccc01b2c800
4 11772240 b000000700000000
4 11773627 bbbb
4 11776108 aaaa
4 11776712 b000000800000000
4 11777395 ffffcccc06a5c200
4 11780000 aaaa
4 11780666 eb00007771802711
4 12281174 ea00007771002711
4 12281740 bbbb
4 12282458 bfbf000700000000
4 12283857 bfbf000800000000
4 12284717 ffffcccc01b2c800
4 12288242 b000000700000000
4 12289617 bbbb
# Core 5 LOG DUMP ==================================================
# DCB 5 ffffff0006a5c400 pixels
# DCB 5 ffffff0001b2ca00 monitor
5 4360 ffffcccc01b2ca00
5 6520 b000000700000000
5 8484 bbbb
5 1044151 aaaa
5 1044662 b000000800000000
5 1045250 ffffcccc06a5c400
5 1047707 aaaa
5 1048479 eb00007773803446
5 1549005 ea00007773003446
5 1549872 bbbb
5 1550988 bfbf000700000000
5 1552234 bfbf000800000000
5 1552858 ffffcccc01b2ca00
5 1556465 b000000700000000
5 1558201 bbbb
5 1561158 aaaa
5 1561659 b000000800000000
5 1562341 ffffcccc06a5c400
5 1564706 aaaa
5 1565072 eb00007773803447
5 2065561 ea00007773003447
5 2066046 bbbb
5 2066972 bfbf000700000000
5 2068117 bfbf000800000000
5 2068831 ffffcccc01b2ca00
5 2072338 b000000700000000
5 2073822 bbbb
5 3140387 ffff000100003114
5 3590799 aaaa
5 3591415 b000000800000000
5 3592288 ffffcccc06a5c400
5 3594631 aaaa
5 3595015 eb00007773803448
5 4095526 ea00007773003448
5 4096055 bbbb
5 4096791 bfbf000700000000
5 4098028 bfbf000800000000
5 4098390 ffffcccc01b2ca00
5 4102298 b000000700000000
5 4103654 bbbb
5 4107206 aaaa
5 4107812 b000000800000000
5 4108708 ffffcccc06a5c400
5 4110688 aaaa
5 4111073 eb00007773803449
5 4611584 ea00007773003449
5 4612167 bbbb
5 4612873 bfbf000700000000
5 4614005 bfbf000800000000
5 4614619 ffffcccc01b2ca00
5 4618678 b000000700000000
5 4620201 bbbb
5 4622048 aaaa
5 4622480 b000000800000000
5 4623378 ffffcccc06a5c400
5 4625093 aaaa
5 4625730 eb0000777380344a
5 5126215 ea0000777300344a
5 5126741 bbbb
5 5127441 bfbf000700000000
5 5128622 bfbf000800000000
5 5129404 ffffcccc01b2ca00
5 5133544 b000000700000000
5 5134911 bbbb
5 5139980 aaaa
5 5140383 b000000800000000
5 5141281 ffffcccc06a5c400
5 5143201 aaaa
5 5143586 eb0000777380344b
5 5644045 ea0000777300344b
5 5644561 bbbb
5 5645261 bfbf000700000000
5 5646383 bfbf000800000000
5 5646974 ffffcccc01b2ca00
5 5651038 b000000700000000
5 5652600 bbbb
5 7681558 aaaa
5 7682172 b000000800000000
5 7683023 ffffcccc06a5c400
5 7684814 aaaa
5 7685447 eb0000777380344c
5 8185949 ea0000777300344c
5 8186471 bbbb
5 8187182 bfbf000700000000
5 8188360 bfbf000800000000
5 8189351 ffffcccc01b2ca00
5 8193467 b000000700000000
5 8195027 bbbb
5 8198969 aaaa
5 8199330 b000000800000000
5 8200240 ffffcccc06a5c400
5 8202367 aaaa
5 8202745 eb0000777380344d
5 8703267 ea0000777300344d
5 8703783 bbbb
5 8704483 bfbf000700000000
5 8705615 bfbf000800000000
5 8706008 ffffcccc01b2ca00
5 8709811 b000000700000000
5 8711168 bbbb
5 8715239 aaaa
5 8715716 b000000800000000
5 8716625 ffffcccc06a5c400
5 8718694 aaaa
5 8719079 eb0000777380344e
5 9219575 ea0000777300344e
5 9220108 bbbb
5 9220806 bfbf000700000000
5 9221986 bfbf000800000000
5 9222724 ffffcccc01b2ca00
5 9226517 b000000700000000
5 9227886 bbbb
5 9232280 aaaa
5 9232710 b000000800000000
5 9233924 ffffcccc06a5c400
5 9235665 aaaa
5 9236045 eb0000777380344f
5 9736523 ea0000777300344f
5 9737045 bbbb
5 9737750 bfbf000700000000
5 9739070 bfbf000800000000
5 9739437 ffffcccc01b2ca00
5 9743179 b000000700000000
5 9745028 bbbb
5 11260892 aaaa
5 11261312 b000000800000000
5 11262156 ffffcccc06a5c400
5 11263868 aaaa
5 11264253 eb00007773803450
5 11764761 ea00007773003450
5 11765285 bbbb
5 11766003 bfbf000700000000
5 11767609 bfbf000800000000
5 11768374 ffffcccc01b2ca00
5 11772262 b000000700000000
5 11773788 bbbb
5 11776508 aaaa
5 11777167 b000000800000000
5 11778358 ffffcccc06a5c400
5 11780865 aaaa
5 11781250 eb00007773803451
5 12281708 ea00007773003451
5 12282220 bbbb
5 12282920 bfbf000700000000
5 12284057 bfbf000800000000
5 12284966 ffffcccc01b2ca00
5 12288815 b000000700000000
5 12290210 bbbb
5 12293921 aaaa
5 12294474 b000000800000000
5 12295382 ffffcccc06a5c400
5 12297456 aaaa
5 12297841 eb00007773803452
5 12798337 ea00007773003452
5 12798854 bbbb
5 12799554 bfbf000700000000
5 12800729 bfbf000800000000
5 12801464 ffffcccc01b2ca00
5 12805288 b000000700000000
5 12806777 bbbb
5 12809618 aaaa
5 12809917 b000000800000000
5 12810857 ffffcccc06a5c400
5 12812729 aaaa
5 12813112 eb00007773803453
5 13313605 ea00007773003453
5 13314119 bbbb
5 13314817 bfbf000700000000
5 13315969 bfbf000800000000
5 13316903 ffffcccc01b2ca00
5 13320666 b000000700000000
5 13322036 bbbb
5 13325494 aaaa
5 13325860 b000000800000000
5 13326805 ffffcccc06a5c400
5 13328524 aaaa
5 13329152 eb00007773803454
5 13829674 ea00007773003454
5 13830185 bbbb
5 13830884 bfbf000700000000
5 13832060 bfbf000800000000
5 13832642 ffffcccc01b2ca00
5 13836967 b000000700000000
5 13838372 bbbb
5 13841309 aaaa
5 13841610 b000000800000000
5 13842500 ffffcccc06a5c400
5 13844398 aaaa
5 13844781 eb00007773803455
5 14345245 ea00007773003455
5 14345755 bbbb
5 14346461 bfbf000700000000
5 14347600 bfbf000800000000
5 14348393 ffffcccc01b2ca00
5 14352120 b000000700000000
5 14353589 bbbb
# Core 6 LOG DUMP ==================================================
6 538 bfbf000800000000
6 1952 ffffcccc01b2cc00
# DCB 6 ffffff0006a5c600 pixels
# DCB 6 ffffff0001b2cc00 monitor
6 3327 ffffcccc01b2cc00
6 7147 b000000700000000
6 9221 bbbb
6 1045067 aaaa
6 1045903 b000000800000000
6 1046518 ffffcccc06a5c600
6 1048969 aaaa
6 1049366 eb0000777580385a
6 1550125 ea0000777500385a
6 1550616 bbbb
6 1551377 bfbf000700000000
6 1552940 bfbf000800000000
6 1553636 ffffcccc01b2cc00
6 1557494 b000000700000000
6 1558709 bbbb
6 1562037 aaaa
6 1562639 b000000800000000
6 1563283 ffffcccc06a5c600
6 1565101 aaaa
6 1565480 eb0000777580385b
6 2066230 ea0000777500385b
6 2066716 bbbb
6 2067434 bfbf000700000000
6 2068591 bfbf000800000000
6 2069560 ffffcccc01b2cc00
6 2073014 b000000700000000
6 2074553 bbbb
6 3077668 aaaa
6 3078294 b000000800000000
6 3078904 ffffcccc06a5c600
6 3080828 aaaa
6 3081227 eb0000777580385c
6 3581907 ea0000777500385c
6 3582472 bbbb
6 3583501 bfbf000700000000
6 3584822 bfbf000800000000
6 3585467 ffffcccc01b2cc00
6 3589057 b000000700000000
6 3590366 bbbb
6 3591419 aaaa
6 3592143 b000000800000000
6 3593299 ffffcccc06a5c600
6 3595042 aaaa
6 3595444 eb0000777580385d
6 4096178 ea0000777500385d
6 4096764 bbbb
6 4097483 bfbf000700000000
6 4098622 bfbf000800000000
6 4099707 ffffcccc01b2cc00
6 4103191 b000000700000000
6 4104841 bbbb
6 7170401 aaaa
6 7170776 b000000800000000
6 7171372 ffffcccc06a5c600
6 7173106 aaaa
6 7173508 eb0000777580385e
6 7674236 ea0000777500385e
6 7674804 bbbb
6 7675539 bfbf000700000000
6 7676874 bfbf000800000000
6 7677512 ffffcccc01b2cc00
6 7681095 b000000700000000
6 7682579 b000000800000000
6 7683511 ffffcccc06a5c600
6 7686000 aaaa
6 7686414 eb0000777580385f
6 8186931 ea0000777500385f
6 8187551 bbbb
6 8188493 bfbf000700000000
6 8190334 bfbf000800000000
6 8190971 ffffcccc01b2cc00
6 8194504 b000000700000000
6 8196103 bbbb
6 11260969 aaaa
6 11261861 b000000800000000
6 11262460 ffffcccc06a5c600
6 11264432 aaaa
6 11264830 eb00007775803860
6 11765319 ea00007775003860
6 11765890 bbbb
6 11767113 bfbf000700000000
6 11768450 bfbf000800000000
6 11769071 ffffcccc01b2cc00
6 11772683 b000000700000000
6 11774213 bbbb
6 11777067 aaaa
6 11777617 b000000800000000
6 11778286 ffffcccc06a5c600
6 11780601 aaaa
6 11781018 eb00007775803861
6 12281532 ea00007775003861
6 12282125 bbbb
6 12283074 bfbf000700000000
6 12284208 bfbf000800000000
6 12285400 ffffcccc01b2cc00
6 12288865 b000000700000000
6 12290506 bbbb
6 13326257 aaaa
6 13326866 b000000800000000
6 13327488 ffffcccc06a5c600
6 13329703 aaaa
6 13330102 eb00007775803862
6 13830619 ea00007775003862
6 13831195 bbbb
6 13832446 bfbf000700000000
6 13834198 bfbf000800000000
6 13834619 ffffcccc01b2cc00
6 13838227 b000000700000000
6 13839875 bbbb
6 13841870 aaaa
6 13842330 b000000800000000
6 13842983 ffffcccc06a5c600
6 13844977 aaaa
6 13845374 eb00007775803863
6 14345896 ea00007775003863
6 14346477 bbbb
6 14347419 bfbf000700000000
6 14348686 bfbf000800000000
6 14349308 ffffcccc01b2cc00
6 14352759 b000000700000000
6 14354115 bbbb
6 19858646 aaaa
6 19859255 b000000800000000
6 19859851 ffffcccc06a5c600
6 19861821 aaaa
6 19862219 eb00007775803864
# Core 7 LOG DUMP ==================================================
# DCB 7 ffffff0006a5c800 pixels
# DCB 7 ffffff0001b2ce00 monitor
7 4891 ffffcccc01b2ce00
7 5936 b000000700000000
7 8503 bbbb
7 14605 aaaa
7 15055 b000000800000000
7 15644 ffffcccc06a5c800
7 17671 aaaa
7 18044 eb000077778036d4
7 518517 ea000077770036d4
7 519001 bbbb
7 519984 bfbf000700000000
7 521224 bfbf000800000000
7 521861 ffffcccc01b2ce00
7 525547 b000000700000000
7 526920 bbbb
7 528979 aaaa
7 529668 b000000800000000
7 530342 ffffcccc06a5c800
7 532339 aaaa
7 532702 eb000077778036d5
7 1033190 ea000077770036d5
7 1033667 bbbb
7 1034620 bfbf000700000000
7 1035926 bfbf000800000000
7 1036498 ffffcccc01b2ce00
7 1039922 b000000700000000
7 1041748 bbbb
7 1045985 aaaa
7 1046301 b000000800000000
7 1047470 ffffcccc06a5c800
7 1049479 aaaa
7 1049863 eb000077778036d6
7 1550384 ea000077770036d6
7 1551238 bbbb
7 1552406 bfbf000700000000
7 1553654 bfbf000800000000
7 1554383 ffffcccc01b2ce00
7 1558052 b000000700000000
7 1559521 bbbb
7 3592033 aaaa
7 3592347 b000000800000000
7 3592981 ffffcccc06a5c800
7 3594943 aaaa
7 3595328 eb000077778036d7
7 4095847 ea000077770036d7
7 4096356 bbbb
7 4097314 bfbf000700000000
7 4098455 bfbf000800000000
7 4099516 ffffcccc01b2ce00
7 4103056 b000000700000000
7 4104391 bbbb
7 4108189 aaaa
7 4108604 b000000800000000
7 4109258 ffffcccc06a5c800
7 4111246 aaaa
7 4111631 eb000077778036d8
7 4612151 ea000077770036d8
7 4612662 bbbb
7 4613606 bfbf000700000000
7 4614945 bfbf000800000000
7 4615802 ffffcccc01b2ce00
7 4619347 b000000700000000
7 4620750 bbbb
7 4623394 aaaa
7 4623893 b000000800000000
7 4624561 ffffcccc06a5c800
7 4626595 aaaa
7 4626981 eb000077778036d9
7 5127489 ea000077770036d9
7 5128001 bbbb
7 5128953 bfbf000700000000
7 5130692 bfbf000800000000
7 5131277 ffffcccc01b2ce00
7 5134716 b000000700000000
7 5136062 bbbb
7 5140463 aaaa
7 5140931 b000000800000000
7 5141589 ffffcccc06a5c800
7 5143568 aaaa
7 5143952 eb000077778036da
7 5644447 ea000077770036da
7 5644970 bbbb
7 5645913 bfbf000700000000
7 5647316 bfbf000800000000
7 5648130 ffffcccc01b2ce00
7 5651640 b000000700000000
7 5653018 bbbb
7 5655259 aaaa
7 5655617 b000000800000000
7 5656272 ffffcccc06a5c800
7 5658235 aaaa
7 5658621 eb000077778036db
7 6159094 ea000077770036db
7 6159608 bbbb
7 6160558 bfbf000700000000
7 6161687 bfbf000800000000
7 6162279 ffffcccc01b2ce00
7 6165992 b000000700000000
7 6167454 bbbb
7 7682864 aaaa
7 7683193 b000000800000000
7 7683809 ffffcccc06a5c800
7 7685848 aaaa
7 7686234 eb000077778036dc
7 8186746 ea000077770036dc
7 8187259 bbbb
7 8188217 bfbf000700000000
7 8189758 bfbf000800000000
7 8190450 ffffcccc01b2ce00
7 8194083 b000000700000000
7 8195588 bbbb
7 8199798 aaaa
7 8200225 b000000800000000
7 8200883 ffffcccc06a5c800
7 8202888 aaaa
7 8203274 eb000077778036dd
7 8703796 ea000077770036dd
7 8704320 bbbb
7 8705265 bfbf000700000000
7 8706397 bfbf000800000000
7 8707150 ffffcccc01b2ce00
7 8710577 b000000700000000
7 8711999 bbbb
7 8716253 aaaa
7 8716820 b000000800000000
7 8717476 ffffcccc06a5c800
7 8719416 aaaa
7 8719803 eb000077778036de
7 9220310 ea000077770036de
7 9220825 bbbb
7 9221775 bfbf000700000000
7 9223344 bfbf000800000000
7 9223910 ffffcccc01b2ce00
7 9227448 b000000700000000
7 9228951 bbbb
7 9232834 aaaa
7 9233207 b000000800000000
7 9233879 ffffcccc06a5c800
7 9235871 aaaa
7 9236260 eb000077778036df
7 9736774 ea000077770036df
7 9737280 bbbb
7 9738225 bfbf000700000000
7 9739508 bfbf000800000000
7 9739877 ffffcccc01b2ce00
7 9743320 b000000700000000
7 9745126 bbbb
7 9746648 aaaa
7 9747115 b000000800000000
7 9747773 ffffcccc06a5c800
7 9749742 aaaa
7 9750125 eb000077778036e0
7 10250653 ea000077770036e0
7 10251164 bbbb
7 10252105 bfbf000700000000
7 10253444 bfbf000800000000
7 10254016 ffffcccc01b2ce00
7 10257549 b000000700000000
7 10258935 bbbb
7 11778117 aaaa
7 11778774 b000000800000000
7 11779361 ffffcccc06a5c800
7 11781350 aaaa
7 11781735 eb000077778036e1
7 12282208 ea000077770036e1
7 12282732 bbbb
7 12283693 bfbf000700000000
7 12285054 bfbf000800000000
7 12285878 ffffcccc01b2ce00
7 12289381 b000000700000000
7 12290932 bbbb
7 12295159 aaaa
7 12295553 b000000800000000
7 12296221 ffffcccc06a5c800
7 12298217 aaaa
7 12298600 eb000077778036e2
7 12799079 ea000077770036e2
7 12799594 bbbb
7 12800679 bfbf000700000000
7 12802057 bfbf000800000000
7 12802623 ffffcccc01b2ce00
7 12806176 b000000700000000
7 12807515 bbbb
7 12810285 aaaa
7 12810745 b000000800000000
7 12811405 ffffcccc06a5c800
7 12813407 aaaa
7 12813792 eb000077778036e3
7 13314278 ea000077770036e3
7 13314790 bbbb
7 13315734 bfbf000700000000
7 13317239 bfbf000800000000
7 13317823 ffffcccc01b2ce00
7 13321399 b000000700000000
7 13322815 bbbb
7 13326958 aaaa
7 13327442 b000000800000000
7 13328098 ffffcccc06a5c800
7 13330064 aaaa
7 13330448 eb000077778036e4
7 13830946 ea000077770036e4
7 13831463 bbbb
7 13832406 bfbf000700000000
7 13833960 bfbf000800000000
7 13834327 ffffcccc01b2ce00
7 13837841 b000000700000000
7 13839218 bbbb
7 18172728 ffff0001000030c2
# Core 8 LOG DUMP ==================================================
# DCB 8 ffffff0006a5ca00 pixels
# DCB 8 ffffff0001b2d000 monitor
8 6552 ffffcccc01b2d000
8 14683661 ffff000100003099
# Core 9 LOG DUMP ==================================================
# DCB 9 ffffff0006a5cc00 pixels
# DCB 9 ffffff0001b2d200 monitor
9 6279 ffffcccc01b2d200
9 9973453 ffff000100003070
# Core 10 LOG DUMP ==================================================
# DCB 10 ffffff0006a5ce00 pixels
# DCB 10 ffffff0001b2d400 monitor
10 4120 ffffcccc01b2d400
10 6257233 ffff000100003047
# Core 11 LOG DUMP ==================================================
# DCB 11 ffffff000713a000 pixels
# DCB 11 ffffff000445a600 e1000n
# DCB 11 ffffff0001b2d600 monitor
11 6371 ffffcccc0445a600
11 7759 ffffcccc01b2d600
11 10379 ffffcccc0445a600
11 3821330 ffff00010000301f
11 3821685 ffffcccc01b2d600
11 3824534 ffffcccc0445a600
# Core 12 LOG DUMP ==================================================
# DCB 12 ffffff000713a200 pixels
# DCB 12 ffffff0001b2d800 monitor
12 4940 ffffcccc01b2d800
12 1243784 ffff000100002ff6
# Core 13 LOG DUMP ==================================================
# DCB 13 ffffff000713a400 pixels
# DCB 13 ffffff0001b2da00 monitor
13 3706 ffffcccc01b2da00
# Core 14 LOG DUMP ==================================================
# DCB 14 ffffff000713a600 pixels
# DCB 14 ffffff0001b2dc00 monitor
14 6251 ffffcccc01b2dc00
14 19481563 ffff000100002fa5
# Core 15 LOG DUMP ==================================================
# DCB 15 ffffff000713a800 pixels
# DCB 15 ffffff000445a800 bfscope
# DCB 15 ffffff0001b2de00 monitor
15 6376 ffffcccc0445a800
15 6633 ffffcccc01b2de00
15 10930 ffffcccc0445a800
15 12741722 ffff000100002f5d
15 12742147 ffffcccc01b2de00
15 12744838 ffffcccc0445a800
