# Start 371239598619 Duration 20000000 Stop 371259598619
# Core 0 LOG DUMP ==================================================
0 0 1234000000000001
# DCB 0 ffffff000713aa00 fish
# DCB 0 ffffff000445aa00 pixels
# DCB 0 ffffff000445a400 serial
# DCB 0 ffffff000445a200 pci
# DCB 0 ffffff000445a000 skb
# DCB 0 ffffff0001b2c000 chips
# DCB 0 ffffff0001e06000 mem_serv
# DCB 0 ffffff0001e06200 monitor
0 7848 ffffcccc0713aa00
0 9957 ea0000776f8036f6
0 10558 ea00007779801437
0 11439 bbbb
0 20154 bfbf000700000000
0 21304 bfbf000800000000
0 21724 ffffcccc01e06200
0 24866 b000000700000000
0 26160 b000000700000000
0 32502 bbbb
0 67214 b000bbbb00000014
0 517318 aaaa
0 517715 b000000800000000
0 518713 ffffcccc0713aa00
0 521706 aaaa
0 522360 eb00007779001437
0 524016 eb0000776f0036f6
0 524736 ea0000776f8036f7
0 525240 ea0000777180239e
0 525705 ea00007773802ff1
0 526604 ea00007775803492
0 527108 ea00007777803299
0 528110 ea00007779801438
0 529650 bbbb
0 538589 bfbf000700000000
0 539731 bfbf000800000000
0 540125 ffffcccc01e06200
0 543310 b000000700000000
0 544541 b000000700000000
0 550775 bbbb
0 586358 b000bbbb00000014
0 1032311 aaaa
0 1032951 b000000800000000
0 1034097 ffffcccc0713aa00
0 1037862 aaaa
0 1038557 eb00007779001438
0 1039475 eb00007777003299
0 1040003 eb00007775003492
0 1040610 eb00007773002ff1
0 1041368 eb0000777100239e
0 1041994 eb0000776f0036f7
0 1043408 ea0000776f8036f8
0 1044248 ea0000777180239f
0 1044971 ea00007773802ff2
0 1045639 ea00007775803493
0 1046534 ea0000777780329a
0 1047034 ea00007779801439
0 1048485 bbbb
0 1057448 bfbf000700000000
0 1058583 bfbf000800000000
0 1058993 ffffcccc01e06200
0 1062079 b000000700000000
0 1063307 b000000700000000
0 1069613 bbbb
0 1105032 b000bbbb00000014
0 1552114 aaaa
0 1552520 b000000800000000
0 1554387 ffffcccc0713aa00
0 1558312 aaaa
0 1559127 eb00007779001439
0 1559805 eb0000777700329a
0 1560547 eb00007775003493
0 1561625 eb00007773002ff2
0 1562210 eb0000777100239f
0 1563153 eb0000776f0036f8
0 1563813 ea0000776f8036f9
0 1565045 bbbb
0 1573896 bfbf000700000000
0 1575056 bfbf000800000000
0 1575440 ffffcccc01e06200
0 1578287 b000000700000000
0 1579564 b000000700000000
0 1585575 bbbb
0 1620744 b000bbbb00000014
0 2071182 aaaa
0 2071603 b000000800000000
0 2072684 ffffcccc0713aa00
0 2076132 aaaa
0 2076913 eb0000776f0036f9
0 4078833 ea00007775803494
0 4079766 bbbb
0 4088162 bfbf000700000000
0 4089303 bfbf000800000000
0 4089924 ffffcccc01e06200
0 4098638 b000000700000000
0 4099458 b000000700000000
0 4102002 bbbb
0 4585833 aaaa
0 4586211 b000000800000000
0 4586799 ffffcccc0713aa00
0 4590235 aaaa
0 4590867 eb00007775003494
0 4591724 ea0000776f8036fa
0 4592433 ea000077718023a0
0 4593254 ea00007773802ff3
0 4594422 ea00007775803495
0 4595842 ea0000777780329b
0 4597230 bbbb
0 4605921 bfbf000700000000
0 4607065 bfbf000800000000
0 4607449 ffffcccc01e06200
0 4616048 b000000700000000
0 4616963 b000000700000000
0 4619718 bbbb
0 5100935 aaaa
0 5101313 b000000800000000
0 5102514 ffffcccc0713aa00
0 5105139 aaaa
0 5105736 eb00007773002ff3
0 5106734 eb000077710023a0
0 5107440 eb0000776f0036fa
0 5109768 eb0000777700329b
0 5110328 eb00007775003495
0 5111352 ea0000776f8036fb
0 5112234 ea000077718023a1
0 5112656 ea00007773802ff4
0 5113468 ea00007775803496
0 5114609 ea0000777780329c
0 5115502 ea0000777980143a
0 5116490 bbbb
0 5125525 bfbf000700000000
0 5126636 bfbf000800000000
0 5127021 ffffcccc01e06200
0 5130169 b000000700000000
0 5131694 b000000700000000
0 5137626 bbbb
0 5172919 b000bbbb00000014
0 5620031 aaaa
0 5620424 b000000800000000
0 5621918 ffffcccc0713aa00
0 5624930 aaaa
0 5625577 eb00007773002ff4
0 5626200 eb000077710023a1
0 5626814 eb0000776f0036fb
0 5628354 eb0000777900143a
0 5628986 eb0000777700329c
0 5629968 eb00007775003496
0 5630696 ea00007775803497
0 5631568 ea0000777980143b
0 5632440 bbbb
0 5640985 bfbf000700000000
0 5642133 bfbf000800000000
0 5642515 ffffcccc01e06200
0 5645630 b000000700000000
0 5647158 b000000700000000
0 5653137 bbbb
0 5687638 b000bbbb00000014
0 6137844 aaaa
0 6138234 b000000800000000
0 6139225 ffffcccc0713aa00
0 6142821 aaaa
0 6143452 eb0000777900143b
0 6144507 eb00007775003497
0 6145227 ea00007775803498
0 6146279 ea0000777980143c
0 6147140 bbbb
0 6155679 bfbf000700000000
0 6156783 bfbf000800000000
0 6157166 ffffcccc01e06200
0 6160434 b000000700000000
0 6161596 b000000700000000
0 6167799 bbbb
0 6202871 b000bbbb00000014
0 6653098 aaaa
0 6653465 b000000800000000
0 6654054 ffffcccc0713aa00
0 6657354 aaaa
0 6658002 eb0000777900143c
0 6659064 eb00007775003498
0 8160418 ea0000776f8036fc
0 8161288 ea00007775803499
0 8162209 bbbb
0 8170999 bfbf000700000000
0 8172102 bfbf000800000000
0 8172486 ffffcccc01e06200
0 8175570 b000000700000000
0 8176728 b000000700000000
0 8183023 bbbb
0 8217939 b000bbbb00000014
0 8667025 aaaa
0 8667406 b000000800000000
0 8668290 ffffcccc0713aa00
0 8670473 aaaa
0 8671121 eb0000776f0036fc
0 8673291 eb00007775003499
0 8674005 ea0000776f8036fd
0 8675009 ea000077718023a2
0 8675864 ea00007773802ff5
0 8676343 ea0000777580349a
0 8677477 ea0000777980143d
0 8678358 bbbb
0 8687127 bfbf000700000000
0 8688246 bfbf000800000000
0 8688636 ffffcccc01e06200
0 8697241 b000000700000000
0 8698723 b000000700000000
0 8700887 bbbb
0 8735605 b000bbbb00000014
0 9182208 aaaa
0 9182598 b000000800000000
0 9184023 ffffcccc0713aa00
0 9186008 aaaa
0 9186643 eb00007773002ff5
0 9187884 eb000077710023a2
0 9188780 eb0000776f0036fd
0 9190646 eb0000777900143d
0 9191399 eb0000777500349a
0 9192447 ea0000776f8036fe
0 9192858 ea000077718023a3
0 9193408 ea00007773802ff6
0 9194448 ea0000777580349b
0 9195330 ea0000777980143e
0 9196234 bbbb
0 9204950 bfbf000700000000
0 9206037 bfbf000800000000
0 9206685 ffffcccc01e06200
0 9209570 b000000700000000
0 9211131 b000000700000000
0 9217045 bbbb
0 9252408 b000bbbb00000014
0 9699337 aaaa
0 9699714 b000000800000000
0 9700950 ffffcccc0713aa00
0 9703553 aaaa
0 9704259 eb00007773002ff6
0 9705511 eb000077710023a3
0 9706131 eb0000776f0036fe
0 9708314 eb0000777900143e
0 9709363 eb0000777500349b
0 9710094 ea0000776f8036ff
0 9711765 bbbb
0 9720342 bfbf000700000000
0 9721470 bfbf000800000000
0 9721854 ffffcccc01e06200
0 9724700 b000000700000000
0 9726388 b000000700000000
0 9732321 bbbb
0 9766965 b000bbbb00000014
0 10217637 aaaa
0 10218040 b000000800000000
0 10218625 ffffcccc0713aa00
0 10220815 aaaa
0 10221460 eb0000776f0036ff
0 11723292 ea0000776f803700
0 11723839 ea0000777580349c
0 11725694 bbbb
0 11734655 bfbf000700000000
0 11735830 bfbf000800000000
0 11736206 ffffcccc01e06200
0 11744872 b000000700000000
0 11745766 b000000700000000
0 11748474 bbbb
0 12691285 aaaa
0 12691865 b000000800000000
0 12692634 ffffcccc0713aa00
0 12696265 aaaa
0 12696993 eb0000776f003700
0 12698371 eb0000777500349c
0 12699147 ea0000776f803701
0 12700044 ea00007773802ff7
0 12700537 ea0000777580349d
0 12701223 ea0000777780329d
0 12701977 bbbb
0 12710600 bfbf000700000000
0 12711735 bfbf000800000000
0 12712119 ffffcccc01e06200
0 12720729 b000000700000000
0 12722310 b000000700000000
0 12724451 bbbb
0 12759464 b000bbbb00000014
0 13107630 ffff00010000319b
0 13206756 aaaa
0 13207140 b000000800000000
0 13208317 ffffcccc0713aa00
0 13210567 aaaa
0 13211521 eb00007773002ff7
0 13212680 eb0000776f003701
0 13214556 eb0000777700329d
0 13215098 eb0000777500349d
0 13216265 ea0000776f803702
0 13217082 ea00007773802ff8
0 13217601 ea0000777780329e
0 13218783 bbbb
0 13228188 bfbf000700000000
0 13229308 bfbf000800000000
0 13229692 ffffcccc01e06200
0 13232670 b000000700000000
0 13234499 b000000700000000
0 13240420 bbbb
0 13275541 b000bbbb00000014
0 13723049 aaaa
0 13723903 b000000800000000
0 13725073 ffffcccc0713aa00
0 13727243 aaaa
0 13727907 eb00007773002ff8
0 13728911 eb0000776f003702
0 13730797 eb0000777700329e
0 13731595 ea0000776f803703
0 13732788 ea00007773802ff9
0 13733765 ea0000777780329f
0 13735258 bbbb
0 13743844 bfbf000700000000
0 13744972 bfbf000800000000
0 13745612 ffffcccc01e06200
0 13754044 b000000700000000
0 13755464 b000000700000000
0 13757763 bbbb
0 13793388 b000bbbb00000014
0 14238837 aaaa
0 14239305 b000000800000000
0 14240554 ffffcccc0713aa00
0 14243052 aaaa
0 14243704 eb00007773002ff9
0 14244359 eb0000776f003703
0 14246343 eb0000777700329f
0 14247114 ea0000776f803704
0 14248287 ea000077718023a4
0 14248816 ea00007773802ffa
0 14249356 ea000077778032a0
0 14250914 bbbb
0 14259594 bfbf000700000000
0 14260707 bfbf000800000000
0 14261091 ffffcccc01e06200
0 14264333 b000000700000000
0 14265891 b000000700000000
0 14271761 bbbb
0 14306068 b000bbbb00000014
0 14754953 aaaa
0 14755589 b000000800000000
0 14756948 ffffcccc0713aa00
0 14759274 aaaa
0 14760201 eb00007773002ffa
0 14760838 eb000077710023a4
0 14761376 eb0000776f003704
0 14763141 eb000077770032a0
0 14763931 ea000077718023a5
0 14764703 ea000077778032a1
0 14765622 bbbb
0 14774337 bfbf000700000000
0 14775500 bfbf000800000000
0 14775883 ffffcccc01e06200
0 14784269 b000000700000000
0 14785684 b000000700000000
0 14788227 bbbb
0 14823621 b000bbbb00000014
0 15270936 aaaa
0 15271279 b000000800000000
0 15272139 ffffcccc0713aa00
0 15274998 aaaa
0 15275676 eb000077710023a5
0 15277584 eb000077770032a1
0 16279356 ea0000776f803705
0 16279862 ea000077718023a6
0 16280292 ea00007773802ffb
0 16280692 ea0000777580349e
0 16282101 ea000077778032a2
0 16283123 ea0000777980143f
0 16284572 bbbb
0 16293268 bfbf000700000000
0 16294406 bfbf000800000000
0 16294788 ffffcccc01e06200
0 16297896 b000000700000000
0 16299020 b000000700000000
0 16305543 bbbb
0 16340385 b000bbbb00000014
0 16787269 aaaa
0 16787651 b000000800000000
0 16789025 ffffcccc0713aa00
0 16791275 aaaa
0 16792009 eb0000777500349e
0 16793354 eb00007773002ffb
0 16793911 eb000077710023a6
0 16794888 eb0000776f003705
0 16796867 eb0000777900143f
0 16797600 eb000077770032a2
0 16798294 ea0000776f803706
0 16798798 ea000077718023a7
0 16799212 ea00007773802ffc
0 16800048 ea0000777580349f
0 16801441 ea000077778032a3
0 16801961 ea00007779801440
0 16803300 bbbb
0 16812071 bfbf000700000000
0 16813199 bfbf000800000000
0 16813583 ffffcccc01e06200
0 16816505 b000000700000000
0 16818112 b000000700000000
0 16824177 bbbb
0 16859116 b000bbbb00000014
0 17304764 aaaa
0 17305127 b000000800000000
0 17306310 ffffcccc0713aa00
0 17308456 aaaa
0 17309094 eb0000777500349f
0 17310291 eb00007773002ffc
0 17311326 eb000077710023a7
0 17312052 eb0000776f003706
0 17314022 eb00007779001440
0 17314909 eb000077770032a3
0 17315684 ea000077758034a0
0 17317503 bbbb
0 17325977 bfbf000700000000
0 17327090 bfbf000800000000
0 17327719 ffffcccc01e06200
0 17330639 b000000700000000
0 17332250 b000000700000000
0 17338185 bbbb
0 17374283 b000bbbb00000014
0 17822981 aaaa
0 17823353 b000000800000000
0 17824267 ffffcccc0713aa00
0 17826261 aaaa
0 17826906 eb000077750034a0
0 17827686 ea000077758034a1
0 17829707 bbbb
0 17838231 bfbf000700000000
0 17839352 bfbf000800000000
0 17839736 ffffcccc01e06200
0 17848491 b000000700000000
0 17849582 b000000700000000
0 17852121 bbbb
0 18335240 aaaa
0 18335624 b000000800000000
0 18336452 ffffcccc0713aa00
0 18340173 aaaa
0 18340884 eb000077750034a1
0 18341924 ea0000776f803707
0 18342641 ea000077718023a8
0 18343024 ea00007773802ffd
0 18343675 ea000077758034a2
0 18345007 bbbb
0 18353654 bfbf000700000000
0 18354792 bfbf000800000000
0 18355176 ffffcccc01e06200
0 18363893 b000000700000000
0 18364996 b000000700000000
0 18367526 bbbb
0 18848933 aaaa
0 18849293 b000000800000000
0 18850523 ffffcccc0713aa00
0 18852956 aaaa
0 18853661 eb00007773002ffd
0 18854648 eb000077710023a8
0 18855386 eb0000776f003707
0 18857167 eb000077750034a2
0 18857845 ea0000776f803708
0 18858337 ea000077718023a9
0 18858974 ea00007773802ffe
0 18860230 bbbb
0 18868779 bfbf000700000000
0 18869904 bfbf000800000000
0 18870525 ffffcccc01e06200
0 18873419 b000000700000000
0 18875025 b000000700000000
0 18880914 bbbb
0 18915600 b000bbbb00000014
0 19364121 aaaa
0 19364515 b000000800000000
0 19365725 ffffcccc0713aa00
0 19368099 aaaa
0 19368792 eb00007773002ffe
0 19369685 eb000077710023a9
0 19370436 eb0000776f003708
# Core 1 LOG DUMP ==================================================
# DCB 1 ffffff000445ac00 pixels
# DCB 1 ffffff0001b2c200 monitor
1 2482 ffffcccc01b2c200
1 16555483 ffff000100003176
# Core 2 LOG DUMP ==================================================
# DCB 2 ffffff000445ae00 pixels
# DCB 2 ffffff0001b2c400 monitor
2 2895 ffffcccc01b2c400
2 12113459 ffff00010000314d
# Core 3 LOG DUMP ==================================================
# DCB 3 ffffff0006a5c000 pixels
# DCB 3 ffffff0001b2c600 monitor
3 2547 ffffcccc01b2c600
3 10897 aaaa
3 11374 b000000800000000
3 11973 ffffcccc06a5c000
3 13967 aaaa
3 14390 eb0000776f8036f6
3 515127 ea0000776f0036f6
3 515591 bbbb
3 516348 bfbf000700000000
3 517593 bfbf000800000000
3 518577 ffffcccc01b2c600
3 522213 b000000700000000
3 523451 bbbb
3 525652 aaaa
3 526301 b000000800000000
3 526992 ffffcccc06a5c000
3 529125 aaaa
3 529804 eb0000776f8036f7
3 1030545 ea0000776f0036f7
3 1031010 bbbb
3 1031727 bfbf000700000000
3 1032920 bfbf000800000000
3 1034442 ffffcccc01b2c600
3 1037975 b000000700000000
3 1039505 bbbb
3 1044612 aaaa
3 1045083 b000000800000000
3 1045893 ffffcccc06a5c000
3 1047817 aaaa
3 1048748 eb0000776f8036f8
3 1549658 ea0000776f0036f8
3 1550168 bbbb
3 1550890 bfbf000700000000
3 1552057 bfbf000800000000
3 1553570 ffffcccc01b2c600
3 1558063 b000000700000000
3 1559402 bbbb
3 1565009 aaaa
3 1565650 b000000800000000
3 1566297 ffffcccc06a5c000
3 1568033 aaaa
3 1568428 eb0000776f8036f9
3 2069199 ea0000776f0036f9
3 2069703 bbbb
3 2070422 bfbf000700000000
3 2071562 bfbf000800000000
3 2072532 ffffcccc01b2c600
3 2076065 b000000700000000
3 2077477 bbbb
3 4592926 aaaa
3 4593662 b000000800000000
3 4594563 ffffcccc06a5c000
3 4596571 aaaa
3 4597138 eb0000776f8036fa
3 5098010 ea0000776f0036fa
3 5098842 bbbb
3 5099574 bfbf000700000000
3 5100755 bfbf000800000000
3 5101891 ffffcccc01b2c600
3 5105761 b000000700000000
3 5107183 bbbb
3 5112587 aaaa
3 5113226 b000000800000000
3 5113873 ffffcccc06a5c000
3 5116075 aaaa
3 5116654 eb0000776f8036fb
3 5617934 ea0000776f0036fb
3 5618505 bbbb
3 5619223 bfbf000700000000
3 5620365 bfbf000800000000
3 5621331 ffffcccc01b2c600
3 5625723 b000000700000000
3 5627094 bbbb
3 7840097 ffff000100003125
3 8161712 aaaa
3 8161898 b000000800000000
3 8162484 ffffcccc06a5c000
3 8164557 aaaa
3 8165148 eb0000776f8036fc
3 8665686 ea0000776f0036fc
3 8666182 bbbb
3 8666949 bfbf000700000000
3 8668612 bfbf000800000000
3 8669150 ffffcccc01b2c600
3 8672797 b000000700000000
3 8674198 bbbb
3 8675499 aaaa
3 8675685 b000000800000000
3 8676352 ffffcccc06a5c000
3 8678266 aaaa
3 8679053 eb0000776f8036fd
3 9179530 ea0000776f0036fd
3 9180038 bbbb
3 9180756 bfbf000700000000
3 9182150 bfbf000800000000
3 9182557 ffffcccc01b2c600
3 9186440 b000000700000000
3 9187840 bbbb
3 9193390 aaaa
3 9193577 b000000800000000
3 9194509 ffffcccc06a5c000
3 9196594 aaaa
3 9197183 eb0000776f8036fe
3 9697650 ea0000776f0036fe
3 9698157 bbbb
3 9698877 bfbf000700000000
3 9700387 bfbf000800000000
3 9700893 ffffcccc01b2c600
3 9704522 b000000700000000
3 9705935 bbbb
3 9711683 aaaa
3 9711882 b000000800000000
3 9712787 ffffcccc06a5c000
3 9714515 aaaa
3 9715097 eb0000776f8036ff
3 10215576 ea0000776f0036ff
3 10216085 bbbb
3 10216802 bfbf000700000000
3 10218335 bfbf000800000000
3 10218877 ffffcccc01b2c600
3 10222590 b000000700000000
3 10223973 bbbb
3 11724571 aaaa
3 11724775 b000000800000000
3 11725383 ffffcccc06a5c000
3 11727169 aaaa
3 11727763 eb0000776f803700
3 12687066 ea0000776f003700
3 12688152 bbbb
3 12688993 bfbf000700000000
3 12690717 bfbf000800000000
3 12691133 ffffcccc01b2c600
3 12695032 b000000700000000
3 12696384 bbbb
3 12700404 aaaa
3 12700596 b000000800000000
3 12701307 ffffcccc06a5c000
3 12703227 aaaa
3 12703813 eb0000776f803701
3 13204281 ea0000776f003701
3 13204776 bbbb
3 13205495 bfbf000700000000
3 13206897 bfbf000800000000
3 13207482 ffffcccc01b2c600
3 13211029 b000000700000000
3 13212387 bbbb
3 13217455 aaaa
3 13217644 b000000800000000
3 13218589 ffffcccc06a5c000
3 13220330 aaaa
3 13220913 eb0000776f803702
3 13721400 ea0000776f003702
3 13721903 bbbb
3 13722626 bfbf000700000000
3 13724073 bfbf000800000000
3 13724909 ffffcccc01b2c600
3 13728529 b000000700000000
3 13729928 bbbb
3 13733219 aaaa
3 13733408 b000000800000000
3 13734048 ffffcccc06a5c000
3 13735904 aaaa
3 13736536 eb0000776f803703
3 14237060 ea0000776f003703
3 14237556 bbbb
3 14238278 bfbf000700000000
3 14239662 bfbf000800000000
3 14240409 ffffcccc01b2c600
3 14243943 b000000700000000
3 14245266 bbbb
3 14248663 aaaa
3 14248869 b000000800000000
3 14249813 ffffcccc06a5c000
3 14252199 aaaa
3 14252784 eb0000776f803704
3 14753307 ea0000776f003704
3 14753809 bbbb
3 14754534 bfbf000700000000
3 14756039 bfbf000800000000
3 14756833 ffffcccc01b2c600
3 14760422 b000000700000000
3 14761758 bbbb
3 16280496 aaaa
3 16280683 b000000800000000
3 16281545 ffffcccc06a5c000
3 16283555 aaaa
3 16284227 eb0000776f803705
3 16784732 ea0000776f003705
3 16785228 bbbb
3 16785961 bfbf000700000000
3 16787413 bfbf000800000000
3 16788016 ffffcccc01b2c600
3 16791702 b000000700000000
3 16793201 bbbb
3 16799096 aaaa
3 16799282 b000000800000000
3 16800239 ffffcccc06a5c000
3 16802217 aaaa
3 16803000 eb0000776f803706
3 17303462 ea0000776f003706
3 17303961 bbbb
3 17304680 bfbf000700000000
3 17306300 bfbf000800000000
3 17307056 ffffcccc01b2c600
3 17310726 b000000700000000
3 17312198 bbbb
3 18342952 aaaa
3 18343139 b000000800000000
3 18343987 ffffcccc06a5c000
3 18346052 aaaa
3 18346640 eb0000776f803707
3 18847125 ea0000776f003707
3 18847623 bbbb
3 18848356 bfbf000700000000
3 18849764 bfbf000800000000
3 18850836 ffffcccc01b2c600
3 18854387 b000000700000000
3 18855722 bbbb
3 18858664 aaaa
3 18858851 b000000800000000
3 18859499 ffffcccc06a5c000
3 18861418 aaaa
3 18862007 eb0000776f803708
3 19362500 ea0000776f003708
3 19362996 bbbb
3 19363723 bfbf000700000000
3 19365152 bfbf000800000000
3 19365675 ffffcccc01b2c600
3 19369340 b000000700000000
3 19370748 bbbb
# Core 4 LOG DUMP ==================================================
# DCB 4 ffffff0006a5c200 pixels
# DCB 4 ffffff0001b2c800 monitor
4 3861 ffffcccc01b2c800
4 526295 aaaa
4 527159 b000000800000000
4 527784 ffffcccc06a5c200
4 529806 aaaa
4 531285 eb0000777180239e
4 1031976 ea0000777100239e
4 1032460 bbbb
4 1033215 bfbf000700000000
4 1034924 bfbf000800000000
4 1036326 ffffcccc01b2c800
4 1039989 b000000700000000
4 1041579 bbbb
4 1045340 aaaa
4 1045994 b000000800000000
4 1047092 ffffcccc06a5c200
4 1049676 aaaa
4 1050364 eb0000777180239f
4 1551072 ea0000777100239f
4 1551560 bbbb
4 1552285 bfbf000700000000
4 1553700 bfbf000800000000
4 1556073 ffffcccc01b2c800
4 1559628 b000000700000000
4 1561100 bbbb
4 3868284 ffff0001000030fd
4 4593759 aaaa
4 4594466 b000000800000000
4 4595594 ffffcccc06a5c200
4 4597549 aaaa
4 4598631 eb000077718023a0
4 5099117 ea000077710023a0
4 5099694 bbbb
4 5100452 bfbf000700000000
4 5101983 bfbf000800000000
4 5103311 ffffcccc01b2c800
4 5107793 b000000700000000
4 5109267 bbbb
4 5113058 aaaa
4 5113501 b000000800000000
4 5114475 ffffcccc06a5c200
4 5116550 aaaa
4 5117569 eb000077718023a1
4 5618063 ea000077710023a1
4 5618699 bbbb
4 5619417 bfbf000700000000
4 5620821 bfbf000800000000
4 5622282 ffffcccc01b2c800
4 5625837 b000000700000000
4 5627286 bbbb
4 8676285 aaaa
4 8676853 b000000800000000
4 8677740 ffffcccc06a5c200
4 8679947 aaaa
4 8680563 eb000077718023a2
4 9181088 ea000077710023a2
4 9181666 bbbb
4 9182435 bfbf000700000000
4 9184068 bfbf000800000000
4 9184730 ffffcccc01b2c800
4 9188377 b000000700000000
4 9189727 bbbb
4 9193761 aaaa
4 9194353 b000000800000000
4 9195023 ffffcccc06a5c200
4 9197084 aaaa
4 9197728 eb000077718023a3
4 9698245 ea000077710023a3
4 9698829 bbbb
4 9699606 bfbf000700000000
4 9701398 bfbf000800000000
4 9702113 ffffcccc01b2c800
4 9705663 b000000700000000
4 9707176 bbbb
4 14249294 aaaa
4 14249945 b000000800000000
4 14251436 ffffcccc06a5c200
4 14253623 aaaa
4 14254201 eb000077718023a4
4 14754723 ea000077710023a4
4 14755316 bbbb
4 14756283 bfbf000700000000
4 14758234 bfbf000800000000
4 14758985 ffffcccc01b2c800
4 14762644 b000000700000000
4 14764023 bbbb
4 14765239 aaaa
4 14765554 b000000800000000
4 14766225 ffffcccc06a5c200
4 14768215 aaaa
4 14768837 eb000077718023a5
4 15269328 ea000077710023a5
4 15269898 bbbb
4 15270616 bfbf000700000000
4 15272029 bfbf000800000000
4 15272839 ffffcccc01b2c800
4 15276786 b000000700000000
4 15278193 bbbb
4 16280918 aaaa
4 16281443 b000000800000000
4 16282774 ffffcccc06a5c200
4 16285110 aaaa
4 16286048 eb000077718023a6
4 16786521 ea000077710023a6
4 16787089 bbbb
4 16787829 bfbf000700000000
4 16790013 bfbf000800000000
4 16790634 ffffcccc01b2c800
4 16794252 b000000700000000
4 16795670 bbbb
4 16799760 aaaa
4 16800050 b000000800000000
4 16801241 ffffcccc06a5c200
4 16803225 aaaa
4 16803964 eb000077718023a7
4 17304489 ea000077710023a7
4 17305075 bbbb
4 17306108 bfbf000700000000
4 17307642 bfbf000800000000
4 17308263 ffffcccc01b2c800
4 17311796 b000000700000000
4 17313206 bbbb
4 18343572 aaaa
4 18343916 b000000800000000
4 18345040 ffffcccc06a5c200
4 18347120 aaaa
4 18347538 eb000077718023a8
4 18848024 ea000077710023a8
4 18848619 bbbb
4 18849357 bfbf000700000000
4 18851041 bfbf000800000000
4 18851660 ffffcccc01b2c800
4 18855279 b000000700000000
4 18856629 bbbb
4 18859537 aaaa
4 18859966 b000000800000000
4 18860621 ffffcccc06a5c200
4 18862700 aaaa
4 18863279 eb000077718023a9
4 19363800 ea000077710023a9
4 19364378 bbbb
4 19365519 bfbf000700000000
4 19367273 bfbf000800000000
4 19367892 ffffcccc01b2c800
4 19371390 b000000700000000
4 19372868 bbbb
# Core 5 LOG DUMP ==================================================
# DCB 5 ffffff0006a5c400 pixels
# DCB 5 ffffff0001b2ca00 monitor
5 3366 ffffcccc01b2ca00
5 264569 ffff0001000030d6
5 527364 aaaa
5 527922 b000000800000000
5 528537 ffffcccc06a5c400
5 530530 aaaa
5 531821 eb00007773802ff1
5 1032311 ea00007773002ff1
5 1032793 bbbb
5 1033686 bfbf000700000000
5 1035806 bfbf000800000000
5 1036376 ffffcccc01b2ca00
5 1039901 b000000700000000
5 1041338 bbbb
5 1046031 aaaa
5 1046403 b000000800000000
5 1047074 ffffcccc06a5c400
5 1049389 aaaa
5 1050425 eb00007773802ff2
5 1550903 ea00007773002ff2
5 1551375 bbbb
5 1552077 bfbf000700000000
5 1553518 bfbf000800000000
5 1554536 ffffcccc01b2ca00
5 1558124 b000000700000000
5 1559427 bbbb
5 4594913 aaaa
5 4595661 b000000800000000
5 4596261 ffffcccc06a5c400
5 4598121 aaaa
5 4598885 eb00007773802ff3
5 5099351 ea00007773002ff3
5 5099873 bbbb
5 5100589 bfbf000700000000
5 5101995 bfbf000800000000
5 5103091 ffffcccc01b2ca00
5 5107150 b000000700000000
5 5108649 bbbb
5 5114061 aaaa
5 5114657 b000000800000000
5 5115339 ffffcccc06a5c400
5 5117229 aaaa
5 5118296 eb00007773802ff4
5 5618781 ea00007773002ff4
5 5619303 bbbb
5 5620003 bfbf000700000000
5 5621706 bfbf000800000000
5 5622984 ffffcccc01b2ca00
5 5626887 b000000700000000
5 5628277 bbbb
5 8677218 aaaa
5 8677503 b000000800000000
5 8678399 ffffcccc06a5c400
5 8680148 aaaa
5 8680798 eb00007773802ff5
5 9181258 ea00007773002ff5
5 9181764 bbbb
5 9182538 bfbf000700000000
5 9184192 bfbf000800000000
5 9185212 ffffcccc01b2ca00
5 9188742 b000000700000000
5 9190180 bbbb
5 9194841 aaaa
5 9195154 b000000800000000
5 9195811 ffffcccc06a5c400
5 9197762 aaaa
5 9198396 eb00007773802ff6
5 9698879 ea00007773002ff6
5 9699411 bbbb
5 9700433 bfbf000700000000
5 9701997 bfbf000800000000
5 9702783 ffffcccc01b2ca00
5 9706402 b000000700000000
5 9707876 bbbb
5 12701341 aaaa
5 12701880 b000000800000000
5 12702969 ffffcccc06a5c400
5 12705085 aaaa
5 12705688 eb00007773802ff7
5 13206210 ea00007773002ff7
5 13206726 bbbb
5 13207445 bfbf000700000000
5 13209004 bfbf000800000000
5 13209570 ffffcccc01b2ca00
5 13213161 b000000700000000
5 13214557 bbbb
5 13217987 aaaa
5 13218387 b000000800000000
5 13219063 ffffcccc06a5c400
5 13221199 aaaa
5 13221833 eb00007773802ff8
5 13722325 ea00007773002ff8
5 13722836 bbbb
5 13723539 bfbf000700000000
5 13725089 bfbf000800000000
5 13725828 ffffcccc01b2ca00
5 13729416 b000000700000000
5 13730808 bbbb
5 13734153 aaaa
5 13734726 b000000800000000
5 13735375 ffffcccc06a5c400
5 13737618 aaaa
5 13738195 eb00007773802ff9
5 14238707 ea00007773002ff9
5 14239231 bbbb
5 14240088 bfbf000700000000
5 14241735 bfbf000800000000
5 14242327 ffffcccc01b2ca00
5 14245799 b000000700000000
5 14247236 bbbb
5 14249685 aaaa
5 14250312 b000000800000000
5 14250994 ffffcccc06a5c400
5 14253283 aaaa
5 14253860 eb00007773802ffa
5 14754376 ea00007773002ffa
5 14754899 bbbb
5 14755600 bfbf000700000000
5 14757236 bfbf000800000000
5 14757797 ffffcccc01b2ca00
5 14761386 b000000700000000
5 14762778 bbbb
5 16281468 aaaa
5 16282091 b000000800000000
5 16282689 ffffcccc06a5c400
5 16284765 aaaa
5 16285634 eb00007773802ffb
5 16786127 ea00007773002ffb
5 16786636 bbbb
5 16787347 bfbf000700000000
5 16789242 bfbf000800000000
5 16789910 ffffcccc01b2ca00
5 16793454 b000000700000000
5 16795058 bbbb
5 16800443 aaaa
5 16801229 b000000800000000
5 16801885 ffffcccc06a5c400
5 16803802 aaaa
5 16804943 eb00007773802ffc
5 17305427 ea00007773002ffc
5 17306049 bbbb
5 17306749 bfbf000700000000
5 17308394 bfbf000800000000
5 17308746 ffffcccc01b2ca00
5 17312804 b000000700000000
5 17314266 bbbb
5 18344112 aaaa
5 18344846 b000000800000000
5 18345489 ffffcccc06a5c400
5 18347651 aaaa
5 18348236 eb00007773802ffd
5 18848694 ea00007773002ffd
5 18849220 bbbb
5 18850095 bfbf000700000000
5 18851904 bfbf000800000000
5 18852477 ffffcccc01b2ca00
5 18855999 b000000700000000
5 18857382 bbbb
5 18860293 aaaa
5 18860724 b000000800000000
5 18861378 ffffcccc06a5c400
5 18863130 aaaa
5 18863731 eb00007773802ffe
5 19364238 ea00007773002ffe
5 19364780 bbbb
5 19365487 bfbf000700000000
5 19366945 bfbf000800000000
5 19367519 ffffcccc01b2ca00
5 19371139 b000000700000000
5 19372488 bbbb
# Core 6 LOG DUMP ==================================================
# DCB 6 ffffff0006a5c600 pixels
# DCB 6 ffffff0001b2cc00 monitor
6 3673 ffffcccc01b2cc00
6 527841 aaaa
6 529110 b000000800000000
6 529695 ffffcccc06a5c600
6 532320 aaaa
6 532733 eb00007775803492
6 1033460 ea00007775003492
6 1034127 bbbb
6 1034885 bfbf000700000000
6 1036737 bfbf000800000000
6 1037439 ffffcccc01b2cc00
6 1041054 b000000700000000
6 1042322 bbbb
6 1046933 aaaa
6 1047463 b000000800000000
6 1048940 ffffcccc06a5c600
6 1051331 aaaa
6 1051730 eb00007775803493
6 1552471 ea00007775003493
6 1553052 bbbb
6 1553770 bfbf000700000000
6 1555989 bfbf000800000000
6 1556838 ffffcccc01b2cc00
6 1560336 b000000700000000
6 1561661 bbbb
6 4079999 aaaa
6 4080635 b000000800000000
6 4081236 ffffcccc06a5c600
6 4082969 aaaa
6 4083368 eb00007775803494
6 4584139 ea00007775003494
6 4584711 bbbb
6 4585445 bfbf000700000000
6 4586628 bfbf000800000000
6 4587267 ffffcccc01b2cc00
6 4590977 b000000700000000
6 4592287 bbbb
6 4596299 aaaa
6 4597011 b000000800000000
6 4597668 ffffcccc06a5c600
6 4599970 aaaa
6 4600361 eb00007775803495
6 5101124 ea00007775003495
6 5101748 bbbb
6 5103200 bfbf000700000000
6 5104539 bfbf000800000000
6 5105178 ffffcccc01b2cc00
6 5108670 b000000700000000
6 5110264 bbbb
6 5114999 aaaa
6 5115573 b000000800000000
6 5116239 ffffcccc06a5c600
6 5118402 aaaa
6 5119034 eb00007775803496
6 5619807 ea00007775003496
6 5620409 bbbb
6 5621507 bfbf000700000000
6 5623551 bfbf000800000000
6 5624433 ffffcccc01b2cc00
6 5627982 b000000700000000
6 5629373 bbbb
6 5632109 aaaa
6 5632658 b000000800000000
6 5633658 ffffcccc06a5c600
6 5635378 aaaa
6 5635778 eb00007775803497
6 6136522 ea00007775003497
6 6137092 bbbb
6 6137818 bfbf000700000000
6 6138956 bfbf000800000000
6 6139586 ffffcccc01b2cc00
6 6143160 b000000700000000
6 6144471 bbbb
6 6146675 aaaa
6 6147225 b000000800000000
6 6148421 ffffcccc06a5c600
6 6150170 aaaa
6 6150569 eb00007775803498
6 6651325 ea00007775003498
6 6652063 bbbb
6 6652782 bfbf000700000000
6 6653970 bfbf000800000000
6 6654808 ffffcccc01b2cc00
6 6658310 b000000700000000
6 6659724 bbbb
6 8162181 aaaa
6 8162557 b000000800000000
6 8163590 ffffcccc06a5c600
6 8165329 aaaa
6 8165727 eb00007775803499
6 8666417 ea00007775003499
6 8666985 bbbb
6 8667718 bfbf000700000000
6 8669051 bfbf000800000000
6 8669692 ffffcccc01b2cc00
6 8673238 b000000700000000
6 8674715 bbbb
6 8677882 aaaa
6 8678763 b000000800000000
6 8679876 ffffcccc06a5c600
6 8681651 aaaa
6 8682050 eb0000777580349a
6 9182780 ea0000777500349a
6 9184217 bbbb
6 9185343 bfbf000700000000
6 9186525 bfbf000800000000
6 9187586 ffffcccc01b2cc00
6 9191144 b000000700000000
6 9192582 bbbb
6 9195875 aaaa
6 9196617 b000000800000000
6 9197776 ffffcccc06a5c600
6 9199523 aaaa
6 9199923 eb0000777580349b
6 9700692 ea0000777500349b
6 9701719 bbbb
6 9702954 bfbf000700000000
6 9704090 bfbf000800000000
6 9704752 ffffcccc01b2cc00
6 9708569 b000000700000000
6 9710034 bbbb
6 11725238 aaaa
6 11725608 b000000800000000
6 11726236 ffffcccc06a5c600
6 11728211 aaaa
6 11728610 eb0000777580349c
6 12695059 ea0000777500349c
6 12696283 bbbb
6 12697142 bfbf000700000000
6 12698858 bfbf000800000000
6 12699524 ffffcccc01b2cc00
6 12703419 b000000700000000
6 12704855 b000000800000000
6 12705584 ffffcccc06a5c600
6 12707622 aaaa
6 12708021 eb0000777580349d
6 13208498 ea0000777500349d
6 13209191 bbbb
6 13210135 bfbf000700000000
6 13211244 bfbf000800000000
6 13211882 ffffcccc01b2cc00
6 13215492 b000000700000000
6 13216812 bbbb
6 16282620 aaaa
6 16282953 b000000800000000
6 16283552 ffffcccc06a5c600
6 16285840 aaaa
6 16286507 eb0000777580349e
6 16786988 ea0000777500349e
6 16787561 bbbb
6 16788953 bfbf000700000000
6 16790304 bfbf000800000000
6 16790923 ffffcccc01b2cc00
6 16794514 b000000700000000
6 16795920 bbbb
6 16802028 aaaa
6 16802638 b000000800000000
6 16803300 ffffcccc06a5c600
6 16805718 aaaa
6 16806140 eb0000777580349f
6 17306620 ea0000777500349f
6 17307417 bbbb
6 17308388 bfbf000700000000
6 17309529 bfbf000800000000
6 17310300 ffffcccc01b2cc00
6 17313831 b000000700000000
6 17315154 bbbb
6 17317613 aaaa
6 17317988 b000000800000000
6 17318642 ffffcccc06a5c600
6 17320619 aaaa
6 17321018 eb000077758034a0
6 17821535 ea000077750034a0
6 17822109 bbbb
6 17823061 bfbf000700000000
6 17824525 bfbf000800000000
6 17825153 ffffcccc01b2cc00
6 17828661 b000000700000000
6 17829999 b000000800000000
6 17830855 ffffcccc06a5c600
6 17832654 aaaa
6 17833052 eb000077758034a1
6 18333809 ea000077750034a1
6 18334377 bbbb
6 18335100 bfbf000700000000
6 18336227 bfbf000800000000
6 18336861 ffffcccc01b2cc00
6 18340395 b000000700000000
6 18341804 bbbb
6 18345169 aaaa
6 18346048 b000000800000000
6 18346712 ffffcccc06a5c600
6 18348441 aaaa
6 18348838 eb000077758034a2
6 18849627 ea000077750034a2
6 18850492 bbbb
6 18851271 bfbf000700000000
6 18852755 bfbf000800000000
6 18853380 ffffcccc01b2cc00
6 18857087 b000000700000000
6 18858659 bbbb
6 19568953 ffff0001000030ae
# Core 7 LOG DUMP ==================================================
# DCB 7 ffffff0006a5c800 pixels
# DCB 7 ffffff0001b2ce00 monitor
7 5244 ffffcccc01b2ce00
7 528740 aaaa
7 529713 b000000800000000
7 530884 ffffcccc06a5c800
7 532636 aaaa
7 533012 eb00007777803299
7 1033697 ea00007777003299
7 1034841 bbbb
7 1036016 bfbf000700000000
7 1037211 bfbf000800000000
7 1037781 ffffcccc01b2ce00
7 1041292 b000000700000000
7 1042892 bbbb
7 1047385 aaaa
7 1048475 b000000800000000
7 1049149 ffffcccc06a5c800
7 1051462 aaaa
7 1051830 eb0000777780329a
7 1552561 ea0000777700329a
7 1553758 bbbb
7 1555388 bfbf000700000000
7 1556740 bfbf000800000000
7 1557297 ffffcccc01b2ce00
7 1560843 b000000700000000
7 1562315 bbbb
7 4597496 aaaa
7 4598307 b000000800000000
7 4598928 ffffcccc06a5c800
7 4600646 aaaa
7 4601031 eb0000777780329b
7 5101830 ea0000777700329b
7 5102490 bbbb
7 5103222 bfbf000700000000
7 5105035 bfbf000800000000
7 5105966 ffffcccc01b2ce00
7 5109859 b000000700000000
7 5111200 bbbb
7 5115968 aaaa
7 5116580 b000000800000000
7 5117243 ffffcccc06a5c800
7 5119552 aaaa
7 5119947 eb0000777780329c
7 5620680 ea0000777700329c
7 5621697 bbbb
7 5622405 bfbf000700000000
7 5623588 bfbf000800000000
7 5624226 ffffcccc01b2ce00
7 5627765 b000000700000000
7 5629143 bbbb
7 12702193 aaaa
7 12702740 b000000800000000
7 12703548 ffffcccc06a5c800
7 12705378 aaaa
7 12705762 eb0000777780329d
7 13206503 ea0000777700329d
7 13207024 bbbb
7 13208142 bfbf000700000000
7 13209446 bfbf000800000000
7 13210058 ffffcccc01b2ce00
7 13213555 b000000700000000
7 13214979 bbbb
7 13218821 aaaa
7 13219296 b000000800000000
7 13219962 ffffcccc06a5c800
7 13221989 aaaa
7 13222374 eb0000777780329e
7 13723093 ea0000777700329e
7 13723665 bbbb
7 13724865 bfbf000700000000
7 13726215 bfbf000800000000
7 13726841 ffffcccc01b2ce00
7 13730418 b000000700000000
7 13731786 bbbb
7 13735364 aaaa
7 13735752 b000000800000000
7 13736405 ffffcccc06a5c800
7 13738120 aaaa
7 13738500 eb0000777780329f
7 14239236 ea0000777700329f
7 14239855 bbbb
7 14241081 bfbf000700000000
7 14242384 bfbf000800000000
7 14242998 ffffcccc01b2ce00
7 14246427 b000000700000000
7 14247735 bbbb
7 14250939 aaaa
7 14251401 b000000800000000
7 14252057 ffffcccc06a5c800
7 14253795 aaaa
7 14254180 eb000077778032a0
7 14754971 ea000077770032a0
7 14755501 bbbb
7 14756546 bfbf000700000000
7 14758178 bfbf000800000000
7 14758795 ffffcccc01b2ce00
7 14762295 b000000700000000
7 14763708 bbbb
7 14765533 aaaa
7 14765898 b000000800000000
7 14766782 ffffcccc06a5c800
7 14768496 aaaa
7 14768881 eb000077778032a1
7 15269659 ea000077770032a1
7 15270168 bbbb
7 15270881 bfbf000700000000
7 15272017 bfbf000800000000
7 15272629 ffffcccc01b2ce00
7 15276382 b000000700000000
7 15277719 bbbb
7 15296922 ffff000100003084
7 16283877 aaaa
7 16284330 b000000800000000
7 16284920 ffffcccc06a5c800
7 16286790 aaaa
7 16287366 eb000077778032a2
7 16787846 ea000077770032a2
7 16789048 bbbb
7 16789797 bfbf000700000000
7 16791291 bfbf000800000000
7 16791667 ffffcccc01b2ce00
7 16795397 b000000700000000
7 16796711 bbbb
7 16802810 aaaa
7 16803159 b000000800000000
7 16803797 ffffcccc06a5c800
7 16806177 aaaa
7 16806781 eb000077778032a3
7 17307255 ea000077770032a3
7 17307764 bbbb
7 17308485 bfbf000700000000
7 17310124 bfbf000800000000
7 17310709 ffffcccc01b2ce00
7 17314353 b000000700000000
7 17315742 bbbb
# Core 8 LOG DUMP ==================================================
# DCB 8 ffffff0006a5ca00 pixels
# DCB 8 ffffff0001b2d000 monitor
8 4537 ffffcccc01b2d000
8 11628 aaaa
8 12303 b000000800000000
8 12891 ffffcccc06a5ca00
8 14689 aaaa
8 15081 eb00007779801437
8 515762 ea00007779001437
8 516236 bbbb
8 516985 bfbf000700000000
8 518178 bfbf000800000000
8 519058 ffffcccc01b2d000
8 522830 b000000700000000
8 524091 bbbb
8 529923 aaaa
8 531242 b000000800000000
8 531854 ffffcccc06a5ca00
8 533681 aaaa
8 534053 eb00007779801438
8 1034813 ea00007779001438
8 1035299 bbbb
8 1036020 bfbf000700000000
8 1037220 bfbf000800000000
8 1037895 ffffcccc01b2d000
8 1041465 b000000700000000
8 1043396 bbbb
8 1048485 aaaa
8 1049403 b000000800000000
8 1050065 ffffcccc06a5ca00
8 1051937 aaaa
8 1052332 eb00007779801439
8 1553088 ea00007779001439
8 1554350 bbbb
8 1555056 bfbf000700000000
8 1556191 bfbf000800000000
8 1556838 ffffcccc01b2d000
8 1560339 b000000700000000
8 1561942 bbbb
8 5116601 aaaa
8 5117235 b000000800000000
8 5117846 ffffcccc06a5ca00
8 5119576 aaaa
8 5119975 eb0000777980143a
8 5620730 ea0000777900143a
8 5622111 bbbb
8 5622902 bfbf000700000000
8 5624249 bfbf000800000000
8 5624877 ffffcccc01b2d000
8 5628503 b000000700000000
8 5630160 bbbb
8 5632442 aaaa
8 5633301 b000000800000000
8 5633982 ffffcccc06a5ca00
8 5635764 aaaa
8 5636167 eb0000777980143b
8 6136898 ea0000777900143b
8 6137483 bbbb
8 6138188 bfbf000700000000
8 6139460 bfbf000800000000
8 6140276 ffffcccc01b2d000
8 6143745 b000000700000000
8 6145149 bbbb
8 6147164 aaaa
8 6147666 b000000800000000
8 6148324 ffffcccc06a5ca00
8 6150086 aaaa
8 6150485 eb0000777980143c
8 6651245 ea0000777900143c
8 6651824 bbbb
8 6652530 bfbf000700000000
8 6653728 bfbf000800000000
8 6654367 ffffcccc01b2d000
8 6658263 b000000700000000
8 6659889 bbbb
8 8678762 aaaa
8 8679193 b000000800000000
8 8679788 ffffcccc06a5ca00
8 8681516 aaaa
8 8681916 eb0000777980143d
8 9182693 ea0000777900143d
8 9183979 bbbb
8 9184700 bfbf000700000000
8 9186208 bfbf000800000000
8 9186877 ffffcccc01b2d000
8 9190980 b000000700000000
8 9192410 bbbb
8 9196219 aaaa
8 9196828 b000000800000000
8 9197535 ffffcccc06a5ca00
8 9199331 aaaa
8 9199730 eb0000777980143e
8 9700472 ea0000777900143e
8 9701461 bbbb
8 9702684 bfbf000700000000
8 9703864 bfbf000800000000
8 9704494 ffffcccc01b2d000
8 9708100 b000000700000000
8 9709480 bbbb
8 11808343 ffff00010000305b
8 16284996 aaaa
8 16285822 b000000800000000
8 16286615 ffffcccc06a5ca00
8 16288471 aaaa
8 16288873 eb0000777980143f
8 16789362 ea0000777900143f
8 16790229 bbbb
8 16790976 bfbf000700000000
8 16792428 bfbf000800000000
8 16793043 ffffcccc01b2d000
8 16796588 b000000700000000
8 16797970 bbbb
8 16803707 aaaa
8 16804328 b000000800000000
8 16804946 ffffcccc06a5ca00
8 16806715 aaaa
8 16807295 eb00007779801440
8 17307821 ea00007779001440
8 17308584 bbbb
8 17309306 bfbf000700000000
8 17311174 bfbf000800000000
8 17312011 ffffcccc01b2d000
8 17315614 b000000700000000
8 17317161 bbbb
# Core 9 LOG DUMP ==================================================
# DCB 9 ffffff0006a5cc00 pixels
# DCB 9 ffffff0001b2d200 monitor
9 2673 ffffcccc01b2d200
9 7097871 ffff000100003032
# Core 10 LOG DUMP ==================================================
# DCB 10 ffffff0006a5ce00 pixels
# DCB 10 ffffff0001b2d400 monitor
10 4344 ffffcccc01b2d400
10 3381792 ffff000100003009
# Core 11 LOG DUMP ==================================================
# DCB 11 ffffff000713a000 pixels
# DCB 11 ffffff000445a600 e1000n
# DCB 11 ffffff0001b2d600 monitor
11 5426 ffffcccc0445a600
11 6361 ffffcccc01b2d600
11 9394 ffffcccc0445a600
11 945703 ffff000100002fe1
11 946081 ffffcccc01b2d600
11 948933 ffffcccc0445a600
# Core 12 LOG DUMP ==================================================
# DCB 12 ffffff000713a200 pixels
# DCB 12 ffffff0001b2d800 monitor
12 5081 ffffcccc01b2d800
12 20867924 ffff000100002fb9
# Core 13 LOG DUMP ==================================================
# DCB 13 ffffff000713a400 pixels
# DCB 13 ffffff0001b2da00 monitor
13 4695 ffffcccc01b2da00
13 18878994 ffff000100002f90
# Core 14 LOG DUMP ==================================================
# DCB 14 ffffff000713a600 pixels
# DCB 14 ffffff0001b2dc00 monitor
14 4785 ffffcccc01b2dc00
14 16605246 ffff000100002f67
# Core 15 LOG DUMP ==================================================
# DCB 15 ffffff000713a800 pixels
# DCB 15 ffffff000445a800 bfscope
# DCB 15 ffffff0001b2de00 monitor
15 5598 ffffcccc0445a800
15 6116 ffffcccc01b2de00
15 9141 ffffcccc0445a800
15 9865360 ffff000100002f1f
15 9865793 ffffcccc01b2de00
15 9868446 ffffcccc0445a800
