# Start 371044793120 Duration 20000000 Stop 371064793120
# Core 0 LOG DUMP ==================================================
0 0 1234000000000001
# DCB 0 ffffff000713aa00 fish
# DCB 0 ffffff000445aa00 pixels
# DCB 0 ffffff000445a400 serial
# DCB 0 ffffff000445a200 pci
# DCB 0 ffffff000445a000 skb
# DCB 0 ffffff0001b2c000 chips
# DCB 0 ffffff0001e06000 mem_serv
# DCB 0 ffffff0001e06200 monitor
0 8502 ffffcccc0713aa00
0 10618 ea0000776f803654
0 11137 ea0000777180233d
0 11574 ea00007773802f72
0 11993 ea00007775803400
0 13396 ea00007777803237
0 14799 bbbb
0 23634 bfbf000700000000
0 24781 bfbf000800000000
0 25200 ffffcccc01e06200
0 28089 b000000700000000
0 29664 b000000700000000
0 35998 bbbb
0 71211 b000bbbb00000014
0 518935 aaaa
0 519367 b000000800000000
0 520510 ffffcccc0713aa00
0 524562 aaaa
0 525226 eb00007777003237
0 526861 eb00007775003400
0 528039 eb00007773002f72
0 528558 eb0000777100233d
0 529583 eb0000776f003654
0 530240 ea0000776f803655
0 530668 ea00007773802f73
0 531075 ea00007777803238
0 532346 bbbb
0 541345 bfbf000700000000
0 542496 bfbf000800000000
0 542889 ffffcccc01e06200
0 545735 b000000700000000
0 547013 b000000700000000
0 553160 bbbb
0 588037 b000bbbb00000014
0 1036662 aaaa
0 1037113 b000000800000000
0 1037971 ffffcccc0713aa00
0 1041295 aaaa
0 1042031 eb00007777003238
0 1043210 eb00007773002f73
0 1043770 eb0000776f003655
0 1044591 ea0000776f803656
0 1045533 ea00007773802f74
0 1046371 ea00007777803239
0 1047577 bbbb
0 1056307 bfbf000700000000
0 1057453 bfbf000800000000
0 1058052 ffffcccc01e06200
0 1060880 b000000700000000
0 1062110 b000000700000000
0 1068318 bbbb
0 1103110 b000bbbb00000014
0 1551096 aaaa
0 1551474 b000000800000000
0 1552628 ffffcccc0713aa00
0 1555906 aaaa
0 1556569 eb00007777003239
0 1557480 eb00007773002f74
0 1558027 eb0000776f003656
0 1558689 ea0000776f803657
0 1559523 ea00007773802f75
0 1560412 ea00007775803401
0 1560915 ea0000777780323a
0 1562281 bbbb
0 1571063 bfbf000700000000
0 1572206 bfbf000800000000
0 1572592 ffffcccc01e06200
0 1581454 b000000700000000
0 1582295 b000000700000000
0 1584981 bbbb
0 1619470 b000bbbb00000014
0 2066358 aaaa
0 2066967 b000000800000000
0 2068096 ffffcccc0713aa00
0 2071543 aaaa
0 2072212 eb0000777700323a
0 2073118 eb00007775003401
0 2073794 eb00007773002f75
0 2074984 eb0000776f003657
0 2076314 ea00007773802f76
0 2076871 ea00007775803402
0 2077718 bbbb
0 2086355 bfbf000700000000
0 2087503 bfbf000800000000
0 2087887 ffffcccc01e06200
0 2090925 b000000700000000
0 2092153 b000000700000000
0 2098460 bbbb
0 2132740 b000bbbb00000014
0 2583105 aaaa
0 2583504 b000000800000000
0 2584437 ffffcccc0713aa00
0 2587798 aaaa
0 2588415 eb00007775003402
0 2589286 eb00007773002f76
0 4090729 ea0000776f803658
0 4091484 ea000077798013e7
0 4092429 bbbb
0 4101267 bfbf000700000000
0 4102403 bfbf000800000000
0 4102787 ffffcccc01e06200
0 4111292 b000000700000000
0 4112230 b000000700000000
0 4115131 bbbb
0 4150692 b000bbbb00000014
0 4598092 aaaa
0 4598483 b000000800000000
0 4599376 ffffcccc0713aa00
0 4601536 aaaa
0 4602174 eb0000776f003658
0 4603964 eb000077790013e7
0 4605539 ea0000776f803659
0 4606366 ea0000777180233e
0 4606808 ea00007773802f77
0 4607656 ea00007775803403
0 4608472 ea0000777780323b
0 4609409 ea000077798013e8
0 4610990 bbbb
0 4619650 bfbf000700000000
0 4620793 bfbf000800000000
0 4621176 ffffcccc01e06200
0 4624227 b000000700000000
0 4625200 b000000700000000
0 4631666 bbbb
0 4665709 b000bbbb00000014
0 5112510 aaaa
0 5112889 b000000800000000
0 5114083 ffffcccc0713aa00
0 5116641 aaaa
0 5117313 eb0000777700323b
0 5118617 eb00007775003403
0 5119993 eb00007773002f77
0 5120753 eb0000777100233e
0 5121453 eb0000776f003659
0 5123140 eb000077790013e8
0 5123909 ea0000776f80365a
0 5124744 ea0000777180233f
0 5125462 ea00007773802f78
0 5126305 ea00007775803404
0 5127184 ea0000777780323c
0 5128006 ea000077798013e9
0 5129426 bbbb
0 5137871 bfbf000700000000
0 5139024 bfbf000800000000
0 5139416 ffffcccc01e06200
0 5142313 b000000700000000
0 5143909 b000000700000000
0 5150080 bbbb
0 5184463 b000bbbb00000014
0 5412420 ffff000100003192
0 5632322 aaaa
0 5632761 b000000800000000
0 5634183 ffffcccc0713aa00
0 5636713 aaaa
0 5637610 eb0000777700323c
0 5638873 eb00007775003404
0 5639668 eb00007773002f78
0 5640232 eb0000777100233f
0 5640528 eb0000776f00365a
0 5642492 eb000077790013e9
0 5643176 ea0000776f80365b
0 5644515 bbbb
0 5653210 bfbf000700000000
0 5654314 bfbf000800000000
0 5654704 ffffcccc01e06200
0 5663115 b000000700000000
0 5664523 b000000700000000
0 5667030 bbbb
0 5702395 b000bbbb00000014
0 6150955 aaaa
0 6151297 b000000800000000
0 6152253 ffffcccc0713aa00
0 6154575 aaaa
0 6154939 eb0000776f00365b
0 8156617 ea00007775803405
0 8158504 bbbb
0 8167135 bfbf000700000000
0 8168278 bfbf000800000000
0 8168672 ffffcccc01e06200
0 8177541 b000000700000000
0 8178350 b000000700000000
0 8180958 bbbb
0 8664013 aaaa
0 8664413 b000000800000000
0 8665005 ffffcccc0713aa00
0 8668211 aaaa
0 8668578 eb00007775003405
0 8669666 ea0000776f80365c
0 8670397 ea00007771802340
0 8671107 ea00007773802f79
0 8671592 ea00007775803406
0 8672926 ea0000777780323d
0 8674066 bbbb
0 8682732 bfbf000700000000
0 8683878 bfbf000800000000
0 8684458 ffffcccc01e06200
0 8693174 b000000700000000
0 8694067 b000000700000000
0 8696706 bbbb
0 9176707 aaaa
0 9177327 b000000800000000
0 9178481 ffffcccc0713aa00
0 9180994 aaaa
0 9181661 eb00007773002f79
0 9182551 eb00007771002340
0 9183199 eb0000776f00365c
0 9185104 eb0000777700323d
0 9185683 eb00007775003406
0 9186431 ea0000776f80365d
0 9187351 ea00007771802341
0 9187790 ea00007773802f7a
0 9188787 ea00007775803407
0 9190140 ea0000777780323e
0 9191075 ea000077798013ea
0 9192051 bbbb
0 9200731 bfbf000700000000
0 9201855 bfbf000800000000
0 9202240 ffffcccc01e06200
0 9205114 b000000700000000
0 9206800 b000000700000000
0 9212703 bbbb
0 9248098 b000bbbb00000014
0 9694734 aaaa
0 9696071 b000000800000000
0 9696692 ffffcccc0713aa00
0 9699762 aaaa
0 9700391 eb00007773002f7a
0 9701280 eb00007771002341
0 9701816 eb0000776f00365d
0 9703469 eb000077790013ea
0 9704101 eb0000777700323e
0 9704914 eb00007775003407
0 9705998 ea00007775803408
0 9706888 ea000077798013eb
0 9707776 bbbb
0 9716565 bfbf000700000000
0 9717712 bfbf000800000000
0 9718096 ffffcccc01e06200
0 9720987 b000000700000000
0 9722668 b000000700000000
0 9728580 bbbb
0 9764187 b000bbbb00000014
0 10213214 aaaa
0 10213949 b000000800000000
0 10214539 ffffcccc0713aa00
0 10217938 aaaa
0 10218619 eb000077790013eb
0 10219651 eb00007775003408
0 10220383 ea00007775803409
0 10221480 ea000077798013ec
0 10222338 bbbb
0 10230949 bfbf000700000000
0 10232076 bfbf000800000000
0 10232462 ffffcccc01e06200
0 10235565 b000000700000000
0 10236982 b000000700000000
0 10243085 bbbb
0 10277601 b000bbbb00000014
0 10727880 aaaa
0 10728297 b000000800000000
0 10728891 ffffcccc0713aa00
0 10731925 aaaa
0 10732585 eb000077790013ec
0 10733791 eb00007775003409
0 12235459 ea0000776f80365e
0 12236331 ea0000777580340a
0 12237250 bbbb
0 12246239 bfbf000700000000
0 12247345 bfbf000800000000
0 12247727 ffffcccc01e06200
0 12250543 b000000700000000
0 12251779 b000000700000000
0 12258093 bbbb
0 12292402 b000bbbb00000014
0 12743644 aaaa
0 12744520 b000000800000000
0 12745401 ffffcccc0713aa00
0 12747568 aaaa
0 12747988 eb0000776f00365e
0 12750297 eb0000777500340a
0 12751002 ea0000776f80365f
0 12751396 ea00007771802342
0 12751798 ea00007773802f7b
0 12752224 ea0000777580340b
0 12753097 ea000077798013ed
0 12754083 bbbb
0 12762810 bfbf000700000000
0 12763928 bfbf000800000000
0 12764310 ffffcccc01e06200
0 12767341 b000000700000000
0 12768946 b000000700000000
0 12775048 bbbb
0 12809612 b000bbbb00000014
0 13257934 aaaa
0 13258359 b000000800000000
0 13259757 ffffcccc0713aa00
0 13262305 aaaa
0 13262991 eb00007773002f7b
0 13263854 eb00007771002342
0 13264438 eb0000776f00365f
0 13266059 eb000077790013ed
0 13266812 eb0000777500340b
0 13267525 ea0000776f803660
0 13268367 ea00007771802343
0 13268890 ea00007773802f7c
0 13269720 ea0000777580340c
0 13271118 ea000077798013ee
0 13272489 bbbb
0 13281319 bfbf000700000000
0 13282411 bfbf000800000000
0 13282795 ffffcccc01e06200
0 13285904 b000000700000000
0 13287569 b000000700000000
0 13293358 bbbb
0 13328327 b000bbbb00000014
0 13775375 aaaa
0 13776006 b000000800000000
0 13777128 ffffcccc0713aa00
0 13779853 aaaa
0 13780831 eb00007773002f7c
0 13781787 eb00007771002343
0 13782235 eb0000776f003660
0 13784281 eb000077790013ee
0 13785212 eb0000777500340c
0 13785931 ea0000776f803661
0 13786911 bbbb
0 13795569 bfbf000700000000
0 13796707 bfbf000800000000
0 13797090 ffffcccc01e06200
0 13805586 b000000700000000
0 13806966 b000000700000000
0 13809532 bbbb
0 13844361 b000bbbb00000014
0 14293184 aaaa
0 14293560 b000000800000000
0 14294533 ffffcccc0713aa00
0 14296780 aaaa
0 14297191 eb0000776f003661
0 15798673 ea0000776f803662
0 15799506 ea0000777580340d
0 15801531 bbbb
0 15810142 bfbf000700000000
0 15811284 bfbf000800000000
0 15811911 ffffcccc01e06200
0 15820601 b000000700000000
0 15821502 b000000700000000
0 15824081 bbbb
0 16304752 aaaa
0 16305104 b000000800000000
0 16306301 ffffcccc0713aa00
0 16309723 aaaa
0 16310692 eb0000777500340d
0 16311570 eb0000776f003662
0 16312300 ea0000776f803663
0 16313306 ea00007773802f7d
0 16313728 ea0000777580340e
0 16314607 ea0000777780323f
0 16316104 bbbb
0 16324899 bfbf000700000000
0 16326055 bfbf000800000000
0 16326441 ffffcccc01e06200
0 16329429 b000000700000000
0 16330685 b000000700000000
0 16336956 bbbb
0 16371448 b000bbbb00000014
0 16819670 aaaa
0 16820219 b000000800000000
0 16821603 ffffcccc0713aa00
0 16825025 aaaa
0 16825941 eb0000777700323f
0 16826582 eb0000777500340e
0 16827271 eb00007773002f7d
0 16828209 eb0000776f003663
0 16828986 ea0000776f803664
0 16829482 ea00007773802f7e
0 16830049 ea00007777803240
0 16831222 bbbb
0 16839744 bfbf000700000000
0 16840875 bfbf000800000000
0 16841517 ffffcccc01e06200
0 16844379 b000000700000000
0 16845627 b000000700000000
0 16851925 bbbb
0 16887183 b000bbbb00000014
0 17335333 aaaa
0 17335922 b000000800000000
0 17336794 ffffcccc0713aa00
0 17340082 aaaa
0 17340843 eb00007777003240
0 17341911 eb00007773002f7e
0 17342663 eb0000776f003664
0 17343819 ea0000776f803665
0 17344652 ea00007773802f7f
0 17345044 ea00007777803241
0 17346426 bbbb
0 17355217 bfbf000700000000
0 17356341 bfbf000800000000
0 17356723 ffffcccc01e06200
0 17359702 b000000700000000
0 17360960 b000000700000000
0 17367123 bbbb
0 17401691 b000bbbb00000014
0 17850343 aaaa
0 17850809 b000000800000000
0 17851698 ffffcccc0713aa00
0 17855139 aaaa
0 17855849 eb00007777003241
0 17857398 eb00007773002f7f
0 17858174 eb0000776f003665
0 17859003 ea0000776f803666
0 17859855 ea00007771802344
0 17860506 ea00007773802f80
0 17861339 ea00007777803242
0 17862602 bbbb
0 17871625 bfbf000700000000
0 17872773 bfbf000800000000
0 17873158 ffffcccc01e06200
0 17875980 b000000700000000
0 17877227 b000000700000000
0 17883823 bbbb
0 17919133 b000bbbb00000014
0 18365512 aaaa
0 18365908 b000000800000000
0 18367296 ffffcccc0713aa00
0 18370593 aaaa
0 18371284 eb00007777003242
0 18372163 eb00007773002f80
0 18372948 eb00007771002344
0 18373277 eb0000776f003666
0 18374542 ea00007771802345
0 18375728 ea00007777803243
0 18376657 bbbb
0 18385560 bfbf000700000000
0 18386701 bfbf000800000000
0 18387090 ffffcccc01e06200
0 18395885 b000000700000000
0 18396762 b000000700000000
0 18399505 bbbb
0 18434770 b000bbbb00000014
0 18882645 aaaa
0 18882999 b000000800000000
0 18883671 ffffcccc0713aa00
0 18886737 aaaa
0 18887701 eb00007777003243
0 18888843 eb00007771002345
0 19890094 ea0000776f803667
0 19890913 ea00007771802346
0 19891604 ea00007773802f81
0 19892019 ea0000777580340f
0 19893307 ea00007777803244
0 19893884 ea000077798013ef
0 19895539 bbbb
0 19904574 bfbf000700000000
0 19905692 bfbf000800000000
0 19906076 ffffcccc01e06200
0 19909314 b000000700000000
0 19910576 b000000700000000
0 19916869 bbbb
0 19951771 b000bbbb00000014
# Core 1 LOG DUMP ==================================================
# DCB 1 ffffff000445ac00 pixels
# DCB 1 ffffff0001b2c200 monitor
1 3139 ffffcccc01b2c200
1 8860113 ffff00010000316d
# Core 2 LOG DUMP ==================================================
# DCB 2 ffffff000445ae00 pixels
# DCB 2 ffffff0001b2c400 monitor
2 2700 ffffcccc01b2c400
2 4418031 ffff000100003144
# Core 3 LOG DUMP ==================================================
# DCB 3 ffffff0006a5c000 pixels
# DCB 3 ffffff0001b2c600 monitor
3 3285 ffffcccc01b2c600
3 11620 aaaa
3 12089 b000000800000000
3 12881 ffffcccc06a5c000
3 15145 aaaa
3 15964 eb0000776f803654
3 144797 ffff00010000311c
3 516651 ea0000776f003654
3 517214 bbbb
3 517973 bfbf000700000000
3 519498 bfbf000800000000
3 520394 ffffcccc01b2c600
3 524125 b000000700000000
3 525345 bbbb
3 531029 aaaa
3 531265 b000000800000000
3 532147 ffffcccc06a5c000
3 533930 aaaa
3 534745 eb0000776f803655
3 1035231 ea0000776f003655
3 1035694 bbbb
3 1036417 bfbf000700000000
3 1037804 bfbf000800000000
3 1038358 ffffcccc01b2c600
3 1042063 b000000700000000
3 1043237 bbbb
3 1045896 aaaa
3 1046144 b000000800000000
3 1046790 ffffcccc06a5c000
3 1048644 aaaa
3 1049233 eb0000776f803656
3 1549757 ea0000776f003656
3 1550254 bbbb
3 1550974 bfbf000700000000
3 1552855 bfbf000800000000
3 1553449 ffffcccc01b2c600
3 1557002 b000000700000000
3 1558362 bbbb
3 1559896 aaaa
3 1560097 b000000800000000
3 1560756 ffffcccc06a5c000
3 1562625 aaaa
3 1563219 eb0000776f803657
3 2063743 ea0000776f003657
3 2064245 bbbb
3 2064964 bfbf000700000000
3 2066365 bfbf000800000000
3 2066832 ffffcccc01b2c600
3 2070527 b000000700000000
3 2071974 bbbb
3 4092117 aaaa
3 4092383 b000000800000000
3 4092977 ffffcccc06a5c000
3 4094937 aaaa
3 4095526 eb0000776f803658
3 4596016 ea0000776f003658
3 4596537 bbbb
3 4597268 bfbf000700000000
3 4598712 bfbf000800000000
3 4599292 ffffcccc01b2c600
3 4602929 b000000700000000
3 4604272 bbbb
3 4606744 aaaa
3 4606934 b000000800000000
3 4607880 ffffcccc06a5c000
3 4609838 aaaa
3 4610732 eb0000776f803659
3 5111206 ea0000776f003659
3 5111710 bbbb
3 5112436 bfbf000700000000
3 5114002 bfbf000800000000
3 5114675 ffffcccc01b2c600
3 5118601 b000000700000000
3 5120080 bbbb
3 5125115 aaaa
3 5125302 b000000800000000
3 5125956 ffffcccc06a5c000
3 5127849 aaaa
3 5128942 eb0000776f80365a
3 5629423 ea0000776f00365a
3 5630250 bbbb
3 5630968 bfbf000700000000
3 5632404 bfbf000800000000
3 5633069 ffffcccc01b2c600
3 5636668 b000000700000000
3 5638057 bbbb
3 5644459 aaaa
3 5644687 b000000800000000
3 5645587 ffffcccc06a5c000
3 5647327 aaaa
3 5647946 eb0000776f80365b
3 6148461 ea0000776f00365b
3 6148960 bbbb
3 6149682 bfbf000700000000
3 6151075 bfbf000800000000
3 6151660 ffffcccc01b2c600
3 6155338 b000000700000000
3 6156670 bbbb
3 8670918 aaaa
3 8671116 b000000800000000
3 8671982 ffffcccc06a5c000
3 8674177 aaaa
3 8674956 eb0000776f80365c
3 9175433 ea0000776f00365c
3 9175932 bbbb
3 9176666 bfbf000700000000
3 9178144 bfbf000800000000
3 9178798 ffffcccc01b2c600
3 9182498 b000000700000000
3 9183982 bbbb
3 9187704 aaaa
3 9187939 b000000800000000
3 9188844 ffffcccc06a5c000
3 9190929 aaaa
3 9191714 eb0000776f80365d
3 9692203 ea0000776f00365d
3 9692700 bbbb
3 9693418 bfbf000700000000
3 9694879 bfbf000800000000
3 9695479 ffffcccc01b2c600
3 9699085 b000000700000000
3 9700466 bbbb
3 12237035 aaaa
3 12237279 b000000800000000
3 12238143 ffffcccc06a5c000
3 12240114 aaaa
3 12240703 eb0000776f80365e
3 12741174 ea0000776f00365e
3 12741673 bbbb
3 12742405 bfbf000700000000
3 12743842 bfbf000800000000
3 12744372 ffffcccc01b2c600
3 12748208 b000000700000000
3 12749538 bbbb
3 12751863 aaaa
3 12752058 b000000800000000
3 12752700 ffffcccc06a5c000
3 12754636 aaaa
3 12755223 eb0000776f80365f
3 13255745 ea0000776f00365f
3 13256257 bbbb
3 13256978 bfbf000700000000
3 13258408 bfbf000800000000
3 13259638 ffffcccc01b2c600
3 13263178 b000000700000000
3 13264506 bbbb
3 13268731 aaaa
3 13268944 b000000800000000
3 13269895 ffffcccc06a5c000
3 13271878 aaaa
3 13272477 eb0000776f803660
3 13773011 ea0000776f003660
3 13773522 bbbb
3 13774240 bfbf000700000000
3 13775735 bfbf000800000000
3 13776355 ffffcccc01b2c600
3 13780552 b000000700000000
3 13781945 bbbb
3 13786864 aaaa
3 13787070 b000000800000000
3 13787996 ffffcccc06a5c000
3 13789734 aaaa
3 13790349 eb0000776f803661
3 14290827 ea0000776f003661
3 14291339 bbbb
3 14292058 bfbf000700000000
3 14293453 bfbf000800000000
3 14293976 ffffcccc01b2c600
3 14297666 b000000700000000
3 14299000 bbbb
3 15799930 aaaa
3 15800125 b000000800000000
3 15800722 ffffcccc06a5c000
3 15802471 aaaa
3 15803068 eb0000776f803662
3 16303527 ea0000776f003662
3 16304023 bbbb
3 16304755 bfbf000700000000
3 16306542 bfbf000800000000
3 16307273 ffffcccc01b2c600
3 16310911 b000000700000000
3 16312226 bbbb
3 16313666 aaaa
3 16313873 b000000800000000
3 16314816 ffffcccc06a5c000
3 16316742 aaaa
3 16317286 eb0000776f803663
3 16817754 ea0000776f003663
3 16818250 bbbb
3 16818969 bfbf000700000000
3 16820394 bfbf000800000000
3 16821502 ffffcccc01b2c600
3 16825039 b000000700000000
3 16826440 bbbb
3 16829764 aaaa
3 16829969 b000000800000000
3 16830610 ffffcccc06a5c000
3 16832464 aaaa
3 16833051 eb0000776f803664
3 17333562 ea0000776f003664
3 17334059 bbbb
3 17334778 bfbf000700000000
3 17336223 bfbf000800000000
3 17336738 ffffcccc01b2c600
3 17340331 b000000700000000
3 17341701 bbbb
3 17345011 aaaa
3 17345198 b000000800000000
3 17346117 ffffcccc06a5c000
3 17347892 aaaa
3 17348484 eb0000776f803665
3 17848946 ea0000776f003665
3 17849452 bbbb
3 17850170 bfbf000700000000
3 17851617 bfbf000800000000
3 17852169 ffffcccc01b2c600
3 17855856 b000000700000000
3 17857189 bbbb
3 17860201 aaaa
3 17860387 b000000800000000
3 17861040 ffffcccc06a5c000
3 17862924 aaaa
3 17863725 eb0000776f803666
3 18364251 ea0000776f003666
3 18365108 bbbb
3 18365834 bfbf000700000000
3 18367335 bfbf000800000000
3 18368085 ffffcccc01b2c600
3 18371683 b000000700000000
3 18373078 bbbb
3 19891615 aaaa
3 19891810 b000000800000000
3 19892430 ffffcccc06a5c000
3 19894674 aaaa
3 19895314 eb0000776f803667
3 20395803 ea0000776f003667
# Core 4 LOG DUMP ==================================================
# DCB 4 ffffff0006a5c200 pixels
# DCB 4 ffffff0001b2c800 monitor
4 3205 ffffcccc01b2c800
4 12121 aaaa
4 13612 b000000800000000
4 14500 ffffcccc06a5c200
4 16321 aaaa
4 16951 eb0000777180233d
4 517630 ea0000777100233d
4 518107 bbbb
4 518866 bfbf000700000000
4 520060 bfbf000800000000
4 521356 ffffcccc01b2c800
4 525119 b000000700000000
4 526596 bbbb
4 4607248 aaaa
4 4608352 b000000800000000
4 4608981 ffffcccc06a5c200
4 4611127 aaaa
4 4612181 eb0000777180233e
4 5112934 ea0000777100233e
4 5113435 bbbb
4 5114628 bfbf000700000000
4 5116690 bfbf000800000000
4 5117303 ffffcccc01b2c800
4 5121333 b000000700000000
4 5122671 bbbb
4 5125981 aaaa
4 5126662 b000000800000000
4 5127718 ffffcccc06a5c200
4 5130059 aaaa
4 5130822 eb0000777180233f
4 5631598 ea0000777100233f
4 5632159 bbbb
4 5632878 bfbf000700000000
4 5634838 bfbf000800000000
4 5635712 ffffcccc01b2c800
4 5639299 b000000700000000
4 5640730 bbbb
4 8671577 aaaa
4 8672098 b000000800000000
4 8673411 ffffcccc06a5c200
4 8675643 aaaa
4 8676284 eb00007771802340
4 9177070 ea00007771002340
4 9177728 bbbb
4 9178708 bfbf000700000000
4 9179886 bfbf000800000000
4 9180679 ffffcccc01b2c800
4 9184298 b000000700000000
4 9185819 bbbb
4 9188245 aaaa
4 9188958 b000000800000000
4 9190029 ffffcccc06a5c200
4 9192016 aaaa
4 9192718 eb00007771802341
4 9693544 ea00007771002341
4 9694123 bbbb
4 9694849 bfbf000700000000
4 9696530 bfbf000800000000
4 9697792 ffffcccc01b2c800
4 9702186 b000000700000000
4 9703573 bbbb
4 12752428 aaaa
4 12752840 b000000800000000
4 12753464 ffffcccc06a5c200
4 12755651 aaaa
4 12756278 eb00007771802342
4 13257051 ea00007771002342
4 13257621 bbbb
4 13258357 bfbf000700000000
4 13260040 bfbf000800000000
4 13260819 ffffcccc01b2c800
4 13264480 b000000700000000
4 13265930 bbbb
4 13269244 aaaa
4 13269890 b000000800000000
4 13270944 ffffcccc06a5c200
4 13272930 aaaa
4 13273582 eb00007771802343
4 13774333 ea00007771002343
4 13774919 bbbb
4 13775638 bfbf000700000000
4 13776763 bfbf000800000000
4 13777735 ffffcccc01b2c800
4 13781571 b000000700000000
4 13783100 bbbb
4 17861099 aaaa
4 17861542 b000000800000000
4 17862466 ffffcccc06a5c200
4 17864201 aaaa
4 17864858 eb00007771802344
4 18365605 ea00007771002344
4 18366359 bbbb
4 18367092 bfbf000700000000
4 18368510 bfbf000800000000
4 18369154 ffffcccc01b2c800
4 18372828 b000000700000000
4 18374226 bbbb
4 18376364 aaaa
4 18376664 b000000800000000
4 18377327 ffffcccc06a5c200
4 18379309 aaaa
4 18379714 eb00007771802345
4 18672986 ffff0001000030f5
4 18880458 ea00007771002345
4 18880860 bbbb
4 18881617 bfbf000700000000
4 18883069 bfbf000800000000
4 18883699 ffffcccc01b2c800
4 18887573 b000000700000000
4 18888978 bbbb
4 19892040 aaaa
4 19892530 b000000800000000
4 19893865 ffffcccc06a5c200
4 19895971 aaaa
4 19896791 eb00007771802346
# Core 5 LOG DUMP ==================================================
# DCB 5 ffffff0006a5c400 pixels
# DCB 5 ffffff0001b2ca00 monitor
5 4381 ffffcccc01b2ca00
5 12695 aaaa
5 13503 b000000800000000
5 14089 ffffcccc06a5c400
5 15987 aaaa
5 16617 eb00007773802f72
5 517320 ea00007773002f72
5 517812 bbbb
5 518548 bfbf000700000000
5 519820 bfbf000800000000
5 521102 ffffcccc01b2ca00
5 524704 b000000700000000
5 526066 bbbb
5 531562 aaaa
5 532235 b000000800000000
5 532909 ffffcccc06a5c400
5 535097 aaaa
5 535460 eb00007773802f73
5 1036240 ea00007773002f73
5 1036721 bbbb
5 1037425 bfbf000700000000
5 1038951 bfbf000800000000
5 1039722 ffffcccc01b2ca00
5 1043258 b000000700000000
5 1044477 bbbb
5 1046760 aaaa
5 1047517 b000000800000000
5 1048172 ffffcccc06a5c400
5 1050112 aaaa
5 1050495 eb00007773802f74
5 1551276 ea00007773002f74
5 1551778 bbbb
5 1552479 bfbf000700000000
5 1553823 bfbf000800000000
5 1554449 ffffcccc01b2ca00
5 1558017 b000000700000000
5 1559378 bbbb
5 1560802 aaaa
5 1561198 b000000800000000
5 1562143 ffffcccc06a5c400
5 1563873 aaaa
5 1564489 eb00007773802f75
5 2065255 ea00007773002f75
5 2065770 bbbb
5 2066472 bfbf000700000000
5 2067616 bfbf000800000000
5 2068258 ffffcccc01b2ca00
5 2072065 b000000700000000
5 2073709 bbbb
5 2077125 aaaa
5 2077493 b000000800000000
5 2078170 ffffcccc06a5c400
5 2080093 aaaa
5 2080478 eb00007773802f76
5 2581198 ea00007773002f76
5 2581706 bbbb
5 2582404 bfbf000700000000
5 2583601 bfbf000800000000
5 2584370 ffffcccc01b2ca00
5 2587937 b000000700000000
5 2589375 bbbb
5 4608163 aaaa
5 4609129 b000000800000000
5 4609728 ffffcccc06a5c400
5 4611964 aaaa
5 4612594 eb00007773802f77
5 5113329 ea00007773002f77
5 5113876 bbbb
5 5114597 bfbf000700000000
5 5115916 bfbf000800000000
5 5116543 ffffcccc01b2ca00
5 5120061 b000000700000000
5 5121651 bbbb
5 5126684 aaaa
5 5127053 b000000800000000
5 5127708 ffffcccc06a5c400
5 5129818 aaaa
5 5130544 eb00007773802f78
5 5631258 ea00007773002f78
5 5631774 bbbb
5 5632474 bfbf000700000000
5 5634378 bfbf000800000000
5 5635243 ffffcccc01b2ca00
5 5638892 b000000700000000
5 5640403 bbbb
5 8671996 aaaa
5 8672746 b000000800000000
5 8673372 ffffcccc06a5c400
5 8675266 aaaa
5 8675904 eb00007773802f79
5 9176674 ea00007773002f79
5 9177194 bbbb
5 9178275 bfbf000700000000
5 9179863 bfbf000800000000
5 9180501 ffffcccc01b2ca00
5 9184027 b000000700000000
5 9185421 bbbb
5 9189181 aaaa
5 9189929 b000000800000000
5 9190612 ffffcccc06a5c400
5 9192506 aaaa
5 9193693 eb00007773802f7a
5 9694455 ea00007773002f7a
5 9694996 bbbb
5 9696325 bfbf000700000000
5 9698137 bfbf000800000000
5 9699142 ffffcccc01b2ca00
5 9702723 b000000700000000
5 9704116 bbbb
5 12752914 aaaa
5 12753293 b000000800000000
5 12754134 ffffcccc06a5c400
5 12755859 aaaa
5 12756533 eb00007773802f7b
5 13257308 ea00007773002f7b
5 13257828 bbbb
5 13258543 bfbf000700000000
5 13260675 bfbf000800000000
5 13261315 ffffcccc01b2ca00
5 13264888 b000000700000000
5 13266339 bbbb
5 13270114 aaaa
5 13270902 b000000800000000
5 13271585 ffffcccc06a5c400
5 13273710 aaaa
5 13274346 eb00007773802f7c
5 13775128 ea00007773002f7c
5 13775663 bbbb
5 13776363 bfbf000700000000
5 13777861 bfbf000800000000
5 13778635 ffffcccc01b2ca00
5 13782199 b000000700000000
5 13783824 bbbb
5 15069220 ffff0001000030ce
5 16314203 aaaa
5 16314581 b000000800000000
5 16315168 ffffcccc06a5c400
5 16317381 aaaa
5 16318012 eb00007773802f7d
5 16818546 ea00007773002f7d
5 16819070 bbbb
5 16819819 bfbf000700000000
5 16821609 bfbf000800000000
5 16822478 ffffcccc01b2ca00
5 16826051 b000000700000000
5 16827394 bbbb
5 16830301 aaaa
5 16830582 b000000800000000
5 16831227 ffffcccc06a5c400
5 16832965 aaaa
5 16833582 eb00007773802f7e
5 17334063 ea00007773002f7e
5 17334571 bbbb
5 17335274 bfbf000700000000
5 17336713 bfbf000800000000
5 17337638 ffffcccc01b2ca00
5 17341209 b000000700000000
5 17342673 bbbb
5 17345434 aaaa
5 17345928 b000000800000000
5 17346632 ffffcccc06a5c400
5 17348787 aaaa
5 17349383 eb00007773802f7f
5 17849884 ea00007773002f7f
5 17850407 bbbb
5 17851108 bfbf000700000000
5 17852512 bfbf000800000000
5 17853076 ffffcccc01b2ca00
5 17856555 b000000700000000
5 17857922 bbbb
5 17861740 aaaa
5 17862219 b000000800000000
5 17862874 ffffcccc06a5c400
5 17864959 aaaa
5 17865344 eb00007773802f80
5 18365827 ea00007773002f80
5 18366637 bbbb
5 18367803 bfbf000700000000
5 18369420 bfbf000800000000
5 18369787 ffffcccc01b2ca00
5 18373353 b000000700000000
5 18375127 bbbb
5 19892622 aaaa
5 19893205 b000000800000000
5 19893801 ffffcccc06a5c400
5 19895668 aaaa
5 19896267 eb00007773802f81
# Core 6 LOG DUMP ==================================================
# DCB 6 ffffff0006a5c600 pixels
# DCB 6 ffffff0001b2cc00 monitor
6 2936 ffffcccc01b2cc00
6 14064 aaaa
6 14879 b000000800000000
6 15831 ffffcccc06a5c600
6 17668 aaaa
6 18058 eb00007775803400
6 518744 ea00007775003400
6 519231 bbbb
6 520158 bfbf000700000000
6 522263 bfbf000800000000
6 523381 ffffcccc01b2cc00
6 526988 b000000700000000
6 528381 bbbb
6 1561594 aaaa
6 1562217 b000000800000000
6 1562807 ffffcccc06a5c600
6 1565016 aaaa
6 1565394 eb00007775803401
6 2066126 ea00007775003401
6 2066610 bbbb
6 2067347 bfbf000700000000
6 2068804 bfbf000800000000
6 2069694 ffffcccc01b2cc00
6 2073198 b000000700000000
6 2074424 bbbb
6 2077729 aaaa
6 2078489 b000000800000000
6 2079137 ffffcccc06a5c600
6 2080930 aaaa
6 2081328 eb00007775803402
6 2582131 ea00007775003402
6 2582703 bbbb
6 2583427 bfbf000700000000
6 2584775 bfbf000800000000
6 2585434 ffffcccc01b2cc00
6 2588980 b000000700000000
6 2590383 bbbb
6 4609343 aaaa
6 4609715 b000000800000000
6 4610574 ffffcccc06a5c600
6 4612351 aaaa
6 4613019 eb00007775803403
6 5113795 ea00007775003403
6 5114507 bbbb
6 5115954 bfbf000700000000
6 5117100 bfbf000800000000
6 5117743 ffffcccc01b2cc00
6 5121578 b000000700000000
6 5123119 bbbb
6 5127610 aaaa
6 5128175 b000000800000000
6 5128849 ffffcccc06a5c600
6 5131056 aaaa
6 5131679 eb00007775803404
6 5632464 ea00007775003404
6 5633412 bbbb
6 5635121 bfbf000700000000
6 5636751 bfbf000800000000
6 5637670 ffffcccc01b2cc00
6 5641234 b000000700000000
6 5642545 bbbb
6 8157749 aaaa
6 8158127 b000000800000000
6 8158729 ffffcccc06a5c600
6 8160710 aaaa
6 8161108 eb00007775803405
6 8661900 ea00007775003405
6 8662480 bbbb
6 8663213 bfbf000700000000
6 8664351 bfbf000800000000
6 8664997 ffffcccc01b2cc00
6 8668494 b000000700000000
6 8669937 bbbb
6 8673435 aaaa
6 8674382 b000000800000000
6 8675560 ffffcccc06a5c600
6 8677390 aaaa
6 8677788 eb00007775803406
6 9178533 ea00007775003406
6 9179600 bbbb
6 9180319 bfbf000700000000
6 9181507 bfbf000800000000
6 9182152 ffffcccc01b2cc00
6 9185744 b000000700000000
6 9187418 bbbb
6 9190668 aaaa
6 9191371 b000000800000000
6 9192317 ffffcccc06a5c600
6 9195043 aaaa
6 9195463 eb00007775803407
6 9696208 ea00007775003407
6 9696974 bbbb
6 9697700 bfbf000700000000
6 9699028 bfbf000800000000
6 9699721 ffffcccc01b2cc00
6 9703176 b000000700000000
6 9704498 bbbb
6 9707285 aaaa
6 9707827 b000000800000000
6 9708473 ffffcccc06a5c600
6 9710464 aaaa
6 9710863 eb00007775803408
6 10211596 ea00007775003408
6 10212171 bbbb
6 10212890 bfbf000700000000
6 10214071 bfbf000800000000
6 10214733 ffffcccc01b2cc00
6 10218637 b000000700000000
6 10220089 bbbb
6 10221885 aaaa
6 10222432 b000000800000000
6 10223573 ffffcccc06a5c600
6 10225296 aaaa
6 10225696 eb00007775803409
6 10726439 ea00007775003409
6 10727231 bbbb
6 10727961 bfbf000700000000
6 10729145 bfbf000800000000
6 10729805 ffffcccc01b2cc00
6 10733235 b000000700000000
6 10734545 bbbb
6 11873588 ffff0001000030a5
6 12237669 aaaa
6 12238260 b000000800000000
6 12238858 ffffcccc06a5c600
6 12240596 aaaa
6 12241174 eb0000777580340a
6 12741678 ea0000777500340a
6 12742252 bbbb
6 12743011 bfbf000700000000
6 12744500 bfbf000800000000
6 12745329 ffffcccc01b2cc00
6 12748911 b000000700000000
6 12750228 bbbb
6 12753493 aaaa
6 12754198 b000000800000000
6 12755335 ffffcccc06a5c600
6 12757171 aaaa
6 12757761 eb0000777580340b
6 13258237 ea0000777500340b
6 13259032 bbbb
6 13260470 bfbf000700000000
6 13262125 bfbf000800000000
6 13262548 ffffcccc01b2cc00
6 13266257 b000000700000000
6 13267875 bbbb
6 13271568 aaaa
6 13271845 b000000800000000
6 13272508 ffffcccc06a5c600
6 13274235 aaaa
6 13274872 eb0000777580340c
6 13775367 ea0000777500340c
6 13775952 bbbb
6 13776944 bfbf000700000000
6 13779057 bfbf000800000000
6 13779685 ffffcccc01b2cc00
6 13783235 b000000700000000
6 13784568 bbbb
6 15800846 aaaa
6 15801176 b000000800000000
6 15801796 ffffcccc06a5c600
6 15803733 aaaa
6 15804336 eb0000777580340d
6 16304800 ea0000777500340d
6 16305575 bbbb
6 16306546 bfbf000700000000
6 16308102 bfbf000800000000
6 16308523 ffffcccc01b2cc00
6 16312017 b000000700000000
6 16313346 bbbb
6 16314996 aaaa
6 16315528 b000000800000000
6 16316177 ffffcccc06a5c600
6 16318507 aaaa
6 16319110 eb0000777580340e
6 16819612 ea0000777500340e
6 16820218 bbbb
6 16821418 bfbf000700000000
6 16823093 bfbf000800000000
6 16823716 ffffcccc01b2cc00
6 16827286 b000000700000000
6 16829160 bbbb
6 19894036 aaaa
6 19894790 b000000800000000
6 19895403 ffffcccc06a5c600
6 19897148 aaaa
6 19897777 eb0000777580340f
# Core 7 LOG DUMP ==================================================
# DCB 7 ffffff0006a5c800 pixels
# DCB 7 ffffff0001b2ce00 monitor
7 6043 ffffcccc01b2ce00
7 15150 aaaa
7 15881 b000000800000000
7 16467 ffffcccc06a5c800
7 18204 aaaa
7 18580 eb00007777803237
7 519316 ea00007777003237
7 519867 bbbb
7 521070 bfbf000700000000
7 522265 bfbf000800000000
7 523012 ffffcccc01b2ce00
7 526528 b000000700000000
7 527967 bbbb
7 532326 aaaa
7 533135 b000000800000000
7 533878 ffffcccc06a5c800
7 535653 aaaa
7 536017 eb00007777803238
7 1036779 ea00007777003238
7 1037374 bbbb
7 1038332 bfbf000700000000
7 1039903 bfbf000800000000
7 1040461 ffffcccc01b2ce00
7 1044019 b000000700000000
7 1045301 bbbb
7 1047718 aaaa
7 1048387 b000000800000000
7 1049047 ffffcccc06a5c800
7 1050772 aaaa
7 1051158 eb00007777803239
7 1551949 ea00007777003239
7 1552477 bbbb
7 1553188 bfbf000700000000
7 1554510 bfbf000800000000
7 1555125 ffffcccc01b2ce00
7 1558562 b000000700000000
7 1560105 bbbb
7 1562286 aaaa
7 1562800 b000000800000000
7 1563460 ffffcccc06a5c800
7 1565173 aaaa
7 1565557 eb0000777780323a
7 2066293 ea0000777700323a
7 2066811 bbbb
7 2067918 bfbf000700000000
7 2069321 bfbf000800000000
7 2069932 ffffcccc01b2ce00
7 2073507 b000000700000000
7 2074981 bbbb
7 4610183 aaaa
7 4611136 b000000800000000
7 4612252 ffffcccc06a5c800
7 4614033 aaaa
7 4614411 eb0000777780323b
7 5115145 ea0000777700323b
7 5115943 bbbb
7 5116664 bfbf000700000000
7 5117797 bfbf000800000000
7 5118620 ffffcccc01b2ce00
7 5122172 b000000700000000
7 5123552 bbbb
7 5128452 aaaa
7 5129038 b000000800000000
7 5129703 ffffcccc06a5c800
7 5131842 aaaa
7 5132227 eb0000777780323c
7 5632992 ea0000777700323c
7 5634138 bbbb
7 5634851 bfbf000700000000
7 5636283 bfbf000800000000
7 5636895 ffffcccc01b2ce00
7 5640465 b000000700000000
7 5642053 bbbb
7 7601574 ffff00010000307b
7 8674261 aaaa
7 8674566 b000000800000000
7 8675152 ffffcccc06a5c800
7 8676910 aaaa
7 8677487 eb0000777780323d
7 9178000 ea0000777700323d
7 9178517 bbbb
7 9179264 bfbf000700000000
7 9180730 bfbf000800000000
7 9181084 ffffcccc01b2ce00
7 9184591 b000000700000000
7 9186007 bbbb
7 9191487 aaaa
7 9192091 b000000800000000
7 9193372 ffffcccc06a5c800
7 9195109 aaaa
7 9195687 eb0000777780323e
7 9696157 ea0000777700323e
7 9696677 bbbb
7 9697385 bfbf000700000000
7 9699490 bfbf000800000000
7 9699853 ffffcccc01b2ce00
7 9703390 b000000700000000
7 9704929 bbbb
7 16316317 aaaa
7 16316614 b000000800000000
7 16317212 ffffcccc06a5c800
7 16318922 aaaa
7 16319495 eb0000777780323f
7 16820008 ea0000777700323f
7 16820519 bbbb
7 16821241 bfbf000700000000
7 16822649 bfbf000800000000
7 16823201 ffffcccc01b2ce00
7 16826699 b000000700000000
7 16828264 bbbb
7 16831387 aaaa
7 16831751 b000000800000000
7 16832413 ffffcccc06a5c800
7 16834191 aaaa
7 16834772 eb00007777803240
7 17335283 ea00007777003240
7 17335797 bbbb
7 17336667 bfbf000700000000
7 17338125 bfbf000800000000
7 17338690 ffffcccc01b2ce00
7 17342222 b000000700000000
7 17343634 bbbb
7 17346453 aaaa
7 17346952 b000000800000000
7 17347620 ffffcccc06a5c800
7 17349361 aaaa
7 17349744 eb00007777803241
7 17850210 ea00007777003241
7 17851025 bbbb
7 17852230 bfbf000700000000
7 17853660 bfbf000800000000
7 17854018 ffffcccc01b2ce00
7 17857463 b000000700000000
7 17858799 bbbb
7 17862611 aaaa
7 17863085 b000000800000000
7 17863744 ffffcccc06a5c800
7 17865457 aaaa
7 17866036 eb00007777803242
7 18366549 ea00007777003242
7 18367078 bbbb
7 18367789 bfbf000700000000
7 18369247 bfbf000800000000
7 18369601 ffffcccc01b2ce00
7 18373087 b000000700000000
7 18374616 bbbb
7 18376638 aaaa
7 18376924 b000000800000000
7 18377889 ffffcccc06a5c800
7 18379602 aaaa
7 18380182 eb00007777803243
7 18880650 ea00007777003243
7 18881160 bbbb
7 18881868 bfbf000700000000
7 18883255 bfbf000800000000
7 18883924 ffffcccc01b2ce00
7 18887673 b000000700000000
7 18889258 bbbb
7 19894674 aaaa
7 19894974 b000000800000000
7 19895576 ffffcccc06a5c800
7 19897330 aaaa
7 19898032 eb00007777803244
# Core 8 LOG DUMP ==================================================
# DCB 8 ffffff0006a5ca00 pixels
# DCB 8 ffffff0001b2d000 monitor
8 2703 ffffcccc01b2d000
8 4092762 aaaa
8 4093394 b000000800000000
8 4094006 ffffcccc06a5ca00
8 4095805 aaaa
8 4096195 eb000077798013e7
8 4113033 ffff000100003052
8 4596910 ea000077790013e7
8 4597438 bbbb
8 4598185 bfbf000700000000
8 4599685 bfbf000800000000
8 4600342 ffffcccc01b2d000
8 4603933 b000000700000000
8 4605251 bbbb
8 4611197 aaaa
8 4611559 b000000800000000
8 4612149 ffffcccc06a5ca00
8 4614019 aaaa
8 4614682 eb000077798013e8
8 5115195 ea000077790013e8
8 5116189 bbbb
8 5116910 bfbf000700000000
8 5118613 bfbf000800000000
8 5119611 ffffcccc01b2d000
8 5123314 b000000700000000
8 5124469 bbbb
8 5129453 aaaa
8 5129968 b000000800000000
8 5130625 ffffcccc06a5ca00
8 5132424 aaaa
8 5133002 eb000077798013e9
8 5633473 ea000077790013e9
8 5634544 bbbb
8 5635255 bfbf000700000000
8 5637238 bfbf000800000000
8 5637953 ffffcccc01b2d000
8 5641642 b000000700000000
8 5643093 bbbb
8 9192223 aaaa
8 9193114 b000000800000000
8 9193764 ffffcccc06a5ca00
8 9195503 aaaa
8 9196087 eb000077798013ea
8 9696604 ea000077790013ea
8 9697612 bbbb
8 9698827 bfbf000700000000
8 9700274 bfbf000800000000
8 9700905 ffffcccc01b2d000
8 9704509 b000000700000000
8 9706127 bbbb
8 9707733 aaaa
8 9708091 b000000800000000
8 9709003 ffffcccc06a5ca00
8 9710771 aaaa
8 9711354 eb000077798013eb
8 10211852 ea000077790013eb
8 10212440 bbbb
8 10213148 bfbf000700000000
8 10214553 bfbf000800000000
8 10215262 ffffcccc01b2d000
8 10218748 b000000700000000
8 10220160 bbbb
8 10222363 aaaa
8 10222905 b000000800000000
8 10223564 ffffcccc06a5ca00
8 10225325 aaaa
8 10225919 eb000077798013ec
8 10726411 ea000077790013ec
8 10726992 bbbb
8 10727706 bfbf000700000000
8 10729146 bfbf000800000000
8 10729993 ffffcccc01b2d000
8 10733539 b000000700000000
8 10734967 bbbb
8 12754166 aaaa
8 12754662 b000000800000000
8 12755288 ffffcccc06a5ca00
8 12757050 aaaa
8 12757631 eb000077798013ed
8 13258129 ea000077790013ed
8 13258812 bbbb
8 13259606 bfbf000700000000
8 13261398 bfbf000800000000
8 13262035 ffffcccc01b2d000
8 13265581 b000000700000000
8 13267005 bbbb
8 13272844 aaaa
8 13273213 b000000800000000
8 13273807 ffffcccc06a5ca00
8 13275582 aaaa
8 13276209 eb000077798013ee
8 13776732 ea000077790013ee
8 13777556 bbbb
8 13778389 bfbf000700000000
8 13779996 bfbf000800000000
8 13780687 ffffcccc01b2d000
8 13784269 b000000700000000
8 13785723 bbbb
8 19895863 aaaa
8 19896419 b000000800000000
8 19897011 ffffcccc06a5ca00
8 19898803 aaaa
8 19899387 eb000077798013ef
# Core 9 LOG DUMP ==================================================
# DCB 9 ffffff0006a5cc00 pixels
# DCB 9 ffffff0001b2d200 monitor
9 4221 ffffcccc01b2d200
# Core 10 LOG DUMP ==================================================
# DCB 10 ffffff0006a5ce00 pixels
# DCB 10 ffffff0001b2d400 monitor
10 6293 ffffcccc01b2d400
10 18186619 ffff000100003001
# Core 11 LOG DUMP ==================================================
# DCB 11 ffffff000713a000 pixels
# DCB 11 ffffff000445a600 e1000n
# DCB 11 ffffff0001b2d600 monitor
11 6633 ffffcccc0445a600
11 7085 ffffcccc01b2d600
11 9996 ffffcccc0445a600
11 15750360 ffff000100002fd9
11 15750717 ffffcccc01b2d600
11 15753568 ffffcccc0445a600
# Core 12 LOG DUMP ==================================================
# DCB 12 ffffff000713a200 pixels
# DCB 12 ffffff0001b2d800 monitor
12 3849 ffffcccc01b2d800
12 13172424 ffff000100002fb0
# Core 13 LOG DUMP ==================================================
# DCB 13 ffffff000713a400 pixels
# DCB 13 ffffff0001b2da00 monitor
13 3730 ffffcccc01b2da00
13 11183506 ffff000100002f87
# Core 14 LOG DUMP ==================================================
# DCB 14 ffffff000713a600 pixels
# DCB 14 ffffff0001b2dc00 monitor
14 4925 ffffcccc01b2dc00
14 8909827 ffff000100002f5e
# Core 15 LOG DUMP ==================================================
# DCB 15 ffffff000713a800 pixels
# DCB 15 ffffff000445a800 bfscope
# DCB 15 ffffff0001b2de00 monitor
15 5958 ffffcccc0445a800
15 6151 ffffcccc01b2de00
15 8858 ffffcccc0445a800
15 2169905 ffff000100002f16
15 2170339 ffffcccc01b2de00
15 2173027 ffffcccc0445a800
