# Start 372142937180 Duration 20000000 Stop 372162937180
# Core 0 LOG DUMP ==================================================
0 0 1234000000000001
# DCB 0 ffffff000713aa00 fish
# DCB 0 ffffff000445aa00 pixels
# DCB 0 ffffff000445a400 serial
# DCB 0 ffffff000445a200 pci
# DCB 0 ffffff000445a000 skb
# DCB 0 ffffff0001b2c000 chips
# DCB 0 ffffff0001e06000 mem_serv
# DCB 0 ffffff0001e06200 monitor
0 8279 ffffcccc0713aa00
0 5011644 ea0000776d800169
0 5012208 ea0000776f8039be
0 5012872 ea000077718025f4
0 5013571 ea0000777380329b
0 5014178 ea0000777580371f
0 5014900 ea0000777780352a
0 5016526 bbbb
0 5026141 bfbf000700000000
0 5027302 bfbf000800000000
0 5027706 ffffcccc01e06200
0 5030846 b000000700000000
0 5032488 b000000700000000
0 5038468 bbbb
0 5073944 b000bbbb00000014
0 5520262 aaaa
0 5520671 b000000800000000
0 5522269 ffffcccc0713aa00
0 5524981 aaaa
0 5525631 eb000077710025f4
0 5526795 eb0000776f0039be
0 5527407 eb0000776d000169
0 5529336 eb0000777700352a
0 5530216 eb0000777500371f
0 5530786 eb0000777300329b
0 5531299 ea0000776d80016a
0 5532136 ea0000776f8039bf
0 5532585 ea000077718025f5
0 5533464 ea0000777380329c
0 5533953 ea00007775803720
0 5534809 ea0000777780352b
0 5536475 bbbb
0 5545607 bfbf000700000000
0 5546739 bfbf000800000000
0 5547131 ffffcccc01e06200
0 5550229 b000000700000000
0 5551857 b000000700000000
0 5557829 bbbb
0 5594046 b000bbbb00000014
0 6039732 aaaa
0 6040196 b000000800000000
0 6041145 ffffcccc0713aa00
0 6044144 aaaa
0 6044822 eb000077710025f5
0 6046151 eb0000776f0039bf
0 6046865 eb0000776d00016a
0 6049072 eb0000777700352b
0 6049780 eb00007775003720
0 6050070 eb0000777300329c
0 6050533 ea000077718025f6
0 6051025 ea0000777780352c
0 6051902 bbbb
0 6060778 bfbf000700000000
0 6061887 bfbf000800000000
0 6062296 ffffcccc01e06200
0 6065416 b000000700000000
0 6067085 b000000700000000
0 6072946 bbbb
0 6108226 b000bbbb00000014
0 6557432 aaaa
0 6557822 b000000800000000
0 6558409 ffffcccc0713aa00
0 6560260 aaaa
0 6560900 eb000077710025f6
0 6563014 eb0000777700352c
0 6564094 ea000077718025f7
0 6565001 ea0000777780352d
0 6566343 bbbb
0 6575149 bfbf000700000000
0 6576258 bfbf000800000000
0 6576645 ffffcccc01e06200
0 6580050 b000000700000000
0 6581032 b000000700000000
0 6587262 bbbb
0 6622313 b000bbbb00000014
0 7070759 aaaa
0 7071145 b000000800000000
0 7072052 ffffcccc0713aa00
0 7074638 aaaa
0 7075261 eb000077710025f7
0 7077453 eb0000777700352d
0 7078279 ea000077718025f8
0 7078850 ea0000777380329d
0 7079387 ea00007775803721
0 7080589 ea0000777780352e
0 7081835 bbbb
0 7090522 bfbf000700000000
0 7091667 bfbf000800000000
0 7092068 ffffcccc01e06200
0 7094934 b000000700000000
0 7096535 b000000700000000
0 7102717 bbbb
0 7137724 b000bbbb00000014
0 7584840 aaaa
0 7585239 b000000800000000
0 7586121 ffffcccc0713aa00
0 7588339 aaaa
0 7588942 eb00007775003721
0 7590472 eb0000777300329d
0 7591032 eb000077710025f8
0 7593169 eb0000777700352e
0 7593911 ea0000777380329e
0 7594423 ea00007775803722
0 7595324 bbbb
0 7603872 bfbf000700000000
0 7604998 bfbf000800000000
0 7605381 ffffcccc01e06200
0 7608423 b000000700000000
0 7610001 b000000700000000
0 7615893 bbbb
0 7650453 b000bbbb00000014
0 8101580 aaaa
0 8101952 b000000800000000
0 8102892 ffffcccc0713aa00
0 8104990 aaaa
0 8105586 eb00007775003722
0 8106380 eb0000777300329e
0 9107580 ea000077718025f9
0 9108332 ea0000777380329f
0 9108799 ea00007775803723
0 9110735 bbbb
0 9119863 bfbf000700000000
0 9120996 bfbf000800000000
0 9121616 ffffcccc01e06200
0 9124699 b000000700000000
0 9125847 b000000700000000
0 9131922 bbbb
0 9167709 b000bbbb00000014
0 9615546 aaaa
0 9615918 b000000800000000
0 9616517 ffffcccc0713aa00
0 9618916 aaaa
0 9619509 eb000077710025f9
0 9621733 eb00007775003723
0 9622336 eb0000777300329f
0 9623632 ea0000776f8039c0
0 9624031 ea000077718025fa
0 9624474 ea000077738032a0
0 9625510 ea00007775803724
0 9626056 ea0000777780352f
0 9627295 bbbb
0 9636682 bfbf000700000000
0 9637792 bfbf000800000000
0 9638359 ffffcccc01e06200
0 9641256 b000000700000000
0 9642477 b000000700000000
0 9648888 bbbb
0 9685313 b000bbbb00000014
0 9772646 ffff0001000031c3
0 10131263 aaaa
0 10132037 b000000800000000
0 10133167 ffffcccc0713aa00
0 10135833 aaaa
0 10136422 eb000077710025fa
0 10137244 eb0000776f0039c0
0 10139360 eb0000777700352f
0 10139868 eb00007775003724
0 10140650 eb000077730032a0
0 10141645 ea0000776f8039c1
0 10142078 ea00007777803530
0 10142855 bbbb
0 10151334 bfbf000700000000
0 10152453 bfbf000800000000
0 10153078 ffffcccc01e06200
0 10155932 b000000700000000
0 10157532 b000000700000000
0 10163447 bbbb
0 10198742 b000bbbb00000014
0 10648102 aaaa
0 10648456 b000000800000000
0 10649418 ffffcccc0713aa00
0 10651607 aaaa
0 10652247 eb0000776f0039c1
0 10654149 eb00007777003530
0 10654957 ea0000776f8039c2
0 10656094 ea00007777803531
0 10657042 bbbb
0 10665808 bfbf000700000000
0 10666959 bfbf000800000000
0 10667584 ffffcccc01e06200
0 10670432 b000000700000000
0 10671556 b000000700000000
0 10677859 bbbb
0 10713616 b000bbbb00000014
0 11163220 aaaa
0 11163610 b000000800000000
0 11164506 ffffcccc0713aa00
0 11166898 aaaa
0 11167272 eb0000776f0039c2
0 11169322 eb00007777003531
0 11170015 ea0000776f8039c3
0 11170699 ea000077718025fb
0 11171164 ea000077738032a1
0 11172030 ea00007775803725
0 11172536 ea00007777803532
0 11173872 bbbb
0 11182654 bfbf000700000000
0 11183802 bfbf000800000000
0 11184190 ffffcccc01e06200
0 11187318 b000000700000000
0 11188956 b000000700000000
0 11194816 bbbb
0 11229996 b000bbbb00000014
0 11677861 aaaa
0 11678253 b000000800000000
0 11680111 ffffcccc0713aa00
0 11682648 aaaa
0 11683268 eb00007775003725
0 11683933 eb000077730032a1
0 11684412 eb000077710025fb
0 11684902 eb0000776f0039c3
0 11687307 eb00007777003532
0 11688008 ea000077718025fc
0 11688390 ea000077738032a2
0 11688775 ea00007775803726
0 11689587 bbbb
0 11698294 bfbf000700000000
0 11699421 bfbf000800000000
0 11699803 ffffcccc01e06200
0 11702933 b000000700000000
0 11704544 b000000700000000
0 11710492 bbbb
0 11746474 b000bbbb00000014
0 12195130 aaaa
0 12195511 b000000800000000
0 12196470 ffffcccc0713aa00
0 12198612 aaaa
0 12199228 eb00007775003726
0 12200021 eb000077730032a2
0 12200515 eb000077710025fc
0 13201711 ea0000776f8039c4
0 13202503 ea00007775803727
0 13204364 bbbb
0 13213130 bfbf000700000000
0 13214277 bfbf000800000000
0 13214934 ffffcccc01e06200
0 13217943 b000000700000000
0 13219113 b000000700000000
0 13225467 bbbb
0 13260873 b000bbbb00000014
0 13709221 aaaa
0 13709610 b000000800000000
0 13710793 ffffcccc0713aa00
0 13713094 aaaa
0 13713837 eb0000776f0039c4
0 13715906 eb00007775003727
0 13716642 ea0000776f8039c5
0 13717501 ea000077738032a3
0 13717907 ea00007775803728
0 13718845 ea00007777803533
0 13720705 bbbb
0 13729741 bfbf000700000000
0 13730866 bfbf000800000000
0 13731249 ffffcccc01e06200
0 13734078 b000000700000000
0 13735913 b000000700000000
0 13741852 bbbb
0 13777190 b000bbbb00000014
0 14223866 aaaa
0 14224433 b000000800000000
0 14225786 ffffcccc0713aa00
0 14228404 aaaa
0 14229106 eb000077730032a3
0 14230335 eb0000776f0039c5
0 14232159 eb00007777003533
0 14232977 eb00007775003728
0 14233845 ea0000776f8039c6
0 14234345 ea000077738032a4
0 14234743 ea00007777803534
0 14236107 bbbb
0 14244844 bfbf000700000000
0 14245979 bfbf000800000000
0 14246361 ffffcccc01e06200
0 14249197 b000000700000000
0 14250808 b000000700000000
0 14257024 bbbb
0 14292176 b000bbbb00000014
0 14740469 aaaa
0 14740849 b000000800000000
0 14742001 ffffcccc0713aa00
0 14744112 aaaa
0 14744806 eb000077730032a4
0 14745679 eb0000776f0039c6
0 14747929 eb00007777003534
0 14748693 ea0000776f8039c7
0 14749500 ea000077738032a5
0 14749995 ea00007777803535
0 14751240 bbbb
0 14759920 bfbf000700000000
0 14761035 bfbf000800000000
0 14761419 ffffcccc01e06200
0 14770338 b000000700000000
0 14771698 b000000700000000
0 14773915 bbbb
0 14809094 b000bbbb00000014
0 15256754 aaaa
0 15257111 b000000800000000
0 15258021 ffffcccc0713aa00
0 15260466 aaaa
0 15261430 eb000077730032a5
0 15262410 eb0000776f0039c7
0 15264414 eb00007777003535
0 15265159 ea0000776f8039c8
0 15265824 ea000077718025fd
0 15266334 ea000077738032a6
0 15266849 ea00007777803536
0 15267766 bbbb
0 15276922 bfbf000700000000
0 15278034 bfbf000800000000
0 15278416 ffffcccc01e06200
0 15281256 b000000700000000
0 15282577 b000000700000000
0 15288901 bbbb
0 15323335 b000bbbb00000014
0 15771766 aaaa
0 15772521 b000000800000000
0 15773908 ffffcccc0713aa00
0 15776584 aaaa
0 15777239 eb000077730032a6
0 15778176 eb000077710025fd
0 15778720 eb0000776f0039c8
0 15780567 eb00007777003536
0 15781341 ea000077718025fe
0 15782162 ea00007777803537
0 15782928 bbbb
0 15791572 bfbf000700000000
0 15792691 bfbf000800000000
0 15793335 ffffcccc01e06200
0 15796183 b000000700000000
0 15797834 b000000700000000
0 15803699 bbbb
0 15839034 b000bbbb00000014
0 16289117 aaaa
0 16289492 b000000800000000
0 16290451 ffffcccc0713aa00
0 16292916 aaaa
0 16293567 eb000077710025fe
0 16295641 eb00007777003537
0 17296854 ea0000776f8039c9
0 17297728 ea00007775803729
0 17298599 bbbb
0 17307217 bfbf000700000000
0 17308341 bfbf000800000000
0 17308965 ffffcccc01e06200
0 17312073 b000000700000000
0 17313172 b000000700000000
0 17319434 bbbb
0 17354671 b000bbbb00000014
0 17804847 aaaa
0 17805274 b000000800000000
0 17806143 ffffcccc0713aa00
0 17808172 aaaa
0 17808548 eb00007775003729
0 17809651 eb0000776f0039c9
0 17810423 ea0000776f8039ca
0 17811266 ea000077738032a7
0 17812104 ea0000777580372a
0 17812656 ea00007777803538
0 17814651 bbbb
0 17823596 bfbf000700000000
0 17824719 bfbf000800000000
0 17825104 ffffcccc01e06200
0 17827900 b000000700000000
0 17829145 b000000700000000
0 17835564 bbbb
0 17871274 b000bbbb00000014
0 18317887 aaaa
0 18318322 b000000800000000
0 18319692 ffffcccc0713aa00
0 18323107 aaaa
0 18323872 eb00007777003538
0 18324798 eb0000777500372a
0 18325699 eb000077730032a7
0 18326916 eb0000776f0039ca
0 18327985 ea0000776f8039cb
0 18328407 ea000077738032a8
0 18328805 ea00007777803539
0 18329595 bbbb
0 18338741 bfbf000700000000
0 18339892 bfbf000800000000
0 18340276 ffffcccc01e06200
0 18343063 b000000700000000
0 18344307 b000000700000000
0 18350820 bbbb
0 18386313 b000bbbb00000014
0 18834603 aaaa
0 18835016 b000000800000000
0 18836261 ffffcccc0713aa00
0 18839518 aaaa
0 18840247 eb00007777003539
0 18841291 eb000077730032a8
0 18842324 eb0000776f0039cb
0 18843136 ea0000776f8039cc
0 18843949 ea000077738032a9
0 18844336 ea0000777780353a
0 18845574 bbbb
0 18854695 bfbf000700000000
0 18855831 bfbf000800000000
0 18856221 ffffcccc01e06200
0 18859302 b000000700000000
0 18860553 b000000700000000
0 18866914 bbbb
0 18902534 b000bbbb00000014
0 19349827 aaaa
0 19350224 b000000800000000
0 19351377 ffffcccc0713aa00
0 19354696 aaaa
0 19355650 eb0000777700353a
0 19356547 eb000077730032a9
0 19357354 eb0000776f0039cc
0 19358166 ea0000776f8039cd
0 19359323 ea000077718025ff
0 19359841 ea000077738032aa
0 19360689 ea0000777780353b
0 19362439 bbbb
0 19371632 bfbf000700000000
0 19372777 bfbf000800000000
0 19373160 ffffcccc01e06200
0 19375980 b000000700000000
0 19377307 b000000700000000
0 19383582 bbbb
0 19419002 b000bbbb00000014
0 19865986 aaaa
0 19866403 b000000800000000
0 19867780 ffffcccc0713aa00
0 19871011 aaaa
0 19871749 eb0000777700353b
0 19872952 eb000077730032aa
0 19873601 eb000077710025ff
0 19874577 eb0000776f0039cd
0 19875364 ea00007771802600
0 19875846 ea0000777780353c
0 19876630 bbbb
0 19885710 bfbf000700000000
0 19886864 bfbf000800000000
0 19887484 ffffcccc01e06200
0 19890302 b000000700000000
0 19891549 b000000700000000
0 19897669 bbbb
0 19933812 b000bbbb00000014
# Core 1 LOG DUMP ==================================================
# DCB 1 ffffff000445ac00 pixels
# DCB 1 ffffff0001b2c200 monitor
1 3223 ffffcccc01b2c200
1 13220429 ffff00010000319e
# Core 2 LOG DUMP ==================================================
# DCB 2 ffffff000445ae00 pixels
# DCB 2 ffffff0001b2c400 monitor
2 3235 ffffcccc01b2c400
2 5012728 aaaa
2 5013167 b000000800000000
2 5013927 ffffcccc0445ae00
2 5016118 aaaa
2 5017107 eb0000776d800169
2 5518277 ea0000776d000169
2 5518751 bbbb
2 5519498 bfbf000700000000
2 5520704 bfbf000800000000
2 5522491 ffffcccc01b2c400
2 5526187 b000000700000000
2 5527368 bbbb
2 5532544 aaaa
2 5532974 b000000800000000
2 5533892 ffffcccc0445ae00
2 5535999 aaaa
2 5536579 eb0000776d80016a
2 6037324 ea0000776d00016a
2 6037820 bbbb
2 6038528 bfbf000700000000
2 6039723 bfbf000800000000
2 6040350 ffffcccc01b2c400
2 6044525 b000000700000000
2 6045825 bbbb
2 8778414 ffff000100003175
# Core 3 LOG DUMP ==================================================
3 500 bbbb
# DCB 3 ffffff0006a5c000 pixels
# DCB 3 ffffff0001b2c600 monitor
3 2786 ffffcccc01b2c600
3 4505117 ffff00010000314d
3 5013268 aaaa
3 5013728 b000000800000000
3 5014602 ffffcccc06a5c000
3 5017983 aaaa
3 5018568 eb0000776f8039be
3 5519076 ea0000776f0039be
3 5519547 bbbb
3 5520526 bfbf000700000000
3 5522135 bfbf000800000000
3 5523056 ffffcccc01b2c600
3 5526908 b000000700000000
3 5528517 bbbb
3 5532929 aaaa
3 5533245 b000000800000000
3 5533881 ffffcccc06a5c000
3 5536920 aaaa
3 5537636 eb0000776f8039bf
3 6038110 ea0000776f0039bf
3 6038587 bbbb
3 6039525 bfbf000700000000
3 6040673 bfbf000800000000
3 6041811 ffffcccc01b2c600
3 6045425 b000000700000000
3 6047018 bbbb
3 9624459 aaaa
3 9624690 b000000800000000
3 9625522 ffffcccc06a5c000
3 9627769 aaaa
3 9628682 eb0000776f8039c0
3 10129188 ea0000776f0039c0
3 10129689 bbbb
3 10130648 bfbf000700000000
3 10131827 bfbf000800000000
3 10132594 ffffcccc01b2c600
3 10136862 b000000700000000
3 10138339 bbbb
3 10142481 aaaa
3 10142721 b000000800000000
3 10143368 ffffcccc06a5c000
3 10145380 aaaa
3 10145772 eb0000776f8039c1
3 10646233 ea0000776f0039c1
3 10646731 bbbb
3 10647671 bfbf000700000000
3 10648818 bfbf000800000000
3 10649332 ffffcccc01b2c600
3 10652857 b000000700000000
3 10654252 bbbb
3 10656451 aaaa
3 10656644 b000000800000000
3 10657282 ffffcccc06a5c000
3 10659316 aaaa
3 10659708 eb0000776f8039c2
3 11160204 ea0000776f0039c2
3 11161024 bbbb
3 11161962 bfbf000700000000
3 11163139 bfbf000800000000
3 11163547 ffffcccc01b2c600
3 11167257 b000000700000000
3 11168671 bbbb
3 11171057 aaaa
3 11171236 b000000800000000
3 11172164 ffffcccc06a5c000
3 11174450 aaaa
3 11175127 eb0000776f8039c3
3 11675638 ea0000776f0039c3
3 11676145 bbbb
3 11677080 bfbf000700000000
3 11678225 bfbf000800000000
3 11679309 ffffcccc01b2c600
3 11683221 b000000700000000
3 11684685 bbbb
3 13203022 aaaa
3 13203207 b000000800000000
3 13203792 ffffcccc06a5c000
3 13205815 aaaa
3 13206392 eb0000776f8039c4
3 13706852 ea0000776f0039c4
3 13707352 bbbb
3 13708303 bfbf000700000000
3 13709487 bfbf000800000000
3 13710203 ffffcccc01b2c600
3 13714044 b000000700000000
3 13715439 bbbb
3 13717878 aaaa
3 13718065 b000000800000000
3 13719039 ffffcccc06a5c000
3 13721101 aaaa
3 13721793 eb0000776f8039c5
3 14222298 ea0000776f0039c5
3 14222808 bbbb
3 14223774 bfbf000700000000
3 14224921 bfbf000800000000
3 14225651 ffffcccc01b2c600
3 14229193 b000000700000000
3 14230603 bbbb
3 14234703 aaaa
3 14234889 b000000800000000
3 14235827 ffffcccc06a5c000
3 14237808 aaaa
3 14238361 eb0000776f8039c6
3 14738883 ea0000776f0039c6
3 14739388 bbbb
3 14740330 bfbf000700000000
3 14741460 bfbf000800000000
3 14741983 ffffcccc01b2c600
3 14745591 b000000700000000
3 14747297 bbbb
3 14749872 aaaa
3 14750070 b000000800000000
3 14750977 ffffcccc06a5c000
3 14752959 aaaa
3 14753505 eb0000776f8039c7
3 15254028 ea0000776f0039c7
3 15254846 bbbb
3 15255782 bfbf000700000000
3 15256932 bfbf000800000000
3 15257478 ffffcccc01b2c600
3 15261178 b000000700000000
3 15262567 bbbb
3 15266173 aaaa
3 15266358 b000000800000000
3 15267318 ffffcccc06a5c000
3 15269623 aaaa
3 15270180 eb0000776f8039c8
3 15770643 ea0000776f0039c8
3 15771156 bbbb
3 15772094 bfbf000700000000
3 15773281 bfbf000800000000
3 15773794 ffffcccc01b2c600
3 15777484 b000000700000000
3 15778888 bbbb
3 17298153 aaaa
3 17298392 b000000800000000
3 17298986 ffffcccc06a5c000
3 17300957 aaaa
3 17301351 eb0000776f8039c9
3 17801859 ea0000776f0039c9
3 17802701 bbbb
3 17803654 bfbf000700000000
3 17804798 bfbf000800000000
3 17805207 ffffcccc01b2c600
3 17808872 b000000700000000
3 17810337 bbbb
3 17811620 aaaa
3 17811864 b000000800000000
3 17812506 ffffcccc06a5c000
3 17814864 aaaa
3 17815381 eb0000776f8039ca
3 18315901 ea0000776f0039ca
3 18316428 bbbb
3 18317363 bfbf000700000000
3 18318551 bfbf000800000000
3 18319552 ffffcccc01b2c600
3 18323203 b000000700000000
3 18324744 bbbb
3 18328875 aaaa
3 18329065 b000000800000000
3 18329704 ffffcccc06a5c000
3 18332167 aaaa
3 18332560 eb0000776f8039cb
3 18833083 ea0000776f0039cb
3 18833576 bbbb
3 18834515 bfbf000700000000
3 18835659 bfbf000800000000
3 18836173 ffffcccc01b2c600
3 18839683 b000000700000000
3 18841113 bbbb
3 18844324 aaaa
3 18844513 b000000800000000
3 18845428 ffffcccc06a5c000
3 18847951 aaaa
3 18848346 eb0000776f8039cc
3 19348836 ea0000776f0039cc
3 19349333 bbbb
3 19350283 bfbf000700000000
3 19351614 bfbf000800000000
3 19352132 ffffcccc01b2c600
3 19355739 b000000700000000
3 19357190 bbbb
3 19359672 aaaa
3 19359871 b000000800000000
3 19360817 ffffcccc06a5c000
3 19363042 aaaa
3 19363616 eb0000776f8039cd
3 19864141 ea0000776f0039cd
3 19864654 bbbb
3 19865599 bfbf000700000000
3 19866760 bfbf000800000000
3 19867638 ffffcccc01b2c600
3 19871144 b000000700000000
3 19872624 bbbb
# Core 4 LOG DUMP ==================================================
# DCB 4 ffffff0006a5c200 pixels
# DCB 4 ffffff0001b2c800 monitor
4 4634 ffffcccc01b2c800
4 533965 ffff000100003125
4 5014219 aaaa
4 5014924 b000000800000000
4 5015550 ffffcccc06a5c200
4 5018449 aaaa
4 5019489 eb000077718025f4
4 5519975 ea000077710025f4
4 5520468 bbbb
4 5521452 bfbf000700000000
4 5522983 bfbf000800000000
4 5523802 ffffcccc01b2c800
4 5527527 b000000700000000
4 5528825 bbbb
4 5533928 aaaa
4 5534781 b000000800000000
4 5535447 ffffcccc06a5c200
4 5537701 aaaa
4 5538630 eb000077718025f5
4 6039115 ea000077710025f5
4 6039599 bbbb
4 6040322 bfbf000700000000
4 6042446 bfbf000800000000
4 6043094 ffffcccc01b2c800
4 6046657 b000000700000000
4 6047951 bbbb
4 6051474 aaaa
4 6051785 b000000800000000
4 6052450 ffffcccc06a5c200
4 6054444 aaaa
4 6055023 eb000077718025f6
4 6555528 ea000077710025f6
4 6556096 bbbb
4 6556814 bfbf000700000000
4 6558282 bfbf000800000000
4 6558929 ffffcccc01b2c800
4 6562510 b000000700000000
4 6563896 bbbb
4 6565388 aaaa
4 6565660 b000000800000000
4 6566315 ffffcccc06a5c200
4 6568063 aaaa
4 6568689 eb000077718025f7
4 7069165 ea000077710025f7
4 7069733 bbbb
4 7070452 bfbf000700000000
4 7071894 bfbf000800000000
4 7072610 ffffcccc01b2c800
4 7076336 b000000700000000
4 7077706 bbbb
4 7079136 aaaa
4 7079399 b000000800000000
4 7080366 ffffcccc06a5c200
4 7082431 aaaa
4 7083064 eb000077718025f8
4 7583592 ea000077710025f8
4 7584190 bbbb
4 7584909 bfbf000700000000
4 7586356 bfbf000800000000
4 7587136 ffffcccc01b2c800
4 7590787 b000000700000000
4 7592217 bbbb
4 9109264 aaaa
4 9109615 b000000800000000
4 9110238 ffffcccc06a5c200
4 9112003 aaaa
4 9112608 eb000077718025f9
4 9613121 ea000077710025f9
4 9613692 bbbb
4 9614499 bfbf000700000000
4 9615891 bfbf000800000000
4 9616516 ffffcccc01b2c800
4 9620088 b000000700000000
4 9621466 bbbb
4 9625020 aaaa
4 9625372 b000000800000000
4 9626039 ffffcccc06a5c200
4 9628511 aaaa
4 9629153 eb000077718025fa
4 10129669 ea000077710025fa
4 10130248 bbbb
4 10130966 bfbf000700000000
4 10132470 bfbf000800000000
4 10133780 ffffcccc01b2c800
4 10137659 b000000700000000
4 10139090 bbbb
4 11171795 aaaa
4 11172121 b000000800000000
4 11173031 ffffcccc06a5c200
4 11175181 aaaa
4 11175817 eb000077718025fb
4 11676344 ea000077710025fb
4 11676918 bbbb
4 11677650 bfbf000700000000
4 11679642 bfbf000800000000
4 11680680 ffffcccc01b2c800
4 11684689 b000000700000000
4 11686204 bbbb
4 11688901 aaaa
4 11689168 b000000800000000
4 11689875 ffffcccc06a5c200
4 11692087 aaaa
4 11692664 eb000077718025fc
4 12193155 ea000077710025fc
4 12193739 bbbb
4 12194458 bfbf000700000000
4 12195900 bfbf000800000000
4 12196519 ffffcccc01b2c800
4 12200154 b000000700000000
4 12201542 bbbb
4 15267205 aaaa
4 15267598 b000000800000000
4 15268233 ffffcccc06a5c200
4 15270479 aaaa
4 15271083 eb000077718025fd
4 15771606 ea000077710025fd
4 15772191 bbbb
4 15773713 bfbf000700000000
4 15775547 bfbf000800000000
4 15776170 ffffcccc01b2c800
4 15779707 b000000700000000
4 15781120 bbbb
4 15782733 aaaa
4 15783037 b000000800000000
4 15784212 ffffcccc06a5c200
4 15786005 aaaa
4 15786582 eb000077718025fe
4 16287066 ea000077710025fe
4 16287785 bbbb
4 16288505 bfbf000700000000
4 16289953 bfbf000800000000
4 16290665 ffffcccc01b2c800
4 16294435 b000000700000000
4 16295916 bbbb
4 19360700 aaaa
4 19361221 b000000800000000
4 19361847 ffffcccc06a5c200
4 19363801 aaaa
4 19364423 eb000077718025ff
4 19864881 ea000077710025ff
4 19865458 bbbb
4 19866203 bfbf000700000000
4 19867785 bfbf000800000000
4 19868752 ffffcccc01b2c800
4 19872311 b000000700000000
4 19873686 bbbb
4 19876266 aaaa
4 19876570 b000000800000000
4 19877220 ffffcccc06a5c200
4 19879241 aaaa
4 19879817 eb00007771802600
# Core 5 LOG DUMP ==================================================
5 592 bbbb
# DCB 5 ffffff0006a5c400 pixels
# DCB 5 ffffff0001b2ca00 monitor
5 2609 ffffcccc01b2ca00
5 5014551 aaaa
5 5015363 b000000800000000
5 5016978 ffffcccc06a5c400
5 5019523 aaaa
5 5020152 eb0000777380329b
5 5520670 ea0000777300329b
5 5521406 bbbb
5 5522149 bfbf000700000000
5 5523955 bfbf000800000000
5 5524601 ffffcccc01b2ca00
5 5528111 b000000700000000
5 5529415 bbbb
5 5534317 aaaa
5 5535052 b000000800000000
5 5535708 ffffcccc06a5c400
5 5537904 aaaa
5 5538811 eb0000777380329c
5 6039302 ea0000777300329c
5 6039796 bbbb
5 6040502 bfbf000700000000
5 6042688 bfbf000800000000
5 6043294 ffffcccc01b2ca00
5 6046890 b000000700000000
5 6048675 bbbb
5 7080242 aaaa
5 7080566 b000000800000000
5 7081206 ffffcccc06a5c400
5 7083205 aaaa
5 7083825 eb0000777380329d
5 7584345 ea0000777300329d
5 7584863 bbbb
5 7585612 bfbf000700000000
5 7587018 bfbf000800000000
5 7587597 ffffcccc01b2ca00
5 7591155 b000000700000000
5 7592569 bbbb
5 7594752 aaaa
5 7595226 b000000800000000
5 7595906 ffffcccc06a5c400
5 7597828 aaaa
5 7598403 eb0000777380329e
5 8098898 ea0000777300329e
5 8099403 bbbb
5 8100102 bfbf000700000000
5 8101540 bfbf000800000000
5 8101903 ffffcccc01b2ca00
5 8105607 b000000700000000
5 8106962 bbbb
5 9109458 aaaa
5 9109798 b000000800000000
5 9110385 ffffcccc06a5c400
5 9112120 aaaa
5 9112863 eb0000777380329f
5 9613377 ea0000777300329f
5 9613889 bbbb
5 9614600 bfbf000700000000
5 9616020 bfbf000800000000
5 9616789 ffffcccc01b2ca00
5 9620648 b000000700000000
5 9622092 bbbb
5 9625917 aaaa
5 9626332 b000000800000000
5 9627792 ffffcccc06a5c400
5 9629962 aaaa
5 9630563 eb000077738032a0
5 10131082 ea000077730032a0
5 10131594 bbbb
5 10132302 bfbf000700000000
5 10134139 bfbf000800000000
5 10134710 ffffcccc01b2ca00
5 10138291 b000000700000000
5 10139742 bbbb
5 11172751 aaaa
5 11173248 b000000800000000
5 11173849 ffffcccc06a5c400
5 11175571 aaaa
5 11176207 eb000077738032a1
5 11676711 ea000077730032a1
5 11677230 bbbb
5 11677941 bfbf000700000000
5 11680306 bfbf000800000000
5 11681153 ffffcccc01b2ca00
5 11684735 b000000700000000
5 11686588 bbbb
5 11689210 aaaa
5 11689540 b000000800000000
5 11690504 ffffcccc06a5c400
5 11692449 aaaa
5 11693023 eb000077738032a2
5 12193511 ea000077730032a2
5 12194031 bbbb
5 12194729 bfbf000700000000
5 12196168 bfbf000800000000
5 12196774 ffffcccc01b2ca00
5 12200497 b000000700000000
5 12202080 bbbb
5 13718914 aaaa
5 13719570 b000000800000000
5 13720703 ffffcccc06a5c400
5 13722418 aaaa
5 13723306 eb000077738032a3
5 14223825 ea000077730032a3
5 14224621 bbbb
5 14225340 bfbf000700000000
5 14226939 bfbf000800000000
5 14227504 ffffcccc01b2ca00
5 14231052 b000000700000000
5 14232423 bbbb
5 14235130 aaaa
5 14235640 b000000800000000
5 14236306 ffffcccc06a5c400
5 14238509 aaaa
5 14239087 eb000077738032a4
5 14739577 ea000077730032a4
5 14740081 bbbb
5 14740782 bfbf000700000000
5 14742295 bfbf000800000000
5 14742859 ffffcccc01b2ca00
5 14746431 b000000700000000
5 14747823 bbbb
5 14750395 aaaa
5 14750770 b000000800000000
5 14751426 ffffcccc06a5c400
5 14753642 aaaa
5 14754220 eb000077738032a5
5 15254733 ea000077730032a5
5 15255256 bbbb
5 15255954 bfbf000700000000
5 15257347 bfbf000800000000
5 15258151 ffffcccc01b2ca00
5 15261621 b000000700000000
5 15263108 bbbb
5 15267250 aaaa
5 15267778 b000000800000000
5 15268479 ffffcccc06a5c400
5 15270786 aaaa
5 15271365 eb000077738032a6
5 15771832 ea000077730032a6
5 15772742 bbbb
5 15773450 bfbf000700000000
5 15775126 bfbf000800000000
5 15775693 ffffcccc01b2ca00
5 15779283 b000000700000000
5 15780697 bbbb
5 17812880 aaaa
5 17813419 b000000800000000
5 17814020 ffffcccc06a5c400
5 17815771 aaaa
5 17816404 eb000077738032a7
5 18316879 ea000077730032a7
5 18317397 bbbb
5 18318166 bfbf000700000000
5 18319922 bfbf000800000000
5 18320512 ffffcccc01b2ca00
5 18324061 b000000700000000
5 18325404 bbbb
5 18329335 aaaa
5 18329668 b000000800000000
5 18330841 ffffcccc06a5c400
5 18332582 aaaa
5 18333185 eb000077738032a8
5 18833650 ea000077730032a8
5 18834200 bbbb
5 18834907 bfbf000700000000
5 18836474 bfbf000800000000
5 18837256 ffffcccc01b2ca00
5 18840874 b000000700000000
5 18842332 bbbb
5 18844855 aaaa
5 18845239 b000000800000000
5 18845918 ffffcccc06a5c400
5 18848201 aaaa
5 18848779 eb000077738032a9
5 19349287 ea000077730032a9
5 19349800 bbbb
5 19350507 bfbf000700000000
5 19352065 bfbf000800000000
5 19352635 ffffcccc01b2ca00
5 19356102 b000000700000000
5 19357446 bbbb
5 19361077 aaaa
5 19361869 b000000800000000
5 19362522 ffffcccc06a5c400
5 19364875 aaaa
5 19365452 eb000077738032aa
5 19429900 ffff0001000030ff
5 19865914 ea000077730032aa
5 19866315 bbbb
5 19867828 bfbf000700000000
5 19869415 bfbf000800000000
5 19869793 ffffcccc01b2ca00
5 19873373 b000000700000000
5 19874761 bbbb
# Core 6 LOG DUMP ==================================================
6 988 bbbb
# DCB 6 ffffff0006a5c600 pixels
# DCB 6 ffffff0001b2cc00 monitor
6 2795 ffffcccc01b2cc00
6 5015290 aaaa
6 5015841 b000000800000000
6 5016445 ffffcccc06a5c600
6 5018343 aaaa
6 5019330 eb0000777580371f
6 5519806 ea0000777500371f
6 5520283 bbbb
6 5521044 bfbf000700000000
6 5523786 bfbf000800000000
6 5524424 ffffcccc01b2cc00
6 5527956 b000000700000000
6 5529153 bbbb
6 5535185 aaaa
6 5535787 b000000800000000
6 5536411 ffffcccc06a5c600
6 5538240 aaaa
6 5539140 eb00007775803720
6 6039619 ea00007775003720
6 6040104 bbbb
6 6040993 bfbf000700000000
6 6043420 bfbf000800000000
6 6044056 ffffcccc01b2cc00
6 6047638 b000000700000000
6 6048924 bbbb
6 7081088 aaaa
6 7081414 b000000800000000
6 7082036 ffffcccc06a5c600
6 7084320 aaaa
6 7084894 eb00007775803721
6 7585407 ea00007775003721
6 7585984 bbbb
6 7586722 bfbf000700000000
6 7588403 bfbf000800000000
6 7588803 ffffcccc01b2cc00
6 7592702 b000000700000000
6 7594015 bbbb
6 7595427 aaaa
6 7595811 b000000800000000
6 7596476 ffffcccc06a5c600
6 7598221 aaaa
6 7598799 eb00007775803722
6 8099323 ea00007775003722
6 8099884 bbbb
6 8100602 bfbf000700000000
6 8102047 bfbf000800000000
6 8102824 ffffcccc01b2cc00
6 8106430 b000000700000000
6 8107774 bbbb
6 9109800 aaaa
6 9110140 b000000800000000
6 9110735 ffffcccc06a5c600
6 9112469 aaaa
6 9113111 eb00007775803723
6 9613637 ea00007775003723
6 9614221 bbbb
6 9614953 bfbf000700000000
6 9616371 bfbf000800000000
6 9617014 ffffcccc01b2cc00
6 9620949 b000000700000000
6 9622491 bbbb
6 9626377 aaaa
6 9627008 b000000800000000
6 9627672 ffffcccc06a5c600
6 9629839 aaaa
6 9630447 eb00007775803724
6 10130939 ea00007775003724
6 10131522 bbbb
6 10132286 bfbf000700000000
6 10134166 bfbf000800000000
6 10134937 ffffcccc01b2cc00
6 10138533 b000000700000000
6 10139943 bbbb
6 11173096 aaaa
6 11173825 b000000800000000
6 11174486 ffffcccc06a5c600
6 11176495 aaaa
6 11177098 eb00007775803725
6 11677581 ea00007775003725
6 11678160 bbbb
6 11679532 bfbf000700000000
6 11681514 bfbf000800000000
6 11682156 ffffcccc01b2cc00
6 11685640 b000000700000000
6 11687038 bbbb
6 11689620 aaaa
6 11690082 b000000800000000
6 11690762 ffffcccc06a5c600
6 11692554 aaaa
6 11693176 eb00007775803726
6 12193665 ea00007775003726
6 12194344 bbbb
6 12195062 bfbf000700000000
6 12196743 bfbf000800000000
6 12197500 ffffcccc01b2cc00
6 12201045 b000000700000000
6 12202464 bbbb
6 13203815 aaaa
6 13204152 b000000800000000
6 13204761 ffffcccc06a5c600
6 13206708 aaaa
6 13207289 eb00007775803727
6 13707772 ea00007775003727
6 13708353 bbbb
6 13709086 bfbf000700000000
6 13710743 bfbf000800000000
6 13711528 ffffcccc01b2cc00
6 13715038 b000000700000000
6 13716356 bbbb
6 13719255 aaaa
6 13720004 b000000800000000
6 13720647 ffffcccc06a5c600
6 13722422 aaaa
6 13723047 eb00007775803728
6 14223534 ea00007775003728
6 14224119 bbbb
6 14225368 bfbf000700000000
6 14227477 bfbf000800000000
6 14228098 ffffcccc01b2cc00
6 14231661 b000000700000000
6 14233000 bbbb
6 16234420 ffff0001000030d6
6 17298754 aaaa
6 17299139 b000000800000000
6 17299726 ffffcccc06a5c600
6 17301691 aaaa
6 17302091 eb00007775803729
6 17802618 ea00007775003729
6 17803189 bbbb
6 17804175 bfbf000700000000
6 17805382 bfbf000800000000
6 17806081 ffffcccc01b2cc00
6 17809574 b000000700000000
6 17811150 bbbb
6 17812994 aaaa
6 17813659 b000000800000000
6 17814319 ffffcccc06a5c600
6 17816355 aaaa
6 17816986 eb0000777580372a
6 18317471 ea0000777500372a
6 18318052 bbbb
6 18319263 bfbf000700000000
6 18320638 bfbf000800000000
6 18321274 ffffcccc01b2cc00
6 18324802 b000000700000000
6 18326386 bbbb
# Core 7 LOG DUMP ==================================================
7 287 b000000700000000
# DCB 7 ffffff0006a5c800 pixels
# DCB 7 ffffff0001b2ce00 monitor
7 2761 ffffcccc01b2ce00
7 5070 bbbb
7 5016862 aaaa
7 5017486 b000000800000000
7 5018136 ffffcccc06a5c800
7 5020115 aaaa
7 5020494 eb0000777780352a
7 5520990 ea0000777700352a
7 5522326 bbbb
7 5523323 bfbf000700000000
7 5524945 bfbf000800000000
7 5525412 ffffcccc01b2ce00
7 5529208 b000000700000000
7 5531047 bbbb
7 5536825 aaaa
7 5537248 b000000800000000
7 5537870 ffffcccc06a5c800
7 5539908 aaaa
7 5540272 eb0000777780352b
7 6040735 ea0000777700352b
7 6041956 bbbb
7 6042916 bfbf000700000000
7 6044318 bfbf000800000000
7 6045036 ffffcccc01b2ce00
7 6048862 b000000700000000
7 6050233 bbbb
7 6051964 aaaa
7 6052432 b000000800000000
7 6053116 ffffcccc06a5c800
7 6055114 aaaa
7 6055498 eb0000777780352c
7 6555997 ea0000777700352c
7 6556515 bbbb
7 6557459 bfbf000700000000
7 6558652 bfbf000800000000
7 6559225 ffffcccc01b2ce00
7 6562817 b000000700000000
7 6564145 bbbb
7 6566265 aaaa
7 6566603 b000000800000000
7 6567523 ffffcccc06a5c800
7 6569508 aaaa
7 6569886 eb0000777780352d
7 7070380 ea0000777700352d
7 7070902 bbbb
7 7071848 bfbf000700000000
7 7073137 bfbf000800000000
7 7073701 ffffcccc01b2ce00
7 7077130 b000000700000000
7 7078445 bbbb
7 7081905 aaaa
7 7082332 b000000800000000
7 7082987 ffffcccc06a5c800
7 7084960 aaaa
7 7085346 eb0000777780352e
7 7585867 ea0000777700352e
7 7586391 bbbb
7 7587499 bfbf000700000000
7 7588704 bfbf000800000000
7 7589295 ffffcccc01b2ce00
7 7593134 b000000700000000
7 7594649 bbbb
7 9627493 aaaa
7 9627799 b000000800000000
7 9628407 ffffcccc06a5c800
7 9630378 aaaa
7 9630759 eb0000777780352f
7 10131258 ea0000777700352f
7 10131814 bbbb
7 10133011 bfbf000700000000
7 10134789 bfbf000800000000
7 10135354 ffffcccc01b2ce00
7 10138865 b000000700000000
7 10140199 bbbb
7 10142954 aaaa
7 10143350 b000000800000000
7 10144008 ffffcccc06a5c800
7 10146004 aaaa
7 10146389 eb00007777803530
7 10646906 ea00007777003530
7 10647423 bbbb
7 10648369 bfbf000700000000
7 10649725 bfbf000800000000
7 10650292 ffffcccc01b2ce00
7 10653817 b000000700000000
7 10655123 bbbb
7 10656904 aaaa
7 10657213 b000000800000000
7 10658434 ffffcccc06a5c800
7 10660405 aaaa
7 10660788 eb00007777803531
7 11161250 ea00007777003531
7 11161760 bbbb
7 11162701 bfbf000700000000
7 11163838 bfbf000800000000
7 11164437 ffffcccc01b2ce00
7 11167875 b000000700000000
7 11169294 bbbb
7 11173969 aaaa
7 11174362 b000000800000000
7 11175048 ffffcccc06a5c800
7 11177026 aaaa
7 11177404 eb00007777803532
7 11677887 ea00007777003532
7 11678508 bbbb
7 11679512 bfbf000700000000
7 11681072 bfbf000800000000
7 11681664 ffffcccc01b2ce00
7 11685177 b000000700000000
7 11686813 bbbb
7 11962168 ffff0001000030ac
7 13720675 aaaa
7 13720968 b000000800000000
7 13721866 ffffcccc06a5c800
7 13723587 aaaa
7 13723972 eb00007777803533
7 14224461 ea00007777003533
7 14225110 bbbb
7 14226355 bfbf000700000000
7 14227801 bfbf000800000000
7 14228169 ffffcccc01b2ce00
7 14231967 b000000700000000
7 14233267 bbbb
7 14236224 aaaa
7 14236594 b000000800000000
7 14237514 ffffcccc06a5c800
7 14239274 aaaa
7 14239657 eb00007777803534
7 14740179 ea00007777003534
7 14740711 bbbb
7 14741605 bfbf000700000000
7 14743105 bfbf000800000000
7 14743682 ffffcccc01b2ce00
7 14747467 b000000700000000
7 14748904 bbbb
7 14751234 aaaa
7 14751745 b000000800000000
7 14752646 ffffcccc06a5c800
7 14754385 aaaa
7 14754769 eb00007777803535
7 15255282 ea00007777003535
7 15255798 bbbb
7 15256522 bfbf000700000000
7 15257653 bfbf000800000000
7 15258400 ffffcccc01b2ce00
7 15262104 b000000700000000
7 15263421 bbbb
7 15267753 aaaa
7 15268192 b000000800000000
7 15269127 ffffcccc06a5c800
7 15270840 aaaa
7 15271228 eb00007777803536
7 15771726 ea00007777003536
7 15772251 bbbb
7 15773461 bfbf000700000000
7 15774911 bfbf000800000000
7 15775501 ffffcccc01b2ce00
7 15779304 b000000700000000
7 15780837 bbbb
7 15782979 aaaa
7 15783460 b000000800000000
7 15784377 ffffcccc06a5c800
7 15786089 aaaa
7 15786476 eb00007777803537
7 16286985 ea00007777003537
7 16287494 bbbb
7 16288212 bfbf000700000000
7 16289350 bfbf000800000000
7 16289937 ffffcccc01b2ce00
7 16293650 b000000700000000
7 16295061 bbbb
7 17814163 aaaa
7 17814445 b000000800000000
7 17815281 ffffcccc06a5c800
7 17817219 aaaa
7 17817604 eb00007777803538
7 18318061 ea00007777003538
7 18318778 bbbb
7 18319514 bfbf000700000000
7 18320904 bfbf000800000000
7 18321469 ffffcccc01b2ce00
7 18325329 b000000700000000
7 18326800 bbbb
7 18329597 aaaa
7 18330082 b000000800000000
7 18330983 ffffcccc06a5c800
7 18332721 aaaa
7 18333106 eb00007777803539
7 18833571 ea00007777003539
7 18834157 bbbb
7 18834877 bfbf000700000000
7 18836197 bfbf000800000000
7 18836980 ffffcccc01b2ce00
7 18840689 b000000700000000
7 18841996 bbbb
7 18845592 aaaa
7 18846067 b000000800000000
7 18846967 ffffcccc06a5c800
7 18848679 aaaa
7 18849064 eb0000777780353a
7 19349539 ea0000777700353a
7 19350079 bbbb
7 19350979 bfbf000700000000
7 19352354 bfbf000800000000
7 19352933 ffffcccc01b2ce00
7 19356727 b000000700000000
7 19358134 bbbb
7 19362549 aaaa
7 19362958 b000000800000000
7 19363626 ffffcccc06a5c800
7 19365341 aaaa
7 19365726 eb0000777780353b
7 19866238 ea0000777700353b
7 19866852 bbbb
7 19867571 bfbf000700000000
7 19868884 bfbf000800000000
7 19869469 ffffcccc01b2ce00
7 19873185 b000000700000000
7 19874511 bbbb
7 19876688 aaaa
7 19877135 b000000800000000
7 19878034 ffffcccc06a5c800
7 19879754 aaaa
7 19880132 eb0000777780353c
# Core 8 LOG DUMP ==================================================
# DCB 8 ffffff0006a5ca00 pixels
# DCB 8 ffffff0001b2d000 monitor
8 4010 ffffcccc01b2d000
8 8473355 ffff000100003083
# Core 9 LOG DUMP ==================================================
# DCB 9 ffffff0006a5cc00 pixels
# DCB 9 ffffff0001b2d200 monitor
9 3540 ffffcccc01b2d200
9 3762883 ffff00010000305a
# Core 10 LOG DUMP ==================================================
# DCB 10 ffffff0006a5ce00 pixels
# DCB 10 ffffff0001b2d400 monitor
10 3504 ffffcccc01b2d400
10 46782 ffff000100003031
# Core 11 LOG DUMP ==================================================
# DCB 11 ffffff000713a000 pixels
# DCB 11 ffffff000445a600 e1000n
# DCB 11 ffffff0001b2d600 monitor
11 6762 ffffcccc0445a600
11 7430 ffffcccc01b2d600
11 10382 ffffcccc0445a600
11 20111034 ffff00010000300a
# Core 12 LOG DUMP ==================================================
# DCB 12 ffffff000713a200 pixels
# DCB 12 ffffff0001b2d800 monitor
12 5731 ffffcccc01b2d800
12 17533230 ffff000100002fe1
# Core 13 LOG DUMP ==================================================
# DCB 13 ffffff000713a400 pixels
# DCB 13 ffffff0001b2da00 monitor
13 3808 ffffcccc01b2da00
13 15544711 ffff000100002fb8
# Core 14 LOG DUMP ==================================================
# DCB 14 ffffff000713a600 pixels
# DCB 14 ffffff0001b2dc00 monitor
14 6474 ffffcccc01b2dc00
14 13270793 ffff000100002f8f
# Core 15 LOG DUMP ==================================================
# DCB 15 ffffff000713a800 pixels
# DCB 15 ffffff000445a800 bfscope
# DCB 15 ffffff0001b2de00 monitor
15 5343 ffffcccc0445a800
15 5541 ffffcccc01b2de00
15 8605 ffffcccc0445a800
15 6530991 ffff000100002f47
15 6531450 ffffcccc01b2de00
15 6534112 ffffcccc0445a800
