# Core 0 LOG DUMP ==================================================
0 0 1234000000000001
# DCB 0 ffffff00071dca00 fish
# DCB 0 ffffff0004257a00 pixels
# DCB 0 ffffff0004257400 serial
# DCB 0 ffffff0004257200 pci
# DCB 0 ffffff0004257000 skb
# DCB 0 ffffff0001b29000 chips
# DCB 0 ffffff0001e06000 mem_serv
# DCB 0 ffffff0001e06200 monitor
0 9114 ffffcccc071dca00
0 9302 ffffcccc01e06200
0 14945 bbbb
0 19345 bbbb
0 21865 bbbb
0 24113 bbbb
0 26302 bbbb
0 28595 bbbb
0 31054 bbbb
0 33313 bbbb
0 35618 bbbb
0 37787 bbbb
0 40271 bbbb
0 42558 bbbb
0 44739 bbbb
0 46998 bbbb
0 49413 bbbb
0 51652 bbbb
0 53807 bbbb
0 56047 bbbb
0 58506 bbbb
0 60745 bbbb
0 62955 bbbb
0 65179 bbbb
0 67582 bbbb
0 69819 bbbb
0 71976 bbbb
0 74216 bbbb
0 76642 bbbb
0 78885 bbbb
0 81054 bbbb
0 83286 bbbb
0 85703 bbbb
0 87950 bbbb
0 90096 bbbb
0 92335 bbbb
0 94738 bbbb
0 96988 bbbb
0 99133 bbbb
0 101334 bbbb
0 103748 bbbb
0 105991 bbbb
0 108138 bbbb
0 110376 bbbb
0 112801 bbbb
0 115051 bbbb
0 117200 bbbb
0 119441 bbbb
0 121838 bbbb
0 124038 bbbb
0 126185 bbbb
0 128424 bbbb
0 130847 bbbb
0 133057 bbbb
0 135204 bbbb
0 137443 bbbb
0 139851 bbbb
0 142089 bbbb
0 144257 bbbb
0 146497 bbbb
0 148916 bbbb
0 151155 bbbb
0 153293 bbbb
0 155551 bbbb
0 157946 bbbb
0 160179 bbbb
0 162362 bbbb
0 164603 bbbb
0 167069 bbbb
0 169311 bbbb
0 171463 bbbb
0 173694 bbbb
0 176110 bbbb
0 178357 bbbb
0 180517 bbbb
0 182774 bbbb
0 185239 bbbb
0 187479 bbbb
0 189628 bbbb
0 191868 bbbb
0 194265 bbbb
0 196502 bbbb
0 198645 bbbb
0 200884 bbbb
0 203319 bbbb
0 205561 bbbb
0 207707 bbbb
0 209957 bbbb
0 212367 bbbb
0 214627 bbbb
0 216774 bbbb
0 219012 bbbb
0 221422 bbbb
0 223666 bbbb
0 225814 bbbb
0 228056 bbbb
0 230475 bbbb
0 232722 bbbb
0 234868 bbbb
0 237076 bbbb
0 239504 bbbb
0 241744 bbbb
0 243889 bbbb
0 246090 bbbb
0 248472 bbbb
0 250725 bbbb
0 252871 bbbb
0 255111 bbbb
0 257513 bbbb
0 259751 bbbb
0 261897 bbbb
0 264099 bbbb
0 266562 bbbb
0 268800 bbbb
0 270940 bbbb
0 273181 bbbb
0 275697 bbbb
0 277850 bbbb
0 280126 bbbb
0 282271 bbbb
0 284757 bbbb
0 287015 bbbb
0 289165 bbbb
0 291412 bbbb
0 293830 bbbb
0 296068 bbbb
0 298210 bbbb
0 300449 bbbb
0 302866 bbbb
0 305097 bbbb
0 307247 bbbb
0 309487 bbbb
0 311919 bbbb
0 314166 bbbb
0 316320 bbbb
0 318577 bbbb
0 320990 bbbb
0 323229 bbbb
0 325378 bbbb
0 327611 bbbb
0 330181 bbbb
0 332322 bbbb
0 334542 bbbb
0 336690 bbbb
0 339180 bbbb
0 341337 bbbb
0 343586 bbbb
0 345755 bbbb
0 348250 bbbb
0 350404 bbbb
0 352618 bbbb
0 354764 bbbb
0 357253 bbbb
0 359399 bbbb
0 361639 bbbb
0 363789 bbbb
0 366294 bbbb
0 368444 bbbb
0 370685 bbbb
0 372831 bbbb
0 375320 bbbb
0 377523 bbbb
0 379758 bbbb
0 381893 bbbb
0 384394 bbbb
0 386582 bbbb
0 388827 bbbb
0 390976 bbbb
0 393492 bbbb
0 395655 bbbb
0 397912 bbbb
0 400065 bbbb
0 402580 bbbb
0 404778 bbbb
0 406989 bbbb
0 409144 bbbb
0 411654 bbbb
0 413815 bbbb
0 416058 bbbb
0 418214 bbbb
0 420714 bbbb
0 422866 bbbb
0 425117 bbbb
0 427389 bbbb
0 429799 bbbb
0 432040 bbbb
0 434189 bbbb
0 436431 bbbb
0 438862 bbbb
0 441106 bbbb
0 443255 bbbb
0 445496 bbbb
0 447905 bbbb
0 450141 bbbb
0 452338 bbbb
0 454558 bbbb
0 456966 bbbb
0 459205 bbbb
0 461353 bbbb
0 463606 bbbb
0 466158 bbbb
0 468307 bbbb
0 470549 bbbb
0 472693 bbbb
0 475197 bbbb
0 477349 bbbb
0 479590 bbbb
0 481740 bbbb
0 484231 bbbb
0 486380 bbbb
0 488623 bbbb
0 490766 bbbb
0 493285 bbbb
0 495437 bbbb
0 497677 bbbb
0 499822 bbbb
0 502308 bbbb
0 504506 bbbb
0 506746 bbbb
0 508893 bbbb
0 511392 bbbb
0 513528 bbbb
0 515765 bbbb
0 518035 bbbb
0 520449 bbbb
0 522698 bbbb
0 524881 bbbb
0 527154 bbbb
0 529588 bbbb
0 531850 bbbb
0 534015 bbbb
0 536276 bbbb
0 538726 bbbb
0 540936 bbbb
0 543081 bbbb
0 545307 bbbb
0 547737 bbbb
0 549976 bbbb
0 552127 bbbb
0 554373 bbbb
0 556776 bbbb
0 559019 bbbb
0 561198 bbbb
0 563438 bbbb
0 566032 bbbb
0 568180 bbbb
0 570361 bbbb
0 572637 bbbb
0 574992 bbbb
0 577156 bbbb
0 579403 bbbb
0 581521 bbbb
0 583949 bbbb
0 586203 bbbb
0 588308 bbbb
0 590463 bbbb
0 592968 bbbb
0 595105 bbbb
0 597265 bbbb
0 599542 bbbb
0 601930 bbbb
0 604091 bbbb
0 606339 bbbb
0 608487 bbbb
0 610890 bbbb
0 613186 bbbb
0 615299 bbbb
0 617469 bbbb
0 619988 bbbb
0 622112 bbbb
0 624262 bbbb
0 626513 bbbb
0 628890 bbbb
0 631044 bbbb
0 633295 bbbb
0 635413 bbbb
0 637833 bbbb
0 640074 bbbb
0 642235 bbbb
0 644484 bbbb
0 646863 bbbb
0 649029 bbbb
0 651272 bbbb
0 653394 bbbb
0 655791 bbbb
0 658030 bbbb
0 660191 bbbb
0 662437 bbbb
0 664833 bbbb
0 666954 bbbb
0 669198 bbbb
0 671330 bbbb
0 673770 bbbb
0 676026 bbbb
0 678197 bbbb
0 680434 bbbb
0 682846 bbbb
0 685118 bbbb
0 687238 bbbb
0 689404 bbbb
0 691899 bbbb
0 694027 bbbb
0 696187 bbbb
0 698443 bbbb
0 700832 bbbb
0 702996 bbbb
0 705241 bbbb
0 707366 bbbb
0 709767 bbbb
0 712011 bbbb
0 714132 bbbb
0 716287 bbbb
0 718808 bbbb
0 720966 bbbb
0 723121 bbbb
0 725364 bbbb
0 727764 bbbb
0 729933 bbbb
0 732169 bbbb
0 734341 bbbb
0 736852 bbbb
0 739049 bbbb
0 741232 bbbb
0 743485 bbbb
0 745897 bbbb
0 748074 bbbb
0 750325 bbbb
0 752433 bbbb
0 754855 bbbb
0 757161 bbbb
0 759298 bbbb
0 761486 bbbb
0 764043 bbbb
0 766165 bbbb
0 768321 bbbb
0 770555 bbbb
0 772948 bbbb
0 775090 bbbb
0 777370 bbbb
0 779497 bbbb
0 781909 bbbb
0 784146 bbbb
0 786268 bbbb
0 788431 bbbb
0 790941 bbbb
0 793116 bbbb
0 795361 bbbb
0 797512 bbbb
0 799947 bbbb
0 802200 bbbb
0 804341 bbbb
0 806517 bbbb
0 809028 bbbb
0 811146 bbbb
0 813304 bbbb
0 815547 bbbb
0 817942 bbbb
0 820090 bbbb
0 822372 bbbb
0 824497 bbbb
0 826915 bbbb
0 829153 bbbb
0 831298 bbbb
0 833455 bbbb
0 835980 bbbb
0 838114 bbbb
0 840280 bbbb
0 842530 bbbb
0 844908 bbbb
0 847064 bbbb
0 849315 bbbb
0 851441 bbbb
0 853861 bbbb
0 856134 bbbb
0 858262 bbbb
0 860425 bbbb
0 862918 bbbb
0 865050 bbbb
0 867208 bbbb
0 869452 bbbb
0 871888 bbbb
0 874089 bbbb
0 876380 bbbb
0 878540 bbbb
0 880956 bbbb
0 883202 bbbb
0 885327 bbbb
0 887509 bbbb
0 889995 bbbb
0 892131 bbbb
0 894280 bbbb
0 896529 bbbb
0 898887 bbbb
0 901060 bbbb
0 903332 bbbb
0 905454 bbbb
0 907844 bbbb
0 910103 bbbb
0 912232 bbbb
0 914378 bbbb
0 916877 bbbb
0 918996 bbbb
0 921154 bbbb
0 923398 bbbb
0 925762 bbbb
0 927922 bbbb
0 930168 bbbb
0 932329 bbbb
0 934845 bbbb
0 936970 bbbb
0 939127 bbbb
0 941374 bbbb
0 943776 bbbb
0 946019 bbbb
0 948177 bbbb
0 950331 bbbb
0 952809 bbbb
0 954933 bbbb
0 957091 bbbb
0 959337 bbbb
0 961777 bbbb
0 963931 bbbb
0 966177 bbbb
0 968330 bbbb
0 970877 bbbb
0 973002 bbbb
0 975157 bbbb
0 977404 bbbb
0 979852 bbbb
0 982137 bbbb
0 984259 bbbb
0 986412 bbbb
0 988907 bbbb
0 991029 bbbb
0 993175 bbbb
0 995461 bbbb
0 997870 bbbb
0 1000056 bbbb
0 1002307 bbbb
0 1004419 bbbb
0 1006833 bbbb
0 1009084 bbbb
0 1011202 bbbb
0 1013367 bbbb
0 1015900 bbbb
0 1018021 bbbb
0 1020190 bbbb
0 1022434 bbbb
0 1024828 bbbb
0 1026988 bbbb
0 1029232 bbbb
0 1031413 bbbb
0 1033930 bbbb
0 1036050 bbbb
0 1038199 bbbb
0 1040478 bbbb
0 1042858 bbbb
0 1044985 bbbb
0 1047243 bbbb
0 1049419 bbbb
0 1051987 bbbb
0 1054110 bbbb
0 1056262 bbbb
0 1058526 bbbb
0 1060929 bbbb
0 1063122 bbbb
0 1065399 bbbb
0 1067562 bbbb
0 1069990 bbbb
0 1072235 bbbb
0 1074363 bbbb
0 1076519 bbbb
0 1079001 bbbb
0 1081150 bbbb
0 1083327 bbbb
0 1085573 bbbb
0 1087933 bbbb
0 1090098 bbbb
0 1092342 bbbb
0 1094465 bbbb
0 1096864 bbbb
0 1099111 bbbb
0 1101233 bbbb
0 1103386 bbbb
0 1105861 bbbb
0 1108026 bbbb
0 1110271 bbbb
0 1112388 bbbb
0 1114772 bbbb
0 1117017 bbbb
0 1119170 bbbb
0 1121323 bbbb
0 1123804 bbbb
0 1125922 bbbb
0 1128044 bbbb
0 1130295 bbbb
0 1132646 bbbb
0 1134778 bbbb
0 1137018 bbbb
0 1139128 bbbb
0 1141708 bbbb
0 1143895 bbbb
0 1146161 bbbb
0 1148337 bbbb
0 1150831 bbbb
0 1152986 bbbb
0 1155250 bbbb
0 1157401 bbbb
0 1159933 bbbb
0 1162104 bbbb
0 1164364 bbbb
0 1166548 bbbb
0 1169058 bbbb
0 1171210 bbbb
0 1173468 bbbb
0 1175625 bbbb
0 1178120 bbbb
0 1180266 bbbb
0 1182523 bbbb
0 1184670 bbbb
0 1187192 bbbb
0 1189332 bbbb
0 1191595 bbbb
0 1193753 bbbb
0 1196239 bbbb
0 1198377 bbbb
0 1200636 bbbb
0 1202789 bbbb
0 1205334 bbbb
0 1207486 bbbb
0 1209747 bbbb
0 1211888 bbbb
0 1214429 bbbb
0 1216577 bbbb
0 1218835 bbbb
0 1220981 bbbb
0 1223475 bbbb
0 1225629 bbbb
0 1227886 bbbb
0 1230035 bbbb
0 1232538 bbbb
0 1234724 bbbb
0 1236983 bbbb
0 1239125 bbbb
0 1241610 bbbb
0 1243914 bbbb
0 1246101 bbbb
0 1248363 bbbb
0 1250779 bbbb
0 1253037 bbbb
0 1255189 bbbb
0 1257415 bbbb
0 1259831 bbbb
0 1262057 bbbb
0 1264353 bbbb
0 1266518 bbbb
0 1269052 bbbb
0 1271197 bbbb
0 1273456 bbbb
0 1275597 bbbb
0 1278084 bbbb
0 1280235 bbbb
0 1282500 bbbb
0 1284651 bbbb
0 1287168 bbbb
0 1289316 bbbb
0 1291572 bbbb
0 1293720 bbbb
0 1296235 bbbb
0 1298379 bbbb
0 1300637 bbbb
0 1302779 bbbb
0 1305315 bbbb
0 1307496 bbbb
0 1309773 bbbb
0 1311925 bbbb
0 1314436 bbbb
0 1316578 bbbb
0 1318834 bbbb
0 1320988 bbbb
0 1323534 bbbb
0 1325686 bbbb
0 1327919 bbbb
0 1330080 bbbb
0 1332600 bbbb
0 1334748 bbbb
0 1337023 bbbb
0 1339195 bbbb
0 1341706 bbbb
0 1343854 bbbb
0 1346108 bbbb
0 1348267 bbbb
0 1350766 bbbb
0 1352909 bbbb
0 1355178 bbbb
0 1357324 bbbb
0 1359860 bbbb
0 1362013 bbbb
0 1364239 bbbb
0 1366385 bbbb
0 1368884 bbbb
0 1371030 bbbb
0 1373289 bbbb
0 1375437 bbbb
0 1377921 bbbb
0 1380073 bbbb
0 1382340 bbbb
0 1384486 bbbb
0 1386969 bbbb
0 1389118 bbbb
0 1391367 bbbb
0 1393610 bbbb
0 1396000 bbbb
0 1398264 bbbb
0 1400420 bbbb
0 1402678 bbbb
0 1405098 bbbb
0 1407350 bbbb
0 1409502 bbbb
0 1411762 bbbb
0 1414175 bbbb
0 1416443 bbbb
0 1418608 bbbb
0 1420854 bbbb
0 1423280 bbbb
0 1425543 bbbb
0 1427729 bbbb
0 1429999 bbbb
0 1432417 bbbb
0 1434682 bbbb
0 1436832 bbbb
0 1439084 bbbb
0 1441513 bbbb
0 1443794 bbbb
0 1446003 bbbb
0 1448285 bbbb
0 1450800 bbbb
0 1453082 bbbb
0 1455261 bbbb
0 1457545 bbbb
0 1459987 bbbb
0 1462212 bbbb
0 1464359 bbbb
0 1466617 bbbb
0 1469040 bbbb
0 1471299 bbbb
0 1473447 bbbb
0 1475703 bbbb
0 1478113 bbbb
0 1480359 bbbb
0 1482654 bbbb
0 1484804 bbbb
0 1487300 bbbb
0 1489450 bbbb
0 1491712 bbbb
0 1493861 bbbb
0 1496337 bbbb
0 1498502 bbbb
0 1500780 bbbb
0 1503068 bbbb
0 1505473 bbbb
0 1507730 bbbb
0 1509891 bbbb
0 1512148 bbbb
0 1514524 bbbb
0 1516790 bbbb
0 1518933 bbbb
0 1521194 bbbb
0 1523592 bbbb
0 1525847 bbbb
0 1527997 bbbb
0 1530259 bbbb
0 1532782 bbbb
0 1534932 bbbb
0 1537184 bbbb
0 1539336 bbbb
0 1541874 bbbb
0 1544022 bbbb
0 1546277 bbbb
0 1548429 bbbb
0 1550926 bbbb
0 1553083 bbbb
0 1555323 bbbb
0 1557472 bbbb
0 1559980 bbbb
0 1562134 bbbb
0 1564396 bbbb
0 1566573 bbbb
0 1569096 bbbb
0 1571284 bbbb
0 1573534 bbbb
0 1575829 bbbb
0 1578218 bbbb
0 1580493 bbbb
0 1582642 bbbb
0 1584902 bbbb
0 1587280 bbbb
0 1589537 bbbb
0 1591677 bbbb
0 1593907 bbbb
0 1596336 bbbb
0 1598594 bbbb
0 1600746 bbbb
0 1603012 bbbb
0 1605453 bbbb
0 1607708 bbbb
0 1609851 bbbb
0 1612113 bbbb
0 1614505 bbbb
0 1616762 bbbb
0 1618900 bbbb
0 1621172 bbbb
0 1623557 bbbb
0 1625816 bbbb
0 1627962 bbbb
0 1630225 bbbb
0 1632656 bbbb
0 1634913 bbbb
0 1637068 bbbb
0 1639327 bbbb
0 1641736 bbbb
0 1643994 bbbb
0 1646161 bbbb
0 1648410 bbbb
0 1650799 bbbb
0 1653054 bbbb
0 1655199 bbbb
0 1657458 bbbb
0 1659837 bbbb
0 1662094 bbbb
0 1664240 bbbb
0 1666499 bbbb
0 1668892 bbbb
0 1671170 bbbb
0 1673318 bbbb
0 1675579 bbbb
0 1677956 bbbb
0 1680214 bbbb
0 1682354 bbbb
0 1684614 bbbb
0 1687018 bbbb
0 1689277 bbbb
0 1691419 bbbb
0 1693677 bbbb
0 1696061 bbbb
0 1698314 bbbb
0 1700465 bbbb
0 1702723 bbbb
0 1705180 bbbb
0 1707437 bbbb
0 1709579 bbbb
0 1711841 bbbb
0 1714243 bbbb
0 1716500 bbbb
0 1718646 bbbb
0 1720918 bbbb
0 1723512 bbbb
0 1725637 bbbb
0 1727796 bbbb
0 1730076 bbbb
0 1732464 bbbb
0 1734621 bbbb
0 1736872 bbbb
0 1739036 bbbb
0 1741515 bbbb
0 1743633 bbbb
0 1745787 bbbb
0 1748031 bbbb
0 1750428 bbbb
0 1752582 bbbb
0 1754809 bbbb
0 1756932 bbbb
0 1759316 bbbb
0 1761603 bbbb
0 1763726 bbbb
0 1765856 bbbb
0 1768375 bbbb
0 1770509 bbbb
0 1772662 bbbb
0 1774926 bbbb
0 1777315 bbbb
0 1779471 bbbb
0 1781718 bbbb
0 1783852 bbbb
0 1786273 bbbb
0 1788517 bbbb
0 1790653 bbbb
0 1792815 bbbb
0 1795350 bbbb
0 1797466 bbbb
0 1799632 bbbb
0 1801885 bbbb
0 1804269 bbbb
0 1806423 bbbb
0 1808668 bbbb
0 1810797 bbbb
0 1813237 bbbb
0 1815475 bbbb
0 1817625 bbbb
0 1819926 bbbb
0 1822317 bbbb
0 1824478 bbbb
0 1826726 bbbb
0 1828849 bbbb
0 1831290 bbbb
0 1833565 bbbb
0 1835689 bbbb
0 1837854 bbbb
0 1840407 bbbb
0 1842590 bbbb
0 1844789 bbbb
0 1847094 bbbb
0 1849566 bbbb
0 1851721 bbbb
0 1853970 bbbb
0 1856108 bbbb
0 1858484 bbbb
0 1860733 bbbb
0 1862851 bbbb
0 1865005 bbbb
0 1867484 bbbb
0 1869610 bbbb
0 1871753 bbbb
0 1874002 bbbb
0 1876359 bbbb
0 1878537 bbbb
0 1880773 bbbb
0 1882897 bbbb
0 1885327 bbbb
0 1887580 bbbb
0 1889709 bbbb
0 1891858 bbbb
0 1894377 bbbb
0 1896499 bbbb
0 1898655 bbbb
0 1900912 bbbb
0 1903317 bbbb
0 1905474 bbbb
0 1907722 bbbb
0 1909867 bbbb
0 1912308 bbbb
0 1914576 bbbb
0 1916718 bbbb
0 1918884 bbbb
0 1921430 bbbb
0 1923556 bbbb
0 1925717 bbbb
0 1927962 bbbb
0 1930369 bbbb
0 1932523 bbbb
0 1934769 bbbb
0 1936895 bbbb
0 1939305 bbbb
0 1941576 bbbb
0 1943700 bbbb
0 1945855 bbbb
0 1948372 bbbb
0 1950495 bbbb
0 1952671 bbbb
0 1954919 bbbb
0 1957333 bbbb
0 1959487 bbbb
0 1961737 bbbb
0 1963864 bbbb
0 1966287 bbbb
0 1968553 bbbb
0 1970680 bbbb
0 1972829 bbbb
0 1975377 bbbb
0 1977507 bbbb
0 1979688 bbbb
0 1981939 bbbb
0 1984294 bbbb
0 1986457 bbbb
0 1988701 bbbb
0 1990822 bbbb
0 1993241 bbbb
0 1995523 bbbb
0 1997640 bbbb
0 1999806 bbbb
0 2002284 bbbb
0 2004415 bbbb
0 2006591 bbbb
0 2008852 bbbb
0 2011263 bbbb
0 2013423 bbbb
0 2015692 bbbb
0 2017821 bbbb
0 2020241 bbbb
0 2022496 bbbb
0 2024620 bbbb
0 2026775 bbbb
0 2029312 bbbb
0 2031460 bbbb
0 2033646 bbbb
0 2035928 bbbb
0 2038351 bbbb
0 2040513 bbbb
0 2042767 bbbb
0 2044890 bbbb
0 2047309 bbbb
0 2049557 bbbb
0 2051680 bbbb
0 2053833 bbbb
0 2056303 bbbb
0 2058460 bbbb
0 2060623 bbbb
0 2062877 bbbb
0 2065246 bbbb
0 2067400 bbbb
0 2069653 bbbb
0 2071784 bbbb
0 2074161 bbbb
0 2076403 bbbb
0 2078518 bbbb
0 2080674 bbbb
0 2083154 bbbb
0 2085320 bbbb
0 2087474 bbbb
0 2089716 bbbb
0 2092063 bbbb
0 2094206 bbbb
0 2096463 bbbb
0 2098579 bbbb
0 2100980 bbbb
0 2103224 bbbb
0 2105337 bbbb
0 2107510 bbbb
0 2109982 bbbb
0 2112102 bbbb
0 2114262 bbbb
0 2116514 bbbb
0 2118919 bbbb
0 2121086 bbbb
0 2123363 bbbb
0 2125478 bbbb
0 2127864 bbbb
0 2130111 bbbb
0 2132240 bbbb
0 2134382 bbbb
0 2136935 bbbb
0 2139061 bbbb
0 2141218 bbbb
0 2143472 bbbb
0 2145834 bbbb
0 2147980 bbbb
0 2150229 bbbb
0 2152359 bbbb
0 2154737 bbbb
0 2156981 bbbb
0 2159104 bbbb
0 2161258 bbbb
0 2163733 bbbb
0 2165871 bbbb
0 2168035 bbbb
0 2170288 bbbb
0 2172641 bbbb
0 2174808 bbbb
0 2177055 bbbb
0 2179180 bbbb
0 2181556 bbbb
0 2183830 bbbb
0 2185961 bbbb
0 2188129 bbbb
0 2190613 bbbb
0 2192725 bbbb
0 2194882 bbbb
0 2197120 bbbb
0 2199516 bbbb
0 2201762 bbbb
0 2203890 bbbb
0 2206044 bbbb
0 2208520 bbbb
0 2210644 bbbb
0 2212773 bbbb
0 2215018 bbbb
0 2217373 bbbb
0 2219502 bbbb
0 2221755 bbbb
0 2223907 bbbb
0 2226314 bbbb
0 2228564 bbbb
0 2230691 bbbb
0 2232849 bbbb
0 2235325 bbbb
0 2237454 bbbb
0 2239602 bbbb
0 2241880 bbbb
0 2244244 bbbb
0 2246405 bbbb
0 2248654 bbbb
0 2250774 bbbb
0 2253154 bbbb
0 2255404 bbbb
0 2257537 bbbb
0 2259723 bbbb
0 2262209 bbbb
0 2264342 bbbb
0 2266507 bbbb
0 2268750 bbbb
0 2271109 bbbb
0 2273266 bbbb
0 2275519 bbbb
0 2277641 bbbb
0 2280029 bbbb
0 2282259 bbbb
0 2284372 bbbb
0 2286526 bbbb
0 2289006 bbbb
0 2291137 bbbb
0 2293296 bbbb
0 2295545 bbbb
0 2298088 bbbb
0 2300334 bbbb
0 2302630 bbbb
0 2304805 bbbb
0 2307231 bbbb
0 2309482 bbbb
0 2311624 bbbb
0 2313784 bbbb
0 2316263 bbbb
0 2318377 bbbb
0 2320530 bbbb
0 2322778 bbbb
0 2325145 bbbb
0 2327290 bbbb
0 2329573 bbbb
0 2331690 bbbb
0 2334054 bbbb
0 2336307 bbbb
0 2338426 bbbb
0 2340589 bbbb
0 2343089 bbbb
0 2345211 bbbb
0 2347366 bbbb
0 2349616 bbbb
0 2351991 bbbb
0 2354144 bbbb
0 2356385 bbbb
0 2358509 bbbb
0 2360878 bbbb
0 2363171 bbbb
0 2365293 bbbb
0 2367455 bbbb
0 2369932 bbbb
0 2372053 bbbb
0 2374211 bbbb
0 2376469 bbbb
0 2378823 bbbb
0 2380978 bbbb
0 2383245 bbbb
0 2385367 bbbb
0 2387749 bbbb
0 2389990 bbbb
0 2392112 bbbb
0 2394268 bbbb
0 2396751 bbbb
0 2398912 bbbb
0 2401196 bbbb
0 2403325 bbbb
0 2405686 bbbb
0 2407932 bbbb
0 2410069 bbbb
0 2412231 bbbb
0 2414740 bbbb
0 2416860 bbbb
0 2419024 bbbb
0 2421268 bbbb
0 2423637 bbbb
0 2425792 bbbb
0 2428038 bbbb
0 2430166 bbbb
0 2432550 bbbb
0 2434800 bbbb
0 2436944 bbbb
0 2439102 bbbb
0 2441612 bbbb
0 2443732 bbbb
0 2445916 bbbb
0 2448163 bbbb
0 2450515 bbbb
0 2452672 bbbb
0 2454918 bbbb
0 2457047 bbbb
0 2459452 bbbb
0 2461696 bbbb
0 2463811 bbbb
0 2465977 bbbb
0 2468500 bbbb
0 2470633 bbbb
0 2472787 bbbb
0 2475043 bbbb
0 2477452 bbbb
0 2479609 bbbb
0 2481873 bbbb
0 2483997 bbbb
0 2486397 bbbb
0 2488641 bbbb
0 2490771 bbbb
0 2492926 bbbb
0 2495417 bbbb
0 2497579 bbbb
0 2499747 bbbb
0 2501985 bbbb
0 2504407 bbbb
0 2506649 bbbb
0 2508765 bbbb
0 2510907 bbbb
0 2513451 bbbb
0 2515585 bbbb
0 2517739 bbbb
0 2519993 bbbb
0 2522380 bbbb
0 2524537 bbbb
0 2526835 bbbb
0 2528949 bbbb
0 2531360 bbbb
0 2533612 bbbb
0 2535733 bbbb
0 2537914 bbbb
0 2540416 bbbb
0 2542579 bbbb
0 2544816 bbbb
0 2546942 bbbb
0 2549322 bbbb
0 2551568 bbbb
0 2553690 bbbb
0 2555854 bbbb
0 2558323 bbbb
0 2560449 bbbb
0 2562624 bbbb
0 2564869 bbbb
0 2567277 bbbb
0 2569518 bbbb
0 2571640 bbbb
0 2573798 bbbb
0 2576290 bbbb
0 2578412 bbbb
0 2580557 bbbb
0 2582809 bbbb
0 2585181 bbbb
0 2587324 bbbb
0 2589608 bbbb
0 2591731 bbbb
0 2594115 bbbb
0 2596383 bbbb
0 2598507 bbbb
0 2600670 bbbb
0 2603147 bbbb
0 2605268 bbbb
0 2607415 bbbb
0 2609694 bbbb
0 2612084 bbbb
0 2614259 bbbb
0 2616559 bbbb
0 2618691 bbbb
0 2621092 bbbb
0 2623376 bbbb
0 2625502 bbbb
0 2627669 bbbb
0 2630138 bbbb
0 2632273 bbbb
0 2634428 bbbb
0 2636695 bbbb
0 2639061 bbbb
0 2641225 bbbb
0 2643464 bbbb
0 2645631 bbbb
0 2648100 bbbb
0 2650214 bbbb
0 2652374 bbbb
0 2654610 bbbb
0 2657019 bbbb
0 2659272 bbbb
0 2661445 bbbb
0 2663681 bbbb
0 2666063 bbbb
0 2668216 bbbb
0 2670517 bbbb
0 2672650 bbbb
0 2675036 bbbb
0 2677295 bbbb
0 2679415 bbbb
0 2681568 bbbb
0 2684065 bbbb
0 2686189 bbbb
0 2688354 bbbb
0 2690598 bbbb
0 2692962 bbbb
0 2695127 bbbb
0 2697372 bbbb
0 2699529 bbbb
0 2701918 bbbb
0 2704160 bbbb
0 2706278 bbbb
0 2708436 bbbb
0 2710923 bbbb
0 2713056 bbbb
0 2715215 bbbb
0 2717460 bbbb
0 2719823 bbbb
0 2722005 bbbb
0 2724247 bbbb
0 2726383 bbbb
0 2728775 bbbb
0 2731021 bbbb
0 2733150 bbbb
0 2735329 bbbb
0 2737809 bbbb
0 2739925 bbbb
0 2742067 bbbb
0 2744348 bbbb
0 2746738 bbbb
0 2748892 bbbb
0 2751136 bbbb
0 2753254 bbbb
0 2755625 bbbb
0 2757870 bbbb
0 2760000 bbbb
0 2762179 bbbb
0 2764705 bbbb
0 2766868 bbbb
0 2769113 bbbb
0 2771242 bbbb
0 2773658 bbbb
0 2775894 bbbb
0 2778061 bbbb
0 2780348 bbbb
0 2782735 bbbb
0 2784895 bbbb
0 2787142 bbbb
0 2789295 bbbb
0 2791807 bbbb
0 2793925 bbbb
0 2796079 bbbb
0 2798323 bbbb
0 2800715 bbbb
0 2802872 bbbb
0 2805116 bbbb
0 2807232 bbbb
0 2809640 bbbb
0 2811892 bbbb
0 2814034 bbbb
0 2816169 bbbb
0 2818685 bbbb
0 2820847 bbbb
0 2823094 bbbb
0 2825255 bbbb
0 2827753 bbbb
0 2829898 bbbb
0 2832049 bbbb
0 2834345 bbbb
0 2836732 bbbb
0 2838886 bbbb
0 2841131 bbbb
0 2843254 bbbb
0 2845623 bbbb
0 2847856 bbbb
0 2850019 bbbb
0 2852174 bbbb
0 2854651 bbbb
0 2856781 bbbb
0 2858929 bbbb
0 2861168 bbbb
0 2863526 bbbb
0 2865691 bbbb
0 2867924 bbbb
0 2870038 bbbb
0 2872629 bbbb
0 2874802 bbbb
0 2877071 bbbb
0 2879391 bbbb
0 2881784 bbbb
0 2884046 bbbb
0 2886196 bbbb
0 2888463 bbbb
0 2890856 bbbb
0 2893109 bbbb
0 2895257 bbbb
0 2897490 bbbb
0 2899870 bbbb
0 2902127 bbbb
0 2904280 bbbb
0 2906506 bbbb
0 2908900 bbbb
0 2911164 bbbb
0 2913314 bbbb
0 2915552 bbbb
0 2917930 bbbb
0 2920179 bbbb
0 2922321 bbbb
0 2924579 bbbb
0 2926966 bbbb
0 2929226 bbbb
0 2931379 bbbb
0 2933638 bbbb
0 2936020 bbbb
0 2938269 bbbb
0 2940464 bbbb
0 2942742 bbbb
0 2945152 bbbb
0 2947405 bbbb
0 2949570 bbbb
0 2951832 bbbb
0 2954223 bbbb
0 2956485 bbbb
0 2958634 bbbb
0 2960861 bbbb
0 2963259 bbbb
0 2965507 bbbb
0 2967655 bbbb
0 2969913 bbbb
0 2972299 bbbb
0 2974524 bbbb
0 2976675 bbbb
0 2978930 bbbb
0 2981332 bbbb
0 2983597 bbbb
0 2985755 bbbb
0 2988012 bbbb
0 2990391 bbbb
0 2992647 bbbb
0 2994795 bbbb
0 2997052 bbbb
0 2999451 bbbb
0 3001707 bbbb
0 3003855 bbbb
0 3006114 bbbb
0 3008493 bbbb
0 3010752 bbbb
0 3012894 bbbb
0 3015148 bbbb
0 3017551 bbbb
0 3019808 bbbb
0 3021958 bbbb
0 3024217 bbbb
0 3026605 bbbb
0 3028864 bbbb
0 3031024 bbbb
0 3033249 bbbb
0 3035643 bbbb
0 3037900 bbbb
0 3040044 bbbb
0 3042294 bbbb
0 3044837 bbbb
0 3046973 bbbb
0 3049239 bbbb
0 3051380 bbbb
0 3053881 bbbb
0 3056026 bbbb
0 3058290 bbbb
0 3060441 bbbb
0 3062946 bbbb
0 3065114 bbbb
0 3067375 bbbb
0 3069522 bbbb
0 3071990 bbbb
0 3074134 bbbb
0 3076391 bbbb
0 3078523 bbbb
0 3081010 bbbb
0 3083158 bbbb
0 3085414 bbbb
0 3087553 bbbb
0 3090047 bbbb
0 3092198 bbbb
0 3094464 bbbb
0 3096616 bbbb
0 3099106 bbbb
0 3101252 bbbb
0 3103509 bbbb
0 3105662 bbbb
0 3108165 bbbb
0 3110313 bbbb
0 3112574 bbbb
0 3114723 bbbb
0 3117198 bbbb
0 3119467 bbbb
0 3121619 bbbb
0 3123880 bbbb
0 3126271 bbbb
0 3128537 bbbb
0 3130683 bbbb
0 3132942 bbbb
0 3135342 bbbb
0 3137590 bbbb
0 3139744 bbbb
0 3142014 bbbb
0 3144553 bbbb
0 3146852 bbbb
0 3149004 bbbb
0 3151260 bbbb
0 3153659 bbbb
0 3155920 bbbb
0 3158076 bbbb
0 3160344 bbbb
0 3162727 bbbb
0 3164964 bbbb
0 3167143 bbbb
0 3169417 bbbb
0 3171800 bbbb
0 3174076 bbbb
0 3176221 bbbb
0 3178480 bbbb
0 3180858 bbbb
0 3183115 bbbb
0 3185266 bbbb
0 3187526 bbbb
0 3189915 bbbb
0 3192174 bbbb
0 3194316 bbbb
0 3196587 bbbb
0 3198996 bbbb
0 3201255 bbbb
0 3203433 bbbb
0 3205690 bbbb
0 3208077 bbbb
0 3210333 bbbb
0 3212481 bbbb
0 3214735 bbbb
0 3217110 bbbb
0 3219340 bbbb
0 3221488 bbbb
0 3223746 bbbb
0 3226125 bbbb
0 3228392 bbbb
0 3230680 bbbb
0 3232847 bbbb
0 3235333 bbbb
0 3237483 bbbb
0 3239731 bbbb
0 3241867 bbbb
0 3244356 bbbb
0 3246500 bbbb
0 3248768 bbbb
0 3250924 bbbb
0 3253423 bbbb
0 3255565 bbbb
0 3257822 bbbb
0 3259956 bbbb
0 3262443 bbbb
0 3264592 bbbb
0 3266840 bbbb
0 3268989 bbbb
0 3271486 bbbb
0 3273630 bbbb
0 3275878 bbbb
0 3278029 bbbb
0 3280524 bbbb
0 3282710 bbbb
0 3284959 bbbb
0 3287250 bbbb
0 3289635 bbbb
0 3291894 bbbb
0 3294040 bbbb
0 3296266 bbbb
0 3298636 bbbb
0 3300915 bbbb
0 3303067 bbbb
0 3305326 bbbb
0 3307711 bbbb
0 3309987 bbbb
0 3312146 bbbb
0 3314400 bbbb
0 3316785 bbbb
0 3319042 bbbb
0 3321180 bbbb
0 3323434 bbbb
0 3325829 bbbb
0 3328087 bbbb
0 3330235 bbbb
0 3332490 bbbb
0 3334888 bbbb
0 3337146 bbbb
0 3339306 bbbb
0 3341581 bbbb
0 3343991 bbbb
0 3346250 bbbb
0 3348398 bbbb
0 3350653 bbbb
0 3353061 bbbb
0 3355323 bbbb
0 3357460 bbbb
0 3359688 bbbb
0 3362107 bbbb
0 3364357 bbbb
0 3366510 bbbb
0 3368768 bbbb
0 3371179 bbbb
0 3373438 bbbb
0 3375596 bbbb
0 3377855 bbbb
0 3380258 bbbb
0 3382517 bbbb
0 3384661 bbbb
0 3386920 bbbb
0 3389295 bbbb
0 3391554 bbbb
0 3393702 bbbb
0 3395962 bbbb
0 3398348 bbbb
0 3400596 bbbb
0 3402751 bbbb
0 3405008 bbbb
0 3407389 bbbb
0 3409665 bbbb
0 3411807 bbbb
0 3414046 bbbb
0 3416443 bbbb
0 3418725 bbbb
0 3420877 bbbb
0 3423136 bbbb
0 3425658 bbbb
0 3427806 bbbb
0 3430060 bbbb
0 3432353 bbbb
0 3434746 bbbb
0 3437003 bbbb
0 3439139 bbbb
0 3441405 bbbb
0 3443784 bbbb
0 3446032 bbbb
0 3448184 bbbb
0 3450441 bbbb
0 3453034 bbbb
0 3455195 bbbb
0 3457494 bbbb
0 3459613 bbbb
0 3462019 bbbb
0 3464280 bbbb
0 3466405 bbbb
0 3468562 bbbb
0 3471043 bbbb
0 3473202 bbbb
0 3475357 bbbb
0 3477610 bbbb
0 3480003 bbbb
0 3482164 bbbb
0 3484408 bbbb
0 3486571 bbbb
0 3489068 bbbb
0 3491226 bbbb
0 3493382 bbbb
0 3495647 bbbb
0 3497999 bbbb
0 3500161 bbbb
0 3502420 bbbb
0 3504582 bbbb
0 3507106 bbbb
0 3509235 bbbb
0 3511390 bbbb
0 3513638 bbbb
0 3515989 bbbb
0 3518129 bbbb
0 3520373 bbbb
0 3522549 bbbb
0 3525068 bbbb
0 3527250 bbbb
0 3529524 bbbb
0 3531661 bbbb
0 3534049 bbbb
0 3536323 bbbb
0 3538452 bbbb
0 3540604 bbbb
0 3543087 bbbb
0 3545213 bbbb
0 3547363 bbbb
0 3549651 bbbb
0 3552021 bbbb
0 3554175 bbbb
0 3556462 bbbb
0 3558595 bbbb
0 3560989 bbbb
0 3563233 bbbb
0 3565355 bbbb
0 3567512 bbbb
0 3569967 bbbb
0 3572087 bbbb
0 3574228 bbbb
0 3576483 bbbb
0 3578892 bbbb
0 3581138 bbbb
0 3583273 bbbb
0 3585413 bbbb
0 3587890 bbbb
0 3590014 bbbb
0 3592161 bbbb
0 3594405 bbbb
0 3596798 bbbb
0 3598938 bbbb
0 3601228 bbbb
0 3603350 bbbb
0 3605734 bbbb
0 3607981 bbbb
0 3610104 bbbb
0 3612262 bbbb
0 3614729 bbbb
0 3616888 bbbb
0 3619041 bbbb
0 3621312 bbbb
0 3623683 bbbb
0 3625844 bbbb
0 3628114 bbbb
0 3630241 bbbb
0 3632626 bbbb
0 3634872 bbbb
0 3637001 bbbb
0 3639173 bbbb
0 3641683 bbbb
0 3643819 bbbb
0 3645975 bbbb
0 3648240 bbbb
0 3650617 bbbb
0 3652779 bbbb
0 3655035 bbbb
0 3657207 bbbb
0 3659704 bbbb
0 3661825 bbbb
0 3663991 bbbb
0 3666235 bbbb
0 3668603 bbbb
0 3670726 bbbb
0 3672959 bbbb
0 3675081 bbbb
0 3677465 bbbb
0 3679719 bbbb
0 3681842 bbbb
0 3684006 bbbb
0 3686504 bbbb
0 3688624 bbbb
0 3690781 bbbb
0 3693025 bbbb
0 3695389 bbbb
0 3697531 bbbb
0 3699814 bbbb
0 3701932 bbbb
0 3704308 bbbb
0 3706590 bbbb
0 3708711 bbbb
0 3710862 bbbb
0 3713339 bbbb
0 3715461 bbbb
0 3717619 bbbb
0 3719893 bbbb
0 3722257 bbbb
0 3724378 bbbb
0 3726626 bbbb
0 3728748 bbbb
0 3731137 bbbb
0 3733373 bbbb
0 3735499 bbbb
0 3737623 bbbb
0 3740131 bbbb
0 3742265 bbbb
0 3744446 bbbb
0 3746700 bbbb
0 3749053 bbbb
0 3751212 bbbb
0 3753477 bbbb
0 3755606 bbbb
0 3758005 bbbb
0 3760255 bbbb
0 3762376 bbbb
0 3764549 bbbb
0 3767028 bbbb
0 3769151 bbbb
0 3771307 bbbb
0 3773569 bbbb
0 3775932 bbbb
0 3778087 bbbb
0 3780325 bbbb
0 3782486 bbbb
0 3784995 bbbb
0 3787165 bbbb
0 3789415 bbbb
0 3791536 bbbb
0 3793924 bbbb
0 3796166 bbbb
0 3798286 bbbb
0 3800434 bbbb
0 3802934 bbbb
0 3805054 bbbb
0 3807226 bbbb
0 3809472 bbbb
0 3811836 bbbb
0 3813977 bbbb
0 3816223 bbbb
0 3818353 bbbb
0 3820761 bbbb
0 3823007 bbbb
0 3825121 bbbb
0 3827305 bbbb
0 3829795 bbbb
0 3831909 bbbb
0 3834087 bbbb
0 3836340 bbbb
0 3838701 bbbb
0 3840843 bbbb
0 3843124 bbbb
0 3845248 bbbb
0 3847646 bbbb
0 3849898 bbbb
0 3852013 bbbb
0 3854156 bbbb
0 3856664 bbbb
0 3858790 bbbb
0 3860953 bbbb
0 3863198 bbbb
0 3865564 bbbb
0 3867680 bbbb
0 3869925 bbbb
0 3872050 bbbb
0 3874414 bbbb
0 3876661 bbbb
0 3878785 bbbb
0 3880941 bbbb
0 3883443 bbbb
0 3885571 bbbb
0 3887700 bbbb
0 3889935 bbbb
0 3892287 bbbb
0 3894449 bbbb
0 3896695 bbbb
0 3898822 bbbb
0 3901217 bbbb
0 3903499 bbbb
0 3905615 bbbb
0 3907777 bbbb
0 3910250 bbbb
0 3912360 bbbb
0 3914529 bbbb
0 3916804 bbbb
0 3919183 bbbb
0 3921360 bbbb
0 3923607 bbbb
0 3925777 bbbb
0 3928246 bbbb
0 3930381 bbbb
0 3932536 bbbb
0 3934812 bbbb
0 3937181 bbbb
0 3939327 bbbb
0 3941571 bbbb
0 3943705 bbbb
0 3946078 bbbb
0 3948329 bbbb
0 3950455 bbbb
0 3952587 bbbb
0 3955078 bbbb
0 3957190 bbbb
0 3959355 bbbb
0 3961604 bbbb
0 3963963 bbbb
0 3966108 bbbb
0 3968362 bbbb
0 3970488 bbbb
0 3972874 bbbb
0 3975112 bbbb
0 3977281 bbbb
0 3979571 bbbb
0 3981937 bbbb
0 3984099 bbbb
0 3986353 bbbb
0 3988476 bbbb
0 3990862 bbbb
0 3993106 bbbb
0 3995229 bbbb
0 3997377 bbbb
0 3999864 bbbb
0 4002023 bbbb
0 4004176 bbbb
0 4006436 bbbb
0 4008802 bbbb
0 4010952 bbbb
0 4013194 bbbb
0 4015318 bbbb
0 4017709 bbbb
0 4019955 bbbb
0 4022066 bbbb
0 4024225 bbbb
0 4026802 bbbb
0 4028926 bbbb
0 4031122 bbbb
0 4033329 bbbb
0 4035685 bbbb
0 4037892 bbbb
0 4040094 bbbb
0 4042226 bbbb
0 4044664 bbbb
0 4046862 bbbb
0 4048984 bbbb
0 4051183 bbbb
0 4053620 bbbb
0 4055747 bbbb
0 4057949 bbbb
0 4060152 bbbb
0 4062516 bbbb
0 4064674 bbbb
0 4066879 bbbb
0 4069009 bbbb
0 4071468 bbbb
0 4073676 bbbb
0 4075804 bbbb
0 4078004 bbbb
0 4080444 bbbb
0 4082568 bbbb
0 4084732 bbbb
0 4086934 bbbb
0 4089290 bbbb
0 4091482 bbbb
0 4093687 bbbb
0 4095815 bbbb
0 4098288 bbbb
0 4100500 bbbb
0 4102621 bbbb
0 4104816 bbbb
0 4107246 bbbb
0 4109368 bbbb
0 4111603 bbbb
0 4113814 bbbb
0 4116183 bbbb
0 4118367 bbbb
0 4120591 bbbb
0 4122812 bbbb
0 4125244 bbbb
0 4127360 bbbb
0 4129573 bbbb
0 4131777 bbbb
0 4134141 bbbb
0 4136335 bbbb
0 4138542 bbbb
0 4140660 bbbb
0 4143048 bbbb
0 4145249 bbbb
0 4147364 bbbb
0 4149560 bbbb
0 4152000 bbbb
0 4154107 bbbb
0 4156300 bbbb
0 4158502 bbbb
0 4160853 bbbb
0 4163047 bbbb
0 4165252 bbbb
0 4167393 bbbb
0 4169832 bbbb
0 4172028 bbbb
0 4174246 bbbb
0 4176454 bbbb
0 4178811 bbbb
0 4181008 bbbb
0 4183213 bbbb
0 4185327 bbbb
0 4187750 bbbb
0 4189954 bbbb
0 4192061 bbbb
0 4194258 bbbb
0 4196725 bbbb
0 4198944 bbbb
0 4201151 bbbb
0 4203375 bbbb
0 4205882 bbbb
0 4208088 bbbb
0 4210293 bbbb
0 4212418 bbbb
0 4214876 bbbb
0 4217103 bbbb
0 4219231 bbbb
0 4221441 bbbb
0 4223884 bbbb
0 4225999 bbbb
0 4228188 bbbb
0 4230434 bbbb
0 4232813 bbbb
0 4235025 bbbb
0 4237228 bbbb
0 4239364 bbbb
0 4241796 bbbb
0 4244001 bbbb
0 4246192 bbbb
0 4248430 bbbb
0 4250784 bbbb
0 4252988 bbbb
0 4255184 bbbb
0 4257378 bbbb
0 4259803 bbbb
0 4261925 bbbb
0 4264119 bbbb
0 4266330 bbbb
0 4268697 bbbb
0 4270899 bbbb
0 4273094 bbbb
0 4275200 bbbb
0 4277626 bbbb
0 4279858 bbbb
0 4281985 bbbb
0 4284184 bbbb
0 4286644 bbbb
0 4288767 bbbb
0 4290982 bbbb
0 4293190 bbbb
0 4295551 bbbb
0 4297756 bbbb
0 4299961 bbbb
0 4302079 bbbb
0 4304493 bbbb
0 4306725 bbbb
0 4308850 bbbb
0 4311052 bbbb
0 4313514 bbbb
0 4315738 bbbb
0 4317955 bbbb
0 4320081 bbbb
0 4322532 bbbb
0 4324739 bbbb
0 4326869 bbbb
0 4329066 bbbb
0 4331524 bbbb
0 4333729 bbbb
0 4335941 bbbb
0 4338070 bbbb
0 4340502 bbbb
0 4342713 bbbb
0 4344845 bbbb
0 4347034 bbbb
0 4349523 bbbb
0 4351639 bbbb
0 4353834 bbbb
0 4356038 bbbb
0 4358409 bbbb
0 4360597 bbbb
0 4362799 bbbb
0 4364919 bbbb
0 4367347 bbbb
0 4369552 bbbb
0 4371679 bbbb
0 4373879 bbbb
0 4376336 bbbb
0 4378462 bbbb
0 4380631 bbbb
0 4382844 bbbb
0 4385239 bbbb
0 4387440 bbbb
0 4389646 bbbb
0 4391776 bbbb
0 4394205 bbbb
0 4396412 bbbb
0 4398534 bbbb
0 4400741 bbbb
0 4403214 bbbb
0 4405336 bbbb
0 4407546 bbbb
0 4409741 bbbb
0 4412122 bbbb
0 4414326 bbbb
0 4416523 bbbb
0 4418725 bbbb
0 4421180 bbbb
0 4423290 bbbb
0 4425484 bbbb
0 4427690 bbbb
0 4430068 bbbb
0 4432263 bbbb
0 4434471 bbbb
0 4436605 bbbb
0 4439023 bbbb
0 4441227 bbbb
0 4443350 bbbb
0 4445547 bbbb
0 4447978 bbbb
0 4450104 bbbb
0 4452277 bbbb
0 4454482 bbbb
0 4456846 bbbb
0 4459045 bbbb
0 4461252 bbbb
0 4463404 bbbb
0 4465827 bbbb
0 4468035 bbbb
0 4470176 bbbb
0 4472371 bbbb
0 4474842 bbbb
0 4476964 bbbb
0 4479160 bbbb
0 4481373 bbbb
0 4483753 bbbb
0 4485946 bbbb
0 4488168 bbbb
0 4490290 bbbb
0 4492725 bbbb
0 4494918 bbbb
0 4497079 bbbb
0 4499273 bbbb
0 4501742 bbbb
0 4503856 bbbb
0 4506040 bbbb
0 4508299 bbbb
0 4510687 bbbb
0 4512852 bbbb
0 4515054 bbbb
0 4517168 bbbb
0 4519618 bbbb
0 4521821 bbbb
0 4523944 bbbb
0 4526149 bbbb
0 4528593 bbbb
0 4530715 bbbb
0 4532884 bbbb
0 4535116 bbbb
0 4537471 bbbb
0 4539682 bbbb
0 4541898 bbbb
0 4544020 bbbb
0 4546498 bbbb
0 4548702 bbbb
0 4550842 bbbb
0 4553033 bbbb
0 4555489 bbbb
0 4557610 bbbb
0 4559809 bbbb
0 4562013 bbbb
0 4564369 bbbb
0 4566551 bbbb
0 4568794 bbbb
0 4570925 bbbb
0 4573402 bbbb
0 4575633 bbbb
0 4577778 bbbb
0 4580023 bbbb
0 4582525 bbbb
0 4584643 bbbb
0 4586846 bbbb
0 4589050 bbbb
0 4591435 bbbb
0 4593627 bbbb
0 4595829 bbbb
0 4597958 bbbb
0 4600458 bbbb
0 4602711 bbbb
0 4604944 bbbb
0 4607181 bbbb
0 4609645 bbbb
0 4611844 bbbb
0 4614007 bbbb
0 4616222 bbbb
0 4618658 bbbb
0 4620820 bbbb
0 4623036 bbbb
0 4625213 bbbb
0 4627641 bbbb
0 4629844 bbbb
0 4632007 bbbb
0 4634163 bbbb
0 4636640 bbbb
0 4638829 bbbb
0 4640986 bbbb
0 4643197 bbbb
0 4645625 bbbb
0 4647784 bbbb
0 4649988 bbbb
0 4652141 bbbb
0 4654543 bbbb
0 4656748 bbbb
0 4658917 bbbb
0 4661068 bbbb
0 4663543 bbbb
0 4665726 bbbb
0 4667890 bbbb
0 4670086 bbbb
0 4672509 bbbb
0 4674651 bbbb
0 4676862 bbbb
0 4679030 bbbb
0 4681427 bbbb
0 4683685 bbbb
0 4685832 bbbb
0 4687992 bbbb
0 4690501 bbbb
0 4692678 bbbb
0 4694847 bbbb
0 4697051 bbbb
0 4699480 bbbb
0 4701658 bbbb
0 4703865 bbbb
0 4706012 bbbb
0 4708440 bbbb
0 4710646 bbbb
0 4712810 bbbb
0 4714971 bbbb
0 4717476 bbbb
0 4719639 bbbb
0 4721791 bbbb
0 4723997 bbbb
0 4726438 bbbb
0 4728594 bbbb
0 4730803 bbbb
0 4732979 bbbb
0 4735392 bbbb
0 4737595 bbbb
0 4739758 bbbb
0 4741914 bbbb
0 4744388 bbbb
0 4746578 bbbb
0 4748742 bbbb
0 4750938 bbbb
0 4753399 bbbb
0 4755557 bbbb
0 4757796 bbbb
0 4759972 bbbb
0 4762411 bbbb
0 4764649 bbbb
0 4766811 bbbb
0 4768972 bbbb
0 4771444 bbbb
0 4773607 bbbb
0 4775788 bbbb
0 4778010 bbbb
0 4780449 bbbb
0 4782618 bbbb
0 4784815 bbbb
0 4786984 bbbb
0 4789408 bbbb
0 4791620 bbbb
0 4793803 bbbb
0 4795992 bbbb
0 4798501 bbbb
0 4800670 bbbb
0 4802848 bbbb
0 4805057 bbbb
0 4807480 bbbb
0 4809630 bbbb
0 4811833 bbbb
0 4813986 bbbb
0 4816409 bbbb
0 4818613 bbbb
0 4820775 bbbb
0 4822926 bbbb
0 4825372 bbbb
0 4827562 bbbb
0 4829719 bbbb
0 4831953 bbbb
0 4834393 bbbb
0 4836553 bbbb
0 4838758 bbbb
0 4840942 bbbb
0 4843359 bbbb
0 4845589 bbbb
0 4847758 bbbb
0 4849922 bbbb
0 4852415 bbbb
0 4854579 bbbb
0 4856721 bbbb
0 4858957 bbbb
0 4861361 bbbb
0 4863514 bbbb
0 4865724 bbbb
0 4867888 bbbb
0 4870321 bbbb
0 4872535 bbbb
0 4874698 bbbb
0 4876870 bbbb
0 4879362 bbbb
0 4881523 bbbb
0 4883686 bbbb
0 4885897 bbbb
0 4888289 bbbb
0 4890442 bbbb
0 4892652 bbbb
0 4894830 bbbb
0 4897248 bbbb
0 4899462 bbbb
0 4901628 bbbb
0 4903782 bbbb
0 4906261 bbbb
0 4908434 bbbb
0 4910598 bbbb
0 4912800 bbbb
0 4915257 bbbb
0 4917415 bbbb
0 4919618 bbbb
0 4921781 bbbb
0 4924212 bbbb
0 4926413 bbbb
0 4928576 bbbb
0 4930716 bbbb
0 4933192 bbbb
0 4935358 bbbb
0 4937531 bbbb
0 4939738 bbbb
0 4942161 bbbb
0 4944332 bbbb
0 4946529 bbbb
0 4948707 bbbb
0 4951125 bbbb
0 4953328 bbbb
0 4955494 bbbb
0 4957653 bbbb
0 4960135 bbbb
0 4962296 bbbb
0 4964450 bbbb
0 4966665 bbbb
0 4969090 bbbb
0 4971253 bbbb
0 4973473 bbbb
0 4975645 bbbb
0 4978057 bbbb
0 4980281 bbbb
0 4982443 bbbb
0 4984598 bbbb
0 4987075 bbbb
0 4989236 bbbb
0 4991378 bbbb
0 4993619 bbbb
0 4996047 bbbb
0 4998216 bbbb
0 5000458 bbbb
0 5002620 bbbb
0 5005054 bbbb
0 5007270 bbbb
0 5009450 bbbb
0 5011621 bbbb
0 5014120 bbbb
0 5016287 bbbb
0 5018441 bbbb
0 5020655 bbbb
0 5023087 bbbb
0 5025242 bbbb
0 5027465 bbbb
0 5029642 bbbb
0 5032076 bbbb
0 5034273 bbbb
0 5036440 bbbb
0 5038602 bbbb
0 5041067 bbbb
0 5043226 bbbb
0 5045386 bbbb
0 5047618 bbbb
0 5050051 bbbb
0 5052206 bbbb
0 5054412 bbbb
0 5056591 bbbb
0 5059033 bbbb
0 5061235 bbbb
0 5063394 bbbb
0 5065567 bbbb
0 5068048 bbbb
0 5070235 bbbb
0 5072389 bbbb
0 5074592 bbbb
0 5077011 bbbb
0 5079166 bbbb
0 5081384 bbbb
0 5083542 bbbb
0 5085976 bbbb
0 5088181 bbbb
0 5090351 bbbb
0 5092473 bbbb
0 5094928 bbbb
0 5097082 bbbb
0 5099236 bbbb
0 5101443 bbbb
0 5103883 bbbb
0 5106037 bbbb
0 5108245 bbbb
0 5110400 bbbb
0 5112807 bbbb
0 5115010 bbbb
0 5117171 bbbb
0 5119323 bbbb
0 5121812 bbbb
0 5123976 bbbb
0 5126133 bbbb
0 5128336 bbbb
0 5130760 bbbb
0 5132904 bbbb
0 5135142 bbbb
0 5137299 bbbb
0 5139717 bbbb
0 5141975 bbbb
0 5144161 bbbb
0 5146342 bbbb
0 5148811 bbbb
0 5150976 bbbb
0 5153113 bbbb
0 5155318 bbbb
0 5157761 bbbb
0 5159904 bbbb
0 5162136 bbbb
0 5164294 bbbb
0 5166711 bbbb
0 5168928 bbbb
0 5171090 bbbb
0 5173249 bbbb
0 5175758 bbbb
0 5177961 bbbb
0 5180154 bbbb
0 5182345 bbbb
0 5184750 bbbb
0 5186967 bbbb
0 5189118 bbbb
0 5191288 bbbb
0 5193766 bbbb
0 5195938 bbbb
0 5198110 bbbb
0 5200309 bbbb
0 5202731 bbbb
0 5204905 bbbb
0 5207115 bbbb
0 5209288 bbbb
0 5211725 bbbb
0 5213929 bbbb
0 5216068 bbbb
0 5218282 bbbb
0 5220760 bbbb
0 5222926 bbbb
0 5225130 bbbb
0 5227342 bbbb
0 5229754 bbbb
0 5231941 bbbb
0 5234123 bbbb
0 5236274 bbbb
0 5238697 bbbb
0 5240918 bbbb
0 5243062 bbbb
0 5245259 bbbb
0 5247739 bbbb
0 5249891 bbbb
0 5252069 bbbb
0 5254283 bbbb
0 5256691 bbbb
0 5258913 bbbb
0 5261137 bbbb
0 5263263 bbbb
0 5265699 bbbb
0 5267902 bbbb
0 5270082 bbbb
0 5272256 bbbb
0 5274707 bbbb
0 5276875 bbbb
0 5279049 bbbb
0 5281249 bbbb
0 5283661 bbbb
0 5285833 bbbb
0 5288035 bbbb
0 5290186 bbbb
0 5292627 bbbb
0 5294837 bbbb
0 5296987 bbbb
0 5299157 bbbb
0 5301630 bbbb
0 5303778 bbbb
0 5305946 bbbb
0 5308134 bbbb
0 5310544 bbbb
0 5312698 bbbb
0 5314865 bbbb
0 5316998 bbbb
0 5319438 bbbb
0 5321639 bbbb
0 5323790 bbbb
0 5325954 bbbb
0 5328405 bbbb
0 5330559 bbbb
0 5332732 bbbb
0 5334937 bbbb
0 5337338 bbbb
0 5339542 bbbb
0 5341744 bbbb
0 5343889 bbbb
0 5346364 bbbb
0 5348592 bbbb
0 5350754 bbbb
0 5352946 bbbb
0 5355445 bbbb
0 5357598 bbbb
0 5359768 bbbb
0 5361939 bbbb
0 5364363 bbbb
0 5366542 bbbb
0 5368749 bbbb
0 5370926 bbbb
0 5373391 bbbb
0 5375586 bbbb
0 5377753 bbbb
0 5379928 bbbb
0 5382365 bbbb
0 5384544 bbbb
0 5386755 bbbb
0 5388944 bbbb
0 5391358 bbbb
0 5393532 bbbb
0 5395731 bbbb
0 5397889 bbbb
0 5400309 bbbb
0 5402509 bbbb
0 5404664 bbbb
0 5406836 bbbb
0 5409299 bbbb
0 5411459 bbbb
0 5413639 bbbb
0 5415856 bbbb
0 5418268 bbbb
0 5420444 bbbb
0 5422646 bbbb
0 5424801 bbbb
0 5427220 bbbb
0 5429408 bbbb
0 5431575 bbbb
0 5433797 bbbb
0 5436283 bbbb
0 5438434 bbbb
0 5440582 bbbb
0 5442781 bbbb
0 5445204 bbbb
0 5447374 bbbb
0 5449582 bbbb
0 5451732 bbbb
0 5454175 bbbb
0 5456389 bbbb
0 5458540 bbbb
0 5460743 bbbb
0 5463218 bbbb
0 5465368 bbbb
0 5467539 bbbb
0 5469745 bbbb
0 5472176 bbbb
0 5474353 bbbb
0 5476557 bbbb
0 5478710 bbbb
0 5481173 bbbb
0 5483409 bbbb
0 5485594 bbbb
0 5487867 bbbb
0 5490319 bbbb
0 5492469 bbbb
0 5494639 bbbb
0 5496849 bbbb
0 5499238 bbbb
0 5501413 bbbb
0 5503612 bbbb
0 5505777 bbbb
0 5508238 bbbb
0 5510441 bbbb
0 5512591 bbbb
0 5514761 bbbb
0 5517194 bbbb
0 5519328 bbbb
0 5521492 bbbb
0 5523696 bbbb
0 5526094 bbbb
0 5528248 bbbb
0 5530459 bbbb
0 5532619 bbbb
0 5535048 bbbb
0 5537255 bbbb
0 5539408 bbbb
0 5541582 bbbb
0 5544030 bbbb
0 5546201 bbbb
0 5548371 bbbb
0 5550575 bbbb
0 5552967 bbbb
0 5555138 bbbb
0 5557348 bbbb
0 5559500 bbbb
0 5561921 bbbb
0 5564149 bbbb
0 5566288 bbbb
0 5568464 bbbb
0 5570956 bbbb
0 5573098 bbbb
0 5575297 bbbb
0 5577518 bbbb
0 5579923 bbbb
0 5582093 bbbb
0 5584297 bbbb
0 5586436 bbbb
0 5588912 bbbb
0 5591113 bbbb
0 5593266 bbbb
0 5595441 bbbb
0 5597926 bbbb
0 5600106 bbbb
0 5602311 bbbb
0 5604526 bbbb
0 5606942 bbbb
0 5609127 bbbb
0 5611326 bbbb
0 5613480 bbbb
0 5615921 bbbb
0 5618112 bbbb
0 5620277 bbbb
0 5622453 bbbb
0 5624938 bbbb
0 5627101 bbbb
0 5629323 bbbb
0 5631545 bbbb
0 5633959 bbbb
0 5636127 bbbb
0 5638315 bbbb
0 5640502 bbbb
0 5642941 bbbb
0 5645162 bbbb
0 5647330 bbbb
0 5649502 bbbb
0 5651962 bbbb
0 5654129 bbbb
0 5656303 bbbb
0 5658507 bbbb
0 5660942 bbbb
0 5663182 bbbb
0 5665381 bbbb
0 5667534 bbbb
0 5669988 bbbb
0 5672237 bbbb
0 5674408 bbbb
0 5676610 bbbb
0 5679051 bbbb
0 5681203 bbbb
0 5683378 bbbb
0 5685591 bbbb
0 5687970 bbbb
0 5690130 bbbb
0 5692330 bbbb
0 5694505 bbbb
0 5696926 bbbb
0 5699146 bbbb
0 5701297 bbbb
0 5703465 bbbb
0 5705896 bbbb
0 5708048 bbbb
0 5710198 bbbb
0 5712406 bbbb
0 5714834 bbbb
0 5717007 bbbb
0 5719198 bbbb
0 5721357 bbbb
0 5723759 bbbb
0 5725960 bbbb
0 5728083 bbbb
0 5730244 bbbb
0 5732681 bbbb
0 5734831 bbbb
0 5736999 bbbb
0 5739207 bbbb
0 5741581 bbbb
0 5743750 bbbb
0 5745980 bbbb
0 5748132 bbbb
0 5750706 bbbb
0 5752891 bbbb
0 5755068 bbbb
0 5757305 bbbb
0 5759723 bbbb
0 5761861 bbbb
0 5764113 bbbb
0 5766288 bbbb
0 5768692 bbbb
0 5770940 bbbb
0 5773080 bbbb
0 5775210 bbbb
0 5777700 bbbb
0 5779894 bbbb
0 5782027 bbbb
0 5784274 bbbb
0 5786667 bbbb
0 5788803 bbbb
0 5791047 bbbb
0 5793221 bbbb
0 5795633 bbbb
0 5797877 bbbb
0 5800023 bbbb
0 5802152 bbbb
0 5804628 bbbb
0 5806767 bbbb
0 5808912 bbbb
0 5811153 bbbb
0 5813577 bbbb
0 5815732 bbbb
0 5817978 bbbb
0 5820124 bbbb
0 5822682 bbbb
0 5824838 bbbb
0 5826967 bbbb
0 5829217 bbbb
0 5831611 bbbb
0 5833742 bbbb
0 5835989 bbbb
0 5838139 bbbb
0 5840510 bbbb
0 5842752 bbbb
0 5844915 bbbb
0 5847157 bbbb
0 5849587 bbbb
0 5851726 bbbb
0 5853985 bbbb
0 5856153 bbbb
0 5858516 bbbb
0 5860767 bbbb
0 5862917 bbbb
0 5865054 bbbb
0 5867578 bbbb
0 5869725 bbbb
0 5871855 bbbb
0 5874106 bbbb
0 5876544 bbbb
0 5878677 bbbb
0 5880918 bbbb
0 5883076 bbbb
0 5885574 bbbb
0 5887734 bbbb
0 5889864 bbbb
0 5892108 bbbb
0 5894501 bbbb
0 5896642 bbbb
0 5898874 bbbb
0 5901024 bbbb
0 5903404 bbbb
0 5905643 bbbb
0 5907785 bbbb
0 5909890 bbbb
0 5912410 bbbb
0 5914563 bbbb
0 5916693 bbbb
0 5918934 bbbb
0 5921339 bbbb
0 5923482 bbbb
0 5925730 bbbb
0 5927888 bbbb
0 5930293 bbbb
0 5932534 bbbb
0 5934685 bbbb
0 5936810 bbbb
0 5939327 bbbb
0 5941478 bbbb
0 5943615 bbbb
0 5945860 bbbb
0 5948239 bbbb
0 5950382 bbbb
0 5952623 bbbb
0 5954774 bbbb
0 5957141 bbbb
0 5959366 bbbb
0 5961530 bbbb
0 5963657 bbbb
0 5966185 bbbb
0 5968338 bbbb
0 5970471 bbbb
0 5972726 bbbb
0 5975168 bbbb
0 5977299 bbbb
0 5979546 bbbb
0 5981710 bbbb
0 5984080 bbbb
0 5986292 bbbb
0 5988447 bbbb
0 5990558 bbbb
0 5993023 bbbb
0 5995150 bbbb
0 5997280 bbbb
0 5999513 bbbb
0 6001899 bbbb
0 6004147 bbbb
0 6006296 bbbb
0 6008445 bbbb
0 6010954 bbbb
0 6013108 bbbb
0 6015256 bbbb
0 6017514 bbbb
0 6019942 bbbb
0 6022073 bbbb
0 6024317 bbbb
0 6026479 bbbb
0 6028846 bbbb
0 6031075 bbbb
0 6033262 bbbb
0 6035404 bbbb
0 6037927 bbbb
0 6040085 bbbb
0 6042223 bbbb
0 6044457 bbbb
0 6046920 bbbb
0 6049087 bbbb
0 6051351 bbbb
0 6053535 bbbb
0 6056020 bbbb
0 6058303 bbbb
0 6060480 bbbb
0 6062645 bbbb
0 6065188 bbbb
0 6067383 bbbb
0 6069539 bbbb
0 6071773 bbbb
0 6074220 bbbb
0 6076361 bbbb
0 6078625 bbbb
0 6080794 bbbb
0 6083192 bbbb
0 6085432 bbbb
0 6087587 bbbb
0 6089716 bbbb
0 6092193 bbbb
0 6094363 bbbb
0 6096612 bbbb
0 6098762 bbbb
0 6101266 bbbb
0 6103425 bbbb
0 6105553 bbbb
0 6107797 bbbb
0 6110183 bbbb
0 6112316 bbbb
0 6114568 bbbb
0 6116719 bbbb
0 6119094 bbbb
0 6121345 bbbb
0 6123492 bbbb
0 6125621 bbbb
0 6128101 bbbb
0 6130248 bbbb
0 6132387 bbbb
0 6134628 bbbb
0 6137030 bbbb
0 6139174 bbbb
0 6141418 bbbb
0 6143581 bbbb
0 6145975 bbbb
0 6148219 bbbb
0 6150375 bbbb
0 6152509 bbbb
0 6154980 bbbb
0 6157132 bbbb
0 6159265 bbbb
0 6161505 bbbb
0 6163880 bbbb
0 6166146 bbbb
0 6168323 bbbb
0 6170458 bbbb
0 6172965 bbbb
0 6175116 bbbb
0 6177251 bbbb
0 6179504 bbbb
0 6181897 bbbb
0 6184022 bbbb
0 6186269 bbbb
0 6188425 bbbb
0 6190788 bbbb
0 6193021 bbbb
0 6195190 bbbb
0 6197438 bbbb
0 6199861 bbbb
0 6201991 bbbb
0 6204235 bbbb
0 6206374 bbbb
0 6208905 bbbb
0 6211090 bbbb
0 6213211 bbbb
0 6215457 bbbb
0 6217837 bbbb
0 6219975 bbbb
0 6222214 bbbb
0 6224361 bbbb
0 6226850 bbbb
0 6229004 bbbb
0 6231141 bbbb
0 6233380 bbbb
0 6235800 bbbb
0 6237930 bbbb
0 6240174 bbbb
0 6242325 bbbb
0 6244723 bbbb
0 6246969 bbbb
0 6249116 bbbb
0 6251253 bbbb
0 6253734 bbbb
0 6255892 bbbb
0 6258020 bbbb
0 6260262 bbbb
0 6262647 bbbb
0 6264785 bbbb
0 6267029 bbbb
0 6269193 bbbb
0 6271569 bbbb
0 6273812 bbbb
0 6275945 bbbb
0 6278076 bbbb
0 6280535 bbbb
0 6282672 bbbb
0 6284821 bbbb
0 6287070 bbbb
0 6289461 bbbb
0 6291717 bbbb
0 6293859 bbbb
0 6295999 bbbb
0 6298467 bbbb
0 6300617 bbbb
0 6302746 bbbb
0 6304974 bbbb
0 6307418 bbbb
0 6309549 bbbb
0 6311782 bbbb
0 6313915 bbbb
0 6316259 bbbb
0 6318508 bbbb
0 6320662 bbbb
0 6322783 bbbb
0 6325353 bbbb
0 6327501 bbbb
0 6329661 bbbb
0 6331862 bbbb
0 6334283 bbbb
0 6336460 bbbb
0 6338668 bbbb
0 6340836 bbbb
0 6343250 bbbb
0 6345457 bbbb
0 6347614 bbbb
0 6349789 bbbb
0 6352269 bbbb
0 6354419 bbbb
0 6356570 bbbb
0 6358777 bbbb
0 6361164 bbbb
0 6363333 bbbb
0 6365526 bbbb
0 6367714 bbbb
0 6370121 bbbb
0 6372313 bbbb
0 6374502 bbbb
0 6376674 bbbb
0 6379121 bbbb
0 6381272 bbbb
0 6383444 bbbb
0 6385644 bbbb
0 6388060 bbbb
0 6390230 bbbb
0 6392442 bbbb
0 6394622 bbbb
0 6397090 bbbb
0 6399299 bbbb
0 6401477 bbbb
0 6403700 bbbb
0 6406167 bbbb
0 6408319 bbbb
0 6410547 bbbb
0 6412754 bbbb
0 6415160 bbbb
0 6417382 bbbb
0 6419583 bbbb
0 6421736 bbbb
0 6424179 bbbb
0 6426380 bbbb
0 6428550 bbbb
0 6430728 bbbb
0 6433194 bbbb
0 6435366 bbbb
0 6437588 bbbb
0 6439799 bbbb
0 6442260 bbbb
0 6444491 bbbb
0 6446743 bbbb
0 6448945 bbbb
0 6451409 bbbb
0 6453607 bbbb
0 6455770 bbbb
0 6457992 bbbb
0 6460437 bbbb
0 6462589 bbbb
0 6464764 bbbb
0 6466939 bbbb
0 6469319 bbbb
0 6471483 bbbb
0 6473693 bbbb
0 6475843 bbbb
0 6478240 bbbb
0 6480461 bbbb
0 6482611 bbbb
0 6484785 bbbb
0 6487291 bbbb
0 6489447 bbbb
0 6491617 bbbb
0 6493824 bbbb
0 6496237 bbbb
0 6498411 bbbb
0 6500621 bbbb
0 6502786 bbbb
0 6505234 bbbb
0 6507439 bbbb
0 6509585 bbbb
0 6511756 bbbb
0 6514249 bbbb
0 6516430 bbbb
0 6518641 bbbb
0 6520853 bbbb
0 6523294 bbbb
0 6525427 bbbb
0 6527626 bbbb
0 6529777 bbbb
0 6532203 bbbb
0 6534411 bbbb
0 6536554 bbbb
0 6538762 bbbb
0 6541231 bbbb
0 6543383 bbbb
0 6545553 bbbb
0 6547763 bbbb
0 6550214 bbbb
0 6552390 bbbb
0 6554581 bbbb
0 6556757 bbbb
0 6559188 bbbb
0 6561409 bbbb
0 6563553 bbbb
0 6565762 bbbb
0 6568224 bbbb
0 6570375 bbbb
0 6572556 bbbb
0 6574767 bbbb
0 6577206 bbbb
0 6579411 bbbb
0 6581612 bbbb
0 6583758 bbbb
0 6586173 bbbb
0 6588366 bbbb
0 6590544 bbbb
0 6592755 bbbb
0 6595256 bbbb
0 6597429 bbbb
0 6599615 bbbb
0 6601831 bbbb
0 6604216 bbbb
0 6606390 bbbb
0 6608606 bbbb
0 6610741 bbbb
0 6613187 bbbb
0 6615391 bbbb
0 6617566 bbbb
0 6619745 bbbb
0 6622222 bbbb
0 6624378 bbbb
0 6626550 bbbb
0 6628749 bbbb
0 6631204 bbbb
0 6633441 bbbb
0 6635675 bbbb
0 6637858 bbbb
0 6640330 bbbb
0 6642533 bbbb
0 6644665 bbbb
0 6646826 bbbb
0 6649287 bbbb
0 6651429 bbbb
0 6653606 bbbb
0 6655810 bbbb
0 6658191 bbbb
0 6660353 bbbb
0 6662568 bbbb
0 6664722 bbbb
0 6667139 bbbb
0 6669358 bbbb
0 6671494 bbbb
0 6673717 bbbb
0 6676150 bbbb
0 6678301 bbbb
0 6680463 bbbb
0 6682684 bbbb
0 6685071 bbbb
0 6687226 bbbb
0 6689426 bbbb
0 6691581 bbbb
0 6693986 bbbb
0 6696185 bbbb
0 6698320 bbbb
0 6700482 bbbb
0 6702946 bbbb
0 6705096 bbbb
0 6707261 bbbb
0 6709461 bbbb
0 6711825 bbbb
0 6714018 bbbb
0 6716250 bbbb
0 6718401 bbbb
0 6720856 bbbb
0 6723074 bbbb
0 6725206 bbbb
0 6727376 bbbb
0 6729798 bbbb
0 6731961 bbbb
0 6734131 bbbb
0 6736335 bbbb
0 6738763 bbbb
0 6740937 bbbb
0 6743126 bbbb
# Core 1 LOG DUMP ==================================================
# DCB 1 ffffff0004257c00 pixels
# DCB 1 ffffff0001b29200 monitor
1 2594 ffffcccc01b29200
1 22510589 aaaa
1 22510881 eb000021b00092fb
1 22511378 b000000500009b10
1 22511565 ea000021b08092fa
1 22512270 bbbb
1 22519653 aaaa
1 22520029 eb000021b00092fc
1 22520198 b000000500009b10
1 22520385 ea000021b08092fb
1 22521087 bbbb
1 22528518 b000bbbb00000014
# Core 2 LOG DUMP ==================================================
# DCB 2 ffffff0004257e00 pixels
# DCB 2 ffffff0001b29400 monitor
2 3664 ffffcccc01b29400
2 22510611 aaaa
2 22511104 eb000023e80092fa
2 22511542 b000000500009b10
2 22511767 ea000023e88092fa
2 22512441 bbbb
2 22519393 b000bbbb00000014
2 22520803 aaaa
2 22520982 eb000023e80092fb
2 22521150 b000000500009b10
2 22521336 ea000023e88092fb
2 22522461 bbbb
2 22529373 b000bbbb00000014
# Core 3 LOG DUMP ==================================================
# DCB 3 ffffff0006a76000 pixels
# DCB 3 ffffff0001b29600 monitor
3 2406 ffffcccc01b29600
3 22511494 aaaa
3 22511794 eb000025040092fa
3 22512236 b000000500009b10
3 22512424 ea000025048092fa
3 22513113 bbbb
3 22519621 b000bbbb00000014
3 22521047 aaaa
3 22521243 eb000025040092fb
3 22521411 b000000500009b10
3 22521603 ea000025048092fb
3 22522564 bbbb
3 22529002 b000bbbb00000014
# Core 4 LOG DUMP ==================================================
# DCB 4 ffffff0006a76200 pixels
# DCB 4 ffffff0001b29800 monitor
4 4190 ffffcccc01b29800
4 22509769 aaaa
4 22510180 eb000025300092fd
4 22510626 b000000500009b10
4 22511007 ea00002dc80092e5
4 22511541 ea00002dfa0092e4
4 22511963 ea000030b00092e4
4 22512862 bbbb
4 22514404 aaaa
4 22514573 eb00002dc88092e4
4 22514711 b000000600001070
4 22515664 eb000030b08092e4
4 22515813 b000000600001070
4 22516074 eb00002dfa8092e4
4 22516213 b000000600001070
4 22516752 ea000025308092fd
4 22517401 bbbb
4 22519222 aaaa
4 22519402 eb000025300092fe
4 22519863 b000000500009b10
4 22520162 ea00002dc80092e6
4 22520579 ea00002dfa0092e5
4 22521007 ea000030b00092e5
4 22521641 bbbb
4 22522818 aaaa
4 22522977 eb00002dfa8092e5
4 22523113 b000000600003a40
4 22523674 eb00002dc88092e5
4 22523814 b000000600003a40
4 22524499 eb000030b08092e5
4 22524646 b000000600003a40
4 22525189 ea000025308092fe
4 22525936 bbbb
4 22531279 b000bbbb00000014
# Core 5 LOG DUMP ==================================================
# DCB 5 ffffff0006a76400 pixels
# DCB 5 ffffff0001b29a00 monitor
5 2191 ffffcccc01b29a00
5 22512353 aaaa
5 22512736 eb00002dc80092e5
5 22513251 b000000500001070
5 22513425 ea00002dc88092e4
5 22514090 bbbb
5 22519427 b000bbbb00000014
5 22520998 aaaa
5 22521198 eb00002dc80092e6
5 22521376 b000000500003a40
5 22521551 ea00002dc88092e5
5 22522483 bbbb
5 22527785 b000bbbb00000014
# Core 6 LOG DUMP ==================================================
# DCB 6 ffffff0006a76600 pixels
# DCB 6 ffffff0001b29c00 monitor
6 4014 ffffcccc01b29c00
6 22512588 aaaa
6 22512988 eb00002dfa0092e4
6 22513434 b000000500001070
6 22513611 ea00002dfa8092e4
6 22514234 bbbb
6 22518837 b000bbbb00000014
6 22521440 aaaa
6 22521629 eb00002dfa0092e5
6 22521799 b000000500003a40
6 22521975 ea00002dfa8092e5
6 22522623 bbbb
6 22527231 b000bbbb00000014
# Core 7 LOG DUMP ==================================================
# DCB 7 ffffff0006a76800 pixels
# DCB 7 ffffff0001b29e00 monitor
7 3144 ffffcccc01b29e00
7 22513231 aaaa
7 22513594 eb000030b00092e4
7 22514032 b000000500001070
7 22514206 ea000030b08092e4
7 22514782 bbbb
7 22518876 b000bbbb00000014
7 22522068 aaaa
7 22522254 eb000030b00092e5
7 22522431 b000000500003a40
7 22522605 ea000030b08092e5
7 22523427 bbbb
7 22527544 b000bbbb00000014
# Core 8 LOG DUMP ==================================================
# DCB 8 ffffff0006a76a00 pixels
# DCB 8 ffffff0003081000 monitor
8 5879 ffffcccc03081000
# Core 9 LOG DUMP ==================================================
# DCB 9 ffffff0006a76c00 pixels
# DCB 9 ffffff0003081200 monitor
9 6115 ffffcccc03081200
# Core 10 LOG DUMP ==================================================
# DCB 10 ffffff0006a76e00 pixels
# DCB 10 ffffff0003081400 monitor
10 6636 ffffcccc03081400
# Core 11 LOG DUMP ==================================================
# DCB 11 ffffff00071dc000 pixels
# DCB 11 ffffff0004257600 e1000n
# DCB 11 ffffff0003081600 monitor
11 6113 ffffcccc04257600
11 7340 ffffcccc03081600
11 10606 ffffcccc04257600
11 22228427 ffffcccc03081600
11 22231147 ffffcccc04257600
11 44728755 ffffcccc03081600
11 44731654 ffffcccc04257600
11 67228841 ffffcccc03081600
11 67231417 ffffcccc04257600
# Core 12 LOG DUMP ==================================================
# DCB 12 ffffff00071dc200 pixels
# DCB 12 ffffff0003081800 monitor
12 2974 ffffcccc03081800
# Core 13 LOG DUMP ==================================================
# DCB 13 ffffff00071dc400 pixels
# DCB 13 ffffff0003081a00 monitor
13 5821 ffffcccc03081a00
# Core 14 LOG DUMP ==================================================
# DCB 14 ffffff00071dc600 pixels
# DCB 14 ffffff0003081c00 monitor
14 5602 ffffcccc03081c00
# Core 15 LOG DUMP ==================================================
# DCB 15 ffffff00071dc800 pixels
# DCB 15 ffffff0004257800 bfscope
# DCB 15 ffffff0003081e00 monitor
15 3912 ffffcccc04257800
15 4102 ffffcccc03081e00
15 6743 ffffcccc04257800
15 17528520 ffffcccc03081e00
15 17531282 ffffcccc04257800
15 40028647 ffffcccc03081e00
15 40031256 ffffcccc04257800
15 62529105 ffffcccc03081e00
15 62531799 ffffcccc04257800
