# Core 0 LOG DUMP ==================================================
0 0 1234000000000001
# DCB 0 ffffff00071dca00 fish
# DCB 0 ffffff0004257a00 pixels
# DCB 0 ffffff0004257400 serial
# DCB 0 ffffff0004257200 pci
# DCB 0 ffffff0004257000 skb
# DCB 0 ffffff0001b29000 chips
# DCB 0 ffffff0001e06000 mem_serv
# DCB 0 ffffff0001e06200 monitor
0 8228 ffffcccc071dca00
0 8904 ffffcccc01e06200
0 10217 bbbb
0 17643 bbbb
0 20177 bbbb
0 22379 bbbb
0 24615 bbbb
0 26785 bbbb
0 29249 bbbb
0 31466 bbbb
0 33632 bbbb
0 35822 bbbb
0 38302 bbbb
0 40428 bbbb
0 42621 bbbb
0 44838 bbbb
0 47247 bbbb
0 49440 bbbb
0 51604 bbbb
0 53772 bbbb
0 56216 bbbb
0 58415 bbbb
0 60566 bbbb
0 62746 bbbb
0 65205 bbbb
0 67381 bbbb
0 69570 bbbb
0 71790 bbbb
0 74196 bbbb
0 76409 bbbb
0 78631 bbbb
0 80782 bbbb
0 83233 bbbb
0 85465 bbbb
0 87599 bbbb
0 89744 bbbb
0 92197 bbbb
0 94347 bbbb
0 96509 bbbb
0 98694 bbbb
0 101105 bbbb
0 103296 bbbb
0 105524 bbbb
0 107686 bbbb
0 110127 bbbb
0 112352 bbbb
0 114507 bbbb
0 116690 bbbb
0 119160 bbbb
0 121325 bbbb
0 123515 bbbb
0 125709 bbbb
0 128140 bbbb
0 130312 bbbb
0 132516 bbbb
0 134676 bbbb
0 137139 bbbb
0 139318 bbbb
0 141464 bbbb
0 143649 bbbb
0 146133 bbbb
0 148271 bbbb
0 150465 bbbb
0 152664 bbbb
0 155079 bbbb
0 157281 bbbb
0 159500 bbbb
0 161658 bbbb
0 164114 bbbb
0 166321 bbbb
0 168472 bbbb
0 170664 bbbb
0 173172 bbbb
0 175366 bbbb
0 177570 bbbb
0 179802 bbbb
0 182248 bbbb
0 184420 bbbb
0 186633 bbbb
0 188814 bbbb
0 191197 bbbb
0 193412 bbbb
0 195576 bbbb
0 197766 bbbb
0 200234 bbbb
0 202368 bbbb
0 204544 bbbb
0 206739 bbbb
0 209161 bbbb
0 211334 bbbb
0 213569 bbbb
0 215759 bbbb
0 218197 bbbb
0 220394 bbbb
0 222544 bbbb
0 224720 bbbb
0 227165 bbbb
0 229356 bbbb
0 231553 bbbb
0 233758 bbbb
0 236177 bbbb
0 238374 bbbb
0 240588 bbbb
0 242793 bbbb
0 245228 bbbb
0 247427 bbbb
0 249597 bbbb
0 251796 bbbb
0 254259 bbbb
0 256464 bbbb
0 258651 bbbb
0 260867 bbbb
0 263315 bbbb
0 265508 bbbb
0 267714 bbbb
0 269894 bbbb
0 272330 bbbb
0 274529 bbbb
0 276704 bbbb
0 278895 bbbb
0 281347 bbbb
0 283510 bbbb
0 285696 bbbb
0 287928 bbbb
0 290356 bbbb
0 292546 bbbb
0 294759 bbbb
0 296936 bbbb
0 299385 bbbb
0 301572 bbbb
0 303739 bbbb
0 305935 bbbb
0 308415 bbbb
0 310587 bbbb
0 312777 bbbb
0 314990 bbbb
0 317413 bbbb
0 319577 bbbb
0 321783 bbbb
0 323934 bbbb
0 326404 bbbb
0 328615 bbbb
0 330783 bbbb
0 332964 bbbb
0 335408 bbbb
0 337579 bbbb
0 339777 bbbb
0 341978 bbbb
0 344408 bbbb
0 346604 bbbb
0 348831 bbbb
0 351008 bbbb
0 353433 bbbb
0 355664 bbbb
0 357841 bbbb
0 360035 bbbb
0 362529 bbbb
0 364707 bbbb
0 366917 bbbb
0 369140 bbbb
0 371543 bbbb
0 373733 bbbb
0 375958 bbbb
0 378129 bbbb
0 380597 bbbb
0 382826 bbbb
0 384993 bbbb
0 387168 bbbb
0 389628 bbbb
0 391815 bbbb
0 394000 bbbb
0 396239 bbbb
0 398675 bbbb
0 400866 bbbb
0 403077 bbbb
0 405239 bbbb
0 407667 bbbb
0 409883 bbbb
0 412056 bbbb
0 414236 bbbb
0 416707 bbbb
0 418888 bbbb
0 421085 bbbb
0 423286 bbbb
0 425733 bbbb
0 427894 bbbb
0 430083 bbbb
0 432250 bbbb
0 434679 bbbb
0 436917 bbbb
0 439065 bbbb
0 441231 bbbb
0 443682 bbbb
0 445831 bbbb
0 448041 bbbb
0 450243 bbbb
0 452643 bbbb
0 454814 bbbb
0 457034 bbbb
0 459189 bbbb
0 461608 bbbb
0 463834 bbbb
0 465973 bbbb
0 468153 bbbb
0 470618 bbbb
0 472741 bbbb
0 474931 bbbb
0 477170 bbbb
0 479607 bbbb
0 481790 bbbb
0 483993 bbbb
0 486135 bbbb
0 488590 bbbb
0 490806 bbbb
0 492957 bbbb
0 495131 bbbb
0 497611 bbbb
0 499767 bbbb
0 501953 bbbb
0 504165 bbbb
0 506535 bbbb
0 508725 bbbb
0 510931 bbbb
0 513057 bbbb
0 515493 bbbb
0 517727 bbbb
0 519875 bbbb
0 522063 bbbb
0 524547 bbbb
0 526709 bbbb
0 528886 bbbb
0 531092 bbbb
0 533484 bbbb
0 535663 bbbb
0 537874 bbbb
0 539999 bbbb
0 542385 bbbb
0 544579 bbbb
0 546715 bbbb
0 548890 bbbb
0 551343 bbbb
0 553491 bbbb
0 555671 bbbb
0 557881 bbbb
0 560430 bbbb
0 562652 bbbb
0 564802 bbbb
0 567014 bbbb
0 569453 bbbb
0 571602 bbbb
0 573807 bbbb
0 576037 bbbb
0 578439 bbbb
0 580618 bbbb
0 582834 bbbb
0 584976 bbbb
0 587437 bbbb
0 589671 bbbb
0 591812 bbbb
0 593998 bbbb
0 596493 bbbb
0 598653 bbbb
0 600813 bbbb
0 603029 bbbb
0 605433 bbbb
0 607627 bbbb
0 609837 bbbb
0 611957 bbbb
0 614403 bbbb
0 616611 bbbb
0 618744 bbbb
0 620936 bbbb
0 623446 bbbb
0 625570 bbbb
0 627759 bbbb
0 629980 bbbb
0 632394 bbbb
0 634571 bbbb
0 636785 bbbb
0 638908 bbbb
0 641358 bbbb
0 643606 bbbb
0 645766 bbbb
0 647957 bbbb
0 650454 bbbb
0 652588 bbbb
0 654742 bbbb
0 656961 bbbb
0 659330 bbbb
0 661509 bbbb
0 663729 bbbb
0 665856 bbbb
0 668331 bbbb
0 670539 bbbb
0 672678 bbbb
0 674894 bbbb
0 677334 bbbb
0 679452 bbbb
0 681626 bbbb
0 683841 bbbb
0 686253 bbbb
0 688429 bbbb
0 690660 bbbb
0 692790 bbbb
0 695258 bbbb
0 697460 bbbb
0 699549 bbbb
0 701737 bbbb
0 704240 bbbb
0 706374 bbbb
0 708571 bbbb
0 710778 bbbb
0 713181 bbbb
0 715367 bbbb
0 717606 bbbb
0 719719 bbbb
0 722193 bbbb
0 724437 bbbb
0 726582 bbbb
0 728776 bbbb
0 731215 bbbb
0 733373 bbbb
0 735582 bbbb
0 737798 bbbb
0 740211 bbbb
0 742403 bbbb
0 744626 bbbb
0 746774 bbbb
0 749233 bbbb
0 751458 bbbb
0 753581 bbbb
0 755784 bbbb
0 758258 bbbb
0 760410 bbbb
0 762597 bbbb
0 764820 bbbb
0 767207 bbbb
0 769416 bbbb
0 771638 bbbb
0 773767 bbbb
0 776206 bbbb
0 778429 bbbb
0 780569 bbbb
0 782778 bbbb
0 785233 bbbb
0 787374 bbbb
0 789552 bbbb
0 791771 bbbb
0 794169 bbbb
0 796334 bbbb
0 798543 bbbb
0 800667 bbbb
0 803104 bbbb
0 805327 bbbb
0 807462 bbbb
0 809674 bbbb
0 812163 bbbb
0 814308 bbbb
0 816504 bbbb
0 818747 bbbb
0 821149 bbbb
0 823329 bbbb
0 825554 bbbb
0 827695 bbbb
0 830156 bbbb
0 832371 bbbb
0 834506 bbbb
0 836695 bbbb
0 839143 bbbb
0 841272 bbbb
0 843418 bbbb
0 845634 bbbb
0 848054 bbbb
0 850241 bbbb
0 852451 bbbb
0 854585 bbbb
0 857057 bbbb
0 859276 bbbb
0 861444 bbbb
0 863656 bbbb
0 866204 bbbb
0 868381 bbbb
0 870624 bbbb
0 872886 bbbb
0 875268 bbbb
0 877453 bbbb
0 879690 bbbb
0 881811 bbbb
0 884239 bbbb
0 886467 bbbb
0 888602 bbbb
0 890785 bbbb
0 893201 bbbb
0 895304 bbbb
0 897483 bbbb
0 899708 bbbb
0 902064 bbbb
0 904263 bbbb
0 906487 bbbb
0 908620 bbbb
0 911025 bbbb
0 913229 bbbb
0 915362 bbbb
0 917539 bbbb
0 919992 bbbb
0 922200 bbbb
0 924390 bbbb
0 926610 bbbb
0 929003 bbbb
0 931187 bbbb
0 933405 bbbb
0 935542 bbbb
0 937969 bbbb
0 940194 bbbb
0 942319 bbbb
0 944523 bbbb
0 946973 bbbb
0 949100 bbbb
0 951283 bbbb
0 953510 bbbb
0 955959 bbbb
0 958165 bbbb
0 960390 bbbb
0 962523 bbbb
0 964989 bbbb
0 967196 bbbb
0 969328 bbbb
0 971521 bbbb
0 974018 bbbb
0 976158 bbbb
0 978363 bbbb
0 980579 bbbb
0 982989 bbbb
0 985176 bbbb
0 987373 bbbb
0 989511 bbbb
0 991977 bbbb
0 994149 bbbb
0 996260 bbbb
0 998445 bbbb
0 1000897 bbbb
0 1003051 bbbb
0 1005244 bbbb
0 1007456 bbbb
0 1009899 bbbb
0 1012119 bbbb
0 1014336 bbbb
0 1016490 bbbb
0 1018946 bbbb
0 1021132 bbbb
0 1023243 bbbb
0 1025466 bbbb
0 1027944 bbbb
0 1030049 bbbb
0 1032229 bbbb
0 1034414 bbbb
0 1036807 bbbb
0 1038987 bbbb
0 1041210 bbbb
0 1043353 bbbb
0 1045812 bbbb
0 1048062 bbbb
0 1050203 bbbb
0 1052385 bbbb
0 1054847 bbbb
0 1057022 bbbb
0 1059269 bbbb
0 1061503 bbbb
0 1063926 bbbb
0 1066130 bbbb
0 1068347 bbbb
0 1070490 bbbb
0 1072899 bbbb
0 1075115 bbbb
0 1077293 bbbb
0 1079502 bbbb
0 1081953 bbbb
0 1084083 bbbb
0 1086255 bbbb
0 1088478 bbbb
0 1090872 bbbb
0 1093069 bbbb
0 1095307 bbbb
0 1097433 bbbb
0 1099848 bbbb
0 1102069 bbbb
0 1104198 bbbb
0 1106400 bbbb
0 1108848 bbbb
0 1111006 bbbb
0 1113190 bbbb
0 1115406 bbbb
0 1117766 bbbb
0 1119949 bbbb
0 1122162 bbbb
0 1124325 bbbb
0 1126756 bbbb
0 1128960 bbbb
0 1131076 bbbb
0 1133261 bbbb
0 1135722 bbbb
0 1137879 bbbb
0 1140127 bbbb
0 1142290 bbbb
0 1144683 bbbb
0 1146924 bbbb
0 1149102 bbbb
0 1151276 bbbb
0 1153802 bbbb
0 1155983 bbbb
0 1158128 bbbb
0 1160394 bbbb
0 1162797 bbbb
0 1164970 bbbb
0 1167217 bbbb
0 1169385 bbbb
0 1171758 bbbb
0 1174007 bbbb
0 1176172 bbbb
0 1178303 bbbb
0 1180774 bbbb
0 1182933 bbbb
0 1185064 bbbb
0 1187313 bbbb
0 1189693 bbbb
0 1191828 bbbb
0 1194051 bbbb
0 1196220 bbbb
0 1198599 bbbb
0 1200845 bbbb
0 1203011 bbbb
0 1205157 bbbb
0 1207666 bbbb
0 1209839 bbbb
0 1211975 bbbb
0 1214234 bbbb
0 1216638 bbbb
0 1218746 bbbb
0 1220995 bbbb
0 1223168 bbbb
0 1225559 bbbb
0 1227822 bbbb
0 1229969 bbbb
0 1232134 bbbb
0 1234610 bbbb
0 1236759 bbbb
0 1238922 bbbb
0 1241179 bbbb
0 1243580 bbbb
0 1245714 bbbb
0 1247975 bbbb
0 1250147 bbbb
0 1252548 bbbb
0 1254774 bbbb
0 1256937 bbbb
0 1259094 bbbb
0 1261591 bbbb
0 1263772 bbbb
0 1265915 bbbb
0 1268152 bbbb
0 1270523 bbbb
0 1272654 bbbb
0 1274912 bbbb
0 1277102 bbbb
0 1279502 bbbb
0 1281751 bbbb
0 1283933 bbbb
0 1286084 bbbb
0 1288605 bbbb
0 1290753 bbbb
0 1292903 bbbb
0 1295152 bbbb
0 1297612 bbbb
0 1299749 bbbb
0 1302004 bbbb
0 1304170 bbbb
0 1306576 bbbb
0 1308816 bbbb
0 1310966 bbbb
0 1313118 bbbb
0 1315621 bbbb
0 1317765 bbbb
0 1319895 bbbb
0 1322153 bbbb
0 1324596 bbbb
0 1326715 bbbb
0 1328968 bbbb
0 1331139 bbbb
0 1333520 bbbb
0 1335773 bbbb
0 1337932 bbbb
0 1340063 bbbb
0 1342538 bbbb
0 1344726 bbbb
0 1346897 bbbb
0 1349153 bbbb
0 1351595 bbbb
0 1353759 bbbb
0 1356013 bbbb
0 1358187 bbbb
0 1360569 bbbb
0 1362818 bbbb
0 1364986 bbbb
0 1367118 bbbb
0 1369613 bbbb
0 1371758 bbbb
0 1373914 bbbb
0 1376144 bbbb
0 1378538 bbbb
0 1380689 bbbb
0 1382943 bbbb
0 1385118 bbbb
0 1387486 bbbb
0 1389737 bbbb
0 1391907 bbbb
0 1394037 bbbb
0 1396522 bbbb
0 1398702 bbbb
0 1400832 bbbb
0 1403064 bbbb
0 1405488 bbbb
0 1407605 bbbb
0 1409838 bbbb
0 1412017 bbbb
0 1414388 bbbb
0 1416630 bbbb
0 1418802 bbbb
0 1420964 bbbb
0 1423475 bbbb
0 1425605 bbbb
0 1427756 bbbb
0 1430007 bbbb
0 1432463 bbbb
0 1434646 bbbb
0 1436918 bbbb
0 1439090 bbbb
0 1441555 bbbb
0 1443794 bbbb
0 1445927 bbbb
0 1448074 bbbb
0 1450610 bbbb
0 1452763 bbbb
0 1454900 bbbb
0 1457134 bbbb
0 1459542 bbbb
0 1461714 bbbb
0 1463963 bbbb
0 1466133 bbbb
0 1468542 bbbb
0 1470801 bbbb
0 1472969 bbbb
0 1475100 bbbb
0 1477566 bbbb
0 1479742 bbbb
0 1481857 bbbb
0 1484116 bbbb
0 1486502 bbbb
0 1488615 bbbb
0 1490819 bbbb
0 1492956 bbbb
0 1495302 bbbb
0 1497548 bbbb
0 1499715 bbbb
0 1501842 bbbb
0 1504331 bbbb
0 1506488 bbbb
0 1508610 bbbb
0 1510844 bbbb
0 1513206 bbbb
0 1515364 bbbb
0 1517582 bbbb
0 1519706 bbbb
0 1522081 bbbb
0 1524336 bbbb
0 1526510 bbbb
0 1528639 bbbb
0 1531137 bbbb
0 1533308 bbbb
0 1535452 bbbb
0 1537687 bbbb
0 1540051 bbbb
0 1542185 bbbb
0 1544451 bbbb
0 1546602 bbbb
0 1548993 bbbb
0 1551242 bbbb
0 1553420 bbbb
0 1555575 bbbb
0 1558089 bbbb
0 1560241 bbbb
0 1562385 bbbb
0 1564611 bbbb
0 1567016 bbbb
0 1569153 bbbb
0 1571409 bbbb
0 1573594 bbbb
0 1575962 bbbb
0 1578213 bbbb
0 1580355 bbbb
0 1582511 bbbb
0 1585047 bbbb
0 1587182 bbbb
0 1589331 bbbb
0 1591548 bbbb
0 1593986 bbbb
0 1596160 bbbb
0 1598418 bbbb
0 1600588 bbbb
0 1602963 bbbb
0 1605201 bbbb
0 1607374 bbbb
0 1609512 bbbb
0 1612001 bbbb
0 1614186 bbbb
0 1616283 bbbb
0 1618518 bbbb
0 1620944 bbbb
0 1623074 bbbb
0 1625308 bbbb
0 1627439 bbbb
0 1629873 bbbb
0 1632123 bbbb
0 1634308 bbbb
0 1636444 bbbb
0 1638948 bbbb
0 1641113 bbbb
0 1643266 bbbb
0 1645506 bbbb
0 1647905 bbbb
0 1650035 bbbb
0 1652284 bbbb
0 1654453 bbbb
0 1656836 bbbb
0 1659069 bbbb
0 1661247 bbbb
0 1663362 bbbb
0 1665865 bbbb
0 1668032 bbbb
0 1670207 bbbb
0 1672459 bbbb
0 1674893 bbbb
0 1677024 bbbb
0 1679247 bbbb
0 1681397 bbbb
0 1683780 bbbb
0 1686034 bbbb
0 1688160 bbbb
0 1690281 bbbb
0 1692773 bbbb
0 1694930 bbbb
0 1697067 bbbb
0 1699317 bbbb
0 1701729 bbbb
0 1703888 bbbb
0 1706148 bbbb
0 1708289 bbbb
0 1710762 bbbb
0 1712971 bbbb
0 1715133 bbbb
0 1717333 bbbb
0 1719809 bbbb
0 1721961 bbbb
0 1724130 bbbb
0 1726335 bbbb
0 1728740 bbbb
0 1730925 bbbb
0 1733133 bbbb
0 1735314 bbbb
0 1737773 bbbb
0 1740007 bbbb
0 1742157 bbbb
0 1744298 bbbb
0 1746732 bbbb
0 1748874 bbbb
0 1751038 bbbb
0 1753237 bbbb
0 1755684 bbbb
0 1757878 bbbb
0 1760085 bbbb
0 1762251 bbbb
0 1764696 bbbb
0 1766903 bbbb
0 1769049 bbbb
0 1771236 bbbb
0 1773650 bbbb
0 1775808 bbbb
0 1778000 bbbb
0 1780208 bbbb
0 1782645 bbbb
0 1784810 bbbb
0 1787019 bbbb
0 1789165 bbbb
0 1791604 bbbb
0 1793823 bbbb
0 1795969 bbbb
0 1798169 bbbb
0 1800632 bbbb
0 1802790 bbbb
0 1804966 bbbb
0 1807149 bbbb
0 1809605 bbbb
0 1811792 bbbb
0 1813988 bbbb
0 1816142 bbbb
0 1818600 bbbb
0 1820790 bbbb
0 1822984 bbbb
0 1825157 bbbb
0 1827681 bbbb
0 1829900 bbbb
0 1832141 bbbb
0 1834398 bbbb
0 1836863 bbbb
0 1839048 bbbb
0 1841256 bbbb
0 1843401 bbbb
0 1845834 bbbb
0 1848021 bbbb
0 1850191 bbbb
0 1852361 bbbb
0 1854799 bbbb
0 1856949 bbbb
0 1859096 bbbb
0 1861261 bbbb
0 1863654 bbbb
0 1865809 bbbb
0 1868013 bbbb
0 1870188 bbbb
0 1872664 bbbb
0 1874886 bbbb
0 1877050 bbbb
0 1879242 bbbb
0 1881714 bbbb
0 1883867 bbbb
0 1886040 bbbb
0 1888253 bbbb
0 1890699 bbbb
0 1892877 bbbb
0 1895087 bbbb
0 1897263 bbbb
0 1899705 bbbb
0 1901921 bbbb
0 1904087 bbbb
0 1906274 bbbb
0 1908766 bbbb
0 1910936 bbbb
0 1913109 bbbb
0 1915291 bbbb
0 1917675 bbbb
0 1919844 bbbb
0 1922033 bbbb
0 1924165 bbbb
0 1926602 bbbb
0 1928797 bbbb
0 1930949 bbbb
0 1933155 bbbb
0 1935640 bbbb
0 1937802 bbbb
0 1939991 bbbb
0 1942205 bbbb
0 1944600 bbbb
0 1946782 bbbb
0 1948995 bbbb
0 1951119 bbbb
0 1953555 bbbb
0 1955761 bbbb
0 1957890 bbbb
0 1960055 bbbb
0 1962514 bbbb
0 1964680 bbbb
0 1966869 bbbb
0 1969081 bbbb
0 1971460 bbbb
0 1973628 bbbb
0 1975860 bbbb
0 1978070 bbbb
0 1980546 bbbb
0 1982756 bbbb
0 1984925 bbbb
0 1987085 bbbb
0 1989513 bbbb
0 1991689 bbbb
0 1993880 bbbb
0 1996101 bbbb
0 1998532 bbbb
0 2000693 bbbb
0 2002906 bbbb
0 2005076 bbbb
0 2007530 bbbb
0 2009738 bbbb
0 2011905 bbbb
0 2014115 bbbb
0 2016615 bbbb
0 2018790 bbbb
0 2021033 bbbb
0 2023275 bbbb
0 2025747 bbbb
0 2027944 bbbb
0 2030160 bbbb
0 2032335 bbbb
0 2034783 bbbb
0 2037015 bbbb
0 2039189 bbbb
0 2041369 bbbb
0 2043797 bbbb
0 2045967 bbbb
0 2048149 bbbb
0 2050352 bbbb
0 2052762 bbbb
0 2054931 bbbb
0 2057139 bbbb
0 2059282 bbbb
0 2061692 bbbb
0 2063906 bbbb
0 2066093 bbbb
0 2068304 bbbb
0 2070738 bbbb
0 2072905 bbbb
0 2075088 bbbb
0 2077297 bbbb
0 2079681 bbbb
0 2081847 bbbb
0 2084030 bbbb
0 2086176 bbbb
0 2088579 bbbb
0 2090797 bbbb
0 2092935 bbbb
0 2095143 bbbb
0 2097584 bbbb
0 2099736 bbbb
0 2101907 bbbb
0 2104126 bbbb
0 2106569 bbbb
0 2108763 bbbb
0 2110986 bbbb
0 2113154 bbbb
0 2115565 bbbb
0 2117766 bbbb
0 2119933 bbbb
0 2122122 bbbb
0 2124599 bbbb
0 2126744 bbbb
0 2128904 bbbb
0 2131110 bbbb
0 2133513 bbbb
0 2135689 bbbb
0 2137921 bbbb
0 2140091 bbbb
0 2142504 bbbb
0 2144732 bbbb
0 2146905 bbbb
0 2149094 bbbb
0 2151538 bbbb
0 2153721 bbbb
0 2155924 bbbb
0 2158101 bbbb
0 2160501 bbbb
0 2162661 bbbb
0 2164871 bbbb
0 2167034 bbbb
0 2169458 bbbb
0 2171666 bbbb
0 2173823 bbbb
0 2175977 bbbb
0 2178407 bbbb
0 2180590 bbbb
0 2182779 bbbb
0 2184993 bbbb
0 2187377 bbbb
0 2189561 bbbb
0 2191769 bbbb
0 2193944 bbbb
0 2196352 bbbb
0 2198555 bbbb
0 2200725 bbbb
0 2202922 bbbb
0 2205341 bbbb
0 2207487 bbbb
0 2209659 bbbb
0 2211872 bbbb
0 2214242 bbbb
0 2216412 bbbb
0 2218635 bbbb
0 2220829 bbbb
0 2223251 bbbb
0 2225405 bbbb
0 2227563 bbbb
0 2229732 bbbb
0 2232178 bbbb
0 2234354 bbbb
0 2236516 bbbb
0 2238732 bbbb
0 2241119 bbbb
0 2243287 bbbb
0 2245496 bbbb
0 2247669 bbbb
0 2250111 bbbb
0 2252322 bbbb
0 2254488 bbbb
0 2256659 bbbb
0 2259092 bbbb
0 2261253 bbbb
0 2263430 bbbb
0 2265622 bbbb
0 2268016 bbbb
0 2270193 bbbb
0 2272397 bbbb
0 2274549 bbbb
0 2276942 bbbb
0 2279120 bbbb
0 2281257 bbbb
0 2283429 bbbb
0 2285918 bbbb
0 2288171 bbbb
0 2290358 bbbb
0 2292658 bbbb
0 2295082 bbbb
0 2297340 bbbb
0 2299487 bbbb
0 2301795 bbbb
0 2304239 bbbb
0 2306427 bbbb
0 2308652 bbbb
0 2310800 bbbb
0 2313345 bbbb
0 2315492 bbbb
0 2317717 bbbb
0 2320007 bbbb
0 2322610 bbbb
0 2324908 bbbb
0 2327221 bbbb
0 2329482 bbbb
0 2332089 bbbb
0 2334284 bbbb
0 2336537 bbbb
0 2338769 bbbb
0 2341203 bbbb
0 2343463 bbbb
0 2345796 bbbb
0 2347977 bbbb
0 2350438 bbbb
0 2352736 bbbb
0 2355073 bbbb
0 2357298 bbbb
0 2359698 bbbb
0 2361864 bbbb
0 2364148 bbbb
0 2366508 bbbb
0 2369028 bbbb
0 2371367 bbbb
0 2373642 bbbb
0 2375862 bbbb
0 2378264 bbbb
0 2380547 bbbb
0 2382748 bbbb
0 2384973 bbbb
0 2387462 bbbb
0 2389804 bbbb
0 2392101 bbbb
0 2394413 bbbb
0 2396924 bbbb
0 2399099 bbbb
0 2401414 bbbb
0 2403628 bbbb
0 2406183 bbbb
0 2408373 bbbb
0 2410701 bbbb
0 2412983 bbbb
0 2415463 bbbb
0 2417664 bbbb
0 2419899 bbbb
0 2422159 bbbb
0 2424592 bbbb
0 2426831 bbbb
0 2429058 bbbb
0 2431295 bbbb
0 2433689 bbbb
0 2435973 bbbb
0 2438271 bbbb
0 2440553 bbbb
0 2443008 bbbb
0 2445157 bbbb
0 2447466 bbbb
0 2449738 bbbb
0 2452257 bbbb
0 2454522 bbbb
0 2456721 bbbb
0 2458992 bbbb
0 2461482 bbbb
0 2463724 bbbb
0 2465955 bbbb
0 2468203 bbbb
0 2470797 bbbb
0 2473083 bbbb
0 2475414 bbbb
0 2477693 bbbb
0 2480085 bbbb
0 2482308 bbbb
0 2484566 bbbb
0 2486778 bbbb
0 2489271 bbbb
0 2491524 bbbb
0 2493802 bbbb
0 2496030 bbbb
0 2498619 bbbb
0 2500815 bbbb
0 2503011 bbbb
0 2505252 bbbb
0 2507735 bbbb
0 2509909 bbbb
0 2512233 bbbb
0 2514492 bbbb
0 2516904 bbbb
0 2519186 bbbb
0 2521361 bbbb
0 2523579 bbbb
0 2526026 bbbb
0 2528282 bbbb
0 2530504 bbbb
0 2532753 bbbb
0 2535274 bbbb
0 2537516 bbbb
0 2539755 bbbb
0 2541981 bbbb
0 2544446 bbbb
0 2546723 bbbb
0 2549068 bbbb
0 2551325 bbbb
0 2553930 bbbb
0 2556236 bbbb
0 2558458 bbbb
0 2560651 bbbb
0 2563127 bbbb
0 2565326 bbbb
0 2567464 bbbb
0 2569744 bbbb
0 2572235 bbbb
0 2574528 bbbb
0 2576853 bbbb
0 2579157 bbbb
0 2581670 bbbb
0 2583891 bbbb
0 2586164 bbbb
0 2588410 bbbb
0 2590899 bbbb
0 2593236 bbbb
0 2595506 bbbb
0 2597848 bbbb
0 2600440 bbbb
0 2602647 bbbb
0 2604908 bbbb
0 2607208 bbbb
0 2609721 bbbb
0 2611977 bbbb
0 2614141 bbbb
0 2616471 bbbb
0 2618945 bbbb
0 2621105 bbbb
0 2623401 bbbb
0 2625561 bbbb
0 2628062 bbbb
0 2630316 bbbb
0 2632511 bbbb
0 2634741 bbbb
0 2637210 bbbb
0 2639418 bbbb
0 2641665 bbbb
0 2643917 bbbb
0 2646398 bbbb
0 2648562 bbbb
0 2650784 bbbb
0 2653039 bbbb
0 2655529 bbbb
0 2657844 bbbb
0 2660091 bbbb
0 2662286 bbbb
0 2664804 bbbb
0 2666998 bbbb
0 2669256 bbbb
0 2671450 bbbb
0 2673968 bbbb
0 2676180 bbbb
0 2678447 bbbb
0 2680668 bbbb
0 2683181 bbbb
0 2685396 bbbb
0 2687637 bbbb
0 2689835 bbbb
0 2692366 bbbb
0 2694561 bbbb
0 2696787 bbbb
0 2698983 bbbb
0 2701499 bbbb
0 2703700 bbbb
0 2706005 bbbb
0 2708204 bbbb
0 2710718 bbbb
0 2712900 bbbb
0 2715170 bbbb
0 2717367 bbbb
0 2719850 bbbb
0 2722050 bbbb
0 2724318 bbbb
0 2726540 bbbb
0 2729067 bbbb
0 2731284 bbbb
0 2733531 bbbb
0 2735739 bbbb
0 2738242 bbbb
0 2740475 bbbb
0 2742737 bbbb
0 2744965 bbbb
0 2747491 bbbb
0 2749698 bbbb
0 2751956 bbbb
0 2754145 bbbb
0 2756654 bbbb
0 2758857 bbbb
0 2761110 bbbb
0 2763315 bbbb
0 2765820 bbbb
0 2768021 bbbb
0 2770295 bbbb
0 2772488 bbbb
0 2774997 bbbb
0 2777182 bbbb
0 2779436 bbbb
0 2781635 bbbb
0 2784126 bbbb
0 2786310 bbbb
0 2788569 bbbb
0 2790765 bbbb
0 2793258 bbbb
0 2795481 bbbb
0 2797758 bbbb
0 2799953 bbbb
0 2802449 bbbb
0 2804637 bbbb
0 2806891 bbbb
0 2809087 bbbb
0 2811574 bbbb
0 2813765 bbbb
0 2816006 bbbb
0 2818186 bbbb
0 2820715 bbbb
0 2822916 bbbb
0 2825193 bbbb
0 2827388 bbbb
0 2829879 bbbb
0 2832095 bbbb
0 2834371 bbbb
0 2836563 bbbb
0 2839055 bbbb
0 2841272 bbbb
0 2843522 bbbb
0 2845760 bbbb
0 2848254 bbbb
0 2850471 bbbb
0 2852747 bbbb
0 2854949 bbbb
0 2857472 bbbb
0 2859670 bbbb
0 2861973 bbbb
0 2864161 bbbb
0 2866667 bbbb
0 2868883 bbbb
0 2871153 bbbb
0 2873346 bbbb
0 2875994 bbbb
0 2878209 bbbb
0 2880459 bbbb
0 2882682 bbbb
0 2885133 bbbb
0 2887277 bbbb
0 2889457 bbbb
0 2891683 bbbb
0 2894056 bbbb
0 2896210 bbbb
0 2898425 bbbb
0 2900575 bbbb
0 2902997 bbbb
0 2905188 bbbb
0 2907336 bbbb
0 2909518 bbbb
0 2911931 bbbb
0 2914113 bbbb
0 2916286 bbbb
0 2918499 bbbb
0 2920908 bbbb
0 2923101 bbbb
0 2925308 bbbb
0 2927459 bbbb
0 2929839 bbbb
0 2932044 bbbb
0 2934194 bbbb
0 2936359 bbbb
0 2938770 bbbb
0 2940945 bbbb
0 2943119 bbbb
0 2945331 bbbb
0 2947727 bbbb
0 2949897 bbbb
0 2952098 bbbb
0 2954255 bbbb
0 2956656 bbbb
0 2958845 bbbb
0 2961015 bbbb
0 2963180 bbbb
0 2965636 bbbb
0 2967774 bbbb
0 2969937 bbbb
0 2972187 bbbb
0 2974572 bbbb
0 2976732 bbbb
0 2978940 bbbb
0 2981126 bbbb
0 2983533 bbbb
0 2985708 bbbb
0 2987857 bbbb
0 2990032 bbbb
0 2992466 bbbb
0 2994654 bbbb
0 2996836 bbbb
0 2999025 bbbb
0 3001433 bbbb
0 3003632 bbbb
0 3005834 bbbb
0 3008007 bbbb
0 3010413 bbbb
0 3012621 bbbb
0 3014768 bbbb
0 3016961 bbbb
0 3019401 bbbb
0 3021537 bbbb
0 3023703 bbbb
0 3025892 bbbb
0 3028280 bbbb
0 3030452 bbbb
0 3032658 bbbb
0 3034825 bbbb
0 3037204 bbbb
0 3039417 bbbb
0 3041595 bbbb
0 3043785 bbbb
0 3046187 bbbb
0 3048336 bbbb
0 3050525 bbbb
0 3052743 bbbb
0 3055125 bbbb
0 3057321 bbbb
0 3059528 bbbb
0 3061658 bbbb
0 3064086 bbbb
0 3066275 bbbb
0 3068459 bbbb
0 3070639 bbbb
0 3073106 bbbb
0 3075272 bbbb
0 3077449 bbbb
0 3079628 bbbb
0 3082008 bbbb
0 3084206 bbbb
0 3086395 bbbb
0 3088548 bbbb
0 3090971 bbbb
0 3093181 bbbb
0 3095373 bbbb
0 3097548 bbbb
0 3099987 bbbb
0 3102172 bbbb
0 3104363 bbbb
0 3106586 bbbb
0 3108988 bbbb
0 3111182 bbbb
0 3113378 bbbb
0 3115547 bbbb
0 3117974 bbbb
0 3120192 bbbb
0 3122309 bbbb
0 3124472 bbbb
0 3126900 bbbb
0 3129059 bbbb
0 3131260 bbbb
0 3133472 bbbb
0 3135870 bbbb
0 3138064 bbbb
0 3140268 bbbb
0 3142433 bbbb
0 3144870 bbbb
0 3147066 bbbb
0 3149189 bbbb
0 3151341 bbbb
0 3153780 bbbb
0 3155912 bbbb
0 3158080 bbbb
0 3160284 bbbb
0 3162679 bbbb
0 3164859 bbbb
0 3167066 bbbb
0 3169248 bbbb
0 3171661 bbbb
0 3173874 bbbb
0 3176049 bbbb
0 3178231 bbbb
0 3180669 bbbb
0 3182814 bbbb
0 3184968 bbbb
0 3187182 bbbb
0 3189592 bbbb
0 3191766 bbbb
0 3193974 bbbb
0 3196135 bbbb
0 3198551 bbbb
0 3200725 bbbb
0 3202904 bbbb
0 3205076 bbbb
0 3207503 bbbb
0 3209646 bbbb
0 3211803 bbbb
0 3214002 bbbb
0 3216408 bbbb
0 3218627 bbbb
0 3220849 bbbb
0 3222988 bbbb
0 3225402 bbbb
0 3227610 bbbb
0 3229767 bbbb
0 3231908 bbbb
0 3234346 bbbb
0 3236510 bbbb
0 3238676 bbbb
0 3240864 bbbb
0 3243245 bbbb
0 3245423 bbbb
0 3247631 bbbb
0 3249818 bbbb
0 3252233 bbbb
0 3254442 bbbb
0 3256625 bbbb
0 3258797 bbbb
0 3261213 bbbb
0 3263373 bbbb
0 3265535 bbbb
0 3267744 bbbb
0 3270135 bbbb
0 3272294 bbbb
0 3274503 bbbb
0 3276668 bbbb
0 3279079 bbbb
0 3281310 bbbb
0 3283449 bbbb
0 3285642 bbbb
0 3288088 bbbb
0 3290238 bbbb
0 3292386 bbbb
0 3294585 bbbb
0 3296959 bbbb
0 3299117 bbbb
0 3301325 bbbb
0 3303491 bbbb
0 3305913 bbbb
0 3308109 bbbb
0 3310277 bbbb
0 3312495 bbbb
0 3314936 bbbb
0 3317106 bbbb
0 3319299 bbbb
0 3321522 bbbb
0 3323914 bbbb
0 3326111 bbbb
0 3328265 bbbb
0 3330410 bbbb
0 3332865 bbbb
0 3335075 bbbb
0 3337245 bbbb
0 3339420 bbbb
0 3341877 bbbb
0 3344011 bbbb
0 3346187 bbbb
0 3348399 bbbb
0 3350802 bbbb
0 3352991 bbbb
0 3355203 bbbb
0 3357362 bbbb
0 3359816 bbbb
0 3361991 bbbb
0 3364148 bbbb
0 3366325 bbbb
0 3368765 bbbb
0 3370914 bbbb
0 3373092 bbbb
0 3375299 bbbb
0 3377692 bbbb
0 3379871 bbbb
0 3382102 bbbb
0 3384277 bbbb
0 3386673 bbbb
0 3388832 bbbb
0 3390984 bbbb
0 3393154 bbbb
0 3395583 bbbb
0 3397741 bbbb
0 3399932 bbbb
0 3402144 bbbb
0 3404553 bbbb
0 3406725 bbbb
0 3408957 bbbb
0 3411124 bbbb
0 3413550 bbbb
0 3415776 bbbb
0 3417946 bbbb
0 3420138 bbbb
0 3422577 bbbb
0 3424773 bbbb
0 3426953 bbbb
0 3429128 bbbb
0 3431546 bbbb
0 3433710 bbbb
0 3435920 bbbb
0 3438084 bbbb
0 3440481 bbbb
0 3442698 bbbb
0 3444864 bbbb
0 3447054 bbbb
0 3449546 bbbb
0 3451712 bbbb
0 3453957 bbbb
0 3456114 bbbb
0 3458519 bbbb
0 3460770 bbbb
0 3462922 bbbb
0 3465089 bbbb
0 3467582 bbbb
0 3469748 bbbb
0 3471877 bbbb
0 3474117 bbbb
0 3476517 bbbb
0 3478680 bbbb
0 3480937 bbbb
0 3483093 bbbb
0 3485468 bbbb
0 3487709 bbbb
0 3489839 bbbb
0 3492019 bbbb
0 3494466 bbbb
0 3496622 bbbb
0 3498779 bbbb
0 3501010 bbbb
0 3503377 bbbb
0 3505528 bbbb
0 3507773 bbbb
0 3509933 bbbb
0 3512304 bbbb
0 3514527 bbbb
0 3516684 bbbb
0 3518858 bbbb
0 3521354 bbbb
0 3523510 bbbb
0 3525638 bbbb
0 3527868 bbbb
0 3530244 bbbb
0 3532428 bbbb
0 3534685 bbbb
0 3536823 bbbb
0 3539266 bbbb
0 3541478 bbbb
0 3543625 bbbb
0 3545798 bbbb
0 3548277 bbbb
0 3550448 bbbb
0 3552624 bbbb
0 3554863 bbbb
0 3557241 bbbb
0 3559384 bbbb
0 3561611 bbbb
0 3563764 bbbb
0 3566125 bbbb
0 3568358 bbbb
0 3570517 bbbb
0 3572702 bbbb
0 3575180 bbbb
0 3577372 bbbb
0 3579523 bbbb
0 3581757 bbbb
0 3584133 bbbb
0 3586285 bbbb
0 3588523 bbbb
0 3590693 bbbb
0 3593106 bbbb
0 3595350 bbbb
0 3597498 bbbb
0 3599631 bbbb
0 3602106 bbbb
0 3604268 bbbb
0 3606436 bbbb
0 3608693 bbbb
0 3611046 bbbb
0 3613210 bbbb
0 3615455 bbbb
0 3617619 bbbb
0 3620036 bbbb
0 3622295 bbbb
0 3624454 bbbb
0 3626603 bbbb
0 3629115 bbbb
0 3631258 bbbb
0 3633387 bbbb
0 3635641 bbbb
0 3638069 bbbb
0 3640244 bbbb
0 3642525 bbbb
0 3644688 bbbb
0 3647093 bbbb
0 3649330 bbbb
0 3651472 bbbb
0 3653638 bbbb
0 3656117 bbbb
0 3658254 bbbb
0 3660450 bbbb
0 3662664 bbbb
0 3665057 bbbb
0 3667230 bbbb
0 3669438 bbbb
0 3671592 bbbb
0 3673995 bbbb
0 3676236 bbbb
0 3678388 bbbb
0 3680546 bbbb
0 3683023 bbbb
0 3685202 bbbb
0 3687318 bbbb
0 3689543 bbbb
0 3691906 bbbb
0 3694077 bbbb
0 3696316 bbbb
0 3698478 bbbb
0 3700873 bbbb
0 3703127 bbbb
0 3705306 bbbb
0 3707451 bbbb
0 3709925 bbbb
0 3712088 bbbb
0 3714235 bbbb
0 3716470 bbbb
0 3718820 bbbb
0 3720970 bbbb
0 3723193 bbbb
0 3725358 bbbb
0 3727749 bbbb
0 3729959 bbbb
0 3732120 bbbb
0 3734281 bbbb
0 3736764 bbbb
0 3738912 bbbb
0 3741073 bbbb
0 3743280 bbbb
0 3745654 bbbb
0 3747805 bbbb
0 3750030 bbbb
0 3752164 bbbb
0 3754529 bbbb
0 3756780 bbbb
0 3758888 bbbb
0 3761019 bbbb
0 3763499 bbbb
0 3765637 bbbb
0 3767793 bbbb
0 3770021 bbbb
0 3772431 bbbb
0 3774602 bbbb
0 3776841 bbbb
0 3779004 bbbb
0 3781378 bbbb
0 3783611 bbbb
0 3785774 bbbb
0 3787943 bbbb
0 3790424 bbbb
0 3792573 bbbb
0 3794733 bbbb
0 3796970 bbbb
0 3799338 bbbb
0 3801493 bbbb
0 3803712 bbbb
0 3805850 bbbb
0 3808232 bbbb
0 3810470 bbbb
0 3812634 bbbb
0 3814784 bbbb
0 3817259 bbbb
0 3819409 bbbb
0 3821563 bbbb
0 3823820 bbbb
0 3826227 bbbb
0 3828374 bbbb
0 3830597 bbbb
0 3832740 bbbb
0 3835123 bbbb
0 3837318 bbbb
0 3839500 bbbb
0 3841650 bbbb
0 3844140 bbbb
0 3846285 bbbb
0 3848441 bbbb
0 3850667 bbbb
0 3853002 bbbb
0 3855164 bbbb
0 3857384 bbbb
0 3859535 bbbb
0 3861891 bbbb
0 3864106 bbbb
0 3866275 bbbb
0 3868439 bbbb
0 3870902 bbbb
0 3873023 bbbb
0 3875142 bbbb
0 3877374 bbbb
0 3879771 bbbb
0 3881940 bbbb
0 3884186 bbbb
0 3886371 bbbb
0 3888757 bbbb
0 3890982 bbbb
0 3893157 bbbb
0 3895341 bbbb
0 3897803 bbbb
0 3899991 bbbb
0 3902141 bbbb
0 3904380 bbbb
0 3906756 bbbb
0 3908898 bbbb
0 3911133 bbbb
0 3913272 bbbb
0 3915651 bbbb
0 3917864 bbbb
0 3920005 bbbb
0 3922160 bbbb
0 3924618 bbbb
0 3926777 bbbb
0 3928937 bbbb
0 3931180 bbbb
0 3933569 bbbb
0 3935684 bbbb
0 3937914 bbbb
0 3940079 bbbb
0 3942466 bbbb
0 3944689 bbbb
0 3946856 bbbb
0 3949026 bbbb
0 3951506 bbbb
0 3953651 bbbb
0 3955824 bbbb
0 3958044 bbbb
0 3960435 bbbb
0 3962601 bbbb
0 3964814 bbbb
0 3966985 bbbb
0 3969377 bbbb
0 3971601 bbbb
0 3973743 bbbb
0 3975883 bbbb
0 3978359 bbbb
0 3980502 bbbb
0 3982652 bbbb
0 3984894 bbbb
0 3987273 bbbb
0 3989429 bbbb
0 3991653 bbbb
0 3993824 bbbb
0 3996223 bbbb
0 3998465 bbbb
0 4000617 bbbb
0 4002767 bbbb
0 4005246 bbbb
0 4007393 bbbb
0 4009535 bbbb
0 4011768 bbbb
0 4014136 bbbb
0 4016292 bbbb
0 4018510 bbbb
0 4020652 bbbb
0 4023282 bbbb
0 4025421 bbbb
0 4027697 bbbb
0 4029840 bbbb
0 4032342 bbbb
0 4034469 bbbb
0 4036734 bbbb
0 4038897 bbbb
0 4041398 bbbb
0 4043536 bbbb
0 4045804 bbbb
0 4047933 bbbb
0 4050403 bbbb
0 4052565 bbbb
0 4054804 bbbb
0 4056966 bbbb
0 4059462 bbbb
0 4061618 bbbb
0 4063883 bbbb
0 4066025 bbbb
0 4068532 bbbb
0 4070678 bbbb
0 4072946 bbbb
0 4075092 bbbb
0 4077608 bbbb
0 4079751 bbbb
0 4082016 bbbb
0 4084165 bbbb
0 4086668 bbbb
0 4088831 bbbb
0 4091077 bbbb
0 4093219 bbbb
0 4095783 bbbb
0 4097949 bbbb
0 4100202 bbbb
0 4102309 bbbb
0 4104804 bbbb
0 4106977 bbbb
0 4109237 bbbb
0 4111404 bbbb
0 4113907 bbbb
0 4116051 bbbb
0 4118298 bbbb
0 4120442 bbbb
0 4122937 bbbb
0 4125079 bbbb
0 4127324 bbbb
0 4129452 bbbb
0 4131964 bbbb
0 4134137 bbbb
0 4136406 bbbb
0 4138550 bbbb
0 4141070 bbbb
0 4143241 bbbb
0 4145497 bbbb
0 4147641 bbbb
0 4150135 bbbb
0 4152282 bbbb
0 4154536 bbbb
0 4156704 bbbb
0 4159204 bbbb
0 4161345 bbbb
0 4163607 bbbb
0 4165743 bbbb
0 4168267 bbbb
0 4170381 bbbb
0 4172654 bbbb
0 4174797 bbbb
0 4177302 bbbb
0 4179474 bbbb
0 4181709 bbbb
0 4183868 bbbb
0 4186387 bbbb
0 4188533 bbbb
0 4190826 bbbb
0 4192983 bbbb
0 4195512 bbbb
0 4197691 bbbb
0 4199967 bbbb
0 4202135 bbbb
0 4204641 bbbb
0 4206776 bbbb
0 4209012 bbbb
0 4211175 bbbb
0 4213698 bbbb
0 4215843 bbbb
0 4218117 bbbb
0 4220264 bbbb
0 4222774 bbbb
0 4224915 bbbb
0 4227155 bbbb
0 4229301 bbbb
0 4231815 bbbb
0 4233985 bbbb
0 4236237 bbbb
0 4238379 bbbb
0 4240880 bbbb
0 4243014 bbbb
0 4245242 bbbb
0 4247412 bbbb
0 4249952 bbbb
0 4252128 bbbb
0 4254390 bbbb
0 4256532 bbbb
0 4259041 bbbb
0 4261188 bbbb
0 4263454 bbbb
0 4265613 bbbb
0 4268079 bbbb
0 4270235 bbbb
0 4272498 bbbb
0 4274665 bbbb
0 4277165 bbbb
0 4279303 bbbb
0 4281597 bbbb
0 4283762 bbbb
0 4286260 bbbb
0 4288428 bbbb
0 4290699 bbbb
0 4292844 bbbb
0 4295350 bbbb
0 4297510 bbbb
0 4299776 bbbb
0 4301937 bbbb
0 4304429 bbbb
0 4306580 bbbb
0 4308845 bbbb
0 4310993 bbbb
0 4313521 bbbb
0 4315677 bbbb
0 4317940 bbbb
0 4320070 bbbb
0 4322591 bbbb
0 4324758 bbbb
0 4327026 bbbb
0 4329162 bbbb
0 4331673 bbbb
0 4333785 bbbb
0 4336057 bbbb
0 4338225 bbbb
0 4340728 bbbb
0 4342887 bbbb
0 4345145 bbbb
0 4347314 bbbb
0 4349768 bbbb
0 4351926 bbbb
0 4354157 bbbb
0 4356287 bbbb
0 4358804 bbbb
0 4360957 bbbb
0 4363211 bbbb
0 4365386 bbbb
0 4367913 bbbb
0 4370033 bbbb
0 4372283 bbbb
0 4374424 bbbb
0 4376953 bbbb
0 4379090 bbbb
0 4381358 bbbb
0 4383498 bbbb
0 4386036 bbbb
0 4388182 bbbb
0 4390407 bbbb
0 4392586 bbbb
0 4395085 bbbb
0 4397203 bbbb
0 4399452 bbbb
0 4401595 bbbb
0 4404125 bbbb
0 4406277 bbbb
0 4408513 bbbb
0 4410657 bbbb
0 4413165 bbbb
0 4415333 bbbb
0 4417601 bbbb
0 4419747 bbbb
0 4422250 bbbb
0 4424416 bbbb
0 4426680 bbbb
0 4428845 bbbb
0 4431340 bbbb
0 4433508 bbbb
0 4435752 bbbb
0 4437909 bbbb
0 4440437 bbbb
0 4442580 bbbb
0 4444839 bbbb
0 4446981 bbbb
0 4449448 bbbb
0 4451604 bbbb
0 4453867 bbbb
0 4456011 bbbb
0 4458493 bbbb
0 4460661 bbbb
0 4462898 bbbb
0 4465037 bbbb
0 4467537 bbbb
0 4469698 bbbb
0 4471944 bbbb
0 4474116 bbbb
0 4476659 bbbb
0 4478796 bbbb
0 4481035 bbbb
0 4483163 bbbb
0 4485680 bbbb
0 4487830 bbbb
0 4490101 bbbb
0 4492250 bbbb
0 4494741 bbbb
0 4496882 bbbb
0 4499142 bbbb
0 4501301 bbbb
0 4503825 bbbb
0 4505985 bbbb
0 4508237 bbbb
0 4510374 bbbb
0 4512890 bbbb
0 4515017 bbbb
0 4517265 bbbb
0 4519437 bbbb
0 4521969 bbbb
0 4524111 bbbb
0 4526398 bbbb
0 4528540 bbbb
0 4531059 bbbb
0 4533212 bbbb
0 4535477 bbbb
0 4537620 bbbb
0 4540121 bbbb
0 4542264 bbbb
0 4544504 bbbb
0 4546646 bbbb
0 4549163 bbbb
0 4551310 bbbb
0 4553585 bbbb
0 4555731 bbbb
0 4558260 bbbb
0 4560393 bbbb
0 4562659 bbbb
0 4564767 bbbb
0 4567276 bbbb
0 4569438 bbbb
0 4571705 bbbb
0 4573872 bbbb
0 4576426 bbbb
0 4578589 bbbb
0 4580865 bbbb
0 4583032 bbbb
0 4585556 bbbb
0 4587697 bbbb
0 4589937 bbbb
0 4592086 bbbb
0 4594615 bbbb
0 4596759 bbbb
0 4599033 bbbb
0 4601156 bbbb
0 4603703 bbbb
0 4605893 bbbb
0 4608128 bbbb
0 4610396 bbbb
0 4612850 bbbb
0 4615075 bbbb
0 4617325 bbbb
0 4619477 bbbb
0 4621956 bbbb
0 4624179 bbbb
0 4626326 bbbb
0 4628520 bbbb
0 4631015 bbbb
0 4633164 bbbb
0 4635362 bbbb
0 4637546 bbbb
0 4639977 bbbb
0 4642149 bbbb
0 4644380 bbbb
0 4646541 bbbb
0 4649013 bbbb
0 4651259 bbbb
0 4653437 bbbb
0 4655628 bbbb
0 4658130 bbbb
0 4660272 bbbb
0 4662453 bbbb
0 4664647 bbbb
0 4667031 bbbb
0 4669198 bbbb
0 4671406 bbbb
0 4673565 bbbb
0 4676010 bbbb
0 4678225 bbbb
0 4680378 bbbb
0 4682549 bbbb
0 4685019 bbbb
0 4687164 bbbb
0 4689335 bbbb
0 4691565 bbbb
0 4693975 bbbb
0 4696164 bbbb
0 4698398 bbbb
0 4700549 bbbb
0 4702980 bbbb
0 4705192 bbbb
0 4707320 bbbb
0 4709483 bbbb
0 4711960 bbbb
0 4714119 bbbb
0 4716282 bbbb
0 4718458 bbbb
0 4720878 bbbb
0 4723085 bbbb
0 4725302 bbbb
0 4727455 bbbb
0 4729929 bbbb
0 4732140 bbbb
0 4734300 bbbb
0 4736482 bbbb
0 4738920 bbbb
0 4741100 bbbb
0 4743297 bbbb
0 4745493 bbbb
0 4747886 bbbb
0 4750061 bbbb
0 4752263 bbbb
0 4754399 bbbb
0 4756823 bbbb
0 4759011 bbbb
0 4761158 bbbb
0 4763358 bbbb
0 4765835 bbbb
0 4767998 bbbb
0 4770195 bbbb
0 4772412 bbbb
0 4774842 bbbb
0 4777039 bbbb
0 4779248 bbbb
0 4781408 bbbb
0 4783860 bbbb
0 4786072 bbbb
0 4788214 bbbb
0 4790394 bbbb
0 4792851 bbbb
0 4795040 bbbb
0 4797290 bbbb
0 4799601 bbbb
0 4802078 bbbb
0 4804236 bbbb
0 4806451 bbbb
0 4808597 bbbb
0 4811052 bbbb
0 4813292 bbbb
0 4815433 bbbb
0 4817622 bbbb
0 4820075 bbbb
0 4822191 bbbb
0 4824375 bbbb
0 4826562 bbbb
0 4828914 bbbb
0 4831094 bbbb
0 4833311 bbbb
0 4835478 bbbb
0 4837929 bbbb
0 4840119 bbbb
0 4842270 bbbb
0 4844438 bbbb
0 4846905 bbbb
0 4849089 bbbb
0 4851264 bbbb
0 4853486 bbbb
0 4855860 bbbb
0 4858053 bbbb
0 4860269 bbbb
0 4862430 bbbb
0 4864844 bbbb
0 4867046 bbbb
0 4869172 bbbb
0 4871357 bbbb
0 4873845 bbbb
0 4876003 bbbb
0 4878196 bbbb
0 4880404 bbbb
0 4882821 bbbb
0 4884992 bbbb
0 4887197 bbbb
0 4889368 bbbb
0 4891779 bbbb
0 4894022 bbbb
0 4896189 bbbb
0 4898367 bbbb
0 4900845 bbbb
0 4902977 bbbb
0 4905150 bbbb
0 4907370 bbbb
0 4909781 bbbb
0 4911975 bbbb
0 4914196 bbbb
0 4916349 bbbb
0 4918782 bbbb
0 4921018 bbbb
0 4923194 bbbb
0 4925359 bbbb
0 4927835 bbbb
0 4930004 bbbb
0 4932197 bbbb
0 4934420 bbbb
0 4936826 bbbb
0 4939029 bbbb
0 4941223 bbbb
0 4943385 bbbb
0 4945840 bbbb
0 4948049 bbbb
0 4950217 bbbb
0 4952415 bbbb
0 4954898 bbbb
0 4957056 bbbb
0 4959196 bbbb
0 4961400 bbbb
0 4963838 bbbb
0 4966056 bbbb
0 4968296 bbbb
0 4970458 bbbb
0 4972895 bbbb
0 4975119 bbbb
0 4977255 bbbb
0 4979428 bbbb
0 4981869 bbbb
0 4984031 bbbb
0 4986203 bbbb
0 4988401 bbbb
0 4990803 bbbb
0 4993001 bbbb
0 4995208 bbbb
0 4997379 bbbb
0 4999814 bbbb
0 5002031 bbbb
0 5004197 bbbb
0 5006387 bbbb
0 5008878 bbbb
0 5011044 bbbb
0 5013217 bbbb
0 5015471 bbbb
0 5017899 bbbb
0 5020074 bbbb
0 5022284 bbbb
0 5024430 bbbb
0 5026878 bbbb
0 5029063 bbbb
0 5031225 bbbb
0 5033385 bbbb
0 5035883 bbbb
0 5038034 bbbb
0 5040181 bbbb
0 5042390 bbbb
0 5044788 bbbb
0 5046981 bbbb
0 5049176 bbbb
0 5051343 bbbb
0 5053799 bbbb
0 5056016 bbbb
0 5058185 bbbb
0 5060350 bbbb
0 5062859 bbbb
0 5065017 bbbb
0 5067194 bbbb
0 5069384 bbbb
0 5071795 bbbb
0 5073955 bbbb
0 5076180 bbbb
0 5078319 bbbb
0 5080750 bbbb
0 5082971 bbbb
0 5085106 bbbb
0 5087277 bbbb
0 5089757 bbbb
0 5091893 bbbb
0 5094080 bbbb
0 5096284 bbbb
0 5098694 bbbb
0 5100897 bbbb
0 5103115 bbbb
0 5105267 bbbb
0 5107718 bbbb
0 5109912 bbbb
0 5112068 bbbb
0 5114270 bbbb
0 5116694 bbbb
0 5118856 bbbb
0 5121028 bbbb
0 5123243 bbbb
0 5125671 bbbb
0 5127838 bbbb
0 5130056 bbbb
0 5132235 bbbb
0 5134653 bbbb
0 5136864 bbbb
0 5139012 bbbb
0 5141175 bbbb
0 5143650 bbbb
0 5145791 bbbb
0 5147962 bbbb
0 5150166 bbbb
0 5152591 bbbb
0 5154779 bbbb
0 5156996 bbbb
0 5159143 bbbb
0 5161586 bbbb
0 5163771 bbbb
0 5165912 bbbb
0 5168084 bbbb
0 5170552 bbbb
0 5172692 bbbb
0 5174865 bbbb
0 5177051 bbbb
0 5179599 bbbb
0 5181820 bbbb
0 5183992 bbbb
0 5186217 bbbb
0 5188626 bbbb
0 5190777 bbbb
0 5192985 bbbb
0 5195203 bbbb
0 5197644 bbbb
0 5199812 bbbb
0 5202020 bbbb
0 5204171 bbbb
0 5206620 bbbb
0 5208825 bbbb
0 5210958 bbbb
0 5213168 bbbb
0 5215628 bbbb
0 5217767 bbbb
0 5219974 bbbb
0 5222135 bbbb
0 5224539 bbbb
0 5226720 bbbb
0 5228958 bbbb
0 5231070 bbbb
0 5233524 bbbb
0 5235712 bbbb
0 5237839 bbbb
0 5240070 bbbb
0 5242536 bbbb
0 5244705 bbbb
0 5246892 bbbb
0 5249117 bbbb
0 5251511 bbbb
0 5253684 bbbb
0 5255904 bbbb
0 5258057 bbbb
0 5260520 bbbb
0 5262753 bbbb
0 5264889 bbbb
0 5267093 bbbb
0 5269571 bbbb
0 5271705 bbbb
0 5273890 bbbb
0 5276121 bbbb
0 5278494 bbbb
0 5280677 bbbb
0 5282883 bbbb
0 5285022 bbbb
0 5287488 bbbb
0 5289684 bbbb
0 5291820 bbbb
0 5294003 bbbb
0 5296457 bbbb
0 5298616 bbbb
0 5300819 bbbb
0 5303034 bbbb
0 5305460 bbbb
0 5307663 bbbb
0 5309866 bbbb
0 5312018 bbbb
0 5314455 bbbb
0 5316639 bbbb
0 5318775 bbbb
0 5320964 bbbb
0 5323463 bbbb
0 5325591 bbbb
0 5327803 bbbb
0 5330005 bbbb
0 5332403 bbbb
0 5334586 bbbb
0 5336794 bbbb
0 5338947 bbbb
0 5341394 bbbb
0 5343614 bbbb
0 5345750 bbbb
0 5347961 bbbb
0 5350448 bbbb
0 5352621 bbbb
0 5354838 bbbb
0 5357115 bbbb
0 5359547 bbbb
0 5361728 bbbb
0 5363957 bbbb
0 5366113 bbbb
0 5368552 bbbb
0 5370741 bbbb
0 5372895 bbbb
0 5375095 bbbb
0 5377563 bbbb
0 5379720 bbbb
0 5381892 bbbb
0 5384118 bbbb
0 5386521 bbbb
0 5388654 bbbb
0 5390861 bbbb
0 5393019 bbbb
0 5395482 bbbb
0 5397708 bbbb
0 5399855 bbbb
0 5402039 bbbb
0 5404488 bbbb
0 5406642 bbbb
0 5408836 bbbb
0 5411076 bbbb
0 5413510 bbbb
0 5415702 bbbb
0 5417886 bbbb
0 5420016 bbbb
0 5422452 bbbb
0 5424675 bbbb
0 5426827 bbbb
0 5429043 bbbb
0 5431524 bbbb
0 5433651 bbbb
0 5435844 bbbb
0 5438026 bbbb
0 5440427 bbbb
0 5442614 bbbb
0 5444819 bbbb
0 5446929 bbbb
0 5449395 bbbb
0 5451617 bbbb
0 5453754 bbbb
0 5455942 bbbb
0 5458401 bbbb
0 5460528 bbbb
0 5462686 bbbb
0 5464865 bbbb
0 5467257 bbbb
0 5469433 bbbb
0 5471659 bbbb
0 5473798 bbbb
0 5476250 bbbb
0 5478494 bbbb
0 5480641 bbbb
0 5482824 bbbb
0 5485338 bbbb
0 5487509 bbbb
0 5489750 bbbb
0 5492013 bbbb
0 5494398 bbbb
0 5496604 bbbb
0 5498814 bbbb
0 5500931 bbbb
0 5503346 bbbb
0 5505579 bbbb
0 5507740 bbbb
0 5509965 bbbb
0 5512410 bbbb
0 5514544 bbbb
0 5516736 bbbb
0 5518963 bbbb
0 5521337 bbbb
0 5523525 bbbb
0 5525773 bbbb
0 5527908 bbbb
0 5530326 bbbb
0 5532533 bbbb
0 5534684 bbbb
0 5536868 bbbb
0 5539322 bbbb
0 5541462 bbbb
0 5543666 bbbb
0 5545865 bbbb
0 5548221 bbbb
0 5550405 bbbb
0 5552619 bbbb
0 5554719 bbbb
0 5557138 bbbb
0 5559323 bbbb
0 5561452 bbbb
0 5563629 bbbb
0 5566041 bbbb
0 5568145 bbbb
0 5570353 bbbb
0 5572574 bbbb
0 5575011 bbbb
0 5577195 bbbb
0 5579439 bbbb
0 5581595 bbbb
0 5584006 bbbb
0 5586225 bbbb
0 5588357 bbbb
0 5590537 bbbb
0 5593012 bbbb
0 5595167 bbbb
0 5597349 bbbb
0 5599574 bbbb
0 5601979 bbbb
0 5604170 bbbb
0 5606391 bbbb
0 5608542 bbbb
0 5610989 bbbb
0 5613201 bbbb
0 5615332 bbbb
0 5617523 bbbb
0 5619992 bbbb
0 5622147 bbbb
0 5624357 bbbb
0 5626575 bbbb
0 5629039 bbbb
0 5631194 bbbb
0 5633420 bbbb
0 5635575 bbbb
0 5638049 bbbb
0 5640264 bbbb
0 5642382 bbbb
0 5644562 bbbb
0 5647059 bbbb
0 5649171 bbbb
0 5651346 bbbb
0 5653566 bbbb
0 5655956 bbbb
0 5658150 bbbb
0 5660370 bbbb
0 5662523 bbbb
0 5665014 bbbb
0 5667231 bbbb
0 5669387 bbbb
0 5671602 bbbb
0 5674103 bbbb
0 5676310 bbbb
0 5678570 bbbb
0 5680850 bbbb
0 5683311 bbbb
0 5685584 bbbb
0 5687819 bbbb
0 5689970 bbbb
0 5692410 bbbb
0 5694642 bbbb
0 5696790 bbbb
0 5698971 bbbb
0 5701440 bbbb
0 5703570 bbbb
0 5705754 bbbb
0 5707976 bbbb
0 5710344 bbbb
0 5712549 bbbb
0 5714763 bbbb
0 5716905 bbbb
0 5719316 bbbb
0 5721509 bbbb
0 5723660 bbbb
0 5725841 bbbb
0 5728289 bbbb
0 5730440 bbbb
0 5732648 bbbb
0 5734832 bbbb
0 5737188 bbbb
0 5739354 bbbb
0 5741521 bbbb
0 5743674 bbbb
0 5746080 bbbb
0 5748258 bbbb
0 5750370 bbbb
0 5752563 bbbb
0 5755043 bbbb
0 5757183 bbbb
0 5759439 bbbb
0 5761591 bbbb
0 5763967 bbbb
0 5766201 bbbb
0 5768343 bbbb
0 5770456 bbbb
0 5772986 bbbb
0 5775181 bbbb
0 5777313 bbbb
0 5779574 bbbb
0 5782015 bbbb
0 5784164 bbbb
0 5786420 bbbb
0 5788602 bbbb
0 5791016 bbbb
0 5793278 bbbb
0 5795435 bbbb
0 5797573 bbbb
0 5800101 bbbb
0 5802252 bbbb
0 5804352 bbbb
0 5806574 bbbb
0 5808980 bbbb
0 5811120 bbbb
0 5813375 bbbb
0 5815562 bbbb
0 5817957 bbbb
0 5820213 bbbb
0 5822378 bbbb
0 5824485 bbbb
0 5827023 bbbb
0 5829159 bbbb
0 5831312 bbbb
0 5833566 bbbb
0 5835945 bbbb
0 5838075 bbbb
0 5840357 bbbb
0 5842515 bbbb
0 5844859 bbbb
0 5847121 bbbb
0 5849269 bbbb
0 5851431 bbbb
0 5853881 bbbb
0 5856051 bbbb
0 5858199 bbbb
0 5860438 bbbb
0 5862810 bbbb
0 5864945 bbbb
0 5867148 bbbb
0 5869289 bbbb
0 5871710 bbbb
0 5873952 bbbb
0 5876125 bbbb
0 5878257 bbbb
0 5880771 bbbb
0 5882955 bbbb
0 5885076 bbbb
0 5887332 bbbb
0 5889704 bbbb
0 5891855 bbbb
0 5894118 bbbb
0 5896268 bbbb
0 5898644 bbbb
0 5900893 bbbb
0 5903073 bbbb
0 5905224 bbbb
0 5907742 bbbb
0 5909891 bbbb
0 5912020 bbbb
0 5914220 bbbb
0 5916618 bbbb
0 5918726 bbbb
0 5920970 bbbb
0 5923118 bbbb
0 5925531 bbbb
0 5927810 bbbb
0 5929984 bbbb
0 5932141 bbbb
0 5934679 bbbb
0 5936842 bbbb
0 5938954 bbbb
0 5941190 bbbb
0 5943619 bbbb
0 5945765 bbbb
0 5947980 bbbb
0 5950153 bbbb
0 5952533 bbbb
0 5954789 bbbb
0 5956962 bbbb
0 5959080 bbbb
0 5961563 bbbb
0 5963697 bbbb
0 5965806 bbbb
0 5968062 bbbb
0 5970509 bbbb
0 5972658 bbbb
0 5974892 bbbb
0 5977059 bbbb
0 5979407 bbbb
0 5981658 bbbb
0 5983832 bbbb
0 5985964 bbbb
0 5988461 bbbb
0 5990605 bbbb
0 5992738 bbbb
0 5994998 bbbb
0 5997376 bbbb
0 5999526 bbbb
0 6001766 bbbb
0 6003920 bbbb
0 6006281 bbbb
0 6008517 bbbb
0 6010691 bbbb
0 6012861 bbbb
0 6015360 bbbb
0 6017537 bbbb
0 6019709 bbbb
0 6021980 bbbb
0 6024407 bbbb
0 6026514 bbbb
0 6028773 bbbb
0 6030952 bbbb
0 6033328 bbbb
0 6035578 bbbb
0 6037756 bbbb
0 6039911 bbbb
0 6042448 bbbb
0 6044574 bbbb
0 6046704 bbbb
0 6048962 bbbb
0 6051417 bbbb
0 6053583 bbbb
0 6055850 bbbb
0 6058027 bbbb
0 6060472 bbbb
0 6062740 bbbb
0 6064927 bbbb
0 6067072 bbbb
0 6069600 bbbb
0 6071739 bbbb
0 6073893 bbbb
0 6076144 bbbb
0 6078562 bbbb
0 6080691 bbbb
0 6082928 bbbb
0 6085064 bbbb
0 6087466 bbbb
0 6089707 bbbb
0 6091850 bbbb
0 6093964 bbbb
0 6096457 bbbb
0 6098591 bbbb
0 6100732 bbbb
0 6102950 bbbb
0 6105339 bbbb
0 6107454 bbbb
0 6109704 bbbb
0 6111858 bbbb
0 6114249 bbbb
0 6116504 bbbb
0 6118674 bbbb
0 6120808 bbbb
0 6123299 bbbb
0 6125468 bbbb
0 6127593 bbbb
0 6129842 bbbb
0 6132222 bbbb
0 6134383 bbbb
0 6136639 bbbb
0 6138782 bbbb
0 6141132 bbbb
0 6143375 bbbb
0 6145506 bbbb
0 6147641 bbbb
0 6150142 bbbb
0 6152286 bbbb
0 6154440 bbbb
0 6156681 bbbb
0 6159058 bbbb
0 6161191 bbbb
0 6163445 bbbb
0 6165594 bbbb
0 6167949 bbbb
0 6170231 bbbb
0 6172360 bbbb
0 6174494 bbbb
0 6176979 bbbb
0 6179145 bbbb
0 6181290 bbbb
0 6183540 bbbb
0 6185926 bbbb
0 6188078 bbbb
0 6190327 bbbb
0 6192513 bbbb
0 6194878 bbbb
0 6197127 bbbb
0 6199270 bbbb
0 6201376 bbbb
0 6203863 bbbb
0 6206024 bbbb
0 6208156 bbbb
0 6210407 bbbb
0 6212806 bbbb
0 6214943 bbbb
0 6217191 bbbb
0 6219315 bbbb
0 6221715 bbbb
0 6223971 bbbb
0 6226109 bbbb
0 6228221 bbbb
0 6230694 bbbb
0 6232853 bbbb
0 6235002 bbbb
0 6237252 bbbb
0 6239681 bbbb
0 6241836 bbbb
0 6244093 bbbb
0 6246259 bbbb
0 6248658 bbbb
0 6250878 bbbb
0 6253022 bbbb
0 6255154 bbbb
0 6257644 bbbb
0 6259805 bbbb
0 6261944 bbbb
0 6264201 bbbb
0 6266604 bbbb
0 6268734 bbbb
0 6270969 bbbb
0 6273101 bbbb
0 6275499 bbbb
0 6277724 bbbb
0 6279842 bbbb
0 6281943 bbbb
0 6284431 bbbb
0 6286571 bbbb
0 6288714 bbbb
0 6290942 bbbb
0 6293374 bbbb
0 6295557 bbbb
0 6297767 bbbb
0 6299919 bbbb
0 6302259 bbbb
0 6304497 bbbb
0 6306642 bbbb
0 6308778 bbbb
0 6311303 bbbb
0 6313443 bbbb
0 6315577 bbbb
0 6317836 bbbb
0 6320213 bbbb
0 6322356 bbbb
0 6324607 bbbb
0 6326784 bbbb
0 6329262 bbbb
0 6331443 bbbb
0 6333640 bbbb
0 6335835 bbbb
0 6338305 bbbb
0 6340464 bbbb
0 6342642 bbbb
0 6344848 bbbb
0 6347257 bbbb
0 6349439 bbbb
0 6351653 bbbb
0 6353774 bbbb
0 6356214 bbbb
0 6358419 bbbb
0 6360597 bbbb
0 6362789 bbbb
0 6365219 bbbb
0 6367380 bbbb
0 6369543 bbbb
0 6371760 bbbb
0 6374152 bbbb
0 6376343 bbbb
0 6378513 bbbb
0 6380676 bbbb
0 6383116 bbbb
0 6385295 bbbb
0 6387440 bbbb
0 6389633 bbbb
0 6392097 bbbb
0 6394228 bbbb
0 6396445 bbbb
0 6398640 bbbb
0 6401070 bbbb
0 6403223 bbbb
0 6405445 bbbb
0 6407595 bbbb
0 6410042 bbbb
0 6412256 bbbb
0 6414423 bbbb
0 6416636 bbbb
0 6419116 bbbb
0 6421277 bbbb
0 6423452 bbbb
0 6425659 bbbb
0 6428096 bbbb
0 6430269 bbbb
0 6432494 bbbb
0 6434636 bbbb
0 6437113 bbbb
0 6439320 bbbb
0 6441487 bbbb
0 6443649 bbbb
0 6446165 bbbb
0 6448392 bbbb
0 6450633 bbbb
0 6452880 bbbb
0 6455327 bbbb
0 6457496 bbbb
0 6459722 bbbb
0 6461892 bbbb
0 6464318 bbbb
0 6466525 bbbb
0 6468690 bbbb
0 6470862 bbbb
0 6473304 bbbb
0 6475429 bbbb
0 6477579 bbbb
0 6479786 bbbb
0 6482178 bbbb
0 6484318 bbbb
0 6486510 bbbb
0 6488672 bbbb
0 6491139 bbbb
0 6493353 bbbb
0 6495501 bbbb
0 6497701 bbbb
0 6500163 bbbb
0 6502312 bbbb
0 6504476 bbbb
0 6506695 bbbb
0 6509140 bbbb
0 6511302 bbbb
0 6513516 bbbb
0 6515681 bbbb
0 6518106 bbbb
0 6520308 bbbb
0 6522438 bbbb
0 6524648 bbbb
0 6527129 bbbb
0 6529260 bbbb
0 6531441 bbbb
0 6533667 bbbb
0 6536072 bbbb
0 6538256 bbbb
0 6540480 bbbb
0 6542656 bbbb
0 6545127 bbbb
0 6547348 bbbb
0 6549521 bbbb
0 6551721 bbbb
0 6554216 bbbb
0 6556365 bbbb
0 6558575 bbbb
0 6560786 bbbb
0 6563196 bbbb
0 6565346 bbbb
0 6567549 bbbb
0 6569703 bbbb
0 6572132 bbbb
0 6574335 bbbb
0 6576471 bbbb
0 6578646 bbbb
0 6581122 bbbb
0 6583293 bbbb
0 6585450 bbbb
0 6587679 bbbb
0 6590076 bbbb
0 6592245 bbbb
0 6594446 bbbb
0 6596595 bbbb
0 6599061 bbbb
0 6601282 bbbb
0 6603428 bbbb
0 6605621 bbbb
0 6608054 bbbb
0 6610224 bbbb
0 6612426 bbbb
0 6614642 bbbb
0 6617093 bbbb
0 6619244 bbbb
0 6621426 bbbb
0 6623605 bbbb
0 6626050 bbbb
0 6628230 bbbb
0 6630390 bbbb
0 6632580 bbbb
0 6635106 bbbb
0 6637257 bbbb
0 6639470 bbbb
0 6641714 bbbb
0 6644187 bbbb
0 6646337 bbbb
0 6648536 bbbb
0 6650695 bbbb
0 6653124 bbbb
0 6655328 bbbb
0 6657513 bbbb
0 6659723 bbbb
0 6662183 bbbb
0 6664344 bbbb
0 6666541 bbbb
0 6668773 bbbb
0 6671186 bbbb
0 6673377 bbbb
0 6675585 bbbb
0 6677737 bbbb
0 6680168 bbbb
0 6682340 bbbb
0 6684512 bbbb
0 6686703 bbbb
0 6689125 bbbb
0 6691284 bbbb
0 6693447 bbbb
0 6695639 bbbb
0 6698006 bbbb
0 6700210 bbbb
0 6702422 bbbb
0 6704571 bbbb
0 6706985 bbbb
0 6709184 bbbb
0 6711372 bbbb
0 6713556 bbbb
0 6715997 bbbb
0 6718168 bbbb
0 6720339 bbbb
0 6722504 bbbb
0 6724945 bbbb
0 6727119 bbbb
0 6729327 bbbb
0 6731496 bbbb
0 6733914 bbbb
0 6736122 bbbb
0 6738309 bbbb
0 6740460 bbbb
0 6742954 bbbb
0 6745109 bbbb
0 6747301 bbbb
# Core 1 LOG DUMP ==================================================
# DCB 1 ffffff0004257c00 pixels
# DCB 1 ffffff0001b29200 monitor
1 2735 ffffcccc01b29200
1 22508224 aaaa
1 22508792 eb000021b00092ef
1 22509459 b00000050000b1b0
1 22509818 ea000021b08092ee
1 22510526 bbbb
1 22517754 b000bbbb00000014
1 22519175 aaaa
1 22519355 eb000021b00092f0
1 22519522 b00000050000b1b0
1 22519710 ea000021b08092ef
1 22520681 bbbb
1 22527789 b000bbbb00000014
# Core 2 LOG DUMP ==================================================
# DCB 2 ffffff0004257e00 pixels
# DCB 2 ffffff0001b29400 monitor
2 3249 ffffcccc01b29400
2 22508316 aaaa
2 22509011 eb000023e80092ee
2 22509686 b00000050000b1b0
2 22510038 ea000023e88092ee
2 22510747 bbbb
2 22517741 b000bbbb00000014
2 22519217 aaaa
2 22519395 eb000023e80092ef
2 22519564 b00000050000b1b0
2 22519751 ea000023e88092ef
2 22520483 bbbb
2 22527416 b000bbbb00000014
# Core 3 LOG DUMP ==================================================
# DCB 3 ffffff0006a76000 pixels
# DCB 3 ffffff0001b29600 monitor
3 2238 ffffcccc01b29600
3 22509241 aaaa
3 22509802 eb000025040092ee
3 22510490 b00000050000b1b0
3 22510841 ea000025048092ee
3 22511531 bbbb
3 22518064 b000bbbb00000014
3 22519653 aaaa
3 22519846 eb000025040092ef
3 22520015 b00000050000b1b0
3 22520202 ea000025048092ef
3 22521148 bbbb
3 22527651 b000bbbb00000014
# Core 4 LOG DUMP ==================================================
# DCB 4 ffffff0006a76200 pixels
# DCB 4 ffffff0001b29800 monitor
4 4040 ffffcccc01b29800
4 22507356 aaaa
4 22508002 eb000025300092f1
4 22508683 b00000050000b1b0
4 22509397 ea00002dc80092d9
4 22509996 ea00002dfa0092d8
4 22510422 ea000030b00092d8
4 22511102 bbbb
4 22512914 aaaa
4 22513084 eb00002dc88092d8
4 22513222 b000000600001070
4 22514145 eb000030b08092d8
4 22514292 b000000600001070
4 22514555 eb00002dfa8092d8
4 22514695 b000000600001070
4 22515233 ea000025308092f1
4 22515902 bbbb
4 22518494 aaaa
4 22518658 eb000025300092f2
4 22519119 b00000050000b1b0
4 22519465 ea00002dc80092da
4 22519881 ea00002dfa0092d9
4 22520305 ea000030b00092d9
4 22520940 bbbb
4 22522411 aaaa
4 22522564 eb00002dc88092d9
4 22522704 b000000600003a40
4 22523664 eb000030b08092d9
4 22523813 b000000600003a40
4 22524075 eb00002dfa8092d9
4 22524215 b000000600003a40
4 22524755 ea000025308092f2
4 22525399 bbbb
4 22530836 b000bbbb00000014
# Core 5 LOG DUMP ==================================================
# DCB 5 ffffff0006a76400 pixels
# DCB 5 ffffff0001b29a00 monitor
5 2312 ffffcccc01b29a00
5 22510356 aaaa
5 22511006 eb00002dc80092d9
5 22511683 b000000500001070
5 22511968 ea00002dc88092d8
5 22512618 bbbb
5 22517952 b000bbbb00000014
5 22520738 aaaa
5 22520945 eb00002dc80092da
5 22521123 b000000500003a40
5 22521299 ea00002dc88092d9
5 22522204 bbbb
5 22527650 b000bbbb00000014
# Core 6 LOG DUMP ==================================================
# DCB 6 ffffff0006a76600 pixels
# DCB 6 ffffff0001b29c00 monitor
6 4277 ffffcccc01b29c00
6 22511108 aaaa
6 22511718 eb00002dfa0092d8
6 22512391 b000000500001070
6 22512674 ea00002dfa8092d8
6 22513296 bbbb
6 22517913 b000bbbb00000014
6 22521166 aaaa
6 22521357 eb00002dfa0092d9
6 22521528 b000000500003a40
6 22521705 ea00002dfa8092d9
6 22522352 bbbb
6 22526954 b000bbbb00000014
# Core 7 LOG DUMP ==================================================
# DCB 7 ffffff0006a76800 pixels
# DCB 7 ffffff0001b29e00 monitor
7 3258 ffffcccc01b29e00
7 22511832 aaaa
7 22512426 eb000030b00092d8
7 22513109 b000000500001070
7 22513392 ea000030b08092d8
7 22513982 bbbb
7 22518091 b000bbbb00000014
7 22521294 aaaa
7 22521481 eb000030b00092d9
7 22521653 b000000500003a40
7 22521826 ea000030b08092d9
7 22522645 bbbb
7 22526756 b000bbbb00000014
# Core 8 LOG DUMP ==================================================
# DCB 8 ffffff0006a76a00 pixels
# DCB 8 ffffff0003081000 monitor
8 5643 ffffcccc03081000
# Core 9 LOG DUMP ==================================================
# DCB 9 ffffff0006a76c00 pixels
# DCB 9 ffffff0003081200 monitor
9 2558 ffffcccc03081200
# Core 10 LOG DUMP ==================================================
# DCB 10 ffffff0006a76e00 pixels
# DCB 10 ffffff0003081400 monitor
10 4556 ffffcccc03081400
# Core 11 LOG DUMP ==================================================
# DCB 11 ffffff00071dc000 pixels
# DCB 11 ffffff0004257600 e1000n
# DCB 11 ffffff0003081600 monitor
11 6217 ffffcccc04257600
11 6662 ffffcccc03081600
11 9664 ffffcccc04257600
11 22228666 ffffcccc03081600
11 22231396 ffffcccc04257600
11 44728792 ffffcccc03081600
11 44731752 ffffcccc04257600
11 67229026 ffffcccc03081600
11 67231547 ffffcccc04257600
# Core 12 LOG DUMP ==================================================
# DCB 12 ffffff00071dc200 pixels
# DCB 12 ffffff0003081800 monitor
12 5861 ffffcccc03081800
# Core 13 LOG DUMP ==================================================
# DCB 13 ffffff00071dc400 pixels
# DCB 13 ffffff0003081a00 monitor
13 5884 ffffcccc03081a00
# Core 14 LOG DUMP ==================================================
# DCB 14 ffffff00071dc600 pixels
# DCB 14 ffffff0003081c00 monitor
14 3521 ffffcccc03081c00
# Core 15 LOG DUMP ==================================================
# DCB 15 ffffff00071dc800 pixels
# DCB 15 ffffff0004257800 bfscope
# DCB 15 ffffff0003081e00 monitor
15 5276 ffffcccc04257800
15 5466 ffffcccc03081e00
15 8135 ffffcccc04257800
15 17528481 ffffcccc03081e00
15 17531321 ffffcccc04257800
15 40028568 ffffcccc03081e00
15 40031389 ffffcccc04257800
15 62528627 ffffcccc03081e00
15 62531189 ffffcccc04257800
