# Core 0 LOG DUMP ==================================================
0 0 1234000000000001
# DCB 0 ffffff0003948a00 fish
# DCB 0 ffffff0003948400 serial
# DCB 0 ffffff0003948200 pci
# DCB 0 ffffff0003948000 skb
# DCB 0 ffffff00019a0000 chips
# DCB 0 ffffff0001e06000 mem_serv
# DCB 0 ffffff0001e06200 monitor
0 7696 ffffcccc03948a00
0 8138 ffffcccc01e06200
0 12989 ffffcccc03948a00
0 15670 ffffcccc01e06200
0 21010 aaaa
0 22316 b000000300000000
0 23371 ea000021620000eb
0 23881 ea0000202a0000e9
0 24375 ea000020980000e8
0 25159 ea000021000000e8
0 27828 bbbb
0 29189 aaaa
0 29684 eb0000202a8000e8
0 30628 b000000600007cd0
0 32114 eb000020988000e8
0 32590 b000000600007cd0
0 34932 eb000021008000e8
0 35907 b000000600007cd0
0 37909 eb000021628000eb
0 38819 b000000600007cd0
0 39404 ea000021620000ec
0 39866 ea0000202a0000ea
0 40357 ea000020980000e9
0 40782 ea000021000000e9
0 42843 bbbb
0 45366 aaaa
0 46100 eb000021008000e9
0 46904 b000000600007cd0
0 48407 eb0000202a8000e9
0 49380 b000000600007cd0
0 50302 eb000020988000e9
0 50767 b000000600007cd0
0 52664 eb000021628000ec
0 53143 b000000600007cd0
0 55974 bbbb
0 73604 b000bbbb00000014
0 75454 ffffcccc03948a00
0 79173 ffffcccc03948400
0 81040 aaaa
0 162519 bbbb
0 163126 ffffcccc01e06200
0 168269 ffffcccc03948a00
0 171231 ffffcccc03948400
0 173035 aaaa
0 331602 bbbb
0 332415 ffffcccc01e06200
0 337263 ffffcccc03948a00
0 340709 1234000000000000
# Core 1 LOG DUMP ==================================================
# DCB 1 ffffff00019a0200 monitor
1 2061 ffffcccc019a0200
1 25025 aaaa
1 25855 eb0000202a0000e9
1 26237 b000000500007cd0
1 27067 ea0000202a8000e8
1 28110 bbbb
1 35517 b000bbbb00000014
1 41088 aaaa
1 41581 eb0000202a0000ea
1 41755 b000000500007cd0
1 42061 ea0000202a8000e9
1 43079 bbbb
1 50908 b000bbbb00000014
# Core 2 LOG DUMP ==================================================
# DCB 2 ffffff00019a0400 monitor
2 2776 ffffcccc019a0400
2 25808 aaaa
2 26559 eb000020980000e8
2 26949 b000000500007cd0
2 27653 ea000020988000e8
2 28686 bbbb
2 36204 b000bbbb00000014
2 41817 aaaa
2 42379 eb000020980000e9
2 42544 b000000500007cd0
2 42847 ea000020988000e9
2 43923 bbbb
2 51478 b000bbbb00000014
# Core 3 LOG DUMP ==================================================
# DCB 3 ffffff00019a0600 monitor
3 2656 ffffcccc019a0600
3 27538 aaaa
3 28156 eb000021000000e8
3 29083 b000000500007cd0
3 30173 ea000021008000e8
3 31201 bbbb
3 37860 b000bbbb00000014
3 42421 aaaa
3 42921 eb000021000000e9
3 43548 b000000500007cd0
3 43862 ea000021008000e9
3 44836 bbbb
3 51694 b000bbbb00000014
# Core 4 LOG DUMP ==================================================
# DCB 4 ffffff00019a0800 monitor
4 4689 ffffcccc019a0800
4 24549 aaaa
4 25267 eb000021620000eb
4 26138 b000000500007cd0
4 27450 ea000027c40000d9
4 27994 ea000027f60000d8
4 29074 ea00002d6a0000d8
4 30102 bbbb
4 32377 aaaa
4 33223 eb000027c48000d8
4 33489 b000000600002010
4 34585 eb00002d6a8000d8
4 35046 b000000600002010
4 35778 eb000027f68000d8
4 36268 b000000600002010
4 37135 ea000021628000eb
4 38083 bbbb
4 40678 aaaa
4 41058 eb000021620000ec
4 41756 b000000500007cd0
4 42577 ea000027c40000da
4 43123 ea000027f60000d9
4 44491 ea00002d6a0000d9
4 45901 eb000027c48000d9
4 46822 b000000600002010
4 48349 eb00002d6a8000d9
4 48730 b000000600002010
4 49224 eb000027f68000d9
4 49888 b000000600002010
4 50366 ea000021628000ec
4 51323 bbbb
4 56779 b000bbbb00000014
# Core 5 LOG DUMP ==================================================
# DCB 5 ffffff00019a0a00 monitor
5 2216 ffffcccc019a0a00
5 29169 aaaa
5 29894 eb000027c40000d9
5 30276 b000000500002010
5 31180 ea000027c48000d8
5 32172 bbbb
5 37852 b000bbbb00000014
5 43978 aaaa
5 44628 eb000027c40000da
5 44793 b000000500002010
5 45102 ea000027c48000d9
5 46083 bbbb
5 52355 b000bbbb00000014
# Core 6 LOG DUMP ==================================================
# DCB 6 ffffff00019a0c00 monitor
6 4834 ffffcccc019a0c00
6 30118 aaaa
6 31317 eb000027f60000d8
6 32011 b000000500002010
6 33636 ea000027f68000d8
6 34670 bbbb
6 39532 b000bbbb00000014
6 45291 aaaa
6 46134 eb000027f60000d9
6 46298 b000000500002010
6 46611 ea000027f68000d9
6 47914 bbbb
6 53229 b000bbbb00000014
# Core 7 LOG DUMP ==================================================
# DCB 7 ffffff00019a0e00 monitor
7 2892 ffffcccc019a0e00
7 30253 aaaa
7 31558 eb00002d6a0000d8
7 32289 b000000500002010
7 33189 ea00002d6a8000d8
7 34062 bbbb
7 38155 b000bbbb00000014
7 46077 aaaa
7 47014 eb00002d6a0000d9
7 47209 b000000500002010
7 47515 ea00002d6a8000d9
7 48371 bbbb
7 52675 b000bbbb00000014
# Core 8 LOG DUMP ==================================================
# DCB 8 ffffff00019a1000 monitor
8 6160 ffffcccc019a1000
# Core 9 LOG DUMP ==================================================
# DCB 9 ffffff0003948600 e1000n
# DCB 9 ffffff00019a1200 monitor
9 6377 ffffcccc03948600
9 6565 ffffcccc019a1200
9 9794 ffffcccc03948600
# Core 10 LOG DUMP ==================================================
# DCB 10 ffffff00019a1400 monitor
10 3985 ffffcccc019a1400
# Core 11 LOG DUMP ==================================================
# DCB 11 ffffff00019a1600 monitor
11 3118 ffffcccc019a1600
# Core 12 LOG DUMP ==================================================
# DCB 12 ffffff00019a1800 monitor
12 3433 ffffcccc019a1800
# Core 13 LOG DUMP ==================================================
# DCB 13 ffffff00019a1a00 monitor
13 3913 ffffcccc019a1a00
# Core 14 LOG DUMP ==================================================
# DCB 14 ffffff00019a1c00 monitor
14 4816 ffffcccc019a1c00
# Core 15 LOG DUMP ==================================================
# DCB 15 ffffff0003948800 bfscope
# DCB 15 ffffff00019a1e00 monitor
15 5022 ffffcccc03948800
15 5748 ffffcccc019a1e00
15 8622 ffffcccc03948800
