# Core 0 LOG DUMP ==================================================
0 0 1234000000000001
# DCB 0 ffffff0003948a00 fish
# DCB 0 ffffff0003948400 serial
# DCB 0 ffffff0003948200 pci
# DCB 0 ffffff0003948000 skb
# DCB 0 ffffff00019a0000 chips
# DCB 0 ffffff0001e06000 mem_serv
# DCB 0 ffffff0001e06200 monitor
0 19284 ffffcccc03948a00
0 19896 ffffcccc01e06200
0 25084 ffffcccc03948a00
0 29743 ffffcccc01e06200
0 35120 aaaa
0 37914 b000000300000000
0 44259 ea000021620000db
0 45617 ea0000202a0000d9
0 47175 ea000020980000d8
0 49291 ea000021000000d8
0 52169 bbbb
0 57656 aaaa
0 58389 eb0000202a8000d8
0 61894 b000000600005020
0 64106 eb000020988000d8
0 64592 b000000600005020
0 66439 eb000021008000d8
0 66975 b000000600005020
0 69323 bbbb
0 77762 aaaa
0 78342 eb000021628000db
0 78815 b000000600005020
0 80216 ea000021620000dc
0 80693 ea0000202a0000da
0 81097 ea000020980000d9
0 81744 ea000021000000d9
0 83679 bbbb
0 84983 aaaa
0 85592 eb0000202a8000d9
0 86510 b000000600005020
0 87840 eb000020988000d9
0 88710 b000000600005020
0 90455 eb000021008000d9
0 90942 b000000600005020
0 92791 eb000021628000dc
0 93287 b000000600005020
0 97751 bbbb
0 116205 b000bbbb00000014
0 118371 ffffcccc03948a00
0 122648 ffffcccc03948400
0 124694 aaaa
0 164305 bbbb
0 165238 ffffcccc01e06200
0 170200 ffffcccc03948a00
0 173418 ffffcccc03948400
0 175528 aaaa
0 334244 bbbb
0 334845 ffffcccc01e06200
0 339765 ffffcccc03948a00
0 344393 1234000000000000
# Core 1 LOG DUMP ==================================================
# DCB 1 ffffff00019a0200 monitor
1 10801 ffffcccc019a0200
1 47235 aaaa
1 49439 eb0000202a0000d9
1 52626 b000000500005020
1 55752 ea0000202a8000d8
1 56987 bbbb
1 64491 b000bbbb00000014
1 82083 aaaa
1 82589 eb0000202a0000da
1 82780 b000000500005020
1 83084 ea0000202a8000d9
1 84069 bbbb
1 91566 b000bbbb00000014
# Core 2 LOG DUMP ==================================================
# DCB 2 ffffff00019a0400 monitor
2 12571 ffffcccc019a0400
2 49390 aaaa
2 51620 eb000020980000d8
2 54021 b000000500005020
2 57074 ea000020988000d8
2 58276 bbbb
2 66117 b000bbbb00000014
2 82499 aaaa
2 82869 eb000020980000d9
2 83061 b000000500005020
2 83368 ea000020988000d9
2 84355 bbbb
2 92383 b000bbbb00000014
# Core 3 LOG DUMP ==================================================
# DCB 3 ffffff00019a0600 monitor
3 6460 ffffcccc019a0600
3 51777 aaaa
3 53982 eb000021000000d8
3 57115 b000000500005020
3 60200 ea000021008000d8
3 61363 bbbb
3 68211 b000bbbb00000014
3 83271 aaaa
3 83852 eb000021000000d9
3 84184 b000000500005020
3 84490 ea000021008000d9
3 85452 bbbb
3 92579 b000bbbb00000014
# Core 4 LOG DUMP ==================================================
# DCB 4 ffffff00019a0800 monitor
4 10920 ffffcccc019a0800
4 45755 aaaa
4 46974 eb000021620000db
4 49596 b000000500005020
4 55004 ea000027c40000c9
4 55735 ea000027f60000c8
4 56304 ea00002d6a0000c8
4 58554 bbbb
4 65361 b000bbbb00000014
4 67704 aaaa
4 68401 eb000027f68000c8
4 69319 b000000600002010
4 70955 eb000027c48000c8
4 71197 b000000600002010
4 72230 eb00002d6a8000c8
4 72474 b000000600002010
4 75834 ea000021628000db
4 77108 bbbb
4 81433 aaaa
4 81827 eb000021620000dc
4 82308 b000000500005020
4 82904 ea000027c40000ca
4 83481 ea000027f60000c9
4 84043 ea00002d6a0000c9
4 85904 bbbb
4 87578 aaaa
4 88327 eb000027f68000c9
4 88803 b000000600002010
4 89551 eb000027c48000c9
4 89791 b000000600002010
4 90799 eb00002d6a8000c9
4 91202 b000000600002010
4 92019 ea000021628000dc
4 92890 bbbb
4 98948 b000bbbb00000014
# Core 5 LOG DUMP ==================================================
# DCB 5 ffffff00019a0a00 monitor
5 6543 ffffcccc019a0a00
5 56499 aaaa
5 58129 eb000027c40000c9
5 62070 b000000500002010
5 65372 ea000027c48000c8
5 66754 bbbb
5 72345 b000bbbb00000014
5 84115 aaaa
5 85007 eb000027c40000ca
5 85213 b000000500002010
5 85995 ea000027c48000c9
5 86928 bbbb
5 92791 b000bbbb00000014
# Core 6 LOG DUMP ==================================================
# DCB 6 ffffff00019a0c00 monitor
6 11151 ffffcccc019a0c00
6 57178 aaaa
6 58678 eb000027f60000c8
6 61902 b000000500002010
6 65521 ea000027f68000c8
6 66877 bbbb
6 72277 b000bbbb00000014
6 85107 aaaa
6 85726 eb000027f60000c9
6 85917 b000000500002010
6 86227 ea000027f68000c9
6 87382 bbbb
6 92946 b000bbbb00000014
# Core 7 LOG DUMP ==================================================
# DCB 7 ffffff00019a0e00 monitor
7 5497 ffffcccc019a0e00
7 58022 aaaa
7 59366 eb00002d6a0000c8
7 63119 b000000500002010
7 67125 ea00002d6a8000c8
7 68634 bbbb
7 72627 b000bbbb00000014
7 86418 aaaa
7 87246 eb00002d6a0000c9
7 87803 b000000500002010
7 88109 ea00002d6a8000c9
7 88994 bbbb
7 93318 b000bbbb00000014
# Core 8 LOG DUMP ==================================================
# DCB 8 ffffff00019a1000 monitor
8 6490 ffffcccc019a1000
# Core 9 LOG DUMP ==================================================
# DCB 9 ffffff0003948600 e1000n
# DCB 9 ffffff00019a1200 monitor
9 10008 ffffcccc03948600
9 13345 ffffcccc019a1200
9 18624 ffffcccc03948600
# Core 10 LOG DUMP ==================================================
# DCB 10 ffffff00019a1400 monitor
10 10428 ffffcccc019a1400
# Core 11 LOG DUMP ==================================================
# DCB 11 ffffff00019a1600 monitor
11 8796 ffffcccc019a1600
# Core 12 LOG DUMP ==================================================
# DCB 12 ffffff00019a1800 monitor
12 9162 ffffcccc019a1800
# Core 13 LOG DUMP ==================================================
# DCB 13 ffffff00019a1a00 monitor
13 12787 ffffcccc019a1a00
# Core 14 LOG DUMP ==================================================
# DCB 14 ffffff00019a1c00 monitor
14 11409 ffffcccc019a1c00
# Core 15 LOG DUMP ==================================================
# DCB 15 ffffff0003948800 bfscope
# DCB 15 ffffff00019a1e00 monitor
15 15858 ffffcccc03948800
15 16714 ffffcccc019a1e00
15 19647 ffffcccc03948800
