# Core 0 LOG DUMP ==================================================
0 0 1234000000000001
# DCB 0 ffffff0003948a00 fish
# DCB 0 ffffff0003948400 serial
# DCB 0 ffffff0003948200 pci
# DCB 0 ffffff0003948000 skb
# DCB 0 ffffff00019a0000 chips
# DCB 0 ffffff0001e06000 mem_serv
# DCB 0 ffffff0001e06200 monitor
0 7605 ffffcccc03948a00
0 8038 ffffcccc01e06200
0 12856 ffffcccc03948a00
0 15510 ffffcccc01e06200
0 20844 aaaa
0 22157 b000000300000000
0 23319 ea000021620000f9
0 23867 ea0000202a0000f7
0 24339 ea000020980000f6
0 25094 ea000021000000f6
0 27077 bbbb
0 29439 aaaa
0 29957 eb000021008000f6
0 31119 b000000600008fd0
0 31947 eb0000202a8000f6
0 32774 b000000600008fd0
0 34056 eb000020988000f6
0 34813 b000000600008fd0
0 36974 eb000021628000f9
0 37669 b000000600008fd0
0 38429 ea000021620000fa
0 38898 ea0000202a0000f8
0 39295 ea000020980000f7
0 39725 ea000021000000f7
0 42060 bbbb
0 43870 aaaa
0 44689 eb000021008000f7
0 45577 b000000600008fd0
0 46795 eb0000202a8000f7
0 47371 b000000600008fd0
0 47907 eb000020988000f7
0 48672 b000000600008fd0
0 50501 eb000021628000fa
0 51237 b000000600008fd0
0 52710 ffffcccc03948a00
0 55543 1234000000000000
# Core 1 LOG DUMP ==================================================
# DCB 1 ffffff00019a0200 monitor
1 2222 ffffcccc019a0200
1 25418 aaaa
1 26111 eb0000202a0000f7
1 26492 b000000500008fd0
1 27236 ea0000202a8000f6
1 28773 bbbb
1 35988 b000bbbb00000014
1 40056 aaaa
1 40641 eb0000202a0000f8
1 40806 b000000500008fd0
1 41117 ea0000202a8000f7
1 42149 bbbb
1 50033 b000bbbb00000014
# Core 2 LOG DUMP ==================================================
# DCB 2 ffffff00019a0400 monitor
2 2753 ffffcccc019a0400
2 25879 aaaa
2 26486 eb000020980000f6
2 26868 b000000500008fd0
2 27827 ea000020988000f6
2 28779 bbbb
2 35999 b000bbbb00000014
2 40402 aaaa
2 41151 eb000020980000f7
2 41315 b000000500008fd0
2 41620 ea000020988000f7
2 42601 bbbb
2 50748 b000bbbb00000014
# Core 3 LOG DUMP ==================================================
# DCB 3 ffffff00019a0600 monitor
3 2147 ffffcccc019a0600
3 26400 aaaa
3 27024 eb000021000000f6
3 27458 b000000500008fd0
3 28308 ea000021008000f6
3 29253 bbbb
3 35877 b000bbbb00000014
3 41210 aaaa
3 41700 eb000021000000f7
3 41864 b000000500008fd0
3 42177 ea000021008000f7
3 43169 bbbb
3 50522 b000bbbb00000014
# Core 4 LOG DUMP ==================================================
# DCB 4 ffffff00019a0800 monitor
4 3294 ffffcccc019a0800
4 24575 aaaa
4 25341 eb000021620000f9
4 25910 b000000500008fd0
4 26966 ea000027c40000e7
4 27545 ea000027f60000e6
4 28693 ea00002d6a0000e6
4 29673 bbbb
4 31566 aaaa
4 32439 eb000027c48000e6
4 33146 b000000600002010
4 34038 eb00002d6a8000e6
4 34680 b000000600002010
4 35372 eb000027f68000e6
4 35776 b000000600002010
4 36198 ea000021628000f9
4 37133 bbbb
4 39543 aaaa
4 39937 eb000021620000fa
4 40141 b000000500008fd0
4 41385 ea000027c40000e8
4 41930 ea000027f60000e7
4 42481 ea00002d6a0000e7
4 44147 bbbb
4 45618 aaaa
4 46581 eb000027c48000e7
4 46795 b000000600002010
4 47694 eb00002d6a8000e7
4 48351 b000000600002010
4 49026 eb000027f68000e7
4 49405 b000000600002010
4 49734 ea000021628000fa
4 50629 bbbb
# Core 5 LOG DUMP ==================================================
# DCB 5 ffffff00019a0a00 monitor
5 4268 ffffcccc019a0a00
5 28151 aaaa
5 28842 eb000027c40000e7
5 29225 b000000500002010
5 30233 ea000027c48000e6
5 31251 bbbb
5 36903 b000bbbb00000014
5 42762 aaaa
5 43852 eb000027c40000e8
5 44013 b000000500002010
5 44325 ea000027c48000e7
5 45345 bbbb
5 51112 b000bbbb00000014
# Core 6 LOG DUMP ==================================================
# DCB 6 ffffff00019a0c00 monitor
6 4079 ffffcccc019a0c00
6 29745 aaaa
6 30659 eb000027f60000e6
6 31398 b000000500002010
6 32442 ea000027f68000e6
6 34062 bbbb
6 39538 b000bbbb00000014
6 43635 aaaa
6 44416 eb000027f60000e7
6 44950 b000000500002010
6 45265 ea000027f68000e7
6 46363 bbbb
6 51941 b000bbbb00000014
# Core 7 LOG DUMP ==================================================
# DCB 7 ffffff00019a0e00 monitor
7 4499 ffffcccc019a0e00
7 30017 aaaa
7 31103 eb00002d6a0000e6
7 31515 b000000500002010
7 32402 ea00002d6a8000e6
7 33333 bbbb
7 37539 b000bbbb00000014
7 44546 aaaa
7 45303 eb00002d6a0000e7
7 46061 b000000500002010
7 46847 ea00002d6a8000e7
7 47678 bbbb
7 52011 b000bbbb00000014
# Core 8 LOG DUMP ==================================================
# DCB 8 ffffff00019a1000 monitor
8 3828 ffffcccc019a1000
# Core 9 LOG DUMP ==================================================
# DCB 9 ffffff0003948600 e1000n
# DCB 9 ffffff00019a1200 monitor
9 5027 ffffcccc03948600
9 6006 ffffcccc019a1200
9 9454 ffffcccc03948600
# Core 10 LOG DUMP ==================================================
# DCB 10 ffffff00019a1400 monitor
10 5666 ffffcccc019a1400
# Core 11 LOG DUMP ==================================================
# DCB 11 ffffff00019a1600 monitor
11 4000 ffffcccc019a1600
# Core 12 LOG DUMP ==================================================
# DCB 12 ffffff00019a1800 monitor
12 2795 ffffcccc019a1800
# Core 13 LOG DUMP ==================================================
# DCB 13 ffffff00019a1a00 monitor
13 3269 ffffcccc019a1a00
# Core 14 LOG DUMP ==================================================
# DCB 14 ffffff00019a1c00 monitor
14 6396 ffffcccc019a1c00
# Core 15 LOG DUMP ==================================================
# DCB 15 ffffff0003948800 bfscope
# DCB 15 ffffff00019a1e00 monitor
15 5656 ffffcccc03948800
15 5914 ffffcccc019a1e00
15 8779 ffffcccc03948800
