# Core 0 LOG DUMP ==================================================
0 0 1234000000000001
# DCB 0 ffffff0003948a00 fish
# DCB 0 ffffff0003948400 serial
# DCB 0 ffffff0003948200 pci
# DCB 0 ffffff0003948000 skb
# DCB 0 ffffff00019a0000 chips
# DCB 0 ffffff0001e06000 mem_serv
# DCB 0 ffffff0001e06200 monitor
0 7620 ffffcccc03948a00
0 8067 ffffcccc01e06200
0 13264 ffffcccc03948a00
0 15891 ffffcccc01e06200
0 21198 aaaa
0 22461 b000000300000000
0 23499 ea00002162000103
0 24045 ea0000202a000101
0 24597 ea00002098000100
0 25368 ea00002100000100
0 27393 bbbb
0 28671 aaaa
0 29157 eb0000202a800100
0 30356 b000000600007cd0
0 31650 eb00002098800100
0 32103 b000000600007cd0
0 34272 eb00002100800100
0 34746 b000000600007cd0
0 35960 bbbb
0 38949 aaaa
0 39735 eb00002162800103
0 40184 b000000600007cd0
0 40533 ea00002162000104
0 40955 ea0000202a000102
0 41381 ea00002098000101
0 41838 ea00002100000101
0 44333 bbbb
0 45857 aaaa
0 46392 eb0000202a800101
0 47081 b000000600007cd0
0 48576 eb00002098800101
0 49434 b000000600007cd0
0 51045 eb00002100800101
0 52039 b000000600007cd0
0 53483 bbbb
0 55526 aaaa
0 56034 eb00002162800104
0 56501 b000000600007cd0
0 57549 ffffcccc03948a00
0 60153 1234000000000000
# Core 1 LOG DUMP ==================================================
# DCB 1 ffffff00019a0200 monitor
1 3675 ffffcccc019a0200
1 25215 aaaa
1 25851 eb0000202a000101
1 26541 b000000500007cd0
1 27241 ea0000202a800100
1 28252 bbbb
1 35763 b000bbbb00000014
1 42057 aaaa
1 42688 eb0000202a000102
1 43298 b000000500007cd0
1 43607 ea0000202a800101
1 44632 bbbb
1 52151 b000bbbb00000014
# Core 2 LOG DUMP ==================================================
# DCB 2 ffffff00019a0400 monitor
2 4475 ffffcccc019a0400
2 25925 aaaa
2 26751 eb00002098000100
2 27134 b000000500007cd0
2 27842 ea00002098800100
2 29006 bbbb
2 36425 b000bbbb00000014
2 42671 aaaa
2 43414 eb00002098000101
2 43588 b000000500007cd0
2 43893 ea00002098800101
2 44852 bbbb
2 52721 b000bbbb00000014
# Core 3 LOG DUMP ==================================================
# DCB 3 ffffff00019a0600 monitor
3 3891 ffffcccc019a0600
3 26712 aaaa
3 27332 eb00002100000100
3 27713 b000000500007cd0
3 28455 ea00002100800100
3 29396 bbbb
3 36585 b000bbbb00000014
3 44285 aaaa
3 45246 eb00002100000101
3 45411 b000000500007cd0
3 45772 ea00002100800101
3 46735 bbbb
3 53792 b000bbbb00000014
# Core 4 LOG DUMP ==================================================
# DCB 4 ffffff00019a0800 monitor
4 3542 ffffcccc019a0800
4 24949 aaaa
4 25683 eb00002162000103
4 26309 b000000500007cd0
4 27371 ea000027c40000f1
4 27875 ea000027f60000f0
4 28836 ea00002d6a0000f0
4 30045 bbbb
4 33171 aaaa
4 33813 eb000027c48000f0
4 34079 b000000600002010
4 34967 eb00002d6a8000f0
4 35604 b000000600002010
4 36086 eb000027f68000f0
4 36575 b000000600002010
4 36997 ea00002162800103
4 38001 bbbb
4 41621 aaaa
4 41985 eb00002162000104
4 42429 b000000500007cd0
4 43873 ea000027c40000f2
4 44375 ea000027f60000f1
4 44901 ea00002d6a0000f1
4 46494 bbbb
4 48437 aaaa
4 49083 eb000027c48000f1
4 49518 b000000600002010
4 50862 eb00002d6a8000f1
4 51612 b000000600002010
4 52428 eb000027f68000f1
4 52864 b000000600002010
4 53201 ea00002162800104
4 54083 bbbb
4 59672 b000bbbb00000014
# Core 5 LOG DUMP ==================================================
# DCB 5 ffffff00019a0a00 monitor
5 3002 ffffcccc019a0a00
5 28890 aaaa
5 29832 eb000027c40000f1
5 30542 b000000500002010
5 31960 ea000027c48000f0
5 33051 bbbb
5 38697 b000bbbb00000014
5 45180 aaaa
5 46022 eb000027c40000f2
5 46409 b000000500002010
5 46713 ea000027c48000f1
5 48146 bbbb
5 53928 b000bbbb00000014
# Core 6 LOG DUMP ==================================================
# DCB 6 ffffff00019a0c00 monitor
6 2808 ffffcccc019a0c00
6 29805 aaaa
6 30756 eb000027f60000f0
6 31671 b000000500002010
6 32958 ea000027f68000f0
6 34018 bbbb
6 38899 b000bbbb00000014
6 46079 aaaa
6 46787 eb000027f60000f1
6 47822 b000000500002010
6 48636 ea000027f68000f1
6 49482 bbbb
6 54902 b000bbbb00000014
# Core 7 LOG DUMP ==================================================
# DCB 7 ffffff00019a0e00 monitor
7 4449 ffffcccc019a0e00
7 30626 aaaa
7 31454 eb00002d6a0000f0
7 31902 b000000500002010
7 32623 ea00002d6a8000f0
7 33463 bbbb
7 37729 b000bbbb00000014
7 47264 aaaa
7 48393 eb00002d6a0000f1
7 48585 b000000500002010
7 48889 ea00002d6a8000f1
7 49694 bbbb
7 54277 b000bbbb00000014
# Core 8 LOG DUMP ==================================================
# DCB 8 ffffff00019a1000 monitor
8 2375 ffffcccc019a1000
# Core 9 LOG DUMP ==================================================
# DCB 9 ffffff0003948600 e1000n
# DCB 9 ffffff00019a1200 monitor
9 6000 ffffcccc03948600
9 6467 ffffcccc019a1200
9 9711 ffffcccc03948600
# Core 10 LOG DUMP ==================================================
# DCB 10 ffffff00019a1400 monitor
10 2597 ffffcccc019a1400
# Core 11 LOG DUMP ==================================================
# DCB 11 ffffff00019a1600 monitor
11 3450 ffffcccc019a1600
# Core 12 LOG DUMP ==================================================
# DCB 12 ffffff00019a1800 monitor
12 4742 ffffcccc019a1800
# Core 13 LOG DUMP ==================================================
# DCB 13 ffffff00019a1a00 monitor
13 2763 ffffcccc019a1a00
# Core 14 LOG DUMP ==================================================
# DCB 14 ffffff00019a1c00 monitor
14 5337 ffffcccc019a1c00
# Core 15 LOG DUMP ==================================================
# DCB 15 ffffff0003948800 bfscope
# DCB 15 ffffff00019a1e00 monitor
15 4735 ffffcccc03948800
15 4971 ffffcccc019a1e00
15 7851 ffffcccc03948800
