# Core 0 LOG DUMP ==================================================
0 0 1234000000000001
# DCB 0 ffffff0003948a00 fish
# DCB 0 ffffff0003948400 serial
# DCB 0 ffffff0003948200 pci
# DCB 0 ffffff0003948000 skb
# DCB 0 ffffff00019a0000 chips
# DCB 0 ffffff0001e06000 mem_serv
# DCB 0 ffffff0001e06200 monitor
0 7379 ffffcccc03948a00
0 7818 ffffcccc01e06200
0 12815 ffffcccc03948a00
0 15469 ffffcccc01e06200
0 20923 aaaa
0 22178 b000000300000000
0 23459 ea000021620000e1
0 24036 ea0000202a0000df
0 24536 ea000020980000de
0 25085 ea000021000000de
0 26846 bbbb
0 28122 aaaa
0 28704 eb0000202a8000de
0 29881 b000000600008fd0
0 31001 eb000020988000de
0 31956 b000000600008fd0
0 34242 eb000021008000de
0 35458 b000000600008fd0
0 37213 bbbb
0 39474 aaaa
0 39960 eb000021628000e1
0 40412 b000000600008fd0
0 40803 ea000021620000e2
0 41225 ea0000202a0000e0
0 41659 ea000020980000df
0 42104 ea000021000000df
0 44402 bbbb
0 45690 aaaa
0 46383 eb0000202a8000df
0 47472 b000000600008fd0
0 48517 eb000020988000df
0 49384 b000000600008fd0
0 51107 eb000021008000df
0 51604 b000000600008fd0
0 53669 eb000021628000e2
0 54411 b000000600008fd0
0 57565 bbbb
0 76548 b000bbbb00000014
0 78506 ffffcccc03948a00
0 82140 ffffcccc03948400
0 84096 aaaa
0 163112 bbbb
0 163721 ffffcccc01e06200
0 168572 ffffcccc03948a00
0 171573 ffffcccc03948400
0 173652 aaaa
0 332240 bbbb
0 332811 ffffcccc01e06200
0 337679 ffffcccc03948a00
0 341524 1234000000000000
# Core 1 LOG DUMP ==================================================
# DCB 1 ffffff00019a0200 monitor
1 2331 ffffcccc019a0200
1 25110 aaaa
1 25727 eb0000202a0000df
1 26116 b000000500008fd0
1 26855 ea0000202a8000de
1 28065 bbbb
1 35346 b000bbbb00000014
1 42436 aaaa
1 42924 eb0000202a0000e0
1 43089 b000000500008fd0
1 43392 ea0000202a8000df
1 44452 bbbb
1 52459 b000bbbb00000014
# Core 2 LOG DUMP ==================================================
# DCB 2 ffffff00019a0400 monitor
2 3774 ffffcccc019a0400
2 26100 aaaa
2 26704 eb000020980000de
2 27096 b000000500008fd0
2 28322 ea000020988000de
2 29646 bbbb
2 36956 b000bbbb00000014
2 43218 aaaa
2 43803 eb000020980000df
2 43968 b000000500008fd0
2 44277 ea000020988000df
2 45330 bbbb
2 52965 b000bbbb00000014
# Core 3 LOG DUMP ==================================================
# DCB 3 ffffff00019a0600 monitor
3 2219 ffffcccc019a0600
3 26277 aaaa
3 26933 eb000021000000de
3 27781 b000000500008fd0
3 28492 ea000021008000de
3 30150 bbbb
3 37026 b000bbbb00000014
3 44154 aaaa
3 44949 eb000021000000df
3 45114 b000000500008fd0
3 45419 ea000021008000df
3 46374 bbbb
3 53469 b000bbbb00000014
# Core 4 LOG DUMP ==================================================
# DCB 4 ffffff00019a0800 monitor
4 3576 ffffcccc019a0800
4 25101 aaaa
4 25992 eb000021620000e1
4 26375 b000000500008fd0
4 27452 ea000027c40000cf
4 28450 ea000027f60000ce
4 29367 ea00002d6a0000ce
4 30583 bbbb
4 33616 aaaa
4 34040 eb000027c48000ce
4 34328 b000000600002010
4 35720 eb00002d6a8000ce
4 36371 b000000600002010
4 36852 eb000027f68000ce
4 37080 b000000600002010
4 37503 ea000021628000e1
4 38451 bbbb
4 42066 aaaa
4 42498 eb000021620000e2
4 43093 b000000500008fd0
4 43914 ea000027c40000d0
4 44451 ea000027f60000cf
4 45284 ea00002d6a0000cf
4 46253 bbbb
4 47940 aaaa
4 49022 eb000027c48000cf
4 49479 b000000600002010
4 51074 eb00002d6a8000cf
4 51558 b000000600002010
4 52190 eb000027f68000cf
4 52569 b000000600002010
4 52896 ea000021628000e2
4 53803 bbbb
4 59085 b000bbbb00000014
# Core 5 LOG DUMP ==================================================
# DCB 5 ffffff00019a0a00 monitor
5 4289 ffffcccc019a0a00
5 29556 aaaa
5 30340 eb000027c40000cf
5 31059 b000000500002010
5 31811 ea000027c48000ce
5 33414 bbbb
5 38950 b000bbbb00000014
5 45468 aaaa
5 45990 eb000027c40000d0
5 46368 b000000500002010
5 46674 ea000027c48000cf
5 47636 bbbb
5 53476 b000bbbb00000014
# Core 6 LOG DUMP ==================================================
# DCB 6 ffffff00019a0c00 monitor
6 3336 ffffcccc019a0c00
6 30234 aaaa
6 31262 eb000027f60000ce
6 31691 b000000500002010
6 32555 ea000027f68000ce
6 33553 bbbb
6 38439 b000bbbb00000014
6 46244 aaaa
6 46952 eb000027f60000cf
6 47129 b000000500002010
6 47907 ea000027f68000cf
6 49449 bbbb
6 54825 b000bbbb00000014
# Core 7 LOG DUMP ==================================================
# DCB 7 ffffff00019a0e00 monitor
7 4535 ffffcccc019a0e00
7 30737 aaaa
7 31718 eb00002d6a0000ce
7 32500 b000000500002010
7 33460 ea00002d6a8000ce
7 34349 bbbb
7 38584 b000bbbb00000014
7 46916 aaaa
7 47583 eb00002d6a0000cf
7 47797 b000000500002010
7 48581 ea00002d6a8000cf
7 49438 bbbb
7 53948 b000bbbb00000014
# Core 8 LOG DUMP ==================================================
# DCB 8 ffffff00019a1000 monitor
8 3119 ffffcccc019a1000
# Core 9 LOG DUMP ==================================================
# DCB 9 ffffff0003948600 e1000n
# DCB 9 ffffff00019a1200 monitor
9 5799 ffffcccc03948600
9 6033 ffffcccc019a1200
9 9313 ffffcccc03948600
# Core 10 LOG DUMP ==================================================
# DCB 10 ffffff00019a1400 monitor
10 2874 ffffcccc019a1400
# Core 11 LOG DUMP ==================================================
# DCB 11 ffffff00019a1600 monitor
11 4778 ffffcccc019a1600
# Core 12 LOG DUMP ==================================================
# DCB 12 ffffff00019a1800 monitor
12 4079 ffffcccc019a1800
# Core 13 LOG DUMP ==================================================
# DCB 13 ffffff00019a1a00 monitor
13 3725 ffffcccc019a1a00
# Core 14 LOG DUMP ==================================================
# DCB 14 ffffff00019a1c00 monitor
14 5095 ffffcccc019a1c00
# Core 15 LOG DUMP ==================================================
# DCB 15 ffffff0003948800 bfscope
# DCB 15 ffffff00019a1e00 monitor
15 5685 ffffcccc03948800
15 5941 ffffcccc019a1e00
15 8998 ffffcccc03948800
