# Core 0 LOG DUMP ==================================================
0 0 1234000000000001
# DCB 0 ffffff00071dca00 fish
# DCB 0 ffffff0004257a00 pixels
# DCB 0 ffffff0004257400 serial
# DCB 0 ffffff0004257200 pci
# DCB 0 ffffff0004257000 skb
# DCB 0 ffffff0001b29000 chips
# DCB 0 ffffff0001e06000 mem_serv
# DCB 0 ffffff0001e06200 monitor
0 8164 ffffcccc071dca00
0 8352 ffffcccc01e06200
0 13208 bbbb
0 18454 bbbb
0 21035 bbbb
0 23250 bbbb
0 25523 bbbb
0 27751 bbbb
0 30220 bbbb
0 32438 bbbb
0 34603 bbbb
0 36851 bbbb
0 39331 bbbb
0 41570 bbbb
0 43796 bbbb
0 46024 bbbb
0 48522 bbbb
0 50773 bbbb
0 52981 bbbb
0 55183 bbbb
0 57665 bbbb
0 59897 bbbb
0 62128 bbbb
0 64391 bbbb
0 66917 bbbb
0 69155 bbbb
0 71382 bbbb
0 73612 bbbb
0 76114 bbbb
0 78353 bbbb
0 80605 bbbb
0 82849 bbbb
0 85349 bbbb
0 87578 bbbb
0 89819 bbbb
0 92056 bbbb
0 94563 bbbb
0 96770 bbbb
0 98996 bbbb
0 101182 bbbb
0 103638 bbbb
0 105863 bbbb
0 108118 bbbb
0 110351 bbbb
0 112843 bbbb
0 115078 bbbb
0 117343 bbbb
0 119575 bbbb
0 122070 bbbb
0 124304 bbbb
0 126505 bbbb
0 128747 bbbb
0 131231 bbbb
0 133459 bbbb
0 135712 bbbb
0 137950 bbbb
0 140466 bbbb
0 142664 bbbb
0 144941 bbbb
0 147179 bbbb
0 149688 bbbb
0 151931 bbbb
0 154168 bbbb
0 156409 bbbb
0 158888 bbbb
0 161091 bbbb
0 163337 bbbb
0 165553 bbbb
0 167993 bbbb
0 170210 bbbb
0 172417 bbbb
0 174653 bbbb
0 177154 bbbb
0 179404 bbbb
0 181571 bbbb
0 183827 bbbb
0 186322 bbbb
0 188560 bbbb
0 190762 bbbb
0 193010 bbbb
0 195446 bbbb
0 197669 bbbb
0 199881 bbbb
0 202094 bbbb
0 204545 bbbb
0 206764 bbbb
0 208988 bbbb
0 211230 bbbb
0 213644 bbbb
0 215884 bbbb
0 218090 bbbb
0 220307 bbbb
0 222770 bbbb
0 225016 bbbb
0 227270 bbbb
0 229514 bbbb
0 231991 bbbb
0 234207 bbbb
0 236442 bbbb
0 238633 bbbb
0 241094 bbbb
0 243323 bbbb
0 245573 bbbb
0 247815 bbbb
0 250297 bbbb
0 252505 bbbb
0 254762 bbbb
0 257020 bbbb
0 259523 bbbb
0 261764 bbbb
0 263962 bbbb
0 266195 bbbb
0 268667 bbbb
0 270918 bbbb
0 273125 bbbb
0 275339 bbbb
0 277879 bbbb
0 280093 bbbb
0 282302 bbbb
0 284529 bbbb
0 287036 bbbb
0 289279 bbbb
0 291490 bbbb
0 293727 bbbb
0 296188 bbbb
0 298415 bbbb
0 300664 bbbb
0 302902 bbbb
0 305388 bbbb
0 307631 bbbb
0 309878 bbbb
0 312100 bbbb
0 314598 bbbb
0 316836 bbbb
0 319045 bbbb
0 321292 bbbb
0 323811 bbbb
0 326016 bbbb
0 328269 bbbb
0 330478 bbbb
0 332957 bbbb
0 335197 bbbb
0 337409 bbbb
0 339632 bbbb
0 342148 bbbb
0 344354 bbbb
0 346588 bbbb
0 348825 bbbb
0 351308 bbbb
0 353557 bbbb
0 355784 bbbb
0 358016 bbbb
0 360511 bbbb
0 362752 bbbb
0 365006 bbbb
0 367220 bbbb
0 369686 bbbb
0 371902 bbbb
0 374083 bbbb
0 376324 bbbb
0 378804 bbbb
0 381017 bbbb
0 383249 bbbb
0 385497 bbbb
0 387971 bbbb
0 390190 bbbb
0 392401 bbbb
0 394621 bbbb
0 397110 bbbb
0 399331 bbbb
0 401576 bbbb
0 403816 bbbb
0 406364 bbbb
0 408586 bbbb
0 410816 bbbb
0 413051 bbbb
0 415510 bbbb
0 417748 bbbb
0 419966 bbbb
0 422189 bbbb
0 424697 bbbb
0 426932 bbbb
0 429158 bbbb
0 431399 bbbb
0 433891 bbbb
0 436113 bbbb
0 438295 bbbb
0 440533 bbbb
0 443064 bbbb
0 445301 bbbb
0 447570 bbbb
0 449811 bbbb
0 452293 bbbb
0 454495 bbbb
0 456678 bbbb
0 458911 bbbb
0 461416 bbbb
0 463655 bbbb
0 465905 bbbb
0 468137 bbbb
0 470603 bbbb
0 472832 bbbb
0 475063 bbbb
0 477302 bbbb
0 479819 bbbb
0 482026 bbbb
0 484232 bbbb
0 486454 bbbb
0 488912 bbbb
0 491151 bbbb
0 493393 bbbb
0 495643 bbbb
0 498170 bbbb
0 500411 bbbb
0 502650 bbbb
0 504857 bbbb
0 507373 bbbb
0 509607 bbbb
0 511834 bbbb
0 514073 bbbb
0 516520 bbbb
0 518762 bbbb
0 520967 bbbb
0 523217 bbbb
0 525673 bbbb
0 527915 bbbb
0 530128 bbbb
0 532352 bbbb
0 534848 bbbb
0 537064 bbbb
0 539321 bbbb
0 541562 bbbb
0 544046 bbbb
0 546300 bbbb
0 548526 bbbb
0 550750 bbbb
0 553241 bbbb
0 555460 bbbb
0 557624 bbbb
0 559846 bbbb
0 562343 bbbb
0 564591 bbbb
0 566813 bbbb
0 569029 bbbb
0 571544 bbbb
0 573830 bbbb
0 576031 bbbb
0 578205 bbbb
0 580723 bbbb
0 582908 bbbb
0 585074 bbbb
0 587231 bbbb
0 589703 bbbb
0 591860 bbbb
0 594098 bbbb
0 596285 bbbb
0 598807 bbbb
0 601028 bbbb
0 603193 bbbb
0 605392 bbbb
0 607843 bbbb
0 610100 bbbb
0 612336 bbbb
0 614520 bbbb
0 617038 bbbb
0 619223 bbbb
0 621412 bbbb
0 623636 bbbb
0 626106 bbbb
0 628266 bbbb
0 630507 bbbb
0 632720 bbbb
0 635156 bbbb
0 637418 bbbb
0 639602 bbbb
0 641758 bbbb
0 644285 bbbb
0 646474 bbbb
0 648673 bbbb
0 650883 bbbb
0 653363 bbbb
0 655531 bbbb
0 657749 bbbb
0 659947 bbbb
0 662368 bbbb
0 664556 bbbb
0 666739 bbbb
0 668900 bbbb
0 671399 bbbb
0 673582 bbbb
0 675740 bbbb
0 677999 bbbb
0 680458 bbbb
0 682617 bbbb
0 684857 bbbb
0 687054 bbbb
0 689479 bbbb
0 691695 bbbb
0 693862 bbbb
0 696042 bbbb
0 698576 bbbb
0 700760 bbbb
0 702918 bbbb
0 705139 bbbb
0 707558 bbbb
0 709718 bbbb
0 711967 bbbb
0 714151 bbbb
0 716545 bbbb
0 718792 bbbb
0 720988 bbbb
0 723145 bbbb
0 725608 bbbb
0 727799 bbbb
0 729957 bbbb
0 732211 bbbb
0 734634 bbbb
0 736812 bbbb
0 739060 bbbb
0 741251 bbbb
0 743669 bbbb
0 745910 bbbb
0 748119 bbbb
0 750321 bbbb
0 752835 bbbb
0 755023 bbbb
0 757183 bbbb
0 759420 bbbb
0 761912 bbbb
0 764071 bbbb
0 766316 bbbb
0 768527 bbbb
0 770989 bbbb
0 773239 bbbb
0 775444 bbbb
0 777627 bbbb
0 780131 bbbb
0 782332 bbbb
0 784506 bbbb
0 786683 bbbb
0 789134 bbbb
0 791372 bbbb
0 793588 bbbb
0 795773 bbbb
0 798200 bbbb
0 800372 bbbb
0 802531 bbbb
0 804780 bbbb
0 807237 bbbb
0 809381 bbbb
0 811591 bbbb
0 813785 bbbb
0 816192 bbbb
0 818384 bbbb
0 820566 bbbb
0 822725 bbbb
0 825238 bbbb
0 827420 bbbb
0 829580 bbbb
0 831798 bbbb
0 834250 bbbb
0 836416 bbbb
0 838670 bbbb
0 840851 bbbb
0 843274 bbbb
0 845534 bbbb
0 847715 bbbb
0 849881 bbbb
0 852373 bbbb
0 854580 bbbb
0 856764 bbbb
0 859023 bbbb
0 861476 bbbb
0 863728 bbbb
0 865907 bbbb
0 868104 bbbb
0 870538 bbbb
0 872732 bbbb
0 874922 bbbb
0 877098 bbbb
0 879590 bbbb
0 881811 bbbb
0 884017 bbbb
0 886260 bbbb
0 888707 bbbb
0 890874 bbbb
0 893073 bbbb
0 895260 bbbb
0 897653 bbbb
0 899847 bbbb
0 902041 bbbb
0 904205 bbbb
0 906626 bbbb
0 908786 bbbb
0 910969 bbbb
0 913174 bbbb
0 915611 bbbb
0 917768 bbbb
0 919955 bbbb
0 922159 bbbb
0 924552 bbbb
0 926746 bbbb
0 928952 bbbb
0 931112 bbbb
0 933542 bbbb
0 935712 bbbb
0 937872 bbbb
0 940054 bbbb
0 942493 bbbb
0 944653 bbbb
0 946848 bbbb
0 949060 bbbb
0 951455 bbbb
0 953652 bbbb
0 955844 bbbb
0 958013 bbbb
0 960436 bbbb
0 962641 bbbb
0 964807 bbbb
0 967009 bbbb
0 969440 bbbb
0 971603 bbbb
0 973803 bbbb
0 976010 bbbb
0 978437 bbbb
0 980639 bbbb
0 982844 bbbb
0 985005 bbbb
0 987446 bbbb
0 989626 bbbb
0 991812 bbbb
0 994012 bbbb
0 996478 bbbb
0 998641 bbbb
0 1000838 bbbb
0 1003041 bbbb
0 1005475 bbbb
0 1007675 bbbb
0 1009879 bbbb
0 1012043 bbbb
0 1014501 bbbb
0 1016693 bbbb
0 1018853 bbbb
0 1021073 bbbb
0 1023490 bbbb
0 1025626 bbbb
0 1027820 bbbb
0 1030007 bbbb
0 1032413 bbbb
0 1034661 bbbb
0 1036865 bbbb
0 1039049 bbbb
0 1041566 bbbb
0 1043766 bbbb
0 1045970 bbbb
0 1048162 bbbb
0 1050601 bbbb
0 1052801 bbbb
0 1054967 bbbb
0 1057159 bbbb
0 1059595 bbbb
0 1061822 bbbb
0 1063988 bbbb
0 1066129 bbbb
0 1068637 bbbb
0 1070856 bbbb
0 1073162 bbbb
0 1075400 bbbb
0 1077797 bbbb
0 1080018 bbbb
0 1082206 bbbb
0 1084348 bbbb
0 1086758 bbbb
0 1088956 bbbb
0 1091114 bbbb
0 1093352 bbbb
0 1095839 bbbb
0 1097958 bbbb
0 1100134 bbbb
0 1102321 bbbb
0 1104739 bbbb
0 1106911 bbbb
0 1109122 bbbb
0 1111286 bbbb
0 1113683 bbbb
0 1115920 bbbb
0 1118110 bbbb
0 1120256 bbbb
0 1122736 bbbb
0 1124960 bbbb
0 1127141 bbbb
0 1129412 bbbb
0 1131865 bbbb
0 1134036 bbbb
0 1136279 bbbb
0 1138444 bbbb
0 1140797 bbbb
0 1143014 bbbb
0 1145183 bbbb
0 1147322 bbbb
0 1149803 bbbb
0 1152005 bbbb
0 1154221 bbbb
0 1156385 bbbb
0 1158824 bbbb
0 1161056 bbbb
0 1163210 bbbb
0 1165390 bbbb
0 1167858 bbbb
0 1170038 bbbb
0 1172237 bbbb
0 1174445 bbbb
0 1176880 bbbb
0 1179070 bbbb
0 1181300 bbbb
0 1183418 bbbb
0 1185866 bbbb
0 1188075 bbbb
0 1190269 bbbb
0 1192473 bbbb
0 1194964 bbbb
0 1197134 bbbb
0 1199322 bbbb
0 1201529 bbbb
0 1203977 bbbb
0 1206185 bbbb
0 1208378 bbbb
0 1210531 bbbb
0 1212995 bbbb
0 1215227 bbbb
0 1217422 bbbb
0 1219626 bbbb
0 1222112 bbbb
0 1224288 bbbb
0 1226468 bbbb
0 1228658 bbbb
0 1231085 bbbb
0 1233290 bbbb
0 1235501 bbbb
0 1237661 bbbb
0 1240115 bbbb
0 1242335 bbbb
0 1244486 bbbb
0 1246689 bbbb
0 1249148 bbbb
0 1251349 bbbb
0 1253572 bbbb
0 1255775 bbbb
0 1258165 bbbb
0 1260340 bbbb
0 1262540 bbbb
0 1264738 bbbb
0 1267222 bbbb
0 1269434 bbbb
0 1271612 bbbb
0 1273788 bbbb
0 1276308 bbbb
0 1278526 bbbb
0 1280722 bbbb
0 1282930 bbbb
0 1285352 bbbb
0 1287522 bbbb
0 1289734 bbbb
0 1291931 bbbb
0 1294363 bbbb
0 1296572 bbbb
0 1298758 bbbb
0 1300943 bbbb
0 1303414 bbbb
0 1305620 bbbb
0 1307809 bbbb
0 1309976 bbbb
0 1312424 bbbb
0 1314619 bbbb
0 1316827 bbbb
0 1319032 bbbb
0 1321444 bbbb
0 1323686 bbbb
0 1325883 bbbb
0 1328121 bbbb
0 1330596 bbbb
0 1332716 bbbb
0 1334894 bbbb
0 1337107 bbbb
0 1339535 bbbb
0 1341729 bbbb
0 1343974 bbbb
0 1346194 bbbb
0 1348601 bbbb
0 1350846 bbbb
0 1352963 bbbb
0 1355170 bbbb
0 1357612 bbbb
0 1359793 bbbb
0 1361956 bbbb
0 1364178 bbbb
0 1366600 bbbb
0 1368774 bbbb
0 1370993 bbbb
0 1373174 bbbb
0 1375574 bbbb
0 1377766 bbbb
0 1379954 bbbb
0 1382133 bbbb
0 1384573 bbbb
0 1386765 bbbb
0 1388960 bbbb
0 1391148 bbbb
0 1393545 bbbb
0 1395739 bbbb
0 1397980 bbbb
0 1400170 bbbb
0 1402589 bbbb
0 1404791 bbbb
0 1406987 bbbb
0 1409171 bbbb
0 1411623 bbbb
0 1413815 bbbb
0 1416014 bbbb
0 1418224 bbbb
0 1420662 bbbb
0 1422837 bbbb
0 1425047 bbbb
0 1427206 bbbb
0 1429608 bbbb
0 1431803 bbbb
0 1433950 bbbb
0 1436177 bbbb
0 1438668 bbbb
0 1440811 bbbb
0 1442990 bbbb
0 1445200 bbbb
0 1447660 bbbb
0 1449877 bbbb
0 1452134 bbbb
0 1454339 bbbb
0 1456867 bbbb
0 1459085 bbbb
0 1461278 bbbb
0 1463540 bbbb
0 1466067 bbbb
0 1468205 bbbb
0 1470388 bbbb
0 1472587 bbbb
0 1475041 bbbb
0 1477206 bbbb
0 1479414 bbbb
0 1481608 bbbb
0 1484041 bbbb
0 1486263 bbbb
0 1488387 bbbb
0 1490584 bbbb
0 1493048 bbbb
0 1495244 bbbb
0 1497427 bbbb
0 1499636 bbbb
0 1502059 bbbb
0 1504271 bbbb
0 1506496 bbbb
0 1508699 bbbb
0 1511137 bbbb
0 1513379 bbbb
0 1515567 bbbb
0 1517756 bbbb
0 1520198 bbbb
0 1522342 bbbb
0 1524499 bbbb
0 1526713 bbbb
0 1529116 bbbb
0 1531297 bbbb
0 1533505 bbbb
0 1535713 bbbb
0 1538131 bbbb
0 1540351 bbbb
0 1542497 bbbb
0 1544700 bbbb
0 1547197 bbbb
0 1549354 bbbb
0 1551517 bbbb
0 1553707 bbbb
0 1556084 bbbb
0 1558252 bbbb
0 1560458 bbbb
0 1562661 bbbb
0 1565081 bbbb
0 1567289 bbbb
0 1569476 bbbb
0 1571619 bbbb
0 1574092 bbbb
0 1576290 bbbb
0 1578494 bbbb
0 1580708 bbbb
0 1583111 bbbb
0 1585315 bbbb
0 1587511 bbbb
0 1589672 bbbb
0 1592114 bbbb
0 1594324 bbbb
0 1596476 bbbb
0 1598680 bbbb
0 1601147 bbbb
0 1603298 bbbb
0 1605502 bbbb
0 1607722 bbbb
0 1610135 bbbb
0 1612328 bbbb
0 1614527 bbbb
0 1616651 bbbb
0 1619066 bbbb
0 1621283 bbbb
0 1623460 bbbb
0 1625639 bbbb
0 1628075 bbbb
0 1630215 bbbb
0 1632420 bbbb
0 1634627 bbbb
0 1637110 bbbb
0 1639296 bbbb
0 1641509 bbbb
0 1643633 bbbb
0 1646073 bbbb
0 1648286 bbbb
0 1650458 bbbb
0 1652626 bbbb
0 1655091 bbbb
0 1657237 bbbb
0 1659440 bbbb
0 1661666 bbbb
0 1664038 bbbb
0 1666206 bbbb
0 1668430 bbbb
0 1670627 bbbb
0 1673039 bbbb
0 1675236 bbbb
0 1677414 bbbb
0 1679625 bbbb
0 1682104 bbbb
0 1684271 bbbb
0 1686529 bbbb
0 1688738 bbbb
0 1691120 bbbb
0 1693294 bbbb
0 1695505 bbbb
0 1697701 bbbb
0 1700150 bbbb
0 1702381 bbbb
0 1704497 bbbb
0 1706688 bbbb
0 1709175 bbbb
0 1711370 bbbb
0 1713557 bbbb
0 1715762 bbbb
0 1718157 bbbb
0 1720334 bbbb
0 1722544 bbbb
0 1724735 bbbb
0 1727309 bbbb
0 1729477 bbbb
0 1731738 bbbb
0 1733904 bbbb
0 1736452 bbbb
0 1738616 bbbb
0 1740895 bbbb
0 1743064 bbbb
0 1745552 bbbb
0 1747708 bbbb
0 1749964 bbbb
0 1752143 bbbb
0 1754669 bbbb
0 1756854 bbbb
0 1759096 bbbb
0 1761285 bbbb
0 1763770 bbbb
0 1765900 bbbb
0 1768178 bbbb
0 1770359 bbbb
0 1772882 bbbb
0 1775039 bbbb
0 1777282 bbbb
0 1779446 bbbb
0 1782005 bbbb
0 1784203 bbbb
0 1786458 bbbb
0 1788641 bbbb
0 1791187 bbbb
0 1793369 bbbb
0 1795625 bbbb
0 1797784 bbbb
0 1800326 bbbb
0 1802513 bbbb
0 1804772 bbbb
0 1806929 bbbb
0 1809468 bbbb
0 1811674 bbbb
0 1813942 bbbb
0 1816108 bbbb
0 1818676 bbbb
0 1820873 bbbb
0 1823119 bbbb
0 1825277 bbbb
0 1827812 bbbb
0 1829991 bbbb
0 1832258 bbbb
0 1834469 bbbb
0 1837004 bbbb
0 1839181 bbbb
0 1841434 bbbb
0 1843601 bbbb
0 1846186 bbbb
0 1848374 bbbb
0 1850673 bbbb
0 1852864 bbbb
0 1855454 bbbb
0 1857628 bbbb
0 1859896 bbbb
0 1862093 bbbb
0 1864564 bbbb
0 1866731 bbbb
0 1869006 bbbb
0 1871174 bbbb
0 1873695 bbbb
0 1875817 bbbb
0 1878095 bbbb
0 1880270 bbbb
0 1882760 bbbb
0 1884919 bbbb
0 1887145 bbbb
0 1889312 bbbb
0 1891862 bbbb
0 1894062 bbbb
0 1896359 bbbb
0 1898522 bbbb
0 1901054 bbbb
0 1903222 bbbb
0 1905479 bbbb
0 1907648 bbbb
0 1910201 bbbb
0 1912378 bbbb
0 1914625 bbbb
0 1916821 bbbb
0 1919353 bbbb
0 1921547 bbbb
0 1923821 bbbb
0 1925980 bbbb
0 1928522 bbbb
0 1930674 bbbb
0 1932946 bbbb
0 1935124 bbbb
0 1937657 bbbb
0 1939797 bbbb
0 1942021 bbbb
0 1944218 bbbb
0 1946738 bbbb
0 1948908 bbbb
0 1951186 bbbb
0 1953363 bbbb
0 1955894 bbbb
0 1958052 bbbb
0 1960328 bbbb
0 1962493 bbbb
0 1965044 bbbb
0 1967233 bbbb
0 1969488 bbbb
0 1971623 bbbb
0 1974135 bbbb
0 1976338 bbbb
0 1978603 bbbb
0 1980749 bbbb
0 1983270 bbbb
0 1985425 bbbb
0 1987684 bbbb
0 1989867 bbbb
0 1992361 bbbb
0 1994578 bbbb
0 1996877 bbbb
0 1999043 bbbb
0 2001581 bbbb
0 2003773 bbbb
0 2006057 bbbb
0 2008199 bbbb
0 2010691 bbbb
0 2012831 bbbb
0 2015091 bbbb
0 2017298 bbbb
0 2019854 bbbb
0 2022050 bbbb
0 2024316 bbbb
0 2026471 bbbb
0 2029027 bbbb
0 2031228 bbbb
0 2033463 bbbb
0 2035627 bbbb
0 2038176 bbbb
0 2040370 bbbb
0 2042669 bbbb
0 2044866 bbbb
0 2047431 bbbb
0 2049599 bbbb
0 2051867 bbbb
0 2054044 bbbb
0 2056600 bbbb
0 2058788 bbbb
0 2061043 bbbb
0 2063224 bbbb
0 2065717 bbbb
0 2067897 bbbb
0 2070169 bbbb
0 2072350 bbbb
0 2074886 bbbb
0 2077051 bbbb
0 2079365 bbbb
0 2081504 bbbb
0 2084013 bbbb
0 2086208 bbbb
0 2088518 bbbb
0 2090674 bbbb
0 2093170 bbbb
0 2095347 bbbb
0 2097625 bbbb
0 2099793 bbbb
0 2102337 bbbb
0 2104489 bbbb
0 2106741 bbbb
0 2108882 bbbb
0 2111394 bbbb
0 2113535 bbbb
0 2115794 bbbb
0 2117980 bbbb
0 2120446 bbbb
0 2122589 bbbb
0 2124863 bbbb
0 2127008 bbbb
0 2129548 bbbb
0 2131678 bbbb
0 2133937 bbbb
0 2136134 bbbb
0 2138624 bbbb
0 2140804 bbbb
0 2143084 bbbb
0 2145258 bbbb
0 2147806 bbbb
0 2150012 bbbb
0 2152270 bbbb
0 2154422 bbbb
0 2156917 bbbb
0 2159103 bbbb
0 2161371 bbbb
0 2163557 bbbb
0 2166033 bbbb
0 2168165 bbbb
0 2170405 bbbb
0 2172604 bbbb
0 2175095 bbbb
0 2177257 bbbb
0 2179537 bbbb
0 2181736 bbbb
0 2184228 bbbb
0 2186354 bbbb
0 2188611 bbbb
0 2190817 bbbb
0 2193340 bbbb
0 2195542 bbbb
0 2197798 bbbb
0 2199979 bbbb
0 2202494 bbbb
0 2204692 bbbb
0 2206947 bbbb
0 2209116 bbbb
0 2211624 bbbb
0 2213797 bbbb
0 2216061 bbbb
0 2218270 bbbb
0 2220755 bbbb
0 2222928 bbbb
0 2225207 bbbb
0 2227385 bbbb
0 2229863 bbbb
0 2232040 bbbb
0 2234284 bbbb
0 2236421 bbbb
0 2238941 bbbb
0 2241068 bbbb
0 2243352 bbbb
0 2245472 bbbb
0 2247989 bbbb
0 2250122 bbbb
0 2252423 bbbb
0 2254566 bbbb
0 2257065 bbbb
0 2259208 bbbb
0 2261479 bbbb
0 2263629 bbbb
0 2266114 bbbb
0 2268256 bbbb
0 2270507 bbbb
0 2272645 bbbb
0 2275136 bbbb
0 2277266 bbbb
0 2279541 bbbb
0 2281657 bbbb
0 2284144 bbbb
0 2286288 bbbb
0 2288539 bbbb
0 2290682 bbbb
0 2293198 bbbb
0 2295329 bbbb
0 2297606 bbbb
0 2299751 bbbb
0 2302241 bbbb
0 2304385 bbbb
0 2306658 bbbb
0 2308811 bbbb
0 2311384 bbbb
0 2313560 bbbb
0 2315790 bbbb
0 2318025 bbbb
0 2320445 bbbb
0 2322667 bbbb
0 2324865 bbbb
0 2327023 bbbb
0 2329470 bbbb
0 2331689 bbbb
0 2333851 bbbb
0 2336033 bbbb
0 2338473 bbbb
0 2340602 bbbb
0 2342791 bbbb
0 2345022 bbbb
0 2347496 bbbb
0 2349741 bbbb
0 2351910 bbbb
0 2354132 bbbb
0 2356532 bbbb
0 2358770 bbbb
0 2361107 bbbb
0 2363345 bbbb
0 2365878 bbbb
0 2368046 bbbb
0 2370272 bbbb
0 2372444 bbbb
0 2374826 bbbb
0 2377085 bbbb
0 2379341 bbbb
0 2381519 bbbb
0 2383993 bbbb
0 2386191 bbbb
0 2388404 bbbb
0 2390646 bbbb
0 2393017 bbbb
0 2395226 bbbb
0 2397449 bbbb
0 2399636 bbbb
0 2402050 bbbb
0 2404259 bbbb
0 2406431 bbbb
0 2408644 bbbb
0 2411091 bbbb
0 2413326 bbbb
0 2415676 bbbb
0 2417833 bbbb
0 2420330 bbbb
0 2422625 bbbb
0 2424848 bbbb
0 2427025 bbbb
0 2429575 bbbb
0 2431901 bbbb
0 2434106 bbbb
0 2436363 bbbb
0 2438762 bbbb
0 2440992 bbbb
0 2443169 bbbb
0 2445330 bbbb
0 2447796 bbbb
0 2449979 bbbb
0 2452135 bbbb
0 2454357 bbbb
0 2456798 bbbb
0 2458936 bbbb
0 2461172 bbbb
0 2463374 bbbb
0 2465761 bbbb
0 2467974 bbbb
0 2470142 bbbb
0 2472295 bbbb
0 2474787 bbbb
0 2477006 bbbb
0 2479232 bbbb
0 2481440 bbbb
0 2483975 bbbb
0 2486146 bbbb
0 2488372 bbbb
0 2490593 bbbb
0 2493072 bbbb
0 2495387 bbbb
0 2497554 bbbb
0 2499776 bbbb
0 2502171 bbbb
0 2504334 bbbb
0 2506545 bbbb
0 2508725 bbbb
0 2511146 bbbb
0 2513381 bbbb
0 2515559 bbbb
0 2517736 bbbb
0 2520190 bbbb
0 2522352 bbbb
0 2524500 bbbb
0 2526708 bbbb
0 2529131 bbbb
0 2531320 bbbb
0 2533505 bbbb
0 2535692 bbbb
0 2538229 bbbb
0 2540462 bbbb
0 2542719 bbbb
0 2544989 bbbb
0 2547370 bbbb
0 2549632 bbbb
0 2551860 bbbb
0 2554126 bbbb
0 2556657 bbbb
0 2558829 bbbb
0 2561113 bbbb
0 2563286 bbbb
0 2565812 bbbb
0 2567986 bbbb
0 2570259 bbbb
0 2572412 bbbb
0 2574920 bbbb
0 2577098 bbbb
0 2579364 bbbb
0 2581537 bbbb
0 2584069 bbbb
0 2586275 bbbb
0 2588528 bbbb
0 2590724 bbbb
0 2593273 bbbb
0 2595448 bbbb
0 2597735 bbbb
0 2599931 bbbb
0 2602463 bbbb
0 2604656 bbbb
0 2606908 bbbb
0 2609135 bbbb
0 2611694 bbbb
0 2613872 bbbb
0 2616165 bbbb
0 2618347 bbbb
0 2620907 bbbb
0 2623080 bbbb
0 2625361 bbbb
0 2627534 bbbb
0 2630069 bbbb
0 2632251 bbbb
0 2634560 bbbb
0 2636728 bbbb
0 2639284 bbbb
0 2641438 bbbb
0 2643708 bbbb
0 2645885 bbbb
0 2648417 bbbb
0 2650563 bbbb
0 2652829 bbbb
0 2655007 bbbb
0 2657542 bbbb
0 2659717 bbbb
0 2661994 bbbb
0 2664166 bbbb
0 2666740 bbbb
0 2668918 bbbb
0 2671202 bbbb
0 2673373 bbbb
0 2675910 bbbb
0 2678068 bbbb
0 2680353 bbbb
0 2682511 bbbb
0 2685038 bbbb
0 2687211 bbbb
0 2689508 bbbb
0 2691662 bbbb
0 2694212 bbbb
0 2696369 bbbb
0 2698641 bbbb
0 2700819 bbbb
0 2703323 bbbb
0 2705497 bbbb
0 2707769 bbbb
0 2709944 bbbb
0 2712481 bbbb
0 2714652 bbbb
0 2716937 bbbb
0 2719112 bbbb
0 2721643 bbbb
0 2723795 bbbb
0 2726065 bbbb
0 2728236 bbbb
0 2730762 bbbb
0 2732944 bbbb
0 2735228 bbbb
0 2737398 bbbb
0 2739925 bbbb
0 2742112 bbbb
0 2744393 bbbb
0 2746567 bbbb
0 2749080 bbbb
0 2751262 bbbb
0 2753526 bbbb
0 2755685 bbbb
0 2758207 bbbb
0 2760381 bbbb
0 2762654 bbbb
0 2764825 bbbb
0 2767366 bbbb
0 2769539 bbbb
0 2771815 bbbb
0 2773970 bbbb
0 2776505 bbbb
0 2778665 bbbb
0 2780953 bbbb
0 2783117 bbbb
0 2785645 bbbb
0 2787820 bbbb
0 2790076 bbbb
0 2792251 bbbb
0 2794775 bbbb
0 2796957 bbbb
0 2799226 bbbb
0 2801394 bbbb
0 2803936 bbbb
0 2806111 bbbb
0 2808370 bbbb
0 2810552 bbbb
0 2813065 bbbb
0 2815203 bbbb
0 2817470 bbbb
0 2819642 bbbb
0 2822182 bbbb
0 2824355 bbbb
0 2826641 bbbb
0 2828812 bbbb
0 2831311 bbbb
0 2833478 bbbb
0 2835772 bbbb
0 2837948 bbbb
0 2840466 bbbb
0 2842619 bbbb
0 2844892 bbbb
0 2847072 bbbb
0 2849597 bbbb
0 2851775 bbbb
0 2854012 bbbb
0 2856158 bbbb
0 2858673 bbbb
0 2860850 bbbb
0 2863130 bbbb
0 2865307 bbbb
0 2867841 bbbb
0 2870011 bbbb
0 2872298 bbbb
0 2874469 bbbb
0 2877020 bbbb
0 2879179 bbbb
0 2881461 bbbb
0 2883632 bbbb
0 2886184 bbbb
0 2888323 bbbb
0 2890597 bbbb
0 2892763 bbbb
0 2895413 bbbb
0 2897687 bbbb
0 2899919 bbbb
0 2902202 bbbb
0 2904629 bbbb
0 2906906 bbbb
0 2909071 bbbb
0 2911322 bbbb
0 2913690 bbbb
0 2915957 bbbb
0 2918141 bbbb
0 2920378 bbbb
0 2922770 bbbb
0 2925020 bbbb
0 2927179 bbbb
0 2929441 bbbb
0 2931856 bbbb
0 2934092 bbbb
0 2936257 bbbb
0 2938498 bbbb
0 2940886 bbbb
0 2943146 bbbb
0 2945309 bbbb
0 2947563 bbbb
0 2949964 bbbb
0 2952241 bbbb
0 2954406 bbbb
0 2956663 bbbb
0 2959048 bbbb
0 2961296 bbbb
0 2963452 bbbb
0 2965726 bbbb
0 2968114 bbbb
0 2970448 bbbb
0 2972657 bbbb
0 2974905 bbbb
0 2977301 bbbb
0 2979578 bbbb
0 2981738 bbbb
0 2984062 bbbb
0 2986491 bbbb
0 2988729 bbbb
0 2990880 bbbb
0 2993126 bbbb
0 2995468 bbbb
0 2997761 bbbb
0 2999944 bbbb
0 3002196 bbbb
0 3004595 bbbb
0 3006850 bbbb
0 3009018 bbbb
0 3011299 bbbb
0 3013684 bbbb
0 3015965 bbbb
0 3018134 bbbb
0 3020371 bbbb
0 3022789 bbbb
0 3025012 bbbb
0 3027176 bbbb
0 3029491 bbbb
0 3031919 bbbb
0 3034156 bbbb
0 3036330 bbbb
0 3038578 bbbb
0 3040985 bbbb
0 3043258 bbbb
0 3045458 bbbb
0 3047711 bbbb
0 3050119 bbbb
0 3052375 bbbb
0 3054551 bbbb
0 3056816 bbbb
0 3059209 bbbb
0 3061469 bbbb
0 3063658 bbbb
0 3065903 bbbb
0 3068306 bbbb
0 3070577 bbbb
0 3072752 bbbb
0 3075022 bbbb
0 3077449 bbbb
0 3079703 bbbb
0 3081881 bbbb
0 3084104 bbbb
0 3086522 bbbb
0 3088796 bbbb
0 3090970 bbbb
0 3093218 bbbb
0 3095636 bbbb
0 3097881 bbbb
0 3100052 bbbb
0 3102326 bbbb
0 3104688 bbbb
0 3106929 bbbb
0 3109132 bbbb
0 3111384 bbbb
0 3113780 bbbb
0 3116024 bbbb
0 3118222 bbbb
0 3120481 bbbb
0 3122893 bbbb
0 3125149 bbbb
0 3127288 bbbb
0 3129547 bbbb
0 3131950 bbbb
0 3134196 bbbb
0 3136369 bbbb
0 3138656 bbbb
0 3141032 bbbb
0 3143282 bbbb
0 3145436 bbbb
0 3147706 bbbb
0 3150136 bbbb
0 3152392 bbbb
0 3154583 bbbb
0 3156852 bbbb
0 3159263 bbbb
0 3161518 bbbb
0 3163665 bbbb
0 3165923 bbbb
0 3168322 bbbb
0 3170624 bbbb
0 3172796 bbbb
0 3175049 bbbb
0 3177493 bbbb
0 3179748 bbbb
0 3181898 bbbb
0 3184184 bbbb
0 3186610 bbbb
0 3188864 bbbb
0 3191005 bbbb
0 3193256 bbbb
0 3195688 bbbb
0 3197954 bbbb
0 3200120 bbbb
0 3202421 bbbb
0 3204846 bbbb
0 3207088 bbbb
0 3209243 bbbb
0 3211499 bbbb
0 3213931 bbbb
0 3216180 bbbb
0 3218337 bbbb
0 3220659 bbbb
0 3223034 bbbb
0 3225278 bbbb
0 3227420 bbbb
0 3229688 bbbb
0 3232066 bbbb
0 3234334 bbbb
0 3236509 bbbb
0 3238757 bbbb
0 3241170 bbbb
0 3243422 bbbb
0 3245590 bbbb
0 3247833 bbbb
0 3250227 bbbb
0 3252519 bbbb
0 3254718 bbbb
0 3256972 bbbb
0 3259363 bbbb
0 3261614 bbbb
0 3263826 bbbb
0 3266138 bbbb
0 3268506 bbbb
0 3270760 bbbb
0 3272941 bbbb
0 3275265 bbbb
0 3277618 bbbb
0 3279922 bbbb
0 3282083 bbbb
0 3284342 bbbb
0 3286740 bbbb
0 3288999 bbbb
0 3291167 bbbb
0 3293418 bbbb
0 3295862 bbbb
0 3298122 bbbb
0 3300260 bbbb
0 3302507 bbbb
0 3304897 bbbb
0 3307149 bbbb
0 3309274 bbbb
0 3311552 bbbb
0 3313911 bbbb
0 3316166 bbbb
0 3318332 bbbb
0 3320607 bbbb
0 3323000 bbbb
0 3325279 bbbb
0 3327445 bbbb
0 3329696 bbbb
0 3332098 bbbb
0 3334376 bbbb
0 3336542 bbbb
0 3338831 bbbb
0 3341213 bbbb
0 3343475 bbbb
0 3345645 bbbb
0 3347893 bbbb
0 3350293 bbbb
0 3352548 bbbb
0 3354716 bbbb
0 3356989 bbbb
0 3359398 bbbb
0 3361674 bbbb
0 3363820 bbbb
0 3366081 bbbb
0 3368505 bbbb
0 3370786 bbbb
0 3372951 bbbb
0 3375200 bbbb
0 3377621 bbbb
0 3379905 bbbb
0 3382095 bbbb
0 3384353 bbbb
0 3386764 bbbb
0 3389006 bbbb
0 3391130 bbbb
0 3393387 bbbb
0 3395794 bbbb
0 3398067 bbbb
0 3400225 bbbb
0 3402503 bbbb
0 3404903 bbbb
0 3407180 bbbb
0 3409310 bbbb
0 3411595 bbbb
0 3413972 bbbb
0 3416258 bbbb
0 3418391 bbbb
0 3420667 bbbb
0 3423069 bbbb
0 3425340 bbbb
0 3427495 bbbb
0 3429740 bbbb
0 3432155 bbbb
0 3434418 bbbb
0 3436606 bbbb
0 3438866 bbbb
0 3441278 bbbb
0 3443542 bbbb
0 3445717 bbbb
0 3447974 bbbb
0 3450360 bbbb
0 3452662 bbbb
0 3454805 bbbb
0 3457060 bbbb
0 3459473 bbbb
0 3461728 bbbb
0 3463874 bbbb
0 3466151 bbbb
0 3468557 bbbb
0 3470821 bbbb
0 3472929 bbbb
0 3475182 bbbb
0 3477682 bbbb
0 3479927 bbbb
0 3482074 bbbb
0 3484204 bbbb
0 3486699 bbbb
0 3488848 bbbb
0 3491054 bbbb
0 3493317 bbbb
0 3495693 bbbb
0 3497823 bbbb
0 3500076 bbbb
0 3502219 bbbb
0 3504665 bbbb
0 3506927 bbbb
0 3509087 bbbb
0 3511222 bbbb
0 3513715 bbbb
0 3515848 bbbb
0 3517991 bbbb
0 3520263 bbbb
0 3522643 bbbb
0 3524795 bbbb
0 3527026 bbbb
0 3529178 bbbb
0 3531559 bbbb
0 3533830 bbbb
0 3535954 bbbb
0 3538084 bbbb
0 3540583 bbbb
0 3542722 bbbb
0 3544887 bbbb
0 3547118 bbbb
0 3549528 bbbb
0 3551655 bbbb
0 3553933 bbbb
0 3556057 bbbb
0 3558409 bbbb
0 3560670 bbbb
0 3562823 bbbb
0 3564965 bbbb
0 3567485 bbbb
0 3569627 bbbb
0 3571767 bbbb
0 3574038 bbbb
0 3576422 bbbb
0 3578591 bbbb
0 3580889 bbbb
0 3583015 bbbb
0 3585386 bbbb
0 3587645 bbbb
0 3589788 bbbb
0 3592000 bbbb
0 3594485 bbbb
0 3596657 bbbb
0 3598850 bbbb
0 3601090 bbbb
0 3603466 bbbb
0 3605653 bbbb
0 3607902 bbbb
0 3610055 bbbb
0 3612423 bbbb
0 3614677 bbbb
0 3616808 bbbb
0 3618979 bbbb
0 3621482 bbbb
0 3623625 bbbb
0 3625817 bbbb
0 3628064 bbbb
0 3630440 bbbb
0 3632636 bbbb
0 3634869 bbbb
0 3636992 bbbb
0 3639394 bbbb
0 3641671 bbbb
0 3643805 bbbb
0 3646009 bbbb
0 3648513 bbbb
0 3650682 bbbb
0 3652878 bbbb
0 3655142 bbbb
0 3657539 bbbb
0 3659735 bbbb
0 3661988 bbbb
0 3664128 bbbb
0 3666514 bbbb
0 3668769 bbbb
0 3670910 bbbb
0 3673100 bbbb
0 3675596 bbbb
0 3677777 bbbb
0 3680003 bbbb
0 3682281 bbbb
0 3684652 bbbb
0 3686841 bbbb
0 3689080 bbbb
0 3691188 bbbb
0 3693592 bbbb
0 3695857 bbbb
0 3698003 bbbb
0 3700121 bbbb
0 3702634 bbbb
0 3704771 bbbb
0 3706950 bbbb
0 3709268 bbbb
0 3711647 bbbb
0 3713826 bbbb
0 3716075 bbbb
0 3718225 bbbb
0 3720611 bbbb
0 3722894 bbbb
0 3725080 bbbb
0 3727219 bbbb
0 3729712 bbbb
0 3731873 bbbb
0 3734054 bbbb
0 3736287 bbbb
0 3738657 bbbb
0 3740854 bbbb
0 3743101 bbbb
0 3745240 bbbb
0 3747658 bbbb
0 3749922 bbbb
0 3752046 bbbb
0 3754232 bbbb
0 3756717 bbbb
0 3758863 bbbb
0 3761057 bbbb
0 3763307 bbbb
0 3765690 bbbb
0 3767879 bbbb
0 3770118 bbbb
0 3772254 bbbb
0 3774681 bbbb
0 3776931 bbbb
0 3779053 bbbb
0 3781238 bbbb
0 3783735 bbbb
0 3785876 bbbb
0 3788067 bbbb
0 3790341 bbbb
0 3792706 bbbb
0 3794877 bbbb
0 3797130 bbbb
0 3799276 bbbb
0 3801688 bbbb
0 3803923 bbbb
0 3806062 bbbb
0 3808234 bbbb
0 3810713 bbbb
0 3812852 bbbb
0 3815030 bbbb
0 3817286 bbbb
0 3819661 bbbb
0 3821817 bbbb
0 3824090 bbbb
0 3826226 bbbb
0 3828611 bbbb
0 3830852 bbbb
0 3833005 bbbb
0 3835276 bbbb
0 3837659 bbbb
0 3839848 bbbb
0 3842074 bbbb
0 3844193 bbbb
0 3846602 bbbb
0 3848858 bbbb
0 3851003 bbbb
0 3853280 bbbb
0 3855691 bbbb
0 3857861 bbbb
0 3860109 bbbb
0 3862290 bbbb
0 3864682 bbbb
0 3866959 bbbb
0 3869098 bbbb
0 3871263 bbbb
0 3873773 bbbb
0 3875932 bbbb
0 3878098 bbbb
0 3880381 bbbb
0 3882755 bbbb
0 3884888 bbbb
0 3887164 bbbb
0 3889305 bbbb
0 3891675 bbbb
0 3893940 bbbb
0 3896093 bbbb
0 3898223 bbbb
0 3900700 bbbb
0 3902846 bbbb
0 3905003 bbbb
0 3907259 bbbb
0 3909625 bbbb
0 3911771 bbbb
0 3914023 bbbb
0 3916179 bbbb
0 3918541 bbbb
0 3920814 bbbb
0 3922967 bbbb
0 3925120 bbbb
0 3927603 bbbb
0 3929765 bbbb
0 3931884 bbbb
0 3934152 bbbb
0 3936505 bbbb
0 3938636 bbbb
0 3940910 bbbb
0 3943048 bbbb
0 3945433 bbbb
0 3947669 bbbb
0 3949835 bbbb
0 3951979 bbbb
0 3954442 bbbb
0 3956592 bbbb
0 3958862 bbbb
0 3960984 bbbb
0 3963339 bbbb
0 3965611 bbbb
0 3967740 bbbb
0 3969886 bbbb
0 3972367 bbbb
0 3974512 bbbb
0 3976655 bbbb
0 3978941 bbbb
0 3981321 bbbb
0 3983449 bbbb
0 3985711 bbbb
0 3987823 bbbb
0 3990173 bbbb
0 3992447 bbbb
0 3994571 bbbb
0 3996700 bbbb
0 3999195 bbbb
0 4001365 bbbb
0 4003573 bbbb
0 4005821 bbbb
0 4008211 bbbb
0 4010462 bbbb
0 4012653 bbbb
0 4014911 bbbb
0 4017296 bbbb
0 4019456 bbbb
0 4021707 bbbb
0 4023889 bbbb
0 4026386 bbbb
0 4028557 bbbb
0 4030725 bbbb
0 4032986 bbbb
0 4035369 bbbb
0 4037555 bbbb
0 4039792 bbbb
0 4041926 bbbb
0 4044367 bbbb
0 4046638 bbbb
0 4048838 bbbb
0 4051001 bbbb
0 4053556 bbbb
0 4055731 bbbb
0 4057942 bbbb
0 4060172 bbbb
0 4062545 bbbb
0 4064749 bbbb
0 4066958 bbbb
0 4069096 bbbb
0 4071582 bbbb
0 4073774 bbbb
0 4075912 bbbb
0 4078142 bbbb
0 4080584 bbbb
0 4082742 bbbb
0 4084981 bbbb
0 4087190 bbbb
0 4089592 bbbb
0 4091828 bbbb
0 4094042 bbbb
0 4096180 bbbb
0 4098690 bbbb
0 4100888 bbbb
0 4103014 bbbb
0 4105228 bbbb
0 4107692 bbbb
0 4109852 bbbb
0 4112068 bbbb
0 4114312 bbbb
0 4116665 bbbb
0 4118877 bbbb
0 4121104 bbbb
0 4123234 bbbb
0 4125712 bbbb
0 4127978 bbbb
0 4130144 bbbb
0 4132310 bbbb
0 4134763 bbbb
0 4136915 bbbb
0 4139122 bbbb
0 4141352 bbbb
0 4143836 bbbb
0 4146091 bbbb
0 4148226 bbbb
0 4150393 bbbb
0 4152825 bbbb
0 4154951 bbbb
0 4157161 bbbb
0 4159370 bbbb
0 4161755 bbbb
0 4163942 bbbb
0 4166155 bbbb
0 4168294 bbbb
0 4170755 bbbb
0 4172976 bbbb
0 4175114 bbbb
0 4177344 bbbb
0 4179797 bbbb
0 4181917 bbbb
0 4184156 bbbb
0 4186366 bbbb
0 4188747 bbbb
0 4190978 bbbb
0 4193186 bbbb
0 4195325 bbbb
0 4197765 bbbb
0 4199977 bbbb
0 4202112 bbbb
0 4204350 bbbb
0 4206764 bbbb
0 4208904 bbbb
0 4211161 bbbb
0 4213372 bbbb
0 4215740 bbbb
0 4217974 bbbb
0 4220204 bbbb
0 4222361 bbbb
0 4224870 bbbb
0 4227091 bbbb
0 4229301 bbbb
0 4231580 bbbb
0 4233989 bbbb
0 4236218 bbbb
0 4238453 bbbb
0 4240603 bbbb
0 4243105 bbbb
0 4245322 bbbb
0 4247473 bbbb
0 4249715 bbbb
0 4252151 bbbb
0 4254293 bbbb
0 4256509 bbbb
0 4258740 bbbb
0 4261112 bbbb
0 4263276 bbbb
0 4265508 bbbb
0 4267615 bbbb
0 4270089 bbbb
0 4272300 bbbb
0 4274433 bbbb
0 4276663 bbbb
0 4279081 bbbb
0 4281221 bbbb
0 4283435 bbbb
0 4285649 bbbb
0 4288109 bbbb
0 4290321 bbbb
0 4292471 bbbb
0 4294685 bbbb
0 4297124 bbbb
0 4299263 bbbb
0 4301470 bbbb
0 4303694 bbbb
0 4306115 bbbb
0 4308299 bbbb
0 4310490 bbbb
0 4312663 bbbb
0 4315124 bbbb
0 4317326 bbbb
0 4319463 bbbb
0 4321693 bbbb
0 4324117 bbbb
0 4326239 bbbb
0 4328405 bbbb
0 4330613 bbbb
0 4332989 bbbb
0 4335173 bbbb
0 4337380 bbbb
0 4339532 bbbb
0 4342014 bbbb
0 4344230 bbbb
0 4346366 bbbb
0 4348578 bbbb
0 4351048 bbbb
0 4353164 bbbb
0 4355383 bbbb
0 4357594 bbbb
0 4360007 bbbb
0 4362193 bbbb
0 4364417 bbbb
0 4366556 bbbb
0 4368980 bbbb
0 4371149 bbbb
0 4373248 bbbb
0 4375432 bbbb
0 4377929 bbbb
0 4380047 bbbb
0 4382239 bbbb
0 4384474 bbbb
0 4386866 bbbb
0 4389064 bbbb
0 4391219 bbbb
0 4393331 bbbb
0 4395788 bbbb
0 4397959 bbbb
0 4400071 bbbb
0 4402259 bbbb
0 4404698 bbbb
0 4406814 bbbb
0 4409004 bbbb
0 4411211 bbbb
0 4413591 bbbb
0 4415770 bbbb
0 4417975 bbbb
0 4420079 bbbb
0 4422479 bbbb
0 4424671 bbbb
0 4426802 bbbb
0 4428994 bbbb
0 4431431 bbbb
0 4433519 bbbb
0 4435699 bbbb
0 4437872 bbbb
0 4440241 bbbb
0 4442441 bbbb
0 4444636 bbbb
0 4446736 bbbb
0 4449186 bbbb
0 4451375 bbbb
0 4453491 bbbb
0 4455676 bbbb
0 4458134 bbbb
0 4460239 bbbb
0 4462437 bbbb
0 4464642 bbbb
0 4467035 bbbb
0 4469232 bbbb
0 4471424 bbbb
0 4473550 bbbb
0 4475972 bbbb
0 4478153 bbbb
0 4480283 bbbb
0 4482481 bbbb
0 4484919 bbbb
0 4487033 bbbb
0 4489259 bbbb
0 4491468 bbbb
0 4493819 bbbb
0 4495997 bbbb
0 4498198 bbbb
0 4500324 bbbb
0 4502784 bbbb
0 4504970 bbbb
0 4507084 bbbb
0 4509271 bbbb
0 4511704 bbbb
0 4513822 bbbb
0 4516013 bbbb
0 4518234 bbbb
0 4520579 bbbb
0 4522781 bbbb
0 4524935 bbbb
0 4527054 bbbb
0 4529534 bbbb
0 4531718 bbbb
0 4533831 bbbb
0 4535996 bbbb
0 4538439 bbbb
0 4540565 bbbb
0 4542762 bbbb
0 4544967 bbbb
0 4547333 bbbb
0 4549530 bbbb
0 4551725 bbbb
0 4553839 bbbb
0 4556249 bbbb
0 4558422 bbbb
0 4560527 bbbb
0 4562715 bbbb
0 4565095 bbbb
0 4567199 bbbb
0 4569401 bbbb
0 4571588 bbbb
0 4573945 bbbb
0 4576149 bbbb
0 4578308 bbbb
0 4580435 bbbb
0 4582875 bbbb
0 4585069 bbbb
0 4587190 bbbb
0 4589380 bbbb
0 4591811 bbbb
0 4593923 bbbb
0 4596101 bbbb
0 4598293 bbbb
0 4600685 bbbb
0 4602896 bbbb
0 4605080 bbbb
0 4607220 bbbb
0 4609692 bbbb
0 4611881 bbbb
0 4613978 bbbb
0 4616192 bbbb
0 4618627 bbbb
0 4620713 bbbb
0 4622859 bbbb
0 4625049 bbbb
0 4627503 bbbb
0 4629656 bbbb
0 4631869 bbbb
0 4634094 bbbb
0 4636505 bbbb
0 4638737 bbbb
0 4640878 bbbb
0 4643032 bbbb
0 4645477 bbbb
0 4647636 bbbb
0 4649774 bbbb
0 4651976 bbbb
0 4654394 bbbb
0 4656545 bbbb
0 4658723 bbbb
0 4660887 bbbb
0 4663277 bbbb
0 4665431 bbbb
0 4667573 bbbb
0 4669721 bbbb
0 4672164 bbbb
0 4674316 bbbb
0 4676463 bbbb
0 4678675 bbbb
0 4681106 bbbb
0 4683259 bbbb
0 4685439 bbbb
0 4687580 bbbb
0 4689973 bbbb
0 4692143 bbbb
0 4694285 bbbb
0 4696411 bbbb
0 4698840 bbbb
0 4701000 bbbb
0 4703124 bbbb
0 4705295 bbbb
0 4707718 bbbb
0 4709864 bbbb
0 4712072 bbbb
0 4714220 bbbb
0 4716603 bbbb
0 4718789 bbbb
0 4720952 bbbb
0 4723085 bbbb
0 4725518 bbbb
0 4727677 bbbb
0 4729837 bbbb
0 4732019 bbbb
0 4734450 bbbb
0 4736635 bbbb
0 4738820 bbbb
0 4740977 bbbb
0 4743380 bbbb
0 4745586 bbbb
0 4747757 bbbb
0 4749879 bbbb
0 4752334 bbbb
0 4754491 bbbb
0 4756633 bbbb
0 4758816 bbbb
0 4761189 bbbb
0 4763330 bbbb
0 4765498 bbbb
0 4767653 bbbb
0 4770079 bbbb
0 4772246 bbbb
0 4774400 bbbb
0 4776555 bbbb
0 4779038 bbbb
0 4781198 bbbb
0 4783349 bbbb
0 4785524 bbbb
0 4787947 bbbb
0 4790105 bbbb
0 4792310 bbbb
0 4794472 bbbb
0 4796891 bbbb
0 4799105 bbbb
0 4801280 bbbb
0 4803452 bbbb
0 4805876 bbbb
0 4808034 bbbb
0 4810178 bbbb
0 4812347 bbbb
0 4814764 bbbb
0 4816906 bbbb
0 4819088 bbbb
0 4821241 bbbb
0 4823657 bbbb
0 4825844 bbbb
0 4828015 bbbb
0 4830160 bbbb
0 4832594 bbbb
0 4834756 bbbb
0 4836910 bbbb
0 4839095 bbbb
0 4841492 bbbb
0 4843614 bbbb
0 4845767 bbbb
0 4847913 bbbb
0 4850290 bbbb
0 4852471 bbbb
0 4854629 bbbb
0 4856791 bbbb
0 4859253 bbbb
0 4861382 bbbb
0 4863485 bbbb
0 4865705 bbbb
0 4868107 bbbb
0 4870264 bbbb
0 4872440 bbbb
0 4874608 bbbb
0 4877013 bbbb
0 4879199 bbbb
0 4881340 bbbb
0 4883474 bbbb
0 4885883 bbbb
0 4888011 bbbb
0 4890132 bbbb
0 4892314 bbbb
0 4894726 bbbb
0 4896851 bbbb
0 4899022 bbbb
0 4901166 bbbb
0 4903616 bbbb
0 4905799 bbbb
0 4907981 bbbb
0 4910131 bbbb
0 4912580 bbbb
0 4914732 bbbb
0 4916856 bbbb
0 4919044 bbbb
0 4921450 bbbb
0 4923595 bbbb
0 4925794 bbbb
0 4927954 bbbb
0 4930399 bbbb
0 4932621 bbbb
0 4934762 bbbb
0 4936912 bbbb
0 4939355 bbbb
0 4941517 bbbb
0 4943678 bbbb
0 4945880 bbbb
0 4948317 bbbb
0 4950468 bbbb
0 4952664 bbbb
0 4954827 bbbb
0 4957211 bbbb
0 4959392 bbbb
0 4961541 bbbb
0 4963682 bbbb
0 4966147 bbbb
0 4968290 bbbb
0 4970435 bbbb
0 4972618 bbbb
0 4975041 bbbb
0 4977200 bbbb
0 4979381 bbbb
0 4981556 bbbb
0 4983960 bbbb
0 4986146 bbbb
0 4988280 bbbb
0 4990454 bbbb
0 4992901 bbbb
0 4995056 bbbb
0 4997237 bbbb
0 4999421 bbbb
0 5001842 bbbb
0 5004008 bbbb
0 5006224 bbbb
0 5008341 bbbb
0 5010718 bbbb
0 5012906 bbbb
0 5015035 bbbb
0 5017175 bbbb
0 5019615 bbbb
0 5021755 bbbb
0 5023877 bbbb
0 5026049 bbbb
0 5028491 bbbb
0 5030627 bbbb
0 5032787 bbbb
0 5034950 bbbb
0 5037329 bbbb
0 5039492 bbbb
0 5041640 bbbb
0 5043796 bbbb
0 5046239 bbbb
0 5048397 bbbb
0 5050551 bbbb
0 5052717 bbbb
0 5055140 bbbb
0 5057296 bbbb
0 5059469 bbbb
0 5061620 bbbb
0 5064013 bbbb
0 5066188 bbbb
0 5068378 bbbb
0 5070521 bbbb
0 5072967 bbbb
0 5075135 bbbb
0 5077269 bbbb
0 5079425 bbbb
0 5081857 bbbb
0 5084003 bbbb
0 5086168 bbbb
0 5088347 bbbb
0 5090723 bbbb
0 5092886 bbbb
0 5095028 bbbb
0 5097176 bbbb
0 5099584 bbbb
0 5101740 bbbb
0 5103894 bbbb
0 5106080 bbbb
0 5108526 bbbb
0 5110659 bbbb
0 5112836 bbbb
0 5114990 bbbb
0 5117410 bbbb
0 5119612 bbbb
0 5121767 bbbb
0 5123909 bbbb
0 5126377 bbbb
0 5128536 bbbb
0 5130651 bbbb
0 5132861 bbbb
0 5135279 bbbb
0 5137428 bbbb
0 5139596 bbbb
0 5141752 bbbb
0 5144165 bbbb
0 5146355 bbbb
0 5148479 bbbb
0 5150602 bbbb
0 5153027 bbbb
0 5155201 bbbb
0 5157346 bbbb
0 5159520 bbbb
0 5161943 bbbb
0 5164099 bbbb
0 5166305 bbbb
0 5168468 bbbb
0 5170844 bbbb
0 5173039 bbbb
0 5175214 bbbb
0 5177330 bbbb
0 5179779 bbbb
0 5181935 bbbb
0 5184104 bbbb
0 5186295 bbbb
0 5188699 bbbb
0 5190824 bbbb
0 5193026 bbbb
0 5195165 bbbb
0 5197700 bbbb
0 5199880 bbbb
0 5202043 bbbb
0 5204246 bbbb
0 5206679 bbbb
0 5208835 bbbb
0 5211026 bbbb
0 5213171 bbbb
0 5215539 bbbb
0 5217696 bbbb
0 5219837 bbbb
0 5221955 bbbb
0 5224412 bbbb
0 5226569 bbbb
0 5228722 bbbb
0 5230913 bbbb
0 5233323 bbbb
0 5235458 bbbb
0 5237668 bbbb
0 5239826 bbbb
0 5242238 bbbb
0 5244394 bbbb
0 5246554 bbbb
0 5248665 bbbb
0 5251073 bbbb
0 5253230 bbbb
0 5255329 bbbb
0 5257475 bbbb
0 5259890 bbbb
0 5261987 bbbb
0 5264141 bbbb
0 5266304 bbbb
0 5268713 bbbb
0 5270890 bbbb
0 5273042 bbbb
0 5275208 bbbb
0 5277674 bbbb
0 5279826 bbbb
0 5281929 bbbb
0 5284090 bbbb
0 5286495 bbbb
0 5288625 bbbb
0 5290817 bbbb
0 5292981 bbbb
0 5295378 bbbb
0 5297574 bbbb
0 5299734 bbbb
0 5301856 bbbb
0 5304297 bbbb
0 5306444 bbbb
0 5308594 bbbb
0 5310773 bbbb
0 5313208 bbbb
0 5315331 bbbb
0 5317526 bbbb
0 5319668 bbbb
0 5322079 bbbb
0 5324279 bbbb
0 5326423 bbbb
0 5328569 bbbb
0 5330987 bbbb
0 5333135 bbbb
0 5335271 bbbb
0 5337485 bbbb
0 5339847 bbbb
0 5341975 bbbb
0 5344173 bbbb
0 5346338 bbbb
0 5348716 bbbb
0 5350907 bbbb
0 5353084 bbbb
0 5355209 bbbb
0 5357628 bbbb
0 5359813 bbbb
0 5361942 bbbb
0 5364149 bbbb
0 5366539 bbbb
0 5368684 bbbb
0 5370892 bbbb
0 5373059 bbbb
0 5375459 bbbb
0 5377637 bbbb
0 5379799 bbbb
0 5381940 bbbb
0 5384396 bbbb
0 5386564 bbbb
0 5388705 bbbb
0 5390914 bbbb
0 5393324 bbbb
0 5395437 bbbb
0 5397615 bbbb
0 5399771 bbbb
0 5402182 bbbb
0 5404325 bbbb
0 5406474 bbbb
0 5408609 bbbb
0 5411082 bbbb
0 5413276 bbbb
0 5415395 bbbb
0 5417560 bbbb
0 5419962 bbbb
0 5422097 bbbb
0 5424289 bbbb
0 5426469 bbbb
0 5428847 bbbb
0 5431041 bbbb
0 5433208 bbbb
0 5435327 bbbb
0 5437802 bbbb
0 5439944 bbbb
0 5442080 bbbb
0 5444267 bbbb
0 5446687 bbbb
0 5448814 bbbb
0 5450971 bbbb
0 5453129 bbbb
0 5455530 bbbb
0 5457711 bbbb
0 5459878 bbbb
0 5462039 bbbb
0 5464505 bbbb
0 5466671 bbbb
0 5468806 bbbb
0 5470999 bbbb
0 5473424 bbbb
0 5475549 bbbb
0 5477729 bbbb
0 5479896 bbbb
0 5482292 bbbb
0 5484490 bbbb
0 5486682 bbbb
0 5488815 bbbb
0 5491288 bbbb
0 5493458 bbbb
0 5495580 bbbb
0 5497768 bbbb
0 5500225 bbbb
0 5502396 bbbb
0 5504620 bbbb
0 5506795 bbbb
0 5509145 bbbb
0 5511341 bbbb
0 5513498 bbbb
0 5515614 bbbb
0 5518025 bbbb
0 5520180 bbbb
0 5522333 bbbb
0 5524500 bbbb
0 5526874 bbbb
0 5529011 bbbb
0 5531196 bbbb
0 5533335 bbbb
0 5535724 bbbb
0 5537906 bbbb
0 5540056 bbbb
0 5542173 bbbb
0 5544562 bbbb
0 5546719 bbbb
0 5548841 bbbb
0 5551049 bbbb
0 5553445 bbbb
0 5555570 bbbb
0 5557736 bbbb
0 5559879 bbbb
0 5562244 bbbb
0 5564421 bbbb
0 5566579 bbbb
0 5568710 bbbb
0 5571155 bbbb
0 5573296 bbbb
0 5575417 bbbb
0 5577632 bbbb
0 5580003 bbbb
0 5582140 bbbb
0 5584322 bbbb
0 5586481 bbbb
0 5588882 bbbb
0 5591053 bbbb
0 5593205 bbbb
0 5595303 bbbb
0 5597710 bbbb
0 5599847 bbbb
0 5601968 bbbb
0 5604140 bbbb
0 5606561 bbbb
0 5608696 bbbb
0 5610855 bbbb
0 5613003 bbbb
0 5615407 bbbb
0 5617586 bbbb
0 5619746 bbbb
0 5621869 bbbb
0 5624332 bbbb
0 5626524 bbbb
0 5628630 bbbb
0 5630790 bbbb
0 5633224 bbbb
0 5635362 bbbb
0 5637535 bbbb
0 5639722 bbbb
0 5642122 bbbb
0 5644325 bbbb
0 5646508 bbbb
0 5648609 bbbb
0 5651039 bbbb
0 5653215 bbbb
0 5655308 bbbb
0 5657467 bbbb
0 5659889 bbbb
0 5662025 bbbb
0 5664187 bbbb
0 5666330 bbbb
0 5668756 bbbb
0 5670921 bbbb
0 5673043 bbbb
0 5675170 bbbb
0 5677588 bbbb
0 5679760 bbbb
0 5681914 bbbb
0 5684108 bbbb
0 5686518 bbbb
0 5688673 bbbb
0 5690888 bbbb
0 5693052 bbbb
0 5695459 bbbb
0 5697650 bbbb
0 5699815 bbbb
0 5701968 bbbb
0 5704383 bbbb
0 5706550 bbbb
0 5708651 bbbb
0 5710808 bbbb
0 5713216 bbbb
0 5715361 bbbb
0 5717567 bbbb
0 5719718 bbbb
0 5722097 bbbb
0 5724304 bbbb
0 5726437 bbbb
0 5728572 bbbb
0 5730996 bbbb
0 5733155 bbbb
0 5735322 bbbb
0 5737492 bbbb
0 5739878 bbbb
0 5741981 bbbb
0 5744140 bbbb
0 5746295 bbbb
0 5748689 bbbb
0 5750883 bbbb
0 5753064 bbbb
0 5755219 bbbb
0 5757635 bbbb
0 5759798 bbbb
0 5761934 bbbb
0 5764115 bbbb
0 5766617 bbbb
0 5768866 bbbb
0 5771079 bbbb
0 5773295 bbbb
0 5775764 bbbb
0 5777936 bbbb
0 5780140 bbbb
0 5782350 bbbb
0 5784802 bbbb
0 5786983 bbbb
0 5789178 bbbb
0 5791360 bbbb
0 5793787 bbbb
0 5795995 bbbb
0 5798186 bbbb
0 5800374 bbbb
0 5802824 bbbb
0 5804995 bbbb
0 5807160 bbbb
0 5809321 bbbb
0 5811749 bbbb
0 5813940 bbbb
0 5816123 bbbb
0 5818285 bbbb
0 5820715 bbbb
0 5822903 bbbb
0 5825091 bbbb
0 5827267 bbbb
0 5829728 bbbb
0 5831902 bbbb
0 5834063 bbbb
0 5836260 bbbb
0 5838721 bbbb
0 5840935 bbbb
0 5843123 bbbb
0 5845277 bbbb
0 5847696 bbbb
0 5849876 bbbb
0 5852054 bbbb
0 5854240 bbbb
0 5856695 bbbb
0 5858882 bbbb
0 5861061 bbbb
0 5863241 bbbb
0 5865687 bbbb
0 5867861 bbbb
0 5869992 bbbb
0 5872174 bbbb
0 5874596 bbbb
0 5876785 bbbb
0 5878957 bbbb
0 5881158 bbbb
0 5883617 bbbb
0 5885806 bbbb
0 5887998 bbbb
0 5890187 bbbb
0 5892647 bbbb
0 5894858 bbbb
0 5897054 bbbb
0 5899244 bbbb
0 5901662 bbbb
0 5903876 bbbb
0 5906060 bbbb
0 5908250 bbbb
0 5910695 bbbb
0 5912877 bbbb
0 5915062 bbbb
0 5917238 bbbb
0 5919687 bbbb
0 5921858 bbbb
0 5924041 bbbb
0 5926221 bbbb
0 5928686 bbbb
0 5930896 bbbb
0 5933084 bbbb
0 5935278 bbbb
0 5937719 bbbb
0 5939895 bbbb
0 5942056 bbbb
0 5944232 bbbb
0 5946668 bbbb
0 5948830 bbbb
0 5951003 bbbb
0 5953213 bbbb
0 5955652 bbbb
0 5957866 bbbb
0 5960046 bbbb
0 5962238 bbbb
0 5964635 bbbb
0 5966818 bbbb
0 5968989 bbbb
0 5971151 bbbb
0 5973559 bbbb
0 5975720 bbbb
0 5977901 bbbb
0 5980100 bbbb
0 5982580 bbbb
0 5984778 bbbb
0 5986930 bbbb
0 5989095 bbbb
0 5991511 bbbb
0 5993707 bbbb
0 5995894 bbbb
0 5998115 bbbb
0 6000530 bbbb
0 6002723 bbbb
0 6004911 bbbb
0 6007104 bbbb
0 6009561 bbbb
0 6011771 bbbb
0 6013955 bbbb
0 6016145 bbbb
0 6018553 bbbb
0 6020732 bbbb
0 6022901 bbbb
0 6025097 bbbb
0 6027536 bbbb
0 6029732 bbbb
0 6031915 bbbb
0 6034105 bbbb
0 6036596 bbbb
0 6038770 bbbb
0 6040952 bbbb
0 6043144 bbbb
0 6045550 bbbb
0 6047767 bbbb
0 6049945 bbbb
0 6052142 bbbb
0 6054602 bbbb
0 6056816 bbbb
0 6058998 bbbb
0 6061187 bbbb
0 6063670 bbbb
0 6065912 bbbb
0 6068120 bbbb
0 6070363 bbbb
0 6072894 bbbb
0 6075100 bbbb
0 6077302 bbbb
0 6079493 bbbb
0 6081971 bbbb
0 6084164 bbbb
0 6086342 bbbb
0 6088538 bbbb
0 6090967 bbbb
0 6093119 bbbb
0 6095280 bbbb
0 6097471 bbbb
0 6099914 bbbb
0 6102104 bbbb
0 6104308 bbbb
0 6106484 bbbb
0 6108908 bbbb
0 6111100 bbbb
0 6113267 bbbb
0 6115498 bbbb
0 6117914 bbbb
0 6120066 bbbb
0 6122245 bbbb
0 6124422 bbbb
0 6126844 bbbb
0 6129038 bbbb
0 6131188 bbbb
0 6133376 bbbb
0 6135780 bbbb
0 6137945 bbbb
0 6140111 bbbb
0 6142304 bbbb
0 6144701 bbbb
0 6146939 bbbb
0 6149123 bbbb
0 6151336 bbbb
0 6153775 bbbb
0 6155966 bbbb
0 6158147 bbbb
0 6160340 bbbb
0 6162825 bbbb
0 6165014 bbbb
0 6167198 bbbb
0 6169385 bbbb
0 6171803 bbbb
0 6173972 bbbb
0 6176173 bbbb
0 6178364 bbbb
0 6180816 bbbb
0 6183000 bbbb
0 6185189 bbbb
0 6187364 bbbb
0 6189835 bbbb
0 6192009 bbbb
0 6194174 bbbb
0 6196306 bbbb
0 6198713 bbbb
0 6200868 bbbb
0 6203050 bbbb
0 6205246 bbbb
0 6207691 bbbb
0 6209884 bbbb
0 6212075 bbbb
0 6214241 bbbb
0 6216689 bbbb
0 6218867 bbbb
0 6221042 bbbb
0 6223195 bbbb
0 6225606 bbbb
0 6227765 bbbb
0 6229956 bbbb
0 6232144 bbbb
0 6234542 bbbb
0 6236733 bbbb
0 6238922 bbbb
0 6241127 bbbb
0 6243527 bbbb
0 6245686 bbbb
0 6247863 bbbb
0 6250052 bbbb
0 6252507 bbbb
0 6254711 bbbb
0 6256881 bbbb
0 6259097 bbbb
0 6261532 bbbb
0 6263739 bbbb
0 6265889 bbbb
0 6268064 bbbb
0 6270507 bbbb
0 6272698 bbbb
0 6274868 bbbb
0 6277043 bbbb
0 6279456 bbbb
0 6281647 bbbb
0 6283847 bbbb
0 6286043 bbbb
0 6288448 bbbb
0 6290609 bbbb
0 6292795 bbbb
0 6294991 bbbb
0 6297421 bbbb
0 6299591 bbbb
0 6301773 bbbb
0 6303946 bbbb
0 6306411 bbbb
0 6308604 bbbb
0 6310750 bbbb
0 6312911 bbbb
0 6315311 bbbb
0 6317501 bbbb
0 6319685 bbbb
0 6321877 bbbb
0 6324337 bbbb
0 6326535 bbbb
0 6328721 bbbb
0 6330947 bbbb
0 6333370 bbbb
0 6335561 bbbb
0 6337763 bbbb
0 6339940 bbbb
0 6342384 bbbb
0 6344543 bbbb
0 6346701 bbbb
0 6348834 bbbb
0 6351290 bbbb
0 6353446 bbbb
0 6355557 bbbb
0 6357744 bbbb
0 6360129 bbbb
0 6362262 bbbb
0 6364456 bbbb
0 6366601 bbbb
0 6369025 bbbb
0 6371236 bbbb
0 6373418 bbbb
0 6375553 bbbb
0 6377992 bbbb
0 6380155 bbbb
0 6382294 bbbb
0 6384483 bbbb
0 6386889 bbbb
0 6389024 bbbb
0 6391207 bbbb
0 6393394 bbbb
0 6395798 bbbb
0 6397956 bbbb
0 6400120 bbbb
0 6402235 bbbb
0 6404700 bbbb
0 6406852 bbbb
0 6408992 bbbb
0 6411179 bbbb
0 6413617 bbbb
0 6415751 bbbb
0 6417947 bbbb
0 6420100 bbbb
0 6422522 bbbb
0 6424724 bbbb
0 6426867 bbbb
0 6428973 bbbb
0 6431432 bbbb
0 6433589 bbbb
0 6435723 bbbb
0 6437924 bbbb
0 6440337 bbbb
0 6442457 bbbb
0 6444648 bbbb
0 6446826 bbbb
0 6449240 bbbb
0 6451417 bbbb
0 6453536 bbbb
0 6455657 bbbb
0 6458135 bbbb
0 6460334 bbbb
0 6462476 bbbb
0 6464689 bbbb
0 6467141 bbbb
0 6469265 bbbb
0 6471468 bbbb
0 6473626 bbbb
0 6476008 bbbb
0 6478199 bbbb
0 6480356 bbbb
0 6482489 bbbb
0 6484927 bbbb
0 6487112 bbbb
0 6489245 bbbb
0 6491414 bbbb
0 6493810 bbbb
0 6495898 bbbb
0 6498059 bbbb
0 6500200 bbbb
0 6502617 bbbb
0 6504806 bbbb
0 6506989 bbbb
0 6509123 bbbb
0 6511601 bbbb
0 6513779 bbbb
0 6515919 bbbb
0 6518118 bbbb
0 6520583 bbbb
0 6522718 bbbb
0 6524884 bbbb
0 6527061 bbbb
0 6529475 bbbb
0 6531677 bbbb
0 6533843 bbbb
0 6535992 bbbb
0 6538467 bbbb
0 6540624 bbbb
0 6542760 bbbb
0 6544918 bbbb
0 6547337 bbbb
0 6549464 bbbb
0 6551642 bbbb
0 6553795 bbbb
0 6556166 bbbb
0 6558339 bbbb
0 6560516 bbbb
0 6562676 bbbb
0 6565147 bbbb
0 6567301 bbbb
0 6569438 bbbb
0 6571629 bbbb
0 6574082 bbbb
0 6576215 bbbb
0 6578407 bbbb
0 6580553 bbbb
0 6582969 bbbb
0 6585130 bbbb
0 6587265 bbbb
0 6589387 bbbb
0 6591848 bbbb
0 6594011 bbbb
0 6596134 bbbb
0 6598300 bbbb
0 6600683 bbbb
0 6602804 bbbb
0 6604976 bbbb
0 6607154 bbbb
0 6609556 bbbb
0 6611728 bbbb
0 6613865 bbbb
0 6615991 bbbb
0 6618406 bbbb
0 6620546 bbbb
0 6622705 bbbb
0 6624864 bbbb
0 6627299 bbbb
0 6629421 bbbb
0 6631594 bbbb
0 6633755 bbbb
0 6636166 bbbb
0 6638350 bbbb
0 6640525 bbbb
0 6642659 bbbb
0 6645134 bbbb
0 6647310 bbbb
0 6649456 bbbb
0 6651650 bbbb
0 6654107 bbbb
0 6656227 bbbb
0 6658400 bbbb
0 6660554 bbbb
0 6662963 bbbb
0 6665176 bbbb
0 6667329 bbbb
0 6669473 bbbb
0 6671882 bbbb
0 6674051 bbbb
0 6676164 bbbb
0 6678353 bbbb
0 6680773 bbbb
0 6682908 bbbb
0 6685099 bbbb
0 6687273 bbbb
0 6689635 bbbb
0 6691813 bbbb
0 6693973 bbbb
0 6696120 bbbb
0 6698537 bbbb
0 6700697 bbbb
0 6702829 bbbb
0 6705016 bbbb
0 6707401 bbbb
0 6709534 bbbb
0 6711700 bbbb
0 6713857 bbbb
0 6716231 bbbb
0 6718383 bbbb
0 6720526 bbbb
0 6722693 bbbb
0 6725110 bbbb
0 6727267 bbbb
0 6729392 bbbb
0 6731591 bbbb
0 6734018 bbbb
0 6736126 bbbb
0 6738284 bbbb
0 6740427 bbbb
0 6742789 bbbb
0 6744974 bbbb
0 6747137 bbbb
0 6749263 bbbb
0 6751729 bbbb
0 6753889 bbbb
0 6755989 bbbb
# Core 1 LOG DUMP ==================================================
# DCB 1 ffffff0004257c00 pixels
# DCB 1 ffffff0001b29200 monitor
1 3343 ffffcccc01b29200
1 22508018 aaaa
1 22508573 eb000021b0009303
1 22509248 b000000500009b10
1 22509593 ea000021b0809302
1 22510318 bbbb
1 22517505 b000bbbb00000014
1 22518907 aaaa
1 22519084 eb000021b0009304
1 22519253 b000000500009b10
1 22519441 ea000021b0809303
1 22520404 bbbb
1 22527504 b000bbbb00000014
# Core 2 LOG DUMP ==================================================
# DCB 2 ffffff0004257e00 pixels
# DCB 2 ffffff0001b29400 monitor
2 3866 ffffcccc01b29400
2 22508126 aaaa
2 22508800 eb000023e8009302
2 22509502 b000000500009b10
2 22509846 ea000023e8809302
2 22510573 bbbb
2 22517576 b000bbbb00000014
2 22519067 aaaa
2 22519232 eb000023e8009303
2 22519399 b000000500009b10
2 22519586 ea000023e8809303
2 22520316 bbbb
2 22527275 b000bbbb00000014
# Core 3 LOG DUMP ==================================================
# DCB 3 ffffff0006a76000 pixels
# DCB 3 ffffff0001b29600 monitor
3 2212 ffffcccc01b29600
3 22508797 aaaa
3 22509358 eb00002504009302
3 22510029 b000000500009b10
3 22510380 ea00002504809302
3 22511063 bbbb
3 22517704 b000bbbb00000014
3 22519888 aaaa
3 22520054 eb00002504009303
3 22520223 b000000500009b10
3 22520410 ea00002504809303
3 22521391 bbbb
3 22527883 b000bbbb00000014
# Core 4 LOG DUMP ==================================================
# DCB 4 ffffff0006a76200 pixels
# DCB 4 ffffff0001b29800 monitor
4 2606 ffffcccc01b29800
4 22507628 aaaa
4 22508267 eb00002530009305
4 22508975 b000000500009b10
4 22509794 ea00002dc80092ed
4 22510335 ea00002dfa0092ec
4 22510766 ea000030b00092ec
4 22511495 bbbb
4 22513306 aaaa
4 22513481 eb00002dc88092ec
4 22513619 b000000600000050
4 22514565 eb000030b08092ec
4 22514714 b000000600000050
4 22514983 eb00002dfa8092ec
4 22515122 b000000600000050
4 22515678 ea00002530809305
4 22516343 bbbb
4 22518210 aaaa
4 22518389 eb00002530009306
4 22518853 b000000500009b10
4 22519157 ea00002dc80092ee
4 22519578 ea00002dfa0092ed
4 22520000 ea000030b00092ed
4 22520644 bbbb
4 22522084 aaaa
4 22522243 eb00002dfa8092ed
4 22522383 b000000600001070
4 22522935 eb00002dc88092ed
4 22523075 b000000600001070
4 22523752 eb000030b08092ed
4 22523899 b000000600001070
4 22524439 ea00002530809306
4 22525091 bbbb
4 22530414 b000bbbb00000014
# Core 5 LOG DUMP ==================================================
# DCB 5 ffffff0006a76400 pixels
# DCB 5 ffffff0001b29a00 monitor
5 2692 ffffcccc01b29a00
5 22510808 aaaa
5 22511429 eb00002dc80092ed
5 22512108 b000000500000050
5 22512392 ea00002dc88092ec
5 22513059 bbbb
5 22518404 b000bbbb00000014
5 22520533 aaaa
5 22520707 eb00002dc80092ee
5 22520883 b000000500001070
5 22521060 ea00002dc88092ed
5 22521961 bbbb
5 22527355 b000bbbb00000014
# Core 6 LOG DUMP ==================================================
# DCB 6 ffffff0006a76600 pixels
# DCB 6 ffffff0001b29c00 monitor
6 4081 ffffcccc01b29c00
6 22511698 aaaa
6 22512310 eb00002dfa0092ec
6 22512982 b000000500000050
6 22513267 ea00002dfa8092ec
6 22513889 bbbb
6 22518502 b000bbbb00000014
6 22520609 aaaa
6 22520800 eb00002dfa0092ed
6 22520970 b000000500001070
6 22521145 ea00002dfa8092ed
6 22521808 bbbb
6 22526382 b000bbbb00000014
# Core 7 LOG DUMP ==================================================
# DCB 7 ffffff0006a76800 pixels
# DCB 7 ffffff0001b29e00 monitor
7 3144 ffffcccc01b29e00
7 22511771 aaaa
7 22512557 eb000030b00092ec
7 22513234 b000000500000050
7 22513518 ea000030b08092ec
7 22514101 bbbb
7 22518223 b000bbbb00000014
7 22520856 aaaa
7 22521014 eb000030b00092ed
7 22521181 b000000500001070
7 22521357 ea000030b08092ed
7 22522188 bbbb
7 22526324 b000bbbb00000014
# Core 8 LOG DUMP ==================================================
# DCB 8 ffffff0006a76a00 pixels
# DCB 8 ffffff0003081000 monitor
8 3224 ffffcccc03081000
# Core 9 LOG DUMP ==================================================
# DCB 9 ffffff0006a76c00 pixels
# DCB 9 ffffff0003081200 monitor
9 6067 ffffcccc03081200
# Core 10 LOG DUMP ==================================================
# DCB 10 ffffff0006a76e00 pixels
# DCB 10 ffffff0003081400 monitor
10 4638 ffffcccc03081400
# Core 11 LOG DUMP ==================================================
# DCB 11 ffffff00071dc000 pixels
# DCB 11 ffffff0004257600 e1000n
# DCB 11 ffffff0003081600 monitor
11 6047 ffffcccc04257600
11 6551 ffffcccc03081600
11 9566 ffffcccc04257600
11 22228808 ffffcccc03081600
11 22231532 ffffcccc04257600
11 44729081 ffffcccc03081600
11 44731882 ffffcccc04257600
11 67229190 ffffcccc03081600
11 67231712 ffffcccc04257600
# Core 12 LOG DUMP ==================================================
# DCB 12 ffffff00071dc200 pixels
# DCB 12 ffffff0003081800 monitor
12 4115 ffffcccc03081800
# Core 13 LOG DUMP ==================================================
# DCB 13 ffffff00071dc400 pixels
# DCB 13 ffffff0003081a00 monitor
13 4612 ffffcccc03081a00
# Core 14 LOG DUMP ==================================================
# DCB 14 ffffff00071dc600 pixels
# DCB 14 ffffff0003081c00 monitor
14 5818 ffffcccc03081c00
# Core 15 LOG DUMP ==================================================
# DCB 15 ffffff00071dc800 pixels
# DCB 15 ffffff0004257800 bfscope
# DCB 15 ffffff0003081e00 monitor
15 5467 ffffcccc04257800
15 5656 ffffcccc03081e00
15 8287 ffffcccc04257800
15 17528837 ffffcccc03081e00
15 17531558 ffffcccc04257800
15 40029020 ffffcccc03081e00
15 40031548 ffffcccc04257800
15 62529155 ffffcccc03081e00
15 62531774 ffffcccc04257800
