# Core 0 LOG DUMP ==================================================
0 0 1234000000000001
# DCB 0 ffffff00071dca00 fish
# DCB 0 ffffff0004257a00 pixels
# DCB 0 ffffff0004257400 serial
# DCB 0 ffffff0004257200 pci
# DCB 0 ffffff0004257000 skb
# DCB 0 ffffff0001b29000 chips
# DCB 0 ffffff0001e06000 mem_serv
# DCB 0 ffffff0001e06200 monitor
0 8016 ffffcccc071dca00
0 8205 ffffcccc01e06200
0 13246 bbbb
0 18088 bbbb
0 20607 bbbb
0 22847 bbbb
0 25033 bbbb
0 27202 bbbb
0 29689 bbbb
0 31876 bbbb
0 34045 bbbb
0 36278 bbbb
0 38712 bbbb
0 40880 bbbb
0 43116 bbbb
0 45303 bbbb
0 47732 bbbb
0 49935 bbbb
0 52109 bbbb
0 54281 bbbb
0 56753 bbbb
0 58936 bbbb
0 61104 bbbb
0 63348 bbbb
0 65785 bbbb
0 67935 bbbb
0 70164 bbbb
0 72345 bbbb
0 74748 bbbb
0 76937 bbbb
0 79097 bbbb
0 81359 bbbb
0 83798 bbbb
0 85971 bbbb
0 88182 bbbb
0 90341 bbbb
0 92796 bbbb
0 95015 bbbb
0 97230 bbbb
0 99398 bbbb
0 101875 bbbb
0 104038 bbbb
0 106207 bbbb
0 108446 bbbb
0 110903 bbbb
0 113073 bbbb
0 115288 bbbb
0 117455 bbbb
0 119857 bbbb
0 122055 bbbb
0 124226 bbbb
0 126380 bbbb
0 128884 bbbb
0 131067 bbbb
0 133268 bbbb
0 135498 bbbb
0 137948 bbbb
0 140132 bbbb
0 142332 bbbb
0 144517 bbbb
0 146933 bbbb
0 149165 bbbb
0 151350 bbbb
0 153524 bbbb
0 155978 bbbb
0 158125 bbbb
0 160301 bbbb
0 162518 bbbb
0 164958 bbbb
0 167127 bbbb
0 169355 bbbb
0 171519 bbbb
0 173949 bbbb
0 176207 bbbb
0 178405 bbbb
0 180597 bbbb
0 183113 bbbb
0 185334 bbbb
0 187495 bbbb
0 189731 bbbb
0 192172 bbbb
0 194349 bbbb
0 196583 bbbb
0 198769 bbbb
0 201162 bbbb
0 203402 bbbb
0 205590 bbbb
0 207762 bbbb
0 210253 bbbb
0 212433 bbbb
0 214593 bbbb
0 216833 bbbb
0 219274 bbbb
0 221425 bbbb
0 223641 bbbb
0 225816 bbbb
0 228202 bbbb
0 230439 bbbb
0 232620 bbbb
0 234888 bbbb
0 237327 bbbb
0 239487 bbbb
0 241731 bbbb
0 243938 bbbb
0 246351 bbbb
0 248585 bbbb
0 250765 bbbb
0 252934 bbbb
0 255413 bbbb
0 257623 bbbb
0 259789 bbbb
0 261998 bbbb
0 264437 bbbb
0 266721 bbbb
0 268881 bbbb
0 271050 bbbb
0 273549 bbbb
0 275720 bbbb
0 277891 bbbb
0 280112 bbbb
0 282566 bbbb
0 284839 bbbb
0 287021 bbbb
0 289177 bbbb
0 291684 bbbb
0 293847 bbbb
0 296009 bbbb
0 298250 bbbb
0 300642 bbbb
0 302774 bbbb
0 304987 bbbb
0 307151 bbbb
0 309605 bbbb
0 311814 bbbb
0 313987 bbbb
0 316152 bbbb
0 318649 bbbb
0 320829 bbbb
0 323014 bbbb
0 325251 bbbb
0 327687 bbbb
0 329848 bbbb
0 332063 bbbb
0 334228 bbbb
0 336634 bbbb
0 338867 bbbb
0 341062 bbbb
0 343230 bbbb
0 345722 bbbb
0 347910 bbbb
0 350081 bbbb
0 352320 bbbb
0 354752 bbbb
0 356907 bbbb
0 359106 bbbb
0 361295 bbbb
0 363732 bbbb
0 365947 bbbb
0 368122 bbbb
0 370290 bbbb
0 372767 bbbb
0 374951 bbbb
0 377123 bbbb
0 379356 bbbb
0 381795 bbbb
0 383978 bbbb
0 386186 bbbb
0 388372 bbbb
0 390821 bbbb
0 393047 bbbb
0 395247 bbbb
0 397526 bbbb
0 399980 bbbb
0 402133 bbbb
0 404365 bbbb
0 406545 bbbb
0 408920 bbbb
0 411125 bbbb
0 413305 bbbb
0 415473 bbbb
0 417975 bbbb
0 420153 bbbb
0 422306 bbbb
0 424523 bbbb
0 426937 bbbb
0 429107 bbbb
0 431322 bbbb
0 433488 bbbb
0 435882 bbbb
0 438125 bbbb
0 440306 bbbb
0 442475 bbbb
0 444938 bbbb
0 447118 bbbb
0 449301 bbbb
0 451533 bbbb
0 453982 bbbb
0 456151 bbbb
0 458383 bbbb
0 460563 bbbb
0 462971 bbbb
0 465178 bbbb
0 467349 bbbb
0 469532 bbbb
0 472021 bbbb
0 474207 bbbb
0 476359 bbbb
0 478564 bbbb
0 481014 bbbb
0 483158 bbbb
0 485403 bbbb
0 487584 bbbb
0 490016 bbbb
0 492243 bbbb
0 494460 bbbb
0 496625 bbbb
0 499089 bbbb
0 501271 bbbb
0 503418 bbbb
0 505640 bbbb
0 508077 bbbb
0 510254 bbbb
0 512483 bbbb
0 514647 bbbb
0 517090 bbbb
0 519309 bbbb
0 521496 bbbb
0 523673 bbbb
0 526158 bbbb
0 528333 bbbb
0 530485 bbbb
0 532717 bbbb
0 535136 bbbb
0 537316 bbbb
0 539553 bbbb
0 541746 bbbb
0 544183 bbbb
0 546417 bbbb
0 548598 bbbb
0 550769 bbbb
0 553251 bbbb
0 555416 bbbb
0 557589 bbbb
0 559822 bbbb
0 562363 bbbb
0 564558 bbbb
0 566810 bbbb
0 569031 bbbb
0 571446 bbbb
0 573673 bbbb
0 575867 bbbb
0 578121 bbbb
0 580566 bbbb
0 582734 bbbb
0 584961 bbbb
0 587149 bbbb
0 589561 bbbb
0 591785 bbbb
0 593979 bbbb
0 596243 bbbb
0 598707 bbbb
0 600865 bbbb
0 603097 bbbb
0 605277 bbbb
0 607644 bbbb
0 609883 bbbb
0 612080 bbbb
0 614247 bbbb
0 616710 bbbb
0 618889 bbbb
0 621033 bbbb
0 623267 bbbb
0 625714 bbbb
0 627878 bbbb
0 630115 bbbb
0 632289 bbbb
0 634732 bbbb
0 636947 bbbb
0 639139 bbbb
0 641396 bbbb
0 643830 bbbb
0 645981 bbbb
0 648196 bbbb
0 650391 bbbb
0 652903 bbbb
0 655097 bbbb
0 657257 bbbb
0 659499 bbbb
0 661954 bbbb
0 664221 bbbb
0 666409 bbbb
0 668559 bbbb
0 671073 bbbb
0 673254 bbbb
0 675420 bbbb
0 677623 bbbb
0 680051 bbbb
0 682305 bbbb
0 684497 bbbb
0 686680 bbbb
0 689193 bbbb
0 691349 bbbb
0 693493 bbbb
0 695702 bbbb
0 698101 bbbb
0 700360 bbbb
0 702542 bbbb
0 704706 bbbb
0 707170 bbbb
0 709346 bbbb
0 711518 bbbb
0 713745 bbbb
0 716164 bbbb
0 718346 bbbb
0 720561 bbbb
0 722732 bbbb
0 725127 bbbb
0 727359 bbbb
0 729561 bbbb
0 731724 bbbb
0 734225 bbbb
0 736439 bbbb
0 738612 bbbb
0 740875 bbbb
0 743342 bbbb
0 745492 bbbb
0 747707 bbbb
0 749878 bbbb
0 752314 bbbb
0 754559 bbbb
0 756755 bbbb
0 758939 bbbb
0 761433 bbbb
0 763602 bbbb
0 765755 bbbb
0 767972 bbbb
0 770430 bbbb
0 772602 bbbb
0 774825 bbbb
0 777004 bbbb
0 779440 bbbb
0 781673 bbbb
0 783860 bbbb
0 786024 bbbb
0 788517 bbbb
0 790692 bbbb
0 792866 bbbb
0 795081 bbbb
0 797559 bbbb
0 799728 bbbb
0 801951 bbbb
0 804143 bbbb
0 806571 bbbb
0 808787 bbbb
0 810957 bbbb
0 813140 bbbb
0 815637 bbbb
0 817828 bbbb
0 819992 bbbb
0 822228 bbbb
0 824667 bbbb
0 826846 bbbb
0 829078 bbbb
0 831279 bbbb
0 833712 bbbb
0 835952 bbbb
0 838121 bbbb
0 840270 bbbb
0 842745 bbbb
0 844940 bbbb
0 847104 bbbb
0 849346 bbbb
0 851801 bbbb
0 853982 bbbb
0 856226 bbbb
0 858413 bbbb
0 860831 bbbb
0 863037 bbbb
0 865218 bbbb
0 867381 bbbb
0 869893 bbbb
0 872123 bbbb
0 874319 bbbb
0 876558 bbbb
0 879025 bbbb
0 881276 bbbb
0 883469 bbbb
0 885639 bbbb
0 888081 bbbb
0 890271 bbbb
0 892446 bbbb
0 894679 bbbb
0 897099 bbbb
0 899277 bbbb
0 901526 bbbb
0 903696 bbbb
0 906090 bbbb
0 908323 bbbb
0 910510 bbbb
0 912687 bbbb
0 915151 bbbb
0 917340 bbbb
0 919503 bbbb
0 921703 bbbb
0 924138 bbbb
0 926287 bbbb
0 928518 bbbb
0 930719 bbbb
0 933100 bbbb
0 935330 bbbb
0 937500 bbbb
0 939665 bbbb
0 942113 bbbb
0 944283 bbbb
0 946451 bbbb
0 948692 bbbb
0 951091 bbbb
0 953259 bbbb
0 955482 bbbb
0 957665 bbbb
0 960090 bbbb
0 962305 bbbb
0 964473 bbbb
0 966634 bbbb
0 969136 bbbb
0 971329 bbbb
0 973491 bbbb
0 975728 bbbb
0 978177 bbbb
0 980328 bbbb
0 982563 bbbb
0 984760 bbbb
0 987171 bbbb
0 989403 bbbb
0 991590 bbbb
0 993762 bbbb
0 996252 bbbb
0 998420 bbbb
0 1000565 bbbb
0 1002800 bbbb
0 1005242 bbbb
0 1007405 bbbb
0 1009647 bbbb
0 1011836 bbbb
0 1014258 bbbb
0 1016491 bbbb
0 1018688 bbbb
0 1020859 bbbb
0 1023335 bbbb
0 1025561 bbbb
0 1027727 bbbb
0 1029927 bbbb
0 1032375 bbbb
0 1034543 bbbb
0 1036770 bbbb
0 1038955 bbbb
0 1041358 bbbb
0 1043588 bbbb
0 1045743 bbbb
0 1047914 bbbb
0 1050414 bbbb
0 1052611 bbbb
0 1054872 bbbb
0 1057074 bbbb
0 1059543 bbbb
0 1061807 bbbb
0 1064015 bbbb
0 1066233 bbbb
0 1068695 bbbb
0 1070887 bbbb
0 1073048 bbbb
0 1075270 bbbb
0 1077684 bbbb
0 1079864 bbbb
0 1082096 bbbb
0 1084290 bbbb
0 1086699 bbbb
0 1088913 bbbb
0 1091118 bbbb
0 1093287 bbbb
0 1095702 bbbb
0 1097879 bbbb
0 1100023 bbbb
0 1102254 bbbb
0 1104686 bbbb
0 1106850 bbbb
0 1109076 bbbb
0 1111269 bbbb
0 1113675 bbbb
0 1115900 bbbb
0 1118078 bbbb
0 1120239 bbbb
0 1122708 bbbb
0 1124895 bbbb
0 1127046 bbbb
0 1129261 bbbb
0 1131676 bbbb
0 1133829 bbbb
0 1136061 bbbb
0 1138234 bbbb
0 1140808 bbbb
0 1143043 bbbb
0 1145211 bbbb
0 1147468 bbbb
0 1149936 bbbb
0 1152122 bbbb
0 1154337 bbbb
0 1156569 bbbb
0 1159026 bbbb
0 1161248 bbbb
0 1163411 bbbb
0 1165593 bbbb
0 1168067 bbbb
0 1170263 bbbb
0 1172450 bbbb
0 1174667 bbbb
0 1177073 bbbb
0 1179233 bbbb
0 1181462 bbbb
0 1183640 bbbb
0 1186061 bbbb
0 1188306 bbbb
0 1190491 bbbb
0 1192662 bbbb
0 1195124 bbbb
0 1197290 bbbb
0 1199444 bbbb
0 1201658 bbbb
0 1204116 bbbb
0 1206295 bbbb
0 1208543 bbbb
0 1210707 bbbb
0 1213141 bbbb
0 1215351 bbbb
0 1217518 bbbb
0 1219693 bbbb
0 1222152 bbbb
0 1224322 bbbb
0 1226517 bbbb
0 1228734 bbbb
0 1231163 bbbb
0 1233349 bbbb
0 1235585 bbbb
0 1237775 bbbb
0 1240176 bbbb
0 1242408 bbbb
0 1244596 bbbb
0 1246785 bbbb
0 1249221 bbbb
0 1251408 bbbb
0 1253580 bbbb
0 1255812 bbbb
0 1258277 bbbb
0 1260453 bbbb
0 1262641 bbbb
0 1264833 bbbb
0 1267269 bbbb
0 1269466 bbbb
0 1271652 bbbb
0 1273839 bbbb
0 1276256 bbbb
0 1278445 bbbb
0 1280621 bbbb
0 1282848 bbbb
0 1285274 bbbb
0 1287447 bbbb
0 1289711 bbbb
0 1291902 bbbb
0 1294340 bbbb
0 1296557 bbbb
0 1298749 bbbb
0 1300886 bbbb
0 1303383 bbbb
0 1305560 bbbb
0 1307718 bbbb
0 1309948 bbbb
0 1312394 bbbb
0 1314555 bbbb
0 1316778 bbbb
0 1318971 bbbb
0 1321422 bbbb
0 1323653 bbbb
0 1325813 bbbb
0 1327974 bbbb
0 1330470 bbbb
0 1332657 bbbb
0 1334830 bbbb
0 1337058 bbbb
0 1339494 bbbb
0 1341653 bbbb
0 1343861 bbbb
0 1346029 bbbb
0 1348423 bbbb
0 1350627 bbbb
0 1352814 bbbb
0 1354986 bbbb
0 1357485 bbbb
0 1359680 bbbb
0 1361844 bbbb
0 1364037 bbbb
0 1366456 bbbb
0 1368615 bbbb
0 1370842 bbbb
0 1373036 bbbb
0 1375442 bbbb
0 1377652 bbbb
0 1379822 bbbb
0 1381975 bbbb
0 1384427 bbbb
0 1386590 bbbb
0 1388760 bbbb
0 1390986 bbbb
0 1393422 bbbb
0 1395602 bbbb
0 1397831 bbbb
0 1400019 bbbb
0 1402469 bbbb
0 1404701 bbbb
0 1406883 bbbb
0 1409054 bbbb
0 1411546 bbbb
0 1413731 bbbb
0 1415902 bbbb
0 1418145 bbbb
0 1420575 bbbb
0 1422713 bbbb
0 1424946 bbbb
0 1427145 bbbb
0 1429600 bbbb
0 1431803 bbbb
0 1433994 bbbb
0 1436136 bbbb
0 1438617 bbbb
0 1440816 bbbb
0 1443009 bbbb
0 1445289 bbbb
0 1447803 bbbb
0 1449981 bbbb
0 1452215 bbbb
0 1454415 bbbb
0 1456854 bbbb
0 1459067 bbbb
0 1461244 bbbb
0 1463398 bbbb
0 1465908 bbbb
0 1468091 bbbb
0 1470264 bbbb
0 1472533 bbbb
0 1474964 bbbb
0 1477129 bbbb
0 1479345 bbbb
0 1481524 bbbb
0 1483940 bbbb
0 1486149 bbbb
0 1488317 bbbb
0 1490505 bbbb
0 1492969 bbbb
0 1495154 bbbb
0 1497325 bbbb
0 1499531 bbbb
0 1501958 bbbb
0 1504129 bbbb
0 1506356 bbbb
0 1508541 bbbb
0 1510943 bbbb
0 1513168 bbbb
0 1515357 bbbb
0 1517521 bbbb
0 1519964 bbbb
0 1522151 bbbb
0 1524264 bbbb
0 1526514 bbbb
0 1528924 bbbb
0 1531100 bbbb
0 1533324 bbbb
0 1535523 bbbb
0 1537956 bbbb
0 1540158 bbbb
0 1542365 bbbb
0 1544543 bbbb
0 1547006 bbbb
0 1549183 bbbb
0 1551342 bbbb
0 1553551 bbbb
0 1555990 bbbb
0 1558163 bbbb
0 1560391 bbbb
0 1562580 bbbb
0 1565033 bbbb
0 1567272 bbbb
0 1569435 bbbb
0 1571606 bbbb
0 1574069 bbbb
0 1576263 bbbb
0 1578407 bbbb
0 1580625 bbbb
0 1583055 bbbb
0 1585241 bbbb
0 1587467 bbbb
0 1589634 bbbb
0 1592090 bbbb
0 1594329 bbbb
0 1596515 bbbb
0 1598700 bbbb
0 1601204 bbbb
0 1603353 bbbb
0 1605516 bbbb
0 1607747 bbbb
0 1610180 bbbb
0 1612370 bbbb
0 1614568 bbbb
0 1616747 bbbb
0 1619148 bbbb
0 1621375 bbbb
0 1623549 bbbb
0 1625729 bbbb
0 1628211 bbbb
0 1630379 bbbb
0 1632534 bbbb
0 1634747 bbbb
0 1637232 bbbb
0 1639397 bbbb
0 1641629 bbbb
0 1643794 bbbb
0 1646204 bbbb
0 1648429 bbbb
0 1650599 bbbb
0 1652754 bbbb
0 1655205 bbbb
0 1657400 bbbb
0 1659541 bbbb
0 1661768 bbbb
0 1664214 bbbb
0 1666365 bbbb
0 1668585 bbbb
0 1670768 bbbb
0 1673158 bbbb
0 1675385 bbbb
0 1677579 bbbb
0 1679766 bbbb
0 1682225 bbbb
0 1684404 bbbb
0 1686557 bbbb
0 1688819 bbbb
0 1691249 bbbb
0 1693393 bbbb
0 1695654 bbbb
0 1697829 bbbb
0 1700260 bbbb
0 1702482 bbbb
0 1704707 bbbb
0 1706881 bbbb
0 1709293 bbbb
0 1711502 bbbb
0 1713678 bbbb
0 1715899 bbbb
0 1718420 bbbb
0 1720646 bbbb
0 1722795 bbbb
0 1725020 bbbb
0 1727521 bbbb
0 1729625 bbbb
0 1731822 bbbb
0 1734051 bbbb
0 1736418 bbbb
0 1738610 bbbb
0 1740834 bbbb
0 1742979 bbbb
0 1745455 bbbb
0 1747677 bbbb
0 1749818 bbbb
0 1752032 bbbb
0 1754495 bbbb
0 1756640 bbbb
0 1758842 bbbb
0 1761084 bbbb
0 1763462 bbbb
0 1765677 bbbb
0 1767904 bbbb
0 1770063 bbbb
0 1772559 bbbb
0 1774787 bbbb
0 1776933 bbbb
0 1779128 bbbb
0 1781622 bbbb
0 1783752 bbbb
0 1785953 bbbb
0 1788179 bbbb
0 1790612 bbbb
0 1792820 bbbb
0 1795012 bbbb
0 1797172 bbbb
0 1799660 bbbb
0 1801878 bbbb
0 1804029 bbbb
0 1806252 bbbb
0 1808727 bbbb
0 1810866 bbbb
0 1813086 bbbb
0 1815306 bbbb
0 1817707 bbbb
0 1819917 bbbb
0 1822137 bbbb
0 1824287 bbbb
0 1826778 bbbb
0 1828991 bbbb
0 1831143 bbbb
0 1833352 bbbb
0 1835868 bbbb
0 1838058 bbbb
0 1840314 bbbb
0 1842596 bbbb
0 1845051 bbbb
0 1847249 bbbb
0 1849468 bbbb
0 1851619 bbbb
0 1854049 bbbb
0 1856250 bbbb
0 1858404 bbbb
0 1860621 bbbb
0 1863140 bbbb
0 1865257 bbbb
0 1867458 bbbb
0 1869666 bbbb
0 1872056 bbbb
0 1874276 bbbb
0 1876489 bbbb
0 1878617 bbbb
0 1881110 bbbb
0 1883338 bbbb
0 1885484 bbbb
0 1887695 bbbb
0 1890192 bbbb
0 1892321 bbbb
0 1894531 bbbb
0 1896756 bbbb
0 1899182 bbbb
0 1901399 bbbb
0 1903624 bbbb
0 1905777 bbbb
0 1908276 bbbb
0 1910499 bbbb
0 1912668 bbbb
0 1914891 bbbb
0 1917389 bbbb
0 1919543 bbbb
0 1921747 bbbb
0 1923973 bbbb
0 1926387 bbbb
0 1928614 bbbb
0 1930856 bbbb
0 1932990 bbbb
0 1935456 bbbb
0 1937697 bbbb
0 1939823 bbbb
0 1942022 bbbb
0 1944501 bbbb
0 1946637 bbbb
0 1948849 bbbb
0 1951076 bbbb
0 1953510 bbbb
0 1955729 bbbb
0 1957954 bbbb
0 1960185 bbbb
0 1962652 bbbb
0 1964804 bbbb
0 1967015 bbbb
0 1969242 bbbb
0 1971661 bbbb
0 1973865 bbbb
0 1976070 bbbb
0 1978227 bbbb
0 1980668 bbbb
0 1982904 bbbb
0 1985052 bbbb
0 1987263 bbbb
0 1989800 bbbb
0 1991913 bbbb
0 1994134 bbbb
0 1996343 bbbb
0 1998735 bbbb
0 2000960 bbbb
0 2003183 bbbb
0 2005322 bbbb
0 2007819 bbbb
0 2010062 bbbb
0 2012198 bbbb
0 2014398 bbbb
0 2016879 bbbb
0 2019008 bbbb
0 2021235 bbbb
0 2023477 bbbb
0 2025932 bbbb
0 2028158 bbbb
0 2030425 bbbb
0 2032607 bbbb
0 2035131 bbbb
0 2037364 bbbb
0 2039511 bbbb
0 2041728 bbbb
0 2044228 bbbb
0 2046371 bbbb
0 2048577 bbbb
0 2050845 bbbb
0 2053177 bbbb
0 2055386 bbbb
0 2057619 bbbb
0 2059766 bbbb
0 2062213 bbbb
0 2064449 bbbb
0 2066585 bbbb
0 2068793 bbbb
0 2071277 bbbb
0 2073498 bbbb
0 2075730 bbbb
0 2077870 bbbb
0 2080318 bbbb
0 2082549 bbbb
0 2084694 bbbb
0 2086908 bbbb
0 2089364 bbbb
0 2091510 bbbb
0 2093728 bbbb
0 2095990 bbbb
0 2098356 bbbb
0 2100553 bbbb
0 2102816 bbbb
0 2104942 bbbb
0 2107376 bbbb
0 2109595 bbbb
0 2111735 bbbb
0 2113946 bbbb
0 2116478 bbbb
0 2118714 bbbb
0 2120984 bbbb
0 2123111 bbbb
0 2125536 bbbb
0 2127778 bbbb
0 2129919 bbbb
0 2132133 bbbb
0 2134628 bbbb
0 2136777 bbbb
0 2138978 bbbb
0 2141211 bbbb
0 2143570 bbbb
0 2145777 bbbb
0 2147998 bbbb
0 2150150 bbbb
0 2152583 bbbb
0 2154789 bbbb
0 2156937 bbbb
0 2159130 bbbb
0 2161616 bbbb
0 2163770 bbbb
0 2165953 bbbb
0 2168170 bbbb
0 2170555 bbbb
0 2172774 bbbb
0 2174990 bbbb
0 2177142 bbbb
0 2179591 bbbb
0 2181816 bbbb
0 2183928 bbbb
0 2186151 bbbb
0 2188608 bbbb
0 2190822 bbbb
0 2193009 bbbb
0 2195160 bbbb
0 2197609 bbbb
0 2199834 bbbb
0 2201988 bbbb
0 2204207 bbbb
0 2206669 bbbb
0 2208813 bbbb
0 2211029 bbbb
0 2213262 bbbb
0 2215632 bbbb
0 2217839 bbbb
0 2220054 bbbb
0 2222196 bbbb
0 2224664 bbbb
0 2226872 bbbb
0 2229028 bbbb
0 2231259 bbbb
0 2233695 bbbb
0 2235842 bbbb
0 2238061 bbbb
0 2240285 bbbb
0 2242697 bbbb
0 2244930 bbbb
0 2247159 bbbb
0 2249297 bbbb
0 2251725 bbbb
0 2253956 bbbb
0 2256108 bbbb
0 2258311 bbbb
0 2260770 bbbb
0 2262920 bbbb
0 2265144 bbbb
0 2267376 bbbb
0 2269760 bbbb
0 2271984 bbbb
0 2274171 bbbb
0 2276322 bbbb
0 2278757 bbbb
0 2280958 bbbb
0 2283072 bbbb
0 2285295 bbbb
0 2287732 bbbb
0 2289883 bbbb
0 2292084 bbbb
0 2294328 bbbb
0 2296848 bbbb
0 2299116 bbbb
0 2301327 bbbb
0 2303580 bbbb
0 2306015 bbbb
0 2308216 bbbb
0 2310446 bbbb
0 2312617 bbbb
0 2315095 bbbb
0 2317302 bbbb
0 2319478 bbbb
0 2321665 bbbb
0 2324139 bbbb
0 2326315 bbbb
0 2328504 bbbb
0 2330730 bbbb
0 2333200 bbbb
0 2335371 bbbb
0 2337585 bbbb
0 2339745 bbbb
0 2342164 bbbb
0 2344389 bbbb
0 2346561 bbbb
0 2348744 bbbb
0 2351166 bbbb
0 2353327 bbbb
0 2355521 bbbb
0 2357729 bbbb
0 2360140 bbbb
0 2362313 bbbb
0 2364532 bbbb
0 2366701 bbbb
0 2369123 bbbb
0 2371382 bbbb
0 2373551 bbbb
0 2375739 bbbb
0 2378181 bbbb
0 2380355 bbbb
0 2382532 bbbb
0 2384739 bbbb
0 2387153 bbbb
0 2389344 bbbb
0 2391554 bbbb
0 2393730 bbbb
0 2396148 bbbb
0 2398362 bbbb
0 2400542 bbbb
0 2402730 bbbb
0 2405169 bbbb
0 2407344 bbbb
0 2409522 bbbb
0 2411748 bbbb
0 2414130 bbbb
0 2416307 bbbb
0 2418524 bbbb
0 2420673 bbbb
0 2423123 bbbb
0 2425361 bbbb
0 2427512 bbbb
0 2429702 bbbb
0 2432153 bbbb
0 2434314 bbbb
0 2436506 bbbb
0 2438732 bbbb
0 2441129 bbbb
0 2443299 bbbb
0 2445525 bbbb
0 2447699 bbbb
0 2450123 bbbb
0 2452349 bbbb
0 2454520 bbbb
0 2456710 bbbb
0 2459181 bbbb
0 2461354 bbbb
0 2463547 bbbb
0 2465771 bbbb
0 2468227 bbbb
0 2470432 bbbb
0 2472667 bbbb
0 2474851 bbbb
0 2477292 bbbb
0 2479509 bbbb
0 2481668 bbbb
0 2483858 bbbb
0 2486283 bbbb
0 2488419 bbbb
0 2490588 bbbb
0 2492782 bbbb
0 2495171 bbbb
0 2497342 bbbb
0 2499573 bbbb
0 2501744 bbbb
0 2504160 bbbb
0 2506397 bbbb
0 2508582 bbbb
0 2510768 bbbb
0 2513229 bbbb
0 2515406 bbbb
0 2517601 bbbb
0 2519840 bbbb
0 2522247 bbbb
0 2524440 bbbb
0 2526673 bbbb
0 2528844 bbbb
0 2531276 bbbb
0 2533500 bbbb
0 2535695 bbbb
0 2537879 bbbb
0 2540330 bbbb
0 2542505 bbbb
0 2544696 bbbb
0 2546922 bbbb
0 2549331 bbbb
0 2551503 bbbb
0 2553752 bbbb
0 2555925 bbbb
0 2558346 bbbb
0 2560578 bbbb
0 2562726 bbbb
0 2564921 bbbb
0 2567376 bbbb
0 2569553 bbbb
0 2571784 bbbb
0 2574009 bbbb
0 2576459 bbbb
0 2578632 bbbb
0 2580840 bbbb
0 2583017 bbbb
0 2585478 bbbb
0 2587678 bbbb
0 2589861 bbbb
0 2592054 bbbb
0 2594511 bbbb
0 2596697 bbbb
0 2598906 bbbb
0 2601105 bbbb
0 2603544 bbbb
0 2605748 bbbb
0 2607960 bbbb
0 2610135 bbbb
0 2612573 bbbb
0 2614833 bbbb
0 2617027 bbbb
0 2619223 bbbb
0 2621721 bbbb
0 2623907 bbbb
0 2626094 bbbb
0 2628322 bbbb
0 2630722 bbbb
0 2632876 bbbb
0 2635107 bbbb
0 2637249 bbbb
0 2639686 bbbb
0 2641902 bbbb
0 2644074 bbbb
0 2646303 bbbb
0 2648769 bbbb
0 2650947 bbbb
0 2653135 bbbb
0 2655369 bbbb
0 2657780 bbbb
0 2659992 bbbb
0 2662229 bbbb
0 2664408 bbbb
0 2666840 bbbb
0 2669035 bbbb
0 2671193 bbbb
0 2673391 bbbb
0 2675877 bbbb
0 2678035 bbbb
0 2680222 bbbb
0 2682435 bbbb
0 2684844 bbbb
0 2687025 bbbb
0 2689232 bbbb
0 2691401 bbbb
0 2693822 bbbb
0 2696046 bbbb
0 2698224 bbbb
0 2700409 bbbb
0 2702864 bbbb
0 2705047 bbbb
0 2707220 bbbb
0 2709445 bbbb
0 2711829 bbbb
0 2714016 bbbb
0 2716240 bbbb
0 2718384 bbbb
0 2720807 bbbb
0 2723022 bbbb
0 2725181 bbbb
0 2727356 bbbb
0 2729805 bbbb
0 2731983 bbbb
0 2734157 bbbb
0 2736375 bbbb
0 2738779 bbbb
0 2740959 bbbb
0 2743178 bbbb
0 2745358 bbbb
0 2747784 bbbb
0 2750003 bbbb
0 2752178 bbbb
0 2754375 bbbb
0 2756817 bbbb
0 2758998 bbbb
0 2761193 bbbb
0 2763401 bbbb
0 2765806 bbbb
0 2767998 bbbb
0 2770182 bbbb
0 2772364 bbbb
0 2774806 bbbb
0 2777026 bbbb
0 2779186 bbbb
0 2781381 bbbb
0 2783819 bbbb
0 2785979 bbbb
0 2788197 bbbb
0 2790429 bbbb
0 2792816 bbbb
0 2795010 bbbb
0 2797233 bbbb
0 2799387 bbbb
0 2801814 bbbb
0 2804044 bbbb
0 2806188 bbbb
0 2808378 bbbb
0 2810835 bbbb
0 2813015 bbbb
0 2815218 bbbb
0 2817443 bbbb
0 2819847 bbbb
0 2822034 bbbb
0 2824261 bbbb
0 2826454 bbbb
0 2828873 bbbb
0 2831089 bbbb
0 2833275 bbbb
0 2835462 bbbb
0 2837888 bbbb
0 2840054 bbbb
0 2842245 bbbb
0 2844453 bbbb
0 2846825 bbbb
0 2849012 bbbb
0 2851236 bbbb
0 2853411 bbbb
0 2855843 bbbb
0 2858051 bbbb
0 2860221 bbbb
0 2862386 bbbb
0 2864866 bbbb
0 2867038 bbbb
0 2869225 bbbb
0 2871447 bbbb
0 2873978 bbbb
0 2876232 bbbb
0 2878382 bbbb
0 2880618 bbbb
0 2883119 bbbb
0 2885273 bbbb
0 2887485 bbbb
0 2889717 bbbb
0 2892098 bbbb
0 2894324 bbbb
0 2896549 bbbb
0 2898696 bbbb
0 2901141 bbbb
0 2903345 bbbb
0 2905499 bbbb
0 2907693 bbbb
0 2910161 bbbb
0 2912295 bbbb
0 2914506 bbbb
0 2916715 bbbb
0 2919170 bbbb
0 2921397 bbbb
0 2923550 bbbb
0 2925749 bbbb
0 2928222 bbbb
0 2930353 bbbb
0 2932566 bbbb
0 2934799 bbbb
0 2937164 bbbb
0 2939372 bbbb
0 2941602 bbbb
0 2943749 bbbb
0 2946193 bbbb
0 2948386 bbbb
0 2950530 bbbb
0 2952745 bbbb
0 2955206 bbbb
0 2957352 bbbb
0 2959549 bbbb
0 2961759 bbbb
0 2964171 bbbb
0 2966381 bbbb
0 2968603 bbbb
0 2970824 bbbb
0 2973282 bbbb
0 2975424 bbbb
0 2977631 bbbb
0 2979895 bbbb
0 2982270 bbbb
0 2984469 bbbb
0 2986702 bbbb
0 2988852 bbbb
0 2991262 bbbb
0 2993465 bbbb
0 2995614 bbbb
0 2997834 bbbb
0 3000266 bbbb
0 3002420 bbbb
0 3004635 bbbb
0 3006861 bbbb
0 3009228 bbbb
0 3011452 bbbb
0 3013681 bbbb
0 3015831 bbbb
0 3018285 bbbb
0 3020505 bbbb
0 3022646 bbbb
0 3024870 bbbb
0 3027323 bbbb
0 3029450 bbbb
0 3031639 bbbb
0 3033880 bbbb
0 3036271 bbbb
0 3038486 bbbb
0 3040710 bbbb
0 3042859 bbbb
0 3045311 bbbb
0 3047515 bbbb
0 3049722 bbbb
0 3051918 bbbb
0 3054318 bbbb
0 3056519 bbbb
0 3058717 bbbb
0 3060855 bbbb
0 3063319 bbbb
0 3065529 bbbb
0 3067688 bbbb
0 3069903 bbbb
0 3072336 bbbb
0 3074485 bbbb
0 3076707 bbbb
0 3078921 bbbb
0 3081330 bbbb
0 3083555 bbbb
0 3085756 bbbb
0 3087899 bbbb
0 3090351 bbbb
0 3092571 bbbb
0 3094721 bbbb
0 3096915 bbbb
0 3099363 bbbb
0 3101515 bbbb
0 3103708 bbbb
0 3105967 bbbb
0 3108309 bbbb
0 3110511 bbbb
0 3112712 bbbb
0 3114844 bbbb
0 3117297 bbbb
0 3119531 bbbb
0 3121675 bbbb
0 3123907 bbbb
0 3126343 bbbb
0 3128493 bbbb
0 3130692 bbbb
0 3132905 bbbb
0 3135249 bbbb
0 3137474 bbbb
0 3139710 bbbb
0 3141858 bbbb
0 3144293 bbbb
0 3146497 bbbb
0 3148634 bbbb
0 3150853 bbbb
0 3153272 bbbb
0 3155398 bbbb
0 3157617 bbbb
0 3159844 bbbb
0 3162225 bbbb
0 3164441 bbbb
0 3166655 bbbb
0 3168815 bbbb
0 3171243 bbbb
0 3173468 bbbb
0 3175646 bbbb
0 3177861 bbbb
0 3180306 bbbb
0 3182452 bbbb
0 3184670 bbbb
0 3186903 bbbb
0 3189287 bbbb
0 3191505 bbbb
0 3193740 bbbb
0 3195876 bbbb
0 3198342 bbbb
0 3200560 bbbb
0 3202713 bbbb
0 3204904 bbbb
0 3207333 bbbb
0 3209486 bbbb
0 3211709 bbbb
0 3213924 bbbb
0 3216312 bbbb
0 3218532 bbbb
0 3220719 bbbb
0 3222832 bbbb
0 3225282 bbbb
0 3227505 bbbb
0 3229656 bbbb
0 3231857 bbbb
0 3234309 bbbb
0 3236445 bbbb
0 3238647 bbbb
0 3240861 bbbb
0 3243324 bbbb
0 3245533 bbbb
0 3247683 bbbb
0 3249905 bbbb
0 3252357 bbbb
0 3254507 bbbb
0 3256721 bbbb
0 3258935 bbbb
0 3261326 bbbb
0 3263546 bbbb
0 3265764 bbbb
0 3267915 bbbb
0 3270359 bbbb
0 3272546 bbbb
0 3274663 bbbb
0 3276891 bbbb
0 3279343 bbbb
0 3281490 bbbb
0 3283710 bbbb
0 3285932 bbbb
0 3288399 bbbb
0 3290632 bbbb
0 3292787 bbbb
0 3295004 bbbb
0 3297462 bbbb
0 3299594 bbbb
0 3301800 bbbb
0 3304064 bbbb
0 3306470 bbbb
0 3308682 bbbb
0 3310905 bbbb
0 3313050 bbbb
0 3315489 bbbb
0 3317722 bbbb
0 3319841 bbbb
0 3322043 bbbb
0 3324500 bbbb
0 3326645 bbbb
0 3328865 bbbb
0 3331075 bbbb
0 3333452 bbbb
0 3335677 bbbb
0 3337887 bbbb
0 3340031 bbbb
0 3342482 bbbb
0 3344721 bbbb
0 3346845 bbbb
0 3349068 bbbb
0 3351540 bbbb
0 3353682 bbbb
0 3355915 bbbb
0 3358132 bbbb
0 3360539 bbbb
0 3362751 bbbb
0 3364955 bbbb
0 3367113 bbbb
0 3369554 bbbb
0 3371780 bbbb
0 3373935 bbbb
0 3376152 bbbb
0 3378587 bbbb
0 3380748 bbbb
0 3382950 bbbb
0 3385196 bbbb
0 3387581 bbbb
0 3389792 bbbb
0 3392021 bbbb
0 3394173 bbbb
0 3396623 bbbb
0 3398862 bbbb
0 3400980 bbbb
0 3403176 bbbb
0 3405633 bbbb
0 3407852 bbbb
0 3410084 bbbb
0 3412212 bbbb
0 3414648 bbbb
0 3416856 bbbb
0 3419003 bbbb
0 3421219 bbbb
0 3423703 bbbb
0 3425850 bbbb
0 3428059 bbbb
0 3430266 bbbb
0 3432663 bbbb
0 3434890 bbbb
0 3437125 bbbb
0 3439337 bbbb
0 3441795 bbbb
0 3443945 bbbb
0 3446169 bbbb
0 3448392 bbbb
0 3450872 bbbb
0 3453043 bbbb
0 3455268 bbbb
0 3457440 bbbb
0 3459868 bbbb
0 3462082 bbbb
0 3464274 bbbb
0 3466456 bbbb
0 3468904 bbbb
0 3471079 bbbb
0 3473252 bbbb
0 3475466 bbbb
0 3477915 bbbb
0 3480082 bbbb
0 3482318 bbbb
0 3484518 bbbb
0 3486899 bbbb
0 3489120 bbbb
0 3491312 bbbb
0 3493487 bbbb
0 3495912 bbbb
0 3498095 bbbb
0 3500268 bbbb
0 3502494 bbbb
0 3504917 bbbb
0 3507096 bbbb
0 3509312 bbbb
0 3511499 bbbb
0 3513896 bbbb
0 3516110 bbbb
0 3518309 bbbb
0 3520454 bbbb
0 3522947 bbbb
0 3525111 bbbb
0 3527271 bbbb
0 3529499 bbbb
0 3531903 bbbb
0 3534061 bbbb
0 3536286 bbbb
0 3538456 bbbb
0 3540867 bbbb
0 3543108 bbbb
0 3545275 bbbb
0 3547446 bbbb
0 3549904 bbbb
0 3552069 bbbb
0 3554234 bbbb
0 3556463 bbbb
0 3558876 bbbb
0 3561045 bbbb
0 3563274 bbbb
0 3565455 bbbb
0 3567855 bbbb
0 3570063 bbbb
0 3572268 bbbb
0 3574437 bbbb
0 3576914 bbbb
0 3579100 bbbb
0 3581275 bbbb
0 3583485 bbbb
0 3585917 bbbb
0 3588075 bbbb
0 3590296 bbbb
0 3592461 bbbb
0 3594873 bbbb
0 3597111 bbbb
0 3599296 bbbb
0 3601470 bbbb
0 3603923 bbbb
0 3606116 bbbb
0 3608286 bbbb
0 3610526 bbbb
0 3612939 bbbb
0 3615111 bbbb
0 3617338 bbbb
0 3619523 bbbb
0 3621932 bbbb
0 3624126 bbbb
0 3626289 bbbb
0 3628445 bbbb
0 3630930 bbbb
0 3633116 bbbb
0 3635262 bbbb
0 3637472 bbbb
0 3639923 bbbb
0 3642115 bbbb
0 3644348 bbbb
0 3646572 bbbb
0 3648991 bbbb
0 3651232 bbbb
0 3653412 bbbb
0 3655586 bbbb
0 3658030 bbbb
0 3660255 bbbb
0 3662430 bbbb
0 3664647 bbbb
0 3667071 bbbb
0 3669226 bbbb
0 3671448 bbbb
0 3673614 bbbb
0 3676019 bbbb
0 3678249 bbbb
0 3680435 bbbb
0 3682607 bbbb
0 3685068 bbbb
0 3687258 bbbb
0 3689431 bbbb
0 3691662 bbbb
0 3694085 bbbb
0 3696260 bbbb
0 3698465 bbbb
0 3700650 bbbb
0 3703059 bbbb
0 3705279 bbbb
0 3707447 bbbb
0 3709616 bbbb
0 3712067 bbbb
0 3714252 bbbb
0 3716423 bbbb
0 3718650 bbbb
0 3721081 bbbb
0 3723250 bbbb
0 3725474 bbbb
0 3727679 bbbb
0 3730068 bbbb
0 3732290 bbbb
0 3734482 bbbb
0 3736643 bbbb
0 3739092 bbbb
0 3741281 bbbb
0 3743457 bbbb
0 3745695 bbbb
0 3748113 bbbb
0 3750296 bbbb
0 3752522 bbbb
0 3754721 bbbb
0 3757126 bbbb
0 3759351 bbbb
0 3761538 bbbb
0 3763680 bbbb
0 3766121 bbbb
0 3768306 bbbb
0 3770485 bbbb
0 3772713 bbbb
0 3775139 bbbb
0 3777305 bbbb
0 3779552 bbbb
0 3781731 bbbb
0 3784126 bbbb
0 3786399 bbbb
0 3788598 bbbb
0 3790736 bbbb
0 3793171 bbbb
0 3795360 bbbb
0 3797528 bbbb
0 3799790 bbbb
0 3802209 bbbb
0 3804368 bbbb
0 3806574 bbbb
0 3808769 bbbb
0 3811165 bbbb
0 3813378 bbbb
0 3815548 bbbb
0 3817725 bbbb
0 3820182 bbbb
0 3822372 bbbb
0 3824549 bbbb
0 3826781 bbbb
0 3829208 bbbb
0 3831394 bbbb
0 3833621 bbbb
0 3835800 bbbb
0 3838169 bbbb
0 3840370 bbbb
0 3842562 bbbb
0 3844701 bbbb
0 3847138 bbbb
0 3849307 bbbb
0 3851474 bbbb
0 3853678 bbbb
0 3856117 bbbb
0 3858278 bbbb
0 3860496 bbbb
0 3862689 bbbb
0 3865111 bbbb
0 3867347 bbbb
0 3869534 bbbb
0 3871695 bbbb
0 3874148 bbbb
0 3876326 bbbb
0 3878507 bbbb
0 3880725 bbbb
0 3883163 bbbb
0 3885315 bbbb
0 3887538 bbbb
0 3889727 bbbb
0 3892134 bbbb
0 3894335 bbbb
0 3896528 bbbb
0 3898688 bbbb
0 3901147 bbbb
0 3903344 bbbb
0 3905527 bbbb
0 3907716 bbbb
0 3910164 bbbb
0 3912314 bbbb
0 3914582 bbbb
0 3916763 bbbb
0 3919156 bbbb
0 3921375 bbbb
0 3923556 bbbb
0 3925721 bbbb
0 3928155 bbbb
0 3930347 bbbb
0 3932535 bbbb
0 3934761 bbbb
0 3937198 bbbb
0 3939374 bbbb
0 3941583 bbbb
0 3943776 bbbb
0 3946183 bbbb
0 3948415 bbbb
0 3950599 bbbb
0 3952775 bbbb
0 3955239 bbbb
0 3957424 bbbb
0 3959607 bbbb
0 3961842 bbbb
0 3964255 bbbb
0 3966395 bbbb
0 3968625 bbbb
0 3970794 bbbb
0 3973199 bbbb
0 3975410 bbbb
0 3977606 bbbb
0 3979770 bbbb
0 3982255 bbbb
0 3984442 bbbb
0 3986613 bbbb
0 3988851 bbbb
0 3991317 bbbb
0 3993466 bbbb
0 3995700 bbbb
0 3997887 bbbb
0 4000288 bbbb
0 4002510 bbbb
0 4004700 bbbb
0 4006854 bbbb
0 4009362 bbbb
0 4011548 bbbb
0 4013708 bbbb
0 4015932 bbbb
0 4018352 bbbb
0 4020524 bbbb
0 4022734 bbbb
0 4024901 bbbb
0 4027475 bbbb
0 4029662 bbbb
0 4031824 bbbb
0 4034058 bbbb
0 4036475 bbbb
0 4038638 bbbb
0 4040881 bbbb
0 4043090 bbbb
0 4045506 bbbb
0 4047737 bbbb
0 4049905 bbbb
0 4052066 bbbb
0 4054495 bbbb
0 4056687 bbbb
0 4058860 bbbb
0 4061085 bbbb
0 4063498 bbbb
0 4065684 bbbb
0 4067877 bbbb
0 4070069 bbbb
0 4072503 bbbb
0 4074734 bbbb
0 4076924 bbbb
0 4079097 bbbb
0 4081558 bbbb
0 4083750 bbbb
0 4085900 bbbb
0 4088099 bbbb
0 4090512 bbbb
0 4092660 bbbb
0 4094882 bbbb
0 4097073 bbbb
0 4099506 bbbb
0 4101722 bbbb
0 4103894 bbbb
0 4106064 bbbb
0 4108539 bbbb
0 4110703 bbbb
0 4112871 bbbb
0 4115109 bbbb
0 4117542 bbbb
0 4119705 bbbb
0 4121904 bbbb
0 4124101 bbbb
0 4126493 bbbb
0 4128717 bbbb
0 4130915 bbbb
0 4133085 bbbb
0 4135547 bbbb
0 4137735 bbbb
0 4139923 bbbb
0 4142123 bbbb
0 4144526 bbbb
0 4146666 bbbb
0 4148898 bbbb
0 4151094 bbbb
0 4153479 bbbb
0 4155708 bbbb
0 4157879 bbbb
0 4160037 bbbb
0 4162479 bbbb
0 4164671 bbbb
0 4166853 bbbb
0 4169078 bbbb
0 4171499 bbbb
0 4173675 bbbb
0 4175887 bbbb
0 4178077 bbbb
0 4180486 bbbb
0 4182709 bbbb
0 4184904 bbbb
0 4187073 bbbb
0 4189513 bbbb
0 4191714 bbbb
0 4193883 bbbb
0 4196076 bbbb
0 4198512 bbbb
0 4200694 bbbb
0 4202907 bbbb
0 4205114 bbbb
0 4207551 bbbb
0 4209772 bbbb
0 4211949 bbbb
0 4214114 bbbb
0 4216599 bbbb
0 4218793 bbbb
0 4220973 bbbb
0 4223214 bbbb
0 4225659 bbbb
0 4227786 bbbb
0 4230024 bbbb
0 4232211 bbbb
0 4234615 bbbb
0 4236853 bbbb
0 4239031 bbbb
0 4241195 bbbb
0 4243664 bbbb
0 4245849 bbbb
0 4248003 bbbb
0 4250253 bbbb
0 4252673 bbbb
0 4254836 bbbb
0 4257080 bbbb
0 4259254 bbbb
0 4261664 bbbb
0 4263883 bbbb
0 4266078 bbbb
0 4268246 bbbb
0 4270706 bbbb
0 4272899 bbbb
0 4275069 bbbb
0 4277299 bbbb
0 4279729 bbbb
0 4281891 bbbb
0 4284129 bbbb
0 4286331 bbbb
0 4288718 bbbb
0 4290952 bbbb
0 4293137 bbbb
0 4295301 bbbb
0 4297776 bbbb
0 4299980 bbbb
0 4302138 bbbb
0 4304372 bbbb
0 4306801 bbbb
0 4308960 bbbb
0 4311197 bbbb
0 4313343 bbbb
0 4315866 bbbb
0 4318058 bbbb
0 4320221 bbbb
0 4322459 bbbb
0 4324867 bbbb
0 4327031 bbbb
0 4329269 bbbb
0 4331434 bbbb
0 4333837 bbbb
0 4336052 bbbb
0 4338274 bbbb
0 4340538 bbbb
0 4342935 bbbb
0 4345194 bbbb
0 4347394 bbbb
0 4349560 bbbb
0 4352057 bbbb
0 4354247 bbbb
0 4356411 bbbb
0 4358643 bbbb
0 4361044 bbbb
0 4363206 bbbb
0 4365422 bbbb
0 4367603 bbbb
0 4370024 bbbb
0 4372240 bbbb
0 4374411 bbbb
0 4376669 bbbb
0 4379111 bbbb
0 4381284 bbbb
0 4383494 bbbb
0 4385689 bbbb
0 4388092 bbbb
0 4390319 bbbb
0 4392526 bbbb
0 4394688 bbbb
0 4397163 bbbb
0 4399335 bbbb
0 4401497 bbbb
0 4403714 bbbb
0 4406201 bbbb
0 4408359 bbbb
0 4410591 bbbb
0 4412778 bbbb
0 4415181 bbbb
0 4417414 bbbb
0 4419601 bbbb
0 4421767 bbbb
0 4424240 bbbb
0 4426412 bbbb
0 4428593 bbbb
0 4430829 bbbb
0 4433280 bbbb
0 4435443 bbbb
0 4437671 bbbb
0 4439860 bbbb
0 4442253 bbbb
0 4444495 bbbb
0 4446690 bbbb
0 4448853 bbbb
0 4451325 bbbb
0 4453519 bbbb
0 4455679 bbbb
0 4457919 bbbb
0 4460350 bbbb
0 4462532 bbbb
0 4464740 bbbb
0 4466928 bbbb
0 4469305 bbbb
0 4471544 bbbb
0 4473695 bbbb
0 4475930 bbbb
0 4478337 bbbb
0 4480502 bbbb
0 4482728 bbbb
0 4484893 bbbb
0 4487285 bbbb
0 4489528 bbbb
0 4491704 bbbb
0 4493868 bbbb
0 4496343 bbbb
0 4498531 bbbb
0 4500696 bbbb
0 4502906 bbbb
0 4505379 bbbb
0 4507542 bbbb
0 4509776 bbbb
0 4511954 bbbb
0 4514353 bbbb
0 4516586 bbbb
0 4518783 bbbb
0 4520956 bbbb
0 4523412 bbbb
0 4525577 bbbb
0 4527742 bbbb
0 4529975 bbbb
0 4532417 bbbb
0 4534585 bbbb
0 4536825 bbbb
0 4539018 bbbb
0 4541412 bbbb
0 4543647 bbbb
0 4545837 bbbb
0 4547994 bbbb
0 4550445 bbbb
0 4552630 bbbb
0 4554894 bbbb
0 4557066 bbbb
0 4559456 bbbb
0 4561686 bbbb
0 4563904 bbbb
0 4566158 bbbb
0 4568592 bbbb
0 4570757 bbbb
0 4572999 bbbb
0 4575186 bbbb
0 4577615 bbbb
0 4579844 bbbb
0 4582062 bbbb
0 4584266 bbbb
0 4586765 bbbb
0 4588972 bbbb
0 4591141 bbbb
0 4593375 bbbb
0 4595798 bbbb
0 4597963 bbbb
0 4600221 bbbb
0 4602413 bbbb
0 4604988 bbbb
0 4607212 bbbb
0 4609374 bbbb
0 4611650 bbbb
0 4614116 bbbb
0 4616298 bbbb
0 4618532 bbbb
0 4620724 bbbb
0 4623165 bbbb
0 4625390 bbbb
0 4627592 bbbb
0 4629783 bbbb
0 4632290 bbbb
0 4634459 bbbb
0 4636624 bbbb
0 4638849 bbbb
0 4641316 bbbb
0 4643494 bbbb
0 4645718 bbbb
0 4647904 bbbb
0 4650323 bbbb
0 4652589 bbbb
0 4654773 bbbb
0 4656918 bbbb
0 4659402 bbbb
0 4661594 bbbb
0 4663776 bbbb
0 4666007 bbbb
0 4668456 bbbb
0 4670637 bbbb
0 4672857 bbbb
0 4675044 bbbb
0 4677484 bbbb
0 4679681 bbbb
0 4681857 bbbb
0 4684043 bbbb
0 4686519 bbbb
0 4688682 bbbb
0 4690842 bbbb
0 4693064 bbbb
0 4695558 bbbb
0 4697735 bbbb
0 4699957 bbbb
0 4702148 bbbb
0 4704558 bbbb
0 4706791 bbbb
0 4708979 bbbb
0 4711126 bbbb
0 4713577 bbbb
0 4715737 bbbb
0 4717899 bbbb
0 4720101 bbbb
0 4722560 bbbb
0 4724720 bbbb
0 4726942 bbbb
0 4729127 bbbb
0 4731576 bbbb
0 4733810 bbbb
0 4735985 bbbb
0 4738161 bbbb
0 4740590 bbbb
0 4742786 bbbb
0 4744959 bbbb
0 4747173 bbbb
0 4749637 bbbb
0 4751782 bbbb
0 4754006 bbbb
0 4756185 bbbb
0 4758629 bbbb
0 4760834 bbbb
0 4763031 bbbb
0 4765209 bbbb
0 4767644 bbbb
0 4769843 bbbb
0 4772019 bbbb
0 4774270 bbbb
0 4776727 bbbb
0 4778921 bbbb
0 4781137 bbbb
0 4783332 bbbb
0 4785741 bbbb
0 4787939 bbbb
0 4790121 bbbb
0 4792300 bbbb
0 4794774 bbbb
0 4796980 bbbb
0 4799186 bbbb
0 4801416 bbbb
0 4803855 bbbb
0 4806033 bbbb
0 4808257 bbbb
0 4810441 bbbb
0 4812846 bbbb
0 4815032 bbbb
0 4817246 bbbb
0 4819425 bbbb
0 4821882 bbbb
0 4824077 bbbb
0 4826252 bbbb
0 4828479 bbbb
0 4830903 bbbb
0 4833072 bbbb
0 4835289 bbbb
0 4837470 bbbb
0 4839909 bbbb
0 4842157 bbbb
0 4844327 bbbb
0 4846495 bbbb
0 4848979 bbbb
0 4851178 bbbb
0 4853354 bbbb
0 4855581 bbbb
0 4858016 bbbb
0 4860187 bbbb
0 4862416 bbbb
0 4864604 bbbb
0 4867038 bbbb
0 4869272 bbbb
0 4871442 bbbb
0 4873613 bbbb
0 4876117 bbbb
0 4878335 bbbb
0 4880507 bbbb
0 4882701 bbbb
0 4885158 bbbb
0 4887329 bbbb
0 4889546 bbbb
0 4891766 bbbb
0 4894172 bbbb
0 4896400 bbbb
0 4898554 bbbb
0 4900714 bbbb
0 4903194 bbbb
0 4905380 bbbb
0 4907558 bbbb
0 4909796 bbbb
0 4912256 bbbb
0 4914438 bbbb
0 4916666 bbbb
0 4918829 bbbb
0 4921254 bbbb
0 4923464 bbbb
0 4925632 bbbb
0 4927821 bbbb
0 4930325 bbbb
0 4932519 bbbb
0 4934687 bbbb
0 4936907 bbbb
0 4939370 bbbb
0 4941546 bbbb
0 4943766 bbbb
0 4945952 bbbb
0 4948356 bbbb
0 4950603 bbbb
0 4952779 bbbb
0 4954971 bbbb
0 4957446 bbbb
0 4959644 bbbb
0 4961832 bbbb
0 4964049 bbbb
0 4966493 bbbb
0 4968686 bbbb
0 4970920 bbbb
0 4973105 bbbb
0 4975528 bbbb
0 4977753 bbbb
0 4979921 bbbb
0 4982075 bbbb
0 4984562 bbbb
0 4986731 bbbb
0 4988915 bbbb
0 4991134 bbbb
0 4993603 bbbb
0 4995776 bbbb
0 4998006 bbbb
0 5000197 bbbb
0 5002640 bbbb
0 5004867 bbbb
0 5007041 bbbb
0 5009219 bbbb
0 5011701 bbbb
0 5013894 bbbb
0 5016089 bbbb
0 5018326 bbbb
0 5020787 bbbb
0 5022959 bbbb
0 5025189 bbbb
0 5027373 bbbb
0 5029819 bbbb
0 5032034 bbbb
0 5034207 bbbb
0 5036366 bbbb
0 5038872 bbbb
0 5041042 bbbb
0 5043235 bbbb
0 5045468 bbbb
0 5047896 bbbb
0 5050056 bbbb
0 5052264 bbbb
0 5054456 bbbb
0 5056863 bbbb
0 5059101 bbbb
0 5061290 bbbb
0 5063468 bbbb
0 5065961 bbbb
0 5068149 bbbb
0 5070324 bbbb
0 5072559 bbbb
0 5075018 bbbb
0 5077195 bbbb
0 5079426 bbbb
0 5081615 bbbb
0 5083981 bbbb
0 5086238 bbbb
0 5088435 bbbb
0 5090609 bbbb
0 5093113 bbbb
0 5095302 bbbb
0 5097481 bbbb
0 5099710 bbbb
0 5102142 bbbb
0 5104282 bbbb
0 5106503 bbbb
0 5108685 bbbb
0 5111117 bbbb
0 5113348 bbbb
0 5115533 bbbb
0 5117704 bbbb
0 5120149 bbbb
0 5122303 bbbb
0 5124474 bbbb
0 5126676 bbbb
0 5129148 bbbb
0 5131322 bbbb
0 5133533 bbbb
0 5135679 bbbb
0 5138080 bbbb
0 5140307 bbbb
0 5142498 bbbb
0 5144674 bbbb
0 5147159 bbbb
0 5149328 bbbb
0 5151499 bbbb
0 5153730 bbbb
0 5156167 bbbb
0 5158343 bbbb
0 5160570 bbbb
0 5162739 bbbb
0 5165169 bbbb
0 5167397 bbbb
0 5169597 bbbb
0 5171745 bbbb
0 5174221 bbbb
0 5176420 bbbb
0 5178576 bbbb
0 5180771 bbbb
0 5183305 bbbb
0 5185564 bbbb
0 5187729 bbbb
0 5189948 bbbb
0 5192448 bbbb
0 5194592 bbbb
0 5196801 bbbb
0 5199009 bbbb
0 5201418 bbbb
0 5203641 bbbb
0 5205852 bbbb
0 5208061 bbbb
0 5210567 bbbb
0 5212717 bbbb
0 5214930 bbbb
0 5217151 bbbb
0 5219639 bbbb
0 5221869 bbbb
0 5224088 bbbb
0 5226284 bbbb
0 5228694 bbbb
0 5230906 bbbb
0 5233125 bbbb
0 5235249 bbbb
0 5237717 bbbb
0 5239926 bbbb
0 5242072 bbbb
0 5244278 bbbb
0 5246792 bbbb
0 5248911 bbbb
0 5251110 bbbb
0 5253316 bbbb
0 5255726 bbbb
0 5257941 bbbb
0 5260152 bbbb
0 5262285 bbbb
0 5264754 bbbb
0 5266986 bbbb
0 5269154 bbbb
0 5271365 bbbb
0 5273849 bbbb
0 5275991 bbbb
0 5278207 bbbb
0 5280449 bbbb
0 5282845 bbbb
0 5285067 bbbb
0 5287293 bbbb
0 5289438 bbbb
0 5291917 bbbb
0 5294149 bbbb
0 5296293 bbbb
0 5298504 bbbb
0 5301000 bbbb
0 5303127 bbbb
0 5305324 bbbb
0 5307542 bbbb
0 5309963 bbbb
0 5312157 bbbb
0 5314377 bbbb
0 5316539 bbbb
0 5318985 bbbb
0 5321186 bbbb
0 5323338 bbbb
0 5325556 bbbb
0 5327977 bbbb
0 5330130 bbbb
0 5332351 bbbb
0 5334572 bbbb
0 5336961 bbbb
0 5339183 bbbb
0 5341450 bbbb
0 5343590 bbbb
0 5346041 bbbb
0 5348225 bbbb
0 5350453 bbbb
0 5352702 bbbb
0 5355058 bbbb
0 5357290 bbbb
0 5359541 bbbb
0 5361701 bbbb
0 5364174 bbbb
0 5366362 bbbb
0 5368516 bbbb
0 5370737 bbbb
0 5373224 bbbb
0 5375378 bbbb
0 5377614 bbbb
0 5379848 bbbb
0 5382267 bbbb
0 5384490 bbbb
0 5386718 bbbb
0 5388867 bbbb
0 5391313 bbbb
0 5393570 bbbb
0 5395718 bbbb
0 5397937 bbbb
0 5400435 bbbb
0 5402591 bbbb
0 5404791 bbbb
0 5407016 bbbb
0 5409429 bbbb
0 5411655 bbbb
0 5413881 bbbb
0 5416028 bbbb
0 5418516 bbbb
0 5420739 bbbb
0 5422884 bbbb
0 5425117 bbbb
0 5427600 bbbb
0 5429754 bbbb
0 5431979 bbbb
0 5434184 bbbb
0 5436599 bbbb
0 5438820 bbbb
0 5441037 bbbb
0 5443181 bbbb
0 5445656 bbbb
0 5447888 bbbb
0 5450011 bbbb
0 5452235 bbbb
0 5454729 bbbb
0 5456880 bbbb
0 5459088 bbbb
0 5461306 bbbb
0 5463729 bbbb
0 5465952 bbbb
0 5468172 bbbb
0 5470322 bbbb
0 5472816 bbbb
0 5475036 bbbb
0 5477189 bbbb
0 5479406 bbbb
0 5481893 bbbb
0 5484048 bbbb
0 5486244 bbbb
0 5488460 bbbb
0 5490897 bbbb
0 5493156 bbbb
0 5495391 bbbb
0 5497594 bbbb
0 5500074 bbbb
0 5502284 bbbb
0 5504439 bbbb
0 5506665 bbbb
0 5509125 bbbb
0 5511258 bbbb
0 5513456 bbbb
0 5515694 bbbb
0 5518052 bbbb
0 5520271 bbbb
0 5522497 bbbb
0 5524637 bbbb
0 5527098 bbbb
0 5529314 bbbb
0 5531460 bbbb
0 5533688 bbbb
0 5536133 bbbb
0 5538283 bbbb
0 5540507 bbbb
0 5542721 bbbb
0 5545101 bbbb
0 5547312 bbbb
0 5549579 bbbb
0 5551727 bbbb
0 5554170 bbbb
0 5556401 bbbb
0 5558560 bbbb
0 5560764 bbbb
0 5563232 bbbb
0 5565378 bbbb
0 5567583 bbbb
0 5569809 bbbb
0 5572190 bbbb
0 5574382 bbbb
0 5576606 bbbb
0 5578749 bbbb
0 5581235 bbbb
0 5583436 bbbb
0 5585649 bbbb
0 5587871 bbbb
0 5590269 bbbb
0 5592469 bbbb
0 5594722 bbbb
0 5596875 bbbb
0 5599349 bbbb
0 5601571 bbbb
0 5603717 bbbb
0 5605927 bbbb
0 5608394 bbbb
0 5610615 bbbb
0 5612859 bbbb
0 5615000 bbbb
0 5617462 bbbb
0 5619723 bbbb
0 5621867 bbbb
0 5624066 bbbb
0 5626560 bbbb
0 5628696 bbbb
0 5630907 bbbb
0 5633097 bbbb
0 5635494 bbbb
0 5637705 bbbb
0 5639973 bbbb
0 5642129 bbbb
0 5644590 bbbb
0 5646792 bbbb
0 5648951 bbbb
0 5651154 bbbb
0 5653662 bbbb
0 5655803 bbbb
0 5657998 bbbb
0 5660207 bbbb
0 5662618 bbbb
0 5664823 bbbb
0 5667087 bbbb
0 5669231 bbbb
0 5671715 bbbb
0 5673926 bbbb
0 5676137 bbbb
0 5678403 bbbb
0 5680841 bbbb
0 5683097 bbbb
0 5685360 bbbb
0 5687549 bbbb
0 5690011 bbbb
0 5692238 bbbb
0 5694402 bbbb
0 5696621 bbbb
0 5699090 bbbb
0 5701237 bbbb
0 5703453 bbbb
0 5705681 bbbb
0 5708076 bbbb
0 5710289 bbbb
0 5712514 bbbb
0 5714644 bbbb
0 5717084 bbbb
0 5719313 bbbb
0 5721456 bbbb
0 5723666 bbbb
0 5726114 bbbb
0 5728250 bbbb
0 5730441 bbbb
0 5732679 bbbb
0 5735056 bbbb
0 5737268 bbbb
0 5739486 bbbb
0 5741615 bbbb
0 5744069 bbbb
0 5746301 bbbb
0 5748428 bbbb
0 5750648 bbbb
0 5753112 bbbb
0 5755263 bbbb
0 5757486 bbbb
0 5759703 bbbb
0 5762186 bbbb
0 5764345 bbbb
0 5766605 bbbb
0 5768822 bbbb
0 5771238 bbbb
0 5773463 bbbb
0 5775700 bbbb
0 5777889 bbbb
0 5780371 bbbb
0 5782562 bbbb
0 5784723 bbbb
0 5786954 bbbb
0 5789382 bbbb
0 5791554 bbbb
0 5793757 bbbb
0 5795946 bbbb
0 5798356 bbbb
0 5800586 bbbb
0 5802791 bbbb
0 5804925 bbbb
0 5807412 bbbb
0 5809586 bbbb
0 5811756 bbbb
0 5813970 bbbb
0 5816397 bbbb
0 5818559 bbbb
0 5820768 bbbb
0 5822944 bbbb
0 5825376 bbbb
0 5827608 bbbb
0 5829800 bbbb
0 5831971 bbbb
0 5834466 bbbb
0 5836658 bbbb
0 5838828 bbbb
0 5841054 bbbb
0 5843493 bbbb
0 5845635 bbbb
0 5847856 bbbb
0 5850036 bbbb
0 5852454 bbbb
0 5854680 bbbb
0 5856873 bbbb
0 5859049 bbbb
0 5861478 bbbb
0 5863640 bbbb
0 5865819 bbbb
0 5868024 bbbb
0 5870452 bbbb
0 5872611 bbbb
0 5874840 bbbb
0 5877023 bbbb
0 5879444 bbbb
0 5881669 bbbb
0 5883855 bbbb
0 5886015 bbbb
0 5888506 bbbb
0 5890684 bbbb
0 5892854 bbbb
0 5895085 bbbb
0 5897477 bbbb
0 5899653 bbbb
0 5901876 bbbb
0 5904047 bbbb
0 5906459 bbbb
0 5908686 bbbb
0 5910873 bbbb
0 5913029 bbbb
0 5915525 bbbb
0 5917727 bbbb
0 5919915 bbbb
0 5922129 bbbb
0 5924562 bbbb
0 5926733 bbbb
0 5928960 bbbb
0 5931135 bbbb
0 5933531 bbbb
0 5935764 bbbb
0 5937918 bbbb
0 5940092 bbbb
0 5942591 bbbb
0 5944814 bbbb
0 5946989 bbbb
0 5949218 bbbb
0 5951672 bbbb
0 5953854 bbbb
0 5956087 bbbb
0 5958273 bbbb
0 5960652 bbbb
0 5962881 bbbb
0 5965064 bbbb
0 5967233 bbbb
0 5969671 bbbb
0 5971866 bbbb
0 5974024 bbbb
0 5976286 bbbb
0 5978750 bbbb
0 5980919 bbbb
0 5983128 bbbb
0 5985311 bbbb
0 5987708 bbbb
0 5989937 bbbb
0 5992124 bbbb
0 5994295 bbbb
0 5996757 bbbb
0 5998927 bbbb
0 6001080 bbbb
0 6003291 bbbb
0 6005715 bbbb
0 6007884 bbbb
0 6010114 bbbb
0 6012281 bbbb
0 6014685 bbbb
0 6016911 bbbb
0 6019099 bbbb
0 6021291 bbbb
0 6023738 bbbb
0 6025922 bbbb
0 6028062 bbbb
0 6030288 bbbb
0 6032751 bbbb
0 6034931 bbbb
0 6037152 bbbb
0 6039324 bbbb
0 6041722 bbbb
0 6043943 bbbb
0 6046142 bbbb
0 6048309 bbbb
0 6050810 bbbb
0 6053013 bbbb
0 6055182 bbbb
0 6057411 bbbb
0 6059858 bbbb
0 6062062 bbbb
0 6064328 bbbb
0 6066501 bbbb
0 6068937 bbbb
0 6071135 bbbb
0 6073362 bbbb
0 6075544 bbbb
0 6078055 bbbb
0 6080279 bbbb
0 6082454 bbbb
0 6084654 bbbb
0 6087107 bbbb
0 6089290 bbbb
0 6091510 bbbb
0 6093699 bbbb
0 6096144 bbbb
0 6098369 bbbb
0 6100560 bbbb
0 6102737 bbbb
0 6105179 bbbb
0 6107375 bbbb
0 6109532 bbbb
0 6111794 bbbb
0 6114210 bbbb
0 6116380 bbbb
0 6118612 bbbb
0 6120791 bbbb
0 6123186 bbbb
0 6125387 bbbb
0 6127594 bbbb
0 6129729 bbbb
0 6132195 bbbb
0 6134426 bbbb
0 6136587 bbbb
0 6138804 bbbb
0 6141228 bbbb
0 6143384 bbbb
0 6145607 bbbb
0 6147777 bbbb
0 6150179 bbbb
0 6152386 bbbb
0 6154571 bbbb
0 6156742 bbbb
0 6159229 bbbb
0 6161431 bbbb
0 6163602 bbbb
0 6165831 bbbb
0 6168257 bbbb
0 6170435 bbbb
0 6172666 bbbb
0 6174862 bbbb
0 6177261 bbbb
0 6179487 bbbb
0 6181670 bbbb
0 6183808 bbbb
0 6186274 bbbb
0 6188470 bbbb
0 6190640 bbbb
0 6192882 bbbb
0 6195324 bbbb
0 6197504 bbbb
0 6199731 bbbb
0 6201923 bbbb
0 6204319 bbbb
0 6206558 bbbb
0 6208743 bbbb
0 6210915 bbbb
0 6213405 bbbb
0 6215593 bbbb
0 6217767 bbbb
0 6219999 bbbb
0 6222443 bbbb
0 6224595 bbbb
0 6226812 bbbb
0 6229033 bbbb
0 6231400 bbbb
0 6233628 bbbb
0 6235809 bbbb
0 6237963 bbbb
0 6240415 bbbb
0 6242585 bbbb
0 6244742 bbbb
0 6246969 bbbb
0 6249409 bbbb
0 6251586 bbbb
0 6253827 bbbb
0 6255996 bbbb
0 6258435 bbbb
0 6260661 bbbb
0 6262848 bbbb
0 6264994 bbbb
0 6267447 bbbb
0 6269651 bbbb
0 6271824 bbbb
0 6274062 bbbb
0 6276489 bbbb
0 6278669 bbbb
0 6280872 bbbb
0 6283053 bbbb
0 6285461 bbbb
0 6287666 bbbb
0 6289872 bbbb
0 6292050 bbbb
0 6294498 bbbb
0 6296677 bbbb
0 6298836 bbbb
0 6301098 bbbb
0 6303526 bbbb
0 6305697 bbbb
0 6307924 bbbb
0 6310087 bbbb
0 6312487 bbbb
0 6314723 bbbb
0 6316890 bbbb
0 6319065 bbbb
0 6321579 bbbb
0 6323748 bbbb
0 6325918 bbbb
0 6328172 bbbb
0 6330588 bbbb
0 6332730 bbbb
0 6334937 bbbb
0 6337136 bbbb
0 6339714 bbbb
0 6341881 bbbb
0 6344025 bbbb
0 6346257 bbbb
0 6348722 bbbb
0 6350884 bbbb
0 6353108 bbbb
0 6355304 bbbb
0 6357699 bbbb
0 6359901 bbbb
0 6362098 bbbb
0 6364266 bbbb
0 6366744 bbbb
0 6368938 bbbb
0 6371106 bbbb
0 6373331 bbbb
0 6375779 bbbb
0 6377957 bbbb
0 6380172 bbbb
0 6382352 bbbb
0 6384737 bbbb
0 6386929 bbbb
0 6389117 bbbb
0 6391291 bbbb
0 6393774 bbbb
0 6395946 bbbb
0 6398088 bbbb
0 6400318 bbbb
0 6402782 bbbb
0 6404940 bbbb
0 6407157 bbbb
0 6409352 bbbb
0 6411751 bbbb
0 6413960 bbbb
0 6416150 bbbb
0 6418312 bbbb
0 6420813 bbbb
0 6422982 bbbb
0 6425130 bbbb
0 6427347 bbbb
0 6429804 bbbb
0 6431967 bbbb
0 6434199 bbbb
0 6436392 bbbb
0 6438821 bbbb
0 6441063 bbbb
0 6443232 bbbb
0 6445395 bbbb
0 6447905 bbbb
0 6450095 bbbb
0 6452260 bbbb
0 6454478 bbbb
0 6457002 bbbb
0 6459212 bbbb
0 6461492 bbbb
0 6463721 bbbb
0 6466192 bbbb
0 6468432 bbbb
0 6470616 bbbb
0 6472781 bbbb
0 6475251 bbbb
0 6477442 bbbb
0 6479620 bbbb
0 6481860 bbbb
0 6484287 bbbb
0 6486416 bbbb
0 6488633 bbbb
0 6490799 bbbb
0 6493173 bbbb
0 6495399 bbbb
0 6497573 bbbb
0 6499728 bbbb
0 6502209 bbbb
0 6504386 bbbb
0 6506540 bbbb
0 6508746 bbbb
0 6511212 bbbb
0 6513406 bbbb
0 6515657 bbbb
0 6517831 bbbb
0 6520263 bbbb
0 6522491 bbbb
0 6524669 bbbb
0 6526853 bbbb
0 6529362 bbbb
0 6531559 bbbb
0 6533756 bbbb
0 6535991 bbbb
0 6538504 bbbb
0 6540667 bbbb
0 6542904 bbbb
0 6545100 bbbb
0 6547497 bbbb
0 6549713 bbbb
0 6551905 bbbb
0 6554067 bbbb
0 6556565 bbbb
0 6558732 bbbb
0 6560894 bbbb
0 6563135 bbbb
0 6565576 bbbb
0 6567717 bbbb
0 6569936 bbbb
0 6572115 bbbb
0 6574557 bbbb
0 6576788 bbbb
0 6578988 bbbb
0 6581135 bbbb
0 6583621 bbbb
0 6585808 bbbb
0 6587975 bbbb
0 6590211 bbbb
0 6592677 bbbb
0 6594840 bbbb
0 6597080 bbbb
0 6599253 bbbb
0 6601650 bbbb
0 6603883 bbbb
0 6606069 bbbb
0 6608230 bbbb
0 6610718 bbbb
0 6612905 bbbb
0 6615068 bbbb
0 6617301 bbbb
0 6619730 bbbb
0 6621907 bbbb
0 6624105 bbbb
0 6626301 bbbb
0 6628751 bbbb
0 6630980 bbbb
0 6633148 bbbb
0 6635317 bbbb
0 6637810 bbbb
0 6640007 bbbb
0 6642168 bbbb
0 6644397 bbbb
0 6646880 bbbb
0 6649098 bbbb
0 6651354 bbbb
0 6653578 bbbb
0 6656028 bbbb
0 6658241 bbbb
0 6660438 bbbb
0 6662698 bbbb
0 6665169 bbbb
0 6667340 bbbb
0 6669573 bbbb
0 6671763 bbbb
0 6674154 bbbb
0 6676393 bbbb
0 6678549 bbbb
0 6680713 bbbb
0 6683189 bbbb
0 6685387 bbbb
0 6687552 bbbb
0 6689767 bbbb
0 6692186 bbbb
0 6694347 bbbb
0 6696575 bbbb
0 6698772 bbbb
0 6701174 bbbb
0 6703406 bbbb
0 6705598 bbbb
0 6707745 bbbb
0 6710211 bbbb
0 6712400 bbbb
0 6714545 bbbb
0 6716778 bbbb
0 6719214 bbbb
0 6721383 bbbb
0 6723642 bbbb
0 6725835 bbbb
0 6728217 bbbb
0 6730450 bbbb
0 6732643 bbbb
0 6734801 bbbb
0 6737305 bbbb
0 6739494 bbbb
0 6741653 bbbb
0 6743877 bbbb
0 6746297 bbbb
0 6748469 bbbb
0 6750708 bbbb
0 6752896 bbbb
0 6755322 bbbb
0 6757514 bbbb
0 6759717 bbbb
# Core 1 LOG DUMP ==================================================
# DCB 1 ffffff0004257c00 pixels
# DCB 1 ffffff0001b29200 monitor
1 2469 ffffcccc01b29200
1 22508244 aaaa
1 22508557 eb000021b0009323
1 22509002 b000000500009b10
1 22509188 ea000021b0809322
1 22509879 bbbb
1 22517361 aaaa
1 22517729 eb000021b0009324
1 22517898 b000000500009b10
1 22518086 ea000021b0809323
1 22518808 bbbb
1 22526242 b000bbbb00000014
# Core 2 LOG DUMP ==================================================
# DCB 2 ffffff0004257e00 pixels
# DCB 2 ffffff0001b29400 monitor
2 2999 ffffcccc01b29400
2 22508925 aaaa
2 22509197 eb000023e8009322
2 22509692 b000000500009b10
2 22509888 ea000023e8809322
2 22510595 bbbb
2 22517873 aaaa
2 22518263 eb000023e8009323
2 22518430 b000000500009b10
2 22518618 ea000023e8809323
2 22519325 bbbb
2 22526519 b000bbbb00000014
# Core 3 LOG DUMP ==================================================
# DCB 3 ffffff0006a76000 pixels
# DCB 3 ffffff0001b29600 monitor
3 2165 ffffcccc01b29600
3 22509277 aaaa
3 22509565 eb00002504009322
3 22510005 b000000500009b10
3 22510193 ea00002504809322
3 22510869 bbbb
3 22517486 b000bbbb00000014
3 22518916 aaaa
3 22519118 eb00002504009323
3 22519285 b000000500009b10
3 22519473 ea00002504809323
3 22520425 bbbb
3 22526890 b000bbbb00000014
# Core 4 LOG DUMP ==================================================
# DCB 4 ffffff0006a76200 pixels
# DCB 4 ffffff0001b29800 monitor
4 3261 ffffcccc01b29800
4 22507779 aaaa
4 22508190 eb00002530009325
4 22508683 b000000500009b10
4 22509009 ea00002dc800930d
4 22509428 ea00002dfa00930c
4 22509843 ea000030b000930c
4 22510741 bbbb
4 22512251 aaaa
4 22512420 eb00002dc880930c
4 22512561 b000000600003a40
4 22513516 eb000030b080930c
4 22513665 b000000600003a40
4 22513927 eb00002dfa80930c
4 22514065 b000000600003a40
4 22514600 ea00002530809325
4 22515250 bbbb
4 22516890 aaaa
4 22517072 eb00002530009326
4 22517529 b000000500009b10
4 22517889 ea00002dc800930e
4 22518311 ea00002dfa00930d
4 22518735 ea000030b000930d
4 22519410 bbbb
4 22520600 aaaa
4 22520757 eb00002dc880930d
4 22520895 b000000600000050
4 22521884 eb000030b080930d
4 22522031 b000000600000050
4 22522300 eb00002dfa80930d
4 22522440 b000000600000050
4 22522994 ea00002530809326
4 22523651 bbbb
4 22529088 b000bbbb00000014
# Core 5 LOG DUMP ==================================================
# DCB 5 ffffff0006a76400 pixels
# DCB 5 ffffff0001b29a00 monitor
5 3191 ffffcccc01b29a00
5 22510365 aaaa
5 22510757 eb00002dc800930d
5 22511201 b000000500003a40
5 22511375 ea00002dc880930c
5 22512064 bbbb
5 22517421 b000bbbb00000014
5 22518893 aaaa
5 22519094 eb00002dc800930e
5 22519271 b000000500000050
5 22519446 ea00002dc880930d
5 22520356 bbbb
5 22525628 b000bbbb00000014
# Core 6 LOG DUMP ==================================================
# DCB 6 ffffff0006a76600 pixels
# DCB 6 ffffff0001b29c00 monitor
6 3737 ffffcccc01b29c00
6 22510622 aaaa
6 22511023 eb00002dfa00930c
6 22511470 b000000500003a40
6 22511688 ea00002dfa80930c
6 22512324 bbbb
6 22516941 b000bbbb00000014
6 22519542 aaaa
6 22519733 eb00002dfa00930d
6 22519903 b000000500000050
6 22520078 ea00002dfa80930d
6 22520735 bbbb
6 22525348 b000bbbb00000014
# Core 7 LOG DUMP ==================================================
# DCB 7 ffffff0006a76800 pixels
# DCB 7 ffffff0001b29e00 monitor
7 3886 ffffcccc01b29e00
7 22511381 aaaa
7 22511744 eb000030b000930c
7 22512192 b000000500003a40
7 22512368 ea000030b080930c
7 22512940 bbbb
7 22517053 b000bbbb00000014
7 22519636 aaaa
7 22519822 eb000030b000930d
7 22519989 b000000500000050
7 22520165 ea000030b080930d
7 22520982 bbbb
7 22525094 b000bbbb00000014
# Core 8 LOG DUMP ==================================================
# DCB 8 ffffff0006a76a00 pixels
# DCB 8 ffffff0003081000 monitor
8 4398 ffffcccc03081000
# Core 9 LOG DUMP ==================================================
# DCB 9 ffffff0006a76c00 pixels
# DCB 9 ffffff0003081200 monitor
9 2294 ffffcccc03081200
# Core 10 LOG DUMP ==================================================
# DCB 10 ffffff0006a76e00 pixels
# DCB 10 ffffff0003081400 monitor
10 3959 ffffcccc03081400
# Core 11 LOG DUMP ==================================================
# DCB 11 ffffff00071dc000 pixels
# DCB 11 ffffff0004257600 e1000n
# DCB 11 ffffff0003081600 monitor
11 5569 ffffcccc04257600
11 5757 ffffcccc03081600
11 8771 ffffcccc04257600
11 22229283 ffffcccc03081600
11 22232006 ffffcccc04257600
11 44729144 ffffcccc03081600
11 44731946 ffffcccc04257600
11 67229674 ffffcccc03081600
11 67232326 ffffcccc04257600
# Core 12 LOG DUMP ==================================================
# DCB 12 ffffff00071dc200 pixels
# DCB 12 ffffff0003081800 monitor
12 5040 ffffcccc03081800
# Core 13 LOG DUMP ==================================================
# DCB 13 ffffff00071dc400 pixels
# DCB 13 ffffff0003081a00 monitor
13 4653 ffffcccc03081a00
# Core 14 LOG DUMP ==================================================
# DCB 14 ffffff00071dc600 pixels
# DCB 14 ffffff0003081c00 monitor
14 4466 ffffcccc03081c00
# Core 15 LOG DUMP ==================================================
# DCB 15 ffffff00071dc800 pixels
# DCB 15 ffffff0004257800 bfscope
# DCB 15 ffffff0003081e00 monitor
15 5835 ffffcccc04257800
15 6023 ffffcccc03081e00
15 9079 ffffcccc04257800
15 17529538 ffffcccc03081e00
15 17532382 ffffcccc04257800
15 40029602 ffffcccc03081e00
15 40032126 ffffcccc04257800
15 62529700 ffffcccc03081e00
15 62532318 ffffcccc04257800
