# Core 0 LOG DUMP ==================================================
0 0 1234000000000001
# DCB 0 ffffff00071dca00 fish
# DCB 0 ffffff0004257a00 pixels
# DCB 0 ffffff0004257400 serial
# DCB 0 ffffff0004257200 pci
# DCB 0 ffffff0004257000 skb
# DCB 0 ffffff0001b29000 chips
# DCB 0 ffffff0001e06000 mem_serv
# DCB 0 ffffff0001e06200 monitor
0 7553 ffffcccc071dca00
0 7968 ffffcccc01e06200
0 15888 bbbb
0 19790 bbbb
0 22307 bbbb
0 24453 bbbb
0 26627 bbbb
0 28821 bbbb
0 31237 bbbb
0 33374 bbbb
0 35534 bbbb
0 37739 bbbb
0 40147 bbbb
0 42311 bbbb
0 44442 bbbb
0 46639 bbbb
0 49040 bbbb
0 51168 bbbb
0 53354 bbbb
0 55525 bbbb
0 58001 bbbb
0 60120 bbbb
0 62298 bbbb
0 64515 bbbb
0 66989 bbbb
0 69149 bbbb
0 71280 bbbb
0 73477 bbbb
0 75896 bbbb
0 78042 bbbb
0 80211 bbbb
0 82373 bbbb
0 84828 bbbb
0 86969 bbbb
0 89148 bbbb
0 91303 bbbb
0 93746 bbbb
0 95852 bbbb
0 98032 bbbb
0 100197 bbbb
0 102665 bbbb
0 104844 bbbb
0 107045 bbbb
0 109195 bbbb
0 111609 bbbb
0 113791 bbbb
0 115985 bbbb
0 118128 bbbb
0 120494 bbbb
0 122637 bbbb
0 124832 bbbb
0 126985 bbbb
0 129403 bbbb
0 131591 bbbb
0 133787 bbbb
0 135937 bbbb
0 138338 bbbb
0 140519 bbbb
0 142733 bbbb
0 144908 bbbb
0 147298 bbbb
0 149483 bbbb
0 151677 bbbb
0 153827 bbbb
0 156240 bbbb
0 158375 bbbb
0 160574 bbbb
0 162723 bbbb
0 165146 bbbb
0 167326 bbbb
0 169475 bbbb
0 171670 bbbb
0 174063 bbbb
0 176222 bbbb
0 178428 bbbb
0 180606 bbbb
0 183008 bbbb
0 185171 bbbb
0 187328 bbbb
0 189533 bbbb
0 191917 bbbb
0 194086 bbbb
0 196248 bbbb
0 198440 bbbb
0 200789 bbbb
0 202967 bbbb
0 205160 bbbb
0 207304 bbbb
0 209689 bbbb
0 211824 bbbb
0 213968 bbbb
0 216171 bbbb
0 218528 bbbb
0 220684 bbbb
0 222878 bbbb
0 225014 bbbb
0 227430 bbbb
0 229612 bbbb
0 231767 bbbb
0 233912 bbbb
0 236347 bbbb
0 238507 bbbb
0 240688 bbbb
0 242804 bbbb
0 245250 bbbb
0 247446 bbbb
0 249596 bbbb
0 251744 bbbb
0 254138 bbbb
0 256336 bbbb
0 258482 bbbb
0 260639 bbbb
0 263056 bbbb
0 265240 bbbb
0 267401 bbbb
0 269603 bbbb
0 272007 bbbb
0 274153 bbbb
0 276293 bbbb
0 278471 bbbb
0 280868 bbbb
0 283088 bbbb
0 285203 bbbb
0 287397 bbbb
0 289858 bbbb
0 292003 bbbb
0 294148 bbbb
0 296301 bbbb
0 298773 bbbb
0 300926 bbbb
0 303079 bbbb
0 305239 bbbb
0 307704 bbbb
0 309929 bbbb
0 312087 bbbb
0 314222 bbbb
0 316666 bbbb
0 318854 bbbb
0 320967 bbbb
0 323112 bbbb
0 325538 bbbb
0 327683 bbbb
0 329832 bbbb
0 331967 bbbb
0 334433 bbbb
0 336576 bbbb
0 338726 bbbb
0 340869 bbbb
0 343343 bbbb
0 345494 bbbb
0 347606 bbbb
0 349740 bbbb
0 352187 bbbb
0 354315 bbbb
0 356475 bbbb
0 358671 bbbb
0 361094 bbbb
0 363293 bbbb
0 365438 bbbb
0 367570 bbbb
0 370063 bbbb
0 372212 bbbb
0 374357 bbbb
0 376517 bbbb
0 378975 bbbb
0 381122 bbbb
0 383259 bbbb
0 385437 bbbb
0 387936 bbbb
0 390063 bbbb
0 392224 bbbb
0 394432 bbbb
0 396925 bbbb
0 399103 bbbb
0 401221 bbbb
0 403400 bbbb
0 405855 bbbb
0 407999 bbbb
0 410144 bbbb
0 412289 bbbb
0 414760 bbbb
0 416906 bbbb
0 419051 bbbb
0 421229 bbbb
0 423696 bbbb
0 425893 bbbb
0 428062 bbbb
0 430291 bbbb
0 432705 bbbb
0 434851 bbbb
0 437008 bbbb
0 439227 bbbb
0 441632 bbbb
0 443777 bbbb
0 445955 bbbb
0 448150 bbbb
0 450558 bbbb
0 452693 bbbb
0 454872 bbbb
0 457075 bbbb
0 459538 bbbb
0 461687 bbbb
0 463861 bbbb
0 466058 bbbb
0 468458 bbbb
0 470560 bbbb
0 472702 bbbb
0 474905 bbbb
0 477308 bbbb
0 479457 bbbb
0 481637 bbbb
0 483824 bbbb
0 486271 bbbb
0 488387 bbbb
0 490573 bbbb
0 492769 bbbb
0 495169 bbbb
0 497316 bbbb
0 499451 bbbb
0 501641 bbbb
0 504125 bbbb
0 506270 bbbb
0 508421 bbbb
0 510620 bbbb
0 513022 bbbb
0 515170 bbbb
0 517349 bbbb
0 519546 bbbb
0 522035 bbbb
0 524136 bbbb
0 526300 bbbb
0 528517 bbbb
0 530995 bbbb
0 533174 bbbb
0 535361 bbbb
0 537509 bbbb
0 539914 bbbb
0 542063 bbbb
0 544258 bbbb
0 546395 bbbb
0 548816 bbbb
0 551018 bbbb
0 553187 bbbb
0 555368 bbbb
0 557900 bbbb
0 560074 bbbb
0 562248 bbbb
0 564496 bbbb
0 566884 bbbb
0 569104 bbbb
0 571282 bbbb
0 573430 bbbb
0 575860 bbbb
0 578077 bbbb
0 580225 bbbb
0 582435 bbbb
0 584854 bbbb
0 586981 bbbb
0 589177 bbbb
0 591349 bbbb
0 593759 bbbb
0 595922 bbbb
0 598135 bbbb
0 600293 bbbb
0 602744 bbbb
0 604915 bbbb
0 607061 bbbb
0 609263 bbbb
0 611690 bbbb
0 613820 bbbb
0 616036 bbbb
0 618206 bbbb
0 620597 bbbb
0 622762 bbbb
0 624972 bbbb
0 627078 bbbb
0 629561 bbbb
0 631718 bbbb
0 633868 bbbb
0 636089 bbbb
0 638512 bbbb
0 640658 bbbb
0 642864 bbbb
0 645041 bbbb
0 647452 bbbb
0 649630 bbbb
0 651800 bbbb
0 653950 bbbb
0 656428 bbbb
0 658627 bbbb
0 660773 bbbb
0 662963 bbbb
0 665453 bbbb
0 667562 bbbb
0 669765 bbbb
0 671935 bbbb
0 674361 bbbb
0 676558 bbbb
0 678733 bbbb
0 680890 bbbb
0 683347 bbbb
0 685524 bbbb
0 687673 bbbb
0 689828 bbbb
0 692272 bbbb
0 694435 bbbb
0 696594 bbbb
0 698842 bbbb
0 701198 bbbb
0 703357 bbbb
0 705584 bbbb
0 707744 bbbb
0 710128 bbbb
0 712360 bbbb
0 714450 bbbb
0 716607 bbbb
0 719057 bbbb
0 721205 bbbb
0 723412 bbbb
0 725581 bbbb
0 727977 bbbb
0 730163 bbbb
0 732377 bbbb
0 734484 bbbb
0 736988 bbbb
0 739171 bbbb
0 741317 bbbb
0 743477 bbbb
0 745949 bbbb
0 748109 bbbb
0 750266 bbbb
0 752502 bbbb
0 754936 bbbb
0 757138 bbbb
0 759315 bbbb
0 761463 bbbb
0 763948 bbbb
0 766117 bbbb
0 768265 bbbb
0 770429 bbbb
0 772913 bbbb
0 775036 bbbb
0 777188 bbbb
0 779428 bbbb
0 781787 bbbb
0 783965 bbbb
0 786139 bbbb
0 788296 bbbb
0 790760 bbbb
0 792934 bbbb
0 795087 bbbb
0 797240 bbbb
0 799697 bbbb
0 801848 bbbb
0 804059 bbbb
0 806252 bbbb
0 808668 bbbb
0 810851 bbbb
0 813046 bbbb
0 815195 bbbb
0 817612 bbbb
0 819824 bbbb
0 821963 bbbb
0 824178 bbbb
0 826607 bbbb
0 828718 bbbb
0 830888 bbbb
0 833117 bbbb
0 835472 bbbb
0 837661 bbbb
0 839915 bbbb
0 842074 bbbb
0 844553 bbbb
0 846736 bbbb
0 848893 bbbb
0 851093 bbbb
0 853559 bbbb
0 855710 bbbb
0 857937 bbbb
0 860087 bbbb
0 862555 bbbb
0 864785 bbbb
0 867026 bbbb
0 869224 bbbb
0 871652 bbbb
0 873851 bbbb
0 875954 bbbb
0 878169 bbbb
0 880573 bbbb
0 882729 bbbb
0 884928 bbbb
0 887097 bbbb
0 889459 bbbb
0 891619 bbbb
0 893855 bbbb
0 895984 bbbb
0 898409 bbbb
0 900595 bbbb
0 902756 bbbb
0 904922 bbbb
0 907366 bbbb
0 909457 bbbb
0 911659 bbbb
0 913832 bbbb
0 916223 bbbb
0 918424 bbbb
0 920614 bbbb
0 922779 bbbb
0 925213 bbbb
0 927385 bbbb
0 929539 bbbb
0 931757 bbbb
0 934172 bbbb
0 936326 bbbb
0 938529 bbbb
0 940700 bbbb
0 943086 bbbb
0 945245 bbbb
0 947456 bbbb
0 949621 bbbb
0 952056 bbbb
0 954286 bbbb
0 956353 bbbb
0 958553 bbbb
0 960994 bbbb
0 963104 bbbb
0 965294 bbbb
0 967466 bbbb
0 969901 bbbb
0 972065 bbbb
0 974282 bbbb
0 976430 bbbb
0 978895 bbbb
0 981064 bbbb
0 983212 bbbb
0 985367 bbbb
0 987860 bbbb
0 989991 bbbb
0 992192 bbbb
0 994364 bbbb
0 996785 bbbb
0 998944 bbbb
0 1001150 bbbb
0 1003262 bbbb
0 1005722 bbbb
0 1007891 bbbb
0 1010038 bbbb
0 1012240 bbbb
0 1014669 bbbb
0 1016803 bbbb
0 1018972 bbbb
0 1021145 bbbb
0 1023606 bbbb
0 1025762 bbbb
0 1027910 bbbb
0 1030076 bbbb
0 1032547 bbbb
0 1034697 bbbb
0 1036855 bbbb
0 1039059 bbbb
0 1041489 bbbb
0 1043645 bbbb
0 1045865 bbbb
0 1048023 bbbb
0 1050475 bbbb
0 1052693 bbbb
0 1054854 bbbb
0 1057104 bbbb
0 1059518 bbbb
0 1061688 bbbb
0 1063881 bbbb
0 1066076 bbbb
0 1068471 bbbb
0 1070659 bbbb
0 1072828 bbbb
0 1074974 bbbb
0 1077379 bbbb
0 1079603 bbbb
0 1081745 bbbb
0 1083898 bbbb
0 1086364 bbbb
0 1088528 bbbb
0 1090759 bbbb
0 1092907 bbbb
0 1095310 bbbb
0 1097508 bbbb
0 1099664 bbbb
0 1101861 bbbb
0 1104301 bbbb
0 1106447 bbbb
0 1108609 bbbb
0 1110809 bbbb
0 1113202 bbbb
0 1115409 bbbb
0 1117596 bbbb
0 1119754 bbbb
0 1122183 bbbb
0 1124354 bbbb
0 1126503 bbbb
0 1128662 bbbb
0 1131177 bbbb
0 1133363 bbbb
0 1135569 bbbb
0 1137751 bbbb
0 1140204 bbbb
0 1142312 bbbb
0 1144478 bbbb
0 1146636 bbbb
0 1149094 bbbb
0 1151249 bbbb
0 1153460 bbbb
0 1155641 bbbb
0 1158082 bbbb
0 1160183 bbbb
0 1162394 bbbb
0 1164541 bbbb
0 1166931 bbbb
0 1169086 bbbb
0 1171288 bbbb
0 1173430 bbbb
0 1175902 bbbb
0 1178038 bbbb
0 1180271 bbbb
0 1182414 bbbb
0 1184822 bbbb
0 1186981 bbbb
0 1189183 bbbb
0 1191329 bbbb
0 1193771 bbbb
0 1195859 bbbb
0 1198053 bbbb
0 1200275 bbbb
0 1202731 bbbb
0 1204886 bbbb
0 1207100 bbbb
0 1209243 bbbb
0 1211647 bbbb
0 1213784 bbbb
0 1215999 bbbb
0 1218143 bbbb
0 1220545 bbbb
0 1222631 bbbb
0 1224835 bbbb
0 1226970 bbbb
0 1229390 bbbb
0 1231514 bbbb
0 1233674 bbbb
0 1235857 bbbb
0 1238263 bbbb
0 1240365 bbbb
0 1242569 bbbb
0 1244722 bbbb
0 1247158 bbbb
0 1249307 bbbb
0 1251508 bbbb
0 1253657 bbbb
0 1256134 bbbb
0 1258238 bbbb
0 1260454 bbbb
0 1262641 bbbb
0 1265039 bbbb
0 1267187 bbbb
0 1269389 bbbb
0 1271533 bbbb
0 1273890 bbbb
0 1275976 bbbb
0 1278175 bbbb
0 1280321 bbbb
0 1282763 bbbb
0 1284859 bbbb
0 1287068 bbbb
0 1289230 bbbb
0 1291680 bbbb
0 1293840 bbbb
0 1295994 bbbb
0 1298185 bbbb
0 1300606 bbbb
0 1302755 bbbb
0 1304917 bbbb
0 1307117 bbbb
0 1309573 bbbb
0 1311725 bbbb
0 1313950 bbbb
0 1316093 bbbb
0 1318538 bbbb
0 1320759 bbbb
0 1322902 bbbb
0 1325099 bbbb
0 1327498 bbbb
0 1329706 bbbb
0 1331861 bbbb
0 1334029 bbbb
0 1336367 bbbb
0 1338568 bbbb
0 1340715 bbbb
0 1342888 bbbb
0 1345318 bbbb
0 1347521 bbbb
0 1349683 bbbb
0 1351856 bbbb
0 1354238 bbbb
0 1356445 bbbb
0 1358588 bbbb
0 1360766 bbbb
0 1363171 bbbb
0 1365374 bbbb
0 1367527 bbbb
0 1369706 bbbb
0 1372076 bbbb
0 1374275 bbbb
0 1376422 bbbb
0 1378594 bbbb
0 1380986 bbbb
0 1383209 bbbb
0 1385364 bbbb
0 1387550 bbbb
0 1389974 bbbb
0 1392163 bbbb
0 1394354 bbbb
0 1396558 bbbb
0 1398935 bbbb
0 1401131 bbbb
0 1403310 bbbb
0 1405499 bbbb
0 1407841 bbbb
0 1410050 bbbb
0 1412211 bbbb
0 1414406 bbbb
0 1416854 bbbb
0 1419017 bbbb
0 1421243 bbbb
0 1423415 bbbb
0 1425821 bbbb
0 1428050 bbbb
0 1430253 bbbb
0 1432460 bbbb
0 1434950 bbbb
0 1437136 bbbb
0 1439379 bbbb
0 1441585 bbbb
0 1443976 bbbb
0 1446183 bbbb
0 1448335 bbbb
0 1450484 bbbb
0 1452869 bbbb
0 1455074 bbbb
0 1457234 bbbb
0 1459421 bbbb
0 1461794 bbbb
0 1463996 bbbb
0 1466143 bbbb
0 1468315 bbbb
0 1470667 bbbb
0 1472869 bbbb
0 1475015 bbbb
0 1477188 bbbb
0 1479577 bbbb
0 1481732 bbbb
0 1483921 bbbb
0 1486074 bbbb
0 1488463 bbbb
0 1490680 bbbb
0 1492832 bbbb
0 1495010 bbbb
0 1497395 bbbb
0 1499572 bbbb
0 1501725 bbbb
0 1503911 bbbb
0 1506284 bbbb
0 1508481 bbbb
0 1510627 bbbb
0 1512801 bbbb
0 1515257 bbbb
0 1517430 bbbb
0 1519605 bbbb
0 1521709 bbbb
0 1524184 bbbb
0 1526353 bbbb
0 1528526 bbbb
0 1530696 bbbb
0 1533058 bbbb
0 1535248 bbbb
0 1537412 bbbb
0 1539616 bbbb
0 1542008 bbbb
0 1544157 bbbb
0 1546310 bbbb
0 1548473 bbbb
0 1550966 bbbb
0 1553149 bbbb
0 1555312 bbbb
0 1557514 bbbb
0 1559896 bbbb
0 1562070 bbbb
0 1564218 bbbb
0 1566432 bbbb
0 1568801 bbbb
0 1570962 bbbb
0 1573123 bbbb
0 1575338 bbbb
0 1577764 bbbb
0 1579967 bbbb
0 1582121 bbbb
0 1584322 bbbb
0 1586730 bbbb
0 1588919 bbbb
0 1591067 bbbb
0 1593271 bbbb
0 1595658 bbbb
0 1597840 bbbb
0 1599938 bbbb
0 1602130 bbbb
0 1604552 bbbb
0 1606747 bbbb
0 1608896 bbbb
0 1611047 bbbb
0 1613522 bbbb
0 1615709 bbbb
0 1617815 bbbb
0 1620020 bbbb
0 1622426 bbbb
0 1624611 bbbb
0 1626766 bbbb
0 1628974 bbbb
0 1631399 bbbb
0 1633574 bbbb
0 1635667 bbbb
0 1637867 bbbb
0 1640239 bbbb
0 1642401 bbbb
0 1644520 bbbb
0 1646717 bbbb
0 1649096 bbbb
0 1651256 bbbb
0 1653408 bbbb
0 1655608 bbbb
0 1657976 bbbb
0 1660178 bbbb
0 1662339 bbbb
0 1664540 bbbb
0 1666921 bbbb
0 1669125 bbbb
0 1671290 bbbb
0 1673525 bbbb
0 1675902 bbbb
0 1678089 bbbb
0 1680184 bbbb
0 1682389 bbbb
0 1684787 bbbb
0 1686964 bbbb
0 1689070 bbbb
0 1691274 bbbb
0 1693669 bbbb
0 1695829 bbbb
0 1697976 bbbb
0 1700138 bbbb
0 1702664 bbbb
0 1704810 bbbb
0 1707002 bbbb
0 1709172 bbbb
0 1711595 bbbb
0 1713755 bbbb
0 1715962 bbbb
0 1718059 bbbb
0 1720457 bbbb
0 1722618 bbbb
0 1724750 bbbb
0 1726910 bbbb
0 1729376 bbbb
0 1731548 bbbb
0 1733744 bbbb
0 1735904 bbbb
0 1738318 bbbb
0 1740493 bbbb
0 1742706 bbbb
0 1744819 bbbb
0 1747213 bbbb
0 1749421 bbbb
0 1751574 bbbb
0 1753745 bbbb
0 1756191 bbbb
0 1758332 bbbb
0 1760536 bbbb
0 1762706 bbbb
0 1765125 bbbb
0 1767324 bbbb
0 1769508 bbbb
0 1771654 bbbb
0 1774070 bbbb
0 1776284 bbbb
0 1778432 bbbb
0 1780625 bbbb
0 1783073 bbbb
0 1785238 bbbb
0 1787441 bbbb
0 1789615 bbbb
0 1792083 bbbb
0 1794260 bbbb
0 1796408 bbbb
0 1798612 bbbb
0 1801046 bbbb
0 1803195 bbbb
0 1805350 bbbb
0 1807565 bbbb
0 1809989 bbbb
0 1812152 bbbb
0 1814382 bbbb
0 1816529 bbbb
0 1819037 bbbb
0 1821254 bbbb
0 1823438 bbbb
0 1825626 bbbb
0 1828147 bbbb
0 1830286 bbbb
0 1832444 bbbb
0 1834658 bbbb
0 1837039 bbbb
0 1839249 bbbb
0 1841419 bbbb
0 1843622 bbbb
0 1846010 bbbb
0 1848158 bbbb
0 1850362 bbbb
0 1852580 bbbb
0 1854962 bbbb
0 1857161 bbbb
0 1859351 bbbb
0 1861507 bbbb
0 1863992 bbbb
0 1866158 bbbb
0 1868330 bbbb
0 1870541 bbbb
0 1872956 bbbb
0 1875157 bbbb
0 1877350 bbbb
0 1879482 bbbb
0 1881954 bbbb
0 1884137 bbbb
0 1886287 bbbb
0 1888490 bbbb
0 1890997 bbbb
0 1893163 bbbb
0 1895342 bbbb
0 1897564 bbbb
0 1899993 bbbb
0 1902194 bbbb
0 1904372 bbbb
0 1906544 bbbb
0 1908986 bbbb
0 1911199 bbbb
0 1913348 bbbb
0 1915507 bbbb
0 1917983 bbbb
0 1920097 bbbb
0 1922264 bbbb
0 1924471 bbbb
0 1926901 bbbb
0 1929101 bbbb
0 1931265 bbbb
0 1933464 bbbb
0 1935905 bbbb
0 1938054 bbbb
0 1940211 bbbb
0 1942430 bbbb
0 1944772 bbbb
0 1946980 bbbb
0 1949156 bbbb
0 1951311 bbbb
0 1953770 bbbb
0 1955952 bbbb
0 1958105 bbbb
0 1960268 bbbb
0 1962692 bbbb
0 1964898 bbbb
0 1967069 bbbb
0 1969217 bbbb
0 1971705 bbbb
0 1973881 bbbb
0 1976027 bbbb
0 1978230 bbbb
0 1980632 bbbb
0 1982813 bbbb
0 1985024 bbbb
0 1987184 bbbb
0 1989622 bbbb
0 1991838 bbbb
0 1994029 bbbb
0 1996241 bbbb
0 1998665 bbbb
0 2000843 bbbb
0 2003040 bbbb
0 2005144 bbbb
0 2007634 bbbb
0 2009828 bbbb
0 2011994 bbbb
0 2014231 bbbb
0 2016738 bbbb
0 2018885 bbbb
0 2021088 bbbb
0 2023258 bbbb
0 2025649 bbbb
0 2027809 bbbb
0 2030026 bbbb
0 2032175 bbbb
0 2034595 bbbb
0 2036784 bbbb
0 2038976 bbbb
0 2041175 bbbb
0 2043574 bbbb
0 2045759 bbbb
0 2047943 bbbb
0 2050070 bbbb
0 2052507 bbbb
0 2054686 bbbb
0 2056835 bbbb
0 2058987 bbbb
0 2061457 bbbb
0 2063623 bbbb
0 2065781 bbbb
0 2068022 bbbb
0 2070362 bbbb
0 2072560 bbbb
0 2074738 bbbb
0 2076894 bbbb
0 2079293 bbbb
0 2081510 bbbb
0 2083667 bbbb
0 2085869 bbbb
0 2088281 bbbb
0 2090413 bbbb
0 2092562 bbbb
0 2094784 bbbb
0 2097217 bbbb
0 2099429 bbbb
0 2101610 bbbb
0 2103761 bbbb
0 2106157 bbbb
0 2108370 bbbb
0 2110531 bbbb
0 2112734 bbbb
0 2115176 bbbb
0 2117342 bbbb
0 2119538 bbbb
0 2121733 bbbb
0 2124130 bbbb
0 2126287 bbbb
0 2128511 bbbb
0 2130626 bbbb
0 2133022 bbbb
0 2135235 bbbb
0 2137388 bbbb
0 2139610 bbbb
0 2142007 bbbb
0 2144164 bbbb
0 2146330 bbbb
0 2148516 bbbb
0 2150878 bbbb
0 2153087 bbbb
0 2155324 bbbb
0 2157480 bbbb
0 2159879 bbbb
0 2162081 bbbb
0 2164230 bbbb
0 2166436 bbbb
0 2168845 bbbb
0 2170992 bbbb
0 2173160 bbbb
0 2175374 bbbb
0 2177767 bbbb
0 2179970 bbbb
0 2182216 bbbb
0 2184365 bbbb
0 2186770 bbbb
0 2188967 bbbb
0 2191117 bbbb
0 2193322 bbbb
0 2195714 bbbb
0 2197862 bbbb
0 2200064 bbbb
0 2202238 bbbb
0 2204607 bbbb
0 2206765 bbbb
0 2209017 bbbb
0 2211165 bbbb
0 2213550 bbbb
0 2215796 bbbb
0 2217932 bbbb
0 2220150 bbbb
0 2222554 bbbb
0 2224710 bbbb
0 2226886 bbbb
0 2229098 bbbb
0 2231482 bbbb
0 2233685 bbbb
0 2235862 bbbb
0 2238008 bbbb
0 2240392 bbbb
0 2242631 bbbb
0 2244782 bbbb
0 2246939 bbbb
0 2249390 bbbb
0 2251538 bbbb
0 2253744 bbbb
0 2255922 bbbb
0 2258318 bbbb
0 2260495 bbbb
0 2262710 bbbb
0 2264815 bbbb
0 2267243 bbbb
0 2269487 bbbb
0 2271634 bbbb
0 2273834 bbbb
0 2276373 bbbb
0 2278587 bbbb
0 2280829 bbbb
0 2283053 bbbb
0 2285507 bbbb
0 2287683 bbbb
0 2289835 bbbb
0 2292055 bbbb
0 2294467 bbbb
0 2296633 bbbb
0 2298850 bbbb
0 2300977 bbbb
0 2303413 bbbb
0 2305579 bbbb
0 2307716 bbbb
0 2309896 bbbb
0 2312301 bbbb
0 2314463 bbbb
0 2316591 bbbb
0 2318754 bbbb
0 2321162 bbbb
0 2323325 bbbb
0 2325485 bbbb
0 2327656 bbbb
0 2330042 bbbb
0 2332247 bbbb
0 2334412 bbbb
0 2336582 bbbb
0 2339013 bbbb
0 2341213 bbbb
0 2343391 bbbb
0 2345534 bbbb
0 2347976 bbbb
0 2350156 bbbb
0 2352292 bbbb
0 2354480 bbbb
0 2356895 bbbb
0 2359034 bbbb
0 2361215 bbbb
0 2363376 bbbb
0 2365819 bbbb
0 2368016 bbbb
0 2370159 bbbb
0 2372331 bbbb
0 2374735 bbbb
0 2376910 bbbb
0 2379053 bbbb
0 2381230 bbbb
0 2383615 bbbb
0 2385828 bbbb
0 2387960 bbbb
0 2390119 bbbb
0 2392506 bbbb
0 2394676 bbbb
0 2396820 bbbb
0 2398979 bbbb
0 2401411 bbbb
0 2403581 bbbb
0 2405729 bbbb
0 2407900 bbbb
0 2410317 bbbb
0 2412449 bbbb
0 2414649 bbbb
0 2416829 bbbb
0 2419252 bbbb
0 2421401 bbbb
0 2423608 bbbb
0 2425744 bbbb
0 2428124 bbbb
0 2430254 bbbb
0 2432408 bbbb
0 2434566 bbbb
0 2436993 bbbb
0 2439140 bbbb
0 2441293 bbbb
0 2443459 bbbb
0 2445887 bbbb
0 2448045 bbbb
0 2450233 bbbb
0 2452377 bbbb
0 2454767 bbbb
0 2456954 bbbb
0 2459081 bbbb
0 2461253 bbbb
0 2463641 bbbb
0 2465795 bbbb
0 2467982 bbbb
0 2470163 bbbb
0 2472528 bbbb
0 2474720 bbbb
0 2476906 bbbb
0 2479039 bbbb
0 2481457 bbbb
0 2483600 bbbb
0 2485748 bbbb
0 2487865 bbbb
0 2490295 bbbb
0 2492438 bbbb
0 2494610 bbbb
0 2496796 bbbb
0 2499166 bbbb
0 2501379 bbbb
0 2503528 bbbb
0 2505706 bbbb
0 2508075 bbbb
0 2510246 bbbb
0 2512420 bbbb
0 2514562 bbbb
0 2516975 bbbb
0 2519118 bbbb
0 2521289 bbbb
0 2523418 bbbb
0 2525852 bbbb
0 2528003 bbbb
0 2530177 bbbb
0 2532333 bbbb
0 2534735 bbbb
0 2536893 bbbb
0 2539065 bbbb
0 2541252 bbbb
0 2543697 bbbb
0 2545846 bbbb
0 2548021 bbbb
0 2550151 bbbb
0 2552555 bbbb
0 2554714 bbbb
0 2556922 bbbb
0 2559091 bbbb
0 2561479 bbbb
0 2563685 bbbb
0 2565875 bbbb
0 2568035 bbbb
0 2570447 bbbb
0 2572600 bbbb
0 2574787 bbbb
0 2576935 bbbb
0 2579336 bbbb
0 2581471 bbbb
0 2583646 bbbb
0 2585792 bbbb
0 2588242 bbbb
0 2590442 bbbb
0 2592623 bbbb
0 2594789 bbbb
0 2597209 bbbb
0 2599340 bbbb
0 2601535 bbbb
0 2603716 bbbb
0 2606122 bbbb
0 2608258 bbbb
0 2610407 bbbb
0 2612594 bbbb
0 2614961 bbbb
0 2617141 bbbb
0 2619314 bbbb
0 2621459 bbbb
0 2623852 bbbb
0 2626047 bbbb
0 2628175 bbbb
0 2630367 bbbb
0 2632800 bbbb
0 2634996 bbbb
0 2637171 bbbb
0 2639314 bbbb
0 2641720 bbbb
0 2643871 bbbb
0 2646018 bbbb
0 2648186 bbbb
0 2650585 bbbb
0 2652766 bbbb
0 2654938 bbbb
0 2657097 bbbb
0 2659475 bbbb
0 2661615 bbbb
0 2663785 bbbb
0 2665928 bbbb
0 2668331 bbbb
0 2670462 bbbb
0 2672658 bbbb
0 2674802 bbbb
0 2677213 bbbb
0 2679348 bbbb
0 2681521 bbbb
0 2683668 bbbb
0 2686059 bbbb
0 2688244 bbbb
0 2690396 bbbb
0 2692542 bbbb
0 2694940 bbbb
0 2697140 bbbb
0 2699310 bbbb
0 2701453 bbbb
0 2703848 bbbb
0 2705990 bbbb
0 2708129 bbbb
0 2710260 bbbb
0 2712682 bbbb
0 2714870 bbbb
0 2717023 bbbb
0 2719181 bbbb
0 2721550 bbbb
0 2723733 bbbb
0 2725906 bbbb
0 2728070 bbbb
0 2730467 bbbb
0 2732602 bbbb
0 2734781 bbbb
0 2736941 bbbb
0 2739330 bbbb
0 2741489 bbbb
0 2743658 bbbb
0 2745817 bbbb
0 2748180 bbbb
0 2750357 bbbb
0 2752545 bbbb
0 2754723 bbbb
0 2757143 bbbb
0 2759322 bbbb
0 2761515 bbbb
0 2763697 bbbb
0 2766101 bbbb
0 2768260 bbbb
0 2770410 bbbb
0 2772581 bbbb
0 2774960 bbbb
0 2777128 bbbb
0 2779289 bbbb
0 2781454 bbbb
0 2783819 bbbb
0 2785988 bbbb
0 2788141 bbbb
0 2790316 bbbb
0 2792731 bbbb
0 2794926 bbbb
0 2797102 bbbb
0 2799281 bbbb
0 2801633 bbbb
0 2803799 bbbb
0 2805942 bbbb
0 2808129 bbbb
0 2810547 bbbb
0 2812707 bbbb
0 2814898 bbbb
0 2817023 bbbb
0 2819432 bbbb
0 2821622 bbbb
0 2823769 bbbb
0 2825940 bbbb
0 2828360 bbbb
0 2830487 bbbb
0 2832677 bbbb
0 2834849 bbbb
0 2837245 bbbb
0 2839429 bbbb
0 2841572 bbbb
0 2843732 bbbb
0 2846275 bbbb
0 2848447 bbbb
0 2850654 bbbb
0 2852827 bbbb
0 2855262 bbbb
0 2857427 bbbb
0 2859601 bbbb
0 2861762 bbbb
0 2864182 bbbb
0 2866340 bbbb
0 2868536 bbbb
0 2870706 bbbb
0 2873140 bbbb
0 2875361 bbbb
0 2877534 bbbb
0 2879649 bbbb
0 2882090 bbbb
0 2884251 bbbb
0 2886429 bbbb
0 2888535 bbbb
0 2890955 bbbb
0 2893088 bbbb
0 2895277 bbbb
0 2897396 bbbb
0 2899837 bbbb
0 2902010 bbbb
0 2904185 bbbb
0 2906345 bbbb
0 2908771 bbbb
0 2910922 bbbb
0 2913095 bbbb
0 2915247 bbbb
0 2917687 bbbb
0 2919833 bbbb
0 2922005 bbbb
0 2924159 bbbb
0 2926597 bbbb
0 2928755 bbbb
0 2930930 bbbb
0 2933032 bbbb
0 2935493 bbbb
0 2937648 bbbb
0 2939834 bbbb
0 2941945 bbbb
0 2944340 bbbb
0 2946486 bbbb
0 2948659 bbbb
0 2950786 bbbb
0 2953223 bbbb
0 2955392 bbbb
0 2957564 bbbb
0 2959722 bbbb
0 2962155 bbbb
0 2964373 bbbb
0 2966527 bbbb
0 2968634 bbbb
0 2971075 bbbb
0 2973218 bbbb
0 2975382 bbbb
0 2977507 bbbb
0 2979911 bbbb
0 2982055 bbbb
0 2984228 bbbb
0 2986400 bbbb
0 2988822 bbbb
0 2991014 bbbb
0 2993168 bbbb
0 2995324 bbbb
0 2997743 bbbb
0 2999926 bbbb
0 3002084 bbbb
0 3004268 bbbb
0 3006633 bbbb
0 3008799 bbbb
0 3010901 bbbb
0 3013111 bbbb
0 3015498 bbbb
0 3017676 bbbb
0 3019825 bbbb
0 3022039 bbbb
0 3024463 bbbb
0 3026636 bbbb
0 3028791 bbbb
0 3030993 bbbb
0 3033388 bbbb
0 3035548 bbbb
0 3037712 bbbb
0 3039941 bbbb
0 3042346 bbbb
0 3044521 bbbb
0 3046661 bbbb
0 3048862 bbbb
0 3051281 bbbb
0 3053453 bbbb
0 3055601 bbbb
0 3057832 bbbb
0 3060244 bbbb
0 3062361 bbbb
0 3064464 bbbb
0 3066671 bbbb
0 3069040 bbbb
0 3071214 bbbb
0 3073351 bbbb
0 3075562 bbbb
0 3077944 bbbb
0 3080119 bbbb
0 3082283 bbbb
0 3084447 bbbb
0 3086822 bbbb
0 3088996 bbbb
0 3091160 bbbb
0 3093325 bbbb
0 3095737 bbbb
0 3097910 bbbb
0 3100009 bbbb
0 3102239 bbbb
0 3104668 bbbb
0 3106843 bbbb
0 3108945 bbbb
0 3111146 bbbb
0 3113522 bbbb
0 3115701 bbbb
0 3117861 bbbb
0 3120028 bbbb
0 3122453 bbbb
0 3124648 bbbb
0 3126802 bbbb
0 3129017 bbbb
0 3131405 bbbb
0 3133579 bbbb
0 3135685 bbbb
0 3137887 bbbb
0 3140258 bbbb
0 3142441 bbbb
0 3144551 bbbb
0 3146773 bbbb
0 3149154 bbbb
0 3151335 bbbb
0 3153502 bbbb
0 3155708 bbbb
0 3158087 bbbb
0 3160288 bbbb
0 3162449 bbbb
0 3164610 bbbb
0 3167005 bbbb
0 3169192 bbbb
0 3171343 bbbb
0 3173548 bbbb
0 3175923 bbbb
0 3178102 bbbb
0 3180206 bbbb
0 3182410 bbbb
0 3184796 bbbb
0 3186970 bbbb
0 3189076 bbbb
0 3191283 bbbb
0 3193645 bbbb
0 3195792 bbbb
0 3197948 bbbb
0 3200166 bbbb
0 3202549 bbbb
0 3204743 bbbb
0 3206852 bbbb
0 3209054 bbbb
0 3211439 bbbb
0 3213612 bbbb
0 3215694 bbbb
0 3217916 bbbb
0 3220317 bbbb
0 3222488 bbbb
0 3224636 bbbb
0 3226843 bbbb
0 3229219 bbbb
0 3231414 bbbb
0 3233569 bbbb
0 3235741 bbbb
0 3238181 bbbb
0 3240372 bbbb
0 3242448 bbbb
0 3244663 bbbb
0 3247031 bbbb
0 3249205 bbbb
0 3251327 bbbb
0 3253529 bbbb
0 3255914 bbbb
0 3258088 bbbb
0 3260252 bbbb
0 3262424 bbbb
0 3264848 bbbb
0 3266976 bbbb
0 3269127 bbbb
0 3271333 bbbb
0 3273752 bbbb
0 3275942 bbbb
0 3278099 bbbb
0 3280297 bbbb
0 3282664 bbbb
0 3284837 bbbb
0 3286951 bbbb
0 3289113 bbbb
0 3291518 bbbb
0 3293684 bbbb
0 3295840 bbbb
0 3298043 bbbb
0 3300446 bbbb
0 3302623 bbbb
0 3304764 bbbb
0 3306927 bbbb
0 3309382 bbbb
0 3311561 bbbb
0 3313668 bbbb
0 3315884 bbbb
0 3318280 bbbb
0 3320452 bbbb
0 3322564 bbbb
0 3324782 bbbb
0 3327185 bbbb
0 3329359 bbbb
0 3331487 bbbb
0 3333643 bbbb
0 3336050 bbbb
0 3338222 bbbb
0 3340370 bbbb
0 3342575 bbbb
0 3344961 bbbb
0 3347138 bbbb
0 3349345 bbbb
0 3351488 bbbb
0 3353902 bbbb
0 3355996 bbbb
0 3358201 bbbb
0 3360356 bbbb
0 3362769 bbbb
0 3364893 bbbb
0 3367091 bbbb
0 3369214 bbbb
0 3371594 bbbb
0 3373748 bbbb
0 3375971 bbbb
0 3378141 bbbb
0 3380564 bbbb
0 3382714 bbbb
0 3384910 bbbb
0 3387053 bbbb
0 3389445 bbbb
0 3391591 bbbb
0 3393810 bbbb
0 3395952 bbbb
0 3398351 bbbb
0 3400481 bbbb
0 3402669 bbbb
0 3404821 bbbb
0 3407222 bbbb
0 3409336 bbbb
0 3411542 bbbb
0 3413711 bbbb
0 3416238 bbbb
0 3418407 bbbb
0 3420574 bbbb
0 3422762 bbbb
0 3425169 bbbb
0 3427376 bbbb
0 3429526 bbbb
0 3431739 bbbb
0 3434134 bbbb
0 3436356 bbbb
0 3438541 bbbb
0 3440708 bbbb
0 3443147 bbbb
0 3445346 bbbb
0 3447499 bbbb
0 3449717 bbbb
0 3452140 bbbb
0 3454274 bbbb
0 3456499 bbbb
0 3458667 bbbb
0 3461067 bbbb
0 3463276 bbbb
0 3465433 bbbb
0 3467588 bbbb
0 3470056 bbbb
0 3472267 bbbb
0 3474497 bbbb
0 3476654 bbbb
0 3479069 bbbb
0 3481226 bbbb
0 3483391 bbbb
0 3485578 bbbb
0 3488079 bbbb
0 3490240 bbbb
0 3492430 bbbb
0 3494638 bbbb
0 3497024 bbbb
0 3499222 bbbb
0 3501385 bbbb
0 3503574 bbbb
0 3505981 bbbb
0 3508135 bbbb
0 3510323 bbbb
0 3512559 bbbb
0 3514986 bbbb
0 3517166 bbbb
0 3519367 bbbb
0 3521542 bbbb
0 3523954 bbbb
0 3526113 bbbb
0 3528302 bbbb
0 3530468 bbbb
0 3532855 bbbb
0 3535032 bbbb
0 3537218 bbbb
0 3539384 bbbb
0 3541838 bbbb
0 3543968 bbbb
0 3546136 bbbb
0 3548294 bbbb
0 3550701 bbbb
0 3552905 bbbb
0 3555057 bbbb
0 3557237 bbbb
0 3559628 bbbb
0 3561817 bbbb
0 3563948 bbbb
0 3566142 bbbb
0 3568513 bbbb
0 3570687 bbbb
0 3572851 bbbb
0 3575038 bbbb
0 3577422 bbbb
0 3579583 bbbb
0 3581804 bbbb
0 3583979 bbbb
0 3586395 bbbb
0 3588589 bbbb
0 3590720 bbbb
0 3592922 bbbb
0 3595294 bbbb
0 3597467 bbbb
0 3599670 bbbb
0 3601846 bbbb
0 3604283 bbbb
0 3606454 bbbb
0 3608654 bbbb
0 3610846 bbbb
0 3613292 bbbb
0 3615445 bbbb
0 3617603 bbbb
0 3619807 bbbb
0 3622195 bbbb
0 3624368 bbbb
0 3626569 bbbb
0 3628727 bbbb
0 3631159 bbbb
0 3633368 bbbb
0 3635516 bbbb
0 3637694 bbbb
0 3640077 bbbb
0 3642274 bbbb
0 3644417 bbbb
0 3646595 bbbb
0 3648989 bbbb
0 3651168 bbbb
0 3653390 bbbb
0 3655542 bbbb
0 3657932 bbbb
0 3660141 bbbb
0 3662302 bbbb
0 3664497 bbbb
0 3666940 bbbb
0 3669160 bbbb
0 3671396 bbbb
0 3673541 bbbb
0 3675926 bbbb
0 3678127 bbbb
0 3680257 bbbb
0 3682412 bbbb
0 3684835 bbbb
0 3686996 bbbb
0 3689174 bbbb
0 3691380 bbbb
0 3693754 bbbb
0 3695930 bbbb
0 3698138 bbbb
0 3700298 bbbb
0 3702767 bbbb
0 3704913 bbbb
0 3707093 bbbb
0 3709309 bbbb
0 3711679 bbbb
0 3713870 bbbb
0 3716059 bbbb
0 3718202 bbbb
0 3720621 bbbb
0 3722809 bbbb
0 3724940 bbbb
0 3727136 bbbb
0 3729520 bbbb
0 3731702 bbbb
0 3733895 bbbb
0 3736112 bbbb
0 3738495 bbbb
0 3740669 bbbb
0 3742822 bbbb
0 3745000 bbbb
0 3747380 bbbb
0 3749584 bbbb
0 3751729 bbbb
0 3753902 bbbb
0 3756305 bbbb
0 3758490 bbbb
0 3760654 bbbb
0 3762857 bbbb
0 3765240 bbbb
0 3767405 bbbb
0 3769564 bbbb
0 3771757 bbbb
0 3774159 bbbb
0 3776362 bbbb
0 3778505 bbbb
0 3780677 bbbb
0 3783063 bbbb
0 3785252 bbbb
0 3787427 bbbb
0 3789626 bbbb
0 3792073 bbbb
0 3794250 bbbb
0 3796417 bbbb
0 3798606 bbbb
0 3801023 bbbb
0 3803204 bbbb
0 3805349 bbbb
0 3807524 bbbb
0 3809968 bbbb
0 3812107 bbbb
0 3814282 bbbb
0 3816431 bbbb
0 3818846 bbbb
0 3821029 bbbb
0 3823228 bbbb
0 3825419 bbbb
0 3827845 bbbb
0 3830041 bbbb
0 3832181 bbbb
0 3834396 bbbb
0 3836770 bbbb
0 3838942 bbbb
0 3841096 bbbb
0 3843283 bbbb
0 3845696 bbbb
0 3847910 bbbb
0 3850055 bbbb
0 3852237 bbbb
0 3854702 bbbb
0 3856918 bbbb
0 3859060 bbbb
0 3861227 bbbb
0 3863660 bbbb
0 3865849 bbbb
0 3868059 bbbb
0 3870208 bbbb
0 3872631 bbbb
0 3874798 bbbb
0 3876993 bbbb
0 3879176 bbbb
0 3881561 bbbb
0 3883765 bbbb
0 3885941 bbbb
0 3888135 bbbb
0 3890509 bbbb
0 3892707 bbbb
0 3894878 bbbb
0 3897066 bbbb
0 3899497 bbbb
0 3901706 bbbb
0 3903862 bbbb
0 3906046 bbbb
0 3908428 bbbb
0 3910618 bbbb
0 3912804 bbbb
0 3915003 bbbb
0 3917387 bbbb
0 3919564 bbbb
0 3921763 bbbb
0 3923911 bbbb
0 3926318 bbbb
0 3928508 bbbb
0 3930652 bbbb
0 3932867 bbbb
0 3935259 bbbb
0 3937424 bbbb
0 3939581 bbbb
0 3941785 bbbb
0 3944201 bbbb
0 3946367 bbbb
0 3948557 bbbb
0 3950748 bbbb
0 3953186 bbbb
0 3955330 bbbb
0 3957499 bbbb
0 3959650 bbbb
0 3962077 bbbb
0 3964253 bbbb
0 3966458 bbbb
0 3968643 bbbb
0 3971077 bbbb
0 3973238 bbbb
0 3975382 bbbb
0 3977550 bbbb
0 3979978 bbbb
0 3982143 bbbb
0 3984316 bbbb
0 3986490 bbbb
0 3989045 bbbb
0 3991212 bbbb
0 3993377 bbbb
0 3995579 bbbb
0 3997989 bbbb
0 4000180 bbbb
0 4002381 bbbb
0 4004557 bbbb
0 4006972 bbbb
0 4009193 bbbb
0 4011371 bbbb
0 4013593 bbbb
0 4015989 bbbb
0 4018187 bbbb
0 4020363 bbbb
0 4022588 bbbb
0 4024999 bbbb
0 4027197 bbbb
0 4029381 bbbb
0 4031581 bbbb
0 4034028 bbbb
0 4036241 bbbb
0 4038419 bbbb
0 4040618 bbbb
0 4043032 bbbb
0 4045253 bbbb
0 4047428 bbbb
0 4049640 bbbb
0 4052045 bbbb
0 4054246 bbbb
0 4056428 bbbb
0 4058633 bbbb
0 4061083 bbbb
0 4063249 bbbb
0 4065433 bbbb
0 4067624 bbbb
0 4070027 bbbb
0 4072226 bbbb
0 4074449 bbbb
0 4076644 bbbb
0 4079081 bbbb
0 4081258 bbbb
0 4083442 bbbb
0 4085642 bbbb
0 4088057 bbbb
0 4090292 bbbb
0 4092519 bbbb
0 4094719 bbbb
0 4097152 bbbb
0 4099347 bbbb
0 4101526 bbbb
0 4103716 bbbb
0 4106119 bbbb
0 4108310 bbbb
0 4110473 bbbb
0 4112693 bbbb
0 4115108 bbbb
0 4117313 bbbb
0 4119487 bbbb
0 4121698 bbbb
0 4124102 bbbb
0 4126300 bbbb
0 4128482 bbbb
0 4130680 bbbb
0 4133093 bbbb
0 4135310 bbbb
0 4137487 bbbb
0 4139697 bbbb
0 4142092 bbbb
0 4144305 bbbb
0 4146474 bbbb
0 4148687 bbbb
0 4151100 bbbb
0 4153284 bbbb
0 4155462 bbbb
0 4157674 bbbb
0 4160114 bbbb
0 4162314 bbbb
0 4164508 bbbb
0 4166706 bbbb
0 4169143 bbbb
0 4171350 bbbb
0 4173526 bbbb
0 4175721 bbbb
0 4178151 bbbb
0 4180349 bbbb
0 4182532 bbbb
0 4184739 bbbb
0 4187171 bbbb
0 4189359 bbbb
0 4191545 bbbb
0 4193768 bbbb
0 4196207 bbbb
0 4198394 bbbb
0 4200561 bbbb
0 4202755 bbbb
0 4205163 bbbb
0 4207360 bbbb
0 4209537 bbbb
0 4211746 bbbb
0 4214151 bbbb
0 4216363 bbbb
0 4218539 bbbb
0 4220725 bbbb
0 4223161 bbbb
0 4225374 bbbb
0 4227575 bbbb
0 4229767 bbbb
0 4232168 bbbb
0 4234395 bbbb
0 4236617 bbbb
0 4238822 bbbb
0 4241231 bbbb
0 4243458 bbbb
0 4245635 bbbb
0 4247825 bbbb
0 4250272 bbbb
0 4252467 bbbb
0 4254643 bbbb
0 4256840 bbbb
0 4259252 bbbb
0 4261476 bbbb
0 4263652 bbbb
0 4265857 bbbb
0 4268264 bbbb
0 4270451 bbbb
0 4272628 bbbb
0 4274825 bbbb
0 4277272 bbbb
0 4279493 bbbb
0 4281681 bbbb
0 4283879 bbbb
0 4286286 bbbb
0 4288511 bbbb
0 4290689 bbbb
0 4292896 bbbb
0 4295312 bbbb
0 4297503 bbbb
0 4299695 bbbb
0 4301869 bbbb
0 4304278 bbbb
0 4306487 bbbb
0 4308707 bbbb
0 4310904 bbbb
0 4313348 bbbb
0 4315561 bbbb
0 4317779 bbbb
0 4319931 bbbb
0 4322387 bbbb
0 4324603 bbbb
0 4326767 bbbb
0 4328975 bbbb
0 4331414 bbbb
0 4333620 bbbb
0 4335838 bbbb
0 4338065 bbbb
0 4340492 bbbb
0 4342690 bbbb
0 4344869 bbbb
0 4347065 bbbb
0 4349504 bbbb
0 4351727 bbbb
0 4353884 bbbb
0 4356079 bbbb
0 4358479 bbbb
0 4360679 bbbb
0 4362853 bbbb
0 4365048 bbbb
0 4367492 bbbb
0 4369667 bbbb
0 4371863 bbbb
0 4374074 bbbb
0 4376500 bbbb
0 4378714 bbbb
0 4380888 bbbb
0 4383076 bbbb
0 4385495 bbbb
0 4387690 bbbb
0 4389831 bbbb
0 4392023 bbbb
0 4394438 bbbb
0 4396637 bbbb
0 4398815 bbbb
0 4401013 bbbb
0 4403425 bbbb
0 4405624 bbbb
0 4407813 bbbb
0 4410018 bbbb
0 4412425 bbbb
0 4414633 bbbb
0 4416807 bbbb
0 4419023 bbbb
0 4421428 bbbb
0 4423626 bbbb
0 4425805 bbbb
0 4428008 bbbb
0 4430415 bbbb
0 4432601 bbbb
0 4434779 bbbb
0 4436975 bbbb
0 4439403 bbbb
0 4441598 bbbb
0 4443805 bbbb
0 4445967 bbbb
0 4448437 bbbb
0 4450636 bbbb
0 4452811 bbbb
0 4455009 bbbb
0 4457420 bbbb
0 4459616 bbbb
0 4461790 bbbb
0 4463987 bbbb
0 4466446 bbbb
0 4468628 bbbb
0 4470831 bbbb
0 4473044 bbbb
0 4475451 bbbb
0 4477647 bbbb
0 4479824 bbbb
0 4482020 bbbb
0 4484438 bbbb
0 4486637 bbbb
0 4488822 bbbb
0 4491019 bbbb
0 4493437 bbbb
0 4495646 bbbb
0 4497831 bbbb
0 4500028 bbbb
0 4502443 bbbb
0 4504645 bbbb
0 4506823 bbbb
0 4509023 bbbb
0 4511483 bbbb
0 4513683 bbbb
0 4515862 bbbb
0 4518083 bbbb
0 4520492 bbbb
0 4522687 bbbb
0 4524866 bbbb
0 4527084 bbbb
0 4529488 bbbb
0 4531687 bbbb
0 4533871 bbbb
0 4536067 bbbb
0 4538536 bbbb
0 4540745 bbbb
0 4542943 bbbb
0 4545134 bbbb
0 4547567 bbbb
0 4549764 bbbb
0 4551940 bbbb
0 4554136 bbbb
0 4556573 bbbb
0 4558773 bbbb
0 4560949 bbbb
0 4563153 bbbb
0 4565648 bbbb
0 4567912 bbbb
0 4570076 bbbb
0 4572252 bbbb
0 4574702 bbbb
0 4576906 bbbb
0 4579096 bbbb
0 4581299 bbbb
0 4583730 bbbb
0 4585944 bbbb
0 4588158 bbbb
0 4590334 bbbb
0 4592783 bbbb
0 4594981 bbbb
0 4597144 bbbb
0 4599325 bbbb
0 4601800 bbbb
0 4603949 bbbb
0 4606138 bbbb
0 4608344 bbbb
0 4610749 bbbb
0 4612927 bbbb
0 4615150 bbbb
0 4617301 bbbb
0 4619762 bbbb
0 4621914 bbbb
0 4624112 bbbb
0 4626263 bbbb
0 4628723 bbbb
0 4630865 bbbb
0 4633055 bbbb
0 4635211 bbbb
0 4637659 bbbb
0 4639859 bbbb
0 4642063 bbbb
0 4644216 bbbb
0 4646647 bbbb
0 4648795 bbbb
0 4650970 bbbb
0 4653167 bbbb
0 4655619 bbbb
0 4657808 bbbb
0 4659989 bbbb
0 4662191 bbbb
0 4664585 bbbb
0 4666763 bbbb
0 4668926 bbbb
0 4671108 bbbb
0 4673548 bbbb
0 4675750 bbbb
0 4677898 bbbb
0 4680083 bbbb
0 4682507 bbbb
0 4684660 bbbb
0 4686847 bbbb
0 4689070 bbbb
0 4691485 bbbb
0 4693667 bbbb
0 4695821 bbbb
0 4698010 bbbb
0 4700379 bbbb
0 4702590 bbbb
0 4704736 bbbb
0 4706917 bbbb
0 4709365 bbbb
0 4711554 bbbb
0 4713740 bbbb
0 4715894 bbbb
0 4718345 bbbb
0 4720526 bbbb
0 4722718 bbbb
0 4724869 bbbb
0 4727285 bbbb
0 4729439 bbbb
0 4731646 bbbb
0 4733830 bbbb
0 4736293 bbbb
0 4738446 bbbb
0 4740638 bbbb
0 4742851 bbbb
0 4745234 bbbb
0 4747427 bbbb
0 4749598 bbbb
0 4751792 bbbb
0 4754179 bbbb
0 4756385 bbbb
0 4758524 bbbb
0 4760701 bbbb
0 4763154 bbbb
0 4765349 bbbb
0 4767545 bbbb
0 4769752 bbbb
0 4772122 bbbb
0 4774277 bbbb
0 4776439 bbbb
0 4778633 bbbb
0 4781018 bbbb
0 4783163 bbbb
0 4785327 bbbb
0 4787512 bbbb
0 4789929 bbbb
0 4792077 bbbb
0 4794257 bbbb
0 4796414 bbbb
0 4798877 bbbb
0 4801058 bbbb
0 4803253 bbbb
0 4805410 bbbb
0 4807795 bbbb
0 4810006 bbbb
0 4812143 bbbb
0 4814312 bbbb
0 4816704 bbbb
0 4818934 bbbb
0 4821122 bbbb
0 4823318 bbbb
0 4825687 bbbb
0 4827872 bbbb
0 4830074 bbbb
0 4832219 bbbb
0 4834678 bbbb
0 4836875 bbbb
0 4839013 bbbb
0 4841200 bbbb
0 4843695 bbbb
0 4845839 bbbb
0 4848024 bbbb
0 4850228 bbbb
0 4852604 bbbb
0 4854797 bbbb
0 4856942 bbbb
0 4859147 bbbb
0 4861586 bbbb
0 4863800 bbbb
0 4865944 bbbb
0 4868120 bbbb
0 4870594 bbbb
0 4872736 bbbb
0 4874932 bbbb
0 4877098 bbbb
0 4879510 bbbb
0 4881715 bbbb
0 4883914 bbbb
0 4886058 bbbb
0 4888519 bbbb
0 4890674 bbbb
0 4892860 bbbb
0 4895060 bbbb
0 4897534 bbbb
0 4899682 bbbb
0 4901816 bbbb
0 4904033 bbbb
0 4906438 bbbb
0 4908619 bbbb
0 4910806 bbbb
0 4912996 bbbb
0 4915415 bbbb
0 4917625 bbbb
0 4919768 bbbb
0 4921923 bbbb
0 4924345 bbbb
0 4926521 bbbb
0 4928678 bbbb
0 4930859 bbbb
0 4933253 bbbb
0 4935434 bbbb
0 4937587 bbbb
0 4939774 bbbb
0 4942179 bbbb
0 4944395 bbbb
0 4946558 bbbb
0 4948758 bbbb
0 4951174 bbbb
0 4953365 bbbb
0 4955521 bbbb
0 4957673 bbbb
0 4960092 bbbb
0 4962272 bbbb
0 4964449 bbbb
0 4966654 bbbb
0 4969108 bbbb
0 4971342 bbbb
0 4973467 bbbb
0 4975666 bbbb
0 4978127 bbbb
0 4980266 bbbb
0 4982435 bbbb
0 4984581 bbbb
0 4987064 bbbb
0 4989216 bbbb
0 4991420 bbbb
0 4993571 bbbb
0 4996003 bbbb
0 4998217 bbbb
0 5000359 bbbb
0 5002546 bbbb
0 5005051 bbbb
0 5007251 bbbb
0 5009423 bbbb
0 5011649 bbbb
0 5014048 bbbb
0 5016241 bbbb
0 5018395 bbbb
0 5020587 bbbb
0 5022993 bbbb
0 5025190 bbbb
0 5027341 bbbb
0 5029535 bbbb
0 5031975 bbbb
0 5034168 bbbb
0 5036348 bbbb
0 5038535 bbbb
0 5040921 bbbb
0 5043112 bbbb
0 5045309 bbbb
0 5047454 bbbb
0 5049907 bbbb
0 5052096 bbbb
0 5054268 bbbb
0 5056450 bbbb
0 5058868 bbbb
0 5061014 bbbb
0 5063201 bbbb
0 5065383 bbbb
0 5067847 bbbb
0 5069981 bbbb
0 5072185 bbbb
0 5074344 bbbb
0 5076781 bbbb
0 5078989 bbbb
0 5081132 bbbb
0 5083310 bbbb
0 5085725 bbbb
0 5087915 bbbb
0 5090093 bbbb
0 5092292 bbbb
0 5094686 bbbb
0 5096847 bbbb
0 5099057 bbbb
0 5101228 bbbb
0 5103678 bbbb
0 5105858 bbbb
0 5108017 bbbb
0 5110200 bbbb
0 5112664 bbbb
0 5114808 bbbb
0 5116989 bbbb
0 5119156 bbbb
0 5121597 bbbb
0 5123776 bbbb
0 5125963 bbbb
0 5128112 bbbb
0 5130549 bbbb
0 5132746 bbbb
0 5134891 bbbb
0 5137069 bbbb
0 5139623 bbbb
0 5141827 bbbb
0 5144024 bbbb
0 5146234 bbbb
0 5148643 bbbb
0 5150763 bbbb
0 5152978 bbbb
0 5155157 bbbb
0 5157593 bbbb
0 5159771 bbbb
0 5161958 bbbb
0 5164167 bbbb
0 5166604 bbbb
0 5168783 bbbb
0 5170928 bbbb
0 5173153 bbbb
0 5175545 bbbb
0 5177736 bbbb
0 5179898 bbbb
0 5182084 bbbb
0 5184498 bbbb
0 5186711 bbbb
0 5188904 bbbb
0 5191082 bbbb
0 5193515 bbbb
0 5195694 bbbb
0 5197874 bbbb
0 5200037 bbbb
0 5202482 bbbb
0 5204656 bbbb
0 5206802 bbbb
0 5208983 bbbb
0 5211409 bbbb
0 5213581 bbbb
0 5215764 bbbb
0 5217885 bbbb
0 5220340 bbbb
0 5222497 bbbb
0 5224669 bbbb
0 5226836 bbbb
0 5229255 bbbb
0 5231415 bbbb
0 5233616 bbbb
0 5235798 bbbb
0 5238173 bbbb
0 5240396 bbbb
0 5242583 bbbb
0 5244752 bbbb
0 5247191 bbbb
0 5249369 bbbb
0 5251495 bbbb
0 5253713 bbbb
0 5256137 bbbb
0 5258297 bbbb
0 5260466 bbbb
0 5262638 bbbb
0 5265092 bbbb
0 5267281 bbbb
0 5269427 bbbb
0 5271547 bbbb
0 5274008 bbbb
0 5276149 bbbb
0 5278343 bbbb
0 5280511 bbbb
0 5282940 bbbb
0 5285113 bbbb
0 5287282 bbbb
0 5289474 bbbb
0 5291893 bbbb
0 5294066 bbbb
0 5296242 bbbb
0 5298406 bbbb
0 5300801 bbbb
0 5302980 bbbb
0 5305106 bbbb
0 5307327 bbbb
0 5309725 bbbb
0 5311917 bbbb
0 5314088 bbbb
0 5316284 bbbb
0 5318758 bbbb
0 5320926 bbbb
0 5323104 bbbb
0 5325255 bbbb
0 5327720 bbbb
0 5329904 bbbb
0 5332018 bbbb
0 5334259 bbbb
0 5336705 bbbb
0 5338881 bbbb
0 5341068 bbbb
0 5343256 bbbb
0 5345699 bbbb
0 5347877 bbbb
0 5350058 bbbb
0 5352204 bbbb
0 5354675 bbbb
0 5356856 bbbb
0 5359006 bbbb
0 5361218 bbbb
0 5363644 bbbb
0 5365812 bbbb
0 5368025 bbbb
0 5370206 bbbb
0 5372631 bbbb
0 5374870 bbbb
0 5377041 bbbb
0 5379184 bbbb
0 5381665 bbbb
0 5383864 bbbb
0 5386051 bbbb
0 5388227 bbbb
0 5390671 bbbb
0 5392855 bbbb
0 5395025 bbbb
0 5397203 bbbb
0 5399600 bbbb
0 5401803 bbbb
0 5403981 bbbb
0 5406107 bbbb
0 5408589 bbbb
0 5410775 bbbb
0 5412947 bbbb
0 5415138 bbbb
0 5417599 bbbb
0 5419787 bbbb
0 5422023 bbbb
0 5424214 bbbb
0 5426672 bbbb
0 5428845 bbbb
0 5431043 bbbb
0 5433224 bbbb
0 5435694 bbbb
0 5437858 bbbb
0 5440012 bbbb
0 5442214 bbbb
0 5444661 bbbb
0 5446913 bbbb
0 5449153 bbbb
0 5451376 bbbb
0 5453796 bbbb
0 5455978 bbbb
0 5458175 bbbb
0 5460308 bbbb
0 5462792 bbbb
0 5464975 bbbb
0 5467145 bbbb
0 5469355 bbbb
0 5471759 bbbb
0 5473933 bbbb
0 5476106 bbbb
0 5478284 bbbb
0 5480689 bbbb
0 5482859 bbbb
0 5485039 bbbb
0 5487191 bbbb
0 5489590 bbbb
0 5491768 bbbb
0 5493949 bbbb
0 5496121 bbbb
0 5498540 bbbb
0 5500666 bbbb
0 5502881 bbbb
0 5505015 bbbb
0 5507409 bbbb
0 5509595 bbbb
0 5511778 bbbb
0 5513936 bbbb
0 5516368 bbbb
0 5518519 bbbb
0 5520689 bbbb
0 5522855 bbbb
0 5525273 bbbb
0 5527449 bbbb
0 5529622 bbbb
0 5531785 bbbb
0 5534257 bbbb
0 5536457 bbbb
0 5538646 bbbb
0 5540808 bbbb
0 5543255 bbbb
0 5545436 bbbb
0 5547641 bbbb
0 5549816 bbbb
0 5552254 bbbb
0 5554393 bbbb
0 5556599 bbbb
0 5558781 bbbb
0 5561189 bbbb
0 5563414 bbbb
0 5565594 bbbb
0 5567733 bbbb
0 5570220 bbbb
0 5572398 bbbb
0 5574569 bbbb
0 5576745 bbbb
0 5579186 bbbb
0 5581333 bbbb
0 5583560 bbbb
0 5585699 bbbb
0 5588149 bbbb
0 5590322 bbbb
0 5592502 bbbb
0 5594630 bbbb
0 5597107 bbbb
0 5599277 bbbb
0 5601418 bbbb
0 5603618 bbbb
0 5606078 bbbb
0 5608254 bbbb
0 5610439 bbbb
0 5612638 bbbb
0 5615041 bbbb
0 5617251 bbbb
0 5619422 bbbb
0 5621635 bbbb
0 5624075 bbbb
0 5626263 bbbb
0 5628428 bbbb
0 5630589 bbbb
0 5633024 bbbb
0 5635256 bbbb
0 5637433 bbbb
0 5639624 bbbb
0 5642023 bbbb
0 5644238 bbbb
0 5646373 bbbb
0 5648534 bbbb
0 5650928 bbbb
0 5653108 bbbb
0 5655244 bbbb
0 5657456 bbbb
0 5659831 bbbb
0 5661989 bbbb
0 5664178 bbbb
0 5666363 bbbb
0 5668711 bbbb
0 5670928 bbbb
0 5673087 bbbb
0 5675212 bbbb
0 5677661 bbbb
0 5679830 bbbb
0 5682014 bbbb
0 5684186 bbbb
0 5686568 bbbb
0 5688732 bbbb
0 5690941 bbbb
0 5693120 bbbb
0 5695535 bbbb
0 5697711 bbbb
0 5699890 bbbb
0 5702029 bbbb
0 5704465 bbbb
0 5706643 bbbb
0 5708779 bbbb
0 5710994 bbbb
0 5713517 bbbb
0 5715738 bbbb
0 5717898 bbbb
0 5720099 bbbb
0 5722583 bbbb
0 5724733 bbbb
0 5726897 bbbb
0 5729123 bbbb
0 5731536 bbbb
0 5733751 bbbb
0 5735925 bbbb
0 5738084 bbbb
0 5740493 bbbb
0 5742741 bbbb
0 5744888 bbbb
0 5747070 bbbb
0 5749523 bbbb
0 5751659 bbbb
0 5753844 bbbb
0 5756013 bbbb
0 5758445 bbbb
0 5760632 bbbb
0 5762803 bbbb
0 5764951 bbbb
0 5767347 bbbb
0 5769549 bbbb
0 5771711 bbbb
0 5773916 bbbb
0 5776389 bbbb
0 5778517 bbbb
0 5780676 bbbb
0 5782915 bbbb
0 5785346 bbbb
0 5787506 bbbb
0 5789720 bbbb
0 5791816 bbbb
0 5794223 bbbb
0 5796395 bbbb
0 5798543 bbbb
0 5800705 bbbb
0 5803148 bbbb
0 5805297 bbbb
0 5807497 bbbb
0 5809670 bbbb
0 5812064 bbbb
0 5814268 bbbb
0 5816447 bbbb
0 5818601 bbbb
0 5820996 bbbb
0 5823190 bbbb
0 5825341 bbbb
0 5827537 bbbb
0 5829974 bbbb
0 5832116 bbbb
0 5834270 bbbb
0 5836471 bbbb
0 5838957 bbbb
0 5841149 bbbb
0 5843297 bbbb
0 5845474 bbbb
0 5847885 bbbb
0 5850034 bbbb
0 5852225 bbbb
0 5854360 bbbb
0 5856762 bbbb
0 5858921 bbbb
0 5861129 bbbb
0 5863295 bbbb
0 5865793 bbbb
0 5867980 bbbb
0 5870132 bbbb
0 5872302 bbbb
0 5874816 bbbb
0 5876965 bbbb
0 5879129 bbbb
0 5881342 bbbb
0 5883752 bbbb
0 5885922 bbbb
0 5888126 bbbb
0 5890292 bbbb
0 5892776 bbbb
0 5894947 bbbb
0 5897097 bbbb
0 5899248 bbbb
0 5901730 bbbb
0 5903828 bbbb
0 5906030 bbbb
0 5908204 bbbb
0 5910596 bbbb
0 5912758 bbbb
0 5914956 bbbb
0 5917112 bbbb
0 5919500 bbbb
0 5921723 bbbb
0 5923828 bbbb
0 5926006 bbbb
0 5928463 bbbb
0 5930614 bbbb
0 5932775 bbbb
0 5934981 bbbb
0 5937317 bbbb
0 5939513 bbbb
0 5941702 bbbb
0 5943864 bbbb
0 5946309 bbbb
0 5948482 bbbb
0 5950638 bbbb
0 5952829 bbbb
0 5955223 bbbb
0 5957346 bbbb
0 5959502 bbbb
0 5961748 bbbb
0 5964115 bbbb
0 5966328 bbbb
0 5968519 bbbb
0 5970683 bbbb
0 5973143 bbbb
0 5975314 bbbb
0 5977466 bbbb
0 5979673 bbbb
0 5982122 bbbb
0 5984216 bbbb
0 5986359 bbbb
0 5988596 bbbb
0 5990983 bbbb
0 5993183 bbbb
0 5995353 bbbb
0 5997484 bbbb
0 5999918 bbbb
0 6002137 bbbb
0 6004294 bbbb
0 6006515 bbbb
0 6009006 bbbb
0 6011210 bbbb
0 6013376 bbbb
0 6015640 bbbb
0 6018095 bbbb
0 6020309 bbbb
0 6022558 bbbb
0 6024791 bbbb
0 6027251 bbbb
0 6029386 bbbb
0 6031526 bbbb
0 6033762 bbbb
0 6036131 bbbb
0 6038335 bbbb
0 6040505 bbbb
0 6042667 bbbb
0 6045141 bbbb
0 6047310 bbbb
0 6049476 bbbb
0 6051620 bbbb
0 6054082 bbbb
0 6056238 bbbb
0 6058487 bbbb
0 6060643 bbbb
0 6063074 bbbb
0 6065244 bbbb
0 6067386 bbbb
0 6069587 bbbb
0 6071993 bbbb
0 6074139 bbbb
0 6076342 bbbb
0 6078514 bbbb
0 6080893 bbbb
0 6083101 bbbb
0 6085303 bbbb
0 6087448 bbbb
0 6089878 bbbb
0 6092038 bbbb
0 6094191 bbbb
0 6096403 bbbb
0 6098800 bbbb
0 6100952 bbbb
0 6103109 bbbb
0 6105332 bbbb
0 6107765 bbbb
0 6109915 bbbb
0 6112155 bbbb
0 6114288 bbbb
0 6116732 bbbb
0 6118907 bbbb
0 6121056 bbbb
0 6123257 bbbb
0 6125679 bbbb
0 6127841 bbbb
0 6130004 bbbb
0 6132221 bbbb
0 6134639 bbbb
0 6136792 bbbb
0 6139049 bbbb
0 6141166 bbbb
0 6143578 bbbb
0 6145781 bbbb
0 6147929 bbbb
0 6150118 bbbb
0 6152576 bbbb
0 6154724 bbbb
0 6156935 bbbb
0 6159148 bbbb
0 6161629 bbbb
0 6163787 bbbb
0 6165936 bbbb
0 6168139 bbbb
0 6170573 bbbb
0 6172723 bbbb
0 6174892 bbbb
0 6177080 bbbb
0 6179456 bbbb
0 6181673 bbbb
0 6183867 bbbb
0 6185992 bbbb
0 6188429 bbbb
0 6190668 bbbb
0 6192819 bbbb
0 6194979 bbbb
0 6197472 bbbb
0 6199618 bbbb
0 6201794 bbbb
0 6204022 bbbb
0 6206443 bbbb
0 6208648 bbbb
0 6210824 bbbb
0 6212983 bbbb
0 6215407 bbbb
0 6217567 bbbb
0 6219719 bbbb
0 6221873 bbbb
0 6224317 bbbb
0 6226466 bbbb
0 6228659 bbbb
0 6230831 bbbb
0 6233215 bbbb
0 6235414 bbbb
0 6237558 bbbb
0 6239710 bbbb
0 6242089 bbbb
0 6244326 bbbb
0 6246434 bbbb
0 6248665 bbbb
0 6251071 bbbb
0 6253223 bbbb
0 6255389 bbbb
0 6257600 bbbb
0 6259930 bbbb
0 6262087 bbbb
0 6264301 bbbb
0 6266452 bbbb
0 6268882 bbbb
0 6271115 bbbb
0 6273265 bbbb
0 6275475 bbbb
0 6277889 bbbb
0 6280047 bbbb
0 6282218 bbbb
0 6284395 bbbb
0 6286896 bbbb
0 6289021 bbbb
0 6291254 bbbb
0 6293422 bbbb
0 6295847 bbbb
0 6298067 bbbb
0 6300235 bbbb
0 6302369 bbbb
0 6304804 bbbb
0 6306961 bbbb
0 6309110 bbbb
0 6311326 bbbb
0 6313770 bbbb
0 6315905 bbbb
0 6318121 bbbb
0 6320291 bbbb
0 6322679 bbbb
0 6324892 bbbb
0 6327023 bbbb
0 6329172 bbbb
0 6331606 bbbb
0 6333722 bbbb
0 6335906 bbbb
0 6338081 bbbb
0 6340511 bbbb
0 6342646 bbbb
0 6344868 bbbb
0 6347052 bbbb
0 6349473 bbbb
0 6351690 bbbb
0 6353854 bbbb
0 6355993 bbbb
0 6358493 bbbb
0 6360663 bbbb
0 6362797 bbbb
0 6365014 bbbb
0 6367457 bbbb
0 6369591 bbbb
0 6371814 bbbb
0 6373985 bbbb
0 6376394 bbbb
0 6378609 bbbb
0 6380771 bbbb
0 6382907 bbbb
0 6385391 bbbb
0 6387534 bbbb
0 6389712 bbbb
0 6391884 bbbb
0 6394349 bbbb
0 6396464 bbbb
0 6398678 bbbb
0 6400870 bbbb
0 6403301 bbbb
0 6405542 bbbb
0 6407759 bbbb
0 6409903 bbbb
0 6412441 bbbb
0 6414611 bbbb
0 6416764 bbbb
0 6418963 bbbb
0 6421325 bbbb
0 6423510 bbbb
0 6425733 bbbb
0 6427902 bbbb
0 6430269 bbbb
0 6432483 bbbb
0 6434661 bbbb
0 6436861 bbbb
0 6439327 bbbb
0 6441492 bbbb
0 6443666 bbbb
0 6445839 bbbb
0 6448287 bbbb
0 6450428 bbbb
0 6452635 bbbb
0 6454818 bbbb
0 6457231 bbbb
0 6459435 bbbb
0 6461609 bbbb
0 6463750 bbbb
0 6466178 bbbb
0 6468382 bbbb
0 6470563 bbbb
0 6472777 bbbb
0 6475230 bbbb
0 6477380 bbbb
0 6479607 bbbb
0 6481742 bbbb
0 6484203 bbbb
0 6486408 bbbb
0 6488543 bbbb
0 6490721 bbbb
0 6493195 bbbb
0 6495326 bbbb
0 6497518 bbbb
0 6499766 bbbb
0 6502240 bbbb
0 6504399 bbbb
0 6506634 bbbb
0 6508810 bbbb
0 6511228 bbbb
0 6513446 bbbb
0 6515572 bbbb
0 6517754 bbbb
0 6520194 bbbb
0 6522364 bbbb
0 6524494 bbbb
0 6526714 bbbb
0 6529172 bbbb
0 6531307 bbbb
0 6533524 bbbb
0 6535687 bbbb
0 6538097 bbbb
0 6540329 bbbb
0 6542465 bbbb
0 6544643 bbbb
0 6547073 bbbb
0 6549242 bbbb
0 6551377 bbbb
0 6553562 bbbb
0 6556028 bbbb
0 6558141 bbbb
0 6560354 bbbb
0 6562543 bbbb
0 6564914 bbbb
0 6567125 bbbb
0 6569298 bbbb
0 6571444 bbbb
0 6573907 bbbb
0 6576082 bbbb
0 6578228 bbbb
0 6580447 bbbb
0 6582896 bbbb
0 6585034 bbbb
0 6587252 bbbb
0 6589416 bbbb
0 6591851 bbbb
0 6594091 bbbb
0 6596318 bbbb
0 6598492 bbbb
0 6600979 bbbb
0 6603156 bbbb
0 6605285 bbbb
0 6607475 bbbb
0 6609914 bbbb
0 6612095 bbbb
0 6614297 bbbb
0 6616424 bbbb
0 6618821 bbbb
0 6621014 bbbb
0 6623184 bbbb
0 6625328 bbbb
0 6627782 bbbb
0 6629951 bbbb
0 6632085 bbbb
0 6634306 bbbb
0 6636746 bbbb
0 6638882 bbbb
0 6641105 bbbb
0 6643288 bbbb
0 6645666 bbbb
0 6647887 bbbb
0 6650062 bbbb
0 6652191 bbbb
0 6654641 bbbb
0 6656815 bbbb
0 6658996 bbbb
0 6661217 bbbb
0 6663644 bbbb
0 6665815 bbbb
0 6668028 bbbb
0 6670200 bbbb
0 6672565 bbbb
0 6674774 bbbb
0 6676972 bbbb
0 6679109 bbbb
0 6681611 bbbb
0 6683753 bbbb
0 6685939 bbbb
0 6688112 bbbb
0 6690532 bbbb
0 6692672 bbbb
0 6694877 bbbb
0 6697058 bbbb
0 6699469 bbbb
0 6701688 bbbb
0 6703850 bbbb
# Core 1 LOG DUMP ==================================================
# DCB 1 ffffff0004257c00 pixels
# DCB 1 ffffff0001b29200 monitor
1 2955 ffffcccc01b29200
1 22510447 aaaa
1 22511008 eb000021b000932b
1 22511680 b000000500009b10
1 22512026 ea000021b080932a
1 22512789 bbbb
1 22519922 b000bbbb00000014
1 22522734 aaaa
1 22522898 eb000021b000932c
1 22523067 b000000500009b10
1 22523254 ea000021b080932b
1 22524244 bbbb
1 22531396 b000bbbb00000014
# Core 2 LOG DUMP ==================================================
# DCB 2 ffffff0004257e00 pixels
# DCB 2 ffffff0001b29400 monitor
2 3044 ffffcccc01b29400
2 22511303 aaaa
2 22511864 eb000023e800932a
2 22512531 b000000500009b10
2 22512875 ea000023e880932a
2 22513563 bbbb
2 22520497 b000bbbb00000014
2 22522696 aaaa
2 22522860 eb000023e800932b
2 22523027 b000000500009b10
2 22523214 ea000023e880932b
2 22523952 bbbb
2 22530924 b000bbbb00000014
# Core 3 LOG DUMP ==================================================
# DCB 3 ffffff0006a76000 pixels
# DCB 3 ffffff0001b29600 monitor
3 2168 ffffcccc01b29600
3 22511534 aaaa
3 22512098 eb0000250400932a
3 22512771 b000000500009b10
3 22513115 ea0000250480932a
3 22513791 bbbb
3 22520351 b000bbbb00000014
3 22523140 aaaa
3 22523305 eb0000250400932b
3 22523476 b000000500009b10
3 22523663 ea0000250480932b
3 22524622 bbbb
3 22531157 b000bbbb00000014
# Core 4 LOG DUMP ==================================================
# DCB 4 ffffff0006a76200 pixels
# DCB 4 ffffff0001b29800 monitor
4 4538 ffffcccc01b29800
4 22510062 aaaa
4 22510704 eb0000253000932d
4 22511380 b000000500009b10
4 22512082 ea00002dc8009315
4 22512503 ea00002dfa009314
4 22512924 ea000030b0009314
4 22513594 bbbb
4 22515628 aaaa
4 22515798 eb00002dc8809314
4 22515938 b000000600001070
4 22516864 eb000030b0809314
4 22517012 b000000600001070
4 22517275 eb00002dfa809314
4 22517415 b000000600001070
4 22517951 ea0000253080932d
4 22518602 bbbb
4 22522005 aaaa
4 22522178 eb0000253000932e
4 22522640 b000000500009b10
4 22522986 ea00002dc8009316
4 22523407 ea00002dfa009315
4 22523828 ea000030b0009315
4 22524510 bbbb
4 22525670 aaaa
4 22525832 eb00002dfa809315
4 22525972 b000000600003a40
4 22526525 eb00002dc8809315
4 22526665 b000000600003a40
4 22527341 eb000030b0809315
4 22527488 b000000600003a40
4 22528025 ea0000253080932e
4 22528683 bbbb
4 22534001 b000bbbb00000014
# Core 5 LOG DUMP ==================================================
# DCB 5 ffffff0006a76400 pixels
# DCB 5 ffffff0001b29a00 monitor
5 3749 ffffcccc01b29a00
5 22513030 aaaa
5 22513647 eb00002dc8009315
5 22514356 b000000500001070
5 22514670 ea00002dc8809314
5 22515339 bbbb
5 22520738 b000bbbb00000014
5 22524079 aaaa
5 22524255 eb00002dc8009316
5 22524433 b000000500003a40
5 22524609 ea00002dc8809315
5 22525499 bbbb
5 22530897 b000bbbb00000014
# Core 6 LOG DUMP ==================================================
# DCB 6 ffffff0006a76600 pixels
# DCB 6 ffffff0001b29c00 monitor
6 3809 ffffcccc01b29c00
6 22513564 aaaa
6 22514165 eb00002dfa009314
6 22514870 b000000500001070
6 22515155 ea00002dfa809314
6 22515788 bbbb
6 22520407 b000bbbb00000014
6 22524267 aaaa
6 22524460 eb00002dfa009315
6 22524629 b000000500003a40
6 22524806 ea00002dfa809315
6 22525448 bbbb
6 22530040 b000bbbb00000014
# Core 7 LOG DUMP ==================================================
# DCB 7 ffffff0006a76800 pixels
# DCB 7 ffffff0001b29e00 monitor
7 2506 ffffcccc01b29e00
7 22514121 aaaa
7 22514717 eb000030b0009314
7 22515397 b000000500001070
7 22515679 ea000030b0809314
7 22516254 bbbb
7 22520368 b000bbbb00000014
7 22524694 aaaa
7 22524854 eb000030b0009315
7 22525023 b000000500003a40
7 22525199 ea000030b0809315
7 22526008 bbbb
7 22530125 b000bbbb00000014
# Core 8 LOG DUMP ==================================================
# DCB 8 ffffff0006a76a00 pixels
# DCB 8 ffffff0003081000 monitor
8 4286 ffffcccc03081000
# Core 9 LOG DUMP ==================================================
# DCB 9 ffffff0006a76c00 pixels
# DCB 9 ffffff0003081200 monitor
9 4464 ffffcccc03081200
# Core 10 LOG DUMP ==================================================
# DCB 10 ffffff0006a76e00 pixels
# DCB 10 ffffff0003081400 monitor
10 2612 ffffcccc03081400
# Core 11 LOG DUMP ==================================================
# DCB 11 ffffff00071dc000 pixels
# DCB 11 ffffff0004257600 e1000n
# DCB 11 ffffff0003081600 monitor
11 5843 ffffcccc04257600
11 6033 ffffcccc03081600
11 9039 ffffcccc04257600
11 22228817 ffffcccc03081600
11 22231542 ffffcccc04257600
11 44728929 ffffcccc03081600
11 44731729 ffffcccc04257600
11 67229145 ffffcccc03081600
11 67231721 ffffcccc04257600
# Core 12 LOG DUMP ==================================================
# DCB 12 ffffff00071dc200 pixels
# DCB 12 ffffff0003081800 monitor
12 5661 ffffcccc03081800
# Core 13 LOG DUMP ==================================================
# DCB 13 ffffff00071dc400 pixels
# DCB 13 ffffff0003081a00 monitor
13 3269 ffffcccc03081a00
# Core 14 LOG DUMP ==================================================
# DCB 14 ffffff00071dc600 pixels
# DCB 14 ffffff0003081c00 monitor
14 5979 ffffcccc03081c00
# Core 15 LOG DUMP ==================================================
# DCB 15 ffffff00071dc800 pixels
# DCB 15 ffffff0004257800 bfscope
# DCB 15 ffffff0003081e00 monitor
15 4475 ffffcccc04257800
15 4664 ffffcccc03081e00
15 7204 ffffcccc04257800
15 17529434 ffffcccc03081e00
15 17532188 ffffcccc04257800
15 40029509 ffffcccc03081e00
15 40032121 ffffcccc04257800
15 62529650 ffffcccc03081e00
15 62532209 ffffcccc04257800
