# Core 0 LOG DUMP ==================================================
0 0 1234000000000001
# DCB 0 ffffff00071dca00 fish
# DCB 0 ffffff0004257a00 pixels
# DCB 0 ffffff0004257400 serial
# DCB 0 ffffff0004257200 pci
# DCB 0 ffffff0004257000 skb
# DCB 0 ffffff0001b29000 chips
# DCB 0 ffffff0001e06000 mem_serv
# DCB 0 ffffff0001e06200 monitor
0 7921 ffffcccc071dca00
0 8109 ffffcccc01e06200
0 13803 bbbb
0 18115 bbbb
0 20627 bbbb
0 22751 bbbb
0 25052 bbbb
0 27147 bbbb
0 29562 bbbb
0 31818 bbbb
0 33937 bbbb
0 36055 bbbb
0 38527 bbbb
0 40636 bbbb
0 42759 bbbb
0 44978 bbbb
0 47366 bbbb
0 49495 bbbb
0 51724 bbbb
0 53854 bbbb
0 56218 bbbb
0 58423 bbbb
0 60534 bbbb
0 62761 bbbb
0 65176 bbbb
0 67390 bbbb
0 69511 bbbb
0 71647 bbbb
0 74107 bbbb
0 76234 bbbb
0 78445 bbbb
0 80549 bbbb
0 82930 bbbb
0 85138 bbbb
0 87256 bbbb
0 89386 bbbb
0 91851 bbbb
0 93982 bbbb
0 96190 bbbb
0 98334 bbbb
0 100797 bbbb
0 102916 bbbb
0 105034 bbbb
0 107232 bbbb
0 109624 bbbb
0 111783 bbbb
0 114003 bbbb
0 116117 bbbb
0 118555 bbbb
0 120758 bbbb
0 122896 bbbb
0 125017 bbbb
0 127485 bbbb
0 129578 bbbb
0 131678 bbbb
0 133884 bbbb
0 136273 bbbb
0 138378 bbbb
0 140624 bbbb
0 142759 bbbb
0 145258 bbbb
0 147352 bbbb
0 149454 bbbb
0 151693 bbbb
0 154068 bbbb
0 156221 bbbb
0 158452 bbbb
0 160624 bbbb
0 162990 bbbb
0 165213 bbbb
0 167319 bbbb
0 169430 bbbb
0 171925 bbbb
0 174024 bbbb
0 176184 bbbb
0 178407 bbbb
0 180856 bbbb
0 182967 bbbb
0 185196 bbbb
0 187332 bbbb
0 189898 bbbb
0 192004 bbbb
0 194142 bbbb
0 196394 bbbb
0 198760 bbbb
0 200895 bbbb
0 203128 bbbb
0 205264 bbbb
0 207619 bbbb
0 209875 bbbb
0 212003 bbbb
0 214138 bbbb
0 216630 bbbb
0 218741 bbbb
0 220883 bbbb
0 223089 bbbb
0 225442 bbbb
0 227557 bbbb
0 229771 bbbb
0 231872 bbbb
0 234248 bbbb
0 236492 bbbb
0 238590 bbbb
0 240727 bbbb
0 243237 bbbb
0 245338 bbbb
0 247454 bbbb
0 249682 bbbb
0 252097 bbbb
0 254248 bbbb
0 256486 bbbb
0 258595 bbbb
0 261030 bbbb
0 263256 bbbb
0 265398 bbbb
0 267538 bbbb
0 270012 bbbb
0 272127 bbbb
0 274282 bbbb
0 276520 bbbb
0 278887 bbbb
0 280996 bbbb
0 283217 bbbb
0 285323 bbbb
0 287706 bbbb
0 289924 bbbb
0 292049 bbbb
0 294186 bbbb
0 296666 bbbb
0 298781 bbbb
0 300904 bbbb
0 303139 bbbb
0 305530 bbbb
0 307664 bbbb
0 309867 bbbb
0 311995 bbbb
0 314375 bbbb
0 316580 bbbb
0 318706 bbbb
0 320838 bbbb
0 323315 bbbb
0 325434 bbbb
0 327571 bbbb
0 329770 bbbb
0 332146 bbbb
0 334279 bbbb
0 336473 bbbb
0 338601 bbbb
0 340973 bbbb
0 343178 bbbb
0 345299 bbbb
0 347461 bbbb
0 349920 bbbb
0 352043 bbbb
0 354190 bbbb
0 356401 bbbb
0 358792 bbbb
0 360941 bbbb
0 363142 bbbb
0 365263 bbbb
0 367644 bbbb
0 369845 bbbb
0 371978 bbbb
0 374124 bbbb
0 376590 bbbb
0 378696 bbbb
0 380829 bbbb
0 383031 bbbb
0 385428 bbbb
0 387548 bbbb
0 389763 bbbb
0 391872 bbbb
0 394268 bbbb
0 396495 bbbb
0 398601 bbbb
0 400749 bbbb
0 403233 bbbb
0 405319 bbbb
0 407451 bbbb
0 409658 bbbb
0 412061 bbbb
0 414181 bbbb
0 416401 bbbb
0 418508 bbbb
0 420874 bbbb
0 423115 bbbb
0 425251 bbbb
0 427400 bbbb
0 429883 bbbb
0 432044 bbbb
0 434179 bbbb
0 436392 bbbb
0 438791 bbbb
0 440920 bbbb
0 443140 bbbb
0 445278 bbbb
0 447658 bbbb
0 449905 bbbb
0 452049 bbbb
0 454183 bbbb
0 456708 bbbb
0 458836 bbbb
0 460974 bbbb
0 463213 bbbb
0 465634 bbbb
0 467769 bbbb
0 469989 bbbb
0 472136 bbbb
0 474523 bbbb
0 476747 bbbb
0 478888 bbbb
0 481021 bbbb
0 483483 bbbb
0 485602 bbbb
0 487744 bbbb
0 489974 bbbb
0 492369 bbbb
0 494503 bbbb
0 496713 bbbb
0 498843 bbbb
0 501223 bbbb
0 503450 bbbb
0 505562 bbbb
0 507709 bbbb
0 510199 bbbb
0 512311 bbbb
0 514445 bbbb
0 516678 bbbb
0 519043 bbbb
0 521208 bbbb
0 523428 bbbb
0 525527 bbbb
0 527896 bbbb
0 530128 bbbb
0 532224 bbbb
0 534361 bbbb
0 536840 bbbb
0 538972 bbbb
0 541085 bbbb
0 543301 bbbb
0 545649 bbbb
0 547784 bbbb
0 550018 bbbb
0 552132 bbbb
0 554687 bbbb
0 556846 bbbb
0 559070 bbbb
0 561223 bbbb
0 563657 bbbb
0 565807 bbbb
0 568004 bbbb
0 570249 bbbb
0 572688 bbbb
0 574916 bbbb
0 577031 bbbb
0 579245 bbbb
0 581630 bbbb
0 583846 bbbb
0 586102 bbbb
0 588229 bbbb
0 590695 bbbb
0 592817 bbbb
0 595015 bbbb
0 597149 bbbb
0 599621 bbbb
0 601762 bbbb
0 603960 bbbb
0 606108 bbbb
0 608570 bbbb
0 610729 bbbb
0 612927 bbbb
0 615056 bbbb
0 617543 bbbb
0 619816 bbbb
0 621945 bbbb
0 624137 bbbb
0 626633 bbbb
0 628872 bbbb
0 630998 bbbb
0 633195 bbbb
0 635619 bbbb
0 637804 bbbb
0 639951 bbbb
0 642153 bbbb
0 644552 bbbb
0 646753 bbbb
0 648895 bbbb
0 651091 bbbb
0 653497 bbbb
0 655692 bbbb
0 657840 bbbb
0 660034 bbbb
0 662460 bbbb
0 664663 bbbb
0 666808 bbbb
0 669006 bbbb
0 671403 bbbb
0 673606 bbbb
0 675738 bbbb
0 677941 bbbb
0 680342 bbbb
0 682556 bbbb
0 684684 bbbb
0 686920 bbbb
0 689282 bbbb
0 691503 bbbb
0 693638 bbbb
0 695850 bbbb
0 698217 bbbb
0 700435 bbbb
0 702566 bbbb
0 704788 bbbb
0 707157 bbbb
0 709371 bbbb
0 711499 bbbb
0 713710 bbbb
0 716083 bbbb
0 718306 bbbb
0 720415 bbbb
0 722625 bbbb
0 725039 bbbb
0 727258 bbbb
0 729413 bbbb
0 731645 bbbb
0 734063 bbbb
0 736278 bbbb
0 738426 bbbb
0 740631 bbbb
0 743070 bbbb
0 745277 bbbb
0 747439 bbbb
0 749653 bbbb
0 752062 bbbb
0 754257 bbbb
0 756391 bbbb
0 758586 bbbb
0 760975 bbbb
0 763162 bbbb
0 765307 bbbb
0 767511 bbbb
0 769902 bbbb
0 772104 bbbb
0 774232 bbbb
0 776434 bbbb
0 778832 bbbb
0 781018 bbbb
0 783163 bbbb
0 785359 bbbb
0 787884 bbbb
0 790146 bbbb
0 792271 bbbb
0 794478 bbbb
0 796867 bbbb
0 799069 bbbb
0 801241 bbbb
0 803427 bbbb
0 805951 bbbb
0 808099 bbbb
0 810320 bbbb
0 812445 bbbb
0 814912 bbbb
0 817038 bbbb
0 819251 bbbb
0 821394 bbbb
0 823849 bbbb
0 825999 bbbb
0 828178 bbbb
0 830322 bbbb
0 832804 bbbb
0 834970 bbbb
0 837176 bbbb
0 839413 bbbb
0 841807 bbbb
0 844005 bbbb
0 846115 bbbb
0 848317 bbbb
0 850702 bbbb
0 852906 bbbb
0 855033 bbbb
0 857228 bbbb
0 859680 bbbb
0 861931 bbbb
0 864115 bbbb
0 866383 bbbb
0 868758 bbbb
0 871000 bbbb
0 873131 bbbb
0 875320 bbbb
0 877795 bbbb
0 879946 bbbb
0 882167 bbbb
0 884332 bbbb
0 886780 bbbb
0 889015 bbbb
0 891169 bbbb
0 893377 bbbb
0 895759 bbbb
0 897955 bbbb
0 900106 bbbb
0 902346 bbbb
0 904699 bbbb
0 906936 bbbb
0 909061 bbbb
0 911287 bbbb
0 913654 bbbb
0 915865 bbbb
0 918043 bbbb
0 920248 bbbb
0 922715 bbbb
0 924894 bbbb
0 927115 bbbb
0 929240 bbbb
0 931688 bbbb
0 933817 bbbb
0 936031 bbbb
0 938159 bbbb
0 940600 bbbb
0 942728 bbbb
0 944945 bbbb
0 947065 bbbb
0 949551 bbbb
0 951678 bbbb
0 953872 bbbb
0 956111 bbbb
0 958530 bbbb
0 960750 bbbb
0 962979 bbbb
0 965092 bbbb
0 967578 bbbb
0 969733 bbbb
0 971942 bbbb
0 974187 bbbb
0 976573 bbbb
0 978784 bbbb
0 980936 bbbb
0 983142 bbbb
0 985590 bbbb
0 987812 bbbb
0 989942 bbbb
0 992159 bbbb
0 994580 bbbb
0 996839 bbbb
0 998988 bbbb
0 1001203 bbbb
0 1003620 bbbb
0 1005835 bbbb
0 1007985 bbbb
0 1010217 bbbb
0 1012608 bbbb
0 1014829 bbbb
0 1016961 bbbb
0 1019175 bbbb
0 1021596 bbbb
0 1023816 bbbb
0 1025953 bbbb
0 1028163 bbbb
0 1030544 bbbb
0 1032764 bbbb
0 1034872 bbbb
0 1037129 bbbb
0 1039531 bbbb
0 1041747 bbbb
0 1043872 bbbb
0 1046113 bbbb
0 1048523 bbbb
0 1050772 bbbb
0 1052943 bbbb
0 1055190 bbbb
0 1057720 bbbb
0 1059853 bbbb
0 1062035 bbbb
0 1064154 bbbb
0 1066498 bbbb
0 1068718 bbbb
0 1070845 bbbb
0 1073061 bbbb
0 1075432 bbbb
0 1077654 bbbb
0 1079797 bbbb
0 1082005 bbbb
0 1084390 bbbb
0 1086604 bbbb
0 1088739 bbbb
0 1090960 bbbb
0 1093327 bbbb
0 1095540 bbbb
0 1097670 bbbb
0 1099887 bbbb
0 1102262 bbbb
0 1104499 bbbb
0 1106623 bbbb
0 1108819 bbbb
0 1111235 bbbb
0 1113449 bbbb
0 1115584 bbbb
0 1117818 bbbb
0 1120179 bbbb
0 1122377 bbbb
0 1124538 bbbb
0 1126762 bbbb
0 1129384 bbbb
0 1131544 bbbb
0 1133718 bbbb
0 1135987 bbbb
0 1138417 bbbb
0 1140569 bbbb
0 1142803 bbbb
0 1144945 bbbb
0 1147355 bbbb
0 1149618 bbbb
0 1151718 bbbb
0 1153859 bbbb
0 1156345 bbbb
0 1158494 bbbb
0 1160622 bbbb
0 1162861 bbbb
0 1165234 bbbb
0 1167490 bbbb
0 1169608 bbbb
0 1171719 bbbb
0 1174216 bbbb
0 1176299 bbbb
0 1178425 bbbb
0 1180634 bbbb
0 1182985 bbbb
0 1185094 bbbb
0 1187316 bbbb
0 1189456 bbbb
0 1191862 bbbb
0 1194114 bbbb
0 1196197 bbbb
0 1198297 bbbb
0 1200841 bbbb
0 1202938 bbbb
0 1205044 bbbb
0 1207304 bbbb
0 1209636 bbbb
0 1211776 bbbb
0 1213997 bbbb
0 1216099 bbbb
0 1218508 bbbb
0 1220738 bbbb
0 1222851 bbbb
0 1224963 bbbb
0 1227414 bbbb
0 1229517 bbbb
0 1231656 bbbb
0 1233907 bbbb
0 1236254 bbbb
0 1238394 bbbb
0 1240618 bbbb
0 1242762 bbbb
0 1245178 bbbb
0 1247423 bbbb
0 1249548 bbbb
0 1251661 bbbb
0 1254139 bbbb
0 1256245 bbbb
0 1258370 bbbb
0 1260591 bbbb
0 1262965 bbbb
0 1265187 bbbb
0 1267312 bbbb
0 1269423 bbbb
0 1271887 bbbb
0 1273990 bbbb
0 1276106 bbbb
0 1278323 bbbb
0 1280725 bbbb
0 1282852 bbbb
0 1285079 bbbb
0 1287206 bbbb
0 1289586 bbbb
0 1291796 bbbb
0 1293883 bbbb
0 1296016 bbbb
0 1298503 bbbb
0 1300625 bbbb
0 1302754 bbbb
0 1304963 bbbb
0 1307344 bbbb
0 1309455 bbbb
0 1311693 bbbb
0 1313811 bbbb
0 1316212 bbbb
0 1318438 bbbb
0 1320534 bbbb
0 1322668 bbbb
0 1325148 bbbb
0 1327258 bbbb
0 1329411 bbbb
0 1331639 bbbb
0 1334016 bbbb
0 1336278 bbbb
0 1338376 bbbb
0 1340492 bbbb
0 1342996 bbbb
0 1345127 bbbb
0 1347274 bbbb
0 1349493 bbbb
0 1351827 bbbb
0 1353969 bbbb
0 1356197 bbbb
0 1358303 bbbb
0 1360684 bbbb
0 1362942 bbbb
0 1365070 bbbb
0 1367185 bbbb
0 1369647 bbbb
0 1371772 bbbb
0 1373890 bbbb
0 1376141 bbbb
0 1378510 bbbb
0 1380624 bbbb
0 1382849 bbbb
0 1384970 bbbb
0 1387357 bbbb
0 1389580 bbbb
0 1391705 bbbb
0 1393826 bbbb
0 1396366 bbbb
0 1398468 bbbb
0 1400611 bbbb
0 1402831 bbbb
0 1405222 bbbb
0 1407335 bbbb
0 1409578 bbbb
0 1411684 bbbb
0 1414059 bbbb
0 1416300 bbbb
0 1418416 bbbb
0 1420545 bbbb
0 1423047 bbbb
0 1425217 bbbb
0 1427358 bbbb
0 1429617 bbbb
0 1432036 bbbb
0 1434190 bbbb
0 1436441 bbbb
0 1438590 bbbb
0 1441043 bbbb
0 1443267 bbbb
0 1445399 bbbb
0 1447530 bbbb
0 1450025 bbbb
0 1452121 bbbb
0 1454233 bbbb
0 1456477 bbbb
0 1458916 bbbb
0 1461139 bbbb
0 1463255 bbbb
0 1465392 bbbb
0 1467843 bbbb
0 1469956 bbbb
0 1472081 bbbb
0 1474300 bbbb
0 1476643 bbbb
0 1478778 bbbb
0 1481019 bbbb
0 1483125 bbbb
0 1485478 bbbb
0 1487706 bbbb
0 1489797 bbbb
0 1491946 bbbb
0 1494390 bbbb
0 1496488 bbbb
0 1498613 bbbb
0 1500813 bbbb
0 1503205 bbbb
0 1505421 bbbb
0 1507543 bbbb
0 1509682 bbbb
0 1512122 bbbb
0 1514228 bbbb
0 1516372 bbbb
0 1518606 bbbb
0 1521007 bbbb
0 1523156 bbbb
0 1525381 bbbb
0 1527504 bbbb
0 1529847 bbbb
0 1532050 bbbb
0 1534143 bbbb
0 1536279 bbbb
0 1538765 bbbb
0 1540869 bbbb
0 1543023 bbbb
0 1545247 bbbb
0 1547621 bbbb
0 1549758 bbbb
0 1551967 bbbb
0 1554100 bbbb
0 1556567 bbbb
0 1558687 bbbb
0 1560823 bbbb
0 1563034 bbbb
0 1565404 bbbb
0 1567537 bbbb
0 1569787 bbbb
0 1571911 bbbb
0 1574286 bbbb
0 1576515 bbbb
0 1578614 bbbb
0 1580745 bbbb
0 1583263 bbbb
0 1585369 bbbb
0 1587506 bbbb
0 1589755 bbbb
0 1592119 bbbb
0 1594241 bbbb
0 1596475 bbbb
0 1598601 bbbb
0 1600923 bbbb
0 1603169 bbbb
0 1605294 bbbb
0 1607409 bbbb
0 1609923 bbbb
0 1612047 bbbb
0 1614183 bbbb
0 1616409 bbbb
0 1618780 bbbb
0 1620925 bbbb
0 1623150 bbbb
0 1625263 bbbb
0 1627637 bbbb
0 1629886 bbbb
0 1632004 bbbb
0 1634144 bbbb
0 1636595 bbbb
0 1638718 bbbb
0 1640825 bbbb
0 1643045 bbbb
0 1645442 bbbb
0 1647676 bbbb
0 1649768 bbbb
0 1651883 bbbb
0 1654339 bbbb
0 1656487 bbbb
0 1658709 bbbb
0 1660810 bbbb
0 1663186 bbbb
0 1665437 bbbb
0 1667545 bbbb
0 1669684 bbbb
0 1672127 bbbb
0 1674304 bbbb
0 1676438 bbbb
0 1678647 bbbb
0 1681037 bbbb
0 1683154 bbbb
0 1685377 bbbb
0 1687498 bbbb
0 1689861 bbbb
0 1692070 bbbb
0 1694197 bbbb
0 1696328 bbbb
0 1698848 bbbb
0 1700943 bbbb
0 1703094 bbbb
0 1705289 bbbb
0 1707667 bbbb
0 1709843 bbbb
0 1712048 bbbb
0 1714218 bbbb
0 1716633 bbbb
0 1718756 bbbb
0 1720903 bbbb
0 1723093 bbbb
0 1725490 bbbb
0 1727636 bbbb
0 1729860 bbbb
0 1731963 bbbb
0 1734376 bbbb
0 1736563 bbbb
0 1738681 bbbb
0 1740888 bbbb
0 1743316 bbbb
0 1745418 bbbb
0 1747567 bbbb
0 1749753 bbbb
0 1752207 bbbb
0 1754392 bbbb
0 1756509 bbbb
0 1758685 bbbb
0 1761128 bbbb
0 1763238 bbbb
0 1765402 bbbb
0 1767586 bbbb
0 1770002 bbbb
0 1772143 bbbb
0 1774313 bbbb
0 1776445 bbbb
0 1778863 bbbb
0 1781046 bbbb
0 1783160 bbbb
0 1785328 bbbb
0 1787836 bbbb
0 1789951 bbbb
0 1792102 bbbb
0 1794277 bbbb
0 1796686 bbbb
0 1798871 bbbb
0 1801060 bbbb
0 1803176 bbbb
0 1805602 bbbb
0 1807788 bbbb
0 1809913 bbbb
0 1812099 bbbb
0 1814621 bbbb
0 1816798 bbbb
0 1819045 bbbb
0 1821301 bbbb
0 1823740 bbbb
0 1825909 bbbb
0 1828105 bbbb
0 1830216 bbbb
0 1832643 bbbb
0 1834831 bbbb
0 1836943 bbbb
0 1839129 bbbb
0 1841540 bbbb
0 1843717 bbbb
0 1845874 bbbb
0 1848076 bbbb
0 1850407 bbbb
0 1852584 bbbb
0 1854760 bbbb
0 1856877 bbbb
0 1859323 bbbb
0 1861493 bbbb
0 1863606 bbbb
0 1865757 bbbb
0 1868218 bbbb
0 1870351 bbbb
0 1872505 bbbb
0 1874687 bbbb
0 1877080 bbbb
0 1879233 bbbb
0 1881412 bbbb
0 1883510 bbbb
0 1885944 bbbb
0 1888143 bbbb
0 1890286 bbbb
0 1892452 bbbb
0 1894915 bbbb
0 1897037 bbbb
0 1899188 bbbb
0 1901368 bbbb
0 1903747 bbbb
0 1905944 bbbb
0 1908135 bbbb
0 1910240 bbbb
0 1912704 bbbb
0 1914880 bbbb
0 1917053 bbbb
0 1919237 bbbb
0 1921672 bbbb
0 1923915 bbbb
0 1926066 bbbb
0 1928240 bbbb
0 1930707 bbbb
0 1932849 bbbb
0 1935026 bbbb
0 1937220 bbbb
0 1939632 bbbb
0 1941818 bbbb
0 1943985 bbbb
0 1946097 bbbb
0 1948541 bbbb
0 1950727 bbbb
0 1952825 bbbb
0 1954996 bbbb
0 1957400 bbbb
0 1959515 bbbb
0 1961692 bbbb
0 1963864 bbbb
0 1966243 bbbb
0 1968415 bbbb
0 1970640 bbbb
0 1972740 bbbb
0 1975144 bbbb
0 1977343 bbbb
0 1979468 bbbb
0 1981659 bbbb
0 1984129 bbbb
0 1986253 bbbb
0 1988431 bbbb
0 1990617 bbbb
0 1992969 bbbb
0 1995161 bbbb
0 1997312 bbbb
0 1999411 bbbb
0 2001843 bbbb
0 2004046 bbbb
0 2006224 bbbb
0 2008413 bbbb
0 2010893 bbbb
0 2012993 bbbb
0 2015175 bbbb
0 2017340 bbbb
0 2019797 bbbb
0 2021957 bbbb
0 2024153 bbbb
0 2026290 bbbb
0 2028667 bbbb
0 2030853 bbbb
0 2032950 bbbb
0 2035123 bbbb
0 2037580 bbbb
0 2039676 bbbb
0 2041829 bbbb
0 2044011 bbbb
0 2046349 bbbb
0 2048523 bbbb
0 2050744 bbbb
0 2052853 bbbb
0 2055265 bbbb
0 2057441 bbbb
0 2059581 bbbb
0 2061757 bbbb
0 2064190 bbbb
0 2066288 bbbb
0 2068479 bbbb
0 2070648 bbbb
0 2073023 bbbb
0 2075163 bbbb
0 2077365 bbbb
0 2079469 bbbb
0 2081847 bbbb
0 2084029 bbbb
0 2086147 bbbb
0 2088349 bbbb
0 2090788 bbbb
0 2092948 bbbb
0 2095117 bbbb
0 2097256 bbbb
0 2099637 bbbb
0 2101825 bbbb
0 2103946 bbbb
0 2106106 bbbb
0 2108566 bbbb
0 2110695 bbbb
0 2112856 bbbb
0 2115057 bbbb
0 2117411 bbbb
0 2119561 bbbb
0 2121754 bbbb
0 2123872 bbbb
0 2126284 bbbb
0 2128507 bbbb
0 2130604 bbbb
0 2132765 bbbb
0 2135185 bbbb
0 2137282 bbbb
0 2139451 bbbb
0 2141635 bbbb
0 2143996 bbbb
0 2146154 bbbb
0 2148336 bbbb
0 2150432 bbbb
0 2152844 bbbb
0 2155035 bbbb
0 2157135 bbbb
0 2159293 bbbb
0 2161683 bbbb
0 2163779 bbbb
0 2165956 bbbb
0 2168133 bbbb
0 2170480 bbbb
0 2172675 bbbb
0 2174839 bbbb
0 2176963 bbbb
0 2179368 bbbb
0 2181549 bbbb
0 2183689 bbbb
0 2185863 bbbb
0 2188297 bbbb
0 2190401 bbbb
0 2192578 bbbb
0 2194754 bbbb
0 2197134 bbbb
0 2199308 bbbb
0 2201488 bbbb
0 2203624 bbbb
0 2205995 bbbb
0 2208186 bbbb
0 2210297 bbbb
0 2212495 bbbb
0 2214900 bbbb
0 2216998 bbbb
0 2219153 bbbb
0 2221330 bbbb
0 2223673 bbbb
0 2225840 bbbb
0 2228023 bbbb
0 2230140 bbbb
0 2232526 bbbb
0 2234731 bbbb
0 2236840 bbbb
0 2238981 bbbb
0 2241427 bbbb
0 2243546 bbbb
0 2245704 bbbb
0 2247886 bbbb
0 2250251 bbbb
0 2252408 bbbb
0 2254613 bbbb
0 2256748 bbbb
0 2259148 bbbb
0 2261331 bbbb
0 2263435 bbbb
0 2265606 bbbb
0 2268166 bbbb
0 2270370 bbbb
0 2272579 bbbb
0 2274795 bbbb
0 2277312 bbbb
0 2279438 bbbb
0 2281626 bbbb
0 2283793 bbbb
0 2286161 bbbb
0 2288307 bbbb
0 2290516 bbbb
0 2292624 bbbb
0 2295031 bbbb
0 2297193 bbbb
0 2299347 bbbb
0 2301505 bbbb
0 2303891 bbbb
0 2306014 bbbb
0 2308179 bbbb
0 2310343 bbbb
0 2312720 bbbb
0 2314881 bbbb
0 2317041 bbbb
0 2319190 bbbb
0 2321584 bbbb
0 2323760 bbbb
0 2325886 bbbb
0 2328073 bbbb
0 2330485 bbbb
0 2332610 bbbb
0 2334780 bbbb
0 2336947 bbbb
0 2339351 bbbb
0 2341503 bbbb
0 2343668 bbbb
0 2345800 bbbb
0 2348204 bbbb
0 2350368 bbbb
0 2352511 bbbb
0 2354650 bbbb
0 2357080 bbbb
0 2359200 bbbb
0 2361360 bbbb
0 2363522 bbbb
0 2365908 bbbb
0 2368065 bbbb
0 2370234 bbbb
0 2372350 bbbb
0 2374764 bbbb
0 2376928 bbbb
0 2379061 bbbb
0 2381239 bbbb
0 2383660 bbbb
0 2385793 bbbb
0 2387953 bbbb
0 2390144 bbbb
0 2392532 bbbb
0 2394689 bbbb
0 2396902 bbbb
0 2399032 bbbb
0 2401460 bbbb
0 2403651 bbbb
0 2405757 bbbb
0 2407930 bbbb
0 2410329 bbbb
0 2412540 bbbb
0 2414700 bbbb
0 2416881 bbbb
0 2419264 bbbb
0 2421409 bbbb
0 2423563 bbbb
0 2425725 bbbb
0 2428187 bbbb
0 2430315 bbbb
0 2432489 bbbb
0 2434689 bbbb
0 2437078 bbbb
0 2439262 bbbb
0 2441437 bbbb
0 2443564 bbbb
0 2445972 bbbb
0 2448131 bbbb
0 2450254 bbbb
0 2452401 bbbb
0 2454821 bbbb
0 2456923 bbbb
0 2459077 bbbb
0 2461231 bbbb
0 2463694 bbbb
0 2465892 bbbb
0 2468032 bbbb
0 2470203 bbbb
0 2472602 bbbb
0 2474736 bbbb
0 2476885 bbbb
0 2479051 bbbb
0 2481407 bbbb
0 2483587 bbbb
0 2485789 bbbb
0 2487967 bbbb
0 2490366 bbbb
0 2492511 bbbb
0 2494684 bbbb
0 2496855 bbbb
0 2499195 bbbb
0 2501341 bbbb
0 2503519 bbbb
0 2505663 bbbb
0 2508055 bbbb
0 2510222 bbbb
0 2512358 bbbb
0 2514543 bbbb
0 2516972 bbbb
0 2519088 bbbb
0 2521241 bbbb
0 2523409 bbbb
0 2525750 bbbb
0 2527927 bbbb
0 2530081 bbbb
0 2532259 bbbb
0 2534664 bbbb
0 2536794 bbbb
0 2538970 bbbb
0 2541141 bbbb
0 2543523 bbbb
0 2545722 bbbb
0 2547898 bbbb
0 2550023 bbbb
0 2552430 bbbb
0 2554594 bbbb
0 2556742 bbbb
0 2558931 bbbb
0 2561326 bbbb
0 2563470 bbbb
0 2565628 bbbb
0 2567799 bbbb
0 2570151 bbbb
0 2572330 bbbb
0 2574490 bbbb
0 2576644 bbbb
0 2579054 bbbb
0 2581235 bbbb
0 2583428 bbbb
0 2585615 bbbb
0 2588020 bbbb
0 2590176 bbbb
0 2592321 bbbb
0 2594511 bbbb
0 2596869 bbbb
0 2599027 bbbb
0 2601187 bbbb
0 2603304 bbbb
0 2605705 bbbb
0 2607853 bbbb
0 2609972 bbbb
0 2612104 bbbb
0 2614510 bbbb
0 2616674 bbbb
0 2618846 bbbb
0 2621005 bbbb
0 2623390 bbbb
0 2625584 bbbb
0 2627753 bbbb
0 2629895 bbbb
0 2632297 bbbb
0 2634465 bbbb
0 2636575 bbbb
0 2638751 bbbb
0 2641150 bbbb
0 2643289 bbbb
0 2645460 bbbb
0 2647621 bbbb
0 2649994 bbbb
0 2652159 bbbb
0 2654319 bbbb
0 2656435 bbbb
0 2658871 bbbb
0 2661028 bbbb
0 2663166 bbbb
0 2665354 bbbb
0 2667783 bbbb
0 2669921 bbbb
0 2672065 bbbb
0 2674230 bbbb
0 2676583 bbbb
0 2678755 bbbb
0 2680921 bbbb
0 2683094 bbbb
0 2685520 bbbb
0 2687723 bbbb
0 2689862 bbbb
0 2692012 bbbb
0 2694454 bbbb
0 2696593 bbbb
0 2698768 bbbb
0 2700951 bbbb
0 2703344 bbbb
0 2705504 bbbb
0 2707666 bbbb
0 2709798 bbbb
0 2712208 bbbb
0 2714398 bbbb
0 2716519 bbbb
0 2718682 bbbb
0 2721108 bbbb
0 2723257 bbbb
0 2725432 bbbb
0 2727640 bbbb
0 2730081 bbbb
0 2732224 bbbb
0 2734376 bbbb
0 2736552 bbbb
0 2738955 bbbb
0 2741095 bbbb
0 2743267 bbbb
0 2745431 bbbb
0 2747806 bbbb
0 2749975 bbbb
0 2752136 bbbb
0 2754251 bbbb
0 2756703 bbbb
0 2758879 bbbb
0 2761046 bbbb
0 2763261 bbbb
0 2765709 bbbb
0 2767837 bbbb
0 2769965 bbbb
0 2772126 bbbb
0 2774488 bbbb
0 2776641 bbbb
0 2778831 bbbb
0 2780973 bbbb
0 2783365 bbbb
0 2785530 bbbb
0 2787686 bbbb
0 2789864 bbbb
0 2792290 bbbb
0 2794406 bbbb
0 2796557 bbbb
0 2798719 bbbb
0 2801060 bbbb
0 2803263 bbbb
0 2805440 bbbb
0 2807562 bbbb
0 2809949 bbbb
0 2812112 bbbb
0 2814232 bbbb
0 2816401 bbbb
0 2818824 bbbb
0 2820949 bbbb
0 2823124 bbbb
0 2825293 bbbb
0 2827645 bbbb
0 2829821 bbbb
0 2831977 bbbb
0 2834149 bbbb
0 2836609 bbbb
0 2838812 bbbb
0 2840998 bbbb
0 2843159 bbbb
0 2845533 bbbb
0 2847743 bbbb
0 2849904 bbbb
0 2852051 bbbb
0 2854452 bbbb
0 2856587 bbbb
0 2858748 bbbb
0 2860919 bbbb
0 2863300 bbbb
0 2865460 bbbb
0 2867670 bbbb
0 2869799 bbbb
0 2872218 bbbb
0 2874416 bbbb
0 2876556 bbbb
0 2878719 bbbb
0 2881129 bbbb
0 2883262 bbbb
0 2885439 bbbb
0 2887629 bbbb
0 2889972 bbbb
0 2892133 bbbb
0 2894297 bbbb
0 2896429 bbbb
0 2898850 bbbb
0 2901004 bbbb
0 2903142 bbbb
0 2905320 bbbb
0 2907732 bbbb
0 2909887 bbbb
0 2912048 bbbb
0 2914278 bbbb
0 2916642 bbbb
0 2918859 bbbb
0 2921022 bbbb
0 2923132 bbbb
0 2925543 bbbb
0 2927742 bbbb
0 2929876 bbbb
0 2932036 bbbb
0 2934441 bbbb
0 2936551 bbbb
0 2938713 bbbb
0 2940892 bbbb
0 2943261 bbbb
0 2945438 bbbb
0 2947591 bbbb
0 2949731 bbbb
0 2952139 bbbb
0 2954320 bbbb
0 2956454 bbbb
0 2958622 bbbb
0 2961061 bbbb
0 2963179 bbbb
0 2965346 bbbb
0 2967514 bbbb
0 2969861 bbbb
0 2972064 bbbb
0 2974226 bbbb
0 2976321 bbbb
0 2978690 bbbb
0 2980869 bbbb
0 2983002 bbbb
0 2985165 bbbb
0 2987577 bbbb
0 2989672 bbbb
0 2991865 bbbb
0 2994034 bbbb
0 2996362 bbbb
0 2998520 bbbb
0 3000688 bbbb
0 3002826 bbbb
0 3005227 bbbb
0 3007438 bbbb
0 3009552 bbbb
0 3011719 bbbb
0 3014155 bbbb
0 3016292 bbbb
0 3018463 bbbb
0 3020659 bbbb
0 3023026 bbbb
0 3025189 bbbb
0 3027356 bbbb
0 3029477 bbbb
0 3031908 bbbb
0 3034070 bbbb
0 3036207 bbbb
0 3038369 bbbb
0 3040772 bbbb
0 3042880 bbbb
0 3045047 bbbb
0 3047206 bbbb
0 3049578 bbbb
0 3051781 bbbb
0 3053968 bbbb
0 3056090 bbbb
0 3058479 bbbb
0 3060638 bbbb
0 3062776 bbbb
0 3064939 bbbb
0 3067344 bbbb
0 3069490 bbbb
0 3071651 bbbb
0 3073836 bbbb
0 3076192 bbbb
0 3078358 bbbb
0 3080509 bbbb
0 3082645 bbbb
0 3085051 bbbb
0 3087206 bbbb
0 3089339 bbbb
0 3091501 bbbb
0 3093912 bbbb
0 3096026 bbbb
0 3098214 bbbb
0 3100393 bbbb
0 3102740 bbbb
0 3104905 bbbb
0 3107080 bbbb
0 3109190 bbbb
0 3111641 bbbb
0 3113802 bbbb
0 3115948 bbbb
0 3118109 bbbb
0 3120548 bbbb
0 3122708 bbbb
0 3124852 bbbb
0 3127029 bbbb
0 3129404 bbbb
0 3131572 bbbb
0 3133734 bbbb
0 3135829 bbbb
0 3138226 bbbb
0 3140402 bbbb
0 3142521 bbbb
0 3144698 bbbb
0 3147132 bbbb
0 3149238 bbbb
0 3151435 bbbb
0 3153616 bbbb
0 3155959 bbbb
0 3158178 bbbb
0 3160348 bbbb
0 3162460 bbbb
0 3164904 bbbb
0 3167061 bbbb
0 3169160 bbbb
0 3171306 bbbb
0 3173704 bbbb
0 3175829 bbbb
0 3177996 bbbb
0 3180175 bbbb
0 3182529 bbbb
0 3184731 bbbb
0 3186889 bbbb
0 3189050 bbbb
0 3191439 bbbb
0 3193627 bbbb
0 3195746 bbbb
0 3197910 bbbb
0 3200292 bbbb
0 3202408 bbbb
0 3204570 bbbb
0 3206740 bbbb
0 3209109 bbbb
0 3211313 bbbb
0 3213468 bbbb
0 3215580 bbbb
0 3217973 bbbb
0 3220164 bbbb
0 3222277 bbbb
0 3224464 bbbb
0 3226855 bbbb
0 3228998 bbbb
0 3231169 bbbb
0 3233327 bbbb
0 3235723 bbbb
0 3237870 bbbb
0 3240088 bbbb
0 3242213 bbbb
0 3244623 bbbb
0 3246784 bbbb
0 3248918 bbbb
0 3251079 bbbb
0 3253521 bbbb
0 3255630 bbbb
0 3257832 bbbb
0 3259988 bbbb
0 3262357 bbbb
0 3264514 bbbb
0 3266729 bbbb
0 3268854 bbbb
0 3271258 bbbb
0 3273462 bbbb
0 3275594 bbbb
0 3277752 bbbb
0 3280193 bbbb
0 3282304 bbbb
0 3284512 bbbb
0 3286672 bbbb
0 3289077 bbbb
0 3291250 bbbb
0 3293461 bbbb
0 3295597 bbbb
0 3298030 bbbb
0 3300235 bbbb
0 3302338 bbbb
0 3304474 bbbb
0 3306882 bbbb
0 3309015 bbbb
0 3311186 bbbb
0 3313349 bbbb
0 3315730 bbbb
0 3317874 bbbb
0 3320058 bbbb
0 3322183 bbbb
0 3324595 bbbb
0 3326765 bbbb
0 3328905 bbbb
0 3331080 bbbb
0 3333482 bbbb
0 3335585 bbbb
0 3337779 bbbb
0 3339978 bbbb
0 3342333 bbbb
0 3344512 bbbb
0 3346676 bbbb
0 3348790 bbbb
0 3351185 bbbb
0 3353342 bbbb
0 3355475 bbbb
0 3357637 bbbb
0 3360078 bbbb
0 3362192 bbbb
0 3364356 bbbb
0 3366536 bbbb
0 3368884 bbbb
0 3371062 bbbb
0 3373243 bbbb
0 3375361 bbbb
0 3377770 bbbb
0 3379957 bbbb
0 3382117 bbbb
0 3384306 bbbb
0 3386706 bbbb
0 3388838 bbbb
0 3390979 bbbb
0 3393159 bbbb
0 3395506 bbbb
0 3397705 bbbb
0 3399867 bbbb
0 3401987 bbbb
0 3404538 bbbb
0 3406697 bbbb
0 3408811 bbbb
0 3410992 bbbb
0 3413394 bbbb
0 3415536 bbbb
0 3417758 bbbb
0 3419910 bbbb
0 3422298 bbbb
0 3424510 bbbb
0 3426656 bbbb
0 3428790 bbbb
0 3431228 bbbb
0 3433395 bbbb
0 3435512 bbbb
0 3437698 bbbb
0 3440086 bbbb
0 3442220 bbbb
0 3444406 bbbb
0 3446535 bbbb
0 3448898 bbbb
0 3451083 bbbb
0 3453217 bbbb
0 3455344 bbbb
0 3457787 bbbb
0 3459955 bbbb
0 3462048 bbbb
0 3464242 bbbb
0 3466632 bbbb
0 3468767 bbbb
0 3470956 bbbb
0 3473092 bbbb
0 3475519 bbbb
0 3477712 bbbb
0 3479857 bbbb
0 3482017 bbbb
0 3484447 bbbb
0 3486601 bbbb
0 3488736 bbbb
0 3490924 bbbb
0 3493305 bbbb
0 3495436 bbbb
0 3497666 bbbb
0 3499811 bbbb
0 3502159 bbbb
0 3504349 bbbb
0 3506512 bbbb
0 3508636 bbbb
0 3511061 bbbb
0 3513200 bbbb
0 3515350 bbbb
0 3517564 bbbb
0 3519930 bbbb
0 3522078 bbbb
0 3524263 bbbb
0 3526403 bbbb
0 3528773 bbbb
0 3530957 bbbb
0 3533147 bbbb
0 3535271 bbbb
0 3537701 bbbb
0 3539858 bbbb
0 3541963 bbbb
0 3544162 bbbb
0 3546529 bbbb
0 3548650 bbbb
0 3550840 bbbb
0 3552961 bbbb
0 3555295 bbbb
0 3557479 bbbb
0 3559658 bbbb
0 3561792 bbbb
0 3564215 bbbb
0 3566398 bbbb
0 3568530 bbbb
0 3570723 bbbb
0 3573115 bbbb
0 3575253 bbbb
0 3577424 bbbb
0 3579602 bbbb
0 3581941 bbbb
0 3584122 bbbb
0 3586296 bbbb
0 3588409 bbbb
0 3590925 bbbb
0 3593098 bbbb
0 3595235 bbbb
0 3597458 bbbb
0 3599834 bbbb
0 3601942 bbbb
0 3604158 bbbb
0 3606280 bbbb
0 3608638 bbbb
0 3610852 bbbb
0 3612985 bbbb
0 3615118 bbbb
0 3617593 bbbb
0 3619727 bbbb
0 3621824 bbbb
0 3623994 bbbb
0 3626357 bbbb
0 3628499 bbbb
0 3630661 bbbb
0 3632821 bbbb
0 3635150 bbbb
0 3637345 bbbb
0 3639507 bbbb
0 3641614 bbbb
0 3644044 bbbb
0 3646202 bbbb
0 3648334 bbbb
0 3650518 bbbb
0 3652925 bbbb
0 3655060 bbbb
0 3657253 bbbb
0 3659409 bbbb
0 3661783 bbbb
0 3663987 bbbb
0 3666142 bbbb
0 3668313 bbbb
0 3670737 bbbb
0 3672894 bbbb
0 3675007 bbbb
0 3677202 bbbb
0 3679570 bbbb
0 3681702 bbbb
0 3683911 bbbb
0 3686103 bbbb
0 3688468 bbbb
0 3690698 bbbb
0 3692835 bbbb
0 3694969 bbbb
0 3697385 bbbb
0 3699553 bbbb
0 3701662 bbbb
0 3703854 bbbb
0 3706242 bbbb
0 3708369 bbbb
0 3710565 bbbb
0 3712710 bbbb
0 3715078 bbbb
0 3717313 bbbb
0 3719460 bbbb
0 3721572 bbbb
0 3724006 bbbb
0 3726139 bbbb
0 3728271 bbbb
0 3730456 bbbb
0 3732854 bbbb
0 3734996 bbbb
0 3737228 bbbb
0 3739372 bbbb
0 3741760 bbbb
0 3743936 bbbb
0 3746092 bbbb
0 3748222 bbbb
0 3750640 bbbb
0 3752758 bbbb
0 3754870 bbbb
0 3757059 bbbb
0 3759452 bbbb
0 3761584 bbbb
0 3763756 bbbb
0 3765920 bbbb
0 3768260 bbbb
0 3770476 bbbb
0 3772645 bbbb
0 3774804 bbbb
0 3777225 bbbb
0 3779370 bbbb
0 3781502 bbbb
0 3783742 bbbb
0 3786109 bbbb
0 3788242 bbbb
0 3790429 bbbb
0 3792613 bbbb
0 3794982 bbbb
0 3797161 bbbb
0 3799330 bbbb
0 3801465 bbbb
0 3803896 bbbb
0 3806047 bbbb
0 3808187 bbbb
0 3810365 bbbb
0 3812769 bbbb
0 3814880 bbbb
0 3817074 bbbb
0 3819218 bbbb
0 3821578 bbbb
0 3823763 bbbb
0 3825935 bbbb
0 3828059 bbbb
0 3830534 bbbb
0 3832682 bbbb
0 3834817 bbbb
0 3837050 bbbb
0 3839407 bbbb
0 3841566 bbbb
0 3843762 bbbb
0 3845938 bbbb
0 3848295 bbbb
0 3850486 bbbb
0 3852652 bbbb
0 3854787 bbbb
0 3857208 bbbb
0 3859388 bbbb
0 3861536 bbbb
0 3863734 bbbb
0 3866133 bbbb
0 3868246 bbbb
0 3870439 bbbb
0 3872587 bbbb
0 3874944 bbbb
0 3877140 bbbb
0 3879296 bbbb
0 3881401 bbbb
0 3883867 bbbb
0 3886069 bbbb
0 3888180 bbbb
0 3890431 bbbb
0 3892792 bbbb
0 3894928 bbbb
0 3897132 bbbb
0 3899255 bbbb
0 3901604 bbbb
0 3903792 bbbb
0 3905958 bbbb
0 3908071 bbbb
0 3910498 bbbb
0 3912645 bbbb
0 3914737 bbbb
0 3916940 bbbb
0 3919323 bbbb
0 3921454 bbbb
0 3923688 bbbb
0 3925823 bbbb
0 3928174 bbbb
0 3930407 bbbb
0 3932546 bbbb
0 3934681 bbbb
0 3937149 bbbb
0 3939303 bbbb
0 3941420 bbbb
0 3943615 bbbb
0 3945975 bbbb
0 3948100 bbbb
0 3950334 bbbb
0 3952468 bbbb
0 3954823 bbbb
0 3957043 bbbb
0 3959181 bbbb
0 3961338 bbbb
0 3963790 bbbb
0 3965917 bbbb
0 3968053 bbbb
0 3970283 bbbb
0 3972779 bbbb
0 3974965 bbbb
0 3977123 bbbb
0 3979308 bbbb
0 3981715 bbbb
0 3983899 bbbb
0 3986056 bbbb
0 3988258 bbbb
0 3990655 bbbb
0 3992842 bbbb
0 3994998 bbbb
0 3997236 bbbb
0 3999616 bbbb
0 4001795 bbbb
0 4003966 bbbb
0 4006225 bbbb
0 4008628 bbbb
0 4010818 bbbb
0 4012988 bbbb
0 4015162 bbbb
0 4017621 bbbb
0 4019821 bbbb
0 4021981 bbbb
0 4024170 bbbb
0 4026589 bbbb
0 4028796 bbbb
0 4030951 bbbb
0 4033155 bbbb
0 4035572 bbbb
0 4037756 bbbb
0 4039959 bbbb
0 4042142 bbbb
0 4044569 bbbb
0 4046760 bbbb
0 4048928 bbbb
0 4051107 bbbb
0 4053511 bbbb
0 4055700 bbbb
0 4057854 bbbb
0 4060042 bbbb
0 4062457 bbbb
0 4064674 bbbb
0 4066855 bbbb
0 4069039 bbbb
0 4071416 bbbb
0 4073602 bbbb
0 4075777 bbbb
0 4077991 bbbb
0 4080382 bbbb
0 4082569 bbbb
0 4084770 bbbb
0 4086943 bbbb
0 4089342 bbbb
0 4091514 bbbb
0 4093695 bbbb
0 4095876 bbbb
0 4098256 bbbb
0 4100443 bbbb
0 4102603 bbbb
0 4104788 bbbb
0 4107166 bbbb
0 4109341 bbbb
0 4111486 bbbb
0 4113661 bbbb
0 4116049 bbbb
0 4118274 bbbb
0 4120444 bbbb
0 4122626 bbbb
0 4125016 bbbb
0 4127203 bbbb
0 4129350 bbbb
0 4131526 bbbb
0 4133956 bbbb
0 4136144 bbbb
0 4138297 bbbb
0 4140483 bbbb
0 4142949 bbbb
0 4145217 bbbb
0 4147405 bbbb
0 4149665 bbbb
0 4152099 bbbb
0 4154328 bbbb
0 4156488 bbbb
0 4158679 bbbb
0 4161111 bbbb
0 4163318 bbbb
0 4165479 bbbb
0 4167669 bbbb
0 4170108 bbbb
0 4172293 bbbb
0 4174452 bbbb
0 4176636 bbbb
0 4179033 bbbb
0 4181239 bbbb
0 4183375 bbbb
0 4185604 bbbb
0 4187982 bbbb
0 4190171 bbbb
0 4192331 bbbb
0 4194516 bbbb
0 4196884 bbbb
0 4199082 bbbb
0 4201239 bbbb
0 4203426 bbbb
0 4205859 bbbb
0 4208038 bbbb
0 4210189 bbbb
0 4212377 bbbb
0 4214749 bbbb
0 4216922 bbbb
0 4219070 bbbb
0 4221257 bbbb
0 4223637 bbbb
0 4225828 bbbb
0 4227993 bbbb
0 4230224 bbbb
0 4232626 bbbb
0 4234863 bbbb
0 4237012 bbbb
0 4239241 bbbb
0 4241626 bbbb
0 4243821 bbbb
0 4245978 bbbb
0 4248158 bbbb
0 4250563 bbbb
0 4252778 bbbb
0 4254938 bbbb
0 4257139 bbbb
0 4259588 bbbb
0 4261767 bbbb
0 4263924 bbbb
0 4266117 bbbb
0 4268506 bbbb
0 4270724 bbbb
0 4272898 bbbb
0 4275091 bbbb
0 4277482 bbbb
0 4279670 bbbb
0 4281847 bbbb
0 4284036 bbbb
0 4286436 bbbb
0 4288640 bbbb
0 4290776 bbbb
0 4292933 bbbb
0 4295344 bbbb
0 4297540 bbbb
0 4299681 bbbb
0 4301863 bbbb
0 4304241 bbbb
0 4306445 bbbb
0 4308622 bbbb
0 4310808 bbbb
0 4313240 bbbb
0 4315433 bbbb
0 4317600 bbbb
0 4319816 bbbb
0 4322206 bbbb
0 4324372 bbbb
0 4326552 bbbb
0 4328742 bbbb
0 4331176 bbbb
0 4333363 bbbb
0 4335529 bbbb
0 4337721 bbbb
0 4340104 bbbb
0 4342289 bbbb
0 4344458 bbbb
0 4346707 bbbb
0 4349145 bbbb
0 4351356 bbbb
0 4353537 bbbb
0 4355730 bbbb
0 4358128 bbbb
0 4360334 bbbb
0 4362496 bbbb
0 4364720 bbbb
0 4367089 bbbb
0 4369267 bbbb
0 4371445 bbbb
0 4373647 bbbb
0 4376056 bbbb
0 4378267 bbbb
0 4380441 bbbb
0 4382629 bbbb
0 4385010 bbbb
0 4387213 bbbb
0 4389390 bbbb
0 4391602 bbbb
0 4393996 bbbb
0 4396165 bbbb
0 4398344 bbbb
0 4400518 bbbb
0 4402923 bbbb
0 4405107 bbbb
0 4407271 bbbb
0 4409458 bbbb
0 4411861 bbbb
0 4414047 bbbb
0 4416205 bbbb
0 4418391 bbbb
0 4420801 bbbb
0 4423012 bbbb
0 4425164 bbbb
0 4427337 bbbb
0 4429742 bbbb
0 4431928 bbbb
0 4434103 bbbb
0 4436311 bbbb
0 4438715 bbbb
0 4440900 bbbb
0 4443028 bbbb
0 4445265 bbbb
0 4447675 bbbb
0 4449922 bbbb
0 4452075 bbbb
0 4454251 bbbb
0 4456660 bbbb
0 4458889 bbbb
0 4461049 bbbb
0 4463262 bbbb
0 4465663 bbbb
0 4467851 bbbb
0 4470049 bbbb
0 4472238 bbbb
0 4474657 bbbb
0 4476851 bbbb
0 4479013 bbbb
0 4481198 bbbb
0 4483603 bbbb
0 4485787 bbbb
0 4487917 bbbb
0 4490122 bbbb
0 4492515 bbbb
0 4494715 bbbb
0 4496860 bbbb
0 4499049 bbbb
0 4501471 bbbb
0 4503657 bbbb
0 4505848 bbbb
0 4508032 bbbb
0 4510416 bbbb
0 4512613 bbbb
0 4514786 bbbb
0 4516970 bbbb
0 4519425 bbbb
0 4521630 bbbb
0 4523830 bbbb
0 4526025 bbbb
0 4528440 bbbb
0 4530625 bbbb
0 4532778 bbbb
0 4535046 bbbb
0 4537458 bbbb
0 4539661 bbbb
0 4541836 bbbb
0 4544024 bbbb
0 4546495 bbbb
0 4548758 bbbb
0 4550926 bbbb
0 4553106 bbbb
0 4555575 bbbb
0 4557724 bbbb
0 4559864 bbbb
0 4562077 bbbb
0 4564488 bbbb
0 4566606 bbbb
0 4568804 bbbb
0 4570972 bbbb
0 4573359 bbbb
0 4575552 bbbb
0 4577700 bbbb
0 4579836 bbbb
0 4582317 bbbb
0 4584510 bbbb
0 4586643 bbbb
0 4588830 bbbb
0 4591234 bbbb
0 4593370 bbbb
0 4595560 bbbb
0 4597716 bbbb
0 4600098 bbbb
0 4602308 bbbb
0 4604461 bbbb
0 4606583 bbbb
0 4609058 bbbb
0 4611189 bbbb
0 4613298 bbbb
0 4615495 bbbb
0 4617939 bbbb
0 4620066 bbbb
0 4622278 bbbb
0 4624407 bbbb
0 4626780 bbbb
0 4629003 bbbb
0 4631122 bbbb
0 4633257 bbbb
0 4635735 bbbb
0 4637866 bbbb
0 4639967 bbbb
0 4642135 bbbb
0 4644538 bbbb
0 4646672 bbbb
0 4648876 bbbb
0 4651018 bbbb
0 4653391 bbbb
0 4655595 bbbb
0 4657733 bbbb
0 4659872 bbbb
0 4662324 bbbb
0 4664476 bbbb
0 4666625 bbbb
0 4668839 bbbb
0 4671249 bbbb
0 4673381 bbbb
0 4675586 bbbb
0 4677719 bbbb
0 4680082 bbbb
0 4682292 bbbb
0 4684410 bbbb
0 4686522 bbbb
0 4688994 bbbb
0 4691124 bbbb
0 4693264 bbbb
0 4695457 bbbb
0 4697870 bbbb
0 4699979 bbbb
0 4702173 bbbb
0 4704349 bbbb
0 4706763 bbbb
0 4708936 bbbb
0 4711091 bbbb
0 4713233 bbbb
0 4715708 bbbb
0 4717876 bbbb
0 4719994 bbbb
0 4722207 bbbb
0 4724639 bbbb
0 4726753 bbbb
0 4728959 bbbb
0 4731091 bbbb
0 4733481 bbbb
0 4735701 bbbb
0 4737876 bbbb
0 4740006 bbbb
0 4742490 bbbb
0 4744645 bbbb
0 4746781 bbbb
0 4749018 bbbb
0 4751366 bbbb
0 4753506 bbbb
0 4755688 bbbb
0 4757822 bbbb
0 4760193 bbbb
0 4762393 bbbb
0 4764561 bbbb
0 4766668 bbbb
0 4769089 bbbb
0 4771258 bbbb
0 4773362 bbbb
0 4775581 bbbb
0 4778013 bbbb
0 4780111 bbbb
0 4782282 bbbb
0 4784436 bbbb
0 4786806 bbbb
0 4789012 bbbb
0 4791141 bbbb
0 4793273 bbbb
0 4795740 bbbb
0 4797889 bbbb
0 4800016 bbbb
0 4802217 bbbb
0 4804576 bbbb
0 4806700 bbbb
0 4808888 bbbb
0 4811047 bbbb
0 4813437 bbbb
0 4815631 bbbb
0 4817791 bbbb
0 4819913 bbbb
0 4822375 bbbb
0 4824543 bbbb
0 4826658 bbbb
0 4828848 bbbb
0 4831235 bbbb
0 4833346 bbbb
0 4835535 bbbb
0 4837692 bbbb
0 4840077 bbbb
0 4842261 bbbb
0 4844393 bbbb
0 4846528 bbbb
0 4848989 bbbb
0 4851138 bbbb
0 4853255 bbbb
0 4855442 bbbb
0 4857830 bbbb
0 4859955 bbbb
0 4862142 bbbb
0 4864281 bbbb
0 4866694 bbbb
0 4868882 bbbb
0 4871034 bbbb
0 4873154 bbbb
0 4875638 bbbb
0 4877778 bbbb
0 4879920 bbbb
0 4882112 bbbb
0 4884479 bbbb
0 4886595 bbbb
0 4888785 bbbb
0 4890932 bbbb
0 4893328 bbbb
0 4895520 bbbb
0 4897707 bbbb
0 4899816 bbbb
0 4902270 bbbb
0 4904419 bbbb
0 4906543 bbbb
0 4908714 bbbb
0 4911118 bbbb
0 4913238 bbbb
0 4915434 bbbb
0 4917589 bbbb
0 4919962 bbbb
0 4922168 bbbb
0 4924293 bbbb
0 4926442 bbbb
0 4928914 bbbb
0 4931046 bbbb
0 4933153 bbbb
0 4935354 bbbb
0 4937742 bbbb
0 4939880 bbbb
0 4942071 bbbb
0 4944217 bbbb
0 4946624 bbbb
0 4948807 bbbb
0 4950960 bbbb
0 4953110 bbbb
0 4955589 bbbb
0 4957714 bbbb
0 4959817 bbbb
0 4962041 bbbb
0 4964453 bbbb
0 4966550 bbbb
0 4968726 bbbb
0 4970915 bbbb
0 4973298 bbbb
0 4975485 bbbb
0 4977634 bbbb
0 4979749 bbbb
0 4982225 bbbb
0 4984362 bbbb
0 4986494 bbbb
0 4988704 bbbb
0 4991106 bbbb
0 4993224 bbbb
0 4995429 bbbb
0 4997565 bbbb
0 4999949 bbbb
0 5002131 bbbb
0 5004279 bbbb
0 5006421 bbbb
0 5008890 bbbb
0 5011075 bbbb
0 5013232 bbbb
0 5015446 bbbb
0 5017836 bbbb
0 5019954 bbbb
0 5022139 bbbb
0 5024299 bbbb
0 5026681 bbbb
0 5028938 bbbb
0 5031069 bbbb
0 5033211 bbbb
0 5035624 bbbb
0 5037795 bbbb
0 5039890 bbbb
0 5042082 bbbb
0 5044485 bbbb
0 5046598 bbbb
0 5048788 bbbb
0 5050921 bbbb
0 5053280 bbbb
0 5055471 bbbb
0 5057607 bbbb
0 5059714 bbbb
0 5062191 bbbb
0 5064324 bbbb
0 5066469 bbbb
0 5068661 bbbb
0 5071107 bbbb
0 5073240 bbbb
0 5075413 bbbb
0 5077587 bbbb
0 5079979 bbbb
0 5082186 bbbb
0 5084367 bbbb
0 5086476 bbbb
0 5088937 bbbb
0 5091056 bbbb
0 5093202 bbbb
0 5095380 bbbb
0 5097772 bbbb
0 5099887 bbbb
0 5102065 bbbb
0 5104201 bbbb
0 5106574 bbbb
0 5108781 bbbb
0 5110938 bbbb
0 5113053 bbbb
0 5115598 bbbb
0 5117733 bbbb
0 5119919 bbbb
0 5122213 bbbb
0 5124576 bbbb
0 5126757 bbbb
0 5128933 bbbb
0 5131058 bbbb
0 5133480 bbbb
0 5135687 bbbb
0 5137819 bbbb
0 5139982 bbbb
0 5142426 bbbb
0 5144529 bbbb
0 5146686 bbbb
0 5148906 bbbb
0 5151283 bbbb
0 5153440 bbbb
0 5155621 bbbb
0 5157751 bbbb
0 5160184 bbbb
0 5162358 bbbb
0 5164494 bbbb
0 5166655 bbbb
0 5169076 bbbb
0 5171179 bbbb
0 5173361 bbbb
0 5175573 bbbb
0 5177939 bbbb
0 5180119 bbbb
0 5182300 bbbb
0 5184414 bbbb
0 5186842 bbbb
0 5189031 bbbb
0 5191127 bbbb
0 5193306 bbbb
0 5195734 bbbb
0 5197867 bbbb
0 5200027 bbbb
0 5202223 bbbb
0 5204660 bbbb
0 5206804 bbbb
0 5208987 bbbb
0 5211120 bbbb
0 5213545 bbbb
0 5215705 bbbb
0 5217838 bbbb
0 5220001 bbbb
0 5222456 bbbb
0 5224582 bbbb
0 5226748 bbbb
0 5228959 bbbb
0 5231339 bbbb
0 5233500 bbbb
0 5235685 bbbb
0 5237812 bbbb
0 5240249 bbbb
0 5242417 bbbb
0 5244522 bbbb
0 5246688 bbbb
0 5249073 bbbb
0 5251206 bbbb
0 5253368 bbbb
0 5255527 bbbb
0 5257893 bbbb
0 5260065 bbbb
0 5262223 bbbb
0 5264356 bbbb
0 5266749 bbbb
0 5268930 bbbb
0 5271033 bbbb
0 5273197 bbbb
0 5275659 bbbb
0 5277752 bbbb
0 5279914 bbbb
0 5282076 bbbb
0 5284493 bbbb
0 5286688 bbbb
0 5288875 bbbb
0 5290975 bbbb
0 5293427 bbbb
0 5295632 bbbb
0 5297742 bbbb
0 5299942 bbbb
0 5302366 bbbb
0 5304472 bbbb
0 5306632 bbbb
0 5308797 bbbb
0 5311197 bbbb
0 5313358 bbbb
0 5315520 bbbb
0 5317672 bbbb
0 5320092 bbbb
0 5322301 bbbb
0 5324415 bbbb
0 5326579 bbbb
0 5329058 bbbb
0 5331169 bbbb
0 5333352 bbbb
0 5335531 bbbb
0 5337903 bbbb
0 5340061 bbbb
0 5342200 bbbb
0 5344308 bbbb
0 5346745 bbbb
0 5348917 bbbb
0 5351054 bbbb
0 5353216 bbbb
0 5355653 bbbb
0 5357751 bbbb
0 5359914 bbbb
0 5362072 bbbb
0 5364456 bbbb
0 5366619 bbbb
0 5368802 bbbb
0 5370912 bbbb
0 5373340 bbbb
0 5375530 bbbb
0 5377635 bbbb
0 5379800 bbbb
0 5382262 bbbb
0 5384375 bbbb
0 5386544 bbbb
0 5388733 bbbb
0 5391117 bbbb
0 5393287 bbbb
0 5395494 bbbb
0 5397613 bbbb
0 5400050 bbbb
0 5402239 bbbb
0 5404345 bbbb
0 5406535 bbbb
0 5408964 bbbb
0 5411085 bbbb
0 5413264 bbbb
0 5415432 bbbb
0 5417851 bbbb
0 5420048 bbbb
0 5422244 bbbb
0 5424406 bbbb
0 5426802 bbbb
0 5428960 bbbb
0 5431069 bbbb
0 5433299 bbbb
0 5435692 bbbb
0 5437830 bbbb
0 5439997 bbbb
0 5442225 bbbb
0 5444564 bbbb
0 5446717 bbbb
0 5448900 bbbb
0 5451073 bbbb
0 5453455 bbbb
0 5455610 bbbb
0 5457738 bbbb
0 5459930 bbbb
0 5462329 bbbb
0 5464434 bbbb
0 5466634 bbbb
0 5468805 bbbb
0 5471193 bbbb
0 5473353 bbbb
0 5475572 bbbb
0 5477683 bbbb
0 5480076 bbbb
0 5482259 bbbb
0 5484393 bbbb
0 5486538 bbbb
0 5488945 bbbb
0 5491066 bbbb
0 5493232 bbbb
0 5495425 bbbb
0 5497763 bbbb
0 5499937 bbbb
0 5502139 bbbb
0 5504250 bbbb
0 5506698 bbbb
0 5508889 bbbb
0 5511024 bbbb
0 5513191 bbbb
0 5515604 bbbb
0 5517744 bbbb
0 5519952 bbbb
0 5522110 bbbb
0 5524495 bbbb
0 5526655 bbbb
0 5528836 bbbb
0 5530966 bbbb
0 5533414 bbbb
0 5535582 bbbb
0 5537718 bbbb
0 5539877 bbbb
0 5542336 bbbb
0 5544447 bbbb
0 5546600 bbbb
0 5548771 bbbb
0 5551170 bbbb
0 5553314 bbbb
0 5555500 bbbb
0 5557627 bbbb
0 5560064 bbbb
0 5562232 bbbb
0 5564341 bbbb
0 5566563 bbbb
0 5569016 bbbb
0 5571133 bbbb
0 5573284 bbbb
0 5575449 bbbb
0 5577863 bbbb
0 5580025 bbbb
0 5582212 bbbb
0 5584348 bbbb
0 5586786 bbbb
0 5588944 bbbb
0 5591053 bbbb
0 5593255 bbbb
0 5595694 bbbb
0 5597865 bbbb
0 5600062 bbbb
0 5602231 bbbb
0 5604620 bbbb
0 5606819 bbbb
0 5609031 bbbb
0 5611180 bbbb
0 5613625 bbbb
0 5615808 bbbb
0 5617917 bbbb
0 5620107 bbbb
0 5622487 bbbb
0 5624635 bbbb
0 5626821 bbbb
0 5629002 bbbb
0 5631354 bbbb
0 5633548 bbbb
0 5635705 bbbb
0 5637817 bbbb
0 5640210 bbbb
0 5642375 bbbb
0 5644486 bbbb
0 5646659 bbbb
0 5649090 bbbb
0 5651209 bbbb
0 5653371 bbbb
0 5655534 bbbb
0 5657892 bbbb
0 5660041 bbbb
0 5662215 bbbb
0 5664347 bbbb
0 5666757 bbbb
0 5668957 bbbb
0 5671075 bbbb
0 5673234 bbbb
0 5675650 bbbb
0 5677770 bbbb
0 5679934 bbbb
0 5682100 bbbb
0 5684615 bbbb
0 5686830 bbbb
0 5688979 bbbb
0 5691189 bbbb
0 5693640 bbbb
0 5695765 bbbb
0 5697943 bbbb
0 5700112 bbbb
0 5702512 bbbb
0 5704662 bbbb
0 5706836 bbbb
0 5708977 bbbb
0 5711434 bbbb
0 5713636 bbbb
0 5715745 bbbb
0 5717929 bbbb
0 5720323 bbbb
0 5722438 bbbb
0 5724592 bbbb
0 5726826 bbbb
0 5729219 bbbb
0 5731406 bbbb
0 5733570 bbbb
0 5735653 bbbb
0 5738041 bbbb
0 5740203 bbbb
0 5742321 bbbb
0 5744463 bbbb
0 5746901 bbbb
0 5749007 bbbb
0 5751160 bbbb
0 5753347 bbbb
0 5755725 bbbb
0 5757893 bbbb
0 5760082 bbbb
0 5762262 bbbb
0 5764665 bbbb
0 5766838 bbbb
0 5768920 bbbb
0 5771095 bbbb
0 5773513 bbbb
0 5775619 bbbb
0 5777773 bbbb
0 5779934 bbbb
0 5782309 bbbb
0 5784481 bbbb
0 5786670 bbbb
0 5788779 bbbb
0 5791173 bbbb
0 5793354 bbbb
0 5795438 bbbb
0 5797607 bbbb
0 5800030 bbbb
0 5802129 bbbb
0 5804295 bbbb
0 5806481 bbbb
0 5808893 bbbb
0 5811044 bbbb
0 5813221 bbbb
0 5815340 bbbb
0 5817725 bbbb
0 5819928 bbbb
0 5822024 bbbb
0 5824209 bbbb
0 5826627 bbbb
0 5828723 bbbb
0 5830873 bbbb
0 5833050 bbbb
0 5835460 bbbb
0 5837611 bbbb
0 5839839 bbbb
0 5841949 bbbb
0 5844399 bbbb
0 5846570 bbbb
0 5848678 bbbb
0 5850873 bbbb
0 5853303 bbbb
0 5855407 bbbb
0 5857570 bbbb
0 5859838 bbbb
0 5862250 bbbb
0 5864397 bbbb
0 5866579 bbbb
0 5868696 bbbb
0 5871155 bbbb
0 5873316 bbbb
0 5875432 bbbb
0 5877603 bbbb
0 5879995 bbbb
0 5882102 bbbb
0 5884300 bbbb
0 5886457 bbbb
0 5888800 bbbb
0 5890957 bbbb
0 5893147 bbbb
0 5895253 bbbb
0 5897725 bbbb
0 5899911 bbbb
0 5902010 bbbb
0 5904185 bbbb
0 5906572 bbbb
0 5908687 bbbb
0 5910875 bbbb
0 5913034 bbbb
0 5915376 bbbb
0 5917525 bbbb
0 5919727 bbbb
0 5921927 bbbb
0 5924309 bbbb
0 5926423 bbbb
0 5928586 bbbb
0 5930767 bbbb
0 5933124 bbbb
0 5935290 bbbb
0 5937472 bbbb
0 5939572 bbbb
0 5942011 bbbb
0 5944193 bbbb
0 5946296 bbbb
0 5948517 bbbb
0 5950978 bbbb
0 5953102 bbbb
0 5955281 bbbb
0 5957449 bbbb
0 5959880 bbbb
0 5962067 bbbb
0 5964170 bbbb
0 5966333 bbbb
0 5968780 bbbb
0 5970873 bbbb
0 5973048 bbbb
0 5975207 bbbb
0 5977592 bbbb
0 5979787 bbbb
0 5981990 bbbb
0 5984105 bbbb
0 5986605 bbbb
0 5988796 bbbb
0 5990917 bbbb
0 5993121 bbbb
0 5995621 bbbb
0 5997724 bbbb
0 5999885 bbbb
0 6002090 bbbb
0 6004493 bbbb
0 6006668 bbbb
0 6008819 bbbb
0 6010915 bbbb
0 6013340 bbbb
0 6015519 bbbb
0 6017602 bbbb
0 6019777 bbbb
0 6022178 bbbb
0 6024301 bbbb
0 6026480 bbbb
0 6028641 bbbb
0 6030978 bbbb
0 6033130 bbbb
0 6035290 bbbb
0 6037407 bbbb
0 6039802 bbbb
0 6041986 bbbb
0 6044094 bbbb
0 6046305 bbbb
0 6048694 bbbb
0 6050831 bbbb
0 6053002 bbbb
0 6055174 bbbb
0 6057537 bbbb
0 6059712 bbbb
0 6061930 bbbb
0 6064036 bbbb
0 6066437 bbbb
0 6068599 bbbb
0 6070698 bbbb
0 6072880 bbbb
0 6075328 bbbb
0 6077427 bbbb
0 6079570 bbbb
0 6081730 bbbb
0 6084091 bbbb
0 6086260 bbbb
0 6088409 bbbb
0 6090532 bbbb
0 6092941 bbbb
0 6095104 bbbb
0 6097246 bbbb
0 6099415 bbbb
0 6101844 bbbb
0 6103940 bbbb
0 6106114 bbbb
0 6108281 bbbb
0 6110664 bbbb
0 6112861 bbbb
0 6115029 bbbb
0 6117124 bbbb
0 6119506 bbbb
0 6121671 bbbb
0 6123822 bbbb
0 6125992 bbbb
0 6128456 bbbb
0 6130576 bbbb
0 6132751 bbbb
0 6134938 bbbb
0 6137386 bbbb
0 6139556 bbbb
0 6141645 bbbb
0 6143803 bbbb
0 6146238 bbbb
0 6148335 bbbb
0 6150533 bbbb
0 6152697 bbbb
0 6155028 bbbb
0 6157222 bbbb
0 6159406 bbbb
0 6161547 bbbb
0 6163971 bbbb
0 6166128 bbbb
0 6168225 bbbb
0 6170388 bbbb
0 6172867 bbbb
0 6174968 bbbb
0 6177120 bbbb
0 6179304 bbbb
0 6181657 bbbb
0 6183810 bbbb
0 6186024 bbbb
0 6188146 bbbb
0 6190536 bbbb
0 6192720 bbbb
0 6194822 bbbb
0 6196998 bbbb
0 6199392 bbbb
0 6201484 bbbb
0 6203635 bbbb
0 6205783 bbbb
0 6208162 bbbb
0 6210322 bbbb
0 6212503 bbbb
0 6214629 bbbb
0 6217018 bbbb
0 6219247 bbbb
0 6221372 bbbb
0 6223551 bbbb
0 6225942 bbbb
0 6228080 bbbb
0 6230233 bbbb
0 6232393 bbbb
0 6234789 bbbb
0 6236938 bbbb
0 6239146 bbbb
0 6241242 bbbb
0 6243622 bbbb
0 6245792 bbbb
0 6247935 bbbb
0 6250098 bbbb
0 6252562 bbbb
0 6254699 bbbb
0 6256855 bbbb
0 6258985 bbbb
0 6261416 bbbb
0 6263519 bbbb
0 6265671 bbbb
0 6267828 bbbb
0 6270171 bbbb
0 6272269 bbbb
0 6274426 bbbb
0 6276554 bbbb
0 6278989 bbbb
0 6281092 bbbb
0 6283313 bbbb
0 6285464 bbbb
0 6287828 bbbb
0 6289917 bbbb
0 6292089 bbbb
0 6294223 bbbb
0 6296620 bbbb
0 6298740 bbbb
0 6300907 bbbb
0 6303064 bbbb
0 6305482 bbbb
0 6307596 bbbb
0 6309761 bbbb
0 6311901 bbbb
0 6314296 bbbb
0 6316411 bbbb
0 6318599 bbbb
0 6320750 bbbb
0 6323148 bbbb
0 6325232 bbbb
0 6327405 bbbb
0 6329563 bbbb
0 6331977 bbbb
0 6334084 bbbb
0 6336287 bbbb
0 6338425 bbbb
0 6340831 bbbb
0 6342928 bbbb
0 6345096 bbbb
0 6347247 bbbb
0 6349639 bbbb
0 6351748 bbbb
0 6353907 bbbb
0 6356041 bbbb
0 6358453 bbbb
0 6360586 bbbb
0 6362765 bbbb
0 6364922 bbbb
0 6367386 bbbb
0 6369553 bbbb
0 6371799 bbbb
0 6374014 bbbb
0 6376479 bbbb
0 6378580 bbbb
0 6380774 bbbb
0 6382927 bbbb
0 6385302 bbbb
0 6387420 bbbb
0 6389574 bbbb
0 6391704 bbbb
0 6394095 bbbb
0 6396237 bbbb
0 6398434 bbbb
0 6400573 bbbb
0 6402914 bbbb
0 6405029 bbbb
0 6407206 bbbb
0 6409387 bbbb
0 6411787 bbbb
0 6413884 bbbb
0 6416050 bbbb
0 6418213 bbbb
0 6420619 bbbb
0 6422749 bbbb
0 6424923 bbbb
0 6427057 bbbb
0 6429446 bbbb
0 6431552 bbbb
0 6433709 bbbb
0 6435892 bbbb
0 6438307 bbbb
0 6440428 bbbb
0 6442618 bbbb
0 6444761 bbbb
0 6447164 bbbb
0 6449274 bbbb
0 6451438 bbbb
0 6453580 bbbb
0 6455991 bbbb
0 6458086 bbbb
0 6460244 bbbb
0 6462375 bbbb
0 6464813 bbbb
0 6466932 bbbb
0 6469084 bbbb
0 6471259 bbbb
0 6473655 bbbb
0 6475753 bbbb
0 6477935 bbbb
0 6480091 bbbb
0 6482487 bbbb
0 6484591 bbbb
0 6486763 bbbb
0 6488950 bbbb
0 6491318 bbbb
0 6493416 bbbb
0 6495589 bbbb
0 6497729 bbbb
0 6500128 bbbb
0 6502224 bbbb
0 6504373 bbbb
0 6506536 bbbb
0 6508885 bbbb
0 6510981 bbbb
0 6513153 bbbb
0 6515287 bbbb
0 6517696 bbbb
0 6519785 bbbb
0 6521975 bbbb
0 6524132 bbbb
0 6526498 bbbb
0 6528646 bbbb
0 6530796 bbbb
0 6532961 bbbb
0 6535401 bbbb
0 6537514 bbbb
0 6539687 bbbb
0 6541839 bbbb
0 6544263 bbbb
0 6546362 bbbb
0 6548542 bbbb
0 6550690 bbbb
0 6553175 bbbb
0 6555353 bbbb
0 6557538 bbbb
0 6559747 bbbb
0 6562184 bbbb
0 6564274 bbbb
0 6566444 bbbb
0 6568585 bbbb
0 6570973 bbbb
0 6573112 bbbb
0 6575265 bbbb
0 6577440 bbbb
0 6579832 bbbb
0 6581931 bbbb
0 6584081 bbbb
0 6586262 bbbb
0 6588645 bbbb
0 6590763 bbbb
0 6592915 bbbb
0 6595068 bbbb
0 6597417 bbbb
0 6599528 bbbb
0 6601666 bbbb
0 6603813 bbbb
0 6606189 bbbb
0 6608311 bbbb
0 6610479 bbbb
0 6612598 bbbb
0 6614944 bbbb
0 6617030 bbbb
0 6619190 bbbb
0 6621322 bbbb
0 6623673 bbbb
0 6625832 bbbb
0 6628030 bbbb
0 6630191 bbbb
0 6632554 bbbb
0 6634678 bbbb
0 6636838 bbbb
0 6638974 bbbb
0 6641395 bbbb
0 6643503 bbbb
0 6645671 bbbb
0 6647815 bbbb
0 6650223 bbbb
0 6652317 bbbb
0 6654474 bbbb
0 6656648 bbbb
0 6659065 bbbb
0 6661166 bbbb
0 6663354 bbbb
# Core 1 LOG DUMP ==================================================
# DCB 1 ffffff0004257c00 pixels
# DCB 1 ffffff0001b29200 monitor
1 3892 ffffcccc01b29200
1 22509367 aaaa
1 22509925 eb000021b0009313
1 22510632 b000000500009b10
1 22510976 ea000021b0809312
1 22511667 bbbb
1 22518745 b000bbbb00000014
1 22520139 aaaa
1 22520319 eb000021b0009314
1 22520487 b000000500009b10
1 22520673 ea000021b0809313
1 22521667 bbbb
1 22528777 b000bbbb00000014
# Core 2 LOG DUMP ==================================================
# DCB 2 ffffff0004257e00 pixels
# DCB 2 ffffff0001b29400 monitor
2 3973 ffffcccc01b29400
2 22509582 aaaa
2 22510153 eb000023e8009312
2 22510867 b000000500009b10
2 22511211 ea000023e8809312
2 22511901 bbbb
2 22518935 b000bbbb00000014
2 22520353 aaaa
2 22520530 eb000023e8009313
2 22520706 b000000500009b10
2 22520894 ea000023e8809313
2 22521648 bbbb
2 22528556 b000bbbb00000014
# Core 3 LOG DUMP ==================================================
# DCB 3 ffffff0006a76000 pixels
# DCB 3 ffffff0001b29600 monitor
3 2227 ffffcccc01b29600
3 22509997 aaaa
3 22510564 eb00002504009312
3 22511238 b000000500009b10
3 22511581 ea00002504809312
3 22512295 bbbb
3 22518887 b000bbbb00000014
3 22520335 aaaa
3 22520528 eb00002504009313
3 22520697 b000000500009b10
3 22520884 ea00002504809313
3 22521844 bbbb
3 22528301 b000bbbb00000014
# Core 4 LOG DUMP ==================================================
# DCB 4 ffffff0006a76200 pixels
# DCB 4 ffffff0001b29800 monitor
4 2635 ffffcccc01b29800
4 22508749 aaaa
4 22509401 eb00002530009315
4 22510121 b000000500009b10
4 22510805 ea00002dc80092fd
4 22511223 ea00002dfa0092fc
4 22511638 ea000030b00092fc
4 22512320 bbbb
4 22514651 aaaa
4 22514821 eb00002dc88092fc
4 22514961 b000000600001070
4 22515883 eb000030b08092fc
4 22516032 b000000600001070
4 22516295 eb00002dfa8092fc
4 22516434 b000000600001070
4 22516977 ea00002530809315
4 22517641 bbbb
4 22518962 aaaa
4 22519142 eb00002530009316
4 22519608 b000000500009b10
4 22519952 ea00002dc80092fe
4 22520370 ea00002dfa0092fd
4 22520786 ea000030b00092fd
4 22521436 bbbb
4 22522875 aaaa
4 22523039 eb00002dfa8092fd
4 22523179 b000000600003a40
4 22523728 eb00002dc88092fd
4 22523866 b000000600003a40
4 22524543 eb000030b08092fd
4 22524692 b000000600003a40
4 22525230 ea00002530809316
4 22525916 bbbb
4 22531244 b000bbbb00000014
# Core 5 LOG DUMP ==================================================
# DCB 5 ffffff0006a76400 pixels
# DCB 5 ffffff0001b29a00 monitor
5 2790 ffffcccc01b29a00
5 22512203 aaaa
5 22512815 eb00002dc80092fd
5 22513491 b000000500001070
5 22513775 ea00002dc88092fc
5 22514428 bbbb
5 22519799 b000bbbb00000014
5 22521293 aaaa
5 22521496 eb00002dc80092fe
5 22521673 b000000500003a40
5 22521849 ea00002dc88092fd
5 22522750 bbbb
5 22528075 b000bbbb00000014
# Core 6 LOG DUMP ==================================================
# DCB 6 ffffff0006a76600 pixels
# DCB 6 ffffff0001b29c00 monitor
6 3734 ffffcccc01b29c00
6 22512412 aaaa
6 22513045 eb00002dfa0092fc
6 22513757 b000000500001070
6 22514040 ea00002dfa8092fc
6 22514661 bbbb
6 22519292 b000bbbb00000014
6 22521371 aaaa
6 22521570 eb00002dfa0092fd
6 22521741 b000000500003a40
6 22521916 ea00002dfa8092fd
6 22522571 bbbb
6 22527154 b000bbbb00000014
# Core 7 LOG DUMP ==================================================
# DCB 7 ffffff0006a76800 pixels
# DCB 7 ffffff0001b29e00 monitor
7 3013 ffffcccc01b29e00
7 22513062 aaaa
7 22513660 eb000030b00092fc
7 22514336 b000000500001070
7 22514619 ea000030b08092fc
7 22515198 bbbb
7 22519342 b000bbbb00000014
7 22521976 aaaa
7 22522163 eb000030b00092fd
7 22522332 b000000500003a40
7 22522506 ea000030b08092fd
7 22523323 bbbb
7 22527439 b000bbbb00000014
# Core 8 LOG DUMP ==================================================
# DCB 8 ffffff0006a76a00 pixels
# DCB 8 ffffff0003081000 monitor
8 2872 ffffcccc03081000
# Core 9 LOG DUMP ==================================================
# DCB 9 ffffff0006a76c00 pixels
# DCB 9 ffffff0003081200 monitor
9 5910 ffffcccc03081200
# Core 10 LOG DUMP ==================================================
# DCB 10 ffffff0006a76e00 pixels
# DCB 10 ffffff0003081400 monitor
10 3535 ffffcccc03081400
# Core 11 LOG DUMP ==================================================
# DCB 11 ffffff00071dc000 pixels
# DCB 11 ffffff0004257600 e1000n
# DCB 11 ffffff0003081600 monitor
11 5599 ffffcccc04257600
11 5782 ffffcccc03081600
11 8933 ffffcccc04257600
11 22229118 ffffcccc03081600
11 22231932 ffffcccc04257600
11 44729041 ffffcccc03081600
11 44731842 ffffcccc04257600
11 67229017 ffffcccc03081600
11 67231614 ffffcccc04257600
# Core 12 LOG DUMP ==================================================
# DCB 12 ffffff00071dc200 pixels
# DCB 12 ffffff0003081800 monitor
12 4564 ffffcccc03081800
# Core 13 LOG DUMP ==================================================
# DCB 13 ffffff00071dc400 pixels
# DCB 13 ffffff0003081a00 monitor
13 5632 ffffcccc03081a00
# Core 14 LOG DUMP ==================================================
# DCB 14 ffffff00071dc600 pixels
# DCB 14 ffffff0003081c00 monitor
14 4246 ffffcccc03081c00
# Core 15 LOG DUMP ==================================================
# DCB 15 ffffff00071dc800 pixels
# DCB 15 ffffff0004257800 bfscope
# DCB 15 ffffff0003081e00 monitor
15 5545 ffffcccc04257800
15 5733 ffffcccc03081e00
15 8292 ffffcccc04257800
15 17529416 ffffcccc03081e00
15 17532356 ffffcccc04257800
15 40029214 ffffcccc03081e00
15 40031810 ffffcccc04257800
15 62529333 ffffcccc03081e00
15 62531928 ffffcccc04257800
