# Core 0 LOG DUMP ==================================================
0 0 1234000000000001
# DCB 0 ffffff0003948a00 fish
# DCB 0 ffffff0003948400 serial
# DCB 0 ffffff0003948200 pci
# DCB 0 ffffff0003948000 skb
# DCB 0 ffffff00019a0000 chips
# DCB 0 ffffff0001e06000 mem_serv
# DCB 0 ffffff0001e06200 monitor
0 7202 ffffcccc03948a00
0 7662 ffffcccc01e06200
0 12483 ffffcccc03948a00
0 15109 ffffcccc01e06200
0 20432 aaaa
0 21726 b000000300000000
0 23024 ea000021620000e3
0 23559 ea0000202a0000e1
0 24084 ea000020980000e0
0 24622 ea000021000000e0
0 26422 bbbb
0 27689 aaaa
0 28220 eb0000202a8000e0
0 29263 b000000600002050
0 30539 eb000020988000e0
0 31318 b000000600002050
0 33524 eb000021008000e0
0 34491 b000000600002050
0 36320 bbbb
0 38428 aaaa
0 38940 eb000021628000e3
0 39414 b000000600002050
0 39769 ea000021620000e4
0 40174 ea0000202a0000e2
0 40580 ea000020980000e1
0 41027 ea000021000000e1
0 42900 bbbb
0 44168 aaaa
0 44861 eb0000202a8000e1
0 45392 b000000600002050
0 46862 eb000020988000e1
0 47635 b000000600002050
0 49741 eb000021008000e1
0 50695 b000000600002050
0 52810 eb000021628000e4
0 53364 b000000600002050
0 56380 bbbb
0 74614 b000bbbb00000014
0 76476 ffffcccc03948a00
0 79905 ffffcccc03948400
0 81810 aaaa
0 163641 bbbb
0 164496 ffffcccc01e06200
0 169267 ffffcccc03948a00
0 172201 ffffcccc03948400
0 174270 aaaa
0 332778 bbbb
0 333350 ffffcccc01e06200
0 338178 ffffcccc03948a00
0 341944 1234000000000000
# Core 1 LOG DUMP ==================================================
# DCB 1 ffffff00019a0200 monitor
1 2553 ffffcccc019a0200
1 24738 aaaa
1 25402 eb0000202a0000e1
1 25783 b000000500002050
1 26529 ea0000202a8000e0
1 27624 bbbb
1 34890 b000bbbb00000014
1 41231 aaaa
1 41720 eb0000202a0000e2
1 41890 b000000500002050
1 42194 ea0000202a8000e1
1 43214 bbbb
1 50681 b000bbbb00000014
# Core 2 LOG DUMP ==================================================
# DCB 2 ffffff00019a0400 monitor
2 2193 ffffcccc019a0400
2 25274 aaaa
2 25881 eb000020980000e0
2 26264 b000000500002050
2 27600 ea000020988000e0
2 28564 bbbb
2 36066 b000bbbb00000014
2 41677 aaaa
2 42377 eb000020980000e1
2 42549 b000000500002050
2 42856 ea000020988000e1
2 43862 bbbb
2 51467 b000bbbb00000014
# Core 3 LOG DUMP ==================================================
# DCB 3 ffffff00019a0600 monitor
3 2752 ffffcccc019a0600
3 25833 aaaa
3 26453 eb000021000000e0
3 27321 b000000500002050
3 28068 ea000021008000e0
3 29141 bbbb
3 35915 b000bbbb00000014
3 42632 aaaa
3 43432 eb000021000000e1
3 43596 b000000500002050
3 43947 ea000021008000e1
3 44890 bbbb
3 51909 b000bbbb00000014
# Core 4 LOG DUMP ==================================================
# DCB 4 ffffff00019a0800 monitor
4 3539 ffffcccc019a0800
4 24260 aaaa
4 24972 eb000021620000e3
4 25652 b000000500002050
4 26680 ea000027c40000d1
4 28003 ea000027f60000d0
4 28734 ea00002d6a0000d0
4 30062 bbbb
4 32504 aaaa
4 33233 eb000027c48000d0
4 33497 b000000600002010
4 34384 eb00002d6a8000d0
4 35018 b000000600002010
4 35705 eb000027f68000d0
4 35934 b000000600002010
4 36423 ea000021628000e3
4 37461 bbbb
4 40845 aaaa
4 41232 eb000021620000e4
4 41877 b000000500002050
4 42692 ea000027c40000d2
4 43212 ea000027f60000d1
4 44307 ea00002d6a0000d1
4 45279 bbbb
4 47424 aaaa
4 47987 eb000027c48000d1
4 48203 b000000600002010
4 49338 eb00002d6a8000d1
4 49812 b000000600002010
4 50548 eb000027f68000d1
4 50926 b000000600002010
4 51253 ea000021628000e4
4 52340 bbbb
4 57623 b000bbbb00000014
# Core 5 LOG DUMP ==================================================
# DCB 5 ffffff00019a0a00 monitor
5 2104 ffffcccc019a0a00
5 29023 aaaa
5 29896 eb000027c40000d1
5 30423 b000000500002010
5 31165 ea000027c48000d0
5 32405 bbbb
5 37947 b000bbbb00000014
5 44057 aaaa
5 44568 eb000027c40000d2
5 44880 b000000500002010
5 45186 ea000027c48000d1
5 46460 bbbb
5 52407 b000bbbb00000014
# Core 6 LOG DUMP ==================================================
# DCB 6 ffffff00019a0c00 monitor
6 3321 ffffcccc019a0c00
6 29748 aaaa
6 30621 eb000027f60000d0
6 31014 b000000500002010
6 31901 ea000027f68000d0
6 32889 bbbb
6 37740 b000bbbb00000014
6 44941 aaaa
6 45761 eb000027f60000d1
6 45924 b000000500002010
6 46236 ea000027f68000d1
6 47556 bbbb
6 53039 b000bbbb00000014
# Core 7 LOG DUMP ==================================================
# DCB 7 ffffff00019a0e00 monitor
7 3480 ffffcccc019a0e00
7 30303 aaaa
7 31088 eb00002d6a0000d0
7 31826 b000000500002010
7 32747 ea00002d6a8000d0
7 33627 bbbb
7 37806 b000bbbb00000014
7 45526 aaaa
7 46677 eb00002d6a0000d1
7 46872 b000000500002010
7 47176 ea00002d6a8000d1
7 48118 bbbb
7 52619 b000bbbb00000014
# Core 8 LOG DUMP ==================================================
# DCB 8 ffffff00019a1000 monitor
8 4025 ffffcccc019a1000
# Core 9 LOG DUMP ==================================================
# DCB 9 ffffff0003948600 e1000n
# DCB 9 ffffff00019a1200 monitor
9 5700 ffffcccc03948600
9 6129 ffffcccc019a1200
9 9359 ffffcccc03948600
9 154762 ffffcccc019a1200
9 157938 ffffcccc03948600
# Core 10 LOG DUMP ==================================================
# DCB 10 ffffff00019a1400 monitor
10 2802 ffffcccc019a1400
# Core 11 LOG DUMP ==================================================
# DCB 11 ffffff00019a1600 monitor
11 3918 ffffcccc019a1600
# Core 12 LOG DUMP ==================================================
# DCB 12 ffffff00019a1800 monitor
12 4562 ffffcccc019a1800
# Core 13 LOG DUMP ==================================================
# DCB 13 ffffff00019a1a00 monitor
13 4810 ffffcccc019a1a00
# Core 14 LOG DUMP ==================================================
# DCB 14 ffffff00019a1c00 monitor
14 4270 ffffcccc019a1c00
# Core 15 LOG DUMP ==================================================
# DCB 15 ffffff0003948800 bfscope
# DCB 15 ffffff00019a1e00 monitor
15 4820 ffffcccc03948800
15 5047 ffffcccc019a1e00
15 8394 ffffcccc03948800
