# Core 0 LOG DUMP ==================================================
0 0 1234000000000001
# DCB 0 ffffff0003948a00 fish
# DCB 0 ffffff0003948400 serial
# DCB 0 ffffff0003948200 pci
# DCB 0 ffffff0003948000 skb
# DCB 0 ffffff00019a0000 chips
# DCB 0 ffffff0001e06000 mem_serv
# DCB 0 ffffff0001e06200 monitor
0 7754 ffffcccc03948a00
0 8195 ffffcccc01e06200
0 13029 ffffcccc03948a00
0 15669 ffffcccc01e06200
0 20986 aaaa
0 22241 b000000300000000
0 23238 ea000021620000f7
0 23776 ea0000202a0000f5
0 24278 ea000020980000f4
0 25036 ea000021000000f4
0 27118 bbbb
0 28742 aaaa
0 29239 eb0000202a8000f4
0 30644 b000000600007cd0
0 32233 eb000020988000f4
0 32963 b000000600007cd0
0 34629 eb000021008000f4
0 35106 b000000600007cd0
0 36796 bbbb
0 38925 aaaa
0 39475 eb000021628000f7
0 39969 b000000600007cd0
0 40318 ea000021620000f8
0 40714 ea0000202a0000f6
0 41121 ea000020980000f5
0 41575 ea000021000000f5
0 43447 bbbb
0 44671 aaaa
0 45382 eb0000202a8000f5
0 46270 b000000600007cd0
0 47886 eb000020988000f5
0 48821 b000000600007cd0
0 50719 eb000021008000f5
0 51216 b000000600007cd0
0 52553 bbbb
0 54590 aaaa
0 55076 eb000021628000f8
0 55544 b000000600007cd0
0 56535 ffffcccc03948a00
0 59101 1234000000000000
# Core 1 LOG DUMP ==================================================
# DCB 1 ffffff00019a0200 monitor
1 3629 ffffcccc019a0200
1 25148 aaaa
1 25910 eb0000202a0000f5
1 26291 b000000500007cd0
1 26988 ea0000202a8000f4
1 28078 bbbb
1 35689 b000bbbb00000014
1 42145 aaaa
1 42638 eb0000202a0000f6
1 42802 b000000500007cd0
1 43107 ea0000202a8000f5
1 44190 bbbb
1 51689 b000bbbb00000014
# Core 2 LOG DUMP ==================================================
# DCB 2 ffffff00019a0400 monitor
2 2812 ffffcccc019a0400
2 25930 aaaa
2 26538 eb000020980000f4
2 26919 b000000500007cd0
2 27655 ea000020988000f4
2 28912 bbbb
2 36333 b000bbbb00000014
2 42511 aaaa
2 43089 eb000020980000f5
2 43253 b000000500007cd0
2 43575 ea000020988000f5
2 44990 bbbb
2 52758 b000bbbb00000014
# Core 3 LOG DUMP ==================================================
# DCB 3 ffffff00019a0600 monitor
3 4121 ffffcccc019a0600
3 26960 aaaa
3 27591 eb000021000000f4
3 28052 b000000500007cd0
3 28809 ea000021008000f4
3 30275 bbbb
3 37603 b000bbbb00000014
3 42887 aaaa
3 43386 eb000021000000f5
3 43559 b000000500007cd0
3 44064 ea000021008000f5
3 45001 bbbb
3 52038 b000bbbb00000014
# Core 4 LOG DUMP ==================================================
# DCB 4 ffffff00019a0800 monitor
4 4734 ffffcccc019a0800
4 24785 aaaa
4 25506 eb000021620000f7
4 26173 b000000500007cd0
4 27199 ea000027c40000e5
4 27740 ea000027f60000e4
4 28762 ea00002d6a0000e4
4 30078 bbbb
4 33317 aaaa
4 33800 eb000027c48000e4
4 34064 b000000600002010
4 34953 eb00002d6a8000e4
4 35600 b000000600002010
4 36231 eb000027f68000e4
4 36459 b000000600002010
4 36881 ea000021628000f7
4 38086 bbbb
4 41438 aaaa
4 41821 eb000021620000f8
4 42255 b000000500007cd0
4 43091 ea000027c40000e6
4 43645 ea000027f60000e5
4 44830 ea00002d6a0000e5
4 45819 bbbb
4 48141 aaaa
4 48928 eb000027f68000e5
4 49144 b000000600002010
4 49886 eb000027c48000e5
4 50363 b000000600002010
4 51263 eb00002d6a8000e5
4 51639 b000000600002010
4 51984 ea000021628000f8
4 53117 bbbb
4 58616 b000bbbb00000014
# Core 5 LOG DUMP ==================================================
# DCB 5 ffffff00019a0a00 monitor
5 2054 ffffcccc019a0a00
5 28982 aaaa
5 30150 eb000027c40000e5
5 31130 b000000500002010
5 32084 ea000027c48000e4
5 33058 bbbb
5 38702 b000bbbb00000014
5 44582 aaaa
5 45106 eb000027c40000e6
5 45830 b000000500002010
5 46901 ea000027c48000e5
5 47862 bbbb
5 53538 b000bbbb00000014
# Core 6 LOG DUMP ==================================================
# DCB 6 ffffff00019a0c00 monitor
6 3753 ffffcccc019a0c00
6 29453 aaaa
6 30634 eb000027f60000e4
6 31037 b000000500002010
6 31784 ea000027f68000e4
6 33272 bbbb
6 38906 b000bbbb00000014
6 45659 aaaa
6 46417 eb000027f60000e5
6 46582 b000000500002010
6 46928 ea000027f68000e5
6 47841 bbbb
6 53169 b000bbbb00000014
# Core 7 LOG DUMP ==================================================
# DCB 7 ffffff00019a0e00 monitor
7 2303 ffffcccc019a0e00
7 30402 aaaa
7 31573 eb00002d6a0000e4
7 32312 b000000500002010
7 33265 ea00002d6a8000e4
7 34453 bbbb
7 38426 b000bbbb00000014
7 46015 aaaa
7 47130 eb00002d6a0000e5
7 47504 b000000500002010
7 47808 ea00002d6a8000e5
7 48644 bbbb
7 52853 b000bbbb00000014
# Core 8 LOG DUMP ==================================================
# DCB 8 ffffff00019a1000 monitor
8 3487 ffffcccc019a1000
# Core 9 LOG DUMP ==================================================
# DCB 9 ffffff0003948600 e1000n
# DCB 9 ffffff00019a1200 monitor
9 6098 ffffcccc03948600
9 6580 ffffcccc019a1200
9 9850 ffffcccc03948600
# Core 10 LOG DUMP ==================================================
# DCB 10 ffffff00019a1400 monitor
10 3033 ffffcccc019a1400
# Core 11 LOG DUMP ==================================================
# DCB 11 ffffff00019a1600 monitor
11 2954 ffffcccc019a1600
# Core 12 LOG DUMP ==================================================
# DCB 12 ffffff00019a1800 monitor
12 4870 ffffcccc019a1800
# Core 13 LOG DUMP ==================================================
# DCB 13 ffffff00019a1a00 monitor
13 5094 ffffcccc019a1a00
# Core 14 LOG DUMP ==================================================
# DCB 14 ffffff00019a1c00 monitor
14 3940 ffffcccc019a1c00
# Core 15 LOG DUMP ==================================================
# DCB 15 ffffff0003948800 bfscope
# DCB 15 ffffff00019a1e00 monitor
15 5128 ffffcccc03948800
15 5319 ffffcccc019a1e00
15 8186 ffffcccc03948800
