# Core 0 LOG DUMP ==================================================
0 0 1234000000000001
# DCB 0 ffffff0003948a00 fish
# DCB 0 ffffff0003948400 serial
# DCB 0 ffffff0003948200 pci
# DCB 0 ffffff0003948000 skb
# DCB 0 ffffff00019a0000 chips
# DCB 0 ffffff0001e06000 mem_serv
# DCB 0 ffffff0001e06200 monitor
0 7248 ffffcccc03948a00
0 7686 ffffcccc01e06200
0 12509 ffffcccc03948a00
0 15100 ffffcccc01e06200
0 20438 aaaa
0 21691 b000000300000000
0 22827 ea000021620000ed
0 23336 ea0000202a0000eb
0 23825 ea000020980000ea
0 24589 ea000021000000ea
0 27248 bbbb
0 28550 aaaa
0 29060 eb0000202a8000ea
0 30421 b000000600008fd0
0 31635 eb000020988000ea
0 32078 b000000600008fd0
0 34451 eb000021008000ea
0 34937 b000000600008fd0
0 36650 bbbb
0 38719 aaaa
0 39203 eb000021628000ed
0 39653 b000000600008fd0
0 40003 ea000021620000ee
0 40694 ea0000202a0000ec
0 41111 ea000020980000eb
0 41547 ea000021000000eb
0 43355 bbbb
0 44630 aaaa
0 45215 eb0000202a8000eb
0 45929 b000000600008fd0
0 47196 eb000020988000eb
0 47764 b000000600008fd0
0 49906 eb000021008000eb
0 50413 b000000600008fd0
0 51989 bbbb
0 54187 aaaa
0 54711 eb000021628000ee
0 55183 b000000600008fd0
0 57919 bbbb
0 75802 b000bbbb00000014
0 77754 ffffcccc03948a00
0 81454 ffffcccc03948400
0 83423 aaaa
0 162067 bbbb
0 162674 ffffcccc01e06200
0 167782 ffffcccc03948a00
0 170723 ffffcccc03948400
0 172529 aaaa
0 333961 bbbb
0 334798 ffffcccc01e06200
0 339656 ffffcccc03948a00
0 343125 1234000000000000
# Core 1 LOG DUMP ==================================================
# DCB 1 ffffff00019a0200 monitor
1 2432 ffffcccc019a0200
1 24653 aaaa
1 25307 eb0000202a0000eb
1 25994 b000000500008fd0
1 26732 ea0000202a8000ea
1 27799 bbbb
1 35480 b000bbbb00000014
1 41834 aaaa
1 42418 eb0000202a0000ec
1 42581 b000000500008fd0
1 42887 ea0000202a8000eb
1 43920 bbbb
1 51613 b000bbbb00000014
# Core 2 LOG DUMP ==================================================
# DCB 2 ffffff00019a0400 monitor
2 2285 ffffcccc019a0400
2 25365 aaaa
2 26236 eb000020980000ea
2 26620 b000000500008fd0
2 27358 ea000020988000ea
2 28577 bbbb
2 36142 b000bbbb00000014
2 42284 aaaa
2 42913 eb000020980000eb
2 43076 b000000500008fd0
2 43382 ea000020988000eb
2 44689 bbbb
2 52118 b000bbbb00000014
# Core 3 LOG DUMP ==================================================
# DCB 3 ffffff00019a0600 monitor
3 2198 ffffcccc019a0600
3 26675 aaaa
3 27297 eb000021000000ea
3 28143 b000000500008fd0
3 28882 ea000021008000ea
3 30328 bbbb
3 37385 b000bbbb00000014
3 42698 aaaa
3 43189 eb000021000000eb
3 43353 b000000500008fd0
3 43955 ea000021008000eb
3 44882 bbbb
3 51826 b000bbbb00000014
# Core 4 LOG DUMP ==================================================
# DCB 4 ffffff00019a0800 monitor
4 3449 ffffcccc019a0800
4 23957 aaaa
4 24672 eb000021620000ed
4 25550 b000000500008fd0
4 27122 ea000027c40000db
4 27662 ea000027f60000da
4 28622 ea00002d6a0000da
4 30131 bbbb
4 31978 aaaa
4 32696 eb000027c48000da
4 32960 b000000600002010
4 34264 eb00002d6a8000da
4 34720 b000000600002010
4 35345 eb000027f68000da
4 35744 b000000600002010
4 36166 ea000021628000ed
4 37136 bbbb
4 41342 aaaa
4 41723 eb000021620000ee
4 42182 b000000500008fd0
4 43001 ea000027c40000dc
4 43553 ea000027f60000db
4 44721 ea00002d6a0000db
4 45711 bbbb
4 47537 aaaa
4 48395 eb000027c48000db
4 48824 b000000600002010
4 49708 eb00002d6a8000db
4 50177 b000000600002010
4 50816 eb000027f68000db
4 51203 b000000600002010
4 51530 ea000021628000ee
4 52442 bbbb
4 57974 b000bbbb00000014
# Core 5 LOG DUMP ==================================================
# DCB 5 ffffff00019a0a00 monitor
5 2698 ffffcccc019a0a00
5 28457 aaaa
5 29482 eb000027c40000db
5 29864 b000000500002010
5 30737 ea000027c48000da
5 31739 bbbb
5 37364 b000bbbb00000014
5 44186 aaaa
5 44951 eb000027c40000dc
5 45486 b000000500002010
5 46064 ea000027c48000db
5 47011 bbbb
5 52612 b000bbbb00000014
# Core 6 LOG DUMP ==================================================
# DCB 6 ffffff00019a0c00 monitor
6 5070 ffffcccc019a0c00
6 29368 aaaa
6 30404 eb000027f60000da
6 30838 b000000500002010
6 31845 ea000027f68000da
6 32940 bbbb
6 37990 b000bbbb00000014
6 45812 aaaa
6 46588 eb000027f60000db
6 47151 b000000500002010
6 47464 ea000027f68000db
6 48443 bbbb
6 53939 b000bbbb00000014
# Core 7 LOG DUMP ==================================================
# DCB 7 ffffff00019a0e00 monitor
7 4208 ffffcccc019a0e00
7 30297 aaaa
7 31539 eb00002d6a0000da
7 31962 b000000500002010
7 33133 ea00002d6a8000da
7 34247 bbbb
7 38200 b000bbbb00000014
7 46416 aaaa
7 46982 eb00002d6a0000db
7 47182 b000000500002010
7 47494 ea00002d6a8000db
7 48562 bbbb
7 52992 b000bbbb00000014
# Core 8 LOG DUMP ==================================================
# DCB 8 ffffff00019a1000 monitor
8 3253 ffffcccc019a1000
# Core 9 LOG DUMP ==================================================
# DCB 9 ffffff0003948600 e1000n
# DCB 9 ffffff00019a1200 monitor
9 4962 ffffcccc03948600
9 5193 ffffcccc019a1200
9 8510 ffffcccc03948600
# Core 10 LOG DUMP ==================================================
# DCB 10 ffffff00019a1400 monitor
10 4745 ffffcccc019a1400
# Core 11 LOG DUMP ==================================================
# DCB 11 ffffff00019a1600 monitor
11 3971 ffffcccc019a1600
# Core 12 LOG DUMP ==================================================
# DCB 12 ffffff00019a1800 monitor
12 3488 ffffcccc019a1800
# Core 13 LOG DUMP ==================================================
# DCB 13 ffffff00019a1a00 monitor
13 5234 ffffcccc019a1a00
# Core 14 LOG DUMP ==================================================
# DCB 14 ffffff00019a1c00 monitor
14 3753 ffffcccc019a1c00
# Core 15 LOG DUMP ==================================================
# DCB 15 ffffff0003948800 bfscope
# DCB 15 ffffff00019a1e00 monitor
15 5276 ffffcccc03948800
15 6272 ffffcccc019a1e00
15 9136 ffffcccc03948800
