# Core 0 LOG DUMP ==================================================
0 0 1234000000000001
# DCB 0 ffffff0003948a00 fish
# DCB 0 ffffff0003948400 serial
# DCB 0 ffffff0003948200 pci
# DCB 0 ffffff0003948000 skb
# DCB 0 ffffff00019a0000 chips
# DCB 0 ffffff0001e06000 mem_serv
# DCB 0 ffffff0001e06200 monitor
0 6773 ffffcccc03948a00
0 7703 ffffcccc01e06200
0 12828 ffffcccc03948a00
0 15561 ffffcccc01e06200
0 21114 aaaa
0 22421 b000000300000000
0 23526 ea000021620000e7
0 24047 ea0000202a0000e5
0 24542 ea000020980000e4
0 25298 ea000021000000e4
0 27467 bbbb
0 28979 aaaa
0 29479 eb0000202a8000e4
0 30954 b000000600005020
0 32223 eb000020988000e4
0 32672 b000000600005020
0 34625 eb000021008000e4
0 35099 b000000600005020
0 36390 bbbb
0 38618 aaaa
0 39114 eb000021628000e7
0 39848 b000000600005020
0 40198 ea000021620000e8
0 40593 ea0000202a0000e6
0 40998 ea000020980000e5
0 41441 ea000021000000e5
0 43644 bbbb
0 44883 aaaa
0 45813 eb0000202a8000e5
0 46930 b000000600005020
0 48572 eb000020988000e5
0 49088 b000000600005020
0 50423 eb000021008000e5
0 51417 b000000600005020
0 53174 eb000021628000e8
0 54098 b000000600005020
0 56750 bbbb
0 74648 b000bbbb00000014
0 76548 ffffcccc03948a00
0 79991 ffffcccc03948400
0 81921 aaaa
0 163684 bbbb
0 164285 ffffcccc01e06200
0 169054 ffffcccc03948a00
0 171967 ffffcccc03948400
0 174034 aaaa
0 332584 bbbb
0 333155 ffffcccc01e06200
0 337987 ffffcccc03948a00
0 341687 1234000000000000
# Core 1 LOG DUMP ==================================================
# DCB 1 ffffff00019a0200 monitor
1 2829 ffffcccc019a0200
1 25120 aaaa
1 25738 eb0000202a0000e5
1 26424 b000000500005020
1 27165 ea0000202a8000e4
1 28199 bbbb
1 35891 b000bbbb00000014
1 42143 aaaa
1 42638 eb0000202a0000e6
1 42803 b000000500005020
1 43106 ea0000202a8000e5
1 44135 bbbb
1 51651 b000bbbb00000014
# Core 2 LOG DUMP ==================================================
# DCB 2 ffffff00019a0400 monitor
2 3383 ffffcccc019a0400
2 26427 aaaa
2 27044 eb000020980000e4
2 27425 b000000500005020
2 28377 ea000020988000e4
2 29396 bbbb
2 37060 b000bbbb00000014
2 42551 aaaa
2 43122 eb000020980000e5
2 43286 b000000500005020
2 43598 ea000020988000e5
2 44630 bbbb
2 52344 b000bbbb00000014
# Core 3 LOG DUMP ==================================================
# DCB 3 ffffff00019a0600 monitor
3 2088 ffffcccc019a0600
3 27255 aaaa
3 27893 eb000021000000e4
3 28780 b000000500005020
3 29969 ea000021008000e4
3 31166 bbbb
3 37777 b000bbbb00000014
3 43342 aaaa
3 43837 eb000021000000e5
3 44128 b000000500005020
3 44489 ea000021008000e5
3 45430 bbbb
3 52366 b000bbbb00000014
# Core 4 LOG DUMP ==================================================
# DCB 4 ffffff00019a0800 monitor
4 4511 ffffcccc019a0800
4 24807 aaaa
4 25534 eb000021620000e7
4 26191 b000000500005020
4 27221 ea000027c40000d5
4 27754 ea000027f60000d4
4 28794 ea00002d6a0000d4
4 29782 bbbb
4 33316 aaaa
4 34006 eb000027c48000d4
4 34272 b000000600002010
4 35161 eb00002d6a8000d4
4 35791 b000000600002010
4 36272 eb000027f68000d4
4 36507 b000000600002010
4 37163 ea000021628000e7
4 38426 bbbb
4 41261 aaaa
4 41636 eb000021620000e8
4 42084 b000000500005020
4 42923 ea000027c40000d6
4 43469 ea000027f60000d5
4 44031 ea00002d6a0000d5
4 45264 bbbb
4 46712 aaaa
4 47909 eb000027c48000d5
4 48341 b000000600002010
4 49233 eb00002d6a8000d5
4 49880 b000000600002010
4 50368 eb000027f68000d5
4 50582 b000000600002010
4 51133 ea000021628000e8
4 52225 bbbb
4 57707 b000bbbb00000014
# Core 5 LOG DUMP ==================================================
# DCB 5 ffffff00019a0a00 monitor
5 2180 ffffcccc019a0a00
5 28832 aaaa
5 29708 eb000027c40000d5
5 30141 b000000500002010
5 31639 ea000027c48000d4
5 33141 bbbb
5 38860 b000bbbb00000014
5 44266 aaaa
5 44962 eb000027c40000d6
5 45122 b000000500002010
5 45471 ea000027c48000d5
5 46655 bbbb
5 52788 b000bbbb00000014
# Core 6 LOG DUMP ==================================================
# DCB 6 ffffff00019a0c00 monitor
6 2748 ffffcccc019a0c00
6 29909 aaaa
6 31089 eb000027f60000d4
6 31519 b000000500002010
6 32599 ea000027f68000d4
6 33619 bbbb
6 38819 b000bbbb00000014
6 44641 aaaa
6 45482 eb000027f60000d5
6 46295 b000000500002010
6 46640 ea000027f68000d5
6 47700 bbbb
6 52816 b000bbbb00000014
# Core 7 LOG DUMP ==================================================
# DCB 7 ffffff00019a0e00 monitor
7 3307 ffffcccc019a0e00
7 29956 aaaa
7 31313 eb00002d6a0000d4
7 32006 b000000500002010
7 33006 ea00002d6a8000d4
7 33914 bbbb
7 37993 b000bbbb00000014
7 45570 aaaa
7 46592 eb00002d6a0000d5
7 47221 b000000500002010
7 47524 ea00002d6a8000d5
7 48374 bbbb
7 52561 b000bbbb00000014
# Core 8 LOG DUMP ==================================================
# DCB 8 ffffff00019a1000 monitor
8 2957 ffffcccc019a1000
# Core 9 LOG DUMP ==================================================
# DCB 9 ffffff0003948600 e1000n
# DCB 9 ffffff00019a1200 monitor
9 3791 ffffcccc03948600
9 3980 ffffcccc019a1200
9 6978 ffffcccc03948600
# Core 10 LOG DUMP ==================================================
# DCB 10 ffffff00019a1400 monitor
10 4311 ffffcccc019a1400
# Core 11 LOG DUMP ==================================================
# DCB 11 ffffff00019a1600 monitor
11 3533 ffffcccc019a1600
# Core 12 LOG DUMP ==================================================
# DCB 12 ffffff00019a1800 monitor
12 5159 ffffcccc019a1800
# Core 13 LOG DUMP ==================================================
# DCB 13 ffffff00019a1a00 monitor
13 4516 ffffcccc019a1a00
# Core 14 LOG DUMP ==================================================
# DCB 14 ffffff00019a1c00 monitor
14 4827 ffffcccc019a1c00
# Core 15 LOG DUMP ==================================================
# DCB 15 ffffff0003948800 bfscope
# DCB 15 ffffff00019a1e00 monitor
15 5062 ffffcccc03948800
15 5258 ffffcccc019a1e00
15 8137 ffffcccc03948800
15 10961 ffffcccc019a1e00
15 13809 ffffcccc03948800
