# Core 0 LOG DUMP ==================================================
0 0 1234000000000001
# DCB 0 ffffff0003948a00 fish
# DCB 0 ffffff0003948400 serial
# DCB 0 ffffff0003948200 pci
# DCB 0 ffffff0003948000 skb
# DCB 0 ffffff00019a0000 chips
# DCB 0 ffffff0001e06000 mem_serv
# DCB 0 ffffff0001e06200 monitor
0 6910 ffffcccc03948a00
0 7349 ffffcccc01e06200
0 12127 ffffcccc03948a00
0 14793 ffffcccc01e06200
0 20085 aaaa
0 21410 b000000300000000
0 22513 ea000021620000e9
0 23031 ea0000202a0000e7
0 23506 ea000020980000e6
0 24267 ea000021000000e6
0 26083 bbbb
0 28490 aaaa
0 28985 eb0000202a8000e6
0 29957 b0000006000064c0
0 31180 eb000020988000e6
0 31623 b0000006000064c0
0 34014 eb000021008000e6
0 34968 b0000006000064c0
0 36764 bbbb
0 38786 aaaa
0 39272 eb000021628000e9
0 39721 b0000006000064c0
0 40072 ea000021620000ea
0 40470 ea0000202a0000e8
0 40895 ea000020980000e7
0 41340 ea000021000000e7
0 43485 bbbb
0 44819 aaaa
0 45333 eb0000202a8000e7
0 46471 b0000006000064c0
0 47568 eb000020988000e7
0 48308 b0000006000064c0
0 50414 eb000021008000e7
0 51389 b0000006000064c0
0 53577 eb000021628000ea
0 54022 b0000006000064c0
0 56614 bbbb
0 74260 b000bbbb00000014
0 76230 ffffcccc03948a00
0 79653 ffffcccc03948400
0 81574 aaaa
0 163326 bbbb
0 163935 ffffcccc01e06200
0 168711 ffffcccc03948a00
0 171700 ffffcccc03948400
0 173777 aaaa
0 335217 bbbb
0 335788 ffffcccc01e06200
0 340630 ffffcccc03948a00
0 344299 1234000000000000
# Core 1 LOG DUMP ==================================================
# DCB 1 ffffff00019a0200 monitor
1 2427 ffffcccc019a0200
1 24598 aaaa
1 25324 eb0000202a0000e7
1 25705 b0000005000064c0
1 26411 ea0000202a8000e6
1 27952 bbbb
1 35173 b000bbbb00000014
1 41631 aaaa
1 42127 eb0000202a0000e8
1 42291 b0000005000064c0
1 42600 ea0000202a8000e7
1 43635 bbbb
1 51157 b000bbbb00000014
# Core 2 LOG DUMP ==================================================
# DCB 2 ffffff00019a0400 monitor
2 2334 ffffcccc019a0400
2 24909 aaaa
2 25547 eb000020980000e6
2 25928 b0000005000064c0
2 26953 ea000020988000e6
2 27997 bbbb
2 35238 b000bbbb00000014
2 42577 aaaa
2 43119 eb000020980000e7
2 43284 b0000005000064c0
2 43638 ea000020988000e7
2 45080 bbbb
2 53017 b000bbbb00000014
# Core 3 LOG DUMP ==================================================
# DCB 3 ffffff00019a0600 monitor
3 3909 ffffcccc019a0600
3 25819 aaaa
3 26443 eb000021000000e6
3 27366 b0000005000064c0
3 28085 ea000021008000e6
3 29083 bbbb
3 36419 b000bbbb00000014
3 43273 aaaa
3 44517 eb000021000000e7
3 44681 b0000005000064c0
3 44987 ea000021008000e7
3 46111 bbbb
3 53061 b000bbbb00000014
# Core 4 LOG DUMP ==================================================
# DCB 4 ffffff00019a0800 monitor
4 2562 ffffcccc019a0800
4 23884 aaaa
4 24596 eb000021620000e9
4 25138 b0000005000064c0
4 26167 ea000027c40000d7
4 26697 ea000027f60000d6
4 27795 ea00002d6a0000d6
4 28807 bbbb
4 31566 aaaa
4 32529 eb000027c48000d6
4 33250 b000000600002010
4 34136 eb00002d6a8000d6
4 34855 b000000600002010
4 35476 eb000027f68000d6
4 36140 b000000600002010
4 36562 ea000021628000e9
4 37493 bbbb
4 41245 aaaa
4 41623 eb000021620000ea
4 42301 b0000005000064c0
4 43093 ea000027c40000d8
4 43676 ea000027f60000d7
4 45154 ea00002d6a0000d7
4 47173 eb000027c48000d7
4 47986 b000000600002010
4 49177 eb000027f68000d7
4 49703 b000000600002010
4 50626 eb00002d6a8000d7
4 51272 b000000600002010
4 52081 ea000021628000ea
4 53136 bbbb
4 58410 b000bbbb00000014
# Core 5 LOG DUMP ==================================================
# DCB 5 ffffff00019a0a00 monitor
5 5014 ffffcccc019a0a00
5 27484 aaaa
5 28222 eb000027c40000d7
5 28610 b000000500002010
5 29343 ea000027c48000d6
5 31269 bbbb
5 36941 b000bbbb00000014
5 44817 aaaa
5 45417 eb000027c40000d8
5 45585 b000000500002010
5 45889 ea000027c48000d7
5 46862 bbbb
5 52528 b000bbbb00000014
# Core 6 LOG DUMP ==================================================
# DCB 6 ffffff00019a0c00 monitor
6 2979 ffffcccc019a0c00
6 28826 aaaa
6 29934 eb000027f60000d6
6 30354 b000000500002010
6 31379 ea000027f68000d6
6 32515 bbbb
6 37598 b000bbbb00000014
6 46150 aaaa
6 46878 eb000027f60000d7
6 47433 b000000500002010
6 47742 ea000027f68000d7
6 48616 bbbb
6 54187 b000bbbb00000014
# Core 7 LOG DUMP ==================================================
# DCB 7 ffffff00019a0e00 monitor
7 4716 ffffcccc019a0e00
7 28961 aaaa
7 30408 eb00002d6a0000d6
7 31082 b000000500002010
7 32453 ea00002d6a8000d6
7 33827 bbbb
7 37761 b000bbbb00000014
7 47384 aaaa
7 47995 eb00002d6a0000d7
7 48740 b000000500002010
7 49512 ea00002d6a8000d7
7 50363 bbbb
7 55176 b000bbbb00000014
# Core 8 LOG DUMP ==================================================
# DCB 8 ffffff00019a1000 monitor
8 4806 ffffcccc019a1000
# Core 9 LOG DUMP ==================================================
# DCB 9 ffffff0003948600 e1000n
# DCB 9 ffffff00019a1200 monitor
9 5264 ffffcccc03948600
9 5716 ffffcccc019a1200
9 8677 ffffcccc03948600
# Core 10 LOG DUMP ==================================================
# DCB 10 ffffff00019a1400 monitor
10 3220 ffffcccc019a1400
# Core 11 LOG DUMP ==================================================
# DCB 11 ffffff00019a1600 monitor
11 3135 ffffcccc019a1600
# Core 12 LOG DUMP ==================================================
# DCB 12 ffffff00019a1800 monitor
12 3491 ffffcccc019a1800
# Core 13 LOG DUMP ==================================================
# DCB 13 ffffff00019a1a00 monitor
13 4256 ffffcccc019a1a00
# Core 14 LOG DUMP ==================================================
# DCB 14 ffffff00019a1c00 monitor
14 3753 ffffcccc019a1c00
# Core 15 LOG DUMP ==================================================
# DCB 15 ffffff0003948800 bfscope
# DCB 15 ffffff00019a1e00 monitor
15 5247 ffffcccc03948800
15 5963 ffffcccc019a1e00
15 8827 ffffcccc03948800
