# Core 0 LOG DUMP ==================================================
0 0 1234000000000001
# DCB 0 ffffff0003948a00 fish
# DCB 0 ffffff0003948400 serial
# DCB 0 ffffff0003948200 pci
# DCB 0 ffffff0003948000 skb
# DCB 0 ffffff00019a0000 chips
# DCB 0 ffffff0001e06000 mem_serv
# DCB 0 ffffff0001e06200 monitor
0 7030 ffffcccc03948a00
0 7489 ffffcccc01e06200
0 12475 ffffcccc03948a00
0 15186 ffffcccc01e06200
0 20695 aaaa
0 22234 b000000300000000
0 23457 ea000021620000df
0 23987 ea0000202a0000dd
0 24490 ea000020980000dc
0 25023 ea000021000000dc
0 26851 bbbb
0 28274 aaaa
0 28842 eb0000202a8000dc
0 30058 b000000600007cd0
0 31158 eb000020988000dc
0 31908 b000000600007cd0
0 34052 eb000021008000dc
0 34642 b000000600007cd0
0 36335 bbbb
0 38559 aaaa
0 39235 eb000021628000df
0 39952 b000000600007cd0
0 40357 ea000021620000e0
0 40784 ea0000202a0000de
0 41218 ea000020980000dd
0 41716 ea000021000000dd
0 44487 bbbb
0 45734 aaaa
0 46244 eb0000202a8000dd
0 47148 b000000600007cd0
0 48682 eb000020988000dd
0 49169 b000000600007cd0
0 51141 eb000021008000dd
0 51651 b000000600007cd0
0 53400 bbbb
0 55384 aaaa
0 55881 eb000021628000e0
0 56346 b000000600007cd0
0 59226 bbbb
0 76960 b000bbbb00000014
0 78968 ffffcccc03948a00
0 82944 ffffcccc03948400
0 84934 aaaa
0 163620 bbbb
0 164295 ffffcccc01e06200
0 169481 ffffcccc03948a00
0 172500 ffffcccc03948400
0 174354 aaaa
0 335844 bbbb
0 336713 ffffcccc01e06200
0 341628 ffffcccc03948a00
0 345277 1234000000000000
# Core 1 LOG DUMP ==================================================
# DCB 1 ffffff00019a0200 monitor
1 3249 ffffcccc019a0200
1 25069 aaaa
1 25873 eb0000202a0000dd
1 26305 b000000500007cd0
1 27004 ea0000202a8000dc
1 28221 bbbb
1 35525 b000bbbb00000014
1 41871 aaaa
1 42547 eb0000202a0000de
1 43135 b000000500007cd0
1 43461 ea0000202a8000dd
1 44473 bbbb
1 51684 b000bbbb00000014
# Core 2 LOG DUMP ==================================================
# DCB 2 ffffff00019a0400 monitor
2 2363 ffffcccc019a0400
2 25925 aaaa
2 26526 eb000020980000dc
2 26967 b000000500007cd0
2 27895 ea000020988000dc
2 28994 bbbb
2 36699 b000bbbb00000014
2 42354 aaaa
2 43272 eb000020980000dd
2 43436 b000000500007cd0
2 43753 ea000020988000dd
2 44782 bbbb
2 52273 b000bbbb00000014
# Core 3 LOG DUMP ==================================================
# DCB 3 ffffff00019a0600 monitor
3 3675 ffffcccc019a0600
3 26109 aaaa
3 26782 eb000021000000dc
3 27214 b000000500007cd0
3 28409 ea000021008000dc
3 29534 bbbb
3 36565 b000bbbb00000014
3 43827 aaaa
3 44437 eb000021000000dd
3 44608 b000000500007cd0
3 45149 ea000021008000dd
3 46116 bbbb
3 53105 b000bbbb00000014
# Core 4 LOG DUMP ==================================================
# DCB 4 ffffff00019a0800 monitor
4 2820 ffffcccc019a0800
4 24985 aaaa
4 25705 eb000021620000df
4 26138 b000000500007cd0
4 27205 ea000027c40000cd
4 28539 ea000027f60000cc
4 29280 ea00002d6a0000cc
4 30739 bbbb
4 33097 aaaa
4 33697 eb000027c48000cc
4 33985 b000000600002010
4 35004 eb00002d6a8000cc
4 35635 b000000600002010
4 36141 eb000027f68000cc
4 36401 b000000600002010
4 36869 ea000021628000df
4 38293 bbbb
4 41449 aaaa
4 41828 eb000021620000e0
4 42478 b000000500007cd0
4 43753 ea000027c40000ce
4 44319 ea000027f60000cd
4 44901 ea00002d6a0000cd
4 46581 bbbb
4 49003 aaaa
4 49570 eb000027c48000cd
4 50478 b000000600002010
4 51388 eb00002d6a8000cd
4 52044 b000000600002010
4 52714 eb000027f68000cd
4 52952 b000000600002010
4 53281 ea000021628000e0
4 54192 bbbb
4 59617 b000bbbb00000014
# Core 5 LOG DUMP ==================================================
# DCB 5 ffffff00019a0a00 monitor
5 2293 ffffcccc019a0a00
5 29404 aaaa
5 30484 eb000027c40000cd
5 31232 b000000500002010
5 31927 ea000027c48000cc
5 33063 bbbb
5 38692 b000bbbb00000014
5 45077 aaaa
5 46561 eb000027c40000ce
5 46723 b000000500002010
5 47784 ea000027c48000cd
5 48748 bbbb
5 54419 b000bbbb00000014
# Core 6 LOG DUMP ==================================================
# DCB 6 ffffff00019a0c00 monitor
6 5307 ffffcccc019a0c00
6 29934 aaaa
6 30919 eb000027f60000cc
6 31383 b000000500002010
6 32082 ea000027f68000cc
6 33415 bbbb
6 38455 b000bbbb00000014
6 45702 aaaa
6 46651 eb000027f60000cd
6 46828 b000000500002010
6 48079 ea000027f68000cd
6 49345 bbbb
6 54662 b000bbbb00000014
# Core 7 LOG DUMP ==================================================
# DCB 7 ffffff00019a0e00 monitor
7 3492 ffffcccc019a0e00
7 30837 aaaa
7 31645 eb00002d6a0000cc
7 32287 b000000500002010
7 33226 ea00002d6a8000cc
7 34197 bbbb
7 38598 b000bbbb00000014
7 46571 aaaa
7 47853 eb00002d6a0000cd
7 48043 b000000500002010
7 48532 ea00002d6a8000cd
7 49380 bbbb
7 53915 b000bbbb00000014
# Core 8 LOG DUMP ==================================================
# DCB 8 ffffff00019a1000 monitor
8 3040 ffffcccc019a1000
# Core 9 LOG DUMP ==================================================
# DCB 9 ffffff0003948600 e1000n
# DCB 9 ffffff00019a1200 monitor
9 4748 ffffcccc03948600
9 4937 ffffcccc019a1200
9 8084 ffffcccc03948600
# Core 10 LOG DUMP ==================================================
# DCB 10 ffffff00019a1400 monitor
10 4241 ffffcccc019a1400
# Core 11 LOG DUMP ==================================================
# DCB 11 ffffff00019a1600 monitor
11 4172 ffffcccc019a1600
# Core 12 LOG DUMP ==================================================
# DCB 12 ffffff00019a1800 monitor
12 3028 ffffcccc019a1800
# Core 13 LOG DUMP ==================================================
# DCB 13 ffffff00019a1a00 monitor
13 4443 ffffcccc019a1a00
# Core 14 LOG DUMP ==================================================
# DCB 14 ffffff00019a1c00 monitor
14 5897 ffffcccc019a1c00
# Core 15 LOG DUMP ==================================================
# DCB 15 ffffff0003948800 bfscope
# DCB 15 ffffff00019a1e00 monitor
15 5022 ffffcccc03948800
15 5222 ffffcccc019a1e00
15 8143 ffffcccc03948800
