# Core 0 LOG DUMP ==================================================
0 0 1234000000000001
# DCB 0 ffffff00071dca00 fish
# DCB 0 ffffff0004257a00 pixels
# DCB 0 ffffff0004257400 serial
# DCB 0 ffffff0004257200 pci
# DCB 0 ffffff0004257000 skb
# DCB 0 ffffff0001b29000 chips
# DCB 0 ffffff0001e06000 mem_serv
# DCB 0 ffffff0001e06200 monitor
0 8256 ffffcccc071dca00
0 8444 ffffcccc01e06200
0 16328 bbbb
0 20232 bbbb
0 22741 bbbb
0 24912 bbbb
0 27125 bbbb
0 29303 bbbb
0 31743 bbbb
0 33995 bbbb
0 36176 bbbb
0 38348 bbbb
0 40824 bbbb
0 42991 bbbb
0 45159 bbbb
0 47373 bbbb
0 49776 bbbb
0 51956 bbbb
0 54171 bbbb
0 56349 bbbb
0 58753 bbbb
0 60981 bbbb
0 63097 bbbb
0 65301 bbbb
0 67763 bbbb
0 69942 bbbb
0 72111 bbbb
0 74323 bbbb
0 76769 bbbb
0 78938 bbbb
0 81146 bbbb
0 83313 bbbb
0 85740 bbbb
0 87954 bbbb
0 90133 bbbb
0 92300 bbbb
0 94773 bbbb
0 96953 bbbb
0 99138 bbbb
0 101350 bbbb
0 103746 bbbb
0 105931 bbbb
0 108120 bbbb
0 110313 bbbb
0 112712 bbbb
0 114923 bbbb
0 117105 bbbb
0 119273 bbbb
0 121746 bbbb
0 123935 bbbb
0 126136 bbbb
0 128379 bbbb
0 130794 bbbb
0 132962 bbbb
0 135200 bbbb
0 137319 bbbb
0 139768 bbbb
0 141996 bbbb
0 144176 bbbb
0 146345 bbbb
0 148814 bbbb
0 150926 bbbb
0 153096 bbbb
0 155313 bbbb
0 157746 bbbb
0 159938 bbbb
0 162167 bbbb
0 164347 bbbb
0 166736 bbbb
0 168962 bbbb
0 171113 bbbb
0 173279 bbbb
0 175734 bbbb
0 177917 bbbb
0 180097 bbbb
0 182295 bbbb
0 184725 bbbb
0 186906 bbbb
0 189118 bbbb
0 191314 bbbb
0 193716 bbbb
0 195939 bbbb
0 198118 bbbb
0 200288 bbbb
0 202750 bbbb
0 204948 bbbb
0 207128 bbbb
0 209328 bbbb
0 211788 bbbb
0 213960 bbbb
0 216174 bbbb
0 218372 bbbb
0 220811 bbbb
0 223028 bbbb
0 225188 bbbb
0 227357 bbbb
0 229833 bbbb
0 232016 bbbb
0 234161 bbbb
0 236350 bbbb
0 238796 bbbb
0 240935 bbbb
0 243146 bbbb
0 245332 bbbb
0 247770 bbbb
0 250027 bbbb
0 252161 bbbb
0 254355 bbbb
0 256823 bbbb
0 259009 bbbb
0 261209 bbbb
0 263421 bbbb
0 265860 bbbb
0 268050 bbbb
0 270287 bbbb
0 272464 bbbb
0 274890 bbbb
0 277102 bbbb
0 279288 bbbb
0 281486 bbbb
0 283964 bbbb
0 286119 bbbb
0 288291 bbbb
0 290499 bbbb
0 292959 bbbb
0 295144 bbbb
0 297361 bbbb
0 299543 bbbb
0 301956 bbbb
0 304173 bbbb
0 306359 bbbb
0 308534 bbbb
0 310994 bbbb
0 313173 bbbb
0 315305 bbbb
0 317544 bbbb
0 319978 bbbb
0 322146 bbbb
0 324350 bbbb
0 326529 bbbb
0 329000 bbbb
0 331247 bbbb
0 333439 bbbb
0 335607 bbbb
0 338081 bbbb
0 340259 bbbb
0 342426 bbbb
0 344644 bbbb
0 347094 bbbb
0 349269 bbbb
0 351515 bbbb
0 353684 bbbb
0 356110 bbbb
0 358306 bbbb
0 360441 bbbb
0 362628 bbbb
0 365101 bbbb
0 367292 bbbb
0 369471 bbbb
0 371689 bbbb
0 374123 bbbb
0 376302 bbbb
0 378533 bbbb
0 380716 bbbb
0 383173 bbbb
0 385377 bbbb
0 387555 bbbb
0 389760 bbbb
0 392239 bbbb
0 394416 bbbb
0 396602 bbbb
0 398791 bbbb
0 401252 bbbb
0 403453 bbbb
0 405656 bbbb
0 407843 bbbb
0 410302 bbbb
0 412515 bbbb
0 414693 bbbb
0 416862 bbbb
0 419336 bbbb
0 421517 bbbb
0 423705 bbbb
0 425932 bbbb
0 428369 bbbb
0 430552 bbbb
0 432767 bbbb
0 434964 bbbb
0 437361 bbbb
0 439574 bbbb
0 441743 bbbb
0 443913 bbbb
0 446348 bbbb
0 448544 bbbb
0 450714 bbbb
0 452921 bbbb
0 455367 bbbb
0 457559 bbbb
0 459772 bbbb
0 461960 bbbb
0 464360 bbbb
0 466578 bbbb
0 468758 bbbb
0 470919 bbbb
0 473388 bbbb
0 475578 bbbb
0 477719 bbbb
0 479966 bbbb
0 482405 bbbb
0 484572 bbbb
0 486803 bbbb
0 488989 bbbb
0 491462 bbbb
0 493688 bbbb
0 495866 bbbb
0 498042 bbbb
0 500508 bbbb
0 502688 bbbb
0 504857 bbbb
0 507089 bbbb
0 509532 bbbb
0 511686 bbbb
0 513887 bbbb
0 516069 bbbb
0 518520 bbbb
0 520749 bbbb
0 522920 bbbb
0 525059 bbbb
0 527518 bbbb
0 529718 bbbb
0 531890 bbbb
0 534104 bbbb
0 536535 bbbb
0 538719 bbbb
0 540937 bbbb
0 543116 bbbb
0 545518 bbbb
0 547740 bbbb
0 549927 bbbb
0 552098 bbbb
0 554599 bbbb
0 556763 bbbb
0 558927 bbbb
0 561129 bbbb
0 563688 bbbb
0 565929 bbbb
0 568100 bbbb
0 570331 bbbb
0 572770 bbbb
0 574863 bbbb
0 577063 bbbb
0 579252 bbbb
0 581680 bbbb
0 583890 bbbb
0 586137 bbbb
0 588285 bbbb
0 590706 bbbb
0 592940 bbbb
0 595088 bbbb
0 597292 bbbb
0 599821 bbbb
0 601974 bbbb
0 604168 bbbb
0 606387 bbbb
0 608798 bbbb
0 611007 bbbb
0 613254 bbbb
0 615367 bbbb
0 617832 bbbb
0 620046 bbbb
0 622197 bbbb
0 624398 bbbb
0 626877 bbbb
0 629022 bbbb
0 631217 bbbb
0 633438 bbbb
0 635877 bbbb
0 638085 bbbb
0 640325 bbbb
0 642431 bbbb
0 644932 bbbb
0 647162 bbbb
0 649290 bbbb
0 651501 bbbb
0 653987 bbbb
0 656139 bbbb
0 658342 bbbb
0 660549 bbbb
0 662987 bbbb
0 665195 bbbb
0 667411 bbbb
0 669561 bbbb
0 672040 bbbb
0 674272 bbbb
0 676420 bbbb
0 678625 bbbb
0 681107 bbbb
0 683256 bbbb
0 685423 bbbb
0 687642 bbbb
0 690087 bbbb
0 692303 bbbb
0 694499 bbbb
0 696626 bbbb
0 699057 bbbb
0 701262 bbbb
0 703412 bbbb
0 705609 bbbb
0 708056 bbbb
0 710222 bbbb
0 712430 bbbb
0 714634 bbbb
0 717020 bbbb
0 719206 bbbb
0 721398 bbbb
0 723546 bbbb
0 725984 bbbb
0 728200 bbbb
0 730338 bbbb
0 732557 bbbb
0 735012 bbbb
0 737092 bbbb
0 739286 bbbb
0 741458 bbbb
0 743879 bbbb
0 746082 bbbb
0 748244 bbbb
0 750366 bbbb
0 752793 bbbb
0 754939 bbbb
0 757063 bbbb
0 759179 bbbb
0 761589 bbbb
0 763728 bbbb
0 765844 bbbb
0 768008 bbbb
0 770456 bbbb
0 772692 bbbb
0 774840 bbbb
0 777050 bbbb
0 779567 bbbb
0 781720 bbbb
0 783919 bbbb
0 786134 bbbb
0 788538 bbbb
0 790751 bbbb
0 792924 bbbb
0 795074 bbbb
0 797546 bbbb
0 799776 bbbb
0 801981 bbbb
0 804195 bbbb
0 806605 bbbb
0 808797 bbbb
0 811006 bbbb
0 813168 bbbb
0 815635 bbbb
0 817891 bbbb
0 820037 bbbb
0 822245 bbbb
0 824760 bbbb
0 826892 bbbb
0 829082 bbbb
0 831263 bbbb
0 833715 bbbb
0 835929 bbbb
0 838068 bbbb
0 840299 bbbb
0 842808 bbbb
0 844971 bbbb
0 847175 bbbb
0 849404 bbbb
0 851873 bbbb
0 854073 bbbb
0 856247 bbbb
0 858466 bbbb
0 860873 bbbb
0 863084 bbbb
0 865330 bbbb
0 867493 bbbb
0 869994 bbbb
0 872265 bbbb
0 874477 bbbb
0 876726 bbbb
0 879225 bbbb
0 881372 bbbb
0 883592 bbbb
0 885795 bbbb
0 888180 bbbb
0 890379 bbbb
0 892584 bbbb
0 894734 bbbb
0 897143 bbbb
0 899358 bbbb
0 901504 bbbb
0 903706 bbbb
0 906171 bbbb
0 908317 bbbb
0 910527 bbbb
0 912781 bbbb
0 915164 bbbb
0 917381 bbbb
0 919599 bbbb
0 921787 bbbb
0 924251 bbbb
0 926391 bbbb
0 928580 bbbb
0 930797 bbbb
0 933200 bbbb
0 935405 bbbb
0 937645 bbbb
0 939732 bbbb
0 942179 bbbb
0 944406 bbbb
0 946521 bbbb
0 948713 bbbb
0 951150 bbbb
0 953272 bbbb
0 955472 bbbb
0 957687 bbbb
0 960109 bbbb
0 962317 bbbb
0 964538 bbbb
0 966698 bbbb
0 969156 bbbb
0 971391 bbbb
0 973533 bbbb
0 975736 bbbb
0 978220 bbbb
0 980385 bbbb
0 982582 bbbb
0 984778 bbbb
0 987191 bbbb
0 989361 bbbb
0 991578 bbbb
0 993718 bbbb
0 996203 bbbb
0 998420 bbbb
0 1000566 bbbb
0 1002776 bbbb
0 1005245 bbbb
0 1007395 bbbb
0 1009596 bbbb
0 1011809 bbbb
0 1014238 bbbb
0 1016439 bbbb
0 1018662 bbbb
0 1020831 bbbb
0 1023296 bbbb
0 1025499 bbbb
0 1027647 bbbb
0 1029810 bbbb
0 1032317 bbbb
0 1034442 bbbb
0 1036643 bbbb
0 1038862 bbbb
0 1041279 bbbb
0 1043483 bbbb
0 1045730 bbbb
0 1047879 bbbb
0 1050353 bbbb
0 1052544 bbbb
0 1054692 bbbb
0 1056895 bbbb
0 1059371 bbbb
0 1061565 bbbb
0 1063782 bbbb
0 1065890 bbbb
0 1068339 bbbb
0 1070496 bbbb
0 1072623 bbbb
0 1074842 bbbb
0 1077261 bbbb
0 1079388 bbbb
0 1081607 bbbb
0 1083786 bbbb
0 1086134 bbbb
0 1088378 bbbb
0 1090530 bbbb
0 1092678 bbbb
0 1095127 bbbb
0 1097340 bbbb
0 1099558 bbbb
0 1101803 bbbb
0 1104174 bbbb
0 1106436 bbbb
0 1108692 bbbb
0 1110825 bbbb
0 1113253 bbbb
0 1115452 bbbb
0 1117608 bbbb
0 1119810 bbbb
0 1122264 bbbb
0 1124413 bbbb
0 1126635 bbbb
0 1128850 bbbb
0 1131227 bbbb
0 1133451 bbbb
0 1135671 bbbb
0 1137818 bbbb
0 1140309 bbbb
0 1142558 bbbb
0 1144757 bbbb
0 1146943 bbbb
0 1149422 bbbb
0 1151595 bbbb
0 1153790 bbbb
0 1156052 bbbb
0 1158514 bbbb
0 1160692 bbbb
0 1162906 bbbb
0 1165082 bbbb
0 1167508 bbbb
0 1169738 bbbb
0 1171917 bbbb
0 1174088 bbbb
0 1176543 bbbb
0 1178719 bbbb
0 1180897 bbbb
0 1183110 bbbb
0 1185536 bbbb
0 1187715 bbbb
0 1189917 bbbb
0 1192089 bbbb
0 1194476 bbbb
0 1196674 bbbb
0 1198855 bbbb
0 1201023 bbbb
0 1203504 bbbb
0 1205674 bbbb
0 1207847 bbbb
0 1210075 bbbb
0 1212549 bbbb
0 1214730 bbbb
0 1216964 bbbb
0 1219130 bbbb
0 1221545 bbbb
0 1223768 bbbb
0 1225941 bbbb
0 1228123 bbbb
0 1230573 bbbb
0 1232765 bbbb
0 1234935 bbbb
0 1237136 bbbb
0 1239576 bbbb
0 1241766 bbbb
0 1243990 bbbb
0 1246179 bbbb
0 1248585 bbbb
0 1250798 bbbb
0 1252987 bbbb
0 1255133 bbbb
0 1257614 bbbb
0 1259783 bbbb
0 1261929 bbbb
0 1264161 bbbb
0 1266622 bbbb
0 1268778 bbbb
0 1270952 bbbb
0 1273121 bbbb
0 1275537 bbbb
0 1277723 bbbb
0 1279890 bbbb
0 1282074 bbbb
0 1284525 bbbb
0 1286703 bbbb
0 1288864 bbbb
0 1291077 bbbb
0 1293522 bbbb
0 1295703 bbbb
0 1297923 bbbb
0 1300097 bbbb
0 1302555 bbbb
0 1304778 bbbb
0 1306967 bbbb
0 1309148 bbbb
0 1311600 bbbb
0 1313764 bbbb
0 1315881 bbbb
0 1318097 bbbb
0 1320542 bbbb
0 1322731 bbbb
0 1324953 bbbb
0 1327158 bbbb
0 1329564 bbbb
0 1331801 bbbb
0 1333970 bbbb
0 1336155 bbbb
0 1338605 bbbb
0 1340793 bbbb
0 1342972 bbbb
0 1345187 bbbb
0 1347593 bbbb
0 1349757 bbbb
0 1351972 bbbb
0 1354141 bbbb
0 1356591 bbbb
0 1358804 bbbb
0 1360982 bbbb
0 1363165 bbbb
0 1365645 bbbb
0 1367820 bbbb
0 1369969 bbbb
0 1372169 bbbb
0 1374557 bbbb
0 1376739 bbbb
0 1378953 bbbb
0 1381120 bbbb
0 1383533 bbbb
0 1385785 bbbb
0 1387961 bbbb
0 1390104 bbbb
0 1392555 bbbb
0 1394758 bbbb
0 1396941 bbbb
0 1399190 bbbb
0 1401625 bbbb
0 1403803 bbbb
0 1405987 bbbb
0 1408149 bbbb
0 1410606 bbbb
0 1412823 bbbb
0 1414996 bbbb
0 1417178 bbbb
0 1419615 bbbb
0 1421784 bbbb
0 1423974 bbbb
0 1426197 bbbb
0 1428651 bbbb
0 1430829 bbbb
0 1433066 bbbb
0 1435251 bbbb
0 1437717 bbbb
0 1439997 bbbb
0 1442189 bbbb
0 1444361 bbbb
0 1446894 bbbb
0 1449102 bbbb
0 1451312 bbbb
0 1453523 bbbb
0 1455987 bbbb
0 1458179 bbbb
0 1460405 bbbb
0 1462590 bbbb
0 1465043 bbbb
0 1467261 bbbb
0 1469430 bbbb
0 1471619 bbbb
0 1474094 bbbb
0 1476264 bbbb
0 1478445 bbbb
0 1480669 bbbb
0 1483092 bbbb
0 1485261 bbbb
0 1487442 bbbb
0 1489592 bbbb
0 1491982 bbbb
0 1494196 bbbb
0 1496379 bbbb
0 1498575 bbbb
0 1501013 bbbb
0 1503182 bbbb
0 1505352 bbbb
0 1507556 bbbb
0 1509947 bbbb
0 1512124 bbbb
0 1514373 bbbb
0 1516530 bbbb
0 1518946 bbbb
0 1521162 bbbb
0 1523348 bbbb
0 1525532 bbbb
0 1527983 bbbb
0 1530183 bbbb
0 1532342 bbbb
0 1534525 bbbb
0 1536981 bbbb
0 1539160 bbbb
0 1541376 bbbb
0 1543546 bbbb
0 1545953 bbbb
0 1548167 bbbb
0 1550341 bbbb
0 1552527 bbbb
0 1554980 bbbb
0 1557160 bbbb
0 1559332 bbbb
0 1561545 bbbb
0 1563987 bbbb
0 1566168 bbbb
0 1568386 bbbb
0 1570571 bbbb
0 1572989 bbbb
0 1575204 bbbb
0 1577370 bbbb
0 1579535 bbbb
0 1582011 bbbb
0 1584221 bbbb
0 1586390 bbbb
0 1588604 bbbb
0 1591057 bbbb
0 1593226 bbbb
0 1595485 bbbb
0 1597647 bbbb
0 1600107 bbbb
0 1602325 bbbb
0 1604508 bbbb
0 1606688 bbbb
0 1609151 bbbb
0 1611312 bbbb
0 1613457 bbbb
0 1615707 bbbb
0 1618112 bbbb
0 1620287 bbbb
0 1622495 bbbb
0 1624690 bbbb
0 1627144 bbbb
0 1629370 bbbb
0 1631540 bbbb
0 1633721 bbbb
0 1636205 bbbb
0 1638394 bbbb
0 1640574 bbbb
0 1642751 bbbb
0 1645198 bbbb
0 1647387 bbbb
0 1649611 bbbb
0 1651780 bbbb
0 1654190 bbbb
0 1656416 bbbb
0 1658590 bbbb
0 1660788 bbbb
0 1663229 bbbb
0 1665396 bbbb
0 1667576 bbbb
0 1669791 bbbb
0 1672201 bbbb
0 1674378 bbbb
0 1676568 bbbb
0 1678761 bbbb
0 1681189 bbbb
0 1683405 bbbb
0 1685609 bbbb
0 1687788 bbbb
0 1690226 bbbb
0 1692397 bbbb
0 1694576 bbbb
0 1696796 bbbb
0 1699234 bbbb
0 1701417 bbbb
0 1703633 bbbb
0 1705818 bbbb
0 1708227 bbbb
0 1710444 bbbb
0 1712615 bbbb
0 1714800 bbbb
0 1717343 bbbb
0 1719533 bbbb
0 1721762 bbbb
0 1723932 bbbb
0 1726371 bbbb
0 1728594 bbbb
0 1730766 bbbb
0 1732935 bbbb
0 1735389 bbbb
0 1737582 bbbb
0 1739773 bbbb
0 1741997 bbbb
0 1744439 bbbb
0 1746622 bbbb
0 1748859 bbbb
0 1751054 bbbb
0 1753497 bbbb
0 1755726 bbbb
0 1757882 bbbb
0 1760105 bbbb
0 1762585 bbbb
0 1764716 bbbb
0 1766885 bbbb
0 1769092 bbbb
0 1771560 bbbb
0 1773736 bbbb
0 1775942 bbbb
0 1778115 bbbb
0 1780578 bbbb
0 1782798 bbbb
0 1784975 bbbb
0 1787148 bbbb
0 1789635 bbbb
0 1791810 bbbb
0 1793990 bbbb
0 1796210 bbbb
0 1798650 bbbb
0 1800820 bbbb
0 1803054 bbbb
0 1805228 bbbb
0 1807683 bbbb
0 1809900 bbbb
0 1812089 bbbb
0 1814258 bbbb
0 1816737 bbbb
0 1818910 bbbb
0 1821081 bbbb
0 1823302 bbbb
0 1825750 bbbb
0 1827910 bbbb
0 1830130 bbbb
0 1832281 bbbb
0 1834760 bbbb
0 1837034 bbbb
0 1839259 bbbb
0 1841482 bbbb
0 1844034 bbbb
0 1846211 bbbb
0 1848383 bbbb
0 1850604 bbbb
0 1853060 bbbb
0 1855239 bbbb
0 1857457 bbbb
0 1859623 bbbb
0 1862042 bbbb
0 1864278 bbbb
0 1866471 bbbb
0 1868679 bbbb
0 1871127 bbbb
0 1873303 bbbb
0 1875485 bbbb
0 1877712 bbbb
0 1880159 bbbb
0 1882342 bbbb
0 1884565 bbbb
0 1886722 bbbb
0 1889170 bbbb
0 1891392 bbbb
0 1893560 bbbb
0 1895762 bbbb
0 1898244 bbbb
0 1900439 bbbb
0 1902614 bbbb
0 1904859 bbbb
0 1907317 bbbb
0 1909502 bbbb
0 1911736 bbbb
0 1913918 bbbb
0 1916367 bbbb
0 1918590 bbbb
0 1920791 bbbb
0 1922995 bbbb
0 1925489 bbbb
0 1927665 bbbb
0 1929840 bbbb
0 1932063 bbbb
0 1934487 bbbb
0 1936674 bbbb
0 1938886 bbbb
0 1941049 bbbb
0 1943525 bbbb
0 1945744 bbbb
0 1947917 bbbb
0 1950093 bbbb
0 1952583 bbbb
0 1954737 bbbb
0 1956914 bbbb
0 1959132 bbbb
0 1961570 bbbb
0 1963754 bbbb
0 1965975 bbbb
0 1968126 bbbb
0 1970594 bbbb
0 1972812 bbbb
0 1974985 bbbb
0 1977172 bbbb
0 1979602 bbbb
0 1981762 bbbb
0 1983939 bbbb
0 1986148 bbbb
0 1988597 bbbb
0 1990766 bbbb
0 1993002 bbbb
0 1995174 bbbb
0 1997579 bbbb
0 1999800 bbbb
0 2001971 bbbb
0 2004179 bbbb
0 2006673 bbbb
0 2008825 bbbb
0 2010987 bbbb
0 2013194 bbbb
0 2015651 bbbb
0 2017823 bbbb
0 2020033 bbbb
0 2022177 bbbb
0 2024640 bbbb
0 2026896 bbbb
0 2029120 bbbb
0 2031291 bbbb
0 2033810 bbbb
0 2035985 bbbb
0 2038156 bbbb
0 2040381 bbbb
0 2042852 bbbb
0 2045016 bbbb
0 2047210 bbbb
0 2049387 bbbb
0 2051794 bbbb
0 2054013 bbbb
0 2056194 bbbb
0 2058386 bbbb
0 2060827 bbbb
0 2062998 bbbb
0 2065179 bbbb
0 2067392 bbbb
0 2069769 bbbb
0 2071941 bbbb
0 2074161 bbbb
0 2076334 bbbb
0 2078749 bbbb
0 2080970 bbbb
0 2083149 bbbb
0 2085319 bbbb
0 2087757 bbbb
0 2089928 bbbb
0 2092103 bbbb
0 2094324 bbbb
0 2096735 bbbb
0 2098904 bbbb
0 2101113 bbbb
0 2103258 bbbb
0 2105676 bbbb
0 2107901 bbbb
0 2110088 bbbb
0 2112267 bbbb
0 2114740 bbbb
0 2116935 bbbb
0 2119105 bbbb
0 2121329 bbbb
0 2123729 bbbb
0 2125908 bbbb
0 2128137 bbbb
0 2130318 bbbb
0 2132771 bbbb
0 2134985 bbbb
0 2137150 bbbb
0 2139290 bbbb
0 2141748 bbbb
0 2143914 bbbb
0 2146082 bbbb
0 2148271 bbbb
0 2150675 bbbb
0 2152846 bbbb
0 2155069 bbbb
0 2157245 bbbb
0 2159652 bbbb
0 2161877 bbbb
0 2164059 bbbb
0 2166235 bbbb
0 2168704 bbbb
0 2170886 bbbb
0 2173071 bbbb
0 2175294 bbbb
0 2177694 bbbb
0 2179874 bbbb
0 2182094 bbbb
0 2184246 bbbb
0 2186649 bbbb
0 2188871 bbbb
0 2191044 bbbb
0 2193237 bbbb
0 2195669 bbbb
0 2197846 bbbb
0 2200024 bbbb
0 2202244 bbbb
0 2204633 bbbb
0 2206781 bbbb
0 2209001 bbbb
0 2211173 bbbb
0 2213587 bbbb
0 2215816 bbbb
0 2217976 bbbb
0 2220145 bbbb
0 2222600 bbbb
0 2224814 bbbb
0 2226987 bbbb
0 2229208 bbbb
0 2231616 bbbb
0 2233783 bbbb
0 2236004 bbbb
0 2238174 bbbb
0 2240607 bbbb
0 2242835 bbbb
0 2245015 bbbb
0 2247175 bbbb
0 2249630 bbbb
0 2251815 bbbb
0 2253993 bbbb
0 2256219 bbbb
0 2258630 bbbb
0 2260809 bbbb
0 2263019 bbbb
0 2265183 bbbb
0 2267606 bbbb
0 2269815 bbbb
0 2271979 bbbb
0 2274148 bbbb
0 2276602 bbbb
0 2278773 bbbb
0 2280921 bbbb
0 2283141 bbbb
0 2285499 bbbb
0 2287691 bbbb
0 2289917 bbbb
0 2292092 bbbb
0 2294679 bbbb
0 2296897 bbbb
0 2299088 bbbb
0 2301297 bbbb
0 2303784 bbbb
0 2305935 bbbb
0 2308149 bbbb
0 2310379 bbbb
0 2312751 bbbb
0 2314949 bbbb
0 2317163 bbbb
0 2319327 bbbb
0 2321790 bbbb
0 2323994 bbbb
0 2326150 bbbb
0 2328344 bbbb
0 2330834 bbbb
0 2332971 bbbb
0 2335174 bbbb
0 2337397 bbbb
0 2339781 bbbb
0 2341980 bbbb
0 2344208 bbbb
0 2346341 bbbb
0 2348774 bbbb
0 2350991 bbbb
0 2353140 bbbb
0 2355374 bbbb
0 2357845 bbbb
0 2359987 bbbb
0 2362179 bbbb
0 2364388 bbbb
0 2366813 bbbb
0 2368980 bbbb
0 2371188 bbbb
0 2373325 bbbb
0 2375785 bbbb
0 2378006 bbbb
0 2380139 bbbb
0 2382336 bbbb
0 2384829 bbbb
0 2386981 bbbb
0 2389184 bbbb
0 2391400 bbbb
0 2393812 bbbb
0 2396021 bbbb
0 2398200 bbbb
0 2400375 bbbb
0 2402821 bbbb
0 2404996 bbbb
0 2407206 bbbb
0 2409315 bbbb
0 2411774 bbbb
0 2413987 bbbb
0 2416138 bbbb
0 2418357 bbbb
0 2420821 bbbb
0 2422994 bbbb
0 2425196 bbbb
0 2427413 bbbb
0 2429793 bbbb
0 2431997 bbbb
0 2434212 bbbb
0 2436309 bbbb
0 2438733 bbbb
0 2440952 bbbb
0 2443104 bbbb
0 2445309 bbbb
0 2447766 bbbb
0 2449922 bbbb
0 2452122 bbbb
0 2454335 bbbb
0 2456784 bbbb
0 2458955 bbbb
0 2461103 bbbb
0 2463291 bbbb
0 2465753 bbbb
0 2467902 bbbb
0 2470110 bbbb
0 2472339 bbbb
0 2474802 bbbb
0 2477021 bbbb
0 2479169 bbbb
0 2481370 bbbb
0 2483811 bbbb
0 2485973 bbbb
0 2488174 bbbb
0 2490387 bbbb
0 2492775 bbbb
0 2494976 bbbb
0 2497212 bbbb
0 2499377 bbbb
0 2501803 bbbb
0 2504025 bbbb
0 2506159 bbbb
0 2508339 bbbb
0 2510829 bbbb
0 2512977 bbbb
0 2515139 bbbb
0 2517348 bbbb
0 2519726 bbbb
0 2521927 bbbb
0 2524149 bbbb
0 2526315 bbbb
0 2528767 bbbb
0 2530969 bbbb
0 2533137 bbbb
0 2535347 bbbb
0 2537785 bbbb
0 2539941 bbbb
0 2542150 bbbb
0 2544373 bbbb
0 2546733 bbbb
0 2548935 bbbb
0 2551140 bbbb
0 2553281 bbbb
0 2555695 bbbb
0 2557927 bbbb
0 2560075 bbbb
0 2562287 bbbb
0 2564765 bbbb
0 2566913 bbbb
0 2569118 bbbb
0 2571356 bbbb
0 2573739 bbbb
0 2575974 bbbb
0 2578176 bbbb
0 2580378 bbbb
0 2582864 bbbb
0 2585033 bbbb
0 2587205 bbbb
0 2589423 bbbb
0 2591804 bbbb
0 2594014 bbbb
0 2596222 bbbb
0 2598374 bbbb
0 2600820 bbbb
0 2603035 bbbb
0 2605188 bbbb
0 2607429 bbbb
0 2609907 bbbb
0 2612052 bbbb
0 2614266 bbbb
0 2616500 bbbb
0 2618867 bbbb
0 2621075 bbbb
0 2623289 bbbb
0 2625435 bbbb
0 2627885 bbbb
0 2630108 bbbb
0 2632256 bbbb
0 2634446 bbbb
0 2636883 bbbb
0 2639033 bbbb
0 2641226 bbbb
0 2643417 bbbb
0 2645816 bbbb
0 2648035 bbbb
0 2650232 bbbb
0 2652374 bbbb
0 2654834 bbbb
0 2657052 bbbb
0 2659219 bbbb
0 2661418 bbbb
0 2663863 bbbb
0 2666017 bbbb
0 2668221 bbbb
0 2670444 bbbb
0 2672830 bbbb
0 2675034 bbbb
0 2677253 bbbb
0 2679409 bbbb
0 2681875 bbbb
0 2684102 bbbb
0 2686256 bbbb
0 2688449 bbbb
0 2690903 bbbb
0 2693049 bbbb
0 2695302 bbbb
0 2697518 bbbb
0 2699908 bbbb
0 2702082 bbbb
0 2704317 bbbb
0 2706469 bbbb
0 2708904 bbbb
0 2711135 bbbb
0 2713283 bbbb
0 2715499 bbbb
0 2717953 bbbb
0 2720161 bbbb
0 2722374 bbbb
0 2724522 bbbb
0 2726963 bbbb
0 2729180 bbbb
0 2731345 bbbb
0 2733528 bbbb
0 2735991 bbbb
0 2738216 bbbb
0 2740464 bbbb
0 2742651 bbbb
0 2745102 bbbb
0 2747291 bbbb
0 2749509 bbbb
0 2751724 bbbb
0 2754117 bbbb
0 2756340 bbbb
0 2758524 bbbb
0 2760699 bbbb
0 2763146 bbbb
0 2765339 bbbb
0 2767544 bbbb
0 2769716 bbbb
0 2772129 bbbb
0 2774370 bbbb
0 2776547 bbbb
0 2778722 bbbb
0 2781179 bbbb
0 2783349 bbbb
0 2785520 bbbb
0 2787757 bbbb
0 2790170 bbbb
0 2792352 bbbb
0 2794572 bbbb
0 2796749 bbbb
0 2799149 bbbb
0 2801358 bbbb
0 2803483 bbbb
0 2805750 bbbb
0 2808152 bbbb
0 2810338 bbbb
0 2812545 bbbb
0 2814738 bbbb
0 2817150 bbbb
0 2819357 bbbb
0 2821554 bbbb
0 2823728 bbbb
0 2826173 bbbb
0 2828331 bbbb
0 2830502 bbbb
0 2832714 bbbb
0 2835142 bbbb
0 2837293 bbbb
0 2839517 bbbb
0 2841657 bbbb
0 2844037 bbbb
0 2846248 bbbb
0 2848418 bbbb
0 2850590 bbbb
0 2853043 bbbb
0 2855232 bbbb
0 2857398 bbbb
0 2859605 bbbb
0 2862042 bbbb
0 2864231 bbbb
0 2866458 bbbb
0 2868629 bbbb
0 2871189 bbbb
0 2873393 bbbb
0 2875599 bbbb
0 2877852 bbbb
0 2880255 bbbb
0 2882436 bbbb
0 2884633 bbbb
0 2886806 bbbb
0 2889210 bbbb
0 2891445 bbbb
0 2893616 bbbb
0 2895766 bbbb
0 2898209 bbbb
0 2900383 bbbb
0 2902552 bbbb
0 2904769 bbbb
0 2907181 bbbb
0 2909349 bbbb
0 2911554 bbbb
0 2913730 bbbb
0 2916144 bbbb
0 2918358 bbbb
0 2920550 bbbb
0 2922705 bbbb
0 2925144 bbbb
0 2927320 bbbb
0 2929476 bbbb
0 2931695 bbbb
0 2934122 bbbb
0 2936262 bbbb
0 2938481 bbbb
0 2940650 bbbb
0 2943071 bbbb
0 2945284 bbbb
0 2947456 bbbb
0 2949634 bbbb
0 2952070 bbbb
0 2954232 bbbb
0 2956410 bbbb
0 2958643 bbbb
0 2961070 bbbb
0 2963250 bbbb
0 2965465 bbbb
0 2967629 bbbb
0 2970036 bbbb
0 2972270 bbbb
0 2974442 bbbb
0 2976620 bbbb
0 2979102 bbbb
0 2981271 bbbb
0 2983458 bbbb
0 2985680 bbbb
0 2988077 bbbb
0 2990262 bbbb
0 2992499 bbbb
0 2994643 bbbb
0 2997081 bbbb
0 2999283 bbbb
0 3001452 bbbb
0 3003617 bbbb
0 3006062 bbbb
0 3008242 bbbb
0 3010433 bbbb
0 3012624 bbbb
0 3015030 bbbb
0 3017196 bbbb
0 3019412 bbbb
0 3021584 bbbb
0 3023984 bbbb
0 3026205 bbbb
0 3028379 bbbb
0 3030558 bbbb
0 3033009 bbbb
0 3035175 bbbb
0 3037354 bbbb
0 3039570 bbbb
0 3041962 bbbb
0 3044144 bbbb
0 3046345 bbbb
0 3048514 bbbb
0 3050908 bbbb
0 3053127 bbbb
0 3055296 bbbb
0 3057489 bbbb
0 3059919 bbbb
0 3062134 bbbb
0 3064322 bbbb
0 3066555 bbbb
0 3068969 bbbb
0 3071153 bbbb
0 3073402 bbbb
0 3075573 bbbb
0 3077963 bbbb
0 3080194 bbbb
0 3082384 bbbb
0 3084557 bbbb
0 3087027 bbbb
0 3089237 bbbb
0 3091417 bbbb
0 3093631 bbbb
0 3096054 bbbb
0 3098241 bbbb
0 3100471 bbbb
0 3102636 bbbb
0 3105053 bbbb
0 3107266 bbbb
0 3109446 bbbb
0 3111642 bbbb
0 3114087 bbbb
0 3116268 bbbb
0 3118438 bbbb
0 3120656 bbbb
0 3123046 bbbb
0 3125190 bbbb
0 3127404 bbbb
0 3129552 bbbb
0 3131954 bbbb
0 3134122 bbbb
0 3136291 bbbb
0 3138463 bbbb
0 3140910 bbbb
0 3143082 bbbb
0 3145266 bbbb
0 3147497 bbbb
0 3149908 bbbb
0 3152088 bbbb
0 3154291 bbbb
0 3156463 bbbb
0 3158876 bbbb
0 3161084 bbbb
0 3163273 bbbb
0 3165432 bbbb
0 3167882 bbbb
0 3170054 bbbb
0 3172237 bbbb
0 3174452 bbbb
0 3176852 bbbb
0 3179027 bbbb
0 3181241 bbbb
0 3183417 bbbb
0 3185828 bbbb
0 3188041 bbbb
0 3190230 bbbb
0 3192408 bbbb
0 3194852 bbbb
0 3197031 bbbb
0 3199212 bbbb
0 3201431 bbbb
0 3203847 bbbb
0 3205994 bbbb
0 3208226 bbbb
0 3210377 bbbb
0 3212796 bbbb
0 3215036 bbbb
0 3217203 bbbb
0 3219382 bbbb
0 3221826 bbbb
0 3224004 bbbb
0 3226183 bbbb
0 3228402 bbbb
0 3230859 bbbb
0 3233037 bbbb
0 3235253 bbbb
0 3237380 bbbb
0 3239775 bbbb
0 3241978 bbbb
0 3244136 bbbb
0 3246308 bbbb
0 3248749 bbbb
0 3250918 bbbb
0 3253068 bbbb
0 3255266 bbbb
0 3257708 bbbb
0 3259881 bbbb
0 3262110 bbbb
0 3264281 bbbb
0 3266694 bbbb
0 3268890 bbbb
0 3271023 bbbb
0 3273183 bbbb
0 3275596 bbbb
0 3277799 bbbb
0 3279984 bbbb
0 3282215 bbbb
0 3284630 bbbb
0 3286809 bbbb
0 3289035 bbbb
0 3291176 bbbb
0 3293579 bbbb
0 3295800 bbbb
0 3297945 bbbb
0 3300127 bbbb
0 3302577 bbbb
0 3304755 bbbb
0 3306935 bbbb
0 3309165 bbbb
0 3311568 bbbb
0 3313752 bbbb
0 3315969 bbbb
0 3318154 bbbb
0 3320574 bbbb
0 3322790 bbbb
0 3324968 bbbb
0 3327146 bbbb
0 3329615 bbbb
0 3331792 bbbb
0 3333972 bbbb
0 3336201 bbbb
0 3338643 bbbb
0 3340828 bbbb
0 3343041 bbbb
0 3345210 bbbb
0 3347651 bbbb
0 3349815 bbbb
0 3351978 bbbb
0 3354132 bbbb
0 3356602 bbbb
0 3358806 bbbb
0 3360990 bbbb
0 3363212 bbbb
0 3365610 bbbb
0 3367782 bbbb
0 3370022 bbbb
0 3372176 bbbb
0 3374558 bbbb
0 3376751 bbbb
0 3378911 bbbb
0 3381080 bbbb
0 3383522 bbbb
0 3385658 bbbb
0 3387812 bbbb
0 3390031 bbbb
0 3392471 bbbb
0 3394654 bbbb
0 3396885 bbbb
0 3399046 bbbb
0 3401451 bbbb
0 3403666 bbbb
0 3405824 bbbb
0 3407981 bbbb
0 3410432 bbbb
0 3412611 bbbb
0 3414789 bbbb
0 3416988 bbbb
0 3419382 bbbb
0 3421567 bbbb
0 3423767 bbbb
0 3425938 bbbb
0 3428343 bbbb
0 3430575 bbbb
0 3432755 bbbb
0 3434943 bbbb
0 3437363 bbbb
0 3439541 bbbb
0 3441699 bbbb
0 3443913 bbbb
0 3446469 bbbb
0 3448681 bbbb
0 3450833 bbbb
0 3453048 bbbb
0 3455517 bbbb
0 3457691 bbbb
0 3459917 bbbb
0 3462119 bbbb
0 3464568 bbbb
0 3466722 bbbb
0 3468897 bbbb
0 3471134 bbbb
0 3473552 bbbb
0 3475775 bbbb
0 3477986 bbbb
0 3480172 bbbb
0 3482618 bbbb
0 3484862 bbbb
0 3487004 bbbb
0 3489210 bbbb
0 3491652 bbbb
0 3493780 bbbb
0 3495987 bbbb
0 3498204 bbbb
0 3500613 bbbb
0 3502812 bbbb
0 3505035 bbbb
0 3507183 bbbb
0 3509636 bbbb
0 3511852 bbbb
0 3513998 bbbb
0 3516201 bbbb
0 3518712 bbbb
0 3520880 bbbb
0 3523051 bbbb
0 3525287 bbbb
0 3527641 bbbb
0 3529846 bbbb
0 3532113 bbbb
0 3534242 bbbb
0 3536681 bbbb
0 3538884 bbbb
0 3541014 bbbb
0 3543225 bbbb
0 3545663 bbbb
0 3547809 bbbb
0 3550037 bbbb
0 3552290 bbbb
0 3554681 bbbb
0 3556899 bbbb
0 3559113 bbbb
0 3561273 bbbb
0 3563694 bbbb
0 3565917 bbbb
0 3568073 bbbb
0 3570224 bbbb
0 3572589 bbbb
0 3574702 bbbb
0 3576821 bbbb
0 3578937 bbbb
0 3581304 bbbb
0 3583425 bbbb
0 3585555 bbbb
0 3587676 bbbb
0 3590026 bbbb
0 3592179 bbbb
0 3594354 bbbb
0 3596569 bbbb
0 3598953 bbbb
0 3601154 bbbb
0 3603367 bbbb
0 3605518 bbbb
0 3607970 bbbb
0 3610187 bbbb
0 3612356 bbbb
0 3614586 bbbb
0 3617038 bbbb
0 3619185 bbbb
0 3621402 bbbb
0 3623637 bbbb
0 3626024 bbbb
0 3628215 bbbb
0 3630435 bbbb
0 3632545 bbbb
0 3635001 bbbb
0 3637223 bbbb
0 3639355 bbbb
0 3641541 bbbb
0 3644003 bbbb
0 3646132 bbbb
0 3648320 bbbb
0 3650552 bbbb
0 3652940 bbbb
0 3655169 bbbb
0 3657368 bbbb
0 3659551 bbbb
0 3661990 bbbb
0 3664209 bbbb
0 3666430 bbbb
0 3668645 bbbb
0 3671028 bbbb
0 3673244 bbbb
0 3675468 bbbb
0 3677625 bbbb
0 3680064 bbbb
0 3682298 bbbb
0 3684447 bbbb
0 3686651 bbbb
0 3689091 bbbb
0 3691253 bbbb
0 3693474 bbbb
0 3695691 bbbb
0 3698087 bbbb
0 3700283 bbbb
0 3702479 bbbb
0 3704607 bbbb
0 3707020 bbbb
0 3709248 bbbb
0 3711403 bbbb
0 3713615 bbbb
0 3716064 bbbb
0 3718195 bbbb
0 3720394 bbbb
0 3722582 bbbb
0 3724964 bbbb
0 3727179 bbbb
0 3729393 bbbb
0 3731544 bbbb
0 3733955 bbbb
0 3736149 bbbb
0 3738297 bbbb
0 3740500 bbbb
0 3742957 bbbb
0 3745064 bbbb
0 3747254 bbbb
0 3749466 bbbb
0 3751856 bbbb
0 3754044 bbbb
0 3756263 bbbb
0 3758409 bbbb
0 3760839 bbbb
0 3763059 bbbb
0 3765233 bbbb
0 3767443 bbbb
0 3769894 bbbb
0 3772047 bbbb
0 3774250 bbbb
0 3776470 bbbb
0 3778857 bbbb
0 3781060 bbbb
0 3783269 bbbb
0 3785418 bbbb
0 3787860 bbbb
0 3790064 bbbb
0 3792213 bbbb
0 3794414 bbbb
0 3796877 bbbb
0 3799061 bbbb
0 3801254 bbbb
0 3803439 bbbb
0 3805829 bbbb
0 3808029 bbbb
0 3810247 bbbb
0 3812398 bbbb
0 3814833 bbbb
0 3817053 bbbb
0 3819201 bbbb
0 3821406 bbbb
0 3823854 bbbb
0 3825991 bbbb
0 3828196 bbbb
0 3830400 bbbb
0 3832765 bbbb
0 3834975 bbbb
0 3837191 bbbb
0 3839346 bbbb
0 3841786 bbbb
0 3843984 bbbb
0 3846144 bbbb
0 3848346 bbbb
0 3850772 bbbb
0 3852918 bbbb
0 3855143 bbbb
0 3857405 bbbb
0 3859803 bbbb
0 3862009 bbbb
0 3864258 bbbb
0 3866411 bbbb
0 3868839 bbbb
0 3871055 bbbb
0 3873203 bbbb
0 3875428 bbbb
0 3877868 bbbb
0 3880007 bbbb
0 3882218 bbbb
0 3884434 bbbb
0 3886824 bbbb
0 3889036 bbbb
0 3891254 bbbb
0 3893417 bbbb
0 3895826 bbbb
0 3898031 bbbb
0 3900153 bbbb
0 3902347 bbbb
0 3904794 bbbb
0 3906945 bbbb
0 3909147 bbbb
0 3911346 bbbb
0 3913698 bbbb
0 3915906 bbbb
0 3918122 bbbb
0 3920272 bbbb
0 3922698 bbbb
0 3924933 bbbb
0 3927096 bbbb
0 3929301 bbbb
0 3931754 bbbb
0 3933884 bbbb
0 3936060 bbbb
0 3938258 bbbb
0 3940640 bbbb
0 3942833 bbbb
0 3945041 bbbb
0 3947202 bbbb
0 3949641 bbbb
0 3951865 bbbb
0 3953994 bbbb
0 3956198 bbbb
0 3958651 bbbb
0 3960799 bbbb
0 3963033 bbbb
0 3965247 bbbb
0 3967633 bbbb
0 3969839 bbbb
0 3972058 bbbb
0 3974204 bbbb
0 3976637 bbbb
0 3978858 bbbb
0 3980993 bbbb
0 3983168 bbbb
0 3985617 bbbb
0 3987777 bbbb
0 3989980 bbbb
0 3992201 bbbb
0 3994639 bbbb
0 3996839 bbbb
0 3998981 bbbb
0 4001195 bbbb
0 4003643 bbbb
0 4005793 bbbb
0 4008000 bbbb
0 4010219 bbbb
0 4012603 bbbb
0 4014804 bbbb
0 4017018 bbbb
0 4019166 bbbb
0 4021700 bbbb
0 4023892 bbbb
0 4026050 bbbb
0 4028217 bbbb
0 4030666 bbbb
0 4032847 bbbb
0 4035034 bbbb
0 4037256 bbbb
0 4039673 bbbb
0 4041852 bbbb
0 4044068 bbbb
0 4046239 bbbb
0 4048635 bbbb
0 4050835 bbbb
0 4052991 bbbb
0 4055164 bbbb
0 4057633 bbbb
0 4059825 bbbb
0 4062003 bbbb
0 4064219 bbbb
0 4066659 bbbb
0 4068837 bbbb
0 4071051 bbbb
0 4073221 bbbb
0 4075640 bbbb
0 4077837 bbbb
0 4080000 bbbb
0 4082183 bbbb
0 4084628 bbbb
0 4086766 bbbb
0 4088944 bbbb
0 4091153 bbbb
0 4093623 bbbb
0 4095797 bbbb
0 4098027 bbbb
0 4100199 bbbb
0 4102587 bbbb
0 4104863 bbbb
0 4107000 bbbb
0 4109174 bbbb
0 4111641 bbbb
0 4113861 bbbb
0 4116015 bbbb
0 4118245 bbbb
0 4120657 bbbb
0 4122836 bbbb
0 4125023 bbbb
0 4127211 bbbb
0 4129624 bbbb
0 4131848 bbbb
0 4134020 bbbb
0 4136167 bbbb
0 4138626 bbbb
0 4140800 bbbb
0 4142954 bbbb
0 4145167 bbbb
0 4147569 bbbb
0 4149762 bbbb
0 4151981 bbbb
0 4154151 bbbb
0 4156559 bbbb
0 4158790 bbbb
0 4160995 bbbb
0 4163174 bbbb
0 4165622 bbbb
0 4167830 bbbb
0 4170012 bbbb
0 4172199 bbbb
0 4174608 bbbb
0 4176792 bbbb
0 4179024 bbbb
0 4181211 bbbb
0 4183604 bbbb
0 4185821 bbbb
0 4188006 bbbb
0 4190171 bbbb
0 4192667 bbbb
0 4194839 bbbb
0 4197038 bbbb
0 4199264 bbbb
0 4201683 bbbb
0 4203861 bbbb
0 4206077 bbbb
0 4208261 bbbb
0 4210704 bbbb
0 4212925 bbbb
0 4215117 bbbb
0 4217315 bbbb
0 4219791 bbbb
0 4221965 bbbb
0 4224150 bbbb
0 4226369 bbbb
0 4228796 bbbb
0 4230980 bbbb
0 4233194 bbbb
0 4235354 bbbb
0 4237768 bbbb
0 4239983 bbbb
0 4242155 bbbb
0 4244336 bbbb
0 4246779 bbbb
0 4248992 bbbb
0 4251171 bbbb
0 4253393 bbbb
0 4255803 bbbb
0 4257982 bbbb
0 4260195 bbbb
0 4262369 bbbb
0 4264775 bbbb
0 4266995 bbbb
0 4269202 bbbb
0 4271382 bbbb
0 4273828 bbbb
0 4275986 bbbb
0 4278143 bbbb
0 4280357 bbbb
0 4282759 bbbb
0 4284916 bbbb
0 4287129 bbbb
0 4289293 bbbb
0 4291705 bbbb
0 4293961 bbbb
0 4296111 bbbb
0 4298292 bbbb
0 4300731 bbbb
0 4302906 bbbb
0 4305078 bbbb
0 4307306 bbbb
0 4309749 bbbb
0 4311916 bbbb
0 4314147 bbbb
0 4316318 bbbb
0 4318737 bbbb
0 4320972 bbbb
0 4323173 bbbb
0 4325342 bbbb
0 4327806 bbbb
0 4329987 bbbb
0 4332159 bbbb
0 4334379 bbbb
0 4336786 bbbb
0 4338945 bbbb
0 4341159 bbbb
0 4343320 bbbb
0 4345757 bbbb
0 4347954 bbbb
0 4350105 bbbb
0 4352274 bbbb
0 4354729 bbbb
0 4356902 bbbb
0 4359085 bbbb
0 4361337 bbbb
0 4363781 bbbb
0 4365959 bbbb
0 4368162 bbbb
0 4370331 bbbb
0 4372754 bbbb
0 4374973 bbbb
0 4377148 bbbb
0 4379339 bbbb
0 4381819 bbbb
0 4384020 bbbb
0 4386194 bbbb
0 4388391 bbbb
0 4390826 bbbb
0 4393011 bbbb
0 4395212 bbbb
0 4397424 bbbb
0 4399867 bbbb
0 4402083 bbbb
0 4404273 bbbb
0 4406443 bbbb
0 4408883 bbbb
0 4411052 bbbb
0 4413229 bbbb
0 4415443 bbbb
0 4417842 bbbb
0 4420019 bbbb
0 4422234 bbbb
0 4424407 bbbb
0 4426831 bbbb
0 4429061 bbbb
0 4431198 bbbb
0 4433384 bbbb
0 4435815 bbbb
0 4438018 bbbb
0 4440202 bbbb
0 4442401 bbbb
0 4444844 bbbb
0 4447005 bbbb
0 4449159 bbbb
0 4451352 bbbb
0 4453772 bbbb
0 4455999 bbbb
0 4458158 bbbb
0 4460338 bbbb
0 4462784 bbbb
0 4464932 bbbb
0 4467115 bbbb
0 4469348 bbbb
0 4471767 bbbb
0 4473944 bbbb
0 4476130 bbbb
0 4478286 bbbb
0 4480701 bbbb
0 4482918 bbbb
0 4485095 bbbb
0 4487274 bbbb
0 4489667 bbbb
0 4491836 bbbb
0 4494032 bbbb
0 4496246 bbbb
0 4498668 bbbb
0 4500847 bbbb
0 4503056 bbbb
0 4505227 bbbb
0 4507648 bbbb
0 4509864 bbbb
0 4512029 bbbb
0 4514193 bbbb
0 4516676 bbbb
0 4518839 bbbb
0 4520995 bbbb
0 4523194 bbbb
0 4525611 bbbb
0 4527777 bbbb
0 4529990 bbbb
0 4532163 bbbb
0 4534593 bbbb
0 4536806 bbbb
0 4538975 bbbb
0 4541175 bbbb
0 4543631 bbbb
0 4545772 bbbb
0 4547950 bbbb
0 4550164 bbbb
0 4552567 bbbb
0 4554758 bbbb
0 4556979 bbbb
0 4559149 bbbb
0 4561553 bbbb
0 4563802 bbbb
0 4565962 bbbb
0 4568145 bbbb
0 4570676 bbbb
0 4572822 bbbb
0 4575006 bbbb
0 4577181 bbbb
0 4579596 bbbb
0 4581744 bbbb
0 4583940 bbbb
0 4586140 bbbb
0 4588547 bbbb
0 4590738 bbbb
0 4592967 bbbb
0 4595131 bbbb
0 4597635 bbbb
0 4599891 bbbb
0 4602115 bbbb
0 4604356 bbbb
0 4606842 bbbb
0 4609045 bbbb
0 4611203 bbbb
0 4613405 bbbb
0 4615890 bbbb
0 4618107 bbbb
0 4620311 bbbb
0 4622553 bbbb
0 4624963 bbbb
0 4627122 bbbb
0 4629331 bbbb
0 4631508 bbbb
0 4633950 bbbb
0 4636143 bbbb
0 4638321 bbbb
0 4640506 bbbb
0 4643006 bbbb
0 4645178 bbbb
0 4647367 bbbb
0 4649591 bbbb
0 4652036 bbbb
0 4654209 bbbb
0 4656416 bbbb
0 4658600 bbbb
0 4661019 bbbb
0 4663243 bbbb
0 4665404 bbbb
0 4667573 bbbb
0 4670043 bbbb
0 4672207 bbbb
0 4674376 bbbb
0 4676613 bbbb
0 4679044 bbbb
0 4681188 bbbb
0 4683413 bbbb
0 4685616 bbbb
0 4688055 bbbb
0 4690283 bbbb
0 4692458 bbbb
0 4694630 bbbb
0 4697065 bbbb
0 4699252 bbbb
0 4701421 bbbb
0 4703607 bbbb
0 4706051 bbbb
0 4708213 bbbb
0 4710447 bbbb
0 4712612 bbbb
0 4715052 bbbb
0 4717254 bbbb
0 4719431 bbbb
0 4721596 bbbb
0 4724109 bbbb
0 4726296 bbbb
0 4728486 bbbb
0 4730706 bbbb
0 4733118 bbbb
0 4735293 bbbb
0 4737511 bbbb
0 4739687 bbbb
0 4742155 bbbb
0 4744391 bbbb
0 4746562 bbbb
0 4748774 bbbb
0 4751261 bbbb
0 4753405 bbbb
0 4755590 bbbb
0 4757820 bbbb
0 4760229 bbbb
0 4762400 bbbb
0 4764620 bbbb
0 4766775 bbbb
0 4769207 bbbb
0 4771432 bbbb
0 4773612 bbbb
0 4775786 bbbb
0 4778245 bbbb
0 4780409 bbbb
0 4782566 bbbb
0 4784788 bbbb
0 4787211 bbbb
0 4789405 bbbb
0 4791652 bbbb
0 4793828 bbbb
0 4796291 bbbb
0 4798512 bbbb
0 4800688 bbbb
0 4802868 bbbb
0 4805326 bbbb
0 4807503 bbbb
0 4809677 bbbb
0 4811900 bbbb
0 4814294 bbbb
0 4816459 bbbb
0 4818655 bbbb
0 4820832 bbbb
0 4823244 bbbb
0 4825465 bbbb
0 4827642 bbbb
0 4829832 bbbb
0 4832341 bbbb
0 4834505 bbbb
0 4836674 bbbb
0 4838886 bbbb
0 4841295 bbbb
0 4843482 bbbb
0 4845683 bbbb
0 4847856 bbbb
0 4850238 bbbb
0 4852454 bbbb
0 4854637 bbbb
0 4856813 bbbb
0 4859238 bbbb
0 4861416 bbbb
0 4863602 bbbb
0 4865807 bbbb
0 4868244 bbbb
0 4870412 bbbb
0 4872627 bbbb
0 4874834 bbbb
0 4877303 bbbb
0 4879509 bbbb
0 4881727 bbbb
0 4883895 bbbb
0 4886364 bbbb
0 4888513 bbbb
0 4890688 bbbb
0 4892910 bbbb
0 4895351 bbbb
0 4897518 bbbb
0 4899753 bbbb
0 4901931 bbbb
0 4904389 bbbb
0 4906627 bbbb
0 4908792 bbbb
0 4910981 bbbb
0 4913426 bbbb
0 4915607 bbbb
0 4917792 bbbb
0 4920017 bbbb
0 4922463 bbbb
0 4924621 bbbb
0 4926859 bbbb
0 4929046 bbbb
0 4931492 bbbb
0 4933712 bbbb
0 4935872 bbbb
0 4938055 bbbb
0 4940566 bbbb
0 4942738 bbbb
0 4944909 bbbb
0 4947129 bbbb
0 4949569 bbbb
0 4951748 bbbb
0 4953971 bbbb
0 4956143 bbbb
0 4958579 bbbb
0 4960823 bbbb
0 4963004 bbbb
0 4965179 bbbb
0 4967656 bbbb
0 4969827 bbbb
0 4972030 bbbb
0 4974251 bbbb
0 4976632 bbbb
0 4978801 bbbb
0 4981043 bbbb
0 4983230 bbbb
0 4985694 bbbb
0 4987914 bbbb
0 4990087 bbbb
0 4992247 bbbb
0 4994739 bbbb
0 4996916 bbbb
0 4999119 bbbb
0 5001345 bbbb
0 5003786 bbbb
0 5005967 bbbb
0 5008173 bbbb
0 5010361 bbbb
0 5012819 bbbb
0 5015041 bbbb
0 5017212 bbbb
0 5019345 bbbb
0 5021838 bbbb
0 5024052 bbbb
0 5026214 bbbb
0 5028435 bbbb
0 5030868 bbbb
0 5033060 bbbb
0 5035253 bbbb
0 5037409 bbbb
0 5039844 bbbb
0 5042054 bbbb
0 5044229 bbbb
0 5046397 bbbb
0 5048867 bbbb
0 5051058 bbbb
0 5053224 bbbb
0 5055445 bbbb
0 5057873 bbbb
0 5060059 bbbb
0 5062294 bbbb
0 5064470 bbbb
0 5066918 bbbb
0 5069132 bbbb
0 5071319 bbbb
0 5073523 bbbb
0 5075957 bbbb
0 5078136 bbbb
0 5080294 bbbb
0 5082530 bbbb
0 5084974 bbbb
0 5087163 bbbb
0 5089390 bbbb
0 5091561 bbbb
0 5093964 bbbb
0 5096192 bbbb
0 5098365 bbbb
0 5100550 bbbb
0 5103046 bbbb
0 5105222 bbbb
0 5107390 bbbb
0 5109590 bbbb
0 5112027 bbbb
0 5114179 bbbb
0 5116408 bbbb
0 5118587 bbbb
0 5121016 bbbb
0 5123203 bbbb
0 5125374 bbbb
0 5127544 bbbb
0 5130041 bbbb
0 5132172 bbbb
0 5134346 bbbb
0 5136560 bbbb
0 5138999 bbbb
0 5141162 bbbb
0 5143383 bbbb
0 5145555 bbbb
0 5147998 bbbb
0 5150221 bbbb
0 5152395 bbbb
0 5154587 bbbb
0 5157070 bbbb
0 5159247 bbbb
0 5161419 bbbb
0 5163640 bbbb
0 5166051 bbbb
0 5168222 bbbb
0 5170443 bbbb
0 5172596 bbbb
0 5175074 bbbb
0 5177279 bbbb
0 5179487 bbbb
0 5181659 bbbb
0 5184092 bbbb
0 5186262 bbbb
0 5188472 bbbb
0 5190612 bbbb
0 5193066 bbbb
0 5195259 bbbb
0 5197431 bbbb
0 5199577 bbbb
0 5202086 bbbb
0 5204277 bbbb
0 5206456 bbbb
0 5208656 bbbb
0 5211101 bbbb
0 5213274 bbbb
0 5215420 bbbb
0 5217624 bbbb
0 5220079 bbbb
0 5222255 bbbb
0 5224406 bbbb
0 5226606 bbbb
0 5229021 bbbb
0 5231194 bbbb
0 5233349 bbbb
0 5235552 bbbb
0 5237991 bbbb
0 5240163 bbbb
0 5242313 bbbb
0 5244507 bbbb
0 5246957 bbbb
0 5249129 bbbb
0 5251280 bbbb
0 5253473 bbbb
0 5255917 bbbb
0 5258070 bbbb
0 5260219 bbbb
0 5262446 bbbb
0 5264915 bbbb
0 5267093 bbbb
0 5269235 bbbb
0 5271428 bbbb
0 5273909 bbbb
0 5276058 bbbb
0 5278176 bbbb
0 5280365 bbbb
0 5282826 bbbb
0 5285005 bbbb
0 5287156 bbbb
0 5289370 bbbb
0 5291818 bbbb
0 5293978 bbbb
0 5296124 bbbb
0 5298333 bbbb
0 5300784 bbbb
0 5302971 bbbb
0 5305123 bbbb
0 5307345 bbbb
0 5309775 bbbb
0 5311954 bbbb
0 5314164 bbbb
0 5316360 bbbb
0 5318776 bbbb
0 5320979 bbbb
0 5323181 bbbb
0 5325342 bbbb
0 5327721 bbbb
0 5329922 bbbb
0 5332113 bbbb
0 5334291 bbbb
0 5336695 bbbb
0 5338896 bbbb
0 5341085 bbbb
0 5343257 bbbb
0 5345614 bbbb
0 5347837 bbbb
0 5350024 bbbb
0 5352184 bbbb
0 5354535 bbbb
0 5356754 bbbb
0 5358925 bbbb
0 5361089 bbbb
0 5363477 bbbb
0 5365706 bbbb
0 5367895 bbbb
0 5370053 bbbb
0 5372519 bbbb
0 5374692 bbbb
0 5376853 bbbb
0 5378978 bbbb
0 5381451 bbbb
0 5383617 bbbb
0 5385770 bbbb
0 5387903 bbbb
0 5390395 bbbb
0 5392566 bbbb
0 5394719 bbbb
0 5396850 bbbb
0 5399322 bbbb
0 5401460 bbbb
0 5403621 bbbb
0 5405751 bbbb
0 5408232 bbbb
0 5410367 bbbb
0 5412503 bbbb
0 5414625 bbbb
0 5417098 bbbb
0 5419304 bbbb
0 5421452 bbbb
0 5423598 bbbb
0 5426064 bbbb
0 5428278 bbbb
0 5430407 bbbb
0 5432556 bbbb
0 5435040 bbbb
0 5437233 bbbb
0 5439363 bbbb
0 5441513 bbbb
0 5443984 bbbb
0 5446162 bbbb
0 5448317 bbbb
0 5450472 bbbb
0 5452976 bbbb
0 5455162 bbbb
0 5457291 bbbb
0 5459462 bbbb
0 5461920 bbbb
0 5464043 bbbb
0 5466201 bbbb
0 5468329 bbbb
0 5470809 bbbb
0 5472980 bbbb
0 5475131 bbbb
0 5477243 bbbb
0 5479752 bbbb
0 5481947 bbbb
0 5484144 bbbb
0 5486322 bbbb
0 5488829 bbbb
0 5490998 bbbb
0 5493142 bbbb
0 5495274 bbbb
0 5497722 bbbb
0 5499888 bbbb
0 5502031 bbbb
0 5504130 bbbb
0 5506579 bbbb
0 5508782 bbbb
0 5510932 bbbb
0 5513067 bbbb
0 5515526 bbbb
0 5517709 bbbb
0 5519867 bbbb
0 5521991 bbbb
0 5524425 bbbb
0 5526597 bbbb
0 5528762 bbbb
0 5530980 bbbb
0 5533386 bbbb
0 5535537 bbbb
0 5537682 bbbb
0 5539903 bbbb
0 5542332 bbbb
0 5544488 bbbb
0 5546628 bbbb
0 5548856 bbbb
0 5551246 bbbb
0 5553402 bbbb
0 5555568 bbbb
0 5557799 bbbb
0 5560191 bbbb
0 5562345 bbbb
0 5564471 bbbb
0 5566698 bbbb
0 5569164 bbbb
0 5571314 bbbb
0 5573437 bbbb
0 5575655 bbbb
0 5578089 bbbb
0 5580243 bbbb
0 5582421 bbbb
0 5584645 bbbb
0 5587074 bbbb
0 5589228 bbbb
0 5591406 bbbb
0 5593624 bbbb
0 5596063 bbbb
0 5598222 bbbb
0 5600348 bbbb
0 5602518 bbbb
0 5604954 bbbb
0 5607105 bbbb
0 5609231 bbbb
0 5611438 bbbb
0 5613896 bbbb
0 5615999 bbbb
0 5618126 bbbb
0 5620346 bbbb
0 5622755 bbbb
0 5624942 bbbb
0 5627075 bbbb
0 5629283 bbbb
0 5631694 bbbb
0 5633816 bbbb
0 5635934 bbbb
0 5638151 bbbb
0 5640615 bbbb
0 5642775 bbbb
0 5644900 bbbb
0 5647131 bbbb
0 5649564 bbbb
0 5651705 bbbb
0 5653853 bbbb
0 5656075 bbbb
0 5658495 bbbb
0 5660656 bbbb
0 5662772 bbbb
0 5664997 bbbb
0 5667458 bbbb
0 5669588 bbbb
0 5671724 bbbb
0 5673921 bbbb
0 5676337 bbbb
0 5678516 bbbb
0 5680665 bbbb
0 5682868 bbbb
0 5685292 bbbb
0 5687460 bbbb
0 5689587 bbbb
0 5691779 bbbb
0 5694189 bbbb
0 5696316 bbbb
0 5698477 bbbb
0 5700663 bbbb
0 5703111 bbbb
0 5705240 bbbb
0 5707351 bbbb
0 5709587 bbbb
0 5711957 bbbb
0 5714092 bbbb
0 5716238 bbbb
0 5718464 bbbb
0 5720864 bbbb
0 5723022 bbbb
0 5725166 bbbb
0 5727386 bbbb
0 5729787 bbbb
0 5731963 bbbb
0 5734089 bbbb
0 5736274 bbbb
0 5738694 bbbb
0 5740837 bbbb
0 5742983 bbbb
0 5745188 bbbb
0 5747723 bbbb
0 5749908 bbbb
0 5752128 bbbb
0 5754312 bbbb
0 5756744 bbbb
0 5758965 bbbb
0 5761221 bbbb
0 5763371 bbbb
0 5765843 bbbb
0 5768037 bbbb
0 5770204 bbbb
0 5772394 bbbb
0 5774877 bbbb
0 5777036 bbbb
0 5779243 bbbb
0 5781470 bbbb
0 5783843 bbbb
0 5786045 bbbb
0 5788243 bbbb
0 5790368 bbbb
0 5792835 bbbb
0 5795048 bbbb
0 5797197 bbbb
0 5799390 bbbb
0 5801839 bbbb
0 5803988 bbbb
0 5806178 bbbb
0 5808382 bbbb
0 5810771 bbbb
0 5812973 bbbb
0 5815188 bbbb
0 5817337 bbbb
0 5819811 bbbb
0 5822033 bbbb
0 5824230 bbbb
0 5826449 bbbb
0 5828831 bbbb
0 5831030 bbbb
0 5833249 bbbb
0 5835395 bbbb
0 5837843 bbbb
0 5840061 bbbb
0 5842224 bbbb
0 5844421 bbbb
0 5846829 bbbb
0 5848939 bbbb
0 5851058 bbbb
0 5853177 bbbb
0 5855551 bbbb
0 5857658 bbbb
0 5859811 bbbb
0 5861935 bbbb
0 5864338 bbbb
0 5866446 bbbb
0 5868550 bbbb
0 5870665 bbbb
0 5873091 bbbb
0 5875264 bbbb
0 5877471 bbbb
0 5879598 bbbb
0 5882040 bbbb
0 5884238 bbbb
0 5886363 bbbb
0 5888583 bbbb
0 5891041 bbbb
0 5893236 bbbb
0 5895425 bbbb
0 5897553 bbbb
0 5900038 bbbb
0 5902262 bbbb
0 5904371 bbbb
0 5906591 bbbb
0 5909087 bbbb
0 5911298 bbbb
0 5913502 bbbb
0 5915652 bbbb
0 5918137 bbbb
0 5920293 bbbb
0 5922437 bbbb
0 5924654 bbbb
0 5927132 bbbb
0 5929264 bbbb
0 5931439 bbbb
0 5933637 bbbb
0 5936022 bbbb
0 5938243 bbbb
0 5940439 bbbb
0 5942564 bbbb
0 5945019 bbbb
0 5947197 bbbb
0 5949417 bbbb
0 5951612 bbbb
0 5953965 bbbb
0 5956157 bbbb
0 5958402 bbbb
0 5960528 bbbb
0 5963022 bbbb
0 5965242 bbbb
0 5967351 bbbb
0 5969512 bbbb
0 5971905 bbbb
0 5974050 bbbb
0 5976270 bbbb
0 5978475 bbbb
0 5980835 bbbb
0 5983054 bbbb
0 5985249 bbbb
0 5987395 bbbb
0 5989842 bbbb
0 5992038 bbbb
0 5994178 bbbb
0 5996401 bbbb
0 5998861 bbbb
0 6000986 bbbb
0 6003153 bbbb
0 6005347 bbbb
0 6007730 bbbb
0 6009939 bbbb
0 6012134 bbbb
0 6014301 bbbb
0 6016791 bbbb
0 6018982 bbbb
0 6021072 bbbb
0 6023269 bbbb
0 6025712 bbbb
0 6027935 bbbb
0 6030146 bbbb
0 6032313 bbbb
0 6034769 bbbb
0 6036947 bbbb
0 6039072 bbbb
0 6041220 bbbb
0 6043579 bbbb
0 6045735 bbbb
0 6047973 bbbb
0 6050172 bbbb
0 6052617 bbbb
0 6054794 bbbb
0 6056974 bbbb
0 6059143 bbbb
0 6061552 bbbb
0 6063668 bbbb
0 6065793 bbbb
0 6067933 bbbb
0 6070309 bbbb
0 6072447 bbbb
0 6074564 bbbb
0 6076683 bbbb
0 6079065 bbbb
0 6081180 bbbb
0 6083289 bbbb
0 6085443 bbbb
0 6087864 bbbb
0 6090060 bbbb
0 6092247 bbbb
0 6094443 bbbb
0 6096797 bbbb
0 6099024 bbbb
0 6101268 bbbb
0 6103431 bbbb
0 6105887 bbbb
0 6108074 bbbb
0 6110200 bbbb
0 6112432 bbbb
0 6114860 bbbb
0 6116987 bbbb
0 6119207 bbbb
0 6121402 bbbb
0 6123772 bbbb
0 6125985 bbbb
0 6128152 bbbb
0 6130306 bbbb
0 6132758 bbbb
0 6134955 bbbb
0 6137157 bbbb
0 6139341 bbbb
0 6141751 bbbb
0 6143967 bbbb
0 6146161 bbbb
0 6148289 bbbb
0 6150753 bbbb
0 6152949 bbbb
0 6155073 bbbb
0 6157296 bbbb
0 6159731 bbbb
0 6161857 bbbb
0 6164064 bbbb
0 6166261 bbbb
0 6168659 bbbb
0 6170876 bbbb
0 6173126 bbbb
0 6175251 bbbb
0 6177707 bbbb
0 6179876 bbbb
0 6182010 bbbb
0 6184179 bbbb
0 6186598 bbbb
0 6188724 bbbb
0 6190946 bbbb
0 6193124 bbbb
0 6195535 bbbb
0 6197760 bbbb
0 6199954 bbbb
0 6202065 bbbb
0 6204555 bbbb
0 6206727 bbbb
0 6208853 bbbb
0 6211073 bbbb
0 6213502 bbbb
0 6215633 bbbb
0 6217802 bbbb
0 6219992 bbbb
0 6222348 bbbb
0 6224567 bbbb
0 6226743 bbbb
0 6228837 bbbb
0 6231330 bbbb
0 6233517 bbbb
0 6235646 bbbb
0 6237864 bbbb
0 6240328 bbbb
0 6242457 bbbb
0 6244677 bbbb
0 6246888 bbbb
0 6249261 bbbb
0 6251480 bbbb
0 6253678 bbbb
0 6255806 bbbb
0 6258259 bbbb
0 6260451 bbbb
0 6262572 bbbb
0 6264792 bbbb
0 6267256 bbbb
0 6269382 bbbb
0 6271599 bbbb
0 6273792 bbbb
0 6276152 bbbb
0 6278409 bbbb
0 6280622 bbbb
0 6282757 bbbb
0 6285211 bbbb
0 6287409 bbbb
0 6289538 bbbb
0 6291758 bbbb
0 6294182 bbbb
0 6296309 bbbb
0 6298522 bbbb
0 6300711 bbbb
0 6303099 bbbb
0 6305325 bbbb
0 6307515 bbbb
0 6309680 bbbb
0 6312137 bbbb
0 6314333 bbbb
0 6316452 bbbb
0 6318674 bbbb
0 6321173 bbbb
0 6323303 bbbb
0 6325550 bbbb
0 6327718 bbbb
0 6330133 bbbb
0 6332284 bbbb
0 6334509 bbbb
0 6336675 bbbb
0 6339060 bbbb
0 6341191 bbbb
0 6343419 bbbb
0 6345585 bbbb
0 6348025 bbbb
0 6350196 bbbb
0 6352433 bbbb
0 6354609 bbbb
0 6357023 bbbb
0 6359175 bbbb
0 6361379 bbbb
0 6363567 bbbb
0 6365971 bbbb
0 6368121 bbbb
0 6370326 bbbb
0 6372536 bbbb
0 6374952 bbbb
0 6377115 bbbb
0 6379315 bbbb
0 6381541 bbbb
0 6383985 bbbb
0 6386114 bbbb
0 6388328 bbbb
0 6390522 bbbb
0 6392975 bbbb
0 6395111 bbbb
0 6397343 bbbb
0 6399537 bbbb
0 6401987 bbbb
0 6404133 bbbb
0 6406337 bbbb
0 6408524 bbbb
0 6410982 bbbb
0 6413130 bbbb
0 6415310 bbbb
0 6417503 bbbb
0 6419939 bbbb
0 6422092 bbbb
0 6424291 bbbb
0 6426444 bbbb
0 6428859 bbbb
0 6431009 bbbb
0 6433223 bbbb
0 6435414 bbbb
0 6437858 bbbb
0 6440051 bbbb
0 6442290 bbbb
0 6444567 bbbb
0 6447053 bbbb
0 6449182 bbbb
0 6451389 bbbb
0 6453585 bbbb
0 6455993 bbbb
0 6458210 bbbb
0 6460397 bbbb
0 6462557 bbbb
0 6464948 bbbb
0 6467126 bbbb
0 6469309 bbbb
0 6471500 bbbb
0 6473890 bbbb
0 6476097 bbbb
0 6478322 bbbb
0 6480476 bbbb
0 6482887 bbbb
0 6485067 bbbb
0 6487272 bbbb
0 6489450 bbbb
0 6491870 bbbb
0 6494073 bbbb
0 6496248 bbbb
0 6498450 bbbb
0 6500862 bbbb
0 6503043 bbbb
0 6505281 bbbb
0 6507421 bbbb
0 6509822 bbbb
0 6512057 bbbb
0 6514233 bbbb
0 6516396 bbbb
0 6518820 bbbb
0 6521038 bbbb
0 6523208 bbbb
0 6525358 bbbb
0 6527741 bbbb
0 6529947 bbbb
0 6532120 bbbb
0 6534272 bbbb
0 6536682 bbbb
0 6538897 bbbb
0 6541063 bbbb
0 6543216 bbbb
0 6545619 bbbb
0 6547834 bbbb
0 6549978 bbbb
0 6552126 bbbb
0 6554520 bbbb
0 6556743 bbbb
0 6558893 bbbb
0 6561043 bbbb
0 6563418 bbbb
0 6565641 bbbb
0 6567813 bbbb
0 6569970 bbbb
0 6572394 bbbb
0 6574611 bbbb
0 6576771 bbbb
0 6578928 bbbb
0 6581304 bbbb
0 6583521 bbbb
0 6585690 bbbb
0 6587883 bbbb
0 6590289 bbbb
0 6592505 bbbb
0 6594671 bbbb
0 6596826 bbbb
0 6599172 bbbb
0 6601383 bbbb
0 6603566 bbbb
0 6605724 bbbb
0 6608139 bbbb
0 6610374 bbbb
0 6612586 bbbb
0 6614742 bbbb
0 6617154 bbbb
0 6619386 bbbb
0 6621542 bbbb
0 6623702 bbbb
0 6626127 bbbb
0 6628366 bbbb
0 6630570 bbbb
0 6632757 bbbb
0 6635169 bbbb
0 6637361 bbbb
0 6639512 bbbb
0 6641700 bbbb
0 6644104 bbbb
0 6646323 bbbb
0 6648489 bbbb
0 6650645 bbbb
0 6653030 bbbb
0 6655206 bbbb
0 6657373 bbbb
0 6659534 bbbb
0 6661904 bbbb
0 6664138 bbbb
0 6666305 bbbb
0 6668496 bbbb
0 6670853 bbbb
0 6673077 bbbb
0 6675252 bbbb
0 6677404 bbbb
0 6679783 bbbb
0 6682023 bbbb
0 6684192 bbbb
0 6686358 bbbb
0 6688702 bbbb
0 6690924 bbbb
0 6693096 bbbb
0 6695251 bbbb
0 6697619 bbbb
0 6699870 bbbb
0 6702038 bbbb
0 6704174 bbbb
0 6706536 bbbb
0 6708765 bbbb
0 6710936 bbbb
0 6713084 bbbb
0 6715487 bbbb
0 6717709 bbbb
0 6719894 bbbb
0 6722053 bbbb
0 6724414 bbbb
0 6726623 bbbb
0 6728801 bbbb
0 6730947 bbbb
0 6733395 bbbb
0 6735627 bbbb
0 6737795 bbbb
# Core 1 LOG DUMP ==================================================
# DCB 1 ffffff0004257c00 pixels
# DCB 1 ffffff0001b29200 monitor
1 3168 ffffcccc01b29200
1 22507155 aaaa
1 22507718 eb000021b000930b
1 22508396 b000000500009b10
1 22508739 ea000021b080930a
1 22509441 bbbb
1 22516605 b000bbbb00000014
1 22518721 aaaa
1 22518900 eb000021b000930c
1 22519069 b000000500009b10
1 22519256 ea000021b080930b
1 22520230 bbbb
1 22527416 b000bbbb00000014
# Core 2 LOG DUMP ==================================================
# DCB 2 ffffff0004257e00 pixels
# DCB 2 ffffff0001b29400 monitor
2 3259 ffffcccc01b29400
2 22507287 aaaa
2 22507926 eb000023e800930a
2 22508591 b000000500009b10
2 22508935 ea000023e880930a
2 22509612 bbbb
2 22516607 b000bbbb00000014
2 22518743 aaaa
2 22518907 eb000023e800930b
2 22519074 b000000500009b10
2 22519261 ea000023e880930b
2 22519955 bbbb
2 22526937 b000bbbb00000014
# Core 3 LOG DUMP ==================================================
# DCB 3 ffffff0006a76000 pixels
# DCB 3 ffffff0001b29600 monitor
3 2174 ffffcccc01b29600
3 22508151 aaaa
3 22508710 eb0000250400930a
3 22509392 b000000500009b10
3 22509736 ea0000250480930a
3 22510412 bbbb
3 22516917 b000bbbb00000014
3 22519144 aaaa
3 22519338 eb0000250400930b
3 22519505 b000000500009b10
3 22519693 ea0000250480930b
3 22520644 bbbb
3 22527147 b000bbbb00000014
# Core 4 LOG DUMP ==================================================
# DCB 4 ffffff0006a76200 pixels
# DCB 4 ffffff0001b29800 monitor
4 4203 ffffcccc01b29800
4 22506318 aaaa
4 22506963 eb0000253000930d
4 22507642 b000000500009b10
4 22508358 ea00002dc80092f5
4 22508784 ea00002dfa0092f4
4 22509207 ea000030b00092f4
4 22509874 bbbb
4 22511934 aaaa
4 22512114 eb00002dc88092f4
4 22512254 b000000600003a40
4 22513174 eb000030b08092f4
4 22513321 b000000600003a40
4 22513584 eb00002dfa8092f4
4 22513724 b000000600003a40
4 22514265 ea0000253080930d
4 22514922 bbbb
4 22518053 aaaa
4 22518216 eb0000253000930e
4 22518683 b000000500009b10
4 22519043 ea00002dc80092f6
4 22519463 ea00002dfa0092f5
4 22519890 ea000030b00092f5
4 22520592 bbbb
4 22521810 aaaa
4 22521971 eb00002dfa8092f5
4 22522111 b000000600000050
4 22522863 eb00002dc88092f5
4 22523003 b000000600000050
4 22523695 eb000030b08092f5
4 22523842 b000000600000050
4 22524413 ea0000253080930e
4 22525081 bbbb
4 22530402 b000bbbb00000014
# Core 5 LOG DUMP ==================================================
# DCB 5 ffffff0006a76400 pixels
# DCB 5 ffffff0001b29a00 monitor
5 4686 ffffcccc01b29a00
5 22509309 aaaa
5 22509926 eb00002dc80092f5
5 22510623 b000000500003a40
5 22510906 ea00002dc88092f4
5 22511574 bbbb
5 22516989 b000bbbb00000014
5 22520327 aaaa
5 22520530 eb00002dc80092f6
5 22520708 b000000500000050
5 22520882 ea00002dc88092f5
5 22521807 bbbb
5 22527214 b000bbbb00000014
# Core 6 LOG DUMP ==================================================
# DCB 6 ffffff0006a76600 pixels
# DCB 6 ffffff0001b29c00 monitor
6 4743 ffffcccc01b29c00
6 22510242 aaaa
6 22510853 eb00002dfa0092f4
6 22511535 b000000500003a40
6 22511818 ea00002dfa8092f4
6 22512439 bbbb
6 22517067 b000bbbb00000014
6 22520356 aaaa
6 22520547 eb00002dfa0092f5
6 22520718 b000000500000050
6 22520895 ea00002dfa8092f5
6 22521540 bbbb
6 22526127 b000bbbb00000014
# Core 7 LOG DUMP ==================================================
# DCB 7 ffffff0006a76800 pixels
# DCB 7 ffffff0001b29e00 monitor
7 2763 ffffcccc01b29e00
7 22510413 aaaa
7 22511069 eb000030b00092f4
7 22511746 b000000500003a40
7 22512030 ea000030b08092f4
7 22512609 bbbb
7 22516730 b000bbbb00000014
7 22521057 aaaa
7 22521242 eb000030b00092f5
7 22521413 b000000500000050
7 22521590 ea000030b08092f5
7 22522406 bbbb
7 22526519 b000bbbb00000014
# Core 8 LOG DUMP ==================================================
# DCB 8 ffffff0006a76a00 pixels
# DCB 8 ffffff0003081000 monitor
8 5787 ffffcccc03081000
# Core 9 LOG DUMP ==================================================
# DCB 9 ffffff0006a76c00 pixels
# DCB 9 ffffff0003081200 monitor
9 2568 ffffcccc03081200
# Core 10 LOG DUMP ==================================================
# DCB 10 ffffff0006a76e00 pixels
# DCB 10 ffffff0003081400 monitor
10 2628 ffffcccc03081400
# Core 11 LOG DUMP ==================================================
# DCB 11 ffffff00071dc000 pixels
# DCB 11 ffffff0004257600 e1000n
# DCB 11 ffffff0003081600 monitor
11 6113 ffffcccc04257600
11 6301 ffffcccc03081600
11 9322 ffffcccc04257600
11 22228542 ffffcccc03081600
11 22231260 ffffcccc04257600
11 44728765 ffffcccc03081600
11 44731564 ffffcccc04257600
11 67228719 ffffcccc03081600
11 67231235 ffffcccc04257600
# Core 12 LOG DUMP ==================================================
# DCB 12 ffffff00071dc200 pixels
# DCB 12 ffffff0003081800 monitor
12 4281 ffffcccc03081800
# Core 13 LOG DUMP ==================================================
# DCB 13 ffffff00071dc400 pixels
# DCB 13 ffffff0003081a00 monitor
13 3436 ffffcccc03081a00
# Core 14 LOG DUMP ==================================================
# DCB 14 ffffff00071dc600 pixels
# DCB 14 ffffff0003081c00 monitor
14 6441 ffffcccc03081c00
# Core 15 LOG DUMP ==================================================
# DCB 15 ffffff00071dc800 pixels
# DCB 15 ffffff0004257800 bfscope
# DCB 15 ffffff0003081e00 monitor
15 6109 ffffcccc04257800
15 6325 ffffcccc03081e00
15 8946 ffffcccc04257800
15 17528794 ffffcccc03081e00
15 17531639 ffffcccc04257800
15 40028906 ffffcccc03081e00
15 40031506 ffffcccc04257800
15 62529031 ffffcccc03081e00
15 62531618 ffffcccc04257800
