# Core 0 LOG DUMP ==================================================
0 0 1234000000000001
# DCB 0 ffffff00072a9a00 fish
# DCB 0 ffffff00042e8a00 pixels
# DCB 0 ffffff00042e8400 serial
# DCB 0 ffffff00042e8200 pci
# DCB 0 ffffff00042e8000 skb
# DCB 0 ffffff000200a000 chips
# DCB 0 ffffff007f206000 mem_serv
# DCB 0 ffffff007f206200 monitor
0 8008 ffffcccc072a9a00
0 8216 ffffcccc7f206200
0 14814 ffffcccc072a9a00
0 17514 ffffcccc7f206200
0 24858 aaaa
0 26144 b000000300000000
0 28035 ea000029580000e3
0 28566 ea000020fc0000e1
0 29085 ea000021880000e0
0 29591 ea000021f00000e0
0 32483 bbbb
0 34544 aaaa
0 35146 eb000020fc8000e0
0 36386 b00000060000b170
0 37681 eb000021888000e0
0 38156 b00000060000b170
0 40543 eb000021f08000e0
0 40995 b00000060000b170
0 43947 eb000029588000e3
0 44627 b00000060000b170
0 45297 ea000029580000e4
0 45698 ea000020fc0000e2
0 46114 ea000021880000e1
0 46529 ea000021f00000e1
0 48492 eb000020fc8000e1
0 48993 b00000060000b170
0 50171 eb000021888000e1
0 51336 b00000060000b170
0 53647 eb000021f08000e1
0 54105 b00000060000b170
0 56657 bbbb
0 59337 aaaa
0 59859 eb000029588000e4
0 60075 b00000060000b170
0 61284 ffffcccc072a9a00
0 66800 ffffcccc042e8400
0 69270 aaaa
0 159177 bbbb
0 159838 ffffcccc7f206200
0 169380 bbbb
0 200886 ffffcccc072a9a00
0 204117 ffffcccc042e8400
0 206046 aaaa
0 330193 bbbb
0 330996 ffffcccc7f206200
0 337505 ffffcccc072a9a00
0 340684 ffffcccc042e8400
0 342554 aaaa
0 501307 bbbb
0 501827 ffffcccc7f206200
0 508336 ffffcccc072a9a00
0 511478 ffffcccc042e8400
0 513576 aaaa
0 672003 bbbb
0 672524 ffffcccc7f206200
0 679103 ffffcccc072a9a00
0 682541 ffffcccc042e8400
0 684430 aaaa
0 842859 bbbb
0 843380 ffffcccc7f206200
0 850222 ffffcccc072a9a00
0 853404 ffffcccc042e8400
0 855279 aaaa
0 1013774 bbbb
0 1014526 ffffcccc7f206200
0 1021086 ffffcccc072a9a00
0 1024273 ffffcccc042e8400
0 1026154 aaaa
0 1184904 bbbb
0 1185425 ffffcccc7f206200
0 1192026 ffffcccc072a9a00
0 1195174 ffffcccc042e8400
0 1197311 aaaa
0 1355702 bbbb
0 1356228 ffffcccc7f206200
0 1362791 ffffcccc072a9a00
0 1366235 ffffcccc042e8400
0 1368116 aaaa
0 1526558 bbbb
0 1527077 ffffcccc7f206200
0 1533878 ffffcccc072a9a00
0 1537059 ffffcccc042e8400
0 1538939 aaaa
0 1697414 bbbb
0 1698157 ffffcccc7f206200
0 1704758 ffffcccc072a9a00
0 1707921 ffffcccc042e8400
0 1709803 aaaa
0 1868544 bbbb
0 1869065 ffffcccc7f206200
0 1875639 ffffcccc072a9a00
0 1878784 ffffcccc042e8400
0 1880906 aaaa
0 2039342 bbbb
0 2039861 ffffcccc7f206200
0 2046429 ffffcccc072a9a00
0 2049837 ffffcccc042e8400
0 2051715 aaaa
0 2210198 bbbb
0 2210934 ffffcccc7f206200
0 2217754 ffffcccc072a9a00
0 2220942 ffffcccc042e8400
0 2222822 aaaa
0 2381270 bbbb
0 2382039 ffffcccc7f206200
0 2388616 ffffcccc072a9a00
0 2391760 ffffcccc042e8400
0 2393641 aaaa
0 2552342 bbbb
0 2552861 ffffcccc7f206200
0 2559423 ffffcccc072a9a00
0 2562607 ffffcccc042e8400
0 2564739 aaaa
0 2723198 bbbb
0 2723717 ffffcccc7f206200
0 2730294 ffffcccc072a9a00
0 2733730 ffffcccc042e8400
0 2735609 aaaa
0 2894054 bbbb
0 2894573 ffffcccc7f206200
0 2901381 ffffcccc072a9a00
0 2904568 ffffcccc042e8400
0 2906442 aaaa
0 3064910 bbbb
0 3065662 ffffcccc7f206200
0 3072222 ffffcccc072a9a00
0 3076000 ffffcccc042e8400
0 3077883 aaaa
0 3236515 bbbb
0 3237031 ffffcccc7f206200
0 3243594 ffffcccc072a9a00
0 3247128 ffffcccc042e8400
0 3249273 aaaa
0 3407760 bbbb
0 3408281 ffffcccc7f206200
0 3414818 ffffcccc072a9a00
0 3417540 ffffcccc042e8400
0 3419405 aaaa
0 3577851 bbbb
0 3578372 ffffcccc7f206200
0 3585135 ffffcccc072a9a00
0 3588131 1234000000000000
# Core 1 LOG DUMP ==================================================
# DCB 1 ffffff00042e8c00 pixels
# DCB 1 ffffff000200a200 monitor
1 2746 ffffcccc0200a200
1 30047 aaaa
1 31104 eb000020fc0000e1
1 31886 b00000050000b170
1 32292 ea000020fc8000e0
1 33525 bbbb
1 40860 b000bbbb00000014
1 46961 aaaa
1 47294 eb000020fc0000e2
1 47462 b00000050000b170
1 47797 ea000020fc8000e1
1 49254 bbbb
1 56864 b000bbbb00000014
# Core 2 LOG DUMP ==================================================
# DCB 2 ffffff00042e8e00 pixels
# DCB 2 ffffff000200a400 monitor
2 2586 ffffcccc0200a400
2 30679 aaaa
2 31301 eb000021880000e0
2 32133 b00000050000b170
2 32536 ea000021888000e0
2 33786 bbbb
2 41172 b000bbbb00000014
2 47355 aaaa
2 47669 eb000021880000e1
2 47835 b00000050000b170
2 48162 ea000021888000e1
2 49617 bbbb
2 57483 b000bbbb00000014
# Core 3 LOG DUMP ==================================================
# DCB 3 ffffff00042e9000 pixels
# DCB 3 ffffff000200a600 monitor
3 3200 ffffcccc0200a600
3 31758 aaaa
3 32398 eb000021f00000e0
3 33576 b00000050000b170
3 33975 ea000021f08000e0
3 35181 bbbb
3 42765 b000bbbb00000014
3 47710 aaaa
3 48048 eb000021f00000e1
3 48215 b00000050000b170
3 48546 ea000021f08000e1
3 49961 bbbb
3 57435 b000bbbb00000014
# Core 4 LOG DUMP ==================================================
# DCB 4 ffffff00042e9200 pixels
# DCB 4 ffffff000200a800 monitor
4 5379 ffffcccc0200a800
4 29333 aaaa
4 30047 eb000029580000e3
4 30989 b00000050000b170
4 31913 ea00002e440000cb
4 32461 ea00002e780000ca
4 33085 ea000033280000ca
4 35039 bbbb
4 38035 aaaa
4 38567 eb00002e448000ca
4 38889 b000000600000050
4 40550 eb000033288000ca
4 40797 b000000600000050
4 41650 eb00002e788000ca
4 42131 b000000600000050
4 42886 ea000029588000e3
4 44066 bbbb
4 46577 aaaa
4 46971 eb000029580000e4
4 47492 b00000050000b170
4 48079 ea00002e440000cc
4 48581 ea00002e780000cb
4 49609 ea000033280000cb
4 51767 bbbb
4 53361 aaaa
4 53595 eb00002e448000cb
4 53847 b000000600001070
4 55198 eb000033288000cb
4 55599 b000000600001070
4 56292 eb00002e788000cb
4 56534 b000000600001070
4 57167 ea000029588000e4
4 58406 bbbb
4 63702 b000bbbb00000014
# Core 5 LOG DUMP ==================================================
# DCB 5 ffffff00042e9400 pixels
# DCB 5 ffffff000200aa00 monitor
5 5262 ffffcccc0200aa00
5 33389 aaaa
5 34218 eb00002e440000cb
5 35094 b000000500000050
5 35909 ea00002e448000ca
5 37846 bbbb
5 43388 b000bbbb00000014
5 49482 aaaa
5 50211 eb00002e440000cc
5 50390 b000000500001070
5 50718 ea00002e448000cb
5 52622 bbbb
5 58145 b000bbbb00000014
# Core 6 LOG DUMP ==================================================
# DCB 6 ffffff00042e9600 pixels
# DCB 6 ffffff000200ac00 monitor
6 4833 ffffcccc0200ac00
6 34137 aaaa
6 34872 eb00002e780000ca
6 35821 b000000500000050
6 36836 ea00002e788000ca
6 38734 bbbb
6 43534 b000bbbb00000014
6 50082 aaaa
6 51058 eb00002e780000cb
6 51445 b000000500001070
6 51813 ea00002e788000cb
6 53550 bbbb
6 58057 b000bbbb00000014
# Core 7 LOG DUMP ==================================================
# DCB 7 ffffff00042e9800 pixels
# DCB 7 ffffff000200ae00 monitor
7 2513 ffffcccc0200ae00
7 35110 aaaa
7 36554 eb000033280000ca
7 37628 b000000500000050
7 38026 ea000033288000ca
7 39465 bbbb
7 43862 b000bbbb00000014
7 51535 aaaa
7 52155 eb000033280000cb
7 52323 b000000500001070
7 52652 ea000033288000cb
7 53604 bbbb
7 57818 b000bbbb00000014
# Core 8 LOG DUMP ==================================================
# DCB 8 ffffff00042e9a00 pixels
# DCB 8 ffffff000200b000 monitor
8 3926 ffffcccc0200b000
# Core 9 LOG DUMP ==================================================
# DCB 9 ffffff00042e9c00 pixels
# DCB 9 ffffff000200b200 monitor
9 3960 ffffcccc0200b200
# Core 10 LOG DUMP ==================================================
# DCB 10 ffffff00042e9e00 pixels
# DCB 10 ffffff000200b400 monitor
10 3268 ffffcccc0200b400
# Core 11 LOG DUMP ==================================================
# DCB 11 ffffff00072a9000 pixels
# DCB 11 ffffff00042e8600 e1000n
# DCB 11 ffffff000200b600 monitor
11 6170 ffffcccc042e8600
11 6364 ffffcccc0200b600
11 9673 ffffcccc042e8600
# Core 12 LOG DUMP ==================================================
# DCB 12 ffffff00072a9200 pixels
# DCB 12 ffffff000200b800 monitor
12 4822 ffffcccc0200b800
# Core 13 LOG DUMP ==================================================
# DCB 13 ffffff00072a9400 pixels
# DCB 13 ffffff000200ba00 monitor
13 4211 ffffcccc0200ba00
# Core 14 LOG DUMP ==================================================
# DCB 14 ffffff00072a9600 pixels
# DCB 14 ffffff000200bc00 monitor
14 3786 ffffcccc0200bc00
# Core 15 LOG DUMP ==================================================
# DCB 15 ffffff00072a9800 pixels
# DCB 15 ffffff00042e8800 bfscope
# DCB 15 ffffff000200be00 monitor
15 5337 ffffcccc042e8800
15 5532 ffffcccc0200be00
15 9205 ffffcccc042e8800
15 2174766 ffffcccc0200be00
15 2178072 ffffcccc042e8800
