# Core 0 LOG DUMP ==================================================
0 0 1234000000000001
# DCB 0 ffffff0003948a00 fish
# DCB 0 ffffff0003948400 serial
# DCB 0 ffffff0003948200 pci
# DCB 0 ffffff0003948000 skb
# DCB 0 ffffff00019a0000 chips
# DCB 0 ffffff0001e06000 mem_serv
# DCB 0 ffffff0001e06200 monitor
0 7552 ffffcccc03948a00
0 7993 ffffcccc01e06200
0 12813 ffffcccc03948a00
0 15476 ffffcccc01e06200
0 20799 aaaa
0 22135 b000000300000000
0 23275 ea000021620000f3
0 23819 ea0000202a0000f1
0 24313 ea000020980000f0
0 25080 ea000021000000f0
0 27505 bbbb
0 28836 aaaa
0 29526 eb0000202a8000f0
0 30495 b000000600005020
0 32085 eb000020988000f0
0 32545 b000000600005020
0 34430 eb000021008000f0
0 34935 b000000600005020
0 36307 bbbb
0 38468 aaaa
0 39241 eb000021628000f3
0 39745 b000000600005020
0 40096 ea000021620000f4
0 40501 ea0000202a0000f2
0 40907 ea000020980000f1
0 41359 ea000021000000f1
0 43196 bbbb
0 44488 aaaa
0 45076 eb0000202a8000f1
0 46228 b000000600005020
0 47593 eb000020988000f1
0 48317 b000000600005020
0 50019 eb000021008000f1
0 50998 b000000600005020
0 52977 eb000021628000f4
0 53543 b000000600005020
0 54589 ffffcccc03948a00
0 57574 1234000000000000
# Core 1 LOG DUMP ==================================================
# DCB 1 ffffff00019a0200 monitor
1 4793 ffffcccc019a0200
1 24960 aaaa
1 25738 eb0000202a0000f1
1 26431 b000000500005020
1 27174 ea0000202a8000f0
1 28236 bbbb
1 35812 b000bbbb00000014
1 42079 aaaa
1 42579 eb0000202a0000f2
1 42743 b000000500005020
1 43048 ea0000202a8000f1
1 44100 bbbb
1 51396 b000bbbb00000014
# Core 2 LOG DUMP ==================================================
# DCB 2 ffffff00019a0400 monitor
2 2362 ffffcccc019a0400
2 26233 aaaa
2 26865 eb000020980000f0
2 27247 b000000500005020
2 27987 ea000020988000f0
2 29406 bbbb
2 36903 b000bbbb00000014
2 42390 aaaa
2 42977 eb000020980000f1
2 43141 b000000500005020
2 43447 ea000020988000f1
2 45033 bbbb
2 52570 b000bbbb00000014
# Core 3 LOG DUMP ==================================================
# DCB 3 ffffff00019a0600 monitor
3 2948 ffffcccc019a0600
3 27058 aaaa
3 27687 eb000021000000f0
3 28273 b000000500005020
3 29018 ea000021008000f0
3 30002 bbbb
3 37298 b000bbbb00000014
3 42655 aaaa
3 43174 eb000021000000f1
3 43339 b000000500005020
3 43825 ea000021008000f1
3 44861 bbbb
3 51806 b000bbbb00000014
# Core 4 LOG DUMP ==================================================
# DCB 4 ffffff00019a0800 monitor
4 2965 ffffcccc019a0800
4 24837 aaaa
4 25551 eb000021620000f3
4 26194 b000000500005020
4 27264 ea000027c40000e1
4 27780 ea000027f60000e0
4 28729 ea00002d6a0000e0
4 29740 bbbb
4 33181 aaaa
4 34097 eb000027c48000e0
4 34363 b000000600002010
4 35258 eb00002d6a8000e0
4 35901 b000000600002010
4 36379 eb000027f68000e0
4 36608 b000000600002010
4 37181 ea000021628000f3
4 38181 bbbb
4 41170 aaaa
4 41625 eb000021620000f4
4 42015 b000000500005020
4 42835 ea000027c40000e2
4 43376 ea000027f60000e1
4 44381 ea00002d6a0000e1
4 45344 bbbb
4 47587 aaaa
4 47986 eb000027c48000e1
4 48403 b000000600002010
4 49766 eb00002d6a8000e1
4 50247 b000000600002010
4 50914 eb000027f68000e1
4 51295 b000000600002010
4 51859 ea000021628000f4
4 52735 bbbb
# Core 5 LOG DUMP ==================================================
# DCB 5 ffffff00019a0a00 monitor
5 3191 ffffcccc019a0a00
5 28590 aaaa
5 29298 eb000027c40000e1
5 29837 b000000500002010
5 31485 ea000027c48000e0
5 33006 bbbb
5 38566 b000bbbb00000014
5 44131 aaaa
5 44707 eb000027c40000e2
5 45094 b000000500002010
5 45400 ea000027c48000e1
5 46374 bbbb
5 52367 b000bbbb00000014
# Core 6 LOG DUMP ==================================================
# DCB 6 ffffff00019a0c00 monitor
6 2568 ffffcccc019a0c00
6 29745 aaaa
6 30722 eb000027f60000e0
6 31115 b000000500002010
6 32163 ea000027f68000e0
6 33129 bbbb
6 38444 b000bbbb00000014
6 45010 aaaa
6 45981 eb000027f60000e1
6 46749 b000000500002010
6 47776 ea000027f68000e1
6 48658 bbbb
6 53995 b000bbbb00000014
# Core 7 LOG DUMP ==================================================
# DCB 7 ffffff00019a0e00 monitor
7 5584 ffffcccc019a0e00
7 29923 aaaa
7 31203 eb00002d6a0000e0
7 31874 b000000500002010
7 33103 ea00002d6a8000e0
7 34088 bbbb
7 38100 b000bbbb00000014
7 45680 aaaa
7 46597 eb00002d6a0000e1
7 46804 b000000500002010
7 47596 ea00002d6a8000e1
7 48454 bbbb
7 52609 b000bbbb00000014
# Core 8 LOG DUMP ==================================================
# DCB 8 ffffff00019a1000 monitor
8 5650 ffffcccc019a1000
# Core 9 LOG DUMP ==================================================
# DCB 9 ffffff0003948600 e1000n
# DCB 9 ffffff00019a1200 monitor
9 5833 ffffcccc03948600
9 6277 ffffcccc019a1200
9 9294 ffffcccc03948600
# Core 10 LOG DUMP ==================================================
# DCB 10 ffffff00019a1400 monitor
10 4379 ffffcccc019a1400
# Core 11 LOG DUMP ==================================================
# DCB 11 ffffff00019a1600 monitor
11 3760 ffffcccc019a1600
# Core 12 LOG DUMP ==================================================
# DCB 12 ffffff00019a1800 monitor
12 5119 ffffcccc019a1800
# Core 13 LOG DUMP ==================================================
# DCB 13 ffffff00019a1a00 monitor
13 3460 ffffcccc019a1a00
# Core 14 LOG DUMP ==================================================
# DCB 14 ffffff00019a1c00 monitor
14 4477 ffffcccc019a1c00
# Core 15 LOG DUMP ==================================================
# DCB 15 ffffff0003948800 bfscope
# DCB 15 ffffff00019a1e00 monitor
15 5842 ffffcccc03948800
15 6571 ffffcccc019a1e00
15 9434 ffffcccc03948800
