# Core 0 LOG DUMP ==================================================
0 0 1234000000000001
# DCB 0 ffffff0003948a00 fish
# DCB 0 ffffff0003948400 serial
# DCB 0 ffffff0003948200 pci
# DCB 0 ffffff0003948000 skb
# DCB 0 ffffff00019a0000 chips
# DCB 0 ffffff0001e06000 mem_serv
# DCB 0 ffffff0001e06200 monitor
0 7722 ffffcccc03948a00
0 8166 ffffcccc01e06200
0 13001 ffffcccc03948a00
0 15677 ffffcccc01e06200
0 21012 aaaa
0 22334 b000000300000000
0 23431 ea000021620000f5
0 23963 ea0000202a0000f3
0 24449 ea000020980000f2
0 25211 ea000021000000f2
0 26984 bbbb
0 28484 aaaa
0 29002 eb0000202a8000f2
0 30207 b0000006000064c0
0 31768 eb000020988000f2
0 32603 b0000006000064c0
0 34662 eb000021008000f2
0 35194 b0000006000064c0
0 36785 bbbb
0 38766 aaaa
0 39540 eb000021628000f5
0 40039 b0000006000064c0
0 40395 ea000021620000f6
0 40795 ea0000202a0000f4
0 41201 ea000020980000f3
0 41646 ea000021000000f3
0 43547 bbbb
0 44810 aaaa
0 45420 eb0000202a8000f3
0 46425 b0000006000064c0
0 48008 eb000020988000f3
0 48711 b0000006000064c0
0 50380 eb000021008000f3
0 50875 b0000006000064c0
0 52243 bbbb
0 54317 aaaa
0 54815 eb000021628000f6
0 55281 b0000006000064c0
0 56335 ffffcccc03948a00
0 58971 1234000000000000
# Core 1 LOG DUMP ==================================================
# DCB 1 ffffff00019a0200 monitor
1 2491 ffffcccc019a0200
1 25185 aaaa
1 25949 eb0000202a0000f3
1 26331 b0000005000064c0
1 27074 ea0000202a8000f2
1 28127 bbbb
1 35457 b000bbbb00000014
1 41891 aaaa
1 42383 eb0000202a0000f4
1 42547 b0000005000064c0
1 42852 ea0000202a8000f3
1 43883 bbbb
1 51647 b000bbbb00000014
# Core 2 LOG DUMP ==================================================
# DCB 2 ffffff00019a0400 monitor
2 2342 ffffcccc019a0400
2 26296 aaaa
2 26921 eb000020980000f2
2 27302 b0000005000064c0
2 28168 ea000020988000f2
2 29171 bbbb
2 37049 b000bbbb00000014
2 42771 aaaa
2 43341 eb000020980000f3
2 43511 b0000005000064c0
2 43816 ea000020988000f3
2 45165 bbbb
2 52661 b000bbbb00000014
# Core 3 LOG DUMP ==================================================
# DCB 3 ffffff00019a0600 monitor
3 2705 ffffcccc019a0600
3 26782 aaaa
3 27403 eb000021000000f2
3 28340 b0000005000064c0
3 29243 ea000021008000f2
3 30229 bbbb
3 37854 b000bbbb00000014
3 43112 aaaa
3 43608 eb000021000000f3
3 43997 b0000005000064c0
3 44345 ea000021008000f3
3 45346 bbbb
3 52503 b000bbbb00000014
# Core 4 LOG DUMP ==================================================
# DCB 4 ffffff00019a0800 monitor
4 4007 ffffcccc019a0800
4 24820 aaaa
4 25532 eb000021620000f5
4 26203 b0000005000064c0
4 27224 ea000027c40000e3
4 28035 ea000027f60000e2
4 28593 ea00002d6a0000e2
4 29841 bbbb
4 33261 aaaa
4 33801 eb000027c48000e2
4 34068 b000000600002010
4 34972 eb00002d6a8000e2
4 35597 b000000600002010
4 36311 eb000027f68000e2
4 36539 b000000600002010
4 36968 ea000021628000f5
4 38090 bbbb
4 41469 aaaa
4 41855 eb000021620000f6
4 42552 b0000005000064c0
4 43374 ea000027c40000e4
4 43918 ea000027f60000e3
4 44881 ea00002d6a0000e3
4 45863 bbbb
4 48033 aaaa
4 48813 eb000027c48000e3
4 49463 b000000600002010
4 50369 eb00002d6a8000e3
4 50847 b000000600002010
4 51505 eb000027f68000e3
4 51720 b000000600002010
4 52098 ea000021628000f6
4 53106 bbbb
4 58553 b000bbbb00000014
# Core 5 LOG DUMP ==================================================
# DCB 5 ffffff00019a0a00 monitor
5 4862 ffffcccc019a0a00
5 28619 aaaa
5 29685 eb000027c40000e3
5 30695 b000000500002010
5 31955 ea000027c48000e2
5 32987 bbbb
5 38681 b000bbbb00000014
5 44607 aaaa
5 45121 eb000027c40000e4
5 45778 b000000500002010
5 46086 ea000027c48000e3
5 47559 bbbb
5 53124 b000bbbb00000014
# Core 6 LOG DUMP ==================================================
# DCB 6 ffffff00019a0c00 monitor
6 3532 ffffcccc019a0c00
6 29241 aaaa
6 30438 eb000027f60000e2
6 30821 b000000500002010
6 32429 ea000027f68000e2
6 33421 bbbb
6 38916 b000bbbb00000014
6 45637 aaaa
6 46572 eb000027f60000e3
6 46736 b000000500002010
6 47082 ea000027f68000e3
6 47967 bbbb
6 53291 b000bbbb00000014
# Core 7 LOG DUMP ==================================================
# DCB 7 ffffff00019a0e00 monitor
7 2311 ffffcccc019a0e00
7 29914 aaaa
7 31119 eb00002d6a0000e2
7 32152 b000000500002010
7 33281 ea00002d6a8000e2
7 34458 bbbb
7 38487 b000bbbb00000014
7 46109 aaaa
7 47249 eb00002d6a0000e3
7 47634 b000000500002010
7 47945 ea00002d6a8000e3
7 48791 bbbb
7 53076 b000bbbb00000014
# Core 8 LOG DUMP ==================================================
# DCB 8 ffffff00019a1000 monitor
8 3701 ffffcccc019a1000
# Core 9 LOG DUMP ==================================================
# DCB 9 ffffff0003948600 e1000n
# DCB 9 ffffff00019a1200 monitor
9 6123 ffffcccc03948600
9 6610 ffffcccc019a1200
9 9875 ffffcccc03948600
# Core 10 LOG DUMP ==================================================
# DCB 10 ffffff00019a1400 monitor
10 4640 ffffcccc019a1400
# Core 11 LOG DUMP ==================================================
# DCB 11 ffffff00019a1600 monitor
11 2930 ffffcccc019a1600
# Core 12 LOG DUMP ==================================================
# DCB 12 ffffff00019a1800 monitor
12 4126 ffffcccc019a1800
# Core 13 LOG DUMP ==================================================
# DCB 13 ffffff00019a1a00 monitor
13 5109 ffffcccc019a1a00
# Core 14 LOG DUMP ==================================================
# DCB 14 ffffff00019a1c00 monitor
14 4657 ffffcccc019a1c00
# Core 15 LOG DUMP ==================================================
# DCB 15 ffffff0003948800 bfscope
# DCB 15 ffffff00019a1e00 monitor
15 5146 ffffcccc03948800
15 5385 ffffcccc019a1e00
15 8606 ffffcccc03948800
