# Core 0 LOG DUMP ==================================================
0 0 1234000000000001
# DCB 0 ffffff0003948a00 fish
# DCB 0 ffffff0003948400 serial
# DCB 0 ffffff0003948200 pci
# DCB 0 ffffff0003948000 skb
# DCB 0 ffffff00019a0000 chips
# DCB 0 ffffff0001e06000 mem_serv
# DCB 0 ffffff0001e06200 monitor
0 7487 ffffcccc03948a00
0 8314 ffffcccc01e06200
0 13170 ffffcccc03948a00
0 15763 ffffcccc01e06200
0 21075 aaaa
0 22389 b000000300000000
0 23473 ea000021620000fb
0 24018 ea0000202a0000f9
0 24519 ea000020980000f8
0 25290 ea000021000000f8
0 27369 bbbb
0 28658 aaaa
0 29217 eb0000202a8000f8
0 30428 b000000600002050
0 31700 eb000020988000f8
0 32426 b000000600002050
0 34387 eb000021008000f8
0 34878 b000000600002050
0 36609 bbbb
0 38720 aaaa
0 39197 eb000021628000fb
0 39724 b000000600002050
0 40300 ea000021620000fc
0 40723 ea0000202a0000fa
0 41143 ea000020980000f9
0 41583 ea000021000000f9
0 43345 bbbb
0 44629 aaaa
0 45152 eb0000202a8000f9
0 46087 b000000600002050
0 47899 eb000020988000f9
0 48809 b000000600002050
0 50753 eb000021008000f9
0 51258 b000000600002050
0 53080 eb000021628000fc
0 54196 b000000600002050
0 55446 ffffcccc03948a00
0 58312 1234000000000000
# Core 1 LOG DUMP ==================================================
# DCB 1 ffffff00019a0200 monitor
1 2151 ffffcccc019a0200
1 25093 aaaa
1 25819 eb0000202a0000f9
1 26511 b000000500002050
1 27244 ea0000202a8000f8
1 28297 bbbb
1 35822 b000bbbb00000014
1 42046 aaaa
1 42693 eb0000202a0000fa
1 42857 b000000500002050
1 43163 ea0000202a8000f9
1 44214 bbbb
1 51732 b000bbbb00000014
# Core 2 LOG DUMP ==================================================
# DCB 2 ffffff00019a0400 monitor
2 4160 ffffcccc019a0400
2 26362 aaaa
2 26968 eb000020980000f8
2 27351 b000000500002050
2 28360 ea000020988000f8
2 29401 bbbb
2 37320 b000bbbb00000014
2 42814 aaaa
2 43377 eb000020980000f9
2 43818 b000000500002050
2 44164 ea000020988000f9
2 45150 bbbb
2 52944 b000bbbb00000014
# Core 3 LOG DUMP ==================================================
# DCB 3 ffffff00019a0600 monitor
3 2067 ffffcccc019a0600
3 26944 aaaa
3 27568 eb000021000000f8
3 28102 b000000500002050
3 28844 ea000021008000f8
3 29890 bbbb
3 36980 b000bbbb00000014
3 43121 aaaa
3 44138 eb000021000000f9
3 44310 b000000500002050
3 44614 ea000021008000f9
3 45530 bbbb
3 52795 b000bbbb00000014
# Core 4 LOG DUMP ==================================================
# DCB 4 ffffff00019a0800 monitor
4 3944 ffffcccc019a0800
4 24897 aaaa
4 25621 eb000021620000fb
4 26268 b000000500002050
4 27343 ea000027c40000e9
4 27853 ea000027f60000e8
4 28946 ea00002d6a0000e8
4 30583 bbbb
4 33010 aaaa
4 33479 eb000027c48000e8
4 33743 b000000600002010
4 34638 eb00002d6a8000e8
4 35288 b000000600002010
4 35998 eb000027f68000e8
4 36226 b000000600002010
4 36649 ea000021628000fb
4 37617 bbbb
4 41458 aaaa
4 41862 eb000021620000fc
4 42337 b000000500002050
4 43162 ea000027c40000ea
4 43657 ea000027f60000e9
4 44715 ea00002d6a0000e9
4 45731 bbbb
4 47927 aaaa
4 48473 eb000027f68000e9
4 48900 b000000600002010
4 49573 eb000027c48000e9
4 50176 b000000600002010
4 51047 eb00002d6a8000e9
4 51429 b000000600002010
4 52045 ea000021628000fc
4 53182 bbbb
# Core 5 LOG DUMP ==================================================
# DCB 5 ffffff00019a0a00 monitor
5 2405 ffffcccc019a0a00
5 28672 aaaa
5 29677 eb000027c40000e9
5 30580 b000000500002010
5 31773 ea000027c48000e8
5 32820 bbbb
5 38366 b000bbbb00000014
5 44826 aaaa
5 45523 eb000027c40000ea
5 45693 b000000500002010
5 46921 ea000027c48000e9
5 47824 bbbb
5 53418 b000bbbb00000014
# Core 6 LOG DUMP ==================================================
# DCB 6 ffffff00019a0c00 monitor
6 3394 ffffcccc019a0c00
6 29871 aaaa
6 31048 eb000027f60000e8
6 32224 b000000500002010
6 33240 ea000027f68000e8
6 34415 bbbb
6 39269 b000bbbb00000014
6 45324 aaaa
6 46235 eb000027f60000e9
6 46399 b000000500002010
6 46709 ea000027f68000e9
6 47555 bbbb
6 52840 b000bbbb00000014
# Core 7 LOG DUMP ==================================================
# DCB 7 ffffff00019a0e00 monitor
7 2665 ffffcccc019a0e00
7 30818 aaaa
7 31963 eb00002d6a0000e8
7 32647 b000000500002010
7 33888 ea00002d6a8000e8
7 34776 bbbb
7 39004 b000bbbb00000014
7 46002 aaaa
7 47143 eb00002d6a0000e9
7 47527 b000000500002010
7 47839 ea00002d6a8000e9
7 48658 bbbb
7 52849 b000bbbb00000014
# Core 8 LOG DUMP ==================================================
# DCB 8 ffffff00019a1000 monitor
8 4620 ffffcccc019a1000
# Core 9 LOG DUMP ==================================================
# DCB 9 ffffff0003948600 e1000n
# DCB 9 ffffff00019a1200 monitor
9 5907 ffffcccc03948600
9 6400 ffffcccc019a1200
9 9610 ffffcccc03948600
# Core 10 LOG DUMP ==================================================
# DCB 10 ffffff00019a1400 monitor
10 3179 ffffcccc019a1400
# Core 11 LOG DUMP ==================================================
# DCB 11 ffffff00019a1600 monitor
11 4056 ffffcccc019a1600
# Core 12 LOG DUMP ==================================================
# DCB 12 ffffff00019a1800 monitor
12 4949 ffffcccc019a1800
# Core 13 LOG DUMP ==================================================
# DCB 13 ffffff00019a1a00 monitor
13 5164 ffffcccc019a1a00
# Core 14 LOG DUMP ==================================================
# DCB 14 ffffff00019a1c00 monitor
14 3447 ffffcccc019a1c00
# Core 15 LOG DUMP ==================================================
# DCB 15 ffffff0003948800 bfscope
# DCB 15 ffffff00019a1e00 monitor
15 4357 ffffcccc03948800
15 4587 ffffcccc019a1e00
15 7513 ffffcccc03948800
