# Core 0 LOG DUMP ==================================================
0 0 1234000000000001
# DCB 0 ffffff0003948a00 fish
# DCB 0 ffffff0003948400 serial
# DCB 0 ffffff0003948200 pci
# DCB 0 ffffff0003948000 skb
# DCB 0 ffffff00019a0000 chips
# DCB 0 ffffff0001e06000 mem_serv
# DCB 0 ffffff0001e06200 monitor
0 6821 ffffcccc03948a00
0 7259 ffffcccc01e06200
0 12102 ffffcccc03948a00
0 14689 ffffcccc01e06200
0 20004 aaaa
0 21302 b000000300000000
0 22712 ea000021620000fd
0 23248 ea0000202a0000fb
0 23751 ea000020980000fa
0 24538 ea000021000000fa
0 26366 bbbb
0 27778 aaaa
0 28309 eb0000202a8000fa
0 29662 b000000600004050
0 30973 eb000020988000fa
0 31713 b000000600004050
0 33835 eb000021008000fa
0 34348 b000000600004050
0 35962 bbbb
0 38933 aaaa
0 39426 eb000021628000fd
0 39923 b000000600004050
0 40275 ea000021620000fe
0 40697 ea0000202a0000fc
0 41127 ea000020980000fb
0 41585 ea000021000000fb
0 43693 bbbb
0 45068 aaaa
0 45772 eb0000202a8000fb
0 46629 b000000600004050
0 48270 eb000020988000fb
0 49135 b000000600004050
0 51066 eb000021008000fb
0 52055 b000000600004050
0 53809 bbbb
0 56057 aaaa
0 56551 eb000021628000fe
0 57019 b000000600004050
0 58081 ffffcccc03948a00
0 60694 1234000000000000
# Core 1 LOG DUMP ==================================================
# DCB 1 ffffff00019a0200 monitor
1 1968 ffffcccc019a0200
1 24802 aaaa
1 25408 eb0000202a0000fb
1 25791 b000000500004050
1 26536 ea0000202a8000fa
1 27789 bbbb
1 35527 b000bbbb00000014
1 41775 aaaa
1 42263 eb0000202a0000fc
1 42427 b000000500004050
1 42731 ea0000202a8000fb
1 43756 bbbb
1 51584 b000bbbb00000014
# Core 2 LOG DUMP ==================================================
# DCB 2 ffffff00019a0400 monitor
2 2813 ffffcccc019a0400
2 25638 aaaa
2 26259 eb000020980000fa
2 26640 b000000500004050
2 27858 ea000020988000fa
2 29077 bbbb
2 36457 b000bbbb00000014
2 42281 aaaa
2 42954 eb000020980000fb
2 43117 b000000500004050
2 43423 ea000020988000fb
2 44403 bbbb
2 52352 b000bbbb00000014
# Core 3 LOG DUMP ==================================================
# DCB 3 ffffff00019a0600 monitor
3 2037 ffffcccc019a0600
3 25789 aaaa
3 26481 eb000021000000fa
3 27100 b000000500004050
3 27844 ea000021008000fa
3 29292 bbbb
3 36354 b000bbbb00000014
3 43588 aaaa
3 44329 eb000021000000fb
3 44550 b000000500004050
3 44854 ea000021008000fb
3 45826 bbbb
3 53134 b000bbbb00000014
# Core 4 LOG DUMP ==================================================
# DCB 4 ffffff00019a0800 monitor
4 4328 ffffcccc019a0800
4 24187 aaaa
4 24906 eb000021620000fd
4 25682 b000000500004050
4 26736 ea000027c40000eb
4 27953 ea000027f60000ea
4 29386 ea00002d6a0000ea
4 30958 bbbb
4 32605 aaaa
4 33567 eb000027c48000ea
4 33831 b000000600002010
4 34741 eb000027f68000ea
4 35401 b000000600002010
4 36303 eb00002d6a8000ea
4 36700 b000000600002010
4 37132 ea000021628000fd
4 38266 bbbb
4 41394 aaaa
4 41787 eb000021620000fe
4 42456 b000000500004050
4 43237 ea000027c40000ec
4 43734 ea000027f60000eb
4 44268 ea00002d6a0000eb
4 45631 bbbb
4 48435 aaaa
4 49491 eb000027c48000eb
4 49921 b000000600002010
4 50806 eb00002d6a8000eb
4 51280 b000000600002010
4 51926 eb000027f68000eb
4 52369 b000000600002010
4 53154 ea000021628000fe
4 54394 bbbb
4 59815 b000bbbb00000014
# Core 5 LOG DUMP ==================================================
# DCB 5 ffffff00019a0a00 monitor
5 4471 ffffcccc019a0a00
5 28897 aaaa
5 29884 eb000027c40000eb
5 30270 b000000500002010
5 31113 ea000027c48000ea
5 32080 bbbb
5 37799 b000bbbb00000014
5 44965 aaaa
5 45496 eb000027c40000ec
5 45982 b000000500002010
5 46299 ea000027c48000eb
5 48124 bbbb
5 53776 b000bbbb00000014
# Core 6 LOG DUMP ==================================================
# DCB 6 ffffff00019a0c00 monitor
6 3814 ffffcccc019a0c00
6 30084 aaaa
6 30801 eb000027f60000ea
6 31184 b000000500002010
6 32147 ea000027f68000ea
6 33339 bbbb
6 38201 b000bbbb00000014
6 45342 aaaa
6 45865 eb000027f60000eb
6 46030 b000000500002010
6 46339 ea000027f68000eb
6 48226 bbbb
6 53657 b000bbbb00000014
# Core 7 LOG DUMP ==================================================
# DCB 7 ffffff00019a0e00 monitor
7 2734 ffffcccc019a0e00
7 31409 aaaa
7 32355 eb00002d6a0000ea
7 33478 b000000500002010
7 34187 ea00002d6a8000ea
7 35097 bbbb
7 39195 b000bbbb00000014
7 46169 aaaa
7 46975 eb00002d6a0000eb
7 47164 b000000500002010
7 47469 ea00002d6a8000eb
7 48282 bbbb
7 52927 b000bbbb00000014
# Core 8 LOG DUMP ==================================================
# DCB 8 ffffff00019a1000 monitor
8 3556 ffffcccc019a1000
# Core 9 LOG DUMP ==================================================
# DCB 9 ffffff0003948600 e1000n
# DCB 9 ffffff00019a1200 monitor
9 4243 ffffcccc03948600
9 4431 ffffcccc019a1200
9 7401 ffffcccc03948600
# Core 10 LOG DUMP ==================================================
# DCB 10 ffffff00019a1400 monitor
10 4071 ffffcccc019a1400
# Core 11 LOG DUMP ==================================================
# DCB 11 ffffff00019a1600 monitor
11 2275 ffffcccc019a1600
# Core 12 LOG DUMP ==================================================
# DCB 12 ffffff00019a1800 monitor
12 3043 ffffcccc019a1800
# Core 13 LOG DUMP ==================================================
# DCB 13 ffffff00019a1a00 monitor
13 5806 ffffcccc019a1a00
# Core 14 LOG DUMP ==================================================
# DCB 14 ffffff00019a1c00 monitor
14 5083 ffffcccc019a1c00
# Core 15 LOG DUMP ==================================================
# DCB 15 ffffff0003948800 bfscope
# DCB 15 ffffff00019a1e00 monitor
15 4477 ffffcccc03948800
15 4712 ffffcccc019a1e00
15 7645 ffffcccc03948800
