# Core 0 LOG DUMP ==================================================
0 0 1234000000000001
# DCB 0 ffffff00072a9a00 fish
# DCB 0 ffffff00042e8a00 pixels
# DCB 0 ffffff00042e8400 serial
# DCB 0 ffffff00042e8200 pci
# DCB 0 ffffff00042e8000 skb
# DCB 0 ffffff000200a000 chips
# DCB 0 ffffff007f206000 mem_serv
# DCB 0 ffffff007f206200 monitor
0 7965 ffffcccc072a9a00
0 8152 ffffcccc7f206200
0 14731 ffffcccc072a9a00
0 17345 ffffcccc7f206200
0 24882 aaaa
0 25989 b000000300000000
0 27387 ea000029580000e5
0 27927 ea000020fc0000e3
0 28447 ea000021880000e2
0 28960 ea000021f00000e2
0 31374 bbbb
0 33467 aaaa
0 34072 eb000020fc8000e2
0 34847 b000000600009bd0
0 35854 eb000021888000e2
0 36870 b000000600009bd0
0 39076 eb000021f08000e2
0 39562 b000000600009bd0
0 42601 eb000029588000e5
0 43091 b000000600009bd0
0 43951 ea000029580000e6
0 45132 ea000020fc0000e4
0 45533 ea000021880000e3
0 45956 ea000021f00000e3
0 47883 eb000020fc8000e3
0 48374 b000000600009bd0
0 49821 eb000021888000e3
0 50619 b000000600009bd0
0 53028 eb000021f08000e3
0 53484 b000000600009bd0
0 56411 bbbb
0 58908 aaaa
0 59709 eb000029588000e6
0 59922 b000000600009bd0
0 61000 ffffcccc072a9a00
0 66359 ffffcccc042e8400
0 68807 aaaa
0 161553 bbbb
0 162116 ffffcccc7f206200
0 171564 bbbb
0 202776 ffffcccc072a9a00
0 206016 ffffcccc042e8400
0 207947 aaaa
0 332080 bbbb
0 332842 ffffcccc7f206200
0 339383 ffffcccc072a9a00
0 342566 ffffcccc042e8400
0 344452 aaaa
0 503194 bbbb
0 503714 ffffcccc7f206200
0 510271 ffffcccc072a9a00
0 513399 ffffcccc042e8400
0 515515 aaaa
0 673890 bbbb
0 674411 ffffcccc7f206200
0 680960 ffffcccc072a9a00
0 684375 ffffcccc042e8400
0 686266 aaaa
0 844746 bbbb
0 845268 ffffcccc7f206200
0 852081 ffffcccc072a9a00
0 855255 ffffcccc042e8400
0 857138 aaaa
0 1015602 bbbb
0 1016352 ffffcccc7f206200
0 1022885 ffffcccc072a9a00
0 1026012 ffffcccc042e8400
0 1027890 aaaa
0 1186517 bbbb
0 1187036 ffffcccc7f206200
0 1193604 ffffcccc072a9a00
0 1196781 ffffcccc042e8400
0 1198914 aaaa
0 1357373 bbbb
0 1357892 ffffcccc7f206200
0 1364460 ffffcccc072a9a00
0 1367895 ffffcccc042e8400
0 1369773 aaaa
0 1528229 bbbb
0 1528748 ffffcccc7f206200
0 1535542 ffffcccc072a9a00
0 1538712 ffffcccc042e8400
0 1540593 aaaa
0 1699085 bbbb
0 1699837 ffffcccc7f206200
0 1706403 ffffcccc072a9a00
0 1709532 ffffcccc042e8400
0 1711411 aaaa
0 1870098 bbbb
0 1870619 ffffcccc7f206200
0 1877181 ffffcccc072a9a00
0 1880358 ffffcccc042e8400
0 1882481 aaaa
0 2040954 bbbb
0 2041475 ffffcccc7f206200
0 2048033 ffffcccc072a9a00
0 2051439 ffffcccc042e8400
0 2053319 aaaa
0 2211754 bbbb
0 2212274 ffffcccc7f206200
0 2219073 ffffcccc072a9a00
0 2222228 ffffcccc042e8400
0 2224109 aaaa
0 2382567 bbbb
0 2383350 ffffcccc7f206200
0 2389898 ffffcccc072a9a00
0 2393025 ffffcccc042e8400
0 2394908 aaaa
0 2553522 bbbb
0 2554043 ffffcccc7f206200
0 2560594 ffffcccc072a9a00
0 2563761 ffffcccc042e8400
0 2565891 aaaa
0 2724378 bbbb
0 2724899 ffffcccc7f206200
0 2731427 ffffcccc072a9a00
0 2734809 ffffcccc042e8400
0 2736674 aaaa
0 2895135 bbbb
0 2895656 ffffcccc7f206200
0 2902458 ffffcccc072a9a00
0 2905587 ffffcccc042e8400
0 2907466 aaaa
0 3065818 bbbb
0 3066568 ffffcccc7f206200
0 3073116 ffffcccc072a9a00
0 3076899 ffffcccc042e8400
0 3078791 aaaa
0 3237538 bbbb
0 3238054 ffffcccc7f206200
0 3244594 ffffcccc072a9a00
0 3248115 ffffcccc042e8400
0 3250246 aaaa
0 3408725 bbbb
0 3409244 ffffcccc7f206200
0 3415786 ffffcccc072a9a00
0 3418520 ffffcccc042e8400
0 3420389 aaaa
0 3578818 bbbb
0 3579335 ffffcccc7f206200
0 3586093 ffffcccc072a9a00
0 3589059 1234000000000000
# Core 1 LOG DUMP ==================================================
# DCB 1 ffffff00042e8c00 pixels
# DCB 1 ffffff000200a200 monitor
1 2310 ffffcccc0200a200
1 29576 aaaa
1 30209 eb000020fc0000e3
1 30978 b000000500009bd0
1 31587 ea000020fc8000e2
1 32828 bbbb
1 40272 b000bbbb00000014
1 46395 aaaa
1 46663 eb000020fc0000e4
1 46832 b000000500009bd0
1 47191 ea000020fc8000e3
1 48473 bbbb
1 56706 b000bbbb00000014
# Core 2 LOG DUMP ==================================================
# DCB 2 ffffff00042e8e00 pixels
# DCB 2 ffffff000200a400 monitor
2 2960 ffffcccc0200a400
2 29747 aaaa
2 30409 eb000021880000e2
2 31235 b000000500009bd0
2 31633 ea000021888000e2
2 33181 bbbb
2 40544 b000bbbb00000014
2 47057 aaaa
2 47524 eb000021880000e3
2 47759 b000000500009bd0
2 48086 ea000021888000e3
2 49770 bbbb
2 57428 b000bbbb00000014
# Core 3 LOG DUMP ==================================================
# DCB 3 ffffff00042e9000 pixels
# DCB 3 ffffff000200a600 monitor
3 4524 ffffcccc0200a600
3 30494 aaaa
3 31345 eb000021f00000e2
3 32964 b000000500009bd0
3 33362 ea000021f08000e2
3 34559 bbbb
3 41705 b000bbbb00000014
3 47528 aaaa
3 47860 eb000021f00000e3
3 48035 b000000500009bd0
3 48576 ea000021f08000e3
3 50143 bbbb
3 57270 b000bbbb00000014
# Core 4 LOG DUMP ==================================================
# DCB 4 ffffff00042e9200 pixels
# DCB 4 ffffff000200a800 monitor
4 3939 ffffcccc0200a800
4 29190 aaaa
4 29909 eb000029580000e5
4 30720 b000000500009bd0
4 31632 ea00002e440000cd
4 32793 ea00002e780000cc
4 33349 ea000033280000cc
4 35277 bbbb
4 37509 aaaa
4 37979 eb00002e448000cc
4 38275 b000000600003a40
4 39418 eb000033288000cc
4 39822 b000000600003a40
4 40485 eb00002e788000cc
4 40931 b000000600003a40
4 41643 ea000029588000e5
4 42795 bbbb
4 45969 aaaa
4 46365 eb000029580000e6
4 46851 b000000500009bd0
4 47720 ea00002e440000ce
4 48262 ea00002e780000cd
4 49377 ea000033280000cd
4 50849 bbbb
4 52613 aaaa
4 52853 eb00002e448000cd
4 53098 b000000600000050
4 54843 eb000033288000cd
4 55122 b000000600000050
4 55938 eb00002e788000cd
4 56176 b000000600000050
4 56824 ea000029588000e6
4 58028 bbbb
4 63324 b000bbbb00000014
# Core 5 LOG DUMP ==================================================
# DCB 5 ffffff00042e9400 pixels
# DCB 5 ffffff000200aa00 monitor
5 4079 ffffcccc0200aa00
5 33944 aaaa
5 34787 eb00002e440000cd
5 35896 b000000500003a40
5 36295 ea00002e448000cc
5 37779 bbbb
5 43283 b000bbbb00000014
5 49467 aaaa
5 50036 eb00002e440000ce
5 50214 b000000500000050
5 51203 ea00002e448000cd
5 52584 bbbb
5 57932 b000bbbb00000014
# Core 6 LOG DUMP ==================================================
# DCB 6 ffffff00042e9600 pixels
# DCB 6 ffffff000200ac00 monitor
6 2735 ffffcccc0200ac00
6 34475 aaaa
6 35007 eb00002e780000cc
6 36380 b000000500003a40
6 37222 ea00002e788000cc
6 38425 bbbb
6 42964 b000bbbb00000014
6 50399 aaaa
6 51250 eb00002e780000cd
6 52190 b000000500000050
6 52521 ea00002e788000cd
6 53922 bbbb
6 58704 b000bbbb00000014
# Core 7 LOG DUMP ==================================================
# DCB 7 ffffff00042e9800 pixels
# DCB 7 ffffff000200ae00 monitor
7 3152 ffffcccc0200ae00
7 35564 aaaa
7 36446 eb000033280000cc
7 37589 b000000500003a40
7 38603 ea000033288000cc
7 39480 bbbb
7 44079 b000bbbb00000014
7 51287 aaaa
7 52458 eb000033280000cd
7 52626 b000000500000050
7 52961 ea000033288000cd
7 54114 bbbb
7 58667 b000bbbb00000014
# Core 8 LOG DUMP ==================================================
# DCB 8 ffffff00042e9a00 pixels
# DCB 8 ffffff000200b000 monitor
8 4143 ffffcccc0200b000
# Core 9 LOG DUMP ==================================================
# DCB 9 ffffff00042e9c00 pixels
# DCB 9 ffffff000200b200 monitor
9 3378 ffffcccc0200b200
# Core 10 LOG DUMP ==================================================
# DCB 10 ffffff00042e9e00 pixels
# DCB 10 ffffff000200b400 monitor
10 4686 ffffcccc0200b400
# Core 11 LOG DUMP ==================================================
# DCB 11 ffffff00072a9000 pixels
# DCB 11 ffffff00042e8600 e1000n
# DCB 11 ffffff000200b600 monitor
11 6599 ffffcccc042e8600
11 6791 ffffcccc0200b600
11 10077 ffffcccc042e8600
# Core 12 LOG DUMP ==================================================
# DCB 12 ffffff00072a9200 pixels
# DCB 12 ffffff000200b800 monitor
12 4913 ffffcccc0200b800
# Core 13 LOG DUMP ==================================================
# DCB 13 ffffff00072a9400 pixels
# DCB 13 ffffff000200ba00 monitor
13 5210 ffffcccc0200ba00
# Core 14 LOG DUMP ==================================================
# DCB 14 ffffff00072a9600 pixels
# DCB 14 ffffff000200bc00 monitor
14 2973 ffffcccc0200bc00
# Core 15 LOG DUMP ==================================================
# DCB 15 ffffff00072a9800 pixels
# DCB 15 ffffff00042e8800 bfscope
# DCB 15 ffffff000200be00 monitor
15 5856 ffffcccc042e8800
15 6051 ffffcccc0200be00
15 9027 ffffcccc042e8800
