# Core 0 LOG DUMP ==================================================
0 0 1234000000000001
# DCB 0 ffffff00071dca00 fish
# DCB 0 ffffff0004257a00 pixels
# DCB 0 ffffff0004257400 serial
# DCB 0 ffffff0004257200 pci
# DCB 0 ffffff0004257000 skb
# DCB 0 ffffff0001b29000 chips
# DCB 0 ffffff0001e06000 mem_serv
# DCB 0 ffffff0001e06200 monitor
0 8383 ffffcccc071dca00
0 8570 ffffcccc01e06200
0 10088 bbbb
0 17333 bbbb
0 19873 bbbb
0 22150 bbbb
0 24316 bbbb
0 26511 bbbb
0 28962 bbbb
0 31192 bbbb
0 33374 bbbb
0 35558 bbbb
0 38041 bbbb
0 40246 bbbb
0 42479 bbbb
0 44682 bbbb
0 47143 bbbb
0 49327 bbbb
0 51505 bbbb
0 53681 bbbb
0 56129 bbbb
0 58339 bbbb
0 60523 bbbb
0 62702 bbbb
0 65186 bbbb
0 67375 bbbb
0 69567 bbbb
0 71780 bbbb
0 74242 bbbb
0 76414 bbbb
0 78595 bbbb
0 80749 bbbb
0 83205 bbbb
0 85415 bbbb
0 87594 bbbb
0 89771 bbbb
0 92248 bbbb
0 94427 bbbb
0 96579 bbbb
0 98807 bbbb
0 101232 bbbb
0 103403 bbbb
0 105616 bbbb
0 107828 bbbb
0 110340 bbbb
0 112544 bbbb
0 114730 bbbb
0 116909 bbbb
0 119381 bbbb
0 121560 bbbb
0 123751 bbbb
0 125964 bbbb
0 128447 bbbb
0 130649 bbbb
0 132828 bbbb
0 135029 bbbb
0 137494 bbbb
0 139697 bbbb
0 141859 bbbb
0 144055 bbbb
0 146521 bbbb
0 148697 bbbb
0 150891 bbbb
0 153083 bbbb
0 155528 bbbb
0 157756 bbbb
0 159974 bbbb
0 162178 bbbb
0 164660 bbbb
0 166880 bbbb
0 169080 bbbb
0 171278 bbbb
0 173719 bbbb
0 175877 bbbb
0 178082 bbbb
0 180305 bbbb
0 182742 bbbb
0 184931 bbbb
0 187126 bbbb
0 189294 bbbb
0 191726 bbbb
0 193915 bbbb
0 196092 bbbb
0 198285 bbbb
0 200777 bbbb
0 202951 bbbb
0 205138 bbbb
0 207401 bbbb
0 209864 bbbb
0 212050 bbbb
0 214270 bbbb
0 216447 bbbb
0 218924 bbbb
0 221153 bbbb
0 223336 bbbb
0 225549 bbbb
0 228002 bbbb
0 230165 bbbb
0 232412 bbbb
0 234585 bbbb
0 237052 bbbb
0 239267 bbbb
0 241479 bbbb
0 243645 bbbb
0 246086 bbbb
0 248309 bbbb
0 250499 bbbb
0 252704 bbbb
0 255161 bbbb
0 257326 bbbb
0 259547 bbbb
0 261738 bbbb
0 264176 bbbb
0 266399 bbbb
0 268667 bbbb
0 270819 bbbb
0 273237 bbbb
0 275470 bbbb
0 277676 bbbb
0 279900 bbbb
0 282374 bbbb
0 284551 bbbb
0 286748 bbbb
0 288915 bbbb
0 291368 bbbb
0 293581 bbbb
0 295796 bbbb
0 297996 bbbb
0 300472 bbbb
0 302666 bbbb
0 304843 bbbb
0 307071 bbbb
0 309544 bbbb
0 311735 bbbb
0 314023 bbbb
0 316232 bbbb
0 318685 bbbb
0 320915 bbbb
0 323133 bbbb
0 325325 bbbb
0 327791 bbbb
0 330035 bbbb
0 332235 bbbb
0 334431 bbbb
0 336919 bbbb
0 339108 bbbb
0 341306 bbbb
0 343502 bbbb
0 345935 bbbb
0 348148 bbbb
0 350372 bbbb
0 352547 bbbb
0 354994 bbbb
0 357184 bbbb
0 359397 bbbb
0 361597 bbbb
0 364099 bbbb
0 366289 bbbb
0 368500 bbbb
0 370696 bbbb
0 373112 bbbb
0 375306 bbbb
0 377501 bbbb
0 379697 bbbb
0 382166 bbbb
0 384418 bbbb
0 386565 bbbb
0 388718 bbbb
0 391235 bbbb
0 393401 bbbb
0 395596 bbbb
0 397836 bbbb
0 400280 bbbb
0 402481 bbbb
0 404741 bbbb
0 406922 bbbb
0 409416 bbbb
0 411643 bbbb
0 413829 bbbb
0 416018 bbbb
0 418484 bbbb
0 420667 bbbb
0 422839 bbbb
0 425017 bbbb
0 427418 bbbb
0 429589 bbbb
0 431870 bbbb
0 434009 bbbb
0 436508 bbbb
0 438723 bbbb
0 440891 bbbb
0 443084 bbbb
0 445533 bbbb
0 447748 bbbb
0 449956 bbbb
0 452167 bbbb
0 454596 bbbb
0 456786 bbbb
0 458973 bbbb
0 461150 bbbb
0 463631 bbbb
0 465840 bbbb
0 468005 bbbb
0 470195 bbbb
0 472694 bbbb
0 474871 bbbb
0 477061 bbbb
0 479256 bbbb
0 481706 bbbb
0 483884 bbbb
0 486082 bbbb
0 488227 bbbb
0 490703 bbbb
0 492923 bbbb
0 495104 bbbb
0 497278 bbbb
0 499823 bbbb
0 502002 bbbb
0 504225 bbbb
0 506423 bbbb
0 508855 bbbb
0 511052 bbbb
0 513216 bbbb
0 515384 bbbb
0 517840 bbbb
0 520037 bbbb
0 522235 bbbb
0 524435 bbbb
0 526912 bbbb
0 529110 bbbb
0 531332 bbbb
0 533516 bbbb
0 535967 bbbb
0 538244 bbbb
0 540440 bbbb
0 542581 bbbb
0 545078 bbbb
0 547319 bbbb
0 549535 bbbb
0 551747 bbbb
0 554211 bbbb
0 556385 bbbb
0 558602 bbbb
0 560805 bbbb
0 563388 bbbb
0 565630 bbbb
0 567805 bbbb
0 570067 bbbb
0 572491 bbbb
0 574634 bbbb
0 576845 bbbb
0 579059 bbbb
0 581465 bbbb
0 583718 bbbb
0 585891 bbbb
0 588130 bbbb
0 590609 bbbb
0 592769 bbbb
0 594989 bbbb
0 597184 bbbb
0 599586 bbbb
0 601805 bbbb
0 604018 bbbb
0 606152 bbbb
0 608618 bbbb
0 610867 bbbb
0 613001 bbbb
0 615278 bbbb
0 617767 bbbb
0 619945 bbbb
0 622187 bbbb
0 624385 bbbb
0 626778 bbbb
0 629053 bbbb
0 631247 bbbb
0 633410 bbbb
0 635920 bbbb
0 638105 bbbb
0 640252 bbbb
0 642482 bbbb
0 644968 bbbb
0 647122 bbbb
0 649377 bbbb
0 651616 bbbb
0 654044 bbbb
0 656323 bbbb
0 658520 bbbb
0 660660 bbbb
0 663181 bbbb
0 665376 bbbb
0 667525 bbbb
0 669776 bbbb
0 672247 bbbb
0 674412 bbbb
0 676667 bbbb
0 678865 bbbb
0 681386 bbbb
0 683657 bbbb
0 685862 bbbb
0 688092 bbbb
0 690575 bbbb
0 692758 bbbb
0 695021 bbbb
0 697249 bbbb
0 699673 bbbb
0 701891 bbbb
0 704096 bbbb
0 706213 bbbb
0 708678 bbbb
0 710892 bbbb
0 713029 bbbb
0 715283 bbbb
0 717729 bbbb
0 719869 bbbb
0 722087 bbbb
0 724306 bbbb
0 726701 bbbb
0 728897 bbbb
0 731093 bbbb
0 733280 bbbb
0 735750 bbbb
0 737923 bbbb
0 740188 bbbb
0 742447 bbbb
0 744956 bbbb
0 747197 bbbb
0 749345 bbbb
0 751599 bbbb
0 754107 bbbb
0 756346 bbbb
0 758581 bbbb
0 760727 bbbb
0 763236 bbbb
0 765449 bbbb
0 767585 bbbb
0 769804 bbbb
0 772324 bbbb
0 774466 bbbb
0 776700 bbbb
0 778914 bbbb
0 781358 bbbb
0 783599 bbbb
0 785825 bbbb
0 787969 bbbb
0 790450 bbbb
0 792661 bbbb
0 794813 bbbb
0 797053 bbbb
0 799526 bbbb
0 801661 bbbb
0 803886 bbbb
0 806095 bbbb
0 808507 bbbb
0 810730 bbbb
0 812965 bbbb
0 815225 bbbb
0 817695 bbbb
0 819833 bbbb
0 822050 bbbb
0 824288 bbbb
0 826684 bbbb
0 828929 bbbb
0 831124 bbbb
0 833255 bbbb
0 835764 bbbb
0 837997 bbbb
0 840165 bbbb
0 842392 bbbb
0 844880 bbbb
0 847035 bbbb
0 849229 bbbb
0 851429 bbbb
0 853891 bbbb
0 856122 bbbb
0 858320 bbbb
0 860462 bbbb
0 862973 bbbb
0 865196 bbbb
0 867400 bbbb
0 869612 bbbb
0 872071 bbbb
0 874348 bbbb
0 876577 bbbb
0 878773 bbbb
0 881273 bbbb
0 883513 bbbb
0 885754 bbbb
0 887945 bbbb
0 890371 bbbb
0 892573 bbbb
0 894782 bbbb
0 896926 bbbb
0 899351 bbbb
0 901582 bbbb
0 903732 bbbb
0 905945 bbbb
0 908417 bbbb
0 910547 bbbb
0 912772 bbbb
0 915030 bbbb
0 917496 bbbb
0 919710 bbbb
0 921887 bbbb
0 924152 bbbb
0 926621 bbbb
0 928889 bbbb
0 931093 bbbb
0 933270 bbbb
0 935710 bbbb
0 937916 bbbb
0 940028 bbbb
0 942288 bbbb
0 944732 bbbb
0 946877 bbbb
0 949102 bbbb
0 951333 bbbb
0 953713 bbbb
0 955961 bbbb
0 958168 bbbb
0 960306 bbbb
0 962818 bbbb
0 965050 bbbb
0 967158 bbbb
0 969403 bbbb
0 971881 bbbb
0 974051 bbbb
0 976283 bbbb
0 978469 bbbb
0 980899 bbbb
0 983125 bbbb
0 985347 bbbb
0 987517 bbbb
0 989998 bbbb
0 992197 bbbb
0 994353 bbbb
0 996578 bbbb
0 999053 bbbb
0 1001201 bbbb
0 1003427 bbbb
0 1005625 bbbb
0 1008020 bbbb
0 1010254 bbbb
0 1012487 bbbb
0 1014652 bbbb
0 1017145 bbbb
0 1019318 bbbb
0 1021480 bbbb
0 1023701 bbbb
0 1026222 bbbb
0 1028330 bbbb
0 1030553 bbbb
0 1032714 bbbb
0 1035152 bbbb
0 1037393 bbbb
0 1039563 bbbb
0 1041713 bbbb
0 1044187 bbbb
0 1046407 bbbb
0 1048604 bbbb
0 1050830 bbbb
0 1053307 bbbb
0 1055526 bbbb
0 1057740 bbbb
0 1059880 bbbb
0 1062380 bbbb
0 1064615 bbbb
0 1066787 bbbb
0 1069053 bbbb
0 1071539 bbbb
0 1073675 bbbb
0 1075909 bbbb
0 1078088 bbbb
0 1080468 bbbb
0 1082704 bbbb
0 1084969 bbbb
0 1087109 bbbb
0 1089576 bbbb
0 1091774 bbbb
0 1093916 bbbb
0 1096177 bbbb
0 1098613 bbbb
0 1100747 bbbb
0 1102977 bbbb
0 1105180 bbbb
0 1107513 bbbb
0 1109778 bbbb
0 1111977 bbbb
0 1114109 bbbb
0 1116582 bbbb
0 1118761 bbbb
0 1120913 bbbb
0 1123157 bbbb
0 1125603 bbbb
0 1127742 bbbb
0 1129972 bbbb
0 1132200 bbbb
0 1134683 bbbb
0 1136940 bbbb
0 1139119 bbbb
0 1141345 bbbb
0 1143881 bbbb
0 1146113 bbbb
0 1148390 bbbb
0 1150613 bbbb
0 1153071 bbbb
0 1155206 bbbb
0 1157444 bbbb
0 1159715 bbbb
0 1162181 bbbb
0 1164320 bbbb
0 1166555 bbbb
0 1168757 bbbb
0 1171171 bbbb
0 1173337 bbbb
0 1175604 bbbb
0 1177816 bbbb
0 1180260 bbbb
0 1182454 bbbb
0 1184687 bbbb
0 1186865 bbbb
0 1189310 bbbb
0 1191449 bbbb
0 1193687 bbbb
0 1195882 bbbb
0 1198288 bbbb
0 1200473 bbbb
0 1202699 bbbb
0 1204920 bbbb
0 1207375 bbbb
0 1209527 bbbb
0 1211764 bbbb
0 1213948 bbbb
0 1216392 bbbb
0 1218634 bbbb
0 1220849 bbbb
0 1223019 bbbb
0 1225412 bbbb
0 1227635 bbbb
0 1229883 bbbb
0 1232092 bbbb
0 1234490 bbbb
0 1236687 bbbb
0 1238873 bbbb
0 1241034 bbbb
0 1243478 bbbb
0 1245664 bbbb
0 1247803 bbbb
0 1249927 bbbb
0 1252387 bbbb
0 1254606 bbbb
0 1256768 bbbb
0 1258916 bbbb
0 1261423 bbbb
0 1263623 bbbb
0 1265809 bbbb
0 1267963 bbbb
0 1270473 bbbb
0 1272638 bbbb
0 1274818 bbbb
0 1276963 bbbb
0 1279419 bbbb
0 1281600 bbbb
0 1283779 bbbb
0 1285948 bbbb
0 1288421 bbbb
0 1290601 bbbb
0 1292760 bbbb
0 1294866 bbbb
0 1297369 bbbb
0 1299523 bbbb
0 1301667 bbbb
0 1303929 bbbb
0 1306384 bbbb
0 1308544 bbbb
0 1310678 bbbb
0 1312928 bbbb
0 1315373 bbbb
0 1317557 bbbb
0 1319761 bbbb
0 1321966 bbbb
0 1324433 bbbb
0 1326586 bbbb
0 1328803 bbbb
0 1330965 bbbb
0 1333422 bbbb
0 1335559 bbbb
0 1337831 bbbb
0 1339963 bbbb
0 1342412 bbbb
0 1344593 bbbb
0 1346831 bbbb
0 1349009 bbbb
0 1351402 bbbb
0 1353644 bbbb
0 1355812 bbbb
0 1357984 bbbb
0 1360356 bbbb
0 1362609 bbbb
0 1364791 bbbb
0 1366948 bbbb
0 1369319 bbbb
0 1371545 bbbb
0 1373732 bbbb
0 1375898 bbbb
0 1378286 bbbb
0 1380518 bbbb
0 1382717 bbbb
0 1384891 bbbb
0 1387284 bbbb
0 1389515 bbbb
0 1391721 bbbb
0 1393882 bbbb
0 1396304 bbbb
0 1398532 bbbb
0 1400708 bbbb
0 1402849 bbbb
0 1405391 bbbb
0 1407591 bbbb
0 1409761 bbbb
0 1411899 bbbb
0 1414367 bbbb
0 1416563 bbbb
0 1418728 bbbb
0 1420836 bbbb
0 1423296 bbbb
0 1425469 bbbb
0 1427659 bbbb
0 1429816 bbbb
0 1432322 bbbb
0 1434509 bbbb
0 1436687 bbbb
0 1438853 bbbb
0 1441403 bbbb
0 1443626 bbbb
0 1445832 bbbb
0 1448017 bbbb
0 1450522 bbbb
0 1452746 bbbb
0 1454975 bbbb
0 1457153 bbbb
0 1459666 bbbb
0 1461874 bbbb
0 1464057 bbbb
0 1466207 bbbb
0 1468685 bbbb
0 1470841 bbbb
0 1473019 bbbb
0 1475174 bbbb
0 1477630 bbbb
0 1479813 bbbb
0 1481977 bbbb
0 1484090 bbbb
0 1486529 bbbb
0 1488717 bbbb
0 1490890 bbbb
0 1493038 bbbb
0 1495462 bbbb
0 1497649 bbbb
0 1499829 bbbb
0 1501994 bbbb
0 1504433 bbbb
0 1506605 bbbb
0 1508777 bbbb
0 1510984 bbbb
0 1513412 bbbb
0 1515566 bbbb
0 1517708 bbbb
0 1519911 bbbb
0 1522339 bbbb
0 1524524 bbbb
0 1526675 bbbb
0 1528874 bbbb
0 1531310 bbbb
0 1533481 bbbb
0 1535651 bbbb
0 1537817 bbbb
0 1540265 bbbb
0 1542436 bbbb
0 1544593 bbbb
0 1546793 bbbb
0 1549219 bbbb
0 1551381 bbbb
0 1553532 bbbb
0 1555732 bbbb
0 1558172 bbbb
0 1560343 bbbb
0 1562491 bbbb
0 1564694 bbbb
0 1567165 bbbb
0 1569362 bbbb
0 1571539 bbbb
0 1573739 bbbb
0 1576176 bbbb
0 1578344 bbbb
0 1580501 bbbb
0 1582705 bbbb
0 1585108 bbbb
0 1587281 bbbb
0 1589426 bbbb
0 1591640 bbbb
0 1594132 bbbb
0 1596283 bbbb
0 1598444 bbbb
0 1600681 bbbb
0 1603145 bbbb
0 1605330 bbbb
0 1607477 bbbb
0 1609730 bbbb
0 1612147 bbbb
0 1614294 bbbb
0 1616449 bbbb
0 1618692 bbbb
0 1621088 bbbb
0 1623268 bbbb
0 1625528 bbbb
0 1627687 bbbb
0 1630168 bbbb
0 1632428 bbbb
0 1634579 bbbb
0 1636748 bbbb
0 1639158 bbbb
0 1641404 bbbb
0 1643625 bbbb
0 1645810 bbbb
0 1648267 bbbb
0 1650469 bbbb
0 1652631 bbbb
0 1654784 bbbb
0 1657229 bbbb
0 1659418 bbbb
0 1661598 bbbb
0 1663773 bbbb
0 1666237 bbbb
0 1668402 bbbb
0 1670557 bbbb
0 1672695 bbbb
0 1675168 bbbb
0 1677346 bbbb
0 1679497 bbbb
0 1681631 bbbb
0 1684123 bbbb
0 1686302 bbbb
0 1688462 bbbb
0 1690649 bbbb
0 1693140 bbbb
0 1695336 bbbb
0 1697513 bbbb
0 1699665 bbbb
0 1702192 bbbb
0 1704356 bbbb
0 1706523 bbbb
0 1708674 bbbb
0 1711108 bbbb
0 1713308 bbbb
0 1715495 bbbb
0 1717642 bbbb
0 1720210 bbbb
0 1722417 bbbb
0 1724660 bbbb
0 1726857 bbbb
0 1729291 bbbb
0 1731473 bbbb
0 1733715 bbbb
0 1735899 bbbb
0 1738349 bbbb
0 1740563 bbbb
0 1742734 bbbb
0 1744961 bbbb
0 1747484 bbbb
0 1749653 bbbb
0 1751891 bbbb
0 1754115 bbbb
0 1756537 bbbb
0 1758764 bbbb
0 1760978 bbbb
0 1763195 bbbb
0 1765619 bbbb
0 1767849 bbbb
0 1770022 bbbb
0 1772219 bbbb
0 1774706 bbbb
0 1776893 bbbb
0 1779104 bbbb
0 1781336 bbbb
0 1783795 bbbb
0 1786022 bbbb
0 1788228 bbbb
0 1790387 bbbb
0 1792876 bbbb
0 1795083 bbbb
0 1797262 bbbb
0 1799459 bbbb
0 1801934 bbbb
0 1804122 bbbb
0 1806323 bbbb
0 1808547 bbbb
0 1810982 bbbb
0 1813182 bbbb
0 1815380 bbbb
0 1817560 bbbb
0 1820024 bbbb
0 1822250 bbbb
0 1824413 bbbb
0 1826615 bbbb
0 1829094 bbbb
0 1831281 bbbb
0 1833507 bbbb
0 1835739 bbbb
0 1838197 bbbb
0 1840448 bbbb
0 1842707 bbbb
0 1844952 bbbb
0 1847466 bbbb
0 1849680 bbbb
0 1851851 bbbb
0 1854049 bbbb
0 1856486 bbbb
0 1858654 bbbb
0 1860849 bbbb
0 1863061 bbbb
0 1865447 bbbb
0 1867662 bbbb
0 1869857 bbbb
0 1872005 bbbb
0 1874489 bbbb
0 1876699 bbbb
0 1878857 bbbb
0 1881143 bbbb
0 1883651 bbbb
0 1885792 bbbb
0 1888016 bbbb
0 1890213 bbbb
0 1892664 bbbb
0 1894826 bbbb
0 1897043 bbbb
0 1899208 bbbb
0 1901656 bbbb
0 1903885 bbbb
0 1906040 bbbb
0 1908232 bbbb
0 1910738 bbbb
0 1912930 bbbb
0 1915134 bbbb
0 1917384 bbbb
0 1919859 bbbb
0 1922057 bbbb
0 1924298 bbbb
0 1926458 bbbb
0 1928902 bbbb
0 1931135 bbbb
0 1933297 bbbb
0 1935476 bbbb
0 1937959 bbbb
0 1940129 bbbb
0 1942308 bbbb
0 1944531 bbbb
0 1947005 bbbb
0 1949180 bbbb
0 1951394 bbbb
0 1953567 bbbb
0 1955995 bbbb
0 1958233 bbbb
0 1960408 bbbb
0 1962592 bbbb
0 1965110 bbbb
0 1967275 bbbb
0 1969470 bbbb
0 1971701 bbbb
0 1974112 bbbb
0 1976284 bbbb
0 1978480 bbbb
0 1980645 bbbb
0 1983087 bbbb
0 1985312 bbbb
0 1987474 bbbb
0 1989653 bbbb
0 1992184 bbbb
0 1994357 bbbb
0 1996574 bbbb
0 1998796 bbbb
0 2001195 bbbb
0 2003364 bbbb
0 2005591 bbbb
0 2007760 bbbb
0 2010201 bbbb
0 2012429 bbbb
0 2014627 bbbb
0 2016798 bbbb
0 2019257 bbbb
0 2021460 bbbb
0 2023705 bbbb
0 2025927 bbbb
0 2028425 bbbb
0 2030636 bbbb
0 2032908 bbbb
0 2035133 bbbb
0 2037618 bbbb
0 2039818 bbbb
0 2041973 bbbb
0 2044216 bbbb
0 2046714 bbbb
0 2048910 bbbb
0 2051105 bbbb
0 2053374 bbbb
0 2055749 bbbb
0 2057975 bbbb
0 2060150 bbbb
0 2062349 bbbb
0 2064790 bbbb
0 2067010 bbbb
0 2069179 bbbb
0 2071377 bbbb
0 2073814 bbbb
0 2075981 bbbb
0 2078180 bbbb
0 2080388 bbbb
0 2082795 bbbb
0 2085013 bbbb
0 2087214 bbbb
0 2089399 bbbb
0 2091831 bbbb
0 2094052 bbbb
0 2096243 bbbb
0 2098448 bbbb
0 2100893 bbbb
0 2103058 bbbb
0 2105270 bbbb
0 2107502 bbbb
0 2109895 bbbb
0 2112098 bbbb
0 2114305 bbbb
0 2116490 bbbb
0 2118971 bbbb
0 2121190 bbbb
0 2123375 bbbb
0 2125547 bbbb
0 2127998 bbbb
0 2130188 bbbb
0 2132345 bbbb
0 2134556 bbbb
0 2136980 bbbb
0 2139152 bbbb
0 2141370 bbbb
0 2143549 bbbb
0 2145986 bbbb
0 2148216 bbbb
0 2150378 bbbb
0 2152535 bbbb
0 2154959 bbbb
0 2157128 bbbb
0 2159303 bbbb
0 2161531 bbbb
0 2163986 bbbb
0 2166196 bbbb
0 2168402 bbbb
0 2170571 bbbb
0 2173010 bbbb
0 2175216 bbbb
0 2177404 bbbb
0 2179579 bbbb
0 2182033 bbbb
0 2184203 bbbb
0 2186375 bbbb
0 2188590 bbbb
0 2191003 bbbb
0 2193180 bbbb
0 2195392 bbbb
0 2197564 bbbb
0 2199984 bbbb
0 2202202 bbbb
0 2204375 bbbb
0 2206518 bbbb
0 2208973 bbbb
0 2211137 bbbb
0 2213375 bbbb
0 2215594 bbbb
0 2218029 bbbb
0 2220259 bbbb
0 2222457 bbbb
0 2224616 bbbb
0 2227042 bbbb
0 2229253 bbbb
0 2231403 bbbb
0 2233611 bbbb
0 2236048 bbbb
0 2238173 bbbb
0 2240385 bbbb
0 2242594 bbbb
0 2244977 bbbb
0 2247161 bbbb
0 2249359 bbbb
0 2251512 bbbb
0 2253939 bbbb
0 2256134 bbbb
0 2258296 bbbb
0 2260549 bbbb
0 2262991 bbbb
0 2265164 bbbb
0 2267380 bbbb
0 2269607 bbbb
0 2272010 bbbb
0 2274193 bbbb
0 2276403 bbbb
0 2278563 bbbb
0 2280988 bbbb
0 2283207 bbbb
0 2285376 bbbb
0 2287619 bbbb
0 2290056 bbbb
0 2292224 bbbb
0 2294411 bbbb
0 2296628 bbbb
0 2299220 bbbb
0 2301412 bbbb
0 2303739 bbbb
0 2305961 bbbb
0 2308403 bbbb
0 2310686 bbbb
0 2312857 bbbb
0 2315000 bbbb
0 2317484 bbbb
0 2319666 bbbb
0 2321831 bbbb
0 2324051 bbbb
0 2326511 bbbb
0 2328719 bbbb
0 2330962 bbbb
0 2333116 bbbb
0 2335546 bbbb
0 2337770 bbbb
0 2339945 bbbb
0 2342130 bbbb
0 2344595 bbbb
0 2346764 bbbb
0 2348927 bbbb
0 2351141 bbbb
0 2353622 bbbb
0 2355791 bbbb
0 2358001 bbbb
0 2360191 bbbb
0 2362592 bbbb
0 2364819 bbbb
0 2367013 bbbb
0 2369191 bbbb
0 2371628 bbbb
0 2373806 bbbb
0 2375973 bbbb
0 2378188 bbbb
0 2380634 bbbb
0 2382782 bbbb
0 2385005 bbbb
0 2387168 bbbb
0 2389640 bbbb
0 2391865 bbbb
0 2394077 bbbb
0 2396254 bbbb
0 2398703 bbbb
0 2400867 bbbb
0 2403031 bbbb
0 2405296 bbbb
0 2407699 bbbb
0 2409842 bbbb
0 2412095 bbbb
0 2414260 bbbb
0 2416706 bbbb
0 2418947 bbbb
0 2421125 bbbb
0 2423291 bbbb
0 2425776 bbbb
0 2427988 bbbb
0 2430191 bbbb
0 2432420 bbbb
0 2434870 bbbb
0 2437033 bbbb
0 2439252 bbbb
0 2441468 bbbb
0 2443895 bbbb
0 2446109 bbbb
0 2448263 bbbb
0 2450413 bbbb
0 2452929 bbbb
0 2455085 bbbb
0 2457236 bbbb
0 2459512 bbbb
0 2461943 bbbb
0 2464118 bbbb
0 2466324 bbbb
0 2468519 bbbb
0 2470969 bbbb
0 2473223 bbbb
0 2475433 bbbb
0 2477607 bbbb
0 2480104 bbbb
0 2482279 bbbb
0 2484467 bbbb
0 2486711 bbbb
0 2489188 bbbb
0 2491361 bbbb
0 2493602 bbbb
0 2495814 bbbb
0 2498204 bbbb
0 2500461 bbbb
0 2502657 bbbb
0 2504830 bbbb
0 2507333 bbbb
0 2509511 bbbb
0 2511684 bbbb
0 2513915 bbbb
0 2516370 bbbb
0 2518553 bbbb
0 2520791 bbbb
0 2522968 bbbb
0 2525368 bbbb
0 2527595 bbbb
0 2529851 bbbb
0 2532038 bbbb
0 2534552 bbbb
0 2536723 bbbb
0 2538891 bbbb
0 2541152 bbbb
0 2543551 bbbb
0 2545742 bbbb
0 2547983 bbbb
0 2550194 bbbb
0 2552623 bbbb
0 2554859 bbbb
0 2557061 bbbb
0 2559256 bbbb
0 2561750 bbbb
0 2563917 bbbb
0 2566090 bbbb
0 2568321 bbbb
0 2570762 bbbb
0 2572927 bbbb
0 2575149 bbbb
0 2577407 bbbb
0 2579812 bbbb
0 2582042 bbbb
0 2584238 bbbb
0 2586429 bbbb
0 2588922 bbbb
0 2591116 bbbb
0 2593325 bbbb
0 2595601 bbbb
0 2598020 bbbb
0 2600195 bbbb
0 2602436 bbbb
0 2604597 bbbb
0 2606992 bbbb
0 2609213 bbbb
0 2611387 bbbb
0 2613571 bbbb
0 2616059 bbbb
0 2618237 bbbb
0 2620400 bbbb
0 2622634 bbbb
0 2625050 bbbb
0 2627243 bbbb
0 2629481 bbbb
0 2631679 bbbb
0 2634067 bbbb
0 2636324 bbbb
0 2638511 bbbb
0 2640703 bbbb
0 2643184 bbbb
0 2645368 bbbb
0 2647589 bbbb
0 2649803 bbbb
0 2652216 bbbb
0 2654384 bbbb
0 2656602 bbbb
0 2658811 bbbb
0 2661200 bbbb
0 2663404 bbbb
0 2665599 bbbb
0 2667779 bbbb
0 2670212 bbbb
0 2672396 bbbb
0 2674583 bbbb
0 2676790 bbbb
0 2679217 bbbb
0 2681385 bbbb
0 2683589 bbbb
0 2685772 bbbb
0 2688176 bbbb
0 2690415 bbbb
0 2692584 bbbb
0 2694748 bbbb
0 2697229 bbbb
0 2699396 bbbb
0 2701576 bbbb
0 2703787 bbbb
0 2706227 bbbb
0 2708406 bbbb
0 2710629 bbbb
0 2712879 bbbb
0 2715273 bbbb
0 2717528 bbbb
0 2719728 bbbb
0 2721898 bbbb
0 2724421 bbbb
0 2726640 bbbb
0 2728843 bbbb
0 2731083 bbbb
0 2733517 bbbb
0 2735687 bbbb
0 2737934 bbbb
0 2740121 bbbb
0 2742563 bbbb
0 2744786 bbbb
0 2746970 bbbb
0 2749138 bbbb
0 2751639 bbbb
0 2753807 bbbb
0 2755946 bbbb
0 2758184 bbbb
0 2760610 bbbb
0 2762773 bbbb
0 2765023 bbbb
0 2767185 bbbb
0 2769612 bbbb
0 2771851 bbbb
0 2774076 bbbb
0 2776248 bbbb
0 2778741 bbbb
0 2780915 bbbb
0 2783072 bbbb
0 2785301 bbbb
0 2787756 bbbb
0 2789915 bbbb
0 2792126 bbbb
0 2794266 bbbb
0 2796709 bbbb
0 2798934 bbbb
0 2801105 bbbb
0 2803265 bbbb
0 2805805 bbbb
0 2807964 bbbb
0 2810131 bbbb
0 2812418 bbbb
0 2814813 bbbb
0 2817016 bbbb
0 2819261 bbbb
0 2821463 bbbb
0 2823880 bbbb
0 2826100 bbbb
0 2828272 bbbb
0 2830439 bbbb
0 2832896 bbbb
0 2835085 bbbb
0 2837275 bbbb
0 2839517 bbbb
0 2841926 bbbb
0 2844125 bbbb
0 2846348 bbbb
0 2848534 bbbb
0 2850947 bbbb
0 2853180 bbbb
0 2855366 bbbb
0 2857536 bbbb
0 2860019 bbbb
0 2862211 bbbb
0 2864384 bbbb
0 2866643 bbbb
0 2869045 bbbb
0 2871211 bbbb
0 2873437 bbbb
0 2875623 bbbb
0 2878135 bbbb
0 2880393 bbbb
0 2882606 bbbb
0 2884783 bbbb
0 2887188 bbbb
0 2889420 bbbb
0 2891607 bbbb
0 2893743 bbbb
0 2896153 bbbb
0 2898409 bbbb
0 2900601 bbbb
0 2902768 bbbb
0 2905175 bbbb
0 2907385 bbbb
0 2909553 bbbb
0 2911733 bbbb
0 2914192 bbbb
0 2916368 bbbb
0 2918510 bbbb
0 2920688 bbbb
0 2923147 bbbb
0 2925320 bbbb
0 2927456 bbbb
0 2929655 bbbb
0 2932123 bbbb
0 2934324 bbbb
0 2936491 bbbb
0 2938660 bbbb
0 2941106 bbbb
0 2943287 bbbb
0 2945414 bbbb
0 2947599 bbbb
0 2950051 bbbb
0 2952224 bbbb
0 2954367 bbbb
0 2956513 bbbb
0 2958985 bbbb
0 2961190 bbbb
0 2963333 bbbb
0 2965498 bbbb
0 2967947 bbbb
0 2970134 bbbb
0 2972287 bbbb
0 2974453 bbbb
0 2976898 bbbb
0 2979070 bbbb
0 2981224 bbbb
0 2983402 bbbb
0 2985857 bbbb
0 2988074 bbbb
0 2990231 bbbb
0 2992409 bbbb
0 2994857 bbbb
0 2997043 bbbb
0 2999177 bbbb
0 3001352 bbbb
0 3003819 bbbb
0 3005989 bbbb
0 3008129 bbbb
0 3010286 bbbb
0 3012737 bbbb
0 3014941 bbbb
0 3017090 bbbb
0 3019274 bbbb
0 3021721 bbbb
0 3023935 bbbb
0 3026105 bbbb
0 3028273 bbbb
0 3030704 bbbb
0 3032892 bbbb
0 3035042 bbbb
0 3037220 bbbb
0 3039662 bbbb
0 3041865 bbbb
0 3044024 bbbb
0 3046203 bbbb
0 3048593 bbbb
0 3050808 bbbb
0 3052921 bbbb
0 3055092 bbbb
0 3057588 bbbb
0 3059844 bbbb
0 3061970 bbbb
0 3064180 bbbb
0 3066698 bbbb
0 3068849 bbbb
0 3070996 bbbb
0 3073180 bbbb
0 3075662 bbbb
0 3077865 bbbb
0 3080016 bbbb
0 3082219 bbbb
0 3084659 bbbb
0 3086872 bbbb
0 3089030 bbbb
0 3091225 bbbb
0 3093656 bbbb
0 3095883 bbbb
0 3098087 bbbb
0 3100321 bbbb
0 3102704 bbbb
0 3104817 bbbb
0 3106982 bbbb
0 3109230 bbbb
0 3111660 bbbb
0 3113803 bbbb
0 3115985 bbbb
0 3118202 bbbb
0 3120623 bbbb
0 3122772 bbbb
0 3124943 bbbb
0 3127198 bbbb
0 3129634 bbbb
0 3131770 bbbb
0 3133926 bbbb
0 3136160 bbbb
0 3138589 bbbb
0 3140728 bbbb
0 3142891 bbbb
0 3145094 bbbb
0 3147508 bbbb
0 3149729 bbbb
0 3151962 bbbb
0 3154155 bbbb
0 3156538 bbbb
0 3158708 bbbb
0 3160924 bbbb
0 3163110 bbbb
0 3165464 bbbb
0 3167657 bbbb
0 3169879 bbbb
0 3172047 bbbb
0 3174407 bbbb
0 3176572 bbbb
0 3178804 bbbb
0 3180968 bbbb
0 3183349 bbbb
0 3185564 bbbb
0 3187797 bbbb
0 3189995 bbbb
0 3192410 bbbb
0 3194639 bbbb
0 3196795 bbbb
0 3198892 bbbb
0 3201309 bbbb
0 3203524 bbbb
0 3205729 bbbb
0 3207907 bbbb
0 3210380 bbbb
0 3212549 bbbb
0 3214693 bbbb
0 3216861 bbbb
0 3219336 bbbb
0 3221510 bbbb
0 3223688 bbbb
0 3225887 bbbb
0 3228325 bbbb
0 3230487 bbbb
0 3232684 bbbb
0 3234917 bbbb
0 3237347 bbbb
0 3239492 bbbb
0 3241719 bbbb
0 3243931 bbbb
0 3246344 bbbb
0 3248495 bbbb
0 3250654 bbbb
0 3252862 bbbb
0 3255263 bbbb
0 3257432 bbbb
0 3259621 bbbb
0 3261851 bbbb
0 3264259 bbbb
0 3266383 bbbb
0 3268538 bbbb
0 3270759 bbbb
0 3273183 bbbb
0 3275358 bbbb
0 3277527 bbbb
0 3279770 bbbb
0 3282184 bbbb
0 3284316 bbbb
0 3286507 bbbb
0 3288722 bbbb
0 3291122 bbbb
0 3293260 bbbb
0 3295455 bbbb
0 3297686 bbbb
0 3300072 bbbb
0 3302264 bbbb
0 3304483 bbbb
0 3306658 bbbb
0 3309068 bbbb
0 3311249 bbbb
0 3313473 bbbb
0 3315644 bbbb
0 3318004 bbbb
0 3320206 bbbb
0 3322475 bbbb
0 3324642 bbbb
0 3327022 bbbb
0 3329190 bbbb
0 3331401 bbbb
0 3333629 bbbb
0 3336059 bbbb
0 3338289 bbbb
0 3340456 bbbb
0 3342601 bbbb
0 3345023 bbbb
0 3347309 bbbb
0 3349499 bbbb
0 3351651 bbbb
0 3354082 bbbb
0 3356302 bbbb
0 3358469 bbbb
0 3360627 bbbb
0 3363057 bbbb
0 3365270 bbbb
0 3367460 bbbb
0 3369649 bbbb
0 3372094 bbbb
0 3374305 bbbb
0 3376430 bbbb
0 3378595 bbbb
0 3381065 bbbb
0 3383237 bbbb
0 3385374 bbbb
0 3387538 bbbb
0 3389990 bbbb
0 3392171 bbbb
0 3394318 bbbb
0 3396500 bbbb
0 3398957 bbbb
0 3401129 bbbb
0 3403268 bbbb
0 3405448 bbbb
0 3407904 bbbb
0 3410113 bbbb
0 3412257 bbbb
0 3414466 bbbb
0 3416903 bbbb
0 3419144 bbbb
0 3421348 bbbb
0 3423568 bbbb
0 3425999 bbbb
0 3428124 bbbb
0 3430289 bbbb
0 3432541 bbbb
0 3434958 bbbb
0 3437078 bbbb
0 3439247 bbbb
0 3441460 bbbb
0 3443847 bbbb
0 3445973 bbbb
0 3448189 bbbb
0 3450447 bbbb
0 3452955 bbbb
0 3455126 bbbb
0 3457430 bbbb
0 3459607 bbbb
0 3462072 bbbb
0 3464318 bbbb
0 3466520 bbbb
0 3468721 bbbb
0 3471175 bbbb
0 3473366 bbbb
0 3475546 bbbb
0 3477779 bbbb
0 3480210 bbbb
0 3482386 bbbb
0 3484607 bbbb
0 3486797 bbbb
0 3489201 bbbb
0 3491417 bbbb
0 3493606 bbbb
0 3495780 bbbb
0 3498235 bbbb
0 3500426 bbbb
0 3502627 bbbb
0 3504824 bbbb
0 3507310 bbbb
0 3509506 bbbb
0 3511759 bbbb
0 3513939 bbbb
0 3516350 bbbb
0 3518587 bbbb
0 3520781 bbbb
0 3522944 bbbb
0 3525443 bbbb
0 3527628 bbbb
0 3529815 bbbb
0 3532092 bbbb
0 3534532 bbbb
0 3536696 bbbb
0 3538928 bbbb
0 3541121 bbbb
0 3543533 bbbb
0 3545783 bbbb
0 3547973 bbbb
0 3550157 bbbb
0 3552616 bbbb
0 3554798 bbbb
0 3556944 bbbb
0 3559180 bbbb
0 3561622 bbbb
0 3563801 bbbb
0 3566027 bbbb
0 3568214 bbbb
0 3570615 bbbb
0 3572851 bbbb
0 3575090 bbbb
0 3577256 bbbb
0 3579721 bbbb
0 3581879 bbbb
0 3584043 bbbb
0 3586275 bbbb
0 3588668 bbbb
0 3590845 bbbb
0 3593063 bbbb
0 3595231 bbbb
0 3597646 bbbb
0 3599901 bbbb
0 3602083 bbbb
0 3604236 bbbb
0 3606741 bbbb
0 3608912 bbbb
0 3611096 bbbb
0 3613340 bbbb
0 3615763 bbbb
0 3617929 bbbb
0 3620149 bbbb
0 3622343 bbbb
0 3624757 bbbb
0 3627024 bbbb
0 3629161 bbbb
0 3631333 bbbb
0 3633778 bbbb
0 3635971 bbbb
0 3638150 bbbb
0 3640382 bbbb
0 3642857 bbbb
0 3645061 bbbb
0 3647351 bbbb
0 3649523 bbbb
0 3651956 bbbb
0 3654175 bbbb
0 3656360 bbbb
0 3658511 bbbb
0 3660995 bbbb
0 3663205 bbbb
0 3665383 bbbb
0 3667634 bbbb
0 3670080 bbbb
0 3672241 bbbb
0 3674450 bbbb
0 3676649 bbbb
0 3679069 bbbb
0 3681302 bbbb
0 3683479 bbbb
0 3685610 bbbb
0 3688105 bbbb
0 3690290 bbbb
0 3692454 bbbb
0 3694698 bbbb
0 3697138 bbbb
0 3699310 bbbb
0 3701553 bbbb
0 3703749 bbbb
0 3706173 bbbb
0 3708425 bbbb
0 3710636 bbbb
0 3712803 bbbb
0 3715267 bbbb
0 3717476 bbbb
0 3719675 bbbb
0 3721894 bbbb
0 3724325 bbbb
0 3726494 bbbb
0 3728753 bbbb
0 3730904 bbbb
0 3733346 bbbb
0 3735581 bbbb
0 3737796 bbbb
0 3739967 bbbb
0 3742423 bbbb
0 3744622 bbbb
0 3746792 bbbb
0 3749028 bbbb
0 3751483 bbbb
0 3753684 bbbb
0 3755903 bbbb
0 3758095 bbbb
0 3760514 bbbb
0 3762753 bbbb
0 3764980 bbbb
0 3767174 bbbb
0 3769618 bbbb
0 3771794 bbbb
0 3774015 bbbb
0 3776310 bbbb
0 3778748 bbbb
0 3780937 bbbb
0 3783185 bbbb
0 3785432 bbbb
0 3787817 bbbb
0 3790032 bbbb
0 3792262 bbbb
0 3794417 bbbb
0 3796883 bbbb
0 3799069 bbbb
0 3801254 bbbb
0 3803458 bbbb
0 3805886 bbbb
0 3808067 bbbb
0 3810301 bbbb
0 3812516 bbbb
0 3814909 bbbb
0 3817114 bbbb
0 3819278 bbbb
0 3821491 bbbb
0 3823955 bbbb
0 3826134 bbbb
0 3828328 bbbb
0 3830539 bbbb
0 3832997 bbbb
0 3835228 bbbb
0 3837480 bbbb
0 3839696 bbbb
0 3842098 bbbb
0 3844304 bbbb
0 3846478 bbbb
0 3848645 bbbb
0 3851153 bbbb
0 3853331 bbbb
0 3855505 bbbb
0 3857723 bbbb
0 3860145 bbbb
0 3862328 bbbb
0 3864581 bbbb
0 3866769 bbbb
0 3869176 bbbb
0 3871385 bbbb
0 3873573 bbbb
0 3875742 bbbb
0 3878224 bbbb
0 3880409 bbbb
0 3882575 bbbb
0 3884822 bbbb
0 3887239 bbbb
0 3889379 bbbb
0 3891602 bbbb
0 3893849 bbbb
0 3896248 bbbb
0 3898473 bbbb
0 3900683 bbbb
0 3902900 bbbb
0 3905360 bbbb
0 3907553 bbbb
0 3909732 bbbb
0 3911957 bbbb
0 3914349 bbbb
0 3916514 bbbb
0 3918788 bbbb
0 3920940 bbbb
0 3923333 bbbb
0 3925597 bbbb
0 3927760 bbbb
0 3929926 bbbb
0 3932363 bbbb
0 3934555 bbbb
0 3936716 bbbb
0 3938949 bbbb
0 3941377 bbbb
0 3943531 bbbb
0 3945750 bbbb
0 3947921 bbbb
0 3950316 bbbb
0 3952538 bbbb
0 3954712 bbbb
0 3956845 bbbb
0 3959300 bbbb
0 3961483 bbbb
0 3963638 bbbb
0 3965893 bbbb
0 3968286 bbbb
0 3970487 bbbb
0 3972736 bbbb
0 3974967 bbbb
0 3977393 bbbb
0 3979618 bbbb
0 3981835 bbbb
0 3984013 bbbb
0 3986470 bbbb
0 3988610 bbbb
0 3990824 bbbb
0 3993056 bbbb
0 3995477 bbbb
0 3997626 bbbb
0 3999857 bbbb
0 4002048 bbbb
0 4004440 bbbb
0 4006664 bbbb
0 4008861 bbbb
0 4011052 bbbb
0 4013527 bbbb
0 4015724 bbbb
0 4017903 bbbb
0 4020126 bbbb
0 4022530 bbbb
0 4024716 bbbb
0 4026962 bbbb
0 4029146 bbbb
0 4031719 bbbb
0 4033916 bbbb
0 4036121 bbbb
0 4038352 bbbb
0 4040767 bbbb
0 4042908 bbbb
0 4045142 bbbb
0 4047319 bbbb
0 4049812 bbbb
0 4052012 bbbb
0 4054176 bbbb
0 4056407 bbbb
0 4058827 bbbb
0 4060996 bbbb
0 4063229 bbbb
0 4065398 bbbb
0 4067806 bbbb
0 4070036 bbbb
0 4072247 bbbb
0 4074417 bbbb
0 4076884 bbbb
0 4079061 bbbb
0 4081256 bbbb
0 4083485 bbbb
0 4085948 bbbb
0 4088144 bbbb
0 4090383 bbbb
0 4092571 bbbb
0 4094979 bbbb
0 4097201 bbbb
0 4099380 bbbb
0 4101534 bbbb
0 4104055 bbbb
0 4106232 bbbb
0 4108372 bbbb
0 4110628 bbbb
0 4113079 bbbb
0 4115238 bbbb
0 4117465 bbbb
0 4119634 bbbb
0 4122078 bbbb
0 4124315 bbbb
0 4126501 bbbb
0 4128794 bbbb
0 4131241 bbbb
0 4133500 bbbb
0 4135740 bbbb
0 4137898 bbbb
0 4140366 bbbb
0 4142556 bbbb
0 4144717 bbbb
0 4146967 bbbb
0 4149404 bbbb
0 4151573 bbbb
0 4153813 bbbb
0 4155983 bbbb
0 4158398 bbbb
0 4160663 bbbb
0 4162852 bbbb
0 4165010 bbbb
0 4167467 bbbb
0 4169646 bbbb
0 4171808 bbbb
0 4174054 bbbb
0 4176485 bbbb
0 4178656 bbbb
0 4180882 bbbb
0 4183062 bbbb
0 4185574 bbbb
0 4187804 bbbb
0 4189996 bbbb
0 4192236 bbbb
0 4194663 bbbb
0 4196804 bbbb
0 4199042 bbbb
0 4201216 bbbb
0 4203677 bbbb
0 4205908 bbbb
0 4208118 bbbb
0 4210411 bbbb
0 4212869 bbbb
0 4215133 bbbb
0 4217308 bbbb
0 4219465 bbbb
0 4221947 bbbb
0 4224142 bbbb
0 4226390 bbbb
0 4228577 bbbb
0 4230962 bbbb
0 4233179 bbbb
0 4235399 bbbb
0 4237559 bbbb
0 4240082 bbbb
0 4242292 bbbb
0 4244476 bbbb
0 4246704 bbbb
0 4249132 bbbb
0 4251280 bbbb
0 4253525 bbbb
0 4255723 bbbb
0 4258123 bbbb
0 4260352 bbbb
0 4262532 bbbb
0 4264691 bbbb
0 4267177 bbbb
0 4269371 bbbb
0 4271521 bbbb
0 4273748 bbbb
0 4276177 bbbb
0 4278372 bbbb
0 4280625 bbbb
0 4282818 bbbb
0 4285211 bbbb
0 4287444 bbbb
0 4289608 bbbb
0 4291774 bbbb
0 4294253 bbbb
0 4296461 bbbb
0 4298625 bbbb
0 4300863 bbbb
0 4303316 bbbb
0 4305472 bbbb
0 4307704 bbbb
0 4309900 bbbb
0 4312322 bbbb
0 4314532 bbbb
0 4316729 bbbb
0 4318926 bbbb
0 4321409 bbbb
0 4323600 bbbb
0 4325758 bbbb
0 4327942 bbbb
0 4330413 bbbb
0 4332597 bbbb
0 4334868 bbbb
0 4337073 bbbb
0 4339491 bbbb
0 4341734 bbbb
0 4343919 bbbb
0 4346077 bbbb
0 4348573 bbbb
0 4350780 bbbb
0 4352944 bbbb
0 4355189 bbbb
0 4357613 bbbb
0 4359799 bbbb
0 4362058 bbbb
0 4364261 bbbb
0 4366801 bbbb
0 4368930 bbbb
0 4371125 bbbb
0 4373334 bbbb
0 4375790 bbbb
0 4378049 bbbb
0 4380209 bbbb
0 4382365 bbbb
0 4384881 bbbb
0 4387087 bbbb
0 4389251 bbbb
0 4391493 bbbb
0 4393977 bbbb
0 4396132 bbbb
0 4398383 bbbb
0 4400569 bbbb
0 4402968 bbbb
0 4405158 bbbb
0 4407351 bbbb
0 4409574 bbbb
0 4412030 bbbb
0 4414168 bbbb
0 4416379 bbbb
0 4418576 bbbb
0 4421018 bbbb
0 4423213 bbbb
0 4425432 bbbb
0 4427556 bbbb
0 4429982 bbbb
0 4432176 bbbb
0 4434346 bbbb
0 4436558 bbbb
0 4439006 bbbb
0 4441160 bbbb
0 4443382 bbbb
0 4445603 bbbb
0 4448042 bbbb
0 4450267 bbbb
0 4452455 bbbb
0 4454609 bbbb
0 4457054 bbbb
0 4459247 bbbb
0 4461398 bbbb
0 4463639 bbbb
0 4466060 bbbb
0 4468203 bbbb
0 4470424 bbbb
0 4472610 bbbb
0 4474988 bbbb
0 4477208 bbbb
0 4479413 bbbb
0 4481624 bbbb
0 4484124 bbbb
0 4486309 bbbb
0 4488454 bbbb
0 4490711 bbbb
0 4493204 bbbb
0 4495453 bbbb
0 4497633 bbbb
0 4499800 bbbb
0 4502275 bbbb
0 4504457 bbbb
0 4506572 bbbb
0 4508824 bbbb
0 4511291 bbbb
0 4513447 bbbb
0 4515674 bbbb
0 4517855 bbbb
0 4520308 bbbb
0 4522533 bbbb
0 4524706 bbbb
0 4526983 bbbb
0 4529435 bbbb
0 4531616 bbbb
0 4533850 bbbb
0 4536032 bbbb
0 4538467 bbbb
0 4540704 bbbb
0 4542892 bbbb
0 4545076 bbbb
0 4547521 bbbb
0 4549699 bbbb
0 4551867 bbbb
0 4554096 bbbb
0 4556573 bbbb
0 4558777 bbbb
0 4561022 bbbb
0 4563215 bbbb
0 4565630 bbbb
0 4567844 bbbb
0 4570017 bbbb
0 4572168 bbbb
0 4574647 bbbb
0 4576850 bbbb
0 4579055 bbbb
0 4581285 bbbb
0 4583780 bbbb
0 4585950 bbbb
0 4588195 bbbb
0 4590395 bbbb
0 4592850 bbbb
0 4595066 bbbb
0 4597263 bbbb
0 4599492 bbbb
0 4601959 bbbb
0 4604139 bbbb
0 4606367 bbbb
0 4608539 bbbb
0 4611123 bbbb
0 4613383 bbbb
0 4615589 bbbb
0 4617873 bbbb
0 4620352 bbbb
0 4622576 bbbb
0 4624846 bbbb
0 4627064 bbbb
0 4629509 bbbb
0 4631734 bbbb
0 4633900 bbbb
0 4636078 bbbb
0 4638590 bbbb
0 4640762 bbbb
0 4642922 bbbb
0 4645136 bbbb
0 4647589 bbbb
0 4649743 bbbb
0 4652001 bbbb
0 4654187 bbbb
0 4656619 bbbb
0 4658843 bbbb
0 4661047 bbbb
0 4663224 bbbb
0 4665716 bbbb
0 4667900 bbbb
0 4670081 bbbb
0 4672300 bbbb
0 4674742 bbbb
0 4676911 bbbb
0 4679126 bbbb
0 4681293 bbbb
0 4683685 bbbb
0 4685921 bbbb
0 4688122 bbbb
0 4690305 bbbb
0 4692799 bbbb
0 4695021 bbbb
0 4697179 bbbb
0 4699402 bbbb
0 4701856 bbbb
0 4704031 bbbb
0 4706285 bbbb
0 4708489 bbbb
0 4710904 bbbb
0 4713102 bbbb
0 4715304 bbbb
0 4717474 bbbb
0 4720018 bbbb
0 4722211 bbbb
0 4724429 bbbb
0 4726637 bbbb
0 4729144 bbbb
0 4731316 bbbb
0 4733558 bbbb
0 4735743 bbbb
0 4738193 bbbb
0 4740441 bbbb
0 4742637 bbbb
0 4744818 bbbb
0 4747292 bbbb
0 4749486 bbbb
0 4751675 bbbb
0 4753916 bbbb
0 4756398 bbbb
0 4758583 bbbb
0 4760810 bbbb
0 4762991 bbbb
0 4765421 bbbb
0 4767676 bbbb
0 4769815 bbbb
0 4771989 bbbb
0 4774518 bbbb
0 4776710 bbbb
0 4778952 bbbb
0 4781161 bbbb
0 4783573 bbbb
0 4785720 bbbb
0 4787999 bbbb
0 4790177 bbbb
0 4792610 bbbb
0 4794829 bbbb
0 4796984 bbbb
0 4799179 bbbb
0 4801713 bbbb
0 4803939 bbbb
0 4806119 bbbb
0 4808353 bbbb
0 4810760 bbbb
0 4812936 bbbb
0 4815133 bbbb
0 4817308 bbbb
0 4819735 bbbb
0 4821953 bbbb
0 4824130 bbbb
0 4826279 bbbb
0 4828826 bbbb
0 4831016 bbbb
0 4833252 bbbb
0 4835471 bbbb
0 4837883 bbbb
0 4840056 bbbb
0 4842302 bbbb
0 4844477 bbbb
0 4846907 bbbb
0 4849109 bbbb
0 4851288 bbbb
0 4853447 bbbb
0 4855945 bbbb
0 4858133 bbbb
0 4860302 bbbb
0 4862516 bbbb
0 4864975 bbbb
0 4867172 bbbb
0 4869421 bbbb
0 4871591 bbbb
0 4873978 bbbb
0 4876232 bbbb
0 4878402 bbbb
0 4880554 bbbb
0 4883064 bbbb
0 4885281 bbbb
0 4887403 bbbb
0 4889632 bbbb
0 4892135 bbbb
0 4894301 bbbb
0 4896571 bbbb
0 4898738 bbbb
0 4901138 bbbb
0 4903380 bbbb
0 4905550 bbbb
0 4907749 bbbb
0 4910246 bbbb
0 4912440 bbbb
0 4914611 bbbb
0 4916831 bbbb
0 4919288 bbbb
0 4921445 bbbb
0 4923650 bbbb
0 4925881 bbbb
0 4928315 bbbb
0 4930537 bbbb
0 4932720 bbbb
0 4934879 bbbb
0 4937392 bbbb
0 4939592 bbbb
0 4941769 bbbb
0 4943978 bbbb
0 4946417 bbbb
0 4948575 bbbb
0 4950823 bbbb
0 4952996 bbbb
0 4955450 bbbb
0 4957676 bbbb
0 4959844 bbbb
0 4962010 bbbb
0 4964545 bbbb
0 4966748 bbbb
0 4968920 bbbb
0 4971161 bbbb
0 4973657 bbbb
0 4975811 bbbb
0 4978039 bbbb
0 4980204 bbbb
0 4982618 bbbb
0 4984835 bbbb
0 4987057 bbbb
0 4989230 bbbb
0 4991728 bbbb
0 4993916 bbbb
0 4996107 bbbb
0 4998325 bbbb
0 5000777 bbbb
0 5002943 bbbb
0 5005162 bbbb
0 5007344 bbbb
0 5009775 bbbb
0 5011987 bbbb
0 5014189 bbbb
0 5016337 bbbb
0 5018855 bbbb
0 5021038 bbbb
0 5023213 bbbb
0 5025476 bbbb
0 5027921 bbbb
0 5030088 bbbb
0 5032337 bbbb
0 5034498 bbbb
0 5036921 bbbb
0 5039198 bbbb
0 5041394 bbbb
0 5043557 bbbb
0 5046052 bbbb
0 5048234 bbbb
0 5050402 bbbb
0 5052641 bbbb
0 5055059 bbbb
0 5057246 bbbb
0 5059473 bbbb
0 5061659 bbbb
0 5064068 bbbb
0 5066248 bbbb
0 5068421 bbbb
0 5070616 bbbb
0 5073109 bbbb
0 5075244 bbbb
0 5077421 bbbb
0 5079660 bbbb
0 5082131 bbbb
0 5084307 bbbb
0 5086550 bbbb
0 5088770 bbbb
0 5091194 bbbb
0 5093442 bbbb
0 5095625 bbbb
0 5097791 bbbb
0 5100284 bbbb
0 5102464 bbbb
0 5104607 bbbb
0 5106826 bbbb
0 5109263 bbbb
0 5111455 bbbb
0 5113700 bbbb
0 5115904 bbbb
0 5118342 bbbb
0 5120639 bbbb
0 5122817 bbbb
0 5124992 bbbb
0 5127521 bbbb
0 5129705 bbbb
0 5131925 bbbb
0 5134158 bbbb
0 5136572 bbbb
0 5138738 bbbb
0 5140958 bbbb
0 5143135 bbbb
0 5145605 bbbb
0 5147819 bbbb
0 5149998 bbbb
0 5152168 bbbb
0 5154656 bbbb
0 5156789 bbbb
0 5158990 bbbb
0 5161207 bbbb
0 5163643 bbbb
0 5165818 bbbb
0 5168060 bbbb
0 5170216 bbbb
0 5172632 bbbb
0 5174879 bbbb
0 5177078 bbbb
0 5179250 bbbb
0 5181730 bbbb
0 5183901 bbbb
0 5186049 bbbb
0 5188274 bbbb
0 5190808 bbbb
0 5193064 bbbb
0 5195224 bbbb
0 5197474 bbbb
0 5199963 bbbb
0 5202113 bbbb
0 5204362 bbbb
0 5206596 bbbb
0 5208993 bbbb
0 5211197 bbbb
0 5213414 bbbb
0 5215670 bbbb
0 5218190 bbbb
0 5220332 bbbb
0 5222546 bbbb
0 5224742 bbbb
0 5227157 bbbb
0 5229410 bbbb
0 5231609 bbbb
0 5233760 bbbb
0 5236251 bbbb
0 5238430 bbbb
0 5240602 bbbb
0 5242825 bbbb
0 5245297 bbbb
0 5247562 bbbb
0 5249746 bbbb
0 5251943 bbbb
0 5254436 bbbb
0 5256593 bbbb
0 5258818 bbbb
0 5260991 bbbb
0 5263418 bbbb
0 5265657 bbbb
0 5267947 bbbb
0 5270058 bbbb
0 5272519 bbbb
0 5274689 bbbb
0 5276923 bbbb
0 5279138 bbbb
0 5281584 bbbb
0 5283845 bbbb
0 5286070 bbbb
0 5288249 bbbb
0 5290722 bbbb
0 5292926 bbbb
0 5295079 bbbb
0 5297300 bbbb
0 5299789 bbbb
0 5301938 bbbb
0 5304139 bbbb
0 5306330 bbbb
0 5308756 bbbb
0 5310985 bbbb
0 5313199 bbbb
0 5315352 bbbb
0 5317854 bbbb
0 5320045 bbbb
0 5322206 bbbb
0 5324435 bbbb
0 5326873 bbbb
0 5329032 bbbb
0 5331275 bbbb
0 5333463 bbbb
0 5335861 bbbb
0 5338079 bbbb
0 5340266 bbbb
0 5342390 bbbb
0 5344839 bbbb
0 5347040 bbbb
0 5349154 bbbb
0 5351407 bbbb
0 5353874 bbbb
0 5356005 bbbb
0 5358219 bbbb
0 5360500 bbbb
0 5362926 bbbb
0 5365145 bbbb
0 5367365 bbbb
0 5369548 bbbb
0 5372044 bbbb
0 5374289 bbbb
0 5376478 bbbb
0 5378684 bbbb
0 5381196 bbbb
0 5383349 bbbb
0 5385570 bbbb
0 5387775 bbbb
0 5390206 bbbb
0 5392439 bbbb
0 5394656 bbbb
0 5396815 bbbb
0 5399296 bbbb
0 5401502 bbbb
0 5403655 bbbb
0 5405858 bbbb
0 5408304 bbbb
0 5410477 bbbb
0 5412705 bbbb
0 5414905 bbbb
0 5417286 bbbb
0 5419508 bbbb
0 5421688 bbbb
0 5423856 bbbb
0 5426336 bbbb
0 5428531 bbbb
0 5430647 bbbb
0 5432865 bbbb
0 5435316 bbbb
0 5437466 bbbb
0 5439686 bbbb
0 5441908 bbbb
0 5444306 bbbb
0 5446537 bbbb
0 5448755 bbbb
0 5450905 bbbb
0 5453380 bbbb
0 5455589 bbbb
0 5457733 bbbb
0 5459947 bbbb
0 5462466 bbbb
0 5464619 bbbb
0 5466867 bbbb
0 5469118 bbbb
0 5471503 bbbb
0 5473709 bbbb
0 5475973 bbbb
0 5478100 bbbb
0 5480617 bbbb
0 5482837 bbbb
0 5484975 bbbb
0 5487183 bbbb
0 5489693 bbbb
0 5491889 bbbb
0 5494153 bbbb
0 5496308 bbbb
0 5498869 bbbb
0 5501097 bbbb
0 5503295 bbbb
0 5505548 bbbb
0 5508011 bbbb
0 5510171 bbbb
0 5512387 bbbb
0 5514605 bbbb
0 5517017 bbbb
0 5519284 bbbb
0 5521562 bbbb
0 5523795 bbbb
0 5526280 bbbb
0 5528417 bbbb
0 5530661 bbbb
0 5532895 bbbb
0 5535278 bbbb
0 5537494 bbbb
0 5539707 bbbb
0 5541875 bbbb
0 5544317 bbbb
0 5546564 bbbb
0 5548697 bbbb
0 5550902 bbbb
0 5553377 bbbb
0 5555530 bbbb
0 5557749 bbbb
0 5559956 bbbb
0 5562377 bbbb
0 5564587 bbbb
0 5566810 bbbb
0 5568947 bbbb
0 5571389 bbbb
0 5573665 bbbb
0 5575905 bbbb
0 5578109 bbbb
0 5580476 bbbb
0 5582700 bbbb
0 5584937 bbbb
0 5587057 bbbb
0 5589537 bbbb
0 5591744 bbbb
0 5593906 bbbb
0 5596097 bbbb
0 5598574 bbbb
0 5600711 bbbb
0 5602958 bbbb
0 5605186 bbbb
0 5607584 bbbb
0 5609792 bbbb
0 5611976 bbbb
0 5614125 bbbb
0 5616625 bbbb
0 5618860 bbbb
0 5620995 bbbb
0 5623201 bbbb
0 5625703 bbbb
0 5627886 bbbb
0 5630122 bbbb
0 5632346 bbbb
0 5634897 bbbb
0 5637048 bbbb
0 5639266 bbbb
0 5641485 bbbb
0 5643904 bbbb
0 5646110 bbbb
0 5648311 bbbb
0 5650459 bbbb
0 5652949 bbbb
0 5655157 bbbb
0 5657289 bbbb
0 5659480 bbbb
0 5662013 bbbb
0 5664158 bbbb
0 5666391 bbbb
0 5668586 bbbb
0 5670987 bbbb
0 5673192 bbbb
0 5675426 bbbb
0 5677567 bbbb
0 5680058 bbbb
0 5682257 bbbb
0 5684381 bbbb
0 5686601 bbbb
0 5689052 bbbb
0 5691209 bbbb
0 5693460 bbbb
0 5695722 bbbb
0 5698125 bbbb
0 5700329 bbbb
0 5702554 bbbb
0 5704640 bbbb
0 5707070 bbbb
0 5709330 bbbb
0 5711462 bbbb
0 5713666 bbbb
0 5716131 bbbb
0 5718263 bbbb
0 5720456 bbbb
0 5722702 bbbb
0 5725069 bbbb
0 5727267 bbbb
0 5729506 bbbb
0 5731634 bbbb
0 5734089 bbbb
0 5736335 bbbb
0 5738485 bbbb
0 5740713 bbbb
0 5743144 bbbb
0 5745302 bbbb
0 5747490 bbbb
0 5749683 bbbb
0 5752066 bbbb
0 5754281 bbbb
0 5756486 bbbb
0 5758640 bbbb
0 5761086 bbbb
0 5763281 bbbb
0 5765396 bbbb
0 5767649 bbbb
0 5770158 bbbb
0 5772424 bbbb
0 5774635 bbbb
0 5776828 bbbb
0 5779332 bbbb
0 5781512 bbbb
0 5783686 bbbb
0 5785937 bbbb
0 5788386 bbbb
0 5790538 bbbb
0 5792801 bbbb
0 5794998 bbbb
0 5797369 bbbb
0 5799650 bbbb
0 5801814 bbbb
0 5803972 bbbb
0 5806505 bbbb
0 5808658 bbbb
0 5810833 bbbb
0 5813119 bbbb
0 5815553 bbbb
0 5817685 bbbb
0 5819957 bbbb
0 5822151 bbbb
0 5824586 bbbb
0 5826862 bbbb
0 5829027 bbbb
0 5831173 bbbb
0 5833702 bbbb
0 5835887 bbbb
0 5838038 bbbb
0 5840291 bbbb
0 5842706 bbbb
0 5844856 bbbb
0 5847119 bbbb
0 5849311 bbbb
0 5851694 bbbb
0 5853959 bbbb
0 5856122 bbbb
0 5858279 bbbb
0 5860760 bbbb
0 5862952 bbbb
0 5865238 bbbb
0 5867417 bbbb
0 5869790 bbbb
0 5872059 bbbb
0 5874218 bbbb
0 5876369 bbbb
0 5878862 bbbb
0 5881021 bbbb
0 5883185 bbbb
0 5885457 bbbb
0 5887931 bbbb
0 5890090 bbbb
0 5892346 bbbb
0 5894495 bbbb
0 5896912 bbbb
0 5899168 bbbb
0 5901318 bbbb
0 5903467 bbbb
0 5905952 bbbb
0 5908094 bbbb
0 5910230 bbbb
0 5912516 bbbb
0 5914955 bbbb
0 5917085 bbbb
0 5919358 bbbb
0 5921518 bbbb
0 5923946 bbbb
0 5926203 bbbb
0 5928408 bbbb
0 5930581 bbbb
0 5933103 bbbb
0 5935281 bbbb
0 5937445 bbbb
0 5939718 bbbb
0 5942130 bbbb
0 5944421 bbbb
0 5946585 bbbb
0 5948723 bbbb
0 5951293 bbbb
0 5953452 bbbb
0 5955589 bbbb
0 5957848 bbbb
0 5960272 bbbb
0 5962418 bbbb
0 5964687 bbbb
0 5966853 bbbb
0 5969261 bbbb
0 5971535 bbbb
0 5973722 bbbb
0 5975910 bbbb
0 5978402 bbbb
0 5980570 bbbb
0 5982714 bbbb
0 5984986 bbbb
0 5987461 bbbb
0 5989598 bbbb
0 5991881 bbbb
0 5994069 bbbb
0 5996448 bbbb
0 5998714 bbbb
0 6000923 bbbb
0 6003206 bbbb
0 6005614 bbbb
0 6007751 bbbb
0 6010052 bbbb
0 6012231 bbbb
0 6014592 bbbb
0 6016852 bbbb
0 6019088 bbbb
0 6021230 bbbb
0 6023740 bbbb
0 6025883 bbbb
0 6028024 bbbb
0 6030287 bbbb
0 6032705 bbbb
0 6034891 bbbb
0 6037172 bbbb
0 6039365 bbbb
0 6041799 bbbb
0 6044040 bbbb
0 6046204 bbbb
0 6048477 bbbb
0 6050914 bbbb
0 6053188 bbbb
0 6055363 bbbb
0 6057504 bbbb
0 6060001 bbbb
0 6062147 bbbb
0 6064325 bbbb
0 6066607 bbbb
0 6069053 bbbb
0 6071266 bbbb
0 6073551 bbbb
0 6075747 bbbb
0 6078214 bbbb
0 6080513 bbbb
0 6082721 bbbb
0 6084890 bbbb
0 6087476 bbbb
0 6089621 bbbb
0 6091766 bbbb
0 6094079 bbbb
0 6096524 bbbb
0 6098815 bbbb
0 6100984 bbbb
0 6103121 bbbb
0 6105663 bbbb
0 6107784 bbbb
0 6110057 bbbb
0 6112197 bbbb
0 6114584 bbbb
0 6116848 bbbb
0 6119019 bbbb
0 6121193 bbbb
0 6123685 bbbb
0 6125832 bbbb
0 6128006 bbbb
0 6130295 bbbb
0 6132678 bbbb
0 6134993 bbbb
0 6137135 bbbb
0 6139448 bbbb
0 6141848 bbbb
0 6143984 bbbb
0 6146251 bbbb
0 6148422 bbbb
0 6150814 bbbb
0 6153092 bbbb
0 6155293 bbbb
0 6157459 bbbb
0 6159964 bbbb
0 6162120 bbbb
0 6164248 bbbb
0 6166519 bbbb
0 6168944 bbbb
0 6171074 bbbb
0 6173333 bbbb
0 6175501 bbbb
0 6177870 bbbb
0 6180167 bbbb
0 6182357 bbbb
0 6184511 bbbb
0 6187021 bbbb
0 6189170 bbbb
0 6191295 bbbb
0 6193557 bbbb
0 6195988 bbbb
0 6198117 bbbb
0 6200432 bbbb
0 6202583 bbbb
0 6205119 bbbb
0 6207281 bbbb
0 6209557 bbbb
0 6211720 bbbb
0 6214091 bbbb
0 6216359 bbbb
0 6218527 bbbb
0 6220723 bbbb
0 6223279 bbbb
0 6225471 bbbb
0 6227649 bbbb
0 6229925 bbbb
0 6232365 bbbb
0 6234530 bbbb
0 6236824 bbbb
0 6238973 bbbb
0 6241511 bbbb
0 6243713 bbbb
0 6245872 bbbb
0 6248149 bbbb
0 6250544 bbbb
0 6252679 bbbb
0 6254988 bbbb
0 6257138 bbbb
0 6259563 bbbb
0 6261875 bbbb
0 6264045 bbbb
0 6266218 bbbb
0 6268762 bbbb
0 6270916 bbbb
0 6273069 bbbb
0 6275335 bbbb
0 6277713 bbbb
0 6279849 bbbb
0 6282108 bbbb
0 6284292 bbbb
0 6286697 bbbb
0 6288967 bbbb
0 6291119 bbbb
0 6293259 bbbb
0 6295749 bbbb
0 6297961 bbbb
0 6300104 bbbb
0 6302392 bbbb
0 6304816 bbbb
0 6306981 bbbb
0 6309244 bbbb
0 6311404 bbbb
0 6313815 bbbb
0 6316105 bbbb
0 6318260 bbbb
0 6320408 bbbb
0 6322898 bbbb
0 6325091 bbbb
0 6327358 bbbb
0 6329544 bbbb
0 6332010 bbbb
0 6334300 bbbb
0 6336481 bbbb
0 6338599 bbbb
0 6341105 bbbb
0 6343251 bbbb
0 6345563 bbbb
0 6347713 bbbb
0 6350213 bbbb
0 6352459 bbbb
0 6354641 bbbb
0 6356823 bbbb
0 6359296 bbbb
0 6361452 bbbb
0 6363602 bbbb
0 6365830 bbbb
0 6368224 bbbb
0 6370423 bbbb
0 6372644 bbbb
0 6374866 bbbb
0 6377332 bbbb
0 6379566 bbbb
0 6381748 bbbb
0 6383902 bbbb
0 6386402 bbbb
0 6388550 bbbb
0 6390744 bbbb
0 6393006 bbbb
0 6395390 bbbb
0 6397520 bbbb
0 6399751 bbbb
0 6401963 bbbb
0 6404427 bbbb
0 6406663 bbbb
0 6408802 bbbb
0 6410976 bbbb
0 6413512 bbbb
0 6415704 bbbb
0 6417895 bbbb
0 6420138 bbbb
0 6422602 bbbb
0 6424802 bbbb
0 6427025 bbbb
0 6429176 bbbb
0 6431650 bbbb
0 6433889 bbbb
0 6436081 bbbb
0 6438287 bbbb
0 6440793 bbbb
0 6442973 bbbb
0 6445125 bbbb
0 6447365 bbbb
0 6449803 bbbb
0 6451993 bbbb
0 6454255 bbbb
0 6456434 bbbb
0 6458897 bbbb
0 6461113 bbbb
0 6463268 bbbb
0 6465469 bbbb
0 6468013 bbbb
0 6470263 bbbb
0 6472513 bbbb
0 6474776 bbbb
0 6477217 bbbb
0 6479430 bbbb
0 6481657 bbbb
0 6483829 bbbb
0 6486233 bbbb
0 6488488 bbbb
0 6490683 bbbb
0 6492868 bbbb
0 6495344 bbbb
0 6497482 bbbb
0 6499610 bbbb
0 6501860 bbbb
0 6504245 bbbb
0 6506394 bbbb
0 6508661 bbbb
0 6510857 bbbb
0 6513361 bbbb
0 6515600 bbbb
0 6517783 bbbb
0 6519968 bbbb
0 6522467 bbbb
0 6524659 bbbb
0 6526846 bbbb
0 6529072 bbbb
0 6531518 bbbb
0 6533694 bbbb
0 6535945 bbbb
0 6538094 bbbb
0 6540585 bbbb
0 6542826 bbbb
0 6544999 bbbb
0 6547193 bbbb
0 6549709 bbbb
0 6551897 bbbb
0 6554083 bbbb
0 6556328 bbbb
0 6558749 bbbb
0 6560911 bbbb
0 6563146 bbbb
0 6565322 bbbb
0 6567791 bbbb
0 6570051 bbbb
0 6572306 bbbb
0 6574471 bbbb
0 6576973 bbbb
0 6579123 bbbb
0 6581338 bbbb
0 6583537 bbbb
0 6585979 bbbb
0 6588187 bbbb
0 6590411 bbbb
0 6592540 bbbb
0 6594971 bbbb
0 6597207 bbbb
0 6599374 bbbb
0 6601562 bbbb
0 6604058 bbbb
0 6606224 bbbb
0 6608439 bbbb
0 6610668 bbbb
0 6613054 bbbb
0 6615214 bbbb
0 6617441 bbbb
0 6619648 bbbb
0 6622116 bbbb
0 6624357 bbbb
0 6626516 bbbb
0 6628691 bbbb
0 6631145 bbbb
0 6633323 bbbb
0 6635531 bbbb
0 6637774 bbbb
0 6640228 bbbb
0 6642418 bbbb
0 6644666 bbbb
0 6646823 bbbb
0 6649281 bbbb
0 6651556 bbbb
0 6653742 bbbb
0 6655949 bbbb
0 6658490 bbbb
0 6660722 bbbb
0 6662947 bbbb
0 6665215 bbbb
0 6667663 bbbb
0 6669851 bbbb
0 6672088 bbbb
0 6674246 bbbb
0 6676771 bbbb
0 6679026 bbbb
0 6681177 bbbb
0 6683382 bbbb
0 6685840 bbbb
0 6688010 bbbb
0 6690152 bbbb
0 6692408 bbbb
0 6694826 bbbb
0 6697009 bbbb
0 6699258 bbbb
0 6701415 bbbb
0 6703841 bbbb
0 6706095 bbbb
0 6708281 bbbb
0 6710456 bbbb
0 6712916 bbbb
0 6715071 bbbb
0 6717265 bbbb
0 6719519 bbbb
0 6721901 bbbb
0 6724080 bbbb
0 6726309 bbbb
0 6728498 bbbb
0 6730906 bbbb
0 6733126 bbbb
0 6735328 bbbb
0 6737518 bbbb
0 6739953 bbbb
0 6742134 bbbb
0 6744325 bbbb
0 6746561 bbbb
0 6748982 bbbb
0 6751156 bbbb
0 6753410 bbbb
0 6755563 bbbb
0 6757989 bbbb
0 6760222 bbbb
0 6762406 bbbb
0 6764616 bbbb
0 6767119 bbbb
0 6769285 bbbb
0 6771463 bbbb
# Core 1 LOG DUMP ==================================================
# DCB 1 ffffff0004257c00 pixels
# DCB 1 ffffff0001b29200 monitor
1 3366 ffffcccc01b29200
1 22506826 aaaa
1 22507123 eb000021b0009337
1 22507564 b000000500009b10
1 22507750 ea000021b0809336
1 22508453 bbbb
1 22515704 b000bbbb00000014
1 22517096 aaaa
1 22517279 eb000021b0009338
1 22517449 b000000500009b10
1 22517636 ea000021b0809337
1 22518614 bbbb
1 22525776 b000bbbb00000014
# Core 2 LOG DUMP ==================================================
# DCB 2 ffffff0004257e00 pixels
# DCB 2 ffffff0001b29400 monitor
2 3527 ffffcccc01b29400
2 22506965 aaaa
2 22507330 eb000023e8009336
2 22507765 b000000500009b10
2 22507952 ea000023e8809336
2 22508641 bbbb
2 22515622 b000bbbb00000014
2 22517149 aaaa
2 22517326 eb000023e8009337
2 22517495 b000000500009b10
2 22517683 ea000023e8809337
2 22518433 bbbb
2 22525379 b000bbbb00000014
# Core 3 LOG DUMP ==================================================
# DCB 3 ffffff0006a76000 pixels
# DCB 3 ffffff0001b29600 monitor
3 2219 ffffcccc01b29600
3 22507911 aaaa
3 22508218 eb00002504009336
3 22508657 b000000500009b10
3 22508845 ea00002504809336
3 22509537 bbbb
3 22516120 b000bbbb00000014
3 22517583 aaaa
3 22517776 eb00002504009337
3 22517947 b000000500009b10
3 22518134 ea00002504809337
3 22519081 bbbb
3 22525588 b000bbbb00000014
# Core 4 LOG DUMP ==================================================
# DCB 4 ffffff0006a76200 pixels
# DCB 4 ffffff0001b29800 monitor
4 2602 ffffcccc01b29800
4 22506487 aaaa
4 22506895 eb00002530009339
4 22507397 b000000500009b10
4 22507720 ea00002dc8009321
4 22508136 ea00002dfa009320
4 22508558 ea000030b0009320
4 22509468 bbbb
4 22511078 aaaa
4 22511246 eb00002dc8809320
4 22511384 b000000600001070
4 22512352 eb000030b0809320
4 22512500 b000000600001070
4 22512761 eb00002dfa809320
4 22512901 b000000600001070
4 22513439 ea00002530809339
4 22514093 bbbb
4 22516434 aaaa
4 22516600 eb0000253000933a
4 22517061 b000000500009b10
4 22517360 ea00002dc8009322
4 22517781 ea00002dfa009321
4 22518200 ea000030b0009321
4 22518851 bbbb
4 22520042 aaaa
4 22520193 eb00002dc8809321
4 22520331 b000000600003a40
4 22521296 eb000030b0809321
4 22521445 b000000600003a40
4 22521705 eb00002dfa809321
4 22521844 b000000600003a40
4 22522379 ea0000253080933a
4 22523024 bbbb
4 22528447 b000bbbb00000014
# Core 5 LOG DUMP ==================================================
# DCB 5 ffffff0006a76400 pixels
# DCB 5 ffffff0001b29a00 monitor
5 2538 ffffcccc01b29a00
5 22509060 aaaa
5 22509438 eb00002dc8009321
5 22509944 b000000500001070
5 22510118 ea00002dc8809320
5 22510762 bbbb
5 22516084 b000bbbb00000014
5 22518204 aaaa
5 22518410 eb00002dc8009322
5 22518594 b000000500003a40
5 22518773 ea00002dc8809321
5 22519733 bbbb
5 22525058 b000bbbb00000014
# Core 6 LOG DUMP ==================================================
# DCB 6 ffffff0006a76600 pixels
# DCB 6 ffffff0001b29c00 monitor
6 3284 ffffcccc01b29c00
6 22509421 aaaa
6 22509838 eb00002dfa009320
6 22510336 b000000500001070
6 22510511 ea00002dfa809320
6 22511155 bbbb
6 22515749 b000bbbb00000014
6 22518988 aaaa
6 22519176 eb00002dfa009321
6 22519346 b000000500003a40
6 22519521 ea00002dfa809321
6 22520166 bbbb
6 22524785 b000bbbb00000014
# Core 7 LOG DUMP ==================================================
# DCB 7 ffffff0006a76800 pixels
# DCB 7 ffffff0001b29e00 monitor
7 3643 ffffcccc01b29e00
7 22509927 aaaa
7 22510304 eb000030b0009320
7 22510748 b000000500001070
7 22510923 ea000030b0809320
7 22511500 bbbb
7 22515614 b000bbbb00000014
7 22519361 aaaa
7 22519544 eb000030b0009321
7 22519711 b000000500003a40
7 22519887 ea000030b0809321
7 22520696 bbbb
7 22524812 b000bbbb00000014
# Core 8 LOG DUMP ==================================================
# DCB 8 ffffff0006a76a00 pixels
# DCB 8 ffffff0003081000 monitor
8 4176 ffffcccc03081000
# Core 9 LOG DUMP ==================================================
# DCB 9 ffffff0006a76c00 pixels
# DCB 9 ffffff0003081200 monitor
9 4103 ffffcccc03081200
# Core 10 LOG DUMP ==================================================
# DCB 10 ffffff0006a76e00 pixels
# DCB 10 ffffff0003081400 monitor
10 3113 ffffcccc03081400
# Core 11 LOG DUMP ==================================================
# DCB 11 ffffff00071dc000 pixels
# DCB 11 ffffff0004257600 e1000n
# DCB 11 ffffff0003081600 monitor
11 6050 ffffcccc04257600
11 6241 ffffcccc03081600
11 9242 ffffcccc04257600
11 22228889 ffffcccc03081600
11 22231764 ffffcccc04257600
11 44729308 ffffcccc03081600
11 44732185 ffffcccc04257600
11 67229078 ffffcccc03081600
11 67231655 ffffcccc04257600
# Core 12 LOG DUMP ==================================================
# DCB 12 ffffff00071dc200 pixels
# DCB 12 ffffff0003081800 monitor
12 6180 ffffcccc03081800
# Core 13 LOG DUMP ==================================================
# DCB 13 ffffff00071dc400 pixels
# DCB 13 ffffff0003081a00 monitor
13 4329 ffffcccc03081a00
# Core 14 LOG DUMP ==================================================
# DCB 14 ffffff00071dc600 pixels
# DCB 14 ffffff0003081c00 monitor
14 5856 ffffcccc03081c00
# Core 15 LOG DUMP ==================================================
# DCB 15 ffffff00071dc800 pixels
# DCB 15 ffffff0004257800 bfscope
# DCB 15 ffffff0003081e00 monitor
15 4654 ffffcccc04257800
15 4841 ffffcccc03081e00
15 7399 ffffcccc04257800
15 17529722 ffffcccc03081e00
15 17532559 ffffcccc04257800
15 40030160 ffffcccc03081e00
15 40032820 ffffcccc04257800
15 62529873 ffffcccc03081e00
15 62532421 ffffcccc04257800
