# Core 0 LOG DUMP ==================================================
0 0 1234000000000001
# DCB 0 ffffff00071dca00 fish
# DCB 0 ffffff0004257a00 pixels
# DCB 0 ffffff0004257400 serial
# DCB 0 ffffff0004257200 pci
# DCB 0 ffffff0004257000 skb
# DCB 0 ffffff0001b29000 chips
# DCB 0 ffffff0001e06000 mem_serv
# DCB 0 ffffff0001e06200 monitor
0 8183 ffffcccc071dca00
0 8372 ffffcccc01e06200
0 16223 bbbb
0 20324 bbbb
0 22873 bbbb
0 25138 bbbb
0 27335 bbbb
0 29599 bbbb
0 32027 bbbb
0 34291 bbbb
0 36470 bbbb
0 38752 bbbb
0 41206 bbbb
0 43435 bbbb
0 45608 bbbb
0 47872 bbbb
0 50309 bbbb
0 52562 bbbb
0 54731 bbbb
0 56999 bbbb
0 59452 bbbb
0 61715 bbbb
0 63889 bbbb
0 66148 bbbb
0 68582 bbbb
0 70865 bbbb
0 73037 bbbb
0 75311 bbbb
0 77738 bbbb
0 79985 bbbb
0 82169 bbbb
0 84430 bbbb
0 86872 bbbb
0 89117 bbbb
0 91285 bbbb
0 93526 bbbb
0 95966 bbbb
0 98236 bbbb
0 100412 bbbb
0 102673 bbbb
0 105111 bbbb
0 107373 bbbb
0 109675 bbbb
0 111853 bbbb
0 114365 bbbb
0 116541 bbbb
0 118809 bbbb
0 120997 bbbb
0 123510 bbbb
0 125686 bbbb
0 127951 bbbb
0 130124 bbbb
0 132655 bbbb
0 134822 bbbb
0 137083 bbbb
0 139266 bbbb
0 141743 bbbb
0 143922 bbbb
0 146195 bbbb
0 148339 bbbb
0 150869 bbbb
0 153049 bbbb
0 155324 bbbb
0 157507 bbbb
0 160030 bbbb
0 162215 bbbb
0 164475 bbbb
0 166649 bbbb
0 169193 bbbb
0 171372 bbbb
0 173623 bbbb
0 175802 bbbb
0 178330 bbbb
0 180533 bbbb
0 182810 bbbb
0 184984 bbbb
0 187528 bbbb
0 189702 bbbb
0 191982 bbbb
0 194153 bbbb
0 196679 bbbb
0 198847 bbbb
0 201092 bbbb
0 203276 bbbb
0 205799 bbbb
0 207980 bbbb
0 210240 bbbb
0 212420 bbbb
0 214936 bbbb
0 217116 bbbb
0 219377 bbbb
0 221647 bbbb
0 224089 bbbb
0 226355 bbbb
0 228524 bbbb
0 230751 bbbb
0 233170 bbbb
0 235443 bbbb
0 237617 bbbb
0 239886 bbbb
0 242326 bbbb
0 244588 bbbb
0 246766 bbbb
0 249030 bbbb
0 251597 bbbb
0 253772 bbbb
0 256001 bbbb
0 258175 bbbb
0 260686 bbbb
0 262849 bbbb
0 265112 bbbb
0 267290 bbbb
0 269823 bbbb
0 272005 bbbb
0 274233 bbbb
0 276430 bbbb
0 278946 bbbb
0 281116 bbbb
0 283347 bbbb
0 285523 bbbb
0 288034 bbbb
0 290197 bbbb
0 292468 bbbb
0 294672 bbbb
0 297185 bbbb
0 299360 bbbb
0 301627 bbbb
0 303808 bbbb
0 306322 bbbb
0 308485 bbbb
0 310759 bbbb
0 312920 bbbb
0 315441 bbbb
0 317618 bbbb
0 319894 bbbb
0 322194 bbbb
0 324617 bbbb
0 326871 bbbb
0 329041 bbbb
0 331304 bbbb
0 333742 bbbb
0 336015 bbbb
0 338180 bbbb
0 340439 bbbb
0 342875 bbbb
0 345150 bbbb
0 347324 bbbb
0 349589 bbbb
0 352049 bbbb
0 354323 bbbb
0 356497 bbbb
0 358760 bbbb
0 361226 bbbb
0 363503 bbbb
0 365773 bbbb
0 367928 bbbb
0 370451 bbbb
0 372617 bbbb
0 374848 bbbb
0 377006 bbbb
0 379539 bbbb
0 381713 bbbb
0 383995 bbbb
0 386168 bbbb
0 388687 bbbb
0 390863 bbbb
0 393129 bbbb
0 395411 bbbb
0 397858 bbbb
0 400148 bbbb
0 402339 bbbb
0 404615 bbbb
0 407079 bbbb
0 409351 bbbb
0 411514 bbbb
0 413775 bbbb
0 416304 bbbb
0 418619 bbbb
0 420784 bbbb
0 423056 bbbb
0 425511 bbbb
0 427772 bbbb
0 429949 bbbb
0 432219 bbbb
0 434641 bbbb
0 436894 bbbb
0 439064 bbbb
0 441309 bbbb
0 443754 bbbb
0 446044 bbbb
0 448220 bbbb
0 450482 bbbb
0 452914 bbbb
0 455178 bbbb
0 457343 bbbb
0 459605 bbbb
0 462061 bbbb
0 464330 bbbb
0 466489 bbbb
0 468755 bbbb
0 471185 bbbb
0 473411 bbbb
0 475577 bbbb
0 477839 bbbb
0 480278 bbbb
0 482542 bbbb
0 484715 bbbb
0 486976 bbbb
0 489411 bbbb
0 491673 bbbb
0 493848 bbbb
0 496102 bbbb
0 498545 bbbb
0 500806 bbbb
0 502982 bbbb
0 505244 bbbb
0 507688 bbbb
0 509942 bbbb
0 512251 bbbb
0 514447 bbbb
0 516980 bbbb
0 519150 bbbb
0 521425 bbbb
0 523605 bbbb
0 526129 bbbb
0 528294 bbbb
0 530532 bbbb
0 532712 bbbb
0 535246 bbbb
0 537419 bbbb
0 539684 bbbb
0 541858 bbbb
0 544392 bbbb
0 546564 bbbb
0 548840 bbbb
0 551014 bbbb
0 553538 bbbb
0 555690 bbbb
0 557958 bbbb
0 560135 bbbb
0 562612 bbbb
0 564752 bbbb
0 566990 bbbb
0 569183 bbbb
0 571771 bbbb
0 574030 bbbb
0 576283 bbbb
0 578524 bbbb
0 581047 bbbb
0 583226 bbbb
0 585427 bbbb
0 587645 bbbb
0 590134 bbbb
0 592352 bbbb
0 594578 bbbb
0 596801 bbbb
0 599292 bbbb
0 601513 bbbb
0 603730 bbbb
0 605936 bbbb
0 608422 bbbb
0 610635 bbbb
0 612867 bbbb
0 615085 bbbb
0 617564 bbbb
0 619783 bbbb
0 622010 bbbb
0 624247 bbbb
0 626708 bbbb
0 628922 bbbb
0 631148 bbbb
0 633377 bbbb
0 635843 bbbb
0 638057 bbbb
0 640289 bbbb
0 642509 bbbb
0 645017 bbbb
0 647203 bbbb
0 649409 bbbb
0 651661 bbbb
0 654140 bbbb
0 656363 bbbb
0 658594 bbbb
0 660827 bbbb
0 663340 bbbb
0 665554 bbbb
0 667774 bbbb
0 670017 bbbb
0 672518 bbbb
0 674747 bbbb
0 676994 bbbb
0 679198 bbbb
0 681683 bbbb
0 683897 bbbb
0 686133 bbbb
0 688350 bbbb
0 690831 bbbb
0 693063 bbbb
0 695257 bbbb
0 697465 bbbb
0 699944 bbbb
0 702163 bbbb
0 704393 bbbb
0 706586 bbbb
0 709083 bbbb
0 711304 bbbb
0 713536 bbbb
0 715778 bbbb
0 718277 bbbb
0 720524 bbbb
0 722753 bbbb
0 724969 bbbb
0 727409 bbbb
0 729629 bbbb
0 731869 bbbb
0 734086 bbbb
0 736594 bbbb
0 738828 bbbb
0 741056 bbbb
0 743329 bbbb
0 745828 bbbb
0 748073 bbbb
0 750294 bbbb
0 752537 bbbb
0 755065 bbbb
0 757324 bbbb
0 759562 bbbb
0 761788 bbbb
0 764280 bbbb
0 766498 bbbb
0 768755 bbbb
0 770987 bbbb
0 773472 bbbb
0 775657 bbbb
0 777883 bbbb
0 780109 bbbb
0 782624 bbbb
0 784853 bbbb
0 787086 bbbb
0 789311 bbbb
0 791807 bbbb
0 794036 bbbb
0 796265 bbbb
0 798482 bbbb
0 800964 bbbb
0 803185 bbbb
0 805385 bbbb
0 807578 bbbb
0 810050 bbbb
0 812258 bbbb
0 814489 bbbb
0 816705 bbbb
0 819188 bbbb
0 821417 bbbb
0 823619 bbbb
0 825856 bbbb
0 828353 bbbb
0 830584 bbbb
0 832811 bbbb
0 835067 bbbb
0 837545 bbbb
0 839764 bbbb
0 841959 bbbb
0 844175 bbbb
0 846662 bbbb
0 848879 bbbb
0 851105 bbbb
0 853322 bbbb
0 855812 bbbb
0 858032 bbbb
0 860259 bbbb
0 862506 bbbb
0 864999 bbbb
0 867196 bbbb
0 869423 bbbb
0 871642 bbbb
0 874114 bbbb
0 876334 bbbb
0 878567 bbbb
0 880780 bbbb
0 883315 bbbb
0 885611 bbbb
0 887903 bbbb
0 890165 bbbb
0 892663 bbbb
0 894897 bbbb
0 897105 bbbb
0 899333 bbbb
0 901790 bbbb
0 904007 bbbb
0 906255 bbbb
0 908485 bbbb
0 910969 bbbb
0 913190 bbbb
0 915408 bbbb
0 917624 bbbb
0 920056 bbbb
0 922297 bbbb
0 924527 bbbb
0 926707 bbbb
0 929180 bbbb
0 931392 bbbb
0 933626 bbbb
0 935864 bbbb
0 938326 bbbb
0 940547 bbbb
0 942782 bbbb
0 944999 bbbb
0 947464 bbbb
0 949682 bbbb
0 951912 bbbb
0 954119 bbbb
0 956583 bbbb
0 958842 bbbb
0 961066 bbbb
0 963309 bbbb
0 965824 bbbb
0 968039 bbbb
0 970267 bbbb
0 972488 bbbb
0 974956 bbbb
0 977176 bbbb
0 979416 bbbb
0 981596 bbbb
0 984104 bbbb
0 986321 bbbb
0 988528 bbbb
0 990750 bbbb
0 993254 bbbb
0 995473 bbbb
0 997699 bbbb
0 999912 bbbb
0 1002395 bbbb
0 1004618 bbbb
0 1006846 bbbb
0 1009110 bbbb
0 1011611 bbbb
0 1013798 bbbb
0 1016030 bbbb
0 1018240 bbbb
0 1020748 bbbb
0 1022966 bbbb
0 1025194 bbbb
0 1027438 bbbb
0 1029881 bbbb
0 1032113 bbbb
0 1034343 bbbb
0 1036556 bbbb
0 1039037 bbbb
0 1041247 bbbb
0 1043473 bbbb
0 1045683 bbbb
0 1048169 bbbb
0 1050386 bbbb
0 1052614 bbbb
0 1054840 bbbb
0 1057322 bbbb
0 1059572 bbbb
0 1061810 bbbb
0 1064042 bbbb
0 1066532 bbbb
0 1068752 bbbb
0 1070981 bbbb
0 1073210 bbbb
0 1075720 bbbb
0 1077998 bbbb
0 1080259 bbbb
0 1082504 bbbb
0 1084996 bbbb
0 1087202 bbbb
0 1089431 bbbb
0 1091650 bbbb
0 1094116 bbbb
0 1096340 bbbb
0 1098571 bbbb
0 1100785 bbbb
0 1103255 bbbb
0 1105489 bbbb
0 1107685 bbbb
0 1109901 bbbb
0 1112357 bbbb
0 1114597 bbbb
0 1116814 bbbb
0 1119042 bbbb
0 1121519 bbbb
0 1123767 bbbb
0 1125991 bbbb
0 1128242 bbbb
0 1130710 bbbb
0 1132949 bbbb
0 1135182 bbbb
0 1137413 bbbb
0 1139877 bbbb
0 1142062 bbbb
0 1144280 bbbb
0 1146503 bbbb
0 1148960 bbbb
0 1151166 bbbb
0 1153396 bbbb
0 1155611 bbbb
0 1158102 bbbb
0 1160423 bbbb
0 1162622 bbbb
0 1164919 bbbb
0 1167319 bbbb
0 1169598 bbbb
0 1171785 bbbb
0 1174081 bbbb
0 1176532 bbbb
0 1178803 bbbb
0 1180975 bbbb
0 1183259 bbbb
0 1185692 bbbb
0 1187951 bbbb
0 1190135 bbbb
0 1192421 bbbb
0 1194848 bbbb
0 1197125 bbbb
0 1199327 bbbb
0 1201613 bbbb
0 1204038 bbbb
0 1206332 bbbb
0 1208470 bbbb
0 1210755 bbbb
0 1213171 bbbb
0 1215462 bbbb
0 1217636 bbbb
0 1219914 bbbb
0 1222345 bbbb
0 1224622 bbbb
0 1226789 bbbb
0 1229066 bbbb
0 1231499 bbbb
0 1233782 bbbb
0 1235948 bbbb
0 1238230 bbbb
0 1240632 bbbb
0 1242944 bbbb
0 1245119 bbbb
0 1247392 bbbb
0 1249792 bbbb
0 1252091 bbbb
0 1254258 bbbb
0 1256535 bbbb
0 1258930 bbbb
0 1261226 bbbb
0 1263401 bbbb
0 1265668 bbbb
0 1268056 bbbb
0 1270371 bbbb
0 1272557 bbbb
0 1274840 bbbb
0 1277274 bbbb
0 1279560 bbbb
0 1281727 bbbb
0 1284007 bbbb
0 1286442 bbbb
0 1288710 bbbb
0 1290877 bbbb
0 1293132 bbbb
0 1295519 bbbb
0 1297831 bbbb
0 1300016 bbbb
0 1302305 bbbb
0 1304711 bbbb
0 1306988 bbbb
0 1309134 bbbb
0 1311422 bbbb
0 1313858 bbbb
0 1316136 bbbb
0 1318311 bbbb
0 1320579 bbbb
0 1323019 bbbb
0 1325254 bbbb
0 1327422 bbbb
0 1329704 bbbb
0 1332120 bbbb
0 1334402 bbbb
0 1336575 bbbb
0 1338862 bbbb
0 1341319 bbbb
0 1343630 bbbb
0 1345811 bbbb
0 1348092 bbbb
0 1350523 bbbb
0 1352804 bbbb
0 1354973 bbbb
0 1357272 bbbb
0 1359684 bbbb
0 1361938 bbbb
0 1364105 bbbb
0 1366390 bbbb
0 1368791 bbbb
0 1371064 bbbb
0 1373231 bbbb
0 1375488 bbbb
0 1377943 bbbb
0 1380224 bbbb
0 1382401 bbbb
0 1384679 bbbb
0 1387084 bbbb
0 1389359 bbbb
0 1391499 bbbb
0 1393777 bbbb
0 1396178 bbbb
0 1398464 bbbb
0 1400591 bbbb
0 1402866 bbbb
0 1405271 bbbb
0 1407563 bbbb
0 1409731 bbbb
0 1411977 bbbb
0 1414376 bbbb
0 1416647 bbbb
0 1418814 bbbb
0 1421095 bbbb
0 1423532 bbbb
0 1425816 bbbb
0 1427987 bbbb
0 1430278 bbbb
0 1432677 bbbb
0 1434956 bbbb
0 1437122 bbbb
0 1439420 bbbb
0 1441863 bbbb
0 1444131 bbbb
0 1446301 bbbb
0 1448581 bbbb
0 1450996 bbbb
0 1453277 bbbb
0 1455431 bbbb
0 1457714 bbbb
0 1460169 bbbb
0 1462483 bbbb
0 1464653 bbbb
0 1466968 bbbb
0 1469448 bbbb
0 1471764 bbbb
0 1473959 bbbb
0 1476307 bbbb
0 1478772 bbbb
0 1481054 bbbb
0 1483219 bbbb
0 1485506 bbbb
0 1487963 bbbb
0 1490257 bbbb
0 1492391 bbbb
0 1494713 bbbb
0 1497134 bbbb
0 1499419 bbbb
0 1501585 bbbb
0 1503864 bbbb
0 1506278 bbbb
0 1508558 bbbb
0 1510727 bbbb
0 1513010 bbbb
0 1515415 bbbb
0 1517741 bbbb
0 1519903 bbbb
0 1522216 bbbb
0 1524622 bbbb
0 1526906 bbbb
0 1529075 bbbb
0 1531354 bbbb
0 1533755 bbbb
0 1536040 bbbb
0 1538204 bbbb
0 1540486 bbbb
0 1542889 bbbb
0 1545201 bbbb
0 1547363 bbbb
0 1549683 bbbb
0 1552061 bbbb
0 1554347 bbbb
0 1556517 bbbb
0 1558799 bbbb
0 1561242 bbbb
0 1563517 bbbb
0 1565680 bbbb
0 1567948 bbbb
0 1570364 bbbb
0 1572651 bbbb
0 1574818 bbbb
0 1577096 bbbb
0 1579511 bbbb
0 1581773 bbbb
0 1583947 bbbb
0 1586240 bbbb
0 1588663 bbbb
0 1590955 bbbb
0 1593113 bbbb
0 1595392 bbbb
0 1597792 bbbb
0 1600072 bbbb
0 1602228 bbbb
0 1604506 bbbb
0 1606914 bbbb
0 1609192 bbbb
0 1611380 bbbb
0 1613664 bbbb
0 1616101 bbbb
0 1618380 bbbb
0 1620569 bbbb
0 1622875 bbbb
0 1625304 bbbb
0 1627598 bbbb
0 1629767 bbbb
0 1632045 bbbb
0 1634489 bbbb
0 1636775 bbbb
0 1638941 bbbb
0 1641206 bbbb
0 1643603 bbbb
0 1645880 bbbb
0 1648043 bbbb
0 1650368 bbbb
0 1652806 bbbb
0 1655062 bbbb
0 1657227 bbbb
0 1659510 bbbb
0 1661954 bbbb
0 1664255 bbbb
0 1666424 bbbb
0 1668719 bbbb
0 1671129 bbbb
0 1673374 bbbb
0 1675530 bbbb
0 1677811 bbbb
0 1680178 bbbb
0 1682474 bbbb
0 1684650 bbbb
0 1686943 bbbb
0 1689353 bbbb
0 1691608 bbbb
0 1693776 bbbb
0 1696051 bbbb
0 1698455 bbbb
0 1700734 bbbb
0 1702889 bbbb
0 1705186 bbbb
0 1707605 bbbb
0 1709888 bbbb
0 1712061 bbbb
0 1714361 bbbb
0 1716776 bbbb
0 1719054 bbbb
0 1721219 bbbb
0 1723498 bbbb
0 1725941 bbbb
0 1728243 bbbb
0 1730410 bbbb
0 1732696 bbbb
0 1735087 bbbb
0 1737356 bbbb
0 1739527 bbbb
0 1741782 bbbb
0 1744283 bbbb
0 1746543 bbbb
0 1748681 bbbb
0 1750862 bbbb
0 1753403 bbbb
0 1755544 bbbb
0 1757711 bbbb
0 1759976 bbbb
0 1762335 bbbb
0 1764503 bbbb
0 1766784 bbbb
0 1768924 bbbb
0 1771355 bbbb
0 1773614 bbbb
0 1775756 bbbb
0 1777924 bbbb
0 1780451 bbbb
0 1782592 bbbb
0 1784766 bbbb
0 1787033 bbbb
0 1789433 bbbb
0 1791584 bbbb
0 1793894 bbbb
0 1796034 bbbb
0 1798453 bbbb
0 1800742 bbbb
0 1802884 bbbb
0 1805069 bbbb
0 1807632 bbbb
0 1809770 bbbb
0 1811939 bbbb
0 1814222 bbbb
0 1816643 bbbb
0 1818811 bbbb
0 1821076 bbbb
0 1823219 bbbb
0 1825673 bbbb
0 1827950 bbbb
0 1830107 bbbb
0 1832273 bbbb
0 1834829 bbbb
0 1836953 bbbb
0 1839108 bbbb
0 1841384 bbbb
0 1843797 bbbb
0 1845938 bbbb
0 1848215 bbbb
0 1850356 bbbb
0 1852814 bbbb
0 1855100 bbbb
0 1857241 bbbb
0 1859409 bbbb
0 1861979 bbbb
0 1864163 bbbb
0 1866379 bbbb
0 1868737 bbbb
0 1871207 bbbb
0 1873375 bbbb
0 1875652 bbbb
0 1877791 bbbb
0 1880185 bbbb
0 1882461 bbbb
0 1884608 bbbb
0 1886786 bbbb
0 1889303 bbbb
0 1891441 bbbb
0 1893609 bbbb
0 1895885 bbbb
0 1898264 bbbb
0 1900433 bbbb
0 1902730 bbbb
0 1904873 bbbb
0 1907315 bbbb
0 1909592 bbbb
0 1911731 bbbb
0 1913903 bbbb
0 1916441 bbbb
0 1918577 bbbb
0 1920745 bbbb
0 1923022 bbbb
0 1925452 bbbb
0 1927622 bbbb
0 1929914 bbbb
0 1932062 bbbb
0 1934518 bbbb
0 1936811 bbbb
0 1938969 bbbb
0 1941151 bbbb
0 1943707 bbbb
0 1945845 bbbb
0 1948027 bbbb
0 1950303 bbbb
0 1952744 bbbb
0 1955020 bbbb
0 1957157 bbbb
0 1959326 bbbb
0 1961863 bbbb
0 1964000 bbbb
0 1966168 bbbb
0 1968437 bbbb
0 1970854 bbbb
0 1972999 bbbb
0 1975277 bbbb
0 1977429 bbbb
0 1979872 bbbb
0 1982147 bbbb
0 1984297 bbbb
0 1986467 bbbb
0 1989011 bbbb
0 1991147 bbbb
0 1993312 bbbb
0 1995596 bbbb
0 1998017 bbbb
0 2000190 bbbb
0 2002464 bbbb
0 2004599 bbbb
0 2007010 bbbb
0 2009305 bbbb
0 2011439 bbbb
0 2013606 bbbb
0 2016162 bbbb
0 2018303 bbbb
0 2020471 bbbb
0 2022745 bbbb
0 2025111 bbbb
0 2027302 bbbb
0 2029577 bbbb
0 2031734 bbbb
0 2034179 bbbb
0 2036453 bbbb
0 2038574 bbbb
0 2040744 bbbb
0 2043284 bbbb
0 2045423 bbbb
0 2047595 bbbb
0 2049872 bbbb
0 2052317 bbbb
0 2054524 bbbb
0 2056824 bbbb
0 2058989 bbbb
0 2061562 bbbb
0 2063700 bbbb
0 2065858 bbbb
0 2068122 bbbb
0 2070552 bbbb
0 2072678 bbbb
0 2074960 bbbb
0 2077096 bbbb
0 2079469 bbbb
0 2081793 bbbb
0 2083973 bbbb
0 2086256 bbbb
0 2088675 bbbb
0 2090837 bbbb
0 2093114 bbbb
0 2095250 bbbb
0 2097650 bbbb
0 2099928 bbbb
0 2102079 bbbb
0 2104238 bbbb
0 2106750 bbbb
0 2108885 bbbb
0 2111052 bbbb
0 2113336 bbbb
0 2115685 bbbb
0 2117849 bbbb
0 2120132 bbbb
0 2122275 bbbb
0 2124716 bbbb
0 2126968 bbbb
0 2129119 bbbb
0 2131290 bbbb
0 2133801 bbbb
0 2135909 bbbb
0 2138078 bbbb
0 2140356 bbbb
0 2142785 bbbb
0 2144939 bbbb
0 2147204 bbbb
0 2149360 bbbb
0 2151751 bbbb
0 2154007 bbbb
0 2156143 bbbb
0 2158288 bbbb
0 2160845 bbbb
0 2162981 bbbb
0 2165149 bbbb
0 2167419 bbbb
0 2169800 bbbb
0 2171983 bbbb
0 2174250 bbbb
0 2176385 bbbb
0 2178781 bbbb
0 2181063 bbbb
0 2183207 bbbb
0 2185374 bbbb
0 2187880 bbbb
0 2190010 bbbb
0 2192185 bbbb
0 2194469 bbbb
0 2196855 bbbb
0 2199022 bbbb
0 2201302 bbbb
0 2203433 bbbb
0 2205833 bbbb
0 2208151 bbbb
0 2210321 bbbb
0 2212612 bbbb
0 2214989 bbbb
0 2217155 bbbb
0 2219431 bbbb
0 2221572 bbbb
0 2223970 bbbb
0 2226242 bbbb
0 2228428 bbbb
0 2230669 bbbb
0 2233056 bbbb
0 2235190 bbbb
0 2237474 bbbb
0 2239613 bbbb
0 2242043 bbbb
0 2244319 bbbb
0 2246455 bbbb
0 2248627 bbbb
0 2251139 bbbb
0 2253275 bbbb
0 2255456 bbbb
0 2257733 bbbb
0 2260101 bbbb
0 2262278 bbbb
0 2264555 bbbb
0 2266691 bbbb
0 2269100 bbbb
0 2271398 bbbb
0 2273536 bbbb
0 2275708 bbbb
0 2278249 bbbb
0 2280385 bbbb
0 2282556 bbbb
0 2284850 bbbb
0 2287231 bbbb
0 2289398 bbbb
0 2291674 bbbb
0 2293811 bbbb
0 2296224 bbbb
0 2298521 bbbb
0 2300659 bbbb
0 2302834 bbbb
0 2305344 bbbb
0 2307494 bbbb
0 2309641 bbbb
0 2311931 bbbb
0 2314312 bbbb
0 2316466 bbbb
0 2318749 bbbb
0 2320884 bbbb
0 2323490 bbbb
0 2325712 bbbb
0 2328023 bbbb
0 2330231 bbbb
0 2332775 bbbb
0 2334961 bbbb
0 2337240 bbbb
0 2339563 bbbb
0 2342008 bbbb
0 2344276 bbbb
0 2346487 bbbb
0 2348755 bbbb
0 2351186 bbbb
0 2353457 bbbb
0 2355750 bbbb
0 2357912 bbbb
0 2360440 bbbb
0 2362616 bbbb
0 2364886 bbbb
0 2367065 bbbb
0 2369592 bbbb
0 2371771 bbbb
0 2374034 bbbb
0 2376341 bbbb
0 2378918 bbbb
0 2381113 bbbb
0 2383381 bbbb
0 2385562 bbbb
0 2388078 bbbb
0 2390389 bbbb
0 2392564 bbbb
0 2394848 bbbb
0 2397287 bbbb
0 2399558 bbbb
0 2401726 bbbb
0 2403995 bbbb
0 2406445 bbbb
0 2408708 bbbb
0 2410886 bbbb
0 2413171 bbbb
0 2415629 bbbb
0 2417906 bbbb
0 2420069 bbbb
0 2422343 bbbb
0 2424784 bbbb
0 2427050 bbbb
0 2429234 bbbb
0 2431502 bbbb
0 2433954 bbbb
0 2436230 bbbb
0 2438408 bbbb
0 2440678 bbbb
0 2443111 bbbb
0 2445377 bbbb
0 2447570 bbbb
0 2449859 bbbb
0 2452297 bbbb
0 2454578 bbbb
0 2456758 bbbb
0 2458984 bbbb
0 2461431 bbbb
0 2463708 bbbb
0 2465864 bbbb
0 2468134 bbbb
0 2470581 bbbb
0 2472851 bbbb
0 2475039 bbbb
0 2477315 bbbb
0 2479737 bbbb
0 2482012 bbbb
0 2484349 bbbb
0 2486525 bbbb
0 2489063 bbbb
0 2491241 bbbb
0 2493463 bbbb
0 2495627 bbbb
0 2498165 bbbb
0 2500346 bbbb
0 2502632 bbbb
0 2504785 bbbb
0 2507314 bbbb
0 2509477 bbbb
0 2511713 bbbb
0 2513910 bbbb
0 2516431 bbbb
0 2518766 bbbb
0 2520949 bbbb
0 2523231 bbbb
0 2525674 bbbb
0 2527933 bbbb
0 2530106 bbbb
0 2532326 bbbb
0 2534909 bbbb
0 2537084 bbbb
0 2539361 bbbb
0 2541537 bbbb
0 2544062 bbbb
0 2546238 bbbb
0 2548519 bbbb
0 2550695 bbbb
0 2553223 bbbb
0 2555419 bbbb
0 2557693 bbbb
0 2559868 bbbb
0 2562392 bbbb
0 2564569 bbbb
0 2566838 bbbb
0 2569021 bbbb
0 2571548 bbbb
0 2573859 bbbb
0 2576045 bbbb
0 2578313 bbbb
0 2580762 bbbb
0 2583034 bbbb
0 2585350 bbbb
0 2587538 bbbb
0 2590066 bbbb
0 2592256 bbbb
0 2594548 bbbb
0 2596723 bbbb
0 2599255 bbbb
0 2601569 bbbb
0 2603737 bbbb
0 2606009 bbbb
0 2608442 bbbb
0 2610714 bbbb
0 2612889 bbbb
0 2615169 bbbb
0 2617631 bbbb
0 2619901 bbbb
0 2622076 bbbb
0 2624345 bbbb
0 2626767 bbbb
0 2629046 bbbb
0 2631231 bbbb
0 2633468 bbbb
0 2635923 bbbb
0 2638197 bbbb
0 2640371 bbbb
0 2642645 bbbb
0 2645101 bbbb
0 2647402 bbbb
0 2649593 bbbb
0 2651887 bbbb
0 2654341 bbbb
0 2656614 bbbb
0 2658794 bbbb
0 2661071 bbbb
0 2663501 bbbb
0 2665759 bbbb
0 2667935 bbbb
0 2670203 bbbb
0 2672644 bbbb
0 2674913 bbbb
0 2677095 bbbb
0 2679365 bbbb
0 2681804 bbbb
0 2684073 bbbb
0 2686253 bbbb
0 2688529 bbbb
0 2691013 bbbb
0 2693289 bbbb
0 2695448 bbbb
0 2697734 bbbb
0 2700139 bbbb
0 2702367 bbbb
0 2704548 bbbb
0 2706817 bbbb
0 2709261 bbbb
0 2711528 bbbb
0 2713718 bbbb
0 2715995 bbbb
0 2718428 bbbb
0 2720672 bbbb
0 2722832 bbbb
0 2725095 bbbb
0 2727535 bbbb
0 2729804 bbbb
0 2731976 bbbb
0 2734246 bbbb
0 2736703 bbbb
0 2738992 bbbb
0 2741175 bbbb
0 2743457 bbbb
0 2745928 bbbb
0 2748175 bbbb
0 2750484 bbbb
0 2752661 bbbb
0 2755172 bbbb
0 2757335 bbbb
0 2759608 bbbb
0 2761780 bbbb
0 2764312 bbbb
0 2766635 bbbb
0 2768821 bbbb
0 2771102 bbbb
0 2773531 bbbb
0 2775806 bbbb
0 2777994 bbbb
0 2780276 bbbb
0 2782721 bbbb
0 2785007 bbbb
0 2787163 bbbb
0 2789440 bbbb
0 2791880 bbbb
0 2794167 bbbb
0 2796343 bbbb
0 2798618 bbbb
0 2801062 bbbb
0 2803340 bbbb
0 2805526 bbbb
0 2807795 bbbb
0 2810234 bbbb
0 2812501 bbbb
0 2814830 bbbb
0 2817028 bbbb
0 2819560 bbbb
0 2821862 bbbb
0 2824056 bbbb
0 2826335 bbbb
0 2828786 bbbb
0 2831063 bbbb
0 2833245 bbbb
0 2835520 bbbb
0 2837942 bbbb
0 2840213 bbbb
0 2842524 bbbb
0 2844714 bbbb
0 2847223 bbbb
0 2849403 bbbb
0 2851679 bbbb
0 2853878 bbbb
0 2856405 bbbb
0 2858589 bbbb
0 2860851 bbbb
0 2863012 bbbb
0 2865544 bbbb
0 2867732 bbbb
0 2870020 bbbb
0 2872226 bbbb
0 2874760 bbbb
0 2876936 bbbb
0 2879206 bbbb
0 2881380 bbbb
0 2883896 bbbb
0 2886084 bbbb
0 2888334 bbbb
0 2890528 bbbb
0 2893062 bbbb
0 2895233 bbbb
0 2897501 bbbb
0 2899678 bbbb
0 2902198 bbbb
0 2904375 bbbb
0 2906645 bbbb
0 2908826 bbbb
0 2911402 bbbb
0 2913635 bbbb
0 2915896 bbbb
0 2918141 bbbb
0 2920627 bbbb
0 2922875 bbbb
0 2925090 bbbb
0 2927306 bbbb
0 2929772 bbbb
0 2931982 bbbb
0 2934209 bbbb
0 2936416 bbbb
0 2938905 bbbb
0 2941123 bbbb
0 2943355 bbbb
0 2945575 bbbb
0 2948051 bbbb
0 2950290 bbbb
0 2952524 bbbb
0 2954759 bbbb
0 2957206 bbbb
0 2959450 bbbb
0 2961677 bbbb
0 2963893 bbbb
0 2966363 bbbb
0 2968583 bbbb
0 2970812 bbbb
0 2973050 bbbb
0 2975507 bbbb
0 2977723 bbbb
0 2979953 bbbb
0 2982167 bbbb
0 2984630 bbbb
0 2986859 bbbb
0 2989037 bbbb
0 2991260 bbbb
0 2993716 bbbb
0 2995936 bbbb
0 2998163 bbbb
0 3000384 bbbb
0 3002852 bbbb
0 3005093 bbbb
0 3007319 bbbb
0 3009548 bbbb
0 3012002 bbbb
0 3014222 bbbb
0 3016470 bbbb
0 3018692 bbbb
0 3021136 bbbb
0 3023364 bbbb
0 3025567 bbbb
0 3027817 bbbb
0 3030272 bbbb
0 3032492 bbbb
0 3034709 bbbb
0 3036949 bbbb
0 3039418 bbbb
0 3041633 bbbb
0 3043867 bbbb
0 3046076 bbbb
0 3048533 bbbb
0 3050762 bbbb
0 3052994 bbbb
0 3055242 bbbb
0 3057706 bbbb
0 3059913 bbbb
0 3062141 bbbb
0 3064348 bbbb
0 3066807 bbbb
0 3069023 bbbb
0 3071282 bbbb
0 3073500 bbbb
0 3075975 bbbb
0 3078183 bbbb
0 3080425 bbbb
0 3082646 bbbb
0 3085114 bbbb
0 3087336 bbbb
0 3089568 bbbb
0 3091784 bbbb
0 3094227 bbbb
0 3096478 bbbb
0 3098736 bbbb
0 3100952 bbbb
0 3103430 bbbb
0 3105669 bbbb
0 3107902 bbbb
0 3110126 bbbb
0 3112589 bbbb
0 3114812 bbbb
0 3117041 bbbb
0 3119263 bbbb
0 3121725 bbbb
0 3123941 bbbb
0 3126170 bbbb
0 3128418 bbbb
0 3130893 bbbb
0 3133121 bbbb
0 3135349 bbbb
0 3137575 bbbb
0 3140045 bbbb
0 3142229 bbbb
0 3144456 bbbb
0 3146672 bbbb
0 3149146 bbbb
0 3151325 bbbb
0 3153554 bbbb
0 3155778 bbbb
0 3158234 bbbb
0 3160439 bbbb
0 3162665 bbbb
0 3164882 bbbb
0 3167354 bbbb
0 3169582 bbbb
0 3171809 bbbb
0 3174022 bbbb
0 3176474 bbbb
0 3178694 bbbb
0 3180927 bbbb
0 3183169 bbbb
0 3185627 bbbb
0 3187847 bbbb
0 3190050 bbbb
0 3192240 bbbb
0 3194687 bbbb
0 3196944 bbbb
0 3199170 bbbb
0 3201390 bbbb
0 3203855 bbbb
0 3206079 bbbb
0 3208316 bbbb
0 3210525 bbbb
0 3212983 bbbb
0 3215217 bbbb
0 3217437 bbbb
0 3219665 bbbb
0 3222128 bbbb
0 3224311 bbbb
0 3226538 bbbb
0 3228754 bbbb
0 3231208 bbbb
0 3233386 bbbb
0 3235583 bbbb
0 3237791 bbbb
0 3240220 bbbb
0 3242437 bbbb
0 3244664 bbbb
0 3246893 bbbb
0 3249320 bbbb
0 3251538 bbbb
0 3253741 bbbb
0 3255946 bbbb
0 3258383 bbbb
0 3260600 bbbb
0 3262828 bbbb
0 3265032 bbbb
0 3267488 bbbb
0 3269711 bbbb
0 3271934 bbbb
0 3274148 bbbb
0 3276593 bbbb
0 3278811 bbbb
0 3281069 bbbb
0 3283300 bbbb
0 3285763 bbbb
0 3287995 bbbb
0 3290197 bbbb
0 3292415 bbbb
0 3294875 bbbb
0 3297071 bbbb
0 3299301 bbbb
0 3301529 bbbb
0 3303974 bbbb
0 3306193 bbbb
0 3308429 bbbb
0 3310646 bbbb
0 3313109 bbbb
0 3315332 bbbb
0 3317561 bbbb
0 3319780 bbbb
0 3322255 bbbb
0 3324529 bbbb
0 3326755 bbbb
0 3328967 bbbb
0 3331432 bbbb
0 3333657 bbbb
0 3335897 bbbb
0 3338111 bbbb
0 3340573 bbbb
0 3342782 bbbb
0 3344992 bbbb
0 3347206 bbbb
0 3349667 bbbb
0 3351899 bbbb
0 3354131 bbbb
0 3356353 bbbb
0 3358771 bbbb
0 3360989 bbbb
0 3363192 bbbb
0 3365431 bbbb
0 3367895 bbbb
0 3370112 bbbb
0 3372355 bbbb
0 3374578 bbbb
0 3377042 bbbb
0 3379261 bbbb
0 3381497 bbbb
0 3383687 bbbb
0 3386164 bbbb
0 3388383 bbbb
0 3390599 bbbb
0 3392846 bbbb
0 3395315 bbbb
0 3397534 bbbb
0 3399750 bbbb
0 3401966 bbbb
0 3404458 bbbb
0 3406663 bbbb
0 3408890 bbbb
0 3411118 bbbb
0 3413574 bbbb
0 3415796 bbbb
0 3418027 bbbb
0 3420274 bbbb
0 3422741 bbbb
0 3424960 bbbb
0 3427189 bbbb
0 3429406 bbbb
0 3431834 bbbb
0 3434041 bbbb
0 3436267 bbbb
0 3438512 bbbb
0 3441006 bbbb
0 3443232 bbbb
0 3445461 bbbb
0 3447678 bbbb
0 3450112 bbbb
0 3452335 bbbb
0 3454553 bbbb
0 3456782 bbbb
0 3459266 bbbb
0 3461488 bbbb
0 3463717 bbbb
0 3465928 bbbb
0 3468387 bbbb
0 3470607 bbbb
0 3472806 bbbb
0 3475018 bbbb
0 3477479 bbbb
0 3479716 bbbb
0 3481958 bbbb
0 3484145 bbbb
0 3486617 bbbb
0 3488837 bbbb
0 3491075 bbbb
0 3493308 bbbb
0 3495833 bbbb
0 3498118 bbbb
0 3500284 bbbb
0 3502562 bbbb
0 3504981 bbbb
0 3507280 bbbb
0 3509454 bbbb
0 3511739 bbbb
0 3514142 bbbb
0 3516453 bbbb
0 3518633 bbbb
0 3520918 bbbb
0 3523332 bbbb
0 3525628 bbbb
0 3527807 bbbb
0 3530105 bbbb
0 3532511 bbbb
0 3534780 bbbb
0 3536938 bbbb
0 3539194 bbbb
0 3541594 bbbb
0 3543878 bbbb
0 3546036 bbbb
0 3548291 bbbb
0 3550666 bbbb
0 3552962 bbbb
0 3555125 bbbb
0 3557411 bbbb
0 3559754 bbbb
0 3562031 bbbb
0 3564223 bbbb
0 3566505 bbbb
0 3568959 bbbb
0 3571239 bbbb
0 3573409 bbbb
0 3575723 bbbb
0 3578123 bbbb
0 3580425 bbbb
0 3582593 bbbb
0 3584848 bbbb
0 3587224 bbbb
0 3589508 bbbb
0 3591675 bbbb
0 3593950 bbbb
0 3596357 bbbb
0 3598659 bbbb
0 3600824 bbbb
0 3603125 bbbb
0 3605533 bbbb
0 3607779 bbbb
0 3609937 bbbb
0 3612220 bbbb
0 3614630 bbbb
0 3616942 bbbb
0 3619132 bbbb
0 3621409 bbbb
0 3623835 bbbb
0 3626109 bbbb
0 3628292 bbbb
0 3630569 bbbb
0 3632969 bbbb
0 3635239 bbbb
0 3637385 bbbb
0 3639663 bbbb
0 3642079 bbbb
0 3644351 bbbb
0 3646535 bbbb
0 3648811 bbbb
0 3651204 bbbb
0 3653483 bbbb
0 3655650 bbbb
0 3657928 bbbb
0 3660335 bbbb
0 3662608 bbbb
0 3664775 bbbb
0 3667088 bbbb
0 3669506 bbbb
0 3671795 bbbb
0 3673958 bbbb
0 3676226 bbbb
0 3678606 bbbb
0 3680888 bbbb
0 3683052 bbbb
0 3685316 bbbb
0 3687748 bbbb
0 3690036 bbbb
0 3692219 bbbb
0 3694511 bbbb
0 3696921 bbbb
0 3699194 bbbb
0 3701361 bbbb
0 3703638 bbbb
0 3706012 bbbb
0 3708289 bbbb
0 3710456 bbbb
0 3712733 bbbb
0 3715137 bbbb
0 3717419 bbbb
0 3719569 bbbb
0 3721836 bbbb
0 3724230 bbbb
0 3726513 bbbb
0 3728678 bbbb
0 3730968 bbbb
0 3733373 bbbb
0 3735704 bbbb
0 3737867 bbbb
0 3740135 bbbb
0 3742502 bbbb
0 3744784 bbbb
0 3746957 bbbb
0 3749234 bbbb
0 3751627 bbbb
0 3753928 bbbb
0 3756098 bbbb
0 3758393 bbbb
0 3760798 bbbb
0 3763065 bbbb
0 3765234 bbbb
0 3767503 bbbb
0 3769910 bbbb
0 3772195 bbbb
0 3774368 bbbb
0 3776654 bbbb
0 3779045 bbbb
0 3781313 bbbb
0 3783479 bbbb
0 3785765 bbbb
0 3788166 bbbb
0 3790444 bbbb
0 3792617 bbbb
0 3794924 bbbb
0 3797321 bbbb
0 3799597 bbbb
0 3801761 bbbb
0 3804028 bbbb
0 3806440 bbbb
0 3808711 bbbb
0 3810880 bbbb
0 3813158 bbbb
0 3815552 bbbb
0 3817847 bbbb
0 3820004 bbbb
0 3822287 bbbb
0 3824668 bbbb
0 3826949 bbbb
0 3829115 bbbb
0 3831404 bbbb
0 3833806 bbbb
0 3836083 bbbb
0 3838266 bbbb
0 3840543 bbbb
0 3842945 bbbb
0 3845224 bbbb
0 3847391 bbbb
0 3849691 bbbb
0 3852083 bbbb
0 3854396 bbbb
0 3856563 bbbb
0 3858838 bbbb
0 3861228 bbbb
0 3863504 bbbb
0 3865673 bbbb
0 3867928 bbbb
0 3870323 bbbb
0 3872603 bbbb
0 3874773 bbbb
0 3877021 bbbb
0 3879419 bbbb
0 3881704 bbbb
0 3883835 bbbb
0 3886103 bbbb
0 3888500 bbbb
0 3890812 bbbb
0 3892980 bbbb
0 3895259 bbbb
0 3897660 bbbb
0 3899945 bbbb
0 3902115 bbbb
0 3904393 bbbb
0 3906792 bbbb
0 3909077 bbbb
0 3911243 bbbb
0 3913526 bbbb
0 3915921 bbbb
0 3918220 bbbb
0 3920411 bbbb
0 3922704 bbbb
0 3925099 bbbb
0 3927376 bbbb
0 3929548 bbbb
0 3931823 bbbb
0 3934225 bbbb
0 3936506 bbbb
0 3938679 bbbb
0 3940969 bbbb
0 3943363 bbbb
0 3945647 bbbb
0 3947821 bbbb
0 3950109 bbbb
0 3952502 bbbb
0 3954762 bbbb
0 3956920 bbbb
0 3959185 bbbb
0 3961605 bbbb
0 3963899 bbbb
0 3966086 bbbb
0 3968371 bbbb
0 3970775 bbbb
0 3973070 bbbb
0 3975250 bbbb
0 3977530 bbbb
0 3979919 bbbb
0 3982204 bbbb
0 3984371 bbbb
0 3986651 bbbb
0 3989070 bbbb
0 3991351 bbbb
0 3993536 bbbb
0 3995821 bbbb
0 3998207 bbbb
0 4000475 bbbb
0 4002654 bbbb
0 4004929 bbbb
0 4007329 bbbb
0 4009620 bbbb
0 4011796 bbbb
0 4014073 bbbb
0 4016468 bbbb
0 4018754 bbbb
0 4020928 bbbb
0 4023227 bbbb
0 4025638 bbbb
0 4027919 bbbb
0 4030085 bbbb
0 4032370 bbbb
0 4034784 bbbb
0 4037069 bbbb
0 4039228 bbbb
0 4041509 bbbb
0 4043916 bbbb
0 4046200 bbbb
0 4048366 bbbb
0 4050650 bbbb
0 4053022 bbbb
0 4055278 bbbb
0 4057456 bbbb
0 4059732 bbbb
0 4062148 bbbb
0 4064445 bbbb
0 4066614 bbbb
0 4068896 bbbb
0 4071305 bbbb
0 4073589 bbbb
0 4075777 bbbb
0 4078045 bbbb
0 4080546 bbbb
0 4082824 bbbb
0 4084977 bbbb
0 4087145 bbbb
0 4089655 bbbb
0 4091790 bbbb
0 4093958 bbbb
0 4096241 bbbb
0 4098621 bbbb
0 4100790 bbbb
0 4103076 bbbb
0 4105217 bbbb
0 4107618 bbbb
0 4109916 bbbb
0 4112059 bbbb
0 4114247 bbbb
0 4116764 bbbb
0 4118900 bbbb
0 4121067 bbbb
0 4123368 bbbb
0 4125778 bbbb
0 4127950 bbbb
0 4130227 bbbb
0 4132377 bbbb
0 4134797 bbbb
0 4137075 bbbb
0 4139225 bbbb
0 4141394 bbbb
0 4143899 bbbb
0 4146026 bbbb
0 4148199 bbbb
0 4150497 bbbb
0 4152932 bbbb
0 4155121 bbbb
0 4157400 bbbb
0 4159538 bbbb
0 4161945 bbbb
0 4164247 bbbb
0 4166370 bbbb
0 4168546 bbbb
0 4171078 bbbb
0 4173247 bbbb
0 4175416 bbbb
0 4177697 bbbb
0 4180067 bbbb
0 4182244 bbbb
0 4184528 bbbb
0 4186665 bbbb
0 4189061 bbbb
0 4191382 bbbb
0 4193516 bbbb
0 4195683 bbbb
0 4198168 bbbb
0 4200302 bbbb
0 4202465 bbbb
0 4204776 bbbb
0 4207152 bbbb
0 4209320 bbbb
0 4211599 bbbb
0 4213736 bbbb
0 4216121 bbbb
0 4218402 bbbb
0 4220539 bbbb
0 4222712 bbbb
0 4225221 bbbb
0 4227340 bbbb
0 4229509 bbbb
0 4231787 bbbb
0 4234154 bbbb
0 4236321 bbbb
0 4238593 bbbb
0 4240742 bbbb
0 4243253 bbbb
0 4245373 bbbb
0 4247540 bbbb
0 4249826 bbbb
0 4252223 bbbb
0 4254434 bbbb
0 4256720 bbbb
0 4258907 bbbb
0 4261418 bbbb
0 4263587 bbbb
0 4265870 bbbb
0 4268006 bbbb
0 4270448 bbbb
0 4272733 bbbb
0 4274873 bbbb
0 4277060 bbbb
0 4279572 bbbb
0 4281719 bbbb
0 4283900 bbbb
0 4286205 bbbb
0 4288594 bbbb
0 4290767 bbbb
0 4293045 bbbb
0 4295189 bbbb
0 4297565 bbbb
0 4299849 bbbb
0 4301982 bbbb
0 4304111 bbbb
0 4306638 bbbb
0 4308781 bbbb
0 4310959 bbbb
0 4313235 bbbb
0 4315619 bbbb
0 4317787 bbbb
0 4320063 bbbb
0 4322162 bbbb
0 4324543 bbbb
0 4326818 bbbb
0 4328957 bbbb
0 4331138 bbbb
0 4333655 bbbb
0 4335797 bbbb
0 4337967 bbbb
0 4340246 bbbb
0 4342661 bbbb
0 4344937 bbbb
0 4347079 bbbb
0 4349251 bbbb
0 4351761 bbbb
0 4353913 bbbb
0 4356089 bbbb
0 4358366 bbbb
0 4360732 bbbb
0 4362908 bbbb
0 4365188 bbbb
0 4367327 bbbb
0 4369750 bbbb
0 4372034 bbbb
0 4374176 bbbb
0 4376344 bbbb
0 4378891 bbbb
0 4381061 bbbb
0 4383228 bbbb
0 4385522 bbbb
0 4387923 bbbb
0 4390103 bbbb
0 4392380 bbbb
0 4394525 bbbb
0 4397030 bbbb
0 4399165 bbbb
0 4401335 bbbb
0 4403624 bbbb
0 4406032 bbbb
0 4408198 bbbb
0 4410471 bbbb
0 4412638 bbbb
0 4415165 bbbb
0 4417303 bbbb
0 4419470 bbbb
0 4421747 bbbb
0 4424149 bbbb
0 4426319 bbbb
0 4428595 bbbb
0 4430741 bbbb
0 4433159 bbbb
0 4435445 bbbb
0 4437589 bbbb
0 4439723 bbbb
0 4442266 bbbb
0 4444402 bbbb
0 4446576 bbbb
0 4448862 bbbb
0 4451231 bbbb
0 4453403 bbbb
0 4455683 bbbb
0 4457819 bbbb
0 4460255 bbbb
0 4462533 bbbb
0 4464669 bbbb
0 4466837 bbbb
0 4469345 bbbb
0 4471483 bbbb
0 4473664 bbbb
0 4475944 bbbb
0 4478333 bbbb
0 4480507 bbbb
0 4482783 bbbb
0 4484921 bbbb
0 4487348 bbbb
0 4489628 bbbb
0 4491778 bbbb
0 4493946 bbbb
0 4496490 bbbb
0 4498643 bbbb
0 4500827 bbbb
0 4503104 bbbb
0 4505470 bbbb
0 4507640 bbbb
0 4509921 bbbb
0 4512071 bbbb
0 4514489 bbbb
0 4516770 bbbb
0 4518911 bbbb
0 4521078 bbbb
0 4523579 bbbb
0 4525715 bbbb
0 4527899 bbbb
0 4530182 bbbb
0 4532596 bbbb
0 4534768 bbbb
0 4537047 bbbb
0 4539230 bbbb
0 4541761 bbbb
0 4543886 bbbb
0 4546056 bbbb
0 4548349 bbbb
0 4550735 bbbb
0 4552907 bbbb
0 4555207 bbbb
0 4557343 bbbb
0 4559776 bbbb
0 4562069 bbbb
0 4564217 bbbb
0 4566385 bbbb
0 4568929 bbbb
0 4571065 bbbb
0 4573246 bbbb
0 4575530 bbbb
0 4577929 bbbb
0 4580100 bbbb
0 4582382 bbbb
0 4584515 bbbb
0 4586898 bbbb
0 4589174 bbbb
0 4591313 bbbb
0 4593477 bbbb
0 4595963 bbbb
0 4598076 bbbb
0 4600259 bbbb
0 4602536 bbbb
0 4604939 bbbb
0 4607114 bbbb
0 4609420 bbbb
0 4611585 bbbb
0 4614012 bbbb
0 4616292 bbbb
0 4618443 bbbb
0 4620600 bbbb
0 4623112 bbbb
0 4625263 bbbb
0 4627421 bbbb
0 4629683 bbbb
0 4632111 bbbb
0 4634303 bbbb
0 4636594 bbbb
0 4638754 bbbb
0 4641211 bbbb
0 4643480 bbbb
0 4645616 bbbb
0 4647787 bbbb
0 4650316 bbbb
0 4652455 bbbb
0 4654627 bbbb
0 4656915 bbbb
0 4659400 bbbb
0 4661681 bbbb
0 4663919 bbbb
0 4666214 bbbb
0 4668678 bbbb
0 4670960 bbbb
0 4673135 bbbb
0 4675421 bbbb
0 4677869 bbbb
0 4680146 bbbb
0 4682331 bbbb
0 4684619 bbbb
0 4687076 bbbb
0 4689345 bbbb
0 4691519 bbbb
0 4693746 bbbb
0 4696190 bbbb
0 4698454 bbbb
0 4700644 bbbb
0 4702880 bbbb
0 4705342 bbbb
0 4707605 bbbb
0 4709917 bbbb
0 4712093 bbbb
0 4714646 bbbb
0 4716827 bbbb
0 4719106 bbbb
0 4721273 bbbb
0 4723815 bbbb
0 4725999 bbbb
0 4728267 bbbb
0 4730441 bbbb
0 4732975 bbbb
0 4735165 bbbb
0 4737450 bbbb
0 4739623 bbbb
0 4742140 bbbb
0 4744451 bbbb
0 4746627 bbbb
0 4748899 bbbb
0 4751371 bbbb
0 4753650 bbbb
0 4755832 bbbb
0 4758111 bbbb
0 4760537 bbbb
0 4762811 bbbb
0 4764947 bbbb
0 4767218 bbbb
0 4769642 bbbb
0 4771915 bbbb
0 4774097 bbbb
0 4776365 bbbb
0 4778832 bbbb
0 4781113 bbbb
0 4783286 bbbb
0 4785532 bbbb
0 4787967 bbbb
0 4790226 bbbb
0 4792399 bbbb
0 4794672 bbbb
0 4797108 bbbb
0 4799378 bbbb
0 4801554 bbbb
0 4803829 bbbb
0 4806425 bbbb
0 4808599 bbbb
0 4810826 bbbb
0 4813003 bbbb
0 4815543 bbbb
0 4817726 bbbb
0 4820014 bbbb
0 4822190 bbbb
0 4824710 bbbb
0 4826891 bbbb
0 4829169 bbbb
0 4831340 bbbb
0 4833878 bbbb
0 4836055 bbbb
0 4838327 bbbb
0 4840506 bbbb
0 4843049 bbbb
0 4845229 bbbb
0 4847499 bbbb
0 4849673 bbbb
0 4852186 bbbb
0 4854378 bbbb
0 4856696 bbbb
0 4858873 bbbb
0 4861434 bbbb
0 4863614 bbbb
0 4865887 bbbb
0 4868069 bbbb
0 4870595 bbbb
0 4872771 bbbb
0 4875039 bbbb
0 4877213 bbbb
0 4879750 bbbb
0 4881918 bbbb
0 4884194 bbbb
0 4886380 bbbb
0 4888902 bbbb
0 4891057 bbbb
0 4893326 bbbb
0 4895501 bbbb
0 4898054 bbbb
0 4900231 bbbb
0 4902500 bbbb
0 4904696 bbbb
0 4907213 bbbb
0 4909373 bbbb
0 4911651 bbbb
0 4913811 bbbb
0 4916342 bbbb
0 4918514 bbbb
0 4920788 bbbb
0 4922981 bbbb
0 4925506 bbbb
0 4927684 bbbb
0 4929953 bbbb
0 4932136 bbbb
0 4934682 bbbb
0 4936861 bbbb
0 4939097 bbbb
0 4941263 bbbb
0 4943822 bbbb
0 4946006 bbbb
0 4948274 bbbb
0 4950442 bbbb
0 4952969 bbbb
0 4955146 bbbb
0 4957433 bbbb
0 4959611 bbbb
0 4962148 bbbb
0 4964461 bbbb
0 4966644 bbbb
0 4968903 bbbb
0 4971369 bbbb
0 4973645 bbbb
0 4975825 bbbb
0 4978088 bbbb
0 4980521 bbbb
0 4982791 bbbb
0 4984964 bbbb
0 4987255 bbbb
0 4989703 bbbb
0 4991977 bbbb
0 4994162 bbbb
0 4996435 bbbb
0 4998890 bbbb
0 5001141 bbbb
0 5003435 bbbb
0 5005591 bbbb
0 5008135 bbbb
0 5010311 bbbb
0 5012584 bbbb
0 5014910 bbbb
0 5017357 bbbb
0 5019640 bbbb
0 5021822 bbbb
0 5024054 bbbb
0 5026499 bbbb
0 5028776 bbbb
0 5030957 bbbb
0 5033264 bbbb
0 5035838 bbbb
0 5038009 bbbb
0 5040299 bbbb
0 5042474 bbbb
0 5045002 bbbb
0 5047176 bbbb
0 5049449 bbbb
0 5051728 bbbb
0 5054186 bbbb
0 5056463 bbbb
0 5058656 bbbb
0 5060924 bbbb
0 5063369 bbbb
0 5065644 bbbb
0 5067977 bbbb
0 5070159 bbbb
0 5072691 bbbb
0 5074895 bbbb
0 5077182 bbbb
0 5079361 bbbb
0 5081912 bbbb
0 5084221 bbbb
0 5086415 bbbb
0 5088692 bbbb
0 5091142 bbbb
0 5093409 bbbb
0 5095739 bbbb
0 5097916 bbbb
0 5100460 bbbb
0 5102635 bbbb
0 5104912 bbbb
0 5107072 bbbb
0 5109596 bbbb
0 5111782 bbbb
0 5114052 bbbb
0 5116240 bbbb
0 5118771 bbbb
0 5121082 bbbb
0 5123268 bbbb
0 5125538 bbbb
0 5127986 bbbb
0 5130218 bbbb
0 5132394 bbbb
0 5134640 bbbb
0 5137097 bbbb
0 5139335 bbbb
0 5141522 bbbb
0 5143799 bbbb
0 5146237 bbbb
0 5148473 bbbb
0 5150658 bbbb
0 5152889 bbbb
0 5155360 bbbb
0 5157633 bbbb
0 5159819 bbbb
0 5162098 bbbb
0 5164533 bbbb
0 5166796 bbbb
0 5168981 bbbb
0 5171258 bbbb
0 5173725 bbbb
0 5175993 bbbb
0 5178169 bbbb
0 5180441 bbbb
0 5183006 bbbb
0 5185190 bbbb
0 5187458 bbbb
0 5189624 bbbb
0 5192132 bbbb
0 5194292 bbbb
0 5196584 bbbb
0 5198751 bbbb
0 5201271 bbbb
0 5203445 bbbb
0 5205674 bbbb
0 5207870 bbbb
0 5210396 bbbb
0 5212578 bbbb
0 5214846 bbbb
0 5217123 bbbb
0 5219570 bbbb
0 5221846 bbbb
0 5224008 bbbb
0 5226276 bbbb
0 5228706 bbbb
0 5230988 bbbb
0 5233166 bbbb
0 5235442 bbbb
0 5237842 bbbb
0 5240093 bbbb
0 5242268 bbbb
0 5244539 bbbb
0 5247172 bbbb
0 5249332 bbbb
0 5251543 bbbb
0 5253833 bbbb
0 5256232 bbbb
0 5258398 bbbb
0 5260690 bbbb
0 5262800 bbbb
0 5265223 bbbb
0 5267507 bbbb
0 5269643 bbbb
0 5271813 bbbb
0 5274354 bbbb
0 5276503 bbbb
0 5278669 bbbb
0 5280932 bbbb
0 5283378 bbbb
0 5285656 bbbb
0 5287800 bbbb
0 5289968 bbbb
0 5292512 bbbb
0 5294645 bbbb
0 5296817 bbbb
0 5299109 bbbb
0 5301511 bbbb
0 5303677 bbbb
0 5305959 bbbb
0 5308092 bbbb
0 5310518 bbbb
0 5312795 bbbb
0 5314934 bbbb
0 5317105 bbbb
0 5319659 bbbb
0 5321774 bbbb
0 5323945 bbbb
0 5326222 bbbb
0 5328602 bbbb
0 5330776 bbbb
0 5333058 bbbb
0 5335180 bbbb
0 5337613 bbbb
0 5339897 bbbb
0 5342040 bbbb
0 5344207 bbbb
0 5346734 bbbb
0 5348884 bbbb
0 5351168 bbbb
0 5353293 bbbb
0 5355732 bbbb
0 5358005 bbbb
0 5360155 bbbb
0 5362325 bbbb
0 5364859 bbbb
0 5367017 bbbb
0 5369285 bbbb
0 5371441 bbbb
0 5373891 bbbb
0 5376144 bbbb
0 5378246 bbbb
0 5380393 bbbb
0 5382917 bbbb
0 5385052 bbbb
0 5387222 bbbb
0 5389504 bbbb
0 5391940 bbbb
0 5394224 bbbb
0 5396374 bbbb
0 5398541 bbbb
0 5401075 bbbb
0 5403230 bbbb
0 5405393 bbbb
0 5407676 bbbb
0 5410062 bbbb
0 5412217 bbbb
0 5414492 bbbb
0 5416628 bbbb
0 5419079 bbbb
0 5421378 bbbb
0 5423536 bbbb
0 5425734 bbbb
0 5428300 bbbb
0 5430438 bbbb
0 5432600 bbbb
0 5434921 bbbb
0 5437325 bbbb
0 5439511 bbbb
0 5441804 bbbb
0 5443937 bbbb
0 5446377 bbbb
0 5448653 bbbb
0 5450783 bbbb
0 5452957 bbbb
0 5455490 bbbb
0 5457636 bbbb
0 5459803 bbbb
0 5462089 bbbb
0 5464504 bbbb
0 5466635 bbbb
0 5468918 bbbb
0 5471057 bbbb
0 5473472 bbbb
0 5475791 bbbb
0 5477926 bbbb
0 5480058 bbbb
0 5482593 bbbb
0 5484715 bbbb
0 5486861 bbbb
0 5489158 bbbb
0 5491552 bbbb
0 5493719 bbbb
0 5495994 bbbb
0 5498158 bbbb
0 5500738 bbbb
0 5502868 bbbb
0 5505035 bbbb
0 5507291 bbbb
0 5509695 bbbb
0 5511861 bbbb
0 5514158 bbbb
0 5516284 bbbb
0 5518735 bbbb
0 5521010 bbbb
0 5523149 bbbb
0 5525301 bbbb
0 5527862 bbbb
0 5530006 bbbb
0 5532187 bbbb
0 5534481 bbbb
0 5536891 bbbb
0 5539052 bbbb
0 5541371 bbbb
0 5543513 bbbb
0 5545957 bbbb
0 5548240 bbbb
0 5550397 bbbb
0 5552578 bbbb
0 5555143 bbbb
0 5557336 bbbb
0 5559530 bbbb
0 5561867 bbbb
0 5564253 bbbb
0 5566422 bbbb
0 5568705 bbbb
0 5570848 bbbb
0 5573249 bbbb
0 5575527 bbbb
0 5577667 bbbb
0 5579834 bbbb
0 5582359 bbbb
0 5584491 bbbb
0 5586632 bbbb
0 5588894 bbbb
0 5591250 bbbb
0 5593418 bbbb
0 5595696 bbbb
0 5597831 bbbb
0 5600227 bbbb
0 5602490 bbbb
0 5604625 bbbb
0 5606795 bbbb
0 5609288 bbbb
0 5611424 bbbb
0 5613598 bbbb
0 5615852 bbbb
0 5618219 bbbb
0 5620384 bbbb
0 5622662 bbbb
0 5624832 bbbb
0 5627356 bbbb
0 5629493 bbbb
0 5631660 bbbb
0 5633937 bbbb
0 5636351 bbbb
0 5638495 bbbb
0 5640791 bbbb
0 5642904 bbbb
0 5645321 bbbb
0 5647590 bbbb
0 5649733 bbbb
0 5651901 bbbb
0 5654460 bbbb
0 5656610 bbbb
0 5658778 bbbb
0 5661090 bbbb
0 5663505 bbbb
0 5665657 bbbb
0 5667979 bbbb
0 5670140 bbbb
0 5672566 bbbb
0 5674827 bbbb
0 5676961 bbbb
0 5679095 bbbb
0 5681623 bbbb
0 5683751 bbbb
0 5685913 bbbb
0 5688224 bbbb
0 5690628 bbbb
0 5692795 bbbb
0 5695076 bbbb
0 5697219 bbbb
0 5699621 bbbb
0 5701936 bbbb
0 5704070 bbbb
0 5706228 bbbb
0 5708764 bbbb
0 5710928 bbbb
0 5713247 bbbb
0 5715383 bbbb
0 5717837 bbbb
0 5720115 bbbb
0 5722255 bbbb
0 5724412 bbbb
0 5726947 bbbb
0 5729093 bbbb
0 5731258 bbbb
0 5733556 bbbb
0 5735965 bbbb
0 5738132 bbbb
0 5740398 bbbb
0 5742533 bbbb
0 5744981 bbbb
0 5747259 bbbb
0 5749438 bbbb
0 5751653 bbbb
0 5754185 bbbb
0 5756330 bbbb
0 5758500 bbbb
0 5760782 bbbb
0 5763137 bbbb
0 5765304 bbbb
0 5767580 bbbb
0 5769723 bbbb
0 5772148 bbbb
0 5774443 bbbb
0 5776583 bbbb
0 5778764 bbbb
0 5781277 bbbb
0 5783411 bbbb
0 5785588 bbbb
0 5787869 bbbb
0 5790251 bbbb
0 5792423 bbbb
0 5794707 bbbb
0 5796847 bbbb
0 5799245 bbbb
0 5801521 bbbb
0 5803658 bbbb
0 5805830 bbbb
0 5808368 bbbb
0 5810503 bbbb
0 5812670 bbbb
0 5814953 bbbb
0 5817320 bbbb
0 5819485 bbbb
0 5821767 bbbb
0 5823899 bbbb
0 5826490 bbbb
0 5828702 bbbb
0 5830976 bbbb
0 5833188 bbbb
0 5835683 bbbb
0 5837846 bbbb
0 5840134 bbbb
0 5842313 bbbb
0 5844871 bbbb
0 5847051 bbbb
0 5849282 bbbb
0 5851462 bbbb
0 5853972 bbbb
0 5856156 bbbb
0 5858419 bbbb
0 5860604 bbbb
0 5863067 bbbb
0 5865263 bbbb
0 5867531 bbbb
0 5869712 bbbb
0 5872250 bbbb
0 5874446 bbbb
0 5876721 bbbb
0 5878919 bbbb
0 5881427 bbbb
0 5883601 bbbb
0 5885861 bbbb
0 5888039 bbbb
0 5890592 bbbb
0 5892780 bbbb
0 5895057 bbbb
0 5897217 bbbb
0 5899757 bbbb
0 5901934 bbbb
0 5904205 bbbb
0 5906379 bbbb
0 5908882 bbbb
0 5911058 bbbb
0 5913329 bbbb
0 5915528 bbbb
0 5918038 bbbb
0 5920213 bbbb
0 5922459 bbbb
0 5924648 bbbb
0 5927137 bbbb
0 5929313 bbbb
0 5931587 bbbb
0 5933761 bbbb
0 5936265 bbbb
0 5938439 bbbb
0 5940721 bbbb
0 5943033 bbbb
0 5945519 bbbb
0 5947788 bbbb
0 5949965 bbbb
0 5952233 bbbb
0 5954689 bbbb
0 5956963 bbbb
0 5959137 bbbb
0 5961414 bbbb
0 5963827 bbbb
0 5966112 bbbb
0 5968289 bbbb
0 5970566 bbbb
0 5972981 bbbb
0 5975249 bbbb
0 5977433 bbbb
0 5979702 bbbb
0 5982152 bbbb
0 5984422 bbbb
0 5986596 bbbb
0 5988875 bbbb
0 5991338 bbbb
0 5993615 bbbb
0 5995802 bbbb
0 5998089 bbbb
0 6000524 bbbb
0 6002803 bbbb
0 6004989 bbbb
0 6007269 bbbb
0 6009723 bbbb
0 6011969 bbbb
0 6014149 bbbb
0 6016419 bbbb
0 6018848 bbbb
0 6021090 bbbb
0 6023257 bbbb
0 6025526 bbbb
0 6027932 bbbb
0 6030183 bbbb
0 6032343 bbbb
0 6034602 bbbb
0 6037022 bbbb
0 6039293 bbbb
0 6041457 bbbb
0 6043747 bbbb
0 6046222 bbbb
0 6048497 bbbb
0 6050655 bbbb
0 6052928 bbbb
0 6055365 bbbb
0 6057640 bbbb
0 6059822 bbbb
0 6062099 bbbb
0 6064529 bbbb
0 6066797 bbbb
0 6068974 bbbb
0 6071250 bbbb
0 6073680 bbbb
0 6075956 bbbb
0 6078114 bbbb
0 6080372 bbbb
0 6082786 bbbb
0 6085056 bbbb
0 6087235 bbbb
0 6089504 bbbb
0 6091939 bbbb
0 6094214 bbbb
0 6096405 bbbb
0 6098675 bbbb
0 6101131 bbbb
0 6103406 bbbb
0 6105726 bbbb
0 6107903 bbbb
0 6110444 bbbb
0 6112634 bbbb
0 6114905 bbbb
0 6117082 bbbb
0 6119625 bbbb
0 6121936 bbbb
0 6124113 bbbb
0 6126382 bbbb
0 6128861 bbbb
0 6131155 bbbb
0 6133339 bbbb
0 6135615 bbbb
0 6138080 bbbb
0 6140370 bbbb
0 6142581 bbbb
0 6144879 bbbb
0 6147342 bbbb
0 6149610 bbbb
0 6151786 bbbb
0 6154055 bbbb
0 6156491 bbbb
0 6158764 bbbb
0 6160952 bbbb
0 6163181 bbbb
0 6165626 bbbb
0 6167894 bbbb
0 6170079 bbbb
0 6172363 bbbb
0 6174779 bbbb
0 6177053 bbbb
0 6179214 bbbb
0 6181478 bbbb
0 6184010 bbbb
0 6186170 bbbb
0 6188439 bbbb
0 6190604 bbbb
0 6193082 bbbb
0 6195262 bbbb
0 6197491 bbbb
0 6199672 bbbb
0 6202174 bbbb
0 6204353 bbbb
0 6206635 bbbb
0 6208811 bbbb
0 6211278 bbbb
0 6213452 bbbb
0 6215725 bbbb
0 6218003 bbbb
0 6220377 bbbb
0 6222629 bbbb
0 6224798 bbbb
0 6227054 bbbb
0 6229517 bbbb
0 6231785 bbbb
0 6233978 bbbb
0 6236255 bbbb
0 6238685 bbbb
0 6240964 bbbb
0 6243150 bbbb
0 6245429 bbbb
0 6247843 bbbb
0 6250124 bbbb
0 6252301 bbbb
0 6254573 bbbb
0 6257044 bbbb
0 6259319 bbbb
0 6261500 bbbb
0 6263768 bbbb
0 6266182 bbbb
0 6268460 bbbb
0 6270626 bbbb
0 6272890 bbbb
0 6275295 bbbb
0 6277522 bbbb
0 6279698 bbbb
0 6281974 bbbb
0 6284431 bbbb
0 6286701 bbbb
0 6288877 bbbb
0 6291152 bbbb
0 6293732 bbbb
0 6295901 bbbb
0 6298169 bbbb
0 6300354 bbbb
0 6302891 bbbb
0 6305068 bbbb
0 6307291 bbbb
0 6309458 bbbb
0 6311936 bbbb
0 6314129 bbbb
0 6316402 bbbb
0 6318580 bbbb
0 6321127 bbbb
0 6323286 bbbb
0 6325552 bbbb
0 6327740 bbbb
0 6330275 bbbb
0 6332452 bbbb
0 6334708 bbbb
0 6336893 bbbb
0 6339405 bbbb
0 6341556 bbbb
0 6343813 bbbb
0 6345981 bbbb
0 6348481 bbbb
0 6350656 bbbb
0 6352913 bbbb
0 6355091 bbbb
0 6357596 bbbb
0 6359771 bbbb
0 6362033 bbbb
0 6364210 bbbb
0 6366710 bbbb
0 6368879 bbbb
0 6371123 bbbb
0 6373307 bbbb
0 6375803 bbbb
0 6377979 bbbb
0 6380219 bbbb
0 6382538 bbbb
0 6384963 bbbb
0 6387239 bbbb
0 6389417 bbbb
0 6391686 bbbb
0 6394152 bbbb
0 6396421 bbbb
0 6398605 bbbb
0 6400873 bbbb
0 6403285 bbbb
0 6405556 bbbb
0 6407741 bbbb
0 6410017 bbbb
0 6412630 bbbb
0 6414761 bbbb
0 6416910 bbbb
0 6419155 bbbb
0 6421588 bbbb
0 6423753 bbbb
0 6426047 bbbb
0 6428187 bbbb
0 6430590 bbbb
0 6432893 bbbb
0 6435049 bbbb
0 6437216 bbbb
0 6439781 bbbb
0 6441916 bbbb
0 6444047 bbbb
0 6446324 bbbb
0 6448700 bbbb
0 6450869 bbbb
0 6453149 bbbb
0 6455297 bbbb
0 6457720 bbbb
0 6459993 bbbb
0 6462128 bbbb
0 6464303 bbbb
0 6466844 bbbb
0 6468979 bbbb
0 6471170 bbbb
0 6473453 bbbb
0 6475863 bbbb
0 6478048 bbbb
0 6480333 bbbb
0 6482458 bbbb
0 6484896 bbbb
0 6487196 bbbb
0 6489341 bbbb
0 6491510 bbbb
0 6494061 bbbb
0 6496173 bbbb
0 6498342 bbbb
0 6500623 bbbb
0 6503042 bbbb
0 6505210 bbbb
0 6507485 bbbb
0 6509639 bbbb
0 6512192 bbbb
0 6514328 bbbb
0 6516496 bbbb
0 6518774 bbbb
0 6521225 bbbb
0 6523356 bbbb
0 6525634 bbbb
0 6527784 bbbb
0 6530260 bbbb
0 6532589 bbbb
0 6534739 bbbb
0 6536957 bbbb
0 6539552 bbbb
0 6541691 bbbb
0 6543859 bbbb
0 6546151 bbbb
0 6548521 bbbb
0 6550661 bbbb
0 6552939 bbbb
0 6555090 bbbb
0 6557513 bbbb
0 6559789 bbbb
0 6561945 bbbb
0 6564118 bbbb
0 6566627 bbbb
0 6568767 bbbb
0 6570922 bbbb
0 6573204 bbbb
0 6575619 bbbb
0 6577761 bbbb
0 6580017 bbbb
0 6582170 bbbb
0 6584615 bbbb
0 6586895 bbbb
0 6589074 bbbb
0 6591350 bbbb
0 6593780 bbbb
0 6595947 bbbb
0 6598229 bbbb
0 6600364 bbbb
0 6602813 bbbb
0 6605100 bbbb
0 6607258 bbbb
0 6609425 bbbb
0 6611984 bbbb
0 6614085 bbbb
0 6616234 bbbb
0 6618513 bbbb
0 6620970 bbbb
0 6623226 bbbb
0 6625335 bbbb
0 6627492 bbbb
0 6630055 bbbb
0 6632202 bbbb
0 6634369 bbbb
0 6636645 bbbb
0 6639059 bbbb
0 6641222 bbbb
0 6643489 bbbb
0 6645627 bbbb
0 6648051 bbbb
0 6650327 bbbb
0 6652457 bbbb
0 6654625 bbbb
0 6657156 bbbb
0 6659291 bbbb
0 6661460 bbbb
0 6663765 bbbb
0 6666185 bbbb
0 6668353 bbbb
0 6670642 bbbb
0 6672778 bbbb
0 6675170 bbbb
0 6677447 bbbb
0 6679583 bbbb
0 6681754 bbbb
0 6684302 bbbb
0 6686438 bbbb
0 6688607 bbbb
0 6690884 bbbb
0 6693249 bbbb
0 6695399 bbbb
0 6697678 bbbb
0 6699825 bbbb
0 6702259 bbbb
0 6704537 bbbb
0 6706676 bbbb
0 6708833 bbbb
0 6711374 bbbb
0 6713531 bbbb
0 6715687 bbbb
0 6717970 bbbb
0 6720410 bbbb
0 6722621 bbbb
0 6724940 bbbb
0 6727106 bbbb
0 6729564 bbbb
0 6731842 bbbb
0 6734014 bbbb
0 6736324 bbbb
0 6738743 bbbb
0 6740915 bbbb
0 6743198 bbbb
0 6745350 bbbb
0 6747759 bbbb
0 6750039 bbbb
0 6752164 bbbb
0 6754354 bbbb
0 6756871 bbbb
0 6759014 bbbb
0 6761191 bbbb
0 6763455 bbbb
0 6765825 bbbb
0 6767993 bbbb
0 6770243 bbbb
0 6772413 bbbb
0 6774929 bbbb
0 6777065 bbbb
0 6779233 bbbb
0 6781505 bbbb
0 6783879 bbbb
0 6786047 bbbb
0 6788318 bbbb
0 6790451 bbbb
0 6792870 bbbb
0 6795152 bbbb
0 6797288 bbbb
0 6799469 bbbb
0 6801975 bbbb
0 6804118 bbbb
0 6806285 bbbb
0 6808561 bbbb
0 6810947 bbbb
0 6813112 bbbb
0 6815393 bbbb
0 6817564 bbbb
0 6820111 bbbb
0 6822253 bbbb
0 6824419 bbbb
0 6826729 bbbb
0 6829144 bbbb
0 6831326 bbbb
0 6833573 bbbb
# Core 1 LOG DUMP ==================================================
# DCB 1 ffffff0004257c00 pixels
# DCB 1 ffffff0001b29200 monitor
1 3157 ffffcccc01b29200
1 22511053 aaaa
1 22511603 eb000021b00092e7
1 22512279 b000000500009b10
1 22512640 ea000021b08092e6
1 22513341 bbbb
1 22520620 b000bbbb00000014
1 22522807 aaaa
1 22522986 eb000021b00092e8
1 22523153 b000000500009b10
1 22523348 ea000021b08092e7
1 22524340 bbbb
1 22531368 b000bbbb00000014
# Core 2 LOG DUMP ==================================================
# DCB 2 ffffff0004257e00 pixels
# DCB 2 ffffff0001b29400 monitor
2 3755 ffffcccc01b29400
2 22511766 aaaa
2 22512330 eb000023e80092e6
2 22513040 b000000500009b10
2 22513384 ea000023e88092e6
2 22514081 bbbb
2 22521122 b000bbbb00000014
2 22523332 aaaa
2 22523510 eb000023e80092e7
2 22523679 b000000500009b10
2 22523866 ea000023e88092e7
2 22524601 bbbb
2 22531586 b000bbbb00000014
# Core 3 LOG DUMP ==================================================
# DCB 3 ffffff0006a76000 pixels
# DCB 3 ffffff0001b29600 monitor
3 2196 ffffcccc01b29600
3 22512377 aaaa
3 22512934 eb000025040092e6
3 22513601 b000000500009b10
3 22513945 ea000025048092e6
3 22514641 bbbb
3 22521197 b000bbbb00000014
3 22523976 aaaa
3 22524175 eb000025040092e7
3 22524343 b000000500009b10
3 22524529 ea000025048092e7
3 22525477 bbbb
3 22531993 b000bbbb00000014
# Core 4 LOG DUMP ==================================================
# DCB 4 ffffff0006a76200 pixels
# DCB 4 ffffff0001b29800 monitor
4 2658 ffffcccc01b29800
4 22511097 aaaa
4 22511852 eb000025300092e9
4 22512555 b000000500009b10
4 22513318 ea00002dc80092d1
4 22513736 ea00002dfa0092d0
4 22514150 ea000030b00092d0
4 22514822 bbbb
4 22517120 aaaa
4 22517291 eb00002dc88092d0
4 22517431 b000000600003a40
4 22518356 eb000030b08092d0
4 22518505 b000000600003a40
4 22518767 eb00002dfa8092d0
4 22518907 b000000600003a40
4 22519448 ea000025308092e9
4 22520118 bbbb
4 22522476 aaaa
4 22522655 eb000025300092ea
4 22523114 b000000500009b10
4 22523476 ea00002dc80092d2
4 22523897 ea00002dfa0092d1
4 22524317 ea000030b00092d1
4 22525022 bbbb
4 22526010 aaaa
4 22526165 eb00002dc88092d1
4 22526305 b000000600000050
4 22527283 eb000030b08092d1
4 22527432 b000000600000050
4 22527702 eb00002dfa8092d1
4 22527841 b000000600000050
4 22528395 ea000025308092ea
4 22529073 bbbb
4 22534511 b000bbbb00000014
# Core 5 LOG DUMP ==================================================
# DCB 5 ffffff0006a76400 pixels
# DCB 5 ffffff0001b29a00 monitor
5 4201 ffffcccc01b29a00
5 22514571 aaaa
5 22515192 eb00002dc80092d1
5 22515905 b000000500003a40
5 22516187 ea00002dc88092d0
5 22516828 bbbb
5 22522215 b000bbbb00000014
5 22524334 aaaa
5 22524537 eb00002dc80092d2
5 22524716 b000000500000050
5 22524892 ea00002dc88092d1
5 22525792 bbbb
5 22531188 b000bbbb00000014
# Core 6 LOG DUMP ==================================================
# DCB 6 ffffff0006a76600 pixels
# DCB 6 ffffff0001b29c00 monitor
6 4288 ffffcccc01b29c00
6 22514696 aaaa
6 22515417 eb00002dfa0092d0
6 22516111 b000000500003a40
6 22516394 ea00002dfa8092d0
6 22517021 bbbb
6 22521635 b000bbbb00000014
6 22524907 aaaa
6 22525100 eb00002dfa0092d1
6 22525270 b000000500000050
6 22525445 ea00002dfa8092d1
6 22526147 bbbb
6 22530776 b000bbbb00000014
# Core 7 LOG DUMP ==================================================
# DCB 7 ffffff0006a76800 pixels
# DCB 7 ffffff0001b29e00 monitor
7 2869 ffffcccc01b29e00
7 22515116 aaaa
7 22515722 eb000030b00092d0
7 22516391 b000000500003a40
7 22516677 ea000030b08092d0
7 22517252 bbbb
7 22521378 b000bbbb00000014
7 22525169 aaaa
7 22525358 eb000030b00092d1
7 22525527 b000000500000050
7 22525703 ea000030b08092d1
7 22526521 bbbb
7 22530637 b000bbbb00000014
# Core 8 LOG DUMP ==================================================
# DCB 8 ffffff0006a76a00 pixels
# DCB 8 ffffff0003081000 monitor
8 2855 ffffcccc03081000
# Core 9 LOG DUMP ==================================================
# DCB 9 ffffff0006a76c00 pixels
# DCB 9 ffffff0003081200 monitor
9 4925 ffffcccc03081200
# Core 10 LOG DUMP ==================================================
# DCB 10 ffffff0006a76e00 pixels
# DCB 10 ffffff0003081400 monitor
10 6053 ffffcccc03081400
# Core 11 LOG DUMP ==================================================
# DCB 11 ffffff00071dc000 pixels
# DCB 11 ffffff0004257600 e1000n
# DCB 11 ffffff0003081600 monitor
11 6374 ffffcccc04257600
11 6563 ffffcccc03081600
11 9583 ffffcccc04257600
11 22228586 ffffcccc03081600
11 22231326 ffffcccc04257600
11 44728690 ffffcccc03081600
11 44731492 ffffcccc04257600
11 67228666 ffffcccc03081600
11 67231407 ffffcccc04257600
# Core 12 LOG DUMP ==================================================
# DCB 12 ffffff00071dc200 pixels
# DCB 12 ffffff0003081800 monitor
12 4027 ffffcccc03081800
# Core 13 LOG DUMP ==================================================
# DCB 13 ffffff00071dc400 pixels
# DCB 13 ffffff0003081a00 monitor
13 4509 ffffcccc03081a00
# Core 14 LOG DUMP ==================================================
# DCB 14 ffffff00071dc600 pixels
# DCB 14 ffffff0003081c00 monitor
14 6609 ffffcccc03081c00
# Core 15 LOG DUMP ==================================================
# DCB 15 ffffff00071dc800 pixels
# DCB 15 ffffff0004257800 bfscope
# DCB 15 ffffff0003081e00 monitor
15 6014 ffffcccc04257800
15 6197 ffffcccc03081e00
15 9175 ffffcccc04257800
15 17528331 ffffcccc03081e00
15 17531062 ffffcccc04257800
15 40028449 ffffcccc03081e00
15 40031055 ffffcccc04257800
15 62528503 ffffcccc03081e00
15 62531102 ffffcccc04257800
