# Core 0 LOG DUMP ==================================================
0 0 1234000000000001
# DCB 0 ffffff00072a9a00 fish
# DCB 0 ffffff00042e8a00 pixels
# DCB 0 ffffff00042e8400 serial
# DCB 0 ffffff00042e8200 pci
# DCB 0 ffffff00042e8000 skb
# DCB 0 ffffff000200a000 chips
# DCB 0 ffffff007f206000 mem_serv
# DCB 0 ffffff007f206200 monitor
0 8224 ffffcccc072a9a00
0 8426 ffffcccc7f206200
0 14974 ffffcccc072a9a00
0 17613 ffffcccc7f206200
0 25173 aaaa
0 26277 b000000300000000
0 27606 ea000029580000e9
0 28142 ea000020fc0000e7
0 28661 ea000021880000e6
0 29145 ea000021f00000e6
0 31649 bbbb
0 33954 aaaa
0 34604 eb000020fc8000e6
0 35987 b000000600009bd0
0 37152 eb000021888000e6
0 37617 b000000600009bd0
0 39650 eb000021f08000e6
0 40115 b000000600009bd0
0 42967 bbbb
0 45606 aaaa
0 46132 eb000029588000e9
0 46346 b000000600009bd0
0 46719 ea000029580000ea
0 47122 ea000020fc0000e8
0 47690 ea000021880000e7
0 48143 ea000021f00000e7
0 50725 bbbb
0 52929 aaaa
0 54178 eb000020fc8000e7
0 55333 b000000600009bd0
0 56379 eb000021888000e7
0 56826 b000000600009bd0
0 58667 eb000021f08000e7
0 59112 b000000600009bd0
0 61354 eb000029588000ea
0 61805 b000000600009bd0
0 63397 ffffcccc072a9a00
0 68493 ffffcccc042e8400
0 70929 aaaa
0 160881 bbbb
0 161700 ffffcccc7f206200
0 171296 bbbb
0 202303 ffffcccc072a9a00
0 205549 ffffcccc042e8400
0 207752 aaaa
0 331884 bbbb
0 332407 ffffcccc7f206200
0 338985 ffffcccc072a9a00
0 342404 ffffcccc042e8400
0 344294 aaaa
0 502695 bbbb
0 503216 ffffcccc7f206200
0 510020 ffffcccc072a9a00
0 513223 ffffcccc042e8400
0 515102 aaaa
0 673551 bbbb
0 674303 ffffcccc7f206200
0 680895 ffffcccc072a9a00
0 684082 ffffcccc042e8400
0 685971 aaaa
0 844722 bbbb
0 845243 ffffcccc7f206200
0 851831 ffffcccc072a9a00
0 855027 ffffcccc042e8400
0 857145 aaaa
0 1015637 bbbb
0 1016156 ffffcccc7f206200
0 1022733 ffffcccc072a9a00
0 1026134 ffffcccc042e8400
0 1028016 aaaa
0 1186378 bbbb
0 1186898 ffffcccc7f206200
0 1193689 ffffcccc072a9a00
0 1196873 ffffcccc042e8400
0 1198758 aaaa
0 1357236 bbbb
0 1357993 ffffcccc7f206200
0 1364571 ffffcccc072a9a00
0 1367742 ffffcccc042e8400
0 1369626 aaaa
0 1528362 bbbb
0 1528883 ffffcccc7f206200
0 1535438 ffffcccc072a9a00
0 1538588 ffffcccc042e8400
0 1540709 aaaa
0 1699061 bbbb
0 1699580 ffffcccc7f206200
0 1706157 ffffcccc072a9a00
0 1709561 ffffcccc042e8400
0 1711445 aaaa
0 1869917 bbbb
0 1870436 ffffcccc7f206200
0 1877256 ffffcccc072a9a00
0 1880432 ffffcccc042e8400
0 1882314 aaaa
0 2040773 bbbb
0 2041522 ffffcccc7f206200
0 2048090 ffffcccc072a9a00
0 2051271 ffffcccc042e8400
0 2053152 aaaa
0 2211845 bbbb
0 2212364 ffffcccc7f206200
0 2218932 ffffcccc072a9a00
0 2222078 ffffcccc042e8400
0 2224215 aaaa
0 2382586 bbbb
0 2383106 ffffcccc7f206200
0 2389671 ffffcccc072a9a00
0 2393082 ffffcccc042e8400
0 2394970 aaaa
0 2553442 bbbb
0 2553962 ffffcccc7f206200
0 2560782 ffffcccc072a9a00
0 2563956 ffffcccc042e8400
0 2565842 aaaa
0 2724298 bbbb
0 2725073 ffffcccc7f206200
0 2731637 ffffcccc072a9a00
0 2734830 ffffcccc042e8400
0 2736707 aaaa
0 2895431 bbbb
0 2895950 ffffcccc7f206200
0 2902529 ffffcccc072a9a00
0 2905677 ffffcccc042e8400
0 2907807 aaaa
0 3066183 bbbb
0 3066704 ffffcccc7f206200
0 3073276 ffffcccc072a9a00
0 3077260 ffffcccc042e8400
0 3079155 aaaa
0 3237629 bbbb
0 3238149 ffffcccc7f206200
0 3244948 ffffcccc072a9a00
0 3248511 ffffcccc042e8400
0 3250401 aaaa
0 3408858 bbbb
0 3409612 ffffcccc7f206200
0 3416138 ffffcccc072a9a00
0 3418611 ffffcccc042e8400
0 3420484 aaaa
0 3579125 bbbb
0 3579644 ffffcccc7f206200
0 3586187 ffffcccc072a9a00
0 3589161 1234000000000000
# Core 1 LOG DUMP ==================================================
# DCB 1 ffffff00042e8c00 pixels
# DCB 1 ffffff000200a200 monitor
1 2700 ffffcccc0200a200
1 29772 aaaa
1 30553 eb000020fc0000e7
1 31330 b000000500009bd0
1 31728 ea000020fc8000e6
1 33004 bbbb
1 40484 b000bbbb00000014
1 48600 aaaa
1 48931 eb000020fc0000e8
1 49098 b000000500009bd0
1 49426 ea000020fc8000e7
1 50891 bbbb
1 58300 b000bbbb00000014
# Core 2 LOG DUMP ==================================================
# DCB 2 ffffff00042e8e00 pixels
# DCB 2 ffffff000200a400 monitor
2 3621 ffffcccc0200a400
2 29907 aaaa
2 30332 eb000021880000e6
2 31120 b000000500009bd0
2 31518 ea000021888000e6
2 32670 bbbb
2 40128 b000bbbb00000014
2 49519 aaaa
2 49887 eb000021880000e7
2 50056 b000000500009bd0
2 50383 ea000021888000e7
2 51890 bbbb
2 59469 b000bbbb00000014
# Core 3 LOG DUMP ==================================================
# DCB 3 ffffff00042e9000 pixels
# DCB 3 ffffff000200a600 monitor
3 2364 ffffcccc0200a600
3 30683 aaaa
3 31321 eb000021f00000e6
3 32100 b000000500009bd0
3 32631 ea000021f08000e6
3 33770 bbbb
3 40642 b000bbbb00000014
3 49599 aaaa
3 50075 eb000021f00000e7
3 50243 b000000500009bd0
3 50578 ea000021f08000e7
3 52776 bbbb
3 59644 b000bbbb00000014
# Core 4 LOG DUMP ==================================================
# DCB 4 ffffff00042e9200 pixels
# DCB 4 ffffff000200a800 monitor
4 2747 ffffcccc0200a800
4 28835 aaaa
4 29559 eb000029580000e9
4 30491 b000000500009bd0
4 31619 ea00002e440000d1
4 32115 ea00002e780000d0
4 32874 ea000033280000d0
4 34257 bbbb
4 36666 aaaa
4 37256 eb00002e448000d0
4 38022 b000000600000050
4 39841 eb000033288000d0
4 40275 b000000600000050
4 40960 eb00002e788000d0
4 41663 b000000600000050
4 42383 ea000029588000e9
4 43578 bbbb
4 47804 aaaa
4 48189 eb000029580000ea
4 49123 b000000500009bd0
4 49680 ea00002e440000d2
4 50351 ea00002e780000d1
4 50894 ea000033280000d1
4 52629 bbbb
4 54026 aaaa
4 54991 eb00002e448000d1
4 55449 b000000600001070
4 57210 eb000033288000d1
4 57679 b000000600001070
4 58330 eb00002e788000d1
4 58575 b000000600001070
4 59210 ea000029588000ea
4 60528 bbbb
4 65833 b000bbbb00000014
# Core 5 LOG DUMP ==================================================
# DCB 5 ffffff00042e9400 pixels
# DCB 5 ffffff000200aa00 monitor
5 4725 ffffcccc0200aa00
5 32867 aaaa
5 33552 eb00002e440000d1
5 34398 b000000500000050
5 35250 ea00002e448000d0
5 36484 bbbb
5 42098 b000bbbb00000014
5 51126 aaaa
5 52073 eb00002e440000d2
5 52253 b000000500001070
5 52583 ea00002e448000d1
5 53828 bbbb
5 59604 b000bbbb00000014
# Core 6 LOG DUMP ==================================================
# DCB 6 ffffff00042e9600 pixels
# DCB 6 ffffff000200ac00 monitor
6 3449 ffffcccc0200ac00
6 33527 aaaa
6 34251 eb00002e780000d0
6 35189 b000000500000050
6 35603 ea00002e788000d0
6 37200 bbbb
6 42102 b000bbbb00000014
6 52049 aaaa
6 52797 eb00002e780000d1
6 52998 b000000500001070
6 53843 ea00002e788000d1
6 55693 bbbb
6 60474 b000bbbb00000014
# Core 7 LOG DUMP ==================================================
# DCB 7 ffffff00042e9800 pixels
# DCB 7 ffffff000200ae00 monitor
7 2909 ffffcccc0200ae00
7 34382 aaaa
7 35439 eb000033280000d0
7 36341 b000000500000050
7 36947 ea000033288000d0
7 37809 bbbb
7 42485 b000bbbb00000014
7 52974 aaaa
7 53540 eb000033280000d1
7 53706 b000000500001070
7 54313 ea000033288000d1
7 55274 bbbb
7 59703 b000bbbb00000014
# Core 8 LOG DUMP ==================================================
# DCB 8 ffffff00042e9a00 pixels
# DCB 8 ffffff000200b000 monitor
8 6379 ffffcccc0200b000
# Core 9 LOG DUMP ==================================================
# DCB 9 ffffff00042e9c00 pixels
# DCB 9 ffffff000200b200 monitor
9 4951 ffffcccc0200b200
# Core 10 LOG DUMP ==================================================
# DCB 10 ffffff00042e9e00 pixels
# DCB 10 ffffff000200b400 monitor
10 5524 ffffcccc0200b400
# Core 11 LOG DUMP ==================================================
# DCB 11 ffffff00072a9000 pixels
# DCB 11 ffffff00042e8600 e1000n
# DCB 11 ffffff000200b600 monitor
11 5945 ffffcccc042e8600
11 6588 ffffcccc0200b600
11 9959 ffffcccc042e8600
# Core 12 LOG DUMP ==================================================
# DCB 12 ffffff00072a9200 pixels
# DCB 12 ffffff000200b800 monitor
12 3663 ffffcccc0200b800
# Core 13 LOG DUMP ==================================================
# DCB 13 ffffff00072a9400 pixels
# DCB 13 ffffff000200ba00 monitor
13 5454 ffffcccc0200ba00
# Core 14 LOG DUMP ==================================================
# DCB 14 ffffff00072a9600 pixels
# DCB 14 ffffff000200bc00 monitor
14 5846 ffffcccc0200bc00
# Core 15 LOG DUMP ==================================================
# DCB 15 ffffff00072a9800 pixels
# DCB 15 ffffff00042e8800 bfscope
# DCB 15 ffffff000200be00 monitor
15 5771 ffffcccc042e8800
15 6004 ffffcccc0200be00
15 9523 ffffcccc042e8800
