# Core 0 LOG DUMP ==================================================
0 0 1234000000000001
# DCB 0 ffffff0003948a00 fish
# DCB 0 ffffff0003948400 serial
# DCB 0 ffffff0003948200 pci
# DCB 0 ffffff0003948000 skb
# DCB 0 ffffff00019a0000 chips
# DCB 0 ffffff0001e06000 mem_serv
# DCB 0 ffffff0001e06200 monitor
0 6957 ffffcccc03948a00
0 7396 ffffcccc01e06200
0 12277 ffffcccc03948a00
0 14908 ffffcccc01e06200
0 20302 aaaa
0 21627 b000000300000000
0 22735 ea000021620000ff
0 23289 ea0000202a0000fd
0 23805 ea000020980000fc
0 24576 ea000021000000fc
0 26523 bbbb
0 27841 aaaa
0 28336 eb0000202a8000fc
0 29301 b000000600005020
0 30585 eb000020988000fc
0 31029 b000000600005020
0 32908 eb000021008000fc
0 33396 b000000600005020
0 34636 bbbb
0 37600 aaaa
0 38407 eb000021628000ff
0 38857 b000000600005020
0 39208 ea00002162000100
0 39655 ea0000202a0000fe
0 40075 ea000020980000fd
0 40535 ea000021000000fd
0 42773 bbbb
0 44315 aaaa
0 45004 eb0000202a8000fd
0 46121 b000000600005020
0 46911 eb000020988000fd
0 47795 b000000600005020
0 49504 eb000021008000fd
0 50009 b000000600005020
0 51315 bbbb
0 53482 aaaa
0 53986 eb00002162800100
0 54447 b000000600005020
0 55516 ffffcccc03948a00
0 58143 1234000000000000
# Core 1 LOG DUMP ==================================================
# DCB 1 ffffff00019a0200 monitor
1 2218 ffffcccc019a0200
1 24475 aaaa
1 25365 eb0000202a0000fd
1 25748 b000000500005020
1 26463 ea0000202a8000fc
1 27507 bbbb
1 34808 b000bbbb00000014
1 41200 aaaa
1 41810 eb0000202a0000fe
1 41974 b000000500005020
1 42281 ea0000202a8000fd
1 43291 bbbb
1 51094 b000bbbb00000014
# Core 2 LOG DUMP ==================================================
# DCB 2 ffffff00019a0400 monitor
2 3732 ffffcccc019a0400
2 25134 aaaa
2 25804 eb000020980000fc
2 26187 b000000500005020
2 26898 ea000020988000fc
2 28296 bbbb
2 35654 b000bbbb00000014
2 41167 aaaa
2 41869 eb000020980000fd
2 42034 b000000500005020
2 42337 ea000020988000fd
2 43329 bbbb
2 51624 b000bbbb00000014
# Core 3 LOG DUMP ==================================================
# DCB 3 ffffff00019a0600 monitor
3 2455 ffffcccc019a0600
3 25855 aaaa
3 26485 eb000021000000fc
3 26872 b000000500005020
3 27604 ea000021008000fc
3 28572 bbbb
3 35692 b000bbbb00000014
3 42793 aaaa
3 43524 eb000021000000fd
3 43689 b000000500005020
3 44001 ea000021008000fd
3 44950 bbbb
3 52150 b000bbbb00000014
# Core 4 LOG DUMP ==================================================
# DCB 4 ffffff00019a0800 monitor
4 2337 ffffcccc019a0800
4 24227 aaaa
4 24943 eb000021620000ff
4 25611 b000000500005020
4 26632 ea000027c40000ed
4 27431 ea000027f60000ec
4 27980 ea00002d6a0000ec
4 29185 bbbb
4 32110 aaaa
4 32598 eb000027c48000ec
4 32864 b000000600002010
4 33755 eb00002d6a8000ec
4 34383 b000000600002010
4 34869 eb000027f68000ec
4 35485 b000000600002010
4 35908 ea000021628000ff
4 37216 bbbb
4 40321 aaaa
4 40694 eb00002162000100
4 41144 b000000500005020
4 42604 ea000027c40000ee
4 43099 ea000027f60000ed
4 43871 ea00002d6a0000ed
4 44811 bbbb
4 46781 aaaa
4 47469 eb000027f68000ed
4 47883 b000000600002010
4 48850 eb000027c48000ed
4 49327 b000000600002010
4 50203 eb00002d6a8000ed
4 50583 b000000600002010
4 50929 ea00002162800100
4 51805 bbbb
4 57185 b000bbbb00000014
# Core 5 LOG DUMP ==================================================
# DCB 5 ffffff00019a0a00 monitor
5 3993 ffffcccc019a0a00
5 28243 aaaa
5 29242 eb000027c40000ed
5 29661 b000000500002010
5 30893 ea000027c48000ec
5 31965 bbbb
5 37513 b000bbbb00000014
5 44197 aaaa
5 44724 eb000027c40000ee
5 45221 b000000500002010
5 45529 ea000027c48000ed
5 46474 bbbb
5 52299 b000bbbb00000014
# Core 6 LOG DUMP ==================================================
# DCB 6 ffffff00019a0c00 monitor
6 3016 ffffcccc019a0c00
6 28579 aaaa
6 29718 eb000027f60000ec
6 30372 b000000500002010
6 31361 ea000027f68000ec
6 32547 bbbb
6 37416 b000bbbb00000014
6 44535 aaaa
6 45097 eb000027f60000ed
6 45261 b000000500002010
6 45572 ea000027f68000ed
6 46421 bbbb
6 51849 b000bbbb00000014
# Core 7 LOG DUMP ==================================================
# DCB 7 ffffff00019a0e00 monitor
7 4254 ffffcccc019a0e00
7 29787 aaaa
7 30605 eb00002d6a0000ec
7 31006 b000000500002010
7 32089 ea00002d6a8000ec
7 32911 bbbb
7 36841 b000bbbb00000014
7 45072 aaaa
7 46241 eb00002d6a0000ed
7 46659 b000000500002010
7 46962 ea00002d6a8000ed
7 47788 bbbb
7 52159 b000bbbb00000014
# Core 8 LOG DUMP ==================================================
# DCB 8 ffffff00019a1000 monitor
8 5106 ffffcccc019a1000
# Core 9 LOG DUMP ==================================================
# DCB 9 ffffff0003948600 e1000n
# DCB 9 ffffff00019a1200 monitor
9 5644 ffffcccc03948600
9 5832 ffffcccc019a1200
9 8853 ffffcccc03948600
# Core 10 LOG DUMP ==================================================
# DCB 10 ffffff00019a1400 monitor
10 3256 ffffcccc019a1400
# Core 11 LOG DUMP ==================================================
# DCB 11 ffffff00019a1600 monitor
11 4494 ffffcccc019a1600
# Core 12 LOG DUMP ==================================================
# DCB 12 ffffff00019a1800 monitor
12 5092 ffffcccc019a1800
# Core 13 LOG DUMP ==================================================
# DCB 13 ffffff00019a1a00 monitor
13 3184 ffffcccc019a1a00
# Core 14 LOG DUMP ==================================================
# DCB 14 ffffff00019a1c00 monitor
14 3777 ffffcccc019a1c00
# Core 15 LOG DUMP ==================================================
# DCB 15 ffffff0003948800 bfscope
# DCB 15 ffffff00019a1e00 monitor
15 5313 ffffcccc03948800
15 6012 ffffcccc019a1e00
15 8863 ffffcccc03948800
