# Core 0 LOG DUMP ==================================================
0 0 1234000000000001
# DCB 0 ffffff00072a9a00 fish
# DCB 0 ffffff00042e8a00 pixels
# DCB 0 ffffff00042e8400 serial
# DCB 0 ffffff00042e8200 pci
# DCB 0 ffffff00042e8000 skb
# DCB 0 ffffff000200a000 chips
# DCB 0 ffffff007f206000 mem_serv
# DCB 0 ffffff007f206200 monitor
0 8261 ffffcccc072a9a00
0 8465 ffffcccc7f206200
0 15131 ffffcccc072a9a00
0 17741 ffffcccc7f206200
0 25239 aaaa
0 26355 b000000300000000
0 27534 ea000029580000e7
0 28073 ea000020fc0000e5
0 29000 ea000021880000e4
0 29978 ea000021f00000e4
0 32490 bbbb
0 34748 aaaa
0 36266 eb000020fc8000e4
0 37431 b00000060000b170
0 38273 eb000021888000e4
0 39093 b00000060000b170
0 41274 eb000021f08000e4
0 41727 b00000060000b170
0 44480 eb000029588000e7
0 44950 b00000060000b170
0 45560 ea000029580000e8
0 45980 ea000020fc0000e6
0 46383 ea000021880000e5
0 46808 ea000021f00000e5
0 48634 eb000020fc8000e5
0 49102 b00000060000b170
0 50511 eb000021888000e5
0 51684 b00000060000b170
0 53918 eb000021f08000e5
0 54387 b00000060000b170
0 56931 bbbb
0 59771 aaaa
0 60756 eb000029588000e8
0 60972 b00000060000b170
0 62054 ffffcccc072a9a00
0 67219 ffffcccc042e8400
0 69671 aaaa
0 162441 bbbb
0 163019 ffffcccc7f206200
0 172687 bbbb
0 203683 ffffcccc072a9a00
0 206919 ffffcccc042e8400
0 208854 aaaa
0 332968 bbbb
0 333731 ffffcccc7f206200
0 340217 ffffcccc072a9a00
0 343373 ffffcccc042e8400
0 345243 aaaa
0 503880 bbbb
0 504401 ffffcccc7f206200
0 510941 ffffcccc072a9a00
0 514123 ffffcccc042e8400
0 516231 aaaa
0 674678 bbbb
0 675197 ffffcccc7f206200
0 681700 ffffcccc072a9a00
0 685133 ffffcccc042e8400
0 687011 aaaa
0 845475 bbbb
0 845996 ffffcccc7f206200
0 852831 ffffcccc072a9a00
0 856014 ffffcccc042e8400
0 857912 aaaa
0 1016390 bbbb
0 1017139 ffffcccc7f206200
0 1023648 ffffcccc072a9a00
0 1026789 ffffcccc042e8400
0 1028659 aaaa
0 1187347 bbbb
0 1187867 ffffcccc7f206200
0 1194370 ffffcccc072a9a00
0 1197562 ffffcccc042e8400
0 1199687 aaaa
0 1358160 bbbb
0 1358688 ffffcccc7f206200
0 1365221 ffffcccc072a9a00
0 1368663 ffffcccc042e8400
0 1370546 aaaa
0 1529016 bbbb
0 1529537 ffffcccc7f206200
0 1536362 ffffcccc072a9a00
0 1539553 ffffcccc042e8400
0 1541444 aaaa
0 1699915 bbbb
0 1700665 ffffcccc7f206200
0 1707181 ffffcccc072a9a00
0 1710324 ffffcccc042e8400
0 1712192 aaaa
0 1870832 bbbb
0 1871351 ffffcccc7f206200
0 1877847 ffffcccc072a9a00
0 1881033 ffffcccc042e8400
0 1883155 aaaa
0 2041627 bbbb
0 2042147 ffffcccc7f206200
0 2048739 ffffcccc072a9a00
0 2052165 ffffcccc042e8400
0 2054048 aaaa
0 2212483 bbbb
0 2213003 ffffcccc7f206200
0 2219768 ffffcccc072a9a00
0 2222916 ffffcccc042e8400
0 2224786 aaaa
0 2383179 bbbb
0 2383955 ffffcccc7f206200
0 2390474 ffffcccc072a9a00
0 2393662 ffffcccc042e8400
0 2395529 aaaa
0 2554251 bbbb
0 2554772 ffffcccc7f206200
0 2561331 ffffcccc072a9a00
0 2564498 ffffcccc042e8400
0 2566626 aaaa
0 2725107 bbbb
0 2725628 ffffcccc7f206200
0 2732120 ffffcccc072a9a00
0 2735518 ffffcccc042e8400
0 2737385 aaaa
0 2895864 bbbb
0 2896385 ffffcccc7f206200
0 2903241 ffffcccc072a9a00
0 2906365 ffffcccc042e8400
0 2908247 aaaa
0 3066603 bbbb
0 3067353 ffffcccc7f206200
0 3073862 ffffcccc072a9a00
0 3077637 ffffcccc042e8400
0 3079516 aaaa
0 3238267 bbbb
0 3238783 ffffcccc7f206200
0 3245280 ffffcccc072a9a00
0 3248799 ffffcccc042e8400
0 3250933 aaaa
0 3409395 bbbb
0 3409916 ffffcccc7f206200
0 3416423 ffffcccc072a9a00
0 3419167 ffffcccc042e8400
0 3421037 aaaa
0 3579504 bbbb
0 3580025 ffffcccc7f206200
0 3586826 ffffcccc072a9a00
0 3589791 1234000000000000
# Core 1 LOG DUMP ==================================================
# DCB 1 ffffff00042e8c00 pixels
# DCB 1 ffffff000200a200 monitor
1 2717 ffffcccc0200a200
1 30220 aaaa
1 30856 eb000020fc0000e5
1 31633 b00000050000b170
1 32031 ea000020fc8000e4
1 33252 bbbb
1 41019 b000bbbb00000014
1 47111 aaaa
1 47425 eb000020fc0000e6
1 47592 b00000050000b170
1 47924 ea000020fc8000e5
1 49191 bbbb
1 57279 b000bbbb00000014
# Core 2 LOG DUMP ==================================================
# DCB 2 ffffff00042e8e00 pixels
# DCB 2 ffffff000200a400 monitor
2 4956 ffffcccc0200a400
2 31154 aaaa
2 31767 eb000021880000e4
2 32560 b00000050000b170
2 33228 ea000021888000e4
2 34614 bbbb
2 42086 b000bbbb00000014
2 47931 aaaa
2 48235 eb000021880000e5
2 48407 b00000050000b170
2 48930 ea000021888000e5
2 50447 bbbb
2 58205 b000bbbb00000014
# Core 3 LOG DUMP ==================================================
# DCB 3 ffffff00042e9000 pixels
# DCB 3 ffffff000200a600 monitor
3 2356 ffffcccc0200a600
3 31265 aaaa
3 32015 eb000021f00000e4
3 32786 b00000050000b170
3 33690 ea000021f08000e4
3 34872 bbbb
3 41924 b000bbbb00000014
3 48617 aaaa
3 48874 eb000021f00000e5
3 49157 b00000050000b170
3 49503 ea000021f08000e5
3 51118 bbbb
3 58145 b000bbbb00000014
# Core 4 LOG DUMP ==================================================
# DCB 4 ffffff00042e9200 pixels
# DCB 4 ffffff000200a800 monitor
4 2726 ffffcccc0200a800
4 28744 aaaa
4 29463 eb000029580000e7
4 30354 b00000050000b170
4 31757 ea00002e440000cf
4 32286 ea00002e780000ce
4 32823 ea000033280000ce
4 34731 bbbb
4 37907 aaaa
4 38507 eb00002e448000ce
4 38803 b000000600001070
4 40198 eb000033288000ce
4 40801 b000000600001070
4 41281 eb00002e788000ce
4 41537 b000000600001070
4 42603 ea000029588000e7
4 43946 bbbb
4 46781 aaaa
4 47205 eb000029580000e8
4 47688 b00000050000b170
4 48482 ea00002e440000d0
4 48987 ea00002e780000cf
4 50057 ea000033280000cf
4 51659 bbbb
4 54744 aaaa
4 55122 eb00002e448000cf
4 55367 b000000600003a40
4 56516 eb000033288000cf
4 56961 b000000600003a40
4 57463 eb00002e788000cf
4 57869 b000000600003a40
4 58511 ea000029588000e8
4 59721 bbbb
4 65023 b000bbbb00000014
# Core 5 LOG DUMP ==================================================
# DCB 5 ffffff00042e9400 pixels
# DCB 5 ffffff000200aa00 monitor
5 6059 ffffcccc0200aa00
5 33654 aaaa
5 34204 eb00002e440000cf
5 35005 b000000500001070
5 35949 ea00002e448000ce
5 37685 bbbb
5 43359 b000bbbb00000014
5 50316 aaaa
5 50885 eb00002e440000d0
5 51063 b000000500003a40
5 52114 ea00002e448000cf
5 53952 bbbb
5 59299 b000bbbb00000014
# Core 6 LOG DUMP ==================================================
# DCB 6 ffffff00042e9600 pixels
# DCB 6 ffffff000200ac00 monitor
6 3732 ffffcccc0200ac00
6 33897 aaaa
6 34595 eb00002e780000ce
6 35834 b000000500001070
6 36687 ea00002e788000ce
6 37975 bbbb
6 43055 b000bbbb00000014
6 51090 aaaa
6 51874 eb00002e780000cf
6 52081 b000000500003a40
6 53064 ea00002e788000cf
6 55112 bbbb
6 59829 b000bbbb00000014
# Core 7 LOG DUMP ==================================================
# DCB 7 ffffff00042e9800 pixels
# DCB 7 ffffff000200ae00 monitor
7 6061 ffffcccc0200ae00
7 34945 aaaa
7 36372 eb000033280000ce
7 37519 b000000500001070
7 38176 ea000033288000ce
7 39030 bbbb
7 43428 b000bbbb00000014
7 51888 aaaa
7 52709 eb000033280000cf
7 52875 b000000500003a40
7 53255 ea000033288000cf
7 54174 bbbb
7 58574 b000bbbb00000014
# Core 8 LOG DUMP ==================================================
# DCB 8 ffffff00042e9a00 pixels
# DCB 8 ffffff000200b000 monitor
8 3253 ffffcccc0200b000
# Core 9 LOG DUMP ==================================================
# DCB 9 ffffff00042e9c00 pixels
# DCB 9 ffffff000200b200 monitor
9 4399 ffffcccc0200b200
# Core 10 LOG DUMP ==================================================
# DCB 10 ffffff00042e9e00 pixels
# DCB 10 ffffff000200b400 monitor
10 3964 ffffcccc0200b400
# Core 11 LOG DUMP ==================================================
# DCB 11 ffffff00072a9000 pixels
# DCB 11 ffffff00042e8600 e1000n
# DCB 11 ffffff000200b600 monitor
11 6351 ffffcccc042e8600
11 6542 ffffcccc0200b600
11 10014 ffffcccc042e8600
# Core 12 LOG DUMP ==================================================
# DCB 12 ffffff00072a9200 pixels
# DCB 12 ffffff000200b800 monitor
12 6428 ffffcccc0200b800
# Core 13 LOG DUMP ==================================================
# DCB 13 ffffff00072a9400 pixels
# DCB 13 ffffff000200ba00 monitor
13 4992 ffffcccc0200ba00
# Core 14 LOG DUMP ==================================================
# DCB 14 ffffff00072a9600 pixels
# DCB 14 ffffff000200bc00 monitor
14 4072 ffffcccc0200bc00
# Core 15 LOG DUMP ==================================================
# DCB 15 ffffff00072a9800 pixels
# DCB 15 ffffff00042e8800 bfscope
# DCB 15 ffffff000200be00 monitor
15 2956 ffffcccc042e8800
15 3148 ffffcccc0200be00
15 6080 ffffcccc042e8800
