# Core 0 LOG DUMP ==================================================
0 0 1234000000000001
# DCB 0 ffffff0003948a00 fish
# DCB 0 ffffff0003948400 serial
# DCB 0 ffffff0003948200 pci
# DCB 0 ffffff0003948000 skb
# DCB 0 ffffff00019a0000 chips
# DCB 0 ffffff0001e06000 mem_serv
# DCB 0 ffffff0001e06200 monitor
0 7455 ffffcccc03948a00
0 7896 ffffcccc01e06200
0 12791 ffffcccc03948a00
0 15435 ffffcccc01e06200
0 20882 aaaa
0 22135 b000000300000000
0 23152 ea00002162000101
0 23730 ea0000202a0000ff
0 24276 ea000020980000fe
0 25040 ea000021000000fe
0 27381 bbbb
0 28898 aaaa
0 29399 eb0000202a8000fe
0 30557 b0000006000064c0
0 32052 eb000020988000fe
0 32576 b0000006000064c0
0 34960 eb000021008000fe
0 35478 b0000006000064c0
0 37034 bbbb
0 39057 aaaa
0 39633 eb00002162800101
0 40091 b0000006000064c0
0 40441 ea00002162000102
0 40880 ea0000202a000100
0 41321 ea000020980000ff
0 41769 ea000021000000ff
0 43825 bbbb
0 45382 aaaa
0 45895 eb0000202a8000ff
0 46857 b0000006000064c0
0 48102 eb000020988000ff
0 48672 b0000006000064c0
0 50341 eb000021008000ff
0 50843 b0000006000064c0
0 52489 bbbb
0 54613 aaaa
0 55152 eb00002162800102
0 55613 b0000006000064c0
0 56649 ffffcccc03948a00
0 59268 1234000000000000
# Core 1 LOG DUMP ==================================================
# DCB 1 ffffff00019a0200 monitor
1 2082 ffffcccc019a0200
1 24909 aaaa
1 25529 eb0000202a0000ff
1 25995 b0000005000064c0
1 26679 ea0000202a8000fe
1 27800 bbbb
1 35543 b000bbbb00000014
1 41971 aaaa
1 42482 eb0000202a000100
1 42645 b0000005000064c0
1 42951 ea0000202a8000ff
1 44037 bbbb
1 52311 b000bbbb00000014
# Core 2 LOG DUMP ==================================================
# DCB 2 ffffff00019a0400 monitor
2 3362 ffffcccc019a0400
2 25740 aaaa
2 26479 eb000020980000fe
2 26865 b0000005000064c0
2 27570 ea000020988000fe
2 28692 bbbb
2 36714 b000bbbb00000014
2 42970 aaaa
2 43572 eb000020980000ff
2 43749 b0000005000064c0
2 44052 ea000020988000ff
2 45276 bbbb
2 52734 b000bbbb00000014
# Core 3 LOG DUMP ==================================================
# DCB 3 ffffff00019a0600 monitor
3 3269 ffffcccc019a0600
3 27132 aaaa
3 27770 eb000021000000fe
3 28451 b0000005000064c0
3 29189 ea000021008000fe
3 30532 bbbb
3 37638 b000bbbb00000014
3 43779 aaaa
3 44538 eb000021000000ff
3 44711 b0000005000064c0
3 45024 ea000021008000ff
3 45983 bbbb
3 52923 b000bbbb00000014
# Core 4 LOG DUMP ==================================================
# DCB 4 ffffff00019a0800 monitor
4 3867 ffffcccc019a0800
4 24500 aaaa
4 25212 eb00002162000101
4 25593 b0000005000064c0
4 26878 ea000027c40000ef
4 27392 ea000027f60000ee
4 27915 ea00002d6a0000ee
4 29549 bbbb
4 32220 aaaa
4 32976 eb000027c48000ee
4 33240 b000000600002010
4 34124 eb00002d6a8000ee
4 34762 b000000600002010
4 35250 eb000027f68000ee
4 35652 b000000600002010
4 36495 ea00002162800101
4 37754 bbbb
4 41629 aaaa
4 42003 eb00002162000102
4 42717 b0000005000064c0
4 43554 ea000027c40000f0
4 44049 ea000027f60000ef
4 45375 ea00002d6a0000ef
4 46347 bbbb
4 48684 aaaa
4 49308 eb000027c48000ef
4 49522 b000000600002010
4 50411 eb00002d6a8000ef
4 51117 b000000600002010
4 51948 eb000027f68000ef
4 52161 b000000600002010
4 52491 ea00002162800102
4 53372 bbbb
4 58819 b000bbbb00000014
# Core 5 LOG DUMP ==================================================
# DCB 5 ffffff00019a0a00 monitor
5 2865 ffffcccc019a0a00
5 28020 aaaa
5 29145 eb000027c40000ef
5 29673 b000000500002010
5 31059 ea000027c48000ee
5 31997 bbbb
5 37884 b000bbbb00000014
5 44832 aaaa
5 45516 eb000027c40000f0
5 45915 b000000500002010
5 46229 ea000027c48000ef
5 47469 bbbb
5 53491 b000bbbb00000014
# Core 6 LOG DUMP ==================================================
# DCB 6 ffffff00019a0c00 monitor
6 2744 ffffcccc019a0c00
6 29037 aaaa
6 30104 eb000027f60000ee
6 31285 b000000500002010
6 32451 ea000027f68000ee
6 33879 bbbb
6 38898 b000bbbb00000014
6 46283 aaaa
6 47249 eb000027f60000ef
6 47422 b000000500002010
6 48205 ea000027f68000ef
6 49038 bbbb
6 54401 b000bbbb00000014
# Core 7 LOG DUMP ==================================================
# DCB 7 ffffff00019a0e00 monitor
7 2173 ffffcccc019a0e00
7 29767 aaaa
7 30786 eb00002d6a0000ee
7 31269 b000000500002010
7 32206 ea00002d6a8000ee
7 33650 bbbb
7 37765 b000bbbb00000014
7 46957 aaaa
7 47916 eb00002d6a0000ef
7 48111 b000000500002010
7 48415 ea00002d6a8000ef
7 49305 bbbb
7 53513 b000bbbb00000014
# Core 8 LOG DUMP ==================================================
# DCB 8 ffffff00019a1000 monitor
8 4070 ffffcccc019a1000
# Core 9 LOG DUMP ==================================================
# DCB 9 ffffff0003948600 e1000n
# DCB 9 ffffff00019a1200 monitor
9 5850 ffffcccc03948600
9 6351 ffffcccc019a1200
9 9585 ffffcccc03948600
# Core 10 LOG DUMP ==================================================
# DCB 10 ffffff00019a1400 monitor
10 4292 ffffcccc019a1400
# Core 11 LOG DUMP ==================================================
# DCB 11 ffffff00019a1600 monitor
11 2631 ffffcccc019a1600
# Core 12 LOG DUMP ==================================================
# DCB 12 ffffff00019a1800 monitor
12 4931 ffffcccc019a1800
# Core 13 LOG DUMP ==================================================
# DCB 13 ffffff00019a1a00 monitor
13 4261 ffffcccc019a1a00
# Core 14 LOG DUMP ==================================================
# DCB 14 ffffff00019a1c00 monitor
14 4591 ffffcccc019a1c00
# Core 15 LOG DUMP ==================================================
# DCB 15 ffffff0003948800 bfscope
# DCB 15 ffffff00019a1e00 monitor
15 4882 ffffcccc03948800
15 5117 ffffcccc019a1e00
15 8342 ffffcccc03948800
