# Core 0 LOG DUMP ==================================================
0 0 1234000000000001
# DCB 0 ffffff0003948a00 fish
# DCB 0 ffffff0003948400 serial
# DCB 0 ffffff0003948200 pci
# DCB 0 ffffff0003948000 skb
# DCB 0 ffffff00019a0000 chips
# DCB 0 ffffff0001e06000 mem_serv
# DCB 0 ffffff0001e06200 monitor
0 7022 ffffcccc03948a00
0 7469 ffffcccc01e06200
0 12334 ffffcccc03948a00
0 14957 ffffcccc01e06200
0 20286 aaaa
0 21585 b000000300000000
0 22752 ea000021620000ef
0 23261 ea0000202a0000ed
0 23762 ea000020980000ec
0 24524 ea000021000000ec
0 27034 bbbb
0 28395 aaaa
0 28904 eb0000202a8000ec
0 30029 b000000600002050
0 31469 eb000020988000ec
0 32372 b000000600002050
0 34086 eb000021008000ec
0 35063 b000000600002050
0 36621 bbbb
0 38726 aaaa
0 39203 eb000021628000ef
0 39722 b000000600002050
0 40076 ea000021620000f0
0 40480 ea0000202a0000ee
0 40901 ea000020980000ed
0 41345 ea000021000000ed
0 43090 bbbb
0 44378 aaaa
0 45004 eb0000202a8000ed
0 45904 b000000600002050
0 47505 eb000020988000ed
0 48248 b000000600002050
0 49975 eb000021008000ed
0 50949 b000000600002050
0 52858 eb000021628000f0
0 53459 b000000600002050
0 54774 ffffcccc03948a00
0 57846 1234000000000000
# Core 1 LOG DUMP ==================================================
# DCB 1 ffffff00019a0200 monitor
1 2083 ffffcccc019a0200
1 24807 aaaa
1 25727 eb0000202a0000ed
1 26159 b000000500002050
1 26859 ea0000202a8000ec
1 27931 bbbb
1 35354 b000bbbb00000014
1 41551 aaaa
1 42053 eb0000202a0000ee
1 42222 b000000500002050
1 42527 ea0000202a8000ed
1 43553 bbbb
1 51503 b000bbbb00000014
# Core 2 LOG DUMP ==================================================
# DCB 2 ffffff00019a0400 monitor
2 3272 ffffcccc019a0400
2 25426 aaaa
2 26181 eb000020980000ec
2 26562 b000000500002050
2 27268 ea000020988000ec
2 28450 bbbb
2 35780 b000bbbb00000014
2 42284 aaaa
2 42858 eb000020980000ed
2 43022 b000000500002050
2 43340 ea000020988000ed
2 44926 bbbb
2 52564 b000bbbb00000014
# Core 3 LOG DUMP ==================================================
# DCB 3 ffffff00019a0600 monitor
3 2467 ffffcccc019a0600
3 26717 aaaa
3 27342 eb000021000000ec
3 28271 b000000500002050
3 29601 ea000021008000ec
3 31291 bbbb
3 38386 b000bbbb00000014
3 42905 aaaa
3 43648 eb000021000000ed
3 43812 b000000500002050
3 44116 ea000021008000ed
3 45062 bbbb
3 52357 b000bbbb00000014
# Core 4 LOG DUMP ==================================================
# DCB 4 ffffff00019a0800 monitor
4 2586 ffffcccc019a0800
4 23844 aaaa
4 24574 eb000021620000ef
4 25239 b000000500002050
4 26616 ea000027c40000dd
4 27146 ea000027f60000dc
4 27976 ea00002d6a0000dc
4 28993 bbbb
4 32861 aaaa
4 33420 eb00002d6a8000dc
4 33686 b000000600002010
4 34189 eb000027f68000dc
4 34675 b000000600002010
4 35634 eb000027c48000dc
4 36025 b000000600002010
4 36506 ea000021628000ef
4 37457 bbbb
4 41345 aaaa
4 41731 eb000021620000f0
4 41933 b000000500002050
4 42721 ea000027c40000de
4 43256 ea000027f60000dd
4 44282 ea00002d6a0000dd
4 45255 bbbb
4 47495 aaaa
4 47918 eb000027c48000dd
4 48339 b000000600002010
4 49703 eb00002d6a8000dd
4 50186 b000000600002010
4 50854 eb000027f68000dd
4 51232 b000000600002010
4 51816 ea000021628000f0
4 52970 bbbb
# Core 5 LOG DUMP ==================================================
# DCB 5 ffffff00019a0a00 monitor
5 3427 ffffcccc019a0a00
5 28316 aaaa
5 29327 eb000027c40000dd
5 30694 b000000500002010
5 31978 ea000027c48000dc
5 33071 bbbb
5 38783 b000bbbb00000014
5 44068 aaaa
5 44636 eb000027c40000de
5 45018 b000000500002010
5 45322 ea000027c48000dd
5 46272 bbbb
5 52342 b000bbbb00000014
# Core 6 LOG DUMP ==================================================
# DCB 6 ffffff00019a0c00 monitor
6 3061 ffffcccc019a0c00
6 28856 aaaa
6 30254 eb000027f60000dc
6 30685 b000000500002010
6 31734 ea000027f68000dc
6 32669 bbbb
6 37839 b000bbbb00000014
6 44948 aaaa
6 45626 eb000027f60000dd
6 46429 b000000500002010
6 46775 ea000027f68000dd
6 48317 bbbb
6 53719 b000bbbb00000014
# Core 7 LOG DUMP ==================================================
# DCB 7 ffffff00019a0e00 monitor
7 3621 ffffcccc019a0e00
7 29188 aaaa
7 30495 eb00002d6a0000dc
7 30925 b000000500002010
7 31638 ea00002d6a8000dc
7 32506 bbbb
7 36652 b000bbbb00000014
7 45685 aaaa
7 46723 eb00002d6a0000dd
7 47358 b000000500002010
7 47662 ea00002d6a8000dd
7 48503 bbbb
7 53042 b000bbbb00000014
# Core 8 LOG DUMP ==================================================
# DCB 8 ffffff00019a1000 monitor
8 4142 ffffcccc019a1000
# Core 9 LOG DUMP ==================================================
# DCB 9 ffffff0003948600 e1000n
# DCB 9 ffffff00019a1200 monitor
9 4430 ffffcccc03948600
9 4619 ffffcccc019a1200
9 7590 ffffcccc03948600
# Core 10 LOG DUMP ==================================================
# DCB 10 ffffff00019a1400 monitor
10 5058 ffffcccc019a1400
# Core 11 LOG DUMP ==================================================
# DCB 11 ffffff00019a1600 monitor
11 3188 ffffcccc019a1600
# Core 12 LOG DUMP ==================================================
# DCB 12 ffffff00019a1800 monitor
12 4987 ffffcccc019a1800
# Core 13 LOG DUMP ==================================================
# DCB 13 ffffff00019a1a00 monitor
13 5240 ffffcccc019a1a00
# Core 14 LOG DUMP ==================================================
# DCB 14 ffffff00019a1c00 monitor
14 4165 ffffcccc019a1c00
# Core 15 LOG DUMP ==================================================
# DCB 15 ffffff0003948800 bfscope
# DCB 15 ffffff00019a1e00 monitor
15 5278 ffffcccc03948800
15 5751 ffffcccc019a1e00
15 8650 ffffcccc03948800
