# Core 0 LOG DUMP ==================================================
0 0 1234000000000001
# DCB 0 ffffff00072a9a00 fish
# DCB 0 ffffff00042e8a00 pixels
# DCB 0 ffffff00042e8400 serial
# DCB 0 ffffff00042e8200 pci
# DCB 0 ffffff00042e8000 skb
# DCB 0 ffffff000200a000 chips
# DCB 0 ffffff007f206000 mem_serv
# DCB 0 ffffff007f206200 monitor
0 8727 ffffcccc072a9a00
0 8931 ffffcccc7f206200
0 16018 ffffcccc072a9a00
0 18706 ffffcccc7f206200
0 26070 aaaa
0 27185 b000000300000000
0 28434 ea000029580000eb
0 28974 ea000020fc0000e9
0 29560 ea000021880000e8
0 30115 ea000021f00000e8
0 33136 bbbb
0 35050 aaaa
0 35852 eb000020fc8000e8
0 37162 b00000060000b170
0 37993 eb000021888000e8
0 38827 b00000060000b170
0 40741 eb000021f08000e8
0 41213 b00000060000b170
0 44014 eb000029588000eb
0 44466 b00000060000b170
0 45082 ea000029580000ec
0 45482 ea000020fc0000ea
0 45882 ea000021880000e9
0 46338 ea000021f00000e9
0 48669 eb000020fc8000e9
0 49150 b00000060000b170
0 50150 eb000021888000e9
0 51296 b00000060000b170
0 54201 eb000021f08000e9
0 54644 b00000060000b170
0 57188 bbbb
0 59965 aaaa
0 60521 eb000029588000ec
0 60923 b00000060000b170
0 62015 ffffcccc072a9a00
0 67026 ffffcccc042e8400
0 69493 aaaa
0 162226 bbbb
0 162798 ffffcccc7f206200
0 172217 bbbb
0 203281 ffffcccc072a9a00
0 206523 ffffcccc042e8400
0 208454 aaaa
0 332581 bbbb
0 333345 ffffcccc7f206200
0 340003 ffffcccc072a9a00
0 343145 ffffcccc042e8400
0 345011 aaaa
0 503651 bbbb
0 504167 ffffcccc7f206200
0 510734 ffffcccc072a9a00
0 513904 ffffcccc042e8400
0 516019 aaaa
0 674507 bbbb
0 675023 ffffcccc7f206200
0 681490 ffffcccc072a9a00
0 684914 ffffcccc042e8400
0 686788 aaaa
0 845262 bbbb
0 845779 ffffcccc7f206200
0 852598 ffffcccc072a9a00
0 855732 ffffcccc042e8400
0 857616 aaaa
0 1016003 bbbb
0 1016753 ffffcccc7f206200
0 1023202 ffffcccc072a9a00
0 1026373 ffffcccc042e8400
0 1028238 aaaa
0 1186974 bbbb
0 1187491 ffffcccc7f206200
0 1194052 ffffcccc072a9a00
0 1197221 ffffcccc042e8400
0 1199346 aaaa
0 1357830 bbbb
0 1358354 ffffcccc7f206200
0 1364820 ffffcccc072a9a00
0 1368245 ffffcccc042e8400
0 1370110 aaaa
0 1528571 bbbb
0 1529087 ffffcccc7f206200
0 1535881 ffffcccc072a9a00
0 1539018 ffffcccc042e8400
0 1540908 aaaa
0 1699326 bbbb
0 1700076 ffffcccc7f206200
0 1706679 ffffcccc072a9a00
0 1709842 ffffcccc042e8400
0 1711732 aaaa
0 1870456 bbbb
0 1870974 ffffcccc7f206200
0 1877529 ffffcccc072a9a00
0 1880696 ffffcccc042e8400
0 1882830 aaaa
0 2041312 bbbb
0 2041830 ffffcccc7f206200
0 2048293 ffffcccc072a9a00
0 2051705 ffffcccc042e8400
0 2053571 aaaa
0 2211997 bbbb
0 2212515 ffffcccc7f206200
0 2219312 ffffcccc072a9a00
0 2222443 ffffcccc042e8400
0 2224321 aaaa
0 2382691 bbbb
0 2383465 ffffcccc7f206200
0 2389930 ffffcccc072a9a00
0 2393104 ffffcccc042e8400
0 2394973 aaaa
0 2553709 bbbb
0 2554227 ffffcccc7f206200
0 2560791 ffffcccc072a9a00
0 2563969 ffffcccc042e8400
0 2566094 aaaa
0 2724563 bbbb
0 2725079 ffffcccc7f206200
0 2731550 ffffcccc072a9a00
0 2734893 ffffcccc042e8400
0 2736759 aaaa
0 2895160 bbbb
0 2895678 ffffcccc7f206200
0 2902476 ffffcccc072a9a00
0 2905639 ffffcccc042e8400
0 2907522 aaaa
0 3065959 bbbb
0 3066708 ffffcccc7f206200
0 3073167 ffffcccc072a9a00
0 3076908 ffffcccc042e8400
0 3078772 aaaa
0 3237520 bbbb
0 3238034 ffffcccc7f206200
0 3244591 ffffcccc072a9a00
0 3248104 ffffcccc042e8400
0 3250251 aaaa
0 3408691 bbbb
0 3409209 ffffcccc7f206200
0 3415695 ffffcccc072a9a00
0 3418381 ffffcccc042e8400
0 3420245 aaaa
0 3578627 bbbb
0 3579143 ffffcccc7f206200
0 3585893 ffffcccc072a9a00
0 3588858 1234000000000000
# Core 1 LOG DUMP ==================================================
# DCB 1 ffffff00042e8c00 pixels
# DCB 1 ffffff000200a200 monitor
1 2731 ffffcccc0200a200
1 30526 aaaa
1 31402 eb000020fc0000e9
1 32170 b00000050000b170
1 32568 ea000020fc8000e8
1 33755 bbbb
1 41166 b000bbbb00000014
1 47130 aaaa
1 47455 eb000020fc0000ea
1 47623 b00000050000b170
1 47950 ea000020fc8000e9
1 49443 bbbb
1 57065 b000bbbb00000014
# Core 2 LOG DUMP ==================================================
# DCB 2 ffffff00042e8e00 pixels
# DCB 2 ffffff000200a400 monitor
2 3259 ffffcccc0200a400
2 30627 aaaa
2 31376 eb000021880000e8
2 32172 b00000050000b170
2 32584 ea000021888000e8
2 33771 bbbb
2 41467 b000bbbb00000014
2 47407 aaaa
2 47718 eb000021880000e9
2 47885 b00000050000b170
2 48215 ea000021888000e9
2 49743 bbbb
2 57677 b000bbbb00000014
# Core 3 LOG DUMP ==================================================
# DCB 3 ffffff00042e9000 pixels
# DCB 3 ffffff000200a600 monitor
3 2301 ffffcccc0200a600
3 32234 aaaa
3 32887 eb000021f00000e8
3 33826 b00000050000b170
3 34225 ea000021f08000e8
3 35469 bbbb
3 42364 b000bbbb00000014
3 48316 aaaa
3 48674 eb000021f00000e9
3 48852 b00000050000b170
3 49348 ea000021f08000e9
3 51160 bbbb
3 58581 b000bbbb00000014
# Core 4 LOG DUMP ==================================================
# DCB 4 ffffff00042e9200 pixels
# DCB 4 ffffff000200a800 monitor
4 3478 ffffcccc0200a800
4 29683 aaaa
4 30420 eb000029580000eb
4 31359 b00000050000b170
4 32233 ea00002e440000d3
4 32772 ea00002e780000d2
4 33295 ea000033280000d2
4 35194 bbbb
4 37473 aaaa
4 38043 eb00002e448000d2
4 38344 b000000600003a40
4 39604 eb000033288000d2
4 40005 b000000600003a40
4 40673 eb00002e788000d2
4 40927 b000000600003a40
4 41881 ea000029588000eb
4 43252 bbbb
4 46176 aaaa
4 46635 eb000029580000ec
4 47280 b00000050000b170
4 48094 ea00002e440000d4
4 48587 ea00002e780000d3
4 49167 ea000033280000d3
4 51064 bbbb
4 53307 aaaa
4 53700 eb00002e448000d3
4 53946 b000000600000050
4 55128 eb000033288000d3
4 55534 b000000600000050
4 56029 eb00002e788000d3
4 56269 b000000600000050
4 56902 ea000029588000ec
4 58029 bbbb
4 63623 b000bbbb00000014
# Core 5 LOG DUMP ==================================================
# DCB 5 ffffff00042e9400 pixels
# DCB 5 ffffff000200aa00 monitor
5 3404 ffffcccc0200aa00
5 33701 aaaa
5 34657 eb00002e440000d3
5 35472 b000000500003a40
5 36237 ea00002e448000d2
5 37159 bbbb
5 42923 b000bbbb00000014
5 49812 aaaa
5 50890 eb00002e440000d4
5 51520 b000000500000050
5 51903 ea00002e448000d3
5 53444 bbbb
5 58816 b000bbbb00000014
# Core 6 LOG DUMP ==================================================
# DCB 6 ffffff00042e9600 pixels
# DCB 6 ffffff000200ac00 monitor
6 2796 ffffcccc0200ac00
6 34204 aaaa
6 34924 eb00002e780000d2
6 35758 b000000500003a40
6 36681 ea00002e788000d2
6 37958 bbbb
6 42631 b000bbbb00000014
6 49852 aaaa
6 51032 eb00002e780000d3
6 51816 b000000500000050
6 52324 ea00002e788000d3
6 54166 bbbb
6 58781 b000bbbb00000014
# Core 7 LOG DUMP ==================================================
# DCB 7 ffffff00042e9800 pixels
# DCB 7 ffffff000200ae00 monitor
7 5728 ffffcccc0200ae00
7 34804 aaaa
7 35491 eb000033280000d2
7 36571 b000000500003a40
7 37143 ea000033288000d2
7 37994 bbbb
7 42908 b000bbbb00000014
7 50775 aaaa
7 51409 eb000033280000d3
7 51575 b000000500000050
7 51912 ea000033288000d3
7 53635 bbbb
7 57853 b000bbbb00000014
# Core 8 LOG DUMP ==================================================
# DCB 8 ffffff00042e9a00 pixels
# DCB 8 ffffff000200b000 monitor
8 6532 ffffcccc0200b000
# Core 9 LOG DUMP ==================================================
# DCB 9 ffffff00042e9c00 pixels
# DCB 9 ffffff000200b200 monitor
9 6057 ffffcccc0200b200
# Core 10 LOG DUMP ==================================================
# DCB 10 ffffff00042e9e00 pixels
# DCB 10 ffffff000200b400 monitor
10 4000 ffffcccc0200b400
# Core 11 LOG DUMP ==================================================
# DCB 11 ffffff00072a9000 pixels
# DCB 11 ffffff00042e8600 e1000n
# DCB 11 ffffff000200b600 monitor
11 6942 ffffcccc042e8600
11 7210 ffffcccc0200b600
11 10578 ffffcccc042e8600
# Core 12 LOG DUMP ==================================================
# DCB 12 ffffff00072a9200 pixels
# DCB 12 ffffff000200b800 monitor
12 5233 ffffcccc0200b800
# Core 13 LOG DUMP ==================================================
# DCB 13 ffffff00072a9400 pixels
# DCB 13 ffffff000200ba00 monitor
13 4055 ffffcccc0200ba00
# Core 14 LOG DUMP ==================================================
# DCB 14 ffffff00072a9600 pixels
# DCB 14 ffffff000200bc00 monitor
14 5537 ffffcccc0200bc00
# Core 15 LOG DUMP ==================================================
# DCB 15 ffffff00072a9800 pixels
# DCB 15 ffffff00042e8800 bfscope
# DCB 15 ffffff000200be00 monitor
15 5690 ffffcccc042e8800
15 5936 ffffcccc0200be00
15 8811 ffffcccc042e8800
