# Core 0 LOG DUMP ==================================================
0 0 1234000000000001
# DCB 0 ffffff00071dca00 fish
# DCB 0 ffffff0004257a00 pixels
# DCB 0 ffffff0004257400 serial
# DCB 0 ffffff0004257200 pci
# DCB 0 ffffff0004257000 skb
# DCB 0 ffffff0001b29000 chips
# DCB 0 ffffff0001e06000 mem_serv
# DCB 0 ffffff0001e06200 monitor
0 7582 ffffcccc071dca00
0 7770 ffffcccc01e06200
0 9337 bbbb
0 16471 bbbb
0 19118 bbbb
0 21260 bbbb
0 23371 bbbb
0 25597 bbbb
0 27946 bbbb
0 30034 bbbb
0 32225 bbbb
0 34337 bbbb
0 36694 bbbb
0 38887 bbbb
0 40997 bbbb
0 43094 bbbb
0 45539 bbbb
0 47636 bbbb
0 49719 bbbb
0 51953 bbbb
0 54336 bbbb
0 56444 bbbb
0 58682 bbbb
0 60820 bbbb
0 63223 bbbb
0 65456 bbbb
0 67610 bbbb
0 69778 bbbb
0 72250 bbbb
0 74378 bbbb
0 76505 bbbb
0 78755 bbbb
0 81119 bbbb
0 83261 bbbb
0 85511 bbbb
0 87669 bbbb
0 90056 bbbb
0 92314 bbbb
0 94471 bbbb
0 96627 bbbb
0 99128 bbbb
0 101294 bbbb
0 103449 bbbb
0 105690 bbbb
0 108099 bbbb
0 110248 bbbb
0 112489 bbbb
0 114653 bbbb
0 117028 bbbb
0 119269 bbbb
0 121422 bbbb
0 123535 bbbb
0 126040 bbbb
0 128194 bbbb
0 130310 bbbb
0 132542 bbbb
0 134963 bbbb
0 137126 bbbb
0 139375 bbbb
0 141545 bbbb
0 143900 bbbb
0 146152 bbbb
0 148259 bbbb
0 150400 bbbb
0 152906 bbbb
0 155105 bbbb
0 157246 bbbb
0 159514 bbbb
0 161950 bbbb
0 164081 bbbb
0 166289 bbbb
0 168435 bbbb
0 170852 bbbb
0 173124 bbbb
0 175286 bbbb
0 177434 bbbb
0 179939 bbbb
0 182119 bbbb
0 184268 bbbb
0 186530 bbbb
0 188929 bbbb
0 191063 bbbb
0 193322 bbbb
0 195475 bbbb
0 197910 bbbb
0 200142 bbbb
0 202304 bbbb
0 204455 bbbb
0 206975 bbbb
0 209143 bbbb
0 211279 bbbb
0 213523 bbbb
0 215938 bbbb
0 218042 bbbb
0 220301 bbbb
0 222446 bbbb
0 224839 bbbb
0 227095 bbbb
0 229238 bbbb
0 231401 bbbb
0 233861 bbbb
0 236012 bbbb
0 238115 bbbb
0 240375 bbbb
0 242776 bbbb
0 244892 bbbb
0 247134 bbbb
0 249287 bbbb
0 251719 bbbb
0 253961 bbbb
0 256118 bbbb
0 258275 bbbb
0 260747 bbbb
0 262912 bbbb
0 265061 bbbb
0 267273 bbbb
0 269685 bbbb
0 271829 bbbb
0 274096 bbbb
0 276255 bbbb
0 278669 bbbb
0 280909 bbbb
0 283052 bbbb
0 285194 bbbb
0 287706 bbbb
0 289871 bbbb
0 292041 bbbb
0 294248 bbbb
0 296663 bbbb
0 298803 bbbb
0 301075 bbbb
0 303301 bbbb
0 305766 bbbb
0 308096 bbbb
0 310246 bbbb
0 312411 bbbb
0 314873 bbbb
0 317000 bbbb
0 319150 bbbb
0 321361 bbbb
0 323757 bbbb
0 325892 bbbb
0 328088 bbbb
0 330291 bbbb
0 332636 bbbb
0 334895 bbbb
0 337041 bbbb
0 339161 bbbb
0 341695 bbbb
0 343856 bbbb
0 346043 bbbb
0 348302 bbbb
0 350732 bbbb
0 352866 bbbb
0 355140 bbbb
0 357307 bbbb
0 359689 bbbb
0 361945 bbbb
0 364132 bbbb
0 366318 bbbb
0 368750 bbbb
0 370921 bbbb
0 373088 bbbb
0 375238 bbbb
0 377751 bbbb
0 379909 bbbb
0 382053 bbbb
0 384310 bbbb
0 386728 bbbb
0 388838 bbbb
0 391105 bbbb
0 393265 bbbb
0 395672 bbbb
0 397915 bbbb
0 400032 bbbb
0 402132 bbbb
0 404632 bbbb
0 406754 bbbb
0 408843 bbbb
0 411089 bbbb
0 413477 bbbb
0 415553 bbbb
0 417761 bbbb
0 419906 bbbb
0 422282 bbbb
0 424514 bbbb
0 426638 bbbb
0 428741 bbbb
0 431237 bbbb
0 433334 bbbb
0 435458 bbbb
0 437698 bbbb
0 440064 bbbb
0 442174 bbbb
0 444409 bbbb
0 446529 bbbb
0 448897 bbbb
0 451130 bbbb
0 453223 bbbb
0 455312 bbbb
0 457798 bbbb
0 459920 bbbb
0 462010 bbbb
0 464212 bbbb
0 466613 bbbb
0 468713 bbbb
0 470935 bbbb
0 473081 bbbb
0 475433 bbbb
0 477677 bbbb
0 479825 bbbb
0 481925 bbbb
0 484407 bbbb
0 486527 bbbb
0 488609 bbbb
0 490835 bbbb
0 493203 bbbb
0 495309 bbbb
0 497552 bbbb
0 499676 bbbb
0 502040 bbbb
0 504257 bbbb
0 506370 bbbb
0 508481 bbbb
0 510977 bbbb
0 513064 bbbb
0 515160 bbbb
0 517361 bbbb
0 519749 bbbb
0 521888 bbbb
0 524151 bbbb
0 526309 bbbb
0 528746 bbbb
0 530966 bbbb
0 533124 bbbb
0 535266 bbbb
0 537770 bbbb
0 539901 bbbb
0 542047 bbbb
0 544262 bbbb
0 546629 bbbb
0 548770 bbbb
0 551005 bbbb
0 553148 bbbb
0 555643 bbbb
0 557882 bbbb
0 560066 bbbb
0 562346 bbbb
0 564759 bbbb
0 566957 bbbb
0 569126 bbbb
0 571286 bbbb
0 573785 bbbb
0 575935 bbbb
0 578117 bbbb
0 580303 bbbb
0 582716 bbbb
0 584900 bbbb
0 587113 bbbb
0 589255 bbbb
0 591677 bbbb
0 593883 bbbb
0 596037 bbbb
0 598205 bbbb
0 600680 bbbb
0 602847 bbbb
0 605030 bbbb
0 607286 bbbb
0 609716 bbbb
0 611910 bbbb
0 614126 bbbb
0 616266 bbbb
0 618689 bbbb
0 620941 bbbb
0 623120 bbbb
0 625293 bbbb
0 627781 bbbb
0 629931 bbbb
0 632116 bbbb
0 634311 bbbb
0 636751 bbbb
0 638917 bbbb
0 641132 bbbb
0 643269 bbbb
0 645725 bbbb
0 647915 bbbb
0 650061 bbbb
0 652246 bbbb
0 654745 bbbb
0 656888 bbbb
0 659063 bbbb
0 661207 bbbb
0 663717 bbbb
0 665878 bbbb
0 668087 bbbb
0 670316 bbbb
0 672732 bbbb
0 674897 bbbb
0 677123 bbbb
0 679273 bbbb
0 681722 bbbb
0 683933 bbbb
0 686074 bbbb
0 688239 bbbb
0 690609 bbbb
0 692818 bbbb
0 695011 bbbb
0 697195 bbbb
0 699655 bbbb
0 701786 bbbb
0 703962 bbbb
0 706192 bbbb
0 708562 bbbb
0 710725 bbbb
0 712940 bbbb
0 715106 bbbb
0 717492 bbbb
0 719707 bbbb
0 721853 bbbb
0 724048 bbbb
0 726521 bbbb
0 728753 bbbb
0 730943 bbbb
0 733174 bbbb
0 735615 bbbb
0 737802 bbbb
0 740078 bbbb
0 742265 bbbb
0 744712 bbbb
0 746929 bbbb
0 749127 bbbb
0 751328 bbbb
0 753854 bbbb
0 756016 bbbb
0 758170 bbbb
0 760401 bbbb
0 762824 bbbb
0 765023 bbbb
0 767234 bbbb
0 769405 bbbb
0 771841 bbbb
0 774050 bbbb
0 776200 bbbb
0 778387 bbbb
0 780845 bbbb
0 783014 bbbb
0 785186 bbbb
0 787450 bbbb
0 789898 bbbb
0 792095 bbbb
0 794307 bbbb
0 796451 bbbb
0 798898 bbbb
0 801068 bbbb
0 803207 bbbb
0 805394 bbbb
0 807875 bbbb
0 810003 bbbb
0 812174 bbbb
0 814387 bbbb
0 816785 bbbb
0 818932 bbbb
0 821141 bbbb
0 823295 bbbb
0 825752 bbbb
0 827927 bbbb
0 830068 bbbb
0 832256 bbbb
0 834695 bbbb
0 836842 bbbb
0 839011 bbbb
0 841188 bbbb
0 843609 bbbb
0 845782 bbbb
0 848019 bbbb
0 850190 bbbb
0 852626 bbbb
0 854828 bbbb
0 856987 bbbb
0 859154 bbbb
0 861662 bbbb
0 863852 bbbb
0 866096 bbbb
0 868315 bbbb
0 870724 bbbb
0 872930 bbbb
0 875144 bbbb
0 877293 bbbb
0 879689 bbbb
0 881885 bbbb
0 884039 bbbb
0 886213 bbbb
0 888634 bbbb
0 890811 bbbb
0 892985 bbbb
0 895221 bbbb
0 897616 bbbb
0 899796 bbbb
0 901988 bbbb
0 904127 bbbb
0 906518 bbbb
0 908731 bbbb
0 910894 bbbb
0 913057 bbbb
0 915491 bbbb
0 917626 bbbb
0 919789 bbbb
0 921998 bbbb
0 924367 bbbb
0 926537 bbbb
0 928731 bbbb
0 930872 bbbb
0 933284 bbbb
0 935479 bbbb
0 937618 bbbb
0 939776 bbbb
0 942203 bbbb
0 944327 bbbb
0 946481 bbbb
0 948674 bbbb
0 951086 bbbb
0 953216 bbbb
0 955406 bbbb
0 957564 bbbb
0 960005 bbbb
0 962201 bbbb
0 964341 bbbb
0 966500 bbbb
0 968969 bbbb
0 971114 bbbb
0 973235 bbbb
0 975413 bbbb
0 977813 bbbb
0 979968 bbbb
0 982162 bbbb
0 984328 bbbb
0 986791 bbbb
0 988994 bbbb
0 991163 bbbb
0 993329 bbbb
0 995777 bbbb
0 997930 bbbb
0 1000101 bbbb
0 1002287 bbbb
0 1004725 bbbb
0 1006904 bbbb
0 1009101 bbbb
0 1011236 bbbb
0 1013665 bbbb
0 1015886 bbbb
0 1018028 bbbb
0 1020185 bbbb
0 1022636 bbbb
0 1024778 bbbb
0 1026918 bbbb
0 1029104 bbbb
0 1031536 bbbb
0 1033747 bbbb
0 1035980 bbbb
0 1038125 bbbb
0 1040603 bbbb
0 1042833 bbbb
0 1045002 bbbb
0 1047172 bbbb
0 1049666 bbbb
0 1051847 bbbb
0 1054063 bbbb
0 1056310 bbbb
0 1058751 bbbb
0 1060958 bbbb
0 1063157 bbbb
0 1065323 bbbb
0 1067749 bbbb
0 1069963 bbbb
0 1072127 bbbb
0 1074304 bbbb
0 1076783 bbbb
0 1078981 bbbb
0 1081166 bbbb
0 1083371 bbbb
0 1085750 bbbb
0 1087941 bbbb
0 1090144 bbbb
0 1092328 bbbb
0 1094779 bbbb
0 1096977 bbbb
0 1099150 bbbb
0 1101325 bbbb
0 1103762 bbbb
0 1105950 bbbb
0 1108138 bbbb
0 1110339 bbbb
0 1112725 bbbb
0 1114901 bbbb
0 1117103 bbbb
0 1119231 bbbb
0 1121687 bbbb
0 1123868 bbbb
0 1126010 bbbb
0 1128197 bbbb
0 1130681 bbbb
0 1132883 bbbb
0 1135127 bbbb
0 1137330 bbbb
0 1139744 bbbb
0 1141963 bbbb
0 1144154 bbbb
0 1146341 bbbb
0 1148810 bbbb
0 1150994 bbbb
0 1153161 bbbb
0 1155415 bbbb
0 1157833 bbbb
0 1160026 bbbb
0 1162314 bbbb
0 1164538 bbbb
0 1166960 bbbb
0 1169221 bbbb
0 1171342 bbbb
0 1173485 bbbb
0 1175942 bbbb
0 1178108 bbbb
0 1180274 bbbb
0 1182506 bbbb
0 1184897 bbbb
0 1187056 bbbb
0 1189352 bbbb
0 1191530 bbbb
0 1193970 bbbb
0 1196219 bbbb
0 1198361 bbbb
0 1200527 bbbb
0 1203079 bbbb
0 1205254 bbbb
0 1207433 bbbb
0 1209674 bbbb
0 1212084 bbbb
0 1214258 bbbb
0 1216506 bbbb
0 1218663 bbbb
0 1221051 bbbb
0 1223289 bbbb
0 1225408 bbbb
0 1227580 bbbb
0 1230065 bbbb
0 1232237 bbbb
0 1234402 bbbb
0 1236630 bbbb
0 1239026 bbbb
0 1241167 bbbb
0 1243430 bbbb
0 1245553 bbbb
0 1247980 bbbb
0 1250210 bbbb
0 1252362 bbbb
0 1254515 bbbb
0 1257014 bbbb
0 1259192 bbbb
0 1261335 bbbb
0 1263593 bbbb
0 1265969 bbbb
0 1268118 bbbb
0 1270358 bbbb
0 1272517 bbbb
0 1274863 bbbb
0 1277132 bbbb
0 1279291 bbbb
0 1281458 bbbb
0 1283972 bbbb
0 1286116 bbbb
0 1288268 bbbb
0 1290491 bbbb
0 1292916 bbbb
0 1295089 bbbb
0 1297331 bbbb
0 1299497 bbbb
0 1301902 bbbb
0 1304150 bbbb
0 1306289 bbbb
0 1308495 bbbb
0 1311011 bbbb
0 1313159 bbbb
0 1315336 bbbb
0 1317577 bbbb
0 1320024 bbbb
0 1322212 bbbb
0 1324480 bbbb
0 1326631 bbbb
0 1329031 bbbb
0 1331244 bbbb
0 1333404 bbbb
0 1335566 bbbb
0 1338041 bbbb
0 1340192 bbbb
0 1342350 bbbb
0 1344586 bbbb
0 1346996 bbbb
0 1349159 bbbb
0 1351386 bbbb
0 1353502 bbbb
0 1355895 bbbb
0 1358140 bbbb
0 1360326 bbbb
0 1362487 bbbb
0 1364971 bbbb
0 1367159 bbbb
0 1369343 bbbb
0 1371577 bbbb
0 1373987 bbbb
0 1376172 bbbb
0 1378442 bbbb
0 1380638 bbbb
0 1383046 bbbb
0 1385303 bbbb
0 1387456 bbbb
0 1389646 bbbb
0 1392181 bbbb
0 1394355 bbbb
0 1396514 bbbb
0 1398763 bbbb
0 1401190 bbbb
0 1403362 bbbb
0 1405595 bbbb
0 1407743 bbbb
0 1410130 bbbb
0 1412345 bbbb
0 1414538 bbbb
0 1416686 bbbb
0 1419204 bbbb
0 1421335 bbbb
0 1423487 bbbb
0 1425742 bbbb
0 1428166 bbbb
0 1430352 bbbb
0 1432613 bbbb
0 1434783 bbbb
0 1437289 bbbb
0 1439606 bbbb
0 1441774 bbbb
0 1443935 bbbb
0 1446464 bbbb
0 1448635 bbbb
0 1450794 bbbb
0 1453036 bbbb
0 1455463 bbbb
0 1457650 bbbb
0 1459915 bbbb
0 1462057 bbbb
0 1464473 bbbb
0 1466715 bbbb
0 1468904 bbbb
0 1471082 bbbb
0 1473555 bbbb
0 1475725 bbbb
0 1477902 bbbb
0 1480153 bbbb
0 1482564 bbbb
0 1484730 bbbb
0 1486994 bbbb
0 1489142 bbbb
0 1491542 bbbb
0 1493822 bbbb
0 1495974 bbbb
0 1498133 bbbb
0 1500626 bbbb
0 1502784 bbbb
0 1504948 bbbb
0 1507172 bbbb
0 1509564 bbbb
0 1511687 bbbb
0 1513928 bbbb
0 1516061 bbbb
0 1518437 bbbb
0 1520689 bbbb
0 1522870 bbbb
0 1525027 bbbb
0 1527561 bbbb
0 1529703 bbbb
0 1531873 bbbb
0 1534079 bbbb
0 1536434 bbbb
0 1538613 bbbb
0 1540840 bbbb
0 1543014 bbbb
0 1545413 bbbb
0 1547669 bbbb
0 1549795 bbbb
0 1551955 bbbb
0 1554469 bbbb
0 1556608 bbbb
0 1558759 bbbb
0 1561010 bbbb
0 1563372 bbbb
0 1565543 bbbb
0 1567810 bbbb
0 1569954 bbbb
0 1572346 bbbb
0 1574596 bbbb
0 1576735 bbbb
0 1578901 bbbb
0 1581437 bbbb
0 1583560 bbbb
0 1585700 bbbb
0 1587925 bbbb
0 1590330 bbbb
0 1592501 bbbb
0 1594737 bbbb
0 1596879 bbbb
0 1599292 bbbb
0 1601533 bbbb
0 1603696 bbbb
0 1605864 bbbb
0 1608332 bbbb
0 1610480 bbbb
0 1612658 bbbb
0 1614908 bbbb
0 1617358 bbbb
0 1619487 bbbb
0 1621718 bbbb
0 1623898 bbbb
0 1626332 bbbb
0 1628579 bbbb
0 1630730 bbbb
0 1632891 bbbb
0 1635343 bbbb
0 1637525 bbbb
0 1639693 bbbb
0 1641928 bbbb
0 1644291 bbbb
0 1646454 bbbb
0 1648703 bbbb
0 1650839 bbbb
0 1653256 bbbb
0 1655496 bbbb
0 1657638 bbbb
0 1659802 bbbb
0 1662264 bbbb
0 1664433 bbbb
0 1666579 bbbb
0 1668788 bbbb
0 1671167 bbbb
0 1673298 bbbb
0 1675549 bbbb
0 1677673 bbbb
0 1680065 bbbb
0 1682300 bbbb
0 1684451 bbbb
0 1686622 bbbb
0 1689141 bbbb
0 1691291 bbbb
0 1693457 bbbb
0 1695710 bbbb
0 1698093 bbbb
0 1700275 bbbb
0 1702476 bbbb
0 1704610 bbbb
0 1707236 bbbb
0 1709429 bbbb
0 1711728 bbbb
0 1713949 bbbb
0 1716508 bbbb
0 1718667 bbbb
0 1720880 bbbb
0 1723102 bbbb
0 1725509 bbbb
0 1727768 bbbb
0 1729971 bbbb
0 1732241 bbbb
0 1734665 bbbb
0 1736905 bbbb
0 1739078 bbbb
0 1741332 bbbb
0 1743723 bbbb
0 1745982 bbbb
0 1748134 bbbb
0 1750375 bbbb
0 1752752 bbbb
0 1754998 bbbb
0 1757137 bbbb
0 1759391 bbbb
0 1761813 bbbb
0 1764062 bbbb
0 1766214 bbbb
0 1768458 bbbb
0 1770878 bbbb
0 1773156 bbbb
0 1775318 bbbb
0 1777574 bbbb
0 1779983 bbbb
0 1782235 bbbb
0 1784395 bbbb
0 1786660 bbbb
0 1789045 bbbb
0 1791309 bbbb
0 1793459 bbbb
0 1795730 bbbb
0 1798140 bbbb
0 1800382 bbbb
0 1802521 bbbb
0 1804808 bbbb
0 1807234 bbbb
0 1809496 bbbb
0 1811637 bbbb
0 1813930 bbbb
0 1816321 bbbb
0 1818605 bbbb
0 1820765 bbbb
0 1823042 bbbb
0 1825495 bbbb
0 1827797 bbbb
0 1829987 bbbb
0 1832309 bbbb
0 1834769 bbbb
0 1837043 bbbb
0 1839207 bbbb
0 1841456 bbbb
0 1843859 bbbb
0 1846117 bbbb
0 1848269 bbbb
0 1850510 bbbb
0 1852895 bbbb
0 1855146 bbbb
0 1857285 bbbb
0 1859540 bbbb
0 1861930 bbbb
0 1864186 bbbb
0 1866358 bbbb
0 1868628 bbbb
0 1871035 bbbb
0 1873313 bbbb
0 1875439 bbbb
0 1877749 bbbb
0 1880138 bbbb
0 1882385 bbbb
0 1884577 bbbb
0 1886861 bbbb
0 1889282 bbbb
0 1891525 bbbb
0 1893677 bbbb
0 1895929 bbbb
0 1898369 bbbb
0 1900656 bbbb
0 1902814 bbbb
0 1905078 bbbb
0 1907514 bbbb
0 1909798 bbbb
0 1911944 bbbb
0 1914194 bbbb
0 1916638 bbbb
0 1918902 bbbb
0 1921054 bbbb
0 1923330 bbbb
0 1925749 bbbb
0 1928012 bbbb
0 1930211 bbbb
0 1932524 bbbb
0 1935011 bbbb
0 1937293 bbbb
0 1939441 bbbb
0 1941721 bbbb
0 1944146 bbbb
0 1946441 bbbb
0 1948576 bbbb
0 1950852 bbbb
0 1953263 bbbb
0 1955503 bbbb
0 1957660 bbbb
0 1959926 bbbb
0 1962376 bbbb
0 1964636 bbbb
0 1966786 bbbb
0 1969063 bbbb
0 1971454 bbbb
0 1973711 bbbb
0 1975880 bbbb
0 1978132 bbbb
0 1980560 bbbb
0 1982846 bbbb
0 1984988 bbbb
0 1987247 bbbb
0 1989625 bbbb
0 1991873 bbbb
0 1994007 bbbb
0 1996289 bbbb
0 1998730 bbbb
0 2001028 bbbb
0 2003184 bbbb
0 2005454 bbbb
0 2007873 bbbb
0 2010148 bbbb
0 2012330 bbbb
0 2014640 bbbb
0 2017123 bbbb
0 2019421 bbbb
0 2021602 bbbb
0 2023902 bbbb
0 2026353 bbbb
0 2028622 bbbb
0 2030788 bbbb
0 2033021 bbbb
0 2035466 bbbb
0 2037710 bbbb
0 2039859 bbbb
0 2042136 bbbb
0 2044516 bbbb
0 2046784 bbbb
0 2048931 bbbb
0 2051194 bbbb
0 2053575 bbbb
0 2055845 bbbb
0 2057968 bbbb
0 2060264 bbbb
0 2062659 bbbb
0 2064943 bbbb
0 2067096 bbbb
0 2069353 bbbb
0 2071732 bbbb
0 2073989 bbbb
0 2076194 bbbb
0 2078427 bbbb
0 2080811 bbbb
0 2083105 bbbb
0 2085257 bbbb
0 2087526 bbbb
0 2089931 bbbb
0 2092196 bbbb
0 2094356 bbbb
0 2096608 bbbb
0 2098982 bbbb
0 2101249 bbbb
0 2103373 bbbb
0 2105635 bbbb
0 2108062 bbbb
0 2110336 bbbb
0 2112471 bbbb
0 2114755 bbbb
0 2117142 bbbb
0 2119408 bbbb
0 2121593 bbbb
0 2123872 bbbb
0 2126313 bbbb
0 2128565 bbbb
0 2130698 bbbb
0 2132964 bbbb
0 2135356 bbbb
0 2137611 bbbb
0 2139770 bbbb
0 2142041 bbbb
0 2144423 bbbb
0 2146692 bbbb
0 2148840 bbbb
0 2151107 bbbb
0 2153492 bbbb
0 2155754 bbbb
0 2157905 bbbb
0 2160173 bbbb
0 2162558 bbbb
0 2164835 bbbb
0 2166989 bbbb
0 2169244 bbbb
0 2171630 bbbb
0 2173888 bbbb
0 2176028 bbbb
0 2178277 bbbb
0 2180648 bbbb
0 2182933 bbbb
0 2185106 bbbb
0 2187340 bbbb
0 2189680 bbbb
0 2191960 bbbb
0 2194149 bbbb
0 2196425 bbbb
0 2198818 bbbb
0 2201054 bbbb
0 2203250 bbbb
0 2205532 bbbb
0 2207938 bbbb
0 2210177 bbbb
0 2212331 bbbb
0 2214605 bbbb
0 2217033 bbbb
0 2219348 bbbb
0 2221500 bbbb
0 2223776 bbbb
0 2226158 bbbb
0 2228437 bbbb
0 2230583 bbbb
0 2232875 bbbb
0 2235275 bbbb
0 2237527 bbbb
0 2239675 bbbb
0 2241925 bbbb
0 2244325 bbbb
0 2246578 bbbb
0 2248735 bbbb
0 2251010 bbbb
0 2253394 bbbb
0 2255662 bbbb
0 2257857 bbbb
0 2260134 bbbb
0 2262512 bbbb
0 2264780 bbbb
0 2266931 bbbb
0 2269208 bbbb
0 2271601 bbbb
0 2273882 bbbb
0 2276029 bbbb
0 2278304 bbbb
0 2280709 bbbb
0 2282976 bbbb
0 2285107 bbbb
0 2287355 bbbb
0 2289854 bbbb
0 2292102 bbbb
0 2294275 bbbb
0 2296513 bbbb
0 2298982 bbbb
0 2301193 bbbb
0 2303435 bbbb
0 2305712 bbbb
0 2308124 bbbb
0 2310374 bbbb
0 2312507 bbbb
0 2314682 bbbb
0 2317229 bbbb
0 2319645 bbbb
0 2321948 bbbb
0 2324246 bbbb
0 2326702 bbbb
0 2328881 bbbb
0 2331002 bbbb
0 2333213 bbbb
0 2335651 bbbb
0 2337775 bbbb
0 2340066 bbbb
0 2342312 bbbb
0 2344781 bbbb
0 2346987 bbbb
0 2349203 bbbb
0 2351428 bbbb
0 2353914 bbbb
0 2356094 bbbb
0 2358390 bbbb
0 2360641 bbbb
0 2363230 bbbb
0 2365442 bbbb
0 2367650 bbbb
0 2369883 bbbb
0 2372328 bbbb
0 2374537 bbbb
0 2376830 bbbb
0 2379096 bbbb
0 2381503 bbbb
0 2383652 bbbb
0 2385880 bbbb
0 2388053 bbbb
0 2390429 bbbb
0 2392645 bbbb
0 2394795 bbbb
0 2396952 bbbb
0 2399408 bbbb
0 2401573 bbbb
0 2403700 bbbb
0 2405924 bbbb
0 2408315 bbbb
0 2410462 bbbb
0 2412730 bbbb
0 2414942 bbbb
0 2417485 bbbb
0 2419742 bbbb
0 2422084 bbbb
0 2424353 bbbb
0 2426762 bbbb
0 2428951 bbbb
0 2431199 bbbb
0 2433418 bbbb
0 2435860 bbbb
0 2438067 bbbb
0 2440292 bbbb
0 2442556 bbbb
0 2445044 bbbb
0 2447237 bbbb
0 2449461 bbbb
0 2451690 bbbb
0 2454157 bbbb
0 2456366 bbbb
0 2458578 bbbb
0 2460818 bbbb
0 2463345 bbbb
0 2465544 bbbb
0 2467802 bbbb
0 2470079 bbbb
0 2472565 bbbb
0 2474779 bbbb
0 2477001 bbbb
0 2479228 bbbb
0 2481689 bbbb
0 2483933 bbbb
0 2486162 bbbb
0 2488368 bbbb
0 2490858 bbbb
0 2493102 bbbb
0 2495340 bbbb
0 2497564 bbbb
0 2500031 bbbb
0 2502219 bbbb
0 2504452 bbbb
0 2506661 bbbb
0 2509178 bbbb
0 2511389 bbbb
0 2513637 bbbb
0 2515846 bbbb
0 2518330 bbbb
0 2520585 bbbb
0 2522807 bbbb
0 2525040 bbbb
0 2527533 bbbb
0 2529745 bbbb
0 2531953 bbbb
0 2534141 bbbb
0 2536623 bbbb
0 2538857 bbbb
0 2541121 bbbb
0 2543332 bbbb
0 2545822 bbbb
0 2548060 bbbb
0 2550330 bbbb
0 2552542 bbbb
0 2554997 bbbb
0 2557169 bbbb
0 2559419 bbbb
0 2561610 bbbb
0 2564084 bbbb
0 2566298 bbbb
0 2568513 bbbb
0 2570738 bbbb
0 2573183 bbbb
0 2575400 bbbb
0 2577662 bbbb
0 2579884 bbbb
0 2582362 bbbb
0 2584574 bbbb
0 2586791 bbbb
0 2589006 bbbb
0 2591465 bbbb
0 2593667 bbbb
0 2595870 bbbb
0 2598087 bbbb
0 2600552 bbbb
0 2602757 bbbb
0 2604989 bbbb
0 2607208 bbbb
0 2609721 bbbb
0 2611979 bbbb
0 2614221 bbbb
0 2616502 bbbb
0 2618973 bbbb
0 2621159 bbbb
0 2623372 bbbb
0 2625590 bbbb
0 2628056 bbbb
0 2630243 bbbb
0 2632474 bbbb
0 2634678 bbbb
0 2637161 bbbb
0 2639369 bbbb
0 2641598 bbbb
0 2643823 bbbb
0 2646284 bbbb
0 2648515 bbbb
0 2650766 bbbb
0 2652989 bbbb
0 2655454 bbbb
0 2657675 bbbb
0 2659885 bbbb
0 2662092 bbbb
0 2664515 bbbb
0 2666767 bbbb
0 2669004 bbbb
0 2671207 bbbb
0 2673667 bbbb
0 2675897 bbbb
0 2678125 bbbb
0 2680360 bbbb
0 2682848 bbbb
0 2685073 bbbb
0 2687330 bbbb
0 2689553 bbbb
0 2691975 bbbb
0 2694144 bbbb
0 2696339 bbbb
0 2698542 bbbb
0 2701018 bbbb
0 2703222 bbbb
0 2705404 bbbb
0 2707623 bbbb
0 2710046 bbbb
0 2712244 bbbb
0 2714466 bbbb
0 2716664 bbbb
0 2719097 bbbb
0 2721278 bbbb
0 2723499 bbbb
0 2725664 bbbb
0 2728083 bbbb
0 2730262 bbbb
0 2732443 bbbb
0 2734613 bbbb
0 2737040 bbbb
0 2739215 bbbb
0 2741393 bbbb
0 2743569 bbbb
0 2745997 bbbb
0 2748199 bbbb
0 2750398 bbbb
0 2752583 bbbb
0 2755054 bbbb
0 2757283 bbbb
0 2759463 bbbb
0 2761650 bbbb
0 2764118 bbbb
0 2766341 bbbb
0 2768526 bbbb
0 2770691 bbbb
0 2773120 bbbb
0 2775316 bbbb
0 2777529 bbbb
0 2779700 bbbb
0 2782202 bbbb
0 2784418 bbbb
0 2786598 bbbb
0 2788783 bbbb
0 2791286 bbbb
0 2793494 bbbb
0 2795677 bbbb
0 2797873 bbbb
0 2800371 bbbb
0 2802599 bbbb
0 2804789 bbbb
0 2806963 bbbb
0 2809413 bbbb
0 2811631 bbbb
0 2813824 bbbb
0 2816038 bbbb
0 2818535 bbbb
0 2820756 bbbb
0 2822940 bbbb
0 2825129 bbbb
0 2827622 bbbb
0 2829825 bbbb
0 2832006 bbbb
0 2834218 bbbb
0 2836699 bbbb
0 2838898 bbbb
0 2841085 bbbb
0 2843249 bbbb
0 2845690 bbbb
0 2847916 bbbb
0 2850083 bbbb
0 2852275 bbbb
0 2854738 bbbb
0 2856926 bbbb
0 2859133 bbbb
0 2861309 bbbb
0 2863755 bbbb
0 2865931 bbbb
0 2868164 bbbb
0 2870355 bbbb
0 2872933 bbbb
0 2875142 bbbb
0 2877390 bbbb
0 2879572 bbbb
0 2882008 bbbb
0 2884161 bbbb
0 2886370 bbbb
0 2888527 bbbb
0 2890976 bbbb
0 2893134 bbbb
0 2895346 bbbb
0 2897490 bbbb
0 2899916 bbbb
0 2902070 bbbb
0 2904285 bbbb
0 2906442 bbbb
0 2908886 bbbb
0 2911036 bbbb
0 2913231 bbbb
0 2915399 bbbb
0 2917838 bbbb
0 2919996 bbbb
0 2922206 bbbb
0 2924347 bbbb
0 2926795 bbbb
0 2928952 bbbb
0 2931160 bbbb
0 2933305 bbbb
0 2935741 bbbb
0 2937900 bbbb
0 2940109 bbbb
0 2942284 bbbb
0 2944757 bbbb
0 2946890 bbbb
0 2949051 bbbb
0 2951264 bbbb
0 2953708 bbbb
0 2955932 bbbb
0 2958098 bbbb
0 2960227 bbbb
0 2962696 bbbb
0 2964785 bbbb
0 2966888 bbbb
0 2969084 bbbb
0 2971441 bbbb
0 2973593 bbbb
0 2975833 bbbb
0 2977976 bbbb
0 2980337 bbbb
0 2982583 bbbb
0 2984705 bbbb
0 2986824 bbbb
0 2989270 bbbb
0 2991402 bbbb
0 2993555 bbbb
0 2995841 bbbb
0 2998175 bbbb
0 3000310 bbbb
0 3002544 bbbb
0 3004682 bbbb
0 3007030 bbbb
0 3009280 bbbb
0 3011425 bbbb
0 3013553 bbbb
0 3016006 bbbb
0 3018116 bbbb
0 3020264 bbbb
0 3022533 bbbb
0 3024867 bbbb
0 3026980 bbbb
0 3029228 bbbb
0 3031346 bbbb
0 3033693 bbbb
0 3035962 bbbb
0 3038045 bbbb
0 3040163 bbbb
0 3042610 bbbb
0 3044731 bbbb
0 3046844 bbbb
0 3049045 bbbb
0 3051398 bbbb
0 3053572 bbbb
0 3055828 bbbb
0 3057912 bbbb
0 3060288 bbbb
0 3062558 bbbb
0 3064670 bbbb
0 3066806 bbbb
0 3069308 bbbb
0 3071405 bbbb
0 3073532 bbbb
0 3075771 bbbb
0 3078095 bbbb
0 3080207 bbbb
0 3082421 bbbb
0 3084541 bbbb
0 3086893 bbbb
0 3089114 bbbb
0 3091268 bbbb
0 3093392 bbbb
0 3095854 bbbb
0 3097953 bbbb
0 3100097 bbbb
0 3102311 bbbb
0 3104687 bbbb
0 3106835 bbbb
0 3109106 bbbb
0 3111211 bbbb
0 3113564 bbbb
0 3115817 bbbb
0 3117927 bbbb
0 3120057 bbbb
0 3122552 bbbb
0 3124666 bbbb
0 3126791 bbbb
0 3129068 bbbb
0 3131415 bbbb
0 3133522 bbbb
0 3135746 bbbb
0 3137857 bbbb
0 3140230 bbbb
0 3142481 bbbb
0 3144584 bbbb
0 3146713 bbbb
0 3149212 bbbb
0 3151314 bbbb
0 3153451 bbbb
0 3155746 bbbb
0 3158084 bbbb
0 3160211 bbbb
0 3162493 bbbb
0 3164608 bbbb
0 3166968 bbbb
0 3169261 bbbb
0 3171371 bbbb
0 3173506 bbbb
0 3175968 bbbb
0 3178112 bbbb
0 3180234 bbbb
0 3182443 bbbb
0 3184803 bbbb
0 3186914 bbbb
0 3189176 bbbb
0 3191287 bbbb
0 3193678 bbbb
0 3195947 bbbb
0 3198027 bbbb
0 3200169 bbbb
0 3202654 bbbb
0 3204745 bbbb
0 3206872 bbbb
0 3209138 bbbb
0 3211490 bbbb
0 3213607 bbbb
0 3215845 bbbb
0 3217926 bbbb
0 3220294 bbbb
0 3222535 bbbb
0 3224630 bbbb
0 3226793 bbbb
0 3229317 bbbb
0 3231418 bbbb
0 3233552 bbbb
0 3235806 bbbb
0 3238146 bbbb
0 3240272 bbbb
0 3242528 bbbb
0 3244643 bbbb
0 3246988 bbbb
0 3249209 bbbb
0 3251306 bbbb
0 3253448 bbbb
0 3255906 bbbb
0 3258035 bbbb
0 3260152 bbbb
0 3262351 bbbb
0 3264707 bbbb
0 3266846 bbbb
0 3269070 bbbb
0 3271197 bbbb
0 3273544 bbbb
0 3275759 bbbb
0 3277886 bbbb
0 3280025 bbbb
0 3282510 bbbb
0 3284641 bbbb
0 3286744 bbbb
0 3288982 bbbb
0 3291345 bbbb
0 3293515 bbbb
0 3295736 bbbb
0 3297873 bbbb
0 3300235 bbbb
0 3302436 bbbb
0 3304543 bbbb
0 3306665 bbbb
0 3309130 bbbb
0 3311271 bbbb
0 3313370 bbbb
0 3315620 bbbb
0 3317971 bbbb
0 3320072 bbbb
0 3322308 bbbb
0 3324425 bbbb
0 3326764 bbbb
0 3328999 bbbb
0 3331120 bbbb
0 3333234 bbbb
0 3335693 bbbb
0 3337804 bbbb
0 3339925 bbbb
0 3342137 bbbb
0 3344516 bbbb
0 3346643 bbbb
0 3348859 bbbb
0 3350955 bbbb
0 3353362 bbbb
0 3355627 bbbb
0 3357722 bbbb
0 3359846 bbbb
0 3362335 bbbb
0 3364448 bbbb
0 3366539 bbbb
0 3368740 bbbb
0 3371096 bbbb
0 3373255 bbbb
0 3375518 bbbb
0 3377621 bbbb
0 3379958 bbbb
0 3382196 bbbb
0 3384341 bbbb
0 3386460 bbbb
0 3388930 bbbb
0 3391076 bbbb
0 3393197 bbbb
0 3395447 bbbb
0 3397814 bbbb
0 3399930 bbbb
0 3402139 bbbb
0 3404270 bbbb
0 3406642 bbbb
0 3408880 bbbb
0 3410978 bbbb
0 3413087 bbbb
0 3415570 bbbb
0 3417658 bbbb
0 3419786 bbbb
0 3422054 bbbb
0 3424410 bbbb
0 3426523 bbbb
0 3428806 bbbb
0 3430899 bbbb
0 3433234 bbbb
0 3435500 bbbb
0 3437599 bbbb
0 3439726 bbbb
0 3442294 bbbb
0 3444397 bbbb
0 3446564 bbbb
0 3448791 bbbb
0 3451152 bbbb
0 3453328 bbbb
0 3455560 bbbb
0 3457652 bbbb
0 3460059 bbbb
0 3462311 bbbb
0 3464405 bbbb
0 3466576 bbbb
0 3469016 bbbb
0 3471148 bbbb
0 3473290 bbbb
0 3475468 bbbb
0 3477815 bbbb
0 3479987 bbbb
0 3482183 bbbb
0 3484298 bbbb
0 3486689 bbbb
0 3488852 bbbb
0 3490967 bbbb
0 3493164 bbbb
0 3495638 bbbb
0 3497746 bbbb
0 3499913 bbbb
0 3502127 bbbb
0 3504449 bbbb
0 3506609 bbbb
0 3508805 bbbb
0 3510920 bbbb
0 3513386 bbbb
0 3515601 bbbb
0 3517763 bbbb
0 3519940 bbbb
0 3522368 bbbb
0 3524492 bbbb
0 3526655 bbbb
0 3528821 bbbb
0 3531178 bbbb
0 3533362 bbbb
0 3535592 bbbb
0 3537695 bbbb
0 3540077 bbbb
0 3542275 bbbb
0 3544373 bbbb
0 3546559 bbbb
0 3548980 bbbb
0 3551092 bbbb
0 3553302 bbbb
0 3555527 bbbb
0 3557865 bbbb
0 3560081 bbbb
0 3562308 bbbb
0 3564408 bbbb
0 3566828 bbbb
0 3569024 bbbb
0 3571127 bbbb
0 3573270 bbbb
0 3575674 bbbb
0 3577750 bbbb
0 3579896 bbbb
0 3582108 bbbb
0 3584506 bbbb
0 3586707 bbbb
0 3588910 bbbb
0 3591037 bbbb
0 3593466 bbbb
0 3595689 bbbb
0 3597815 bbbb
0 3600011 bbbb
0 3602471 bbbb
0 3604601 bbbb
0 3606793 bbbb
0 3608995 bbbb
0 3611379 bbbb
0 3613583 bbbb
0 3615782 bbbb
0 3617917 bbbb
0 3620335 bbbb
0 3622565 bbbb
0 3624717 bbbb
0 3626918 bbbb
0 3629396 bbbb
0 3631545 bbbb
0 3633791 bbbb
0 3636007 bbbb
0 3638411 bbbb
0 3640619 bbbb
0 3642833 bbbb
0 3644976 bbbb
0 3647367 bbbb
0 3649561 bbbb
0 3651701 bbbb
0 3653890 bbbb
0 3656352 bbbb
0 3658496 bbbb
0 3660686 bbbb
0 3662894 bbbb
0 3665291 bbbb
0 3667484 bbbb
0 3669717 bbbb
0 3671845 bbbb
0 3674272 bbbb
0 3676496 bbbb
0 3678682 bbbb
0 3680894 bbbb
0 3683343 bbbb
0 3685491 bbbb
0 3687705 bbbb
0 3689953 bbbb
0 3692324 bbbb
0 3694520 bbbb
0 3696761 bbbb
0 3698900 bbbb
0 3701321 bbbb
0 3703539 bbbb
0 3705655 bbbb
0 3707832 bbbb
0 3710294 bbbb
0 3712444 bbbb
0 3714634 bbbb
0 3716883 bbbb
0 3719264 bbbb
0 3721468 bbbb
0 3723682 bbbb
0 3725820 bbbb
0 3728234 bbbb
0 3730447 bbbb
0 3732590 bbbb
0 3734802 bbbb
0 3737243 bbbb
0 3739421 bbbb
0 3741620 bbbb
0 3743801 bbbb
0 3746173 bbbb
0 3748358 bbbb
0 3750569 bbbb
0 3752717 bbbb
0 3755158 bbbb
0 3757365 bbbb
0 3759498 bbbb
0 3761696 bbbb
0 3764141 bbbb
0 3766259 bbbb
0 3768415 bbbb
0 3770641 bbbb
0 3773005 bbbb
0 3775188 bbbb
0 3777391 bbbb
0 3779535 bbbb
0 3781946 bbbb
0 3784176 bbbb
0 3786335 bbbb
0 3788522 bbbb
0 3791000 bbbb
0 3793149 bbbb
0 3795303 bbbb
0 3797530 bbbb
0 3799916 bbbb
0 3802113 bbbb
0 3804332 bbbb
0 3806452 bbbb
0 3808865 bbbb
0 3811070 bbbb
0 3813197 bbbb
0 3815399 bbbb
0 3817867 bbbb
0 3819998 bbbb
0 3822208 bbbb
0 3824390 bbbb
0 3826757 bbbb
0 3828962 bbbb
0 3831211 bbbb
0 3833373 bbbb
0 3835814 bbbb
0 3838010 bbbb
0 3840154 bbbb
0 3842336 bbbb
0 3844784 bbbb
0 3846928 bbbb
0 3849121 bbbb
0 3851350 bbbb
0 3853699 bbbb
0 3855890 bbbb
0 3858100 bbbb
0 3860287 bbbb
0 3862730 bbbb
0 3864904 bbbb
0 3867039 bbbb
0 3869255 bbbb
0 3871744 bbbb
0 3873881 bbbb
0 3876070 bbbb
0 3878264 bbbb
0 3880648 bbbb
0 3882838 bbbb
0 3885046 bbbb
0 3887157 bbbb
0 3889591 bbbb
0 3891794 bbbb
0 3893917 bbbb
0 3896104 bbbb
0 3898543 bbbb
0 3900665 bbbb
0 3902871 bbbb
0 3905091 bbbb
0 3907467 bbbb
0 3909659 bbbb
0 3911882 bbbb
0 3914021 bbbb
0 3916442 bbbb
0 3918673 bbbb
0 3920780 bbbb
0 3922972 bbbb
0 3925433 bbbb
0 3927594 bbbb
0 3929792 bbbb
0 3931995 bbbb
0 3934370 bbbb
0 3936575 bbbb
0 3938773 bbbb
0 3940904 bbbb
0 3943325 bbbb
0 3945550 bbbb
0 3947677 bbbb
0 3949868 bbbb
0 3952337 bbbb
0 3954523 bbbb
0 3956769 bbbb
0 3959020 bbbb
0 3961385 bbbb
0 3963576 bbbb
0 3965809 bbbb
0 3967931 bbbb
0 3970362 bbbb
0 3972591 bbbb
0 3974714 bbbb
0 3976888 bbbb
0 3979378 bbbb
0 3981521 bbbb
0 3983669 bbbb
0 3985895 bbbb
0 3988244 bbbb
0 3990434 bbbb
0 3992687 bbbb
0 3994858 bbbb
0 3997339 bbbb
0 3999557 bbbb
0 4001717 bbbb
0 4003904 bbbb
0 4006330 bbbb
0 4008486 bbbb
0 4010683 bbbb
0 4012889 bbbb
0 4015361 bbbb
0 4017529 bbbb
0 4019735 bbbb
0 4021897 bbbb
0 4024274 bbbb
0 4026479 bbbb
0 4028642 bbbb
0 4030797 bbbb
0 4033244 bbbb
0 4035397 bbbb
0 4037547 bbbb
0 4039787 bbbb
0 4042199 bbbb
0 4044350 bbbb
0 4046567 bbbb
0 4048751 bbbb
0 4051137 bbbb
0 4053355 bbbb
0 4055540 bbbb
0 4057711 bbbb
0 4060182 bbbb
0 4062341 bbbb
0 4064483 bbbb
0 4066684 bbbb
0 4069117 bbbb
0 4071295 bbbb
0 4073524 bbbb
0 4075707 bbbb
0 4078089 bbbb
0 4080292 bbbb
0 4082481 bbbb
0 4084658 bbbb
0 4087148 bbbb
0 4089313 bbbb
0 4091466 bbbb
0 4093684 bbbb
0 4096066 bbbb
0 4098220 bbbb
0 4100446 bbbb
0 4102607 bbbb
0 4105011 bbbb
0 4107212 bbbb
0 4109384 bbbb
0 4111544 bbbb
0 4114011 bbbb
0 4116233 bbbb
0 4118439 bbbb
0 4120657 bbbb
0 4123097 bbbb
0 4125269 bbbb
0 4127474 bbbb
0 4129680 bbbb
0 4132060 bbbb
0 4134293 bbbb
0 4136486 bbbb
0 4138639 bbbb
0 4141073 bbbb
0 4143235 bbbb
0 4145394 bbbb
0 4147605 bbbb
0 4150019 bbbb
0 4152154 bbbb
0 4154393 bbbb
0 4156543 bbbb
0 4158925 bbbb
0 4161131 bbbb
0 4163324 bbbb
0 4165510 bbbb
0 4167940 bbbb
0 4170116 bbbb
0 4172270 bbbb
0 4174517 bbbb
0 4176934 bbbb
0 4179130 bbbb
0 4181375 bbbb
0 4183537 bbbb
0 4185974 bbbb
0 4188229 bbbb
0 4190479 bbbb
0 4192658 bbbb
0 4195118 bbbb
0 4197332 bbbb
0 4199490 bbbb
0 4201705 bbbb
0 4204127 bbbb
0 4206289 bbbb
0 4208536 bbbb
0 4210724 bbbb
0 4213109 bbbb
0 4215332 bbbb
0 4217500 bbbb
0 4219655 bbbb
0 4222124 bbbb
0 4224302 bbbb
0 4226413 bbbb
0 4228630 bbbb
0 4231047 bbbb
0 4233216 bbbb
0 4235462 bbbb
0 4237635 bbbb
0 4240022 bbbb
0 4242230 bbbb
0 4244393 bbbb
0 4246564 bbbb
0 4249022 bbbb
0 4251188 bbbb
0 4253330 bbbb
0 4255547 bbbb
0 4257939 bbbb
0 4260094 bbbb
0 4262296 bbbb
0 4264460 bbbb
0 4266865 bbbb
0 4269059 bbbb
0 4271223 bbbb
0 4273373 bbbb
0 4275820 bbbb
0 4277986 bbbb
0 4280138 bbbb
0 4282364 bbbb
0 4284770 bbbb
0 4286942 bbbb
0 4289132 bbbb
0 4291308 bbbb
0 4293668 bbbb
0 4295887 bbbb
0 4298080 bbbb
0 4300254 bbbb
0 4302704 bbbb
0 4304890 bbbb
0 4307070 bbbb
0 4309304 bbbb
0 4311743 bbbb
0 4313879 bbbb
0 4316115 bbbb
0 4318348 bbbb
0 4320790 bbbb
0 4323017 bbbb
0 4325179 bbbb
0 4327336 bbbb
0 4329757 bbbb
0 4331932 bbbb
0 4334093 bbbb
0 4336329 bbbb
0 4338677 bbbb
0 4340873 bbbb
0 4343095 bbbb
0 4345267 bbbb
0 4347652 bbbb
0 4349867 bbbb
0 4352070 bbbb
0 4354226 bbbb
0 4356692 bbbb
0 4358836 bbbb
0 4361002 bbbb
0 4363220 bbbb
0 4365644 bbbb
0 4367799 bbbb
0 4370015 bbbb
0 4372222 bbbb
0 4374637 bbbb
0 4376849 bbbb
0 4379007 bbbb
0 4381156 bbbb
0 4383619 bbbb
0 4385793 bbbb
0 4387924 bbbb
0 4390163 bbbb
0 4392610 bbbb
0 4394757 bbbb
0 4396967 bbbb
0 4399137 bbbb
0 4401516 bbbb
0 4403728 bbbb
0 4405889 bbbb
0 4408036 bbbb
0 4410470 bbbb
0 4412631 bbbb
0 4414791 bbbb
0 4417007 bbbb
0 4419426 bbbb
0 4421575 bbbb
0 4423799 bbbb
0 4425956 bbbb
0 4428361 bbbb
0 4430549 bbbb
0 4432692 bbbb
0 4434847 bbbb
0 4437302 bbbb
0 4439486 bbbb
0 4441637 bbbb
0 4443853 bbbb
0 4446277 bbbb
0 4448476 bbbb
0 4450687 bbbb
0 4452852 bbbb
0 4455224 bbbb
0 4457444 bbbb
0 4459634 bbbb
0 4461806 bbbb
0 4464238 bbbb
0 4466372 bbbb
0 4468523 bbbb
0 4470734 bbbb
0 4473166 bbbb
0 4475351 bbbb
0 4477581 bbbb
0 4479746 bbbb
0 4482156 bbbb
0 4484368 bbbb
0 4486590 bbbb
0 4488740 bbbb
0 4491215 bbbb
0 4493379 bbbb
0 4495519 bbbb
0 4497735 bbbb
0 4500142 bbbb
0 4502311 bbbb
0 4504543 bbbb
0 4506721 bbbb
0 4509102 bbbb
0 4511313 bbbb
0 4513508 bbbb
0 4515646 bbbb
0 4518107 bbbb
0 4520296 bbbb
0 4522432 bbbb
0 4524682 bbbb
0 4527108 bbbb
0 4529255 bbbb
0 4531501 bbbb
0 4533725 bbbb
0 4536147 bbbb
0 4538378 bbbb
0 4540536 bbbb
0 4542715 bbbb
0 4545176 bbbb
0 4547345 bbbb
0 4549496 bbbb
0 4551743 bbbb
0 4554199 bbbb
0 4556359 bbbb
0 4558574 bbbb
0 4560758 bbbb
0 4563212 bbbb
0 4565456 bbbb
0 4567654 bbbb
0 4569838 bbbb
0 4572326 bbbb
0 4574512 bbbb
0 4576663 bbbb
0 4578885 bbbb
0 4581350 bbbb
0 4583494 bbbb
0 4585712 bbbb
0 4587914 bbbb
0 4590469 bbbb
0 4592701 bbbb
0 4594903 bbbb
0 4597142 bbbb
0 4599637 bbbb
0 4601773 bbbb
0 4604005 bbbb
0 4606195 bbbb
0 4608632 bbbb
0 4610825 bbbb
0 4613035 bbbb
0 4615230 bbbb
0 4617684 bbbb
0 4619846 bbbb
0 4621999 bbbb
0 4624213 bbbb
0 4626650 bbbb
0 4628819 bbbb
0 4631074 bbbb
0 4633276 bbbb
0 4635713 bbbb
0 4637920 bbbb
0 4640132 bbbb
0 4642310 bbbb
0 4644801 bbbb
0 4646969 bbbb
0 4649113 bbbb
0 4651345 bbbb
0 4653773 bbbb
0 4655957 bbbb
0 4658179 bbbb
0 4660352 bbbb
0 4662795 bbbb
0 4665010 bbbb
0 4667214 bbbb
0 4669372 bbbb
0 4671837 bbbb
0 4674000 bbbb
0 4676156 bbbb
0 4678355 bbbb
0 4680799 bbbb
0 4682955 bbbb
0 4685209 bbbb
0 4687398 bbbb
0 4689774 bbbb
0 4691975 bbbb
0 4694168 bbbb
0 4696354 bbbb
0 4698841 bbbb
0 4701031 bbbb
0 4703194 bbbb
0 4705392 bbbb
0 4707841 bbbb
0 4710008 bbbb
0 4712248 bbbb
0 4714411 bbbb
0 4716838 bbbb
0 4719071 bbbb
0 4721247 bbbb
0 4723410 bbbb
0 4725865 bbbb
0 4728032 bbbb
0 4730198 bbbb
0 4732414 bbbb
0 4734881 bbbb
0 4737077 bbbb
0 4739310 bbbb
0 4741479 bbbb
0 4743907 bbbb
0 4746121 bbbb
0 4748291 bbbb
0 4750453 bbbb
0 4752857 bbbb
0 4755031 bbbb
0 4757211 bbbb
0 4759403 bbbb
0 4761849 bbbb
0 4763997 bbbb
0 4766196 bbbb
0 4768398 bbbb
0 4770824 bbbb
0 4773038 bbbb
0 4775221 bbbb
0 4777373 bbbb
0 4779857 bbbb
0 4782076 bbbb
0 4784246 bbbb
0 4786479 bbbb
0 4788955 bbbb
0 4791121 bbbb
0 4793371 bbbb
0 4795559 bbbb
0 4797957 bbbb
0 4800163 bbbb
0 4802302 bbbb
0 4804473 bbbb
0 4806958 bbbb
0 4809150 bbbb
0 4811320 bbbb
0 4813532 bbbb
0 4815959 bbbb
0 4818116 bbbb
0 4820346 bbbb
0 4822523 bbbb
0 4824948 bbbb
0 4827143 bbbb
0 4829335 bbbb
0 4831481 bbbb
0 4833954 bbbb
0 4836122 bbbb
0 4838275 bbbb
0 4840446 bbbb
0 4842893 bbbb
0 4845043 bbbb
0 4847240 bbbb
0 4849471 bbbb
0 4851916 bbbb
0 4854143 bbbb
0 4856320 bbbb
0 4858491 bbbb
0 4860994 bbbb
0 4863203 bbbb
0 4865378 bbbb
0 4867580 bbbb
0 4870044 bbbb
0 4872217 bbbb
0 4874411 bbbb
0 4876595 bbbb
0 4878980 bbbb
0 4881213 bbbb
0 4883409 bbbb
0 4885569 bbbb
0 4888044 bbbb
0 4890188 bbbb
0 4892312 bbbb
0 4894541 bbbb
0 4896981 bbbb
0 4899121 bbbb
0 4901322 bbbb
0 4903495 bbbb
0 4905850 bbbb
0 4908060 bbbb
0 4910245 bbbb
0 4912383 bbbb
0 4914868 bbbb
0 4917069 bbbb
0 4919227 bbbb
0 4921454 bbbb
0 4923882 bbbb
0 4926035 bbbb
0 4928231 bbbb
0 4930418 bbbb
0 4932806 bbbb
0 4935025 bbbb
0 4937192 bbbb
0 4939338 bbbb
0 4941828 bbbb
0 4944044 bbbb
0 4946186 bbbb
0 4948382 bbbb
0 4950860 bbbb
0 4952992 bbbb
0 4955206 bbbb
0 4957370 bbbb
0 4959746 bbbb
0 4961974 bbbb
0 4964182 bbbb
0 4966321 bbbb
0 4968790 bbbb
0 4970969 bbbb
0 4973122 bbbb
0 4975364 bbbb
0 4977831 bbbb
0 4980018 bbbb
0 4982229 bbbb
0 4984405 bbbb
0 4986810 bbbb
0 4988970 bbbb
0 4991132 bbbb
0 4993291 bbbb
0 4995783 bbbb
0 4997971 bbbb
0 5000134 bbbb
0 5002352 bbbb
0 5004814 bbbb
0 5006979 bbbb
0 5009189 bbbb
0 5011355 bbbb
0 5013773 bbbb
0 5015980 bbbb
0 5018177 bbbb
0 5020318 bbbb
0 5022802 bbbb
0 5024980 bbbb
0 5027148 bbbb
0 5029367 bbbb
0 5031776 bbbb
0 5033938 bbbb
0 5036137 bbbb
0 5038346 bbbb
0 5040725 bbbb
0 5042925 bbbb
0 5045131 bbbb
0 5047294 bbbb
0 5049782 bbbb
0 5051991 bbbb
0 5054113 bbbb
0 5056325 bbbb
0 5058764 bbbb
0 5060941 bbbb
0 5063175 bbbb
0 5065365 bbbb
0 5067775 bbbb
0 5069990 bbbb
0 5072177 bbbb
0 5074339 bbbb
0 5076829 bbbb
0 5078996 bbbb
0 5081138 bbbb
0 5083357 bbbb
0 5085811 bbbb
0 5087948 bbbb
0 5090165 bbbb
0 5092339 bbbb
0 5094785 bbbb
0 5097037 bbbb
0 5099234 bbbb
0 5101397 bbbb
0 5103865 bbbb
0 5106047 bbbb
0 5108214 bbbb
0 5110470 bbbb
0 5112938 bbbb
0 5115078 bbbb
0 5117293 bbbb
0 5119477 bbbb
0 5121891 bbbb
0 5124101 bbbb
0 5126309 bbbb
0 5128442 bbbb
0 5130914 bbbb
0 5133125 bbbb
0 5135303 bbbb
0 5137556 bbbb
0 5140003 bbbb
0 5142173 bbbb
0 5144393 bbbb
0 5146543 bbbb
0 5148972 bbbb
0 5151197 bbbb
0 5153341 bbbb
0 5155513 bbbb
0 5157986 bbbb
0 5160179 bbbb
0 5162369 bbbb
0 5164594 bbbb
0 5167116 bbbb
0 5169339 bbbb
0 5171592 bbbb
0 5173829 bbbb
0 5176240 bbbb
0 5178449 bbbb
0 5180705 bbbb
0 5182957 bbbb
0 5185456 bbbb
0 5187677 bbbb
0 5189861 bbbb
0 5192060 bbbb
0 5194533 bbbb
0 5196746 bbbb
0 5198960 bbbb
0 5201165 bbbb
0 5203619 bbbb
0 5205836 bbbb
0 5208043 bbbb
0 5210239 bbbb
0 5212733 bbbb
0 5214943 bbbb
0 5217133 bbbb
0 5219343 bbbb
0 5221839 bbbb
0 5224087 bbbb
0 5226286 bbbb
0 5228521 bbbb
0 5230973 bbbb
0 5233190 bbbb
0 5235397 bbbb
0 5237590 bbbb
0 5240090 bbbb
0 5242302 bbbb
0 5244520 bbbb
0 5246737 bbbb
0 5249182 bbbb
0 5251392 bbbb
0 5253570 bbbb
0 5255804 bbbb
0 5258243 bbbb
0 5260453 bbbb
0 5262668 bbbb
0 5264882 bbbb
0 5267342 bbbb
0 5269583 bbbb
0 5271776 bbbb
0 5274014 bbbb
0 5276505 bbbb
0 5278723 bbbb
0 5280926 bbbb
0 5283146 bbbb
0 5285619 bbbb
0 5287835 bbbb
0 5290027 bbbb
0 5292237 bbbb
0 5294721 bbbb
0 5296933 bbbb
0 5299135 bbbb
0 5301337 bbbb
0 5303749 bbbb
0 5305953 bbbb
0 5308166 bbbb
0 5310362 bbbb
0 5312829 bbbb
0 5315069 bbbb
0 5317292 bbbb
0 5319482 bbbb
0 5321929 bbbb
0 5324142 bbbb
0 5326348 bbbb
0 5328560 bbbb
0 5331015 bbbb
0 5333225 bbbb
0 5335451 bbbb
0 5337665 bbbb
0 5340135 bbbb
0 5342364 bbbb
0 5344597 bbbb
0 5346838 bbbb
0 5349307 bbbb
0 5351535 bbbb
0 5353749 bbbb
0 5355929 bbbb
0 5358404 bbbb
0 5360642 bbbb
0 5362832 bbbb
0 5365069 bbbb
0 5367545 bbbb
0 5369754 bbbb
0 5371947 bbbb
0 5374174 bbbb
0 5376638 bbbb
0 5378858 bbbb
0 5381048 bbbb
0 5383269 bbbb
0 5385761 bbbb
0 5387988 bbbb
0 5390189 bbbb
0 5392372 bbbb
0 5394854 bbbb
0 5397068 bbbb
0 5399289 bbbb
0 5401519 bbbb
0 5403981 bbbb
0 5406192 bbbb
0 5408383 bbbb
0 5410618 bbbb
0 5413097 bbbb
0 5415286 bbbb
0 5417517 bbbb
0 5419683 bbbb
0 5422144 bbbb
0 5424341 bbbb
0 5426585 bbbb
0 5428809 bbbb
0 5431293 bbbb
0 5433481 bbbb
0 5435677 bbbb
0 5437876 bbbb
0 5440365 bbbb
0 5442566 bbbb
0 5444796 bbbb
0 5447041 bbbb
0 5449553 bbbb
0 5451744 bbbb
0 5453955 bbbb
0 5456176 bbbb
0 5458660 bbbb
0 5460866 bbbb
0 5463119 bbbb
0 5465343 bbbb
0 5467861 bbbb
0 5470052 bbbb
0 5472254 bbbb
0 5474500 bbbb
0 5477041 bbbb
0 5479315 bbbb
0 5481556 bbbb
0 5483811 bbbb
0 5486241 bbbb
0 5488464 bbbb
0 5490721 bbbb
0 5492934 bbbb
0 5495383 bbbb
0 5497571 bbbb
0 5499783 bbbb
0 5501975 bbbb
0 5504412 bbbb
0 5506636 bbbb
0 5508864 bbbb
0 5511074 bbbb
0 5513509 bbbb
0 5515721 bbbb
0 5517929 bbbb
0 5520135 bbbb
0 5522547 bbbb
0 5524732 bbbb
0 5526957 bbbb
0 5529155 bbbb
0 5531589 bbbb
0 5533784 bbbb
0 5535976 bbbb
0 5538213 bbbb
0 5540661 bbbb
0 5542840 bbbb
0 5545048 bbbb
0 5547260 bbbb
0 5549727 bbbb
0 5551931 bbbb
0 5554147 bbbb
0 5556382 bbbb
0 5558806 bbbb
0 5561020 bbbb
0 5563277 bbbb
0 5565499 bbbb
0 5568002 bbbb
0 5570195 bbbb
0 5572404 bbbb
0 5574638 bbbb
0 5577104 bbbb
0 5579307 bbbb
0 5581560 bbbb
0 5583780 bbbb
0 5586248 bbbb
0 5588458 bbbb
0 5590686 bbbb
0 5592895 bbbb
0 5595371 bbbb
0 5597584 bbbb
0 5599795 bbbb
0 5601982 bbbb
0 5604456 bbbb
0 5606678 bbbb
0 5608917 bbbb
0 5611115 bbbb
0 5613597 bbbb
0 5615815 bbbb
0 5618034 bbbb
0 5620215 bbbb
0 5622692 bbbb
0 5624894 bbbb
0 5627108 bbbb
0 5629310 bbbb
0 5631785 bbbb
0 5634002 bbbb
0 5636210 bbbb
0 5638436 bbbb
0 5640948 bbbb
0 5643147 bbbb
0 5645362 bbbb
0 5647579 bbbb
0 5650064 bbbb
0 5652278 bbbb
0 5654462 bbbb
0 5656669 bbbb
0 5659153 bbbb
0 5661344 bbbb
0 5663549 bbbb
0 5665774 bbbb
0 5668277 bbbb
0 5670520 bbbb
0 5672768 bbbb
0 5674994 bbbb
0 5677460 bbbb
0 5679651 bbbb
0 5681864 bbbb
0 5684074 bbbb
0 5686505 bbbb
0 5688727 bbbb
0 5690980 bbbb
0 5693183 bbbb
0 5695615 bbbb
0 5697785 bbbb
0 5699990 bbbb
0 5702204 bbbb
0 5704651 bbbb
0 5706826 bbbb
0 5709052 bbbb
0 5711268 bbbb
0 5713756 bbbb
0 5715963 bbbb
0 5718178 bbbb
0 5720389 bbbb
0 5722805 bbbb
0 5725009 bbbb
0 5727279 bbbb
0 5729517 bbbb
0 5732006 bbbb
0 5734226 bbbb
0 5736467 bbbb
0 5738673 bbbb
0 5741123 bbbb
0 5743328 bbbb
0 5745541 bbbb
0 5747746 bbbb
0 5750220 bbbb
0 5752546 bbbb
0 5754737 bbbb
0 5757019 bbbb
0 5759418 bbbb
0 5761684 bbbb
0 5763846 bbbb
0 5766091 bbbb
0 5768532 bbbb
0 5770786 bbbb
0 5772933 bbbb
0 5775191 bbbb
0 5777591 bbbb
0 5779846 bbbb
0 5782009 bbbb
0 5784277 bbbb
0 5786668 bbbb
0 5788934 bbbb
0 5791077 bbbb
0 5793340 bbbb
0 5795747 bbbb
0 5797980 bbbb
0 5800133 bbbb
0 5802363 bbbb
0 5804782 bbbb
0 5807048 bbbb
0 5809186 bbbb
0 5811482 bbbb
0 5813886 bbbb
0 5816185 bbbb
0 5818328 bbbb
0 5820623 bbbb
0 5823036 bbbb
0 5825336 bbbb
0 5827528 bbbb
0 5829812 bbbb
0 5832227 bbbb
0 5834488 bbbb
0 5836639 bbbb
0 5838922 bbbb
0 5841305 bbbb
0 5843567 bbbb
0 5845763 bbbb
0 5847995 bbbb
0 5850377 bbbb
0 5852648 bbbb
0 5854799 bbbb
0 5857061 bbbb
0 5859448 bbbb
0 5861717 bbbb
0 5863861 bbbb
0 5866093 bbbb
0 5868517 bbbb
0 5870759 bbbb
0 5872874 bbbb
0 5875127 bbbb
0 5877575 bbbb
0 5879828 bbbb
0 5881955 bbbb
0 5884204 bbbb
0 5886578 bbbb
0 5888865 bbbb
0 5891057 bbbb
0 5893328 bbbb
0 5895714 bbbb
0 5898016 bbbb
0 5900216 bbbb
0 5902533 bbbb
0 5904947 bbbb
0 5907205 bbbb
0 5909374 bbbb
0 5911659 bbbb
0 5914082 bbbb
0 5916375 bbbb
0 5918543 bbbb
0 5920805 bbbb
0 5923237 bbbb
0 5925500 bbbb
0 5927654 bbbb
0 5929940 bbbb
0 5932397 bbbb
0 5934665 bbbb
0 5936857 bbbb
0 5939129 bbbb
0 5941534 bbbb
0 5943800 bbbb
0 5945967 bbbb
0 5948221 bbbb
0 5950622 bbbb
0 5952890 bbbb
0 5955058 bbbb
0 5957302 bbbb
0 5959682 bbbb
0 5961952 bbbb
0 5964100 bbbb
0 5966361 bbbb
0 5968802 bbbb
0 5971032 bbbb
0 5973178 bbbb
0 5975427 bbbb
0 5977816 bbbb
0 5980091 bbbb
0 5982240 bbbb
0 5984495 bbbb
0 5986886 bbbb
0 5989169 bbbb
0 5991320 bbbb
0 5993575 bbbb
0 5995955 bbbb
0 5998202 bbbb
0 6000361 bbbb
0 6002618 bbbb
0 6005027 bbbb
0 6007284 bbbb
0 6009437 bbbb
0 6011708 bbbb
0 6014109 bbbb
0 6016373 bbbb
0 6018488 bbbb
0 6020755 bbbb
0 6023189 bbbb
0 6025457 bbbb
0 6027607 bbbb
0 6029876 bbbb
0 6032257 bbbb
0 6034503 bbbb
0 6036665 bbbb
0 6038936 bbbb
0 6041363 bbbb
0 6043637 bbbb
0 6045793 bbbb
0 6048037 bbbb
0 6050467 bbbb
0 6052768 bbbb
0 6054935 bbbb
0 6057232 bbbb
0 6059711 bbbb
0 6062015 bbbb
0 6064211 bbbb
0 6066498 bbbb
0 6068943 bbbb
0 6071207 bbbb
0 6073346 bbbb
0 6075605 bbbb
0 6078026 bbbb
0 6080263 bbbb
0 6082441 bbbb
0 6084715 bbbb
0 6087126 bbbb
0 6089384 bbbb
0 6091532 bbbb
0 6093784 bbbb
0 6096172 bbbb
0 6098438 bbbb
0 6100608 bbbb
0 6102868 bbbb
0 6105248 bbbb
0 6107501 bbbb
0 6109649 bbbb
0 6111916 bbbb
0 6114301 bbbb
0 6116599 bbbb
0 6118787 bbbb
0 6121083 bbbb
0 6123425 bbbb
0 6125689 bbbb
0 6127844 bbbb
0 6130089 bbbb
0 6132467 bbbb
0 6134759 bbbb
0 6136909 bbbb
0 6139163 bbbb
0 6141540 bbbb
0 6143807 bbbb
0 6145983 bbbb
0 6148238 bbbb
0 6150665 bbbb
0 6152923 bbbb
0 6155076 bbbb
0 6157359 bbbb
0 6159772 bbbb
0 6162053 bbbb
0 6164222 bbbb
0 6166490 bbbb
0 6168901 bbbb
0 6171167 bbbb
0 6173300 bbbb
0 6175575 bbbb
0 6177991 bbbb
0 6180267 bbbb
0 6182460 bbbb
0 6184732 bbbb
0 6187129 bbbb
0 6189389 bbbb
0 6191590 bbbb
0 6193840 bbbb
0 6196231 bbbb
0 6198515 bbbb
0 6200670 bbbb
0 6202922 bbbb
0 6205336 bbbb
0 6207584 bbbb
0 6209747 bbbb
0 6212047 bbbb
0 6214454 bbbb
0 6216751 bbbb
0 6218900 bbbb
0 6221150 bbbb
0 6223535 bbbb
0 6225814 bbbb
0 6227967 bbbb
0 6230237 bbbb
0 6232670 bbbb
0 6234958 bbbb
0 6237111 bbbb
0 6239399 bbbb
0 6241824 bbbb
0 6244094 bbbb
0 6246245 bbbb
0 6248486 bbbb
0 6250915 bbbb
0 6253176 bbbb
0 6255317 bbbb
0 6257567 bbbb
0 6259955 bbbb
0 6262229 bbbb
0 6264396 bbbb
0 6266675 bbbb
0 6269058 bbbb
0 6271346 bbbb
0 6273491 bbbb
0 6275783 bbbb
0 6278169 bbbb
0 6280442 bbbb
0 6282652 bbbb
0 6284924 bbbb
0 6287339 bbbb
0 6289615 bbbb
0 6291736 bbbb
0 6294013 bbbb
0 6296367 bbbb
0 6298624 bbbb
0 6300812 bbbb
0 6303053 bbbb
0 6305452 bbbb
0 6307732 bbbb
0 6309889 bbbb
0 6312125 bbbb
0 6314553 bbbb
0 6316802 bbbb
0 6318930 bbbb
0 6321216 bbbb
0 6323600 bbbb
0 6325837 bbbb
0 6327991 bbbb
0 6330245 bbbb
0 6332726 bbbb
0 6335002 bbbb
0 6337126 bbbb
0 6339280 bbbb
0 6341834 bbbb
0 6343961 bbbb
0 6346103 bbbb
0 6348366 bbbb
0 6350789 bbbb
0 6352990 bbbb
0 6355255 bbbb
0 6357359 bbbb
0 6359772 bbbb
0 6362021 bbbb
0 6364163 bbbb
0 6366342 bbbb
0 6368841 bbbb
0 6371003 bbbb
0 6373171 bbbb
0 6375432 bbbb
0 6377840 bbbb
0 6380038 bbbb
0 6382315 bbbb
0 6384463 bbbb
0 6386881 bbbb
0 6389121 bbbb
0 6391283 bbbb
0 6393419 bbbb
0 6395900 bbbb
0 6398049 bbbb
0 6400218 bbbb
0 6402491 bbbb
0 6404932 bbbb
0 6407081 bbbb
0 6409344 bbbb
0 6411477 bbbb
0 6413909 bbbb
0 6416159 bbbb
0 6418273 bbbb
0 6420410 bbbb
0 6422930 bbbb
0 6425114 bbbb
0 6427279 bbbb
0 6429540 bbbb
0 6431939 bbbb
0 6434127 bbbb
0 6436384 bbbb
0 6438486 bbbb
0 6440935 bbbb
0 6443179 bbbb
0 6445310 bbbb
0 6447464 bbbb
0 6450021 bbbb
0 6452210 bbbb
0 6454406 bbbb
0 6456710 bbbb
0 6459182 bbbb
0 6461319 bbbb
0 6463610 bbbb
0 6465776 bbbb
0 6468140 bbbb
0 6470427 bbbb
0 6472627 bbbb
0 6474799 bbbb
0 6477284 bbbb
0 6479445 bbbb
0 6481596 bbbb
0 6483866 bbbb
0 6486227 bbbb
0 6488348 bbbb
0 6490613 bbbb
0 6492767 bbbb
0 6495245 bbbb
0 6497524 bbbb
0 6499637 bbbb
0 6501771 bbbb
0 6504283 bbbb
0 6506407 bbbb
0 6508568 bbbb
0 6510841 bbbb
0 6513281 bbbb
0 6515454 bbbb
0 6517703 bbbb
0 6519825 bbbb
0 6522244 bbbb
0 6524498 bbbb
0 6526669 bbbb
0 6528835 bbbb
0 6531376 bbbb
0 6533562 bbbb
0 6535754 bbbb
0 6538053 bbbb
0 6540433 bbbb
0 6542582 bbbb
0 6544837 bbbb
0 6546981 bbbb
0 6549404 bbbb
0 6551687 bbbb
0 6553838 bbbb
0 6556001 bbbb
0 6558524 bbbb
0 6560675 bbbb
0 6562839 bbbb
0 6565085 bbbb
0 6567491 bbbb
0 6569670 bbbb
0 6571945 bbbb
0 6574075 bbbb
0 6576488 bbbb
0 6578755 bbbb
0 6580894 bbbb
0 6583054 bbbb
0 6585616 bbbb
0 6587759 bbbb
0 6589911 bbbb
0 6592127 bbbb
0 6594496 bbbb
0 6596660 bbbb
0 6598888 bbbb
0 6601010 bbbb
0 6603433 bbbb
0 6605678 bbbb
0 6607837 bbbb
0 6610007 bbbb
0 6612517 bbbb
0 6614670 bbbb
0 6616845 bbbb
0 6619143 bbbb
0 6621608 bbbb
0 6623780 bbbb
0 6626018 bbbb
0 6628134 bbbb
0 6630545 bbbb
0 6632840 bbbb
0 6635000 bbbb
0 6637169 bbbb
0 6639725 bbbb
0 6641890 bbbb
0 6644086 bbbb
0 6646385 bbbb
0 6648806 bbbb
0 6650951 bbbb
0 6653215 bbbb
0 6655358 bbbb
0 6657826 bbbb
0 6660113 bbbb
0 6662259 bbbb
0 6664405 bbbb
0 6666921 bbbb
0 6669055 bbbb
0 6671205 bbbb
0 6673486 bbbb
0 6675899 bbbb
0 6678065 bbbb
0 6680267 bbbb
0 6682460 bbbb
0 6684824 bbbb
0 6686951 bbbb
0 6689225 bbbb
0 6691358 bbbb
0 6693753 bbbb
0 6695996 bbbb
0 6698144 bbbb
0 6700268 bbbb
0 6702741 bbbb
0 6704888 bbbb
0 6707055 bbbb
0 6709310 bbbb
0 6711680 bbbb
0 6713824 bbbb
0 6716110 bbbb
0 6718252 bbbb
0 6720656 bbbb
0 6722957 bbbb
0 6725089 bbbb
0 6727238 bbbb
0 6729796 bbbb
0 6731940 bbbb
0 6734088 bbbb
0 6736367 bbbb
0 6738762 bbbb
0 6740920 bbbb
0 6743198 bbbb
0 6745391 bbbb
0 6747858 bbbb
0 6750133 bbbb
0 6752289 bbbb
# Core 1 LOG DUMP ==================================================
# DCB 1 ffffff0004257c00 pixels
# DCB 1 ffffff0001b29200 monitor
1 3211 ffffcccc01b29200
1 22508504 aaaa
1 22508804 eb000021b000931b
1 22509290 b000000500009b10
1 22509478 ea000021b080931a
1 22510187 bbbb
1 22517170 aaaa
1 22517533 eb000021b000931c
1 22517702 b000000500009b10
1 22517888 ea000021b080931b
1 22518587 bbbb
1 22525941 b000bbbb00000014
# Core 2 LOG DUMP ==================================================
# DCB 2 ffffff0004257e00 pixels
# DCB 2 ffffff0001b29400 monitor
2 3302 ffffcccc01b29400
2 22509010 aaaa
2 22509280 eb000023e800931a
2 22509774 b000000500009b10
2 22509961 ea000023e880931a
2 22510659 bbbb
2 22517654 aaaa
2 22518040 eb000023e800931b
2 22518209 b000000500009b10
2 22518398 ea000023e880931b
2 22519094 bbbb
2 22526266 b000bbbb00000014
# Core 3 LOG DUMP ==================================================
# DCB 3 ffffff0006a76000 pixels
# DCB 3 ffffff0001b29600 monitor
3 2241 ffffcccc01b29600
3 22509514 aaaa
3 22509822 eb0000250400931a
3 22510258 b000000500009b10
3 22510449 ea0000250480931a
3 22511145 bbbb
3 22518125 aaaa
3 22518562 eb0000250400931b
3 22518731 b000000500009b10
3 22518919 ea0000250480931b
3 22519606 bbbb
3 22526355 b000bbbb00000014
# Core 4 LOG DUMP ==================================================
# DCB 4 ffffff0006a76200 pixels
# DCB 4 ffffff0001b29800 monitor
4 3797 ffffcccc01b29800
4 22508108 aaaa
4 22508527 eb0000253000931d
4 22509035 b000000500009b10
4 22509466 ea00002dc8009305
4 22510062 ea00002dfa009304
4 22510485 ea000030b0009304
4 22511417 bbbb
4 22512373 aaaa
4 22512540 eb00002dc8809304
4 22512680 b000000600000050
4 22513662 eb000030b0809304
4 22513809 b000000600000050
4 22514078 eb00002dfa809304
4 22514218 b000000600000050
4 22514777 ea0000253080931d
4 22515446 bbbb
4 22516797 aaaa
4 22516963 eb0000253000931e
4 22517417 b000000500009b10
4 22517724 ea00002dc8009306
4 22518151 ea00002dfa009305
4 22518569 ea000030b0009305
4 22519240 bbbb
4 22520691 aaaa
4 22520842 eb00002dc8809305
4 22520981 b000000600001070
4 22521935 eb000030b0809305
4 22522084 b000000600001070
4 22522345 eb00002dfa809305
4 22522484 b000000600001070
4 22523023 ea0000253080931e
4 22523771 bbbb
4 22529200 b000bbbb00000014
# Core 5 LOG DUMP ==================================================
# DCB 5 ffffff0006a76400 pixels
# DCB 5 ffffff0001b29a00 monitor
5 2333 ffffcccc01b29a00
5 22510321 aaaa
5 22510703 eb00002dc8009305
5 22511144 b000000500000050
5 22511323 ea00002dc8809304
5 22511998 bbbb
5 22517357 b000bbbb00000014
5 22518849 aaaa
5 22519049 eb00002dc8009306
5 22519227 b000000500001070
5 22519405 ea00002dc8809305
5 22520311 bbbb
5 22525610 b000bbbb00000014
# Core 6 LOG DUMP ==================================================
# DCB 6 ffffff0006a76600 pixels
# DCB 6 ffffff0001b29c00 monitor
6 2856 ffffcccc01b29c00
6 22511037 aaaa
6 22511447 eb00002dfa009304
6 22511896 b000000500000050
6 22512071 ea00002dfa809304
6 22512693 bbbb
6 22517291 b000bbbb00000014
6 22519305 aaaa
6 22519494 eb00002dfa009305
6 22519664 b000000500001070
6 22519839 ea00002dfa809305
6 22520712 bbbb
6 22525290 b000bbbb00000014
# Core 7 LOG DUMP ==================================================
# DCB 7 ffffff0006a76800 pixels
# DCB 7 ffffff0001b29e00 monitor
7 3733 ffffcccc01b29e00
7 22511649 aaaa
7 22512023 eb000030b0009304
7 22512467 b000000500000050
7 22512643 ea000030b0809304
7 22513221 bbbb
7 22517343 b000bbbb00000014
7 22519424 aaaa
7 22519607 eb000030b0009305
7 22519775 b000000500001070
7 22519951 ea000030b0809305
7 22520762 bbbb
7 22524853 b000bbbb00000014
# Core 8 LOG DUMP ==================================================
# DCB 8 ffffff0006a76a00 pixels
# DCB 8 ffffff0003081000 monitor
8 4763 ffffcccc03081000
# Core 9 LOG DUMP ==================================================
# DCB 9 ffffff0006a76c00 pixels
# DCB 9 ffffff0003081200 monitor
9 2830 ffffcccc03081200
# Core 10 LOG DUMP ==================================================
# DCB 10 ffffff0006a76e00 pixels
# DCB 10 ffffff0003081400 monitor
10 4284 ffffcccc03081400
# Core 11 LOG DUMP ==================================================
# DCB 11 ffffff00071dc000 pixels
# DCB 11 ffffff0004257600 e1000n
# DCB 11 ffffff0003081600 monitor
11 5879 ffffcccc04257600
11 6074 ffffcccc03081600
11 9070 ffffcccc04257600
11 22228902 ffffcccc03081600
11 22231622 ffffcccc04257600
11 44729335 ffffcccc03081600
11 44732212 ffffcccc04257600
11 67229004 ffffcccc03081600
11 67231522 ffffcccc04257600
# Core 12 LOG DUMP ==================================================
# DCB 12 ffffff00071dc200 pixels
# DCB 12 ffffff0003081800 monitor
12 6014 ffffcccc03081800
# Core 13 LOG DUMP ==================================================
# DCB 13 ffffff00071dc400 pixels
# DCB 13 ffffff0003081a00 monitor
13 4219 ffffcccc03081a00
# Core 14 LOG DUMP ==================================================
# DCB 14 ffffff00071dc600 pixels
# DCB 14 ffffff0003081c00 monitor
14 4833 ffffcccc03081c00
# Core 15 LOG DUMP ==================================================
# DCB 15 ffffff00071dc800 pixels
# DCB 15 ffffff0004257800 bfscope
# DCB 15 ffffff0003081e00 monitor
15 4791 ffffcccc04257800
15 4980 ffffcccc03081e00
15 8084 ffffcccc04257800
15 17529217 ffffcccc03081e00
15 17531967 ffffcccc04257800
15 40029672 ffffcccc03081e00
15 40032331 ffffcccc04257800
15 62529462 ffffcccc03081e00
15 62532011 ffffcccc04257800
