# Core 0 LOG DUMP ==================================================
0 0 1234000000000001
# DCB 0 ffffff0003948a00 fish
# DCB 0 ffffff0003948400 serial
# DCB 0 ffffff0003948200 pci
# DCB 0 ffffff0003948000 skb
# DCB 0 ffffff00019a0000 chips
# DCB 0 ffffff0001e06000 mem_serv
# DCB 0 ffffff0001e06200 monitor
0 7226 ffffcccc03948a00
0 7667 ffffcccc01e06200
0 12497 ffffcccc03948a00
0 15113 ffffcccc01e06200
0 20735 aaaa
0 22054 b000000300000000
0 23386 ea000021620000e5
0 23905 ea0000202a0000e3
0 24407 ea000020980000e2
0 24956 ea000021000000e2
0 26702 bbbb
0 28324 aaaa
0 28855 eb0000202a8000e2
0 30032 b000000600004050
0 30928 eb000020988000e2
0 31670 b000000600004050
0 33840 eb000021008000e2
0 35049 b000000600004050
0 36507 bbbb
0 39438 aaaa
0 39941 eb000021628000e5
0 40391 b000000600004050
0 40754 ea000021620000e6
0 41149 ea0000202a0000e4
0 41571 ea000020980000e3
0 42002 ea000021000000e3
0 43968 bbbb
0 45234 aaaa
0 45836 eb0000202a8000e3
0 47042 b000000600004050
0 48695 eb000020988000e3
0 49535 b000000600004050
0 51254 eb000021008000e3
0 52253 b000000600004050
0 54403 eb000021628000e6
0 55064 b000000600004050
0 57742 bbbb
0 75962 b000bbbb00000014
0 77891 ffffcccc03948a00
0 81335 ffffcccc03948400
0 83262 aaaa
0 162211 bbbb
0 162818 ffffcccc01e06200
0 167549 ffffcccc03948a00
0 170482 ffffcccc03948400
0 172552 aaaa
0 333989 bbbb
0 334562 ffffcccc01e06200
0 339357 ffffcccc03948a00
0 343092 1234000000000000
# Core 1 LOG DUMP ==================================================
# DCB 1 ffffff00019a0200 monitor
1 2100 ffffcccc019a0200
1 24991 aaaa
1 25801 eb0000202a0000e3
1 26183 b000000500004050
1 26891 ea0000202a8000e2
1 28217 bbbb
1 35432 b000bbbb00000014
1 42458 aaaa
1 42967 eb0000202a0000e4
1 43130 b000000500004050
1 43437 ea0000202a8000e3
1 44464 bbbb
1 52203 b000bbbb00000014
# Core 2 LOG DUMP ==================================================
# DCB 2 ffffff00019a0400 monitor
2 4413 ffffcccc019a0400
2 25590 aaaa
2 26199 eb000020980000e2
2 26580 b000000500004050
2 27603 ea000020988000e2
2 28616 bbbb
2 35832 b000bbbb00000014
2 42851 aaaa
2 43462 eb000020980000e3
2 43625 b000000500004050
2 43984 ea000020988000e3
2 45047 bbbb
2 52504 b000bbbb00000014
# Core 3 LOG DUMP ==================================================
# DCB 3 ffffff00019a0600 monitor
3 3871 ffffcccc019a0600
3 26467 aaaa
3 27113 eb000021000000e2
3 28240 b000000500004050
3 29340 ea000021008000e2
3 30405 bbbb
3 37605 b000bbbb00000014
3 43628 aaaa
3 44170 eb000021000000e3
3 44941 b000000500004050
3 45255 ea000021008000e3
3 46199 bbbb
3 53515 b000bbbb00000014
# Core 4 LOG DUMP ==================================================
# DCB 4 ffffff00019a0800 monitor
4 2741 ffffcccc019a0800
4 24896 aaaa
4 25616 eb000021620000e5
4 25999 b000000500004050
4 27032 ea000027c40000d3
4 28226 ea000027f60000d2
4 28775 ea00002d6a0000d2
4 30171 bbbb
4 33419 aaaa
4 33812 eb000027f68000d2
4 34108 b000000600002010
4 35157 eb000027c48000d2
4 35788 b000000600002010
4 36750 eb00002d6a8000d2
4 37134 b000000600002010
4 37595 ea000021628000e5
4 38597 bbbb
4 41927 aaaa
4 42310 eb000021620000e6
4 42730 b000000500004050
4 43547 ea000027c40000d4
4 44091 ea000027f60000d3
4 45158 ea00002d6a0000d3
4 46141 bbbb
4 48395 aaaa
4 49197 eb000027c48000d3
4 49619 b000000600002010
4 50997 eb00002d6a8000d3
4 51473 b000000600002010
4 52126 eb000027f68000d3
4 52506 b000000600002010
4 52839 ea000021628000e6
4 54166 bbbb
4 59440 b000bbbb00000014
# Core 5 LOG DUMP ==================================================
# DCB 5 ffffff00019a0a00 monitor
5 2890 ffffcccc019a0a00
5 29344 aaaa
5 30207 eb000027c40000d3
5 31240 b000000500002010
5 32408 ea000027c48000d2
5 33681 bbbb
5 39020 b000bbbb00000014
5 44854 aaaa
5 45486 eb000027c40000d4
5 45853 b000000500002010
5 46163 ea000027c48000d3
5 48196 bbbb
5 54053 b000bbbb00000014
# Core 6 LOG DUMP ==================================================
# DCB 6 ffffff00019a0c00 monitor
6 3434 ffffcccc019a0c00
6 29881 aaaa
6 30756 eb000027f60000d2
6 31170 b000000500002010
6 32191 ea000027f68000d2
6 33155 bbbb
6 37991 b000bbbb00000014
6 45818 aaaa
6 46477 eb000027f60000d3
6 46640 b000000500002010
6 48056 ea000027f68000d3
6 48998 bbbb
6 54121 b000bbbb00000014
# Core 7 LOG DUMP ==================================================
# DCB 7 ffffff00019a0e00 monitor
7 2648 ffffcccc019a0e00
7 30774 aaaa
7 31899 eb00002d6a0000d2
7 32346 b000000500002010
7 33129 ea00002d6a8000d2
7 34015 bbbb
7 38161 b000bbbb00000014
7 46409 aaaa
7 47641 eb00002d6a0000d3
7 47837 b000000500002010
7 48143 ea00002d6a8000d3
7 49127 bbbb
7 53829 b000bbbb00000014
# Core 8 LOG DUMP ==================================================
# DCB 8 ffffff00019a1000 monitor
8 3721 ffffcccc019a1000
# Core 9 LOG DUMP ==================================================
# DCB 9 ffffff0003948600 e1000n
# DCB 9 ffffff00019a1200 monitor
9 5762 ffffcccc03948600
9 5951 ffffcccc019a1200
9 8891 ffffcccc03948600
# Core 10 LOG DUMP ==================================================
# DCB 10 ffffff00019a1400 monitor
10 4952 ffffcccc019a1400
# Core 11 LOG DUMP ==================================================
# DCB 11 ffffff00019a1600 monitor
11 2190 ffffcccc019a1600
# Core 12 LOG DUMP ==================================================
# DCB 12 ffffff00019a1800 monitor
12 5011 ffffcccc019a1800
# Core 13 LOG DUMP ==================================================
# DCB 13 ffffff00019a1a00 monitor
13 3621 ffffcccc019a1a00
# Core 14 LOG DUMP ==================================================
# DCB 14 ffffff00019a1c00 monitor
14 4453 ffffcccc019a1c00
# Core 15 LOG DUMP ==================================================
# DCB 15 ffffff0003948800 bfscope
# DCB 15 ffffff00019a1e00 monitor
15 4913 ffffcccc03948800
15 5976 ffffcccc019a1e00
15 8913 ffffcccc03948800
15 11970 ffffcccc019a1e00
15 14887 ffffcccc03948800
